{
  message: ready,
  type: ENB,
  name: ENB,
  version: 2023-06-10,
  time: 2513.708,
  utc: 1744195894.059
}
{
  message: ue_get,
  ue_list: [
    {
      ran_ue_id: 4,
      amf_ue_id: 103,
      qos_flow_list: [
        {
          pdu_session_id: 1,
          dl_total_bytes: 16076,
          ul_total_bytes: 9049,
          sst: 1
        },
        {
          pdu_session_id: 2,
          dl_total_bytes: 8629131,
          ul_total_bytes: 50841854373,
          sst: 1
        }
      ],
      rnti: 17924,
      cells: [
        {
          cell_id: 1,
          dl_bitrate: 136223,
          ul_bitrate: 183106751,
          dl_tx: 91,
          ul_tx: 1543,
          dl_err: 0,
          ul_err: 0,
          dl_retx: 3,
          ul_retx: 16,
          pusch_snr: 20.9,
          epre: -99.7,
          ul_phr: 14,
          ul_path_loss: 67.5,
          p_ue: 5,
          dl_mcs: 23,
          ul_mcs: 19.7,
          ul_n_layer: 1,
          turbo_decoder_min: 1,
          turbo_decoder_avg: 2.905,
          turbo_decoder_max: 5,
          cqi: 15,
          ri: 2,
          ul_rank: 1,
          initial_ta: 0
        }
      ]
    }
  ],
  time: 2513.71,
  utc: 1744195894.07
}

