{
  message: ready,
  type: ENB,
  name: ENB,
  version: 2023-06-10,
  time: 2736.971,
  utc: 1744086028.644
}
{
  message: ue_get,
  ue_list: [
    {
      ran_ue_id: 5,
      amf_ue_id: 104,
      qos_flow_list: [
        {
          pdu_session_id: 1,
          dl_total_bytes: 9833,
          ul_total_bytes: 7857,
          sst: 1
        },
        {
          pdu_session_id: 2,
          dl_total_bytes: 9717641,
          ul_total_bytes: 34899179360,
          sst: 1
        }
      ],
      rnti: 17925,
      cells: [
        {
          cell_id: 1,
          dl_bitrate: 150592,
          ul_bitrate: 71989208,
          dl_tx: 50,
          ul_tx: 587,
          dl_err: 0,
          ul_err: 0,
          dl_retx: 0,
          ul_retx: 0,
          pusch_snr: 23,
          epre: -97,
          ul_phr: 26,
          ul_path_loss: 78.4,
          p_ue: -4,
          dl_mcs: 25.8,
          ul_mcs: 19.7,
          ul_n_layer: 1,
          turbo_decoder_min: 1,
          turbo_decoder_avg: 2.828,
          turbo_decoder_max: 5,
          cqi: 15,
          ri: 2,
          ul_rank: 1,
          initial_ta: 0
        }
      ]
    }
  ],
  time: 2736.973,
  utc: 1744086028.655
}

