{
  message: ready,
  type: ENB,
  name: ENB,
  version: 2023-06-10,
  time: 1486.296,
  utc: 1744096384.478
}
{
  message: ue_get,
  ue_list: [
    {
      ran_ue_id: 3,
      amf_ue_id: 102,
      qos_flow_list: [
        {
          pdu_session_id: 1,
          dl_total_bytes: 15101,
          ul_total_bytes: 8802,
          sst: 1
        },
        {
          pdu_session_id: 2,
          dl_total_bytes: 3324125,
          ul_total_bytes: 19303502576,
          sst: 1
        }
      ],
      rnti: 17923,
      cells: [
        {
          cell_id: 1,
          dl_bitrate: 101248,
          ul_bitrate: 113099850,
          dl_tx: 67,
          ul_tx: 896,
          dl_err: 0,
          ul_err: 0,
          dl_retx: 0,
          ul_retx: 13,
          pusch_snr: 24.5,
          epre: -96.3,
          ul_phr: 20,
          ul_path_loss: 77.2,
          p_ue: -1,
          dl_mcs: 23,
          ul_mcs: 20.9,
          ul_n_layer: 1,
          turbo_decoder_min: 1,
          turbo_decoder_avg: 2.116,
          turbo_decoder_max: 5,
          cqi: 15,
          ri: 2,
          ul_rank: 1,
          initial_ta: 1
        }
      ]
    }
  ],
  time: 1486.298,
  utc: 1744096384.489
}

