{
  message: ready,
  type: ENB,
  name: ENB,
  version: 2023-06-10,
  time: 1909.559,
  utc: 1744206848.009
}
{
  message: ue_get,
  ue_list: [
    {
      ran_ue_id: 3,
      amf_ue_id: 102,
      qos_flow_list: [
        {
          pdu_session_id: 1,
          dl_total_bytes: 13086,
          ul_total_bytes: 8641,
          sst: 1
        },
        {
          pdu_session_id: 2,
          dl_total_bytes: 4822184,
          ul_total_bytes: 39317648499,
          sst: 1
        }
      ],
      rnti: 17923,
      cells: [
        {
          cell_id: 1,
          dl_bitrate: 112259,
          ul_bitrate: 135269325,
          dl_tx: 63,
          ul_tx: 833,
          dl_err: 0,
          ul_err: 0,
          dl_retx: 16,
          ul_retx: 9,
          pusch_snr: 30.1,
          epre: -88.3,
          ul_phr: 26,
          ul_path_loss: 67.2,
          p_ue: -7,
          dl_mcs: 23,
          ul_mcs: 26.4,
          ul_n_layer: 1,
          turbo_decoder_min: 1,
          turbo_decoder_avg: 2.261,
          turbo_decoder_max: 5,
          cqi: 15,
          ri: 2,
          ul_rank: 1,
          initial_ta: 1
        }
      ]
    }
  ],
  time: 1909.561,
  utc: 1744206848.02
}

