{
  message: ready,
  type: ENB,
  name: ENB,
  version: 2023-06-10,
  time: 1903.157,
  utc: 1744206841.608
}
{
  message: ue_get,
  ue_list: [
    {
      ran_ue_id: 3,
      amf_ue_id: 102,
      qos_flow_list: [
        {
          pdu_session_id: 1,
          dl_total_bytes: 13086,
          ul_total_bytes: 8641,
          sst: 1
        },
        {
          pdu_session_id: 2,
          dl_total_bytes: 4794152,
          ul_total_bytes: 39201697128,
          sst: 1
        }
      ],
      rnti: 17923,
      cells: [
        {
          cell_id: 1,
          dl_bitrate: 132831,
          ul_bitrate: 154963958,
          dl_tx: 69,
          ul_tx: 972,
          dl_err: 0,
          ul_err: 0,
          dl_retx: 0,
          ul_retx: 11,
          pusch_snr: 29.4,
          epre: -89.3,
          ul_phr: 4,
          ul_path_loss: 68.8,
          p_ue: 15,
          dl_mcs: 24,
          ul_mcs: 25.8,
          ul_n_layer: 1,
          turbo_decoder_min: 1,
          turbo_decoder_avg: 2.226,
          turbo_decoder_max: 5,
          cqi: 15,
          ri: 2,
          ul_rank: 1,
          initial_ta: 1
        }
      ]
    }
  ],
  time: 1903.159,
  utc: 1744206841.618
}

