{
  message: ready,
  type: ENB,
  name: ENB,
  version: 2023-06-10,
  time: 747.137,
  utc: 1744060355.463
}
{
  message: ue_get,
  ue_list: [
    {
      ran_ue_id: 3,
      amf_ue_id: 102,
      qos_flow_list: [
        {
          pdu_session_id: 1,
          dl_total_bytes: 14849,
          ul_total_bytes: 8539,
          sst: 1
        },
        {
          pdu_session_id: 2,
          dl_total_bytes: 1324381,
          ul_total_bytes: 10978933054,
          sst: 1
        }
      ],
      rnti: 17923,
      cells: [
        {
          cell_id: 1,
          dl_bitrate: 165737,
          ul_bitrate: 134160744,
          dl_tx: 111,
          ul_tx: 1062,
          dl_err: 0,
          ul_err: 0,
          dl_retx: 0,
          ul_retx: 11,
          pusch_snr: 25.4,
          epre: -94.3,
          ul_phr: -2,
          ul_path_loss: 77.7,
          p_ue: 19,
          dl_mcs: 28,
          ul_mcs: 24,
          ul_n_layer: 1,
          turbo_decoder_min: 1,
          turbo_decoder_avg: 2.683,
          turbo_decoder_max: 5,
          cqi: 15,
          ri: 2,
          ul_rank: 1,
          initial_ta: 1
        }
      ]
    }
  ],
  time: 747.139,
  utc: 1744060355.473
}

