{
  message: ready,
  type: ENB,
  name: ENB,
  version: 2023-06-10,
  time: 2846.004,
  utc: 1744841898.582
}
{
  message: ue_get,
  ue_list: [
    {
      ran_ue_id: 2,
      amf_ue_id: 101,
      qos_flow_list: [
        {
          pdu_session_id: 1,
          dl_total_bytes: 7777,
          ul_total_bytes: 7661,
          sst: 1
        },
        {
          pdu_session_id: 2,
          dl_total_bytes: 1940042,
          ul_total_bytes: 1056128902,
          sst: 1
        }
      ],
      rnti: 17922,
      cells: [
        {
          cell_id: 1,
          dl_bitrate: 20841,
          ul_bitrate: 3697001,
          dl_tx: 25,
          ul_tx: 1029,
          dl_err: 0,
          ul_err: 0,
          dl_retx: 1,
          ul_retx: 17,
          pusch_snr: 10.2,
          epre: -111.3,
          ul_phr: -24,
          ul_path_loss: 108.6,
          p_ue: 23,
          dl_mcs: 18,
          ul_mcs: 4,
          ul_n_layer: 1,
          turbo_decoder_min: 1,
          turbo_decoder_avg: 1.851,
          turbo_decoder_max: 5,
          cqi: 12,
          ri: 2,
          ul_rank: 1,
          initial_ta: 1
        }
      ]
    }
  ],
  time: 2846.007,
  utc: 1744841898.594
}

