{
  message: ready,
  type: ENB,
  name: ENB,
  version: 2023-06-10,
  time: 2404.329,
  utc: 1744184252.211
}
{
  message: ue_get,
  ue_list: [
    {
      ran_ue_id: 43,
      amf_ue_id: 142,
      qos_flow_list: [],
      rnti: 17963,
      cells: [
        {
          cell_id: 1,
          dl_bitrate: 0,
          ul_bitrate: 0,
          dl_tx: 0,
          ul_tx: 0,
          dl_err: 0,
          ul_err: 0,
          dl_retx: 0,
          ul_retx: 0,
          pusch_snr: 20.2,
          epre: -101.2,
          ul_phr: -10,
          ul_path_loss: 114.8,
          p_ue: 24,
          cqi: 0,
          ri: 1,
          ul_rank: 1,
          initial_ta: 1
        }
      ]
    },
    {
      ran_ue_id: 3,
      amf_ue_id: 102,
      qos_flow_list: [
        {
          pdu_session_id: 1,
          dl_total_bytes: 15293,
          ul_total_bytes: 9004,
          sst: 1
        },
        {
          pdu_session_id: 2,
          dl_total_bytes: 8000147,
          ul_total_bytes: 48972660173,
          sst: 1
        }
      ],
      rnti: 17923,
      cells: [
        {
          cell_id: 1,
          dl_bitrate: 135026,
          ul_bitrate: 137776259,
          dl_tx: 70,
          ul_tx: 883,
          dl_err: 0,
          ul_err: 0,
          dl_retx: 1,
          ul_retx: 7,
          pusch_snr: 32.3,
          epre: -87.8,
          ul_phr: 5,
          ul_path_loss: 68.3,
          p_ue: 14,
          dl_mcs: 24.6,
          ul_mcs: 25.3,
          ul_n_layer: 1,
          turbo_decoder_min: 1,
          turbo_decoder_avg: 2.148,
          turbo_decoder_max: 5,
          cqi: 15,
          ri: 2,
          ul_rank: 1,
          initial_ta: 1
        }
      ]
    }
  ],
  time: 2404.331,
  utc: 1744184252.222
}

