{
  message: ready,
  type: ENB,
  name: ENB,
  version: 2023-06-10,
  time: 1955.696,
  utc: 1744206894.147
}
{
  message: ue_get,
  ue_list: [
    {
      ran_ue_id: 87,
      amf_ue_id: 145,
      qos_flow_list: [
        {
          pdu_session_id: 2,
          dl_total_bytes: 194,
          ul_total_bytes: 499,
          sst: 1
        }
      ],
      rnti: 18014,
      cells: [
        {
          cell_id: 1,
          dl_bitrate: 7,
          ul_bitrate: 4,
          dl_tx: 13,
          ul_tx: 12,
          dl_err: 0,
          ul_err: 2,
          dl_retx: 2,
          ul_retx: 20,
          pusch_snr: 20.1,
          epre: -99.2,
          ul_phr: -2,
          ul_path_loss: 94.3,
          p_ue: 8,
          dl_mcs: 15.8,
          ul_mcs: 3.6,
          ul_n_layer: 1,
          turbo_decoder_min: 1,
          turbo_decoder_avg: 3.906,
          turbo_decoder_max: 5,
          cqi: 13,
          ri: 2,
          ul_rank: 1,
          initial_ta: 0
        }
      ]
    },
    {
      ran_ue_id: 3,
      amf_ue_id: 102,
      qos_flow_list: [
        {
          pdu_session_id: 1,
          dl_total_bytes: 13086,
          ul_total_bytes: 8641,
          sst: 1
        },
        {
          pdu_session_id: 2,
          dl_total_bytes: 5068784,
          ul_total_bytes: 40344017191,
          sst: 1
        }
      ],
      rnti: 17923,
      cells: [
        {
          cell_id: 1,
          dl_bitrate: 150657,
          ul_bitrate: 177831082,
          dl_tx: 91,
          ul_tx: 1443,
          dl_err: 0,
          ul_err: 0,
          dl_retx: 0,
          ul_retx: 16,
          pusch_snr: 23.6,
          epre: -97.5,
          ul_phr: 13,
          ul_path_loss: 68.3,
          p_ue: 6,
          dl_mcs: 25,
          ul_mcs: 20.9,
          ul_n_layer: 1,
          turbo_decoder_min: 1,
          turbo_decoder_avg: 2.888,
          turbo_decoder_max: 5,
          cqi: 15,
          ri: 2,
          ul_rank: 1,
          initial_ta: 1
        }
      ]
    }
  ],
  time: 1955.698,
  utc: 1744206894.157
}

