{
  message: ready,
  type: ENB,
  name: ENB,
  version: 2023-06-10,
  time: 1956.771,
  utc: 1744206895.221
}
{
  message: ue_get,
  ue_list: [
    {
      ran_ue_id: 87,
      amf_ue_id: 145,
      qos_flow_list: [
        {
          pdu_session_id: 2,
          dl_total_bytes: 194,
          ul_total_bytes: 560,
          sst: 1
        }
      ],
      rnti: 18014,
      cells: [
        {
          cell_id: 1,
          dl_bitrate: 3921,
          ul_bitrate: 2336,
          dl_tx: 3,
          ul_tx: 2,
          dl_err: 0,
          ul_err: 0,
          dl_retx: 2,
          ul_retx: 0,
          pusch_snr: 13.1,
          epre: -107.4,
          ul_phr: 7,
          ul_path_loss: 87.7,
          p_ue: 1,
          dl_mcs: 20.7,
          ul_mcs: 10.5,
          ul_n_layer: 1,
          turbo_decoder_min: 2,
          turbo_decoder_avg: 2,
          turbo_decoder_max: 2,
          cqi: 12,
          ri: 2,
          ul_rank: 1,
          initial_ta: 0
        }
      ]
    },
    {
      ran_ue_id: 3,
      amf_ue_id: 102,
      qos_flow_list: [
        {
          pdu_session_id: 1,
          dl_total_bytes: 13086,
          ul_total_bytes: 8641,
          sst: 1
        },
        {
          pdu_session_id: 2,
          dl_total_bytes: 5070354,
          ul_total_bytes: 40368078056,
          sst: 1
        }
      ],
      rnti: 17923,
      cells: [
        {
          cell_id: 1,
          dl_bitrate: 142273,
          ul_bitrate: 180294935,
          dl_tx: 86,
          ul_tx: 1458,
          dl_err: 0,
          ul_err: 0,
          dl_retx: 1,
          ul_retx: 12,
          pusch_snr: 22.6,
          epre: -98,
          ul_phr: 13,
          ul_path_loss: 68.3,
          p_ue: 6,
          dl_mcs: 25,
          ul_mcs: 21,
          ul_n_layer: 1,
          turbo_decoder_min: 1,
          turbo_decoder_avg: 2.892,
          turbo_decoder_max: 5,
          cqi: 15,
          ri: 2,
          ul_rank: 1,
          initial_ta: 1
        }
      ]
    }
  ],
  time: 1956.773,
  utc: 1744206895.232
}

