{
  message: ready,
  type: ENB,
  name: ENB,
  version: 2023-06-10,
  time: 1982.462,
  utc: 1744206920.912
}
{
  message: ue_get,
  ue_list: [
    {
      ran_ue_id: 3,
      amf_ue_id: 102,
      qos_flow_list: [
        {
          pdu_session_id: 1,
          dl_total_bytes: 13086,
          ul_total_bytes: 8641,
          sst: 1
        },
        {
          pdu_session_id: 2,
          dl_total_bytes: 5260659,
          ul_total_bytes: 40938474761,
          sst: 1
        }
      ],
      rnti: 17923,
      cells: [
        {
          cell_id: 1,
          dl_bitrate: 132820,
          ul_bitrate: 180674238,
          dl_tx: 90,
          ul_tx: 1697,
          dl_err: 0,
          ul_err: 0,
          dl_retx: 38,
          ul_retx: 19,
          pusch_snr: 19,
          epre: -102.1,
          ul_phr: 20,
          ul_path_loss: 68.2,
          p_ue: 2,
          dl_mcs: 22.8,
          ul_mcs: 17.7,
          ul_n_layer: 1,
          turbo_decoder_min: 1,
          turbo_decoder_avg: 3.049,
          turbo_decoder_max: 5,
          cqi: 15,
          ri: 2,
          ul_rank: 1,
          initial_ta: 1
        }
      ]
    }
  ],
  time: 1982.463,
  utc: 1744206920.923
}

