{
  message: ready,
  type: ENB,
  name: ENB,
  version: 2023-06-10,
  time: 2818.521,
  utc: 1744080288.464
}
{
  message: ue_get,
  ue_list: [
    {
      ran_ue_id: 3,
      amf_ue_id: 102,
      qos_flow_list: [
        {
          pdu_session_id: 1,
          dl_total_bytes: 15325,
          ul_total_bytes: 9050,
          sst: 1
        },
        {
          pdu_session_id: 2,
          dl_total_bytes: 10365800,
          ul_total_bytes: 25930805779,
          sst: 1
        }
      ],
      rnti: 17923,
      cells: [
        {
          cell_id: 1,
          dl_bitrate: 142567,
          ul_bitrate: 83887776,
          dl_tx: 93,
          ul_tx: 1541,
          dl_err: 0,
          ul_err: 0,
          dl_retx: 6,
          ul_retx: 24,
          pusch_snr: 9.6,
          epre: -111.2,
          ul_phr: -14,
          ul_path_loss: 98.4,
          p_ue: 23,
          dl_mcs: 11.6,
          ul_mcs: 9.1,
          ul_n_layer: 1,
          turbo_decoder_min: 1,
          turbo_decoder_avg: 3.441,
          turbo_decoder_max: 5,
          cqi: 10,
          ri: 2,
          ul_rank: 1,
          initial_ta: 1
        }
      ]
    }
  ],
  time: 2818.522,
  utc: 1744080288.475
}

