{
  message: ready,
  type: ENB,
  name: ENB,
  version: 2023-06-10,
  time: 1980.718,
  utc: 1744064459.023
}
{
  message: ue_get,
  ue_list: [
    {
      ran_ue_id: 5,
      amf_ue_id: 104,
      qos_flow_list: [
        {
          pdu_session_id: 1,
          dl_total_bytes: 9833,
          ul_total_bytes: 7841,
          sst: 1
        },
        {
          pdu_session_id: 2,
          dl_total_bytes: 4803684,
          ul_total_bytes: 21497515229,
          sst: 1
        }
      ],
      rnti: 17925,
      cells: [
        {
          cell_id: 1,
          dl_bitrate: 119671,
          ul_bitrate: 86024708,
          dl_tx: 114,
          ul_tx: 1072,
          dl_err: 0,
          ul_err: 0,
          dl_retx: 2,
          ul_retx: 0,
          pusch_snr: 19.1,
          epre: -101.4,
          ul_phr: -11,
          ul_path_loss: 87.9,
          p_ue: 22,
          dl_mcs: 18,
          ul_mcs: 16,
          ul_n_layer: 1,
          turbo_decoder_min: 2,
          turbo_decoder_avg: 2.081,
          turbo_decoder_max: 3,
          cqi: 12,
          ri: 2,
          ul_rank: 1,
          initial_ta: 1
        }
      ]
    }
  ],
  time: 1980.719,
  utc: 1744064459.034
}

