{
  message: ready,
  type: ENB,
  name: ENB,
  version: 2023-06-10,
  time: 1983.934,
  utc: 1744064462.239
}
{
  message: ue_get,
  ue_list: [
    {
      ran_ue_id: 5,
      amf_ue_id: 104,
      qos_flow_list: [
        {
          pdu_session_id: 1,
          dl_total_bytes: 9833,
          ul_total_bytes: 7841,
          sst: 1
        },
        {
          pdu_session_id: 2,
          dl_total_bytes: 4817700,
          ul_total_bytes: 21531098524,
          sst: 1
        }
      ],
      rnti: 17925,
      cells: [
        {
          cell_id: 1,
          dl_bitrate: 126416,
          ul_bitrate: 83230274,
          dl_tx: 116,
          ul_tx: 1071,
          dl_err: 0,
          ul_err: 0,
          dl_retx: 7,
          ul_retx: 0,
          pusch_snr: 18.8,
          epre: -101.7,
          ul_phr: -12,
          ul_path_loss: 87.8,
          p_ue: 22,
          dl_mcs: 18.4,
          ul_mcs: 15.5,
          ul_n_layer: 1,
          turbo_decoder_min: 2,
          turbo_decoder_avg: 2.056,
          turbo_decoder_max: 3,
          cqi: 13,
          ri: 2,
          ul_rank: 1,
          initial_ta: 1
        }
      ]
    }
  ],
  time: 1983.935,
  utc: 1744064462.249
}

