{
  message: ready,
  type: ENB,
  name: ENB,
  version: 2023-06-10,
  time: 688.824,
  utc: 1744844700.792
}
{
  message: ue_get,
  ue_list: [
    {
      ran_ue_id: 3,
      amf_ue_id: 102,
      qos_flow_list: [
        {
          pdu_session_id: 1,
          dl_total_bytes: 7410,
          ul_total_bytes: 7230,
          sst: 1
        },
        {
          pdu_session_id: 2,
          dl_total_bytes: 422129,
          ul_total_bytes: 7143336992,
          sst: 1
        }
      ],
      rnti: 17923,
      cells: [
        {
          cell_id: 1,
          dl_bitrate: 137650,
          ul_bitrate: 95319577,
          dl_tx: 90,
          ul_tx: 915,
          dl_err: 0,
          ul_err: 0,
          dl_retx: 0,
          ul_retx: 7,
          pusch_snr: 26.4,
          epre: -93.5,
          ul_phr: -5,
          ul_path_loss: 77,
          p_ue: 22,
          dl_mcs: 27.9,
          ul_mcs: 20.7,
          ul_n_layer: 1,
          turbo_decoder_min: 1,
          turbo_decoder_avg: 2.402,
          turbo_decoder_max: 5,
          cqi: 15,
          ri: 2,
          ul_rank: 1,
          initial_ta: 1
        }
      ]
    }
  ],
  time: 688.826,
  utc: 1744844700.803
}

