{
  message: ready,
  type: ENB,
  name: ENB,
  version: 2023-06-10,
  time: 693.12,
  utc: 1744844705.087
}
{
  message: ue_get,
  ue_list: [
    {
      ran_ue_id: 3,
      amf_ue_id: 102,
      qos_flow_list: [
        {
          pdu_session_id: 1,
          dl_total_bytes: 7410,
          ul_total_bytes: 7230,
          sst: 1
        },
        {
          pdu_session_id: 2,
          dl_total_bytes: 424536,
          ul_total_bytes: 7192602981,
          sst: 1
        }
      ],
      rnti: 17923,
      cells: [
        {
          cell_id: 1,
          dl_bitrate: 148916,
          ul_bitrate: 94449988,
          dl_tx: 101,
          ul_tx: 942,
          dl_err: 0,
          ul_err: 0,
          dl_retx: 0,
          ul_retx: 3,
          pusch_snr: 27.3,
          epre: -91.4,
          ul_phr: -8,
          ul_path_loss: 77,
          p_ue: 19,
          dl_mcs: 27.6,
          ul_mcs: 20.6,
          ul_n_layer: 1,
          turbo_decoder_min: 1,
          turbo_decoder_avg: 2.384,
          turbo_decoder_max: 5,
          cqi: 15,
          ri: 2,
          ul_rank: 1,
          initial_ta: 1
        }
      ]
    }
  ],
  time: 693.121,
  utc: 1744844705.098
}

