{
  message: ready,
  type: ENB,
  name: ENB,
  version: 2023-06-10,
  time: 77.111,
  utc: 1744048075.618
}
{
  message: ue_get,
  ue_list: [
    {
      ran_ue_id: 7,
      amf_ue_id: 105,
      qos_flow_list: [
        {
          pdu_session_id: 1,
          dl_total_bytes: 9328,
          ul_total_bytes: 7450,
          sst: 1
        }
      ],
      rnti: 17927,
      cells: [
        {
          cell_id: 1,
          dl_bitrate: 1474,
          ul_bitrate: 1604,
          dl_tx: 41,
          ul_tx: 49,
          dl_err: 0,
          ul_err: 0,
          dl_retx: 7,
          ul_retx: 4,
          pusch_snr: 18.6,
          epre: -101.3,
          ul_phr: -5,
          ul_path_loss: 91.5,
          p_ue: 8,
          dl_mcs: 18.6,
          ul_mcs: 15.7,
          ul_n_layer: 1,
          turbo_decoder_min: 1,
          turbo_decoder_avg: 2.111,
          turbo_decoder_max: 5,
          cqi: 15,
          ri: 2,
          ul_rank: 1,
          initial_ta: 1
        }
      ]
    },
    {
      ran_ue_id: 5,
      amf_ue_id: 104,
      qos_flow_list: [],
      rnti: 17925,
      cells: [
        {
          cell_id: 1,
          dl_bitrate: 0,
          ul_bitrate: 0,
          dl_tx: 0,
          ul_tx: 0,
          dl_err: 0,
          ul_err: 0,
          dl_retx: 0,
          ul_retx: 0,
          pusch_snr: 8.8,
          epre: -112.2,
          ul_phr: -24,
          ul_path_loss: 116.6,
          p_ue: 24,
          cqi: 14,
          ri: 1,
          ul_rank: 1,
          initial_ta: 1
        }
      ]
    },
    {
      ran_ue_id: 3,
      amf_ue_id: 102,
      qos_flow_list: [
        {
          pdu_session_id: 1,
          dl_total_bytes: 14855,
          ul_total_bytes: 8521,
          sst: 1
        },
        {
          pdu_session_id: 2,
          dl_total_bytes: 142478,
          ul_total_bytes: 143234316,
          sst: 1
        }
      ],
      rnti: 17923,
      cells: [
        {
          cell_id: 1,
          dl_bitrate: 215024,
          ul_bitrate: 129850554,
          dl_tx: 117,
          ul_tx: 1048,
          dl_err: 0,
          ul_err: 0,
          dl_retx: 0,
          ul_retx: 18,
          pusch_snr: 25.3,
          epre: -94.6,
          ul_phr: -3,
          ul_path_loss: 77.8,
          p_ue: 19,
          dl_mcs: 28,
          ul_mcs: 23.7,
          ul_n_layer: 1,
          turbo_decoder_min: 0,
          turbo_decoder_avg: 2.613,
          turbo_decoder_max: 5,
          cqi: 15,
          ri: 2,
          ul_rank: 1,
          initial_ta: 1
        }
      ]
    }
  ],
  time: 77.112,
  utc: 1744048075.629
}

