{
  message: ready,
  type: ENB,
  name: ENB,
  version: 2023-06-10,
  time: 69.583,
  utc: 1744048068.09
}
{
  message: ue_get,
  ue_list: [
    {
      ran_ue_id: 4,
      amf_ue_id: 103,
      qos_flow_list: [],
      rnti: 17924,
      cells: [
        {
          cell_id: 1,
          dl_bitrate: 3244,
          ul_bitrate: 0,
          dl_tx: 3,
          ul_tx: 0,
          dl_err: 0,
          ul_err: 0,
          dl_retx: 2,
          ul_retx: 0,
          pusch_snr: 15.9,
          epre: -104.5,
          ul_phr: -24,
          ul_path_loss: 93.3,
          p_ue: 8,
          dl_mcs: 22,
          cqi: 13,
          ri: 1,
          ul_rank: 1,
          initial_ta: 1
        }
      ]
    },
    {
      ran_ue_id: 3,
      amf_ue_id: 102,
      qos_flow_list: [
        {
          pdu_session_id: 1,
          dl_total_bytes: 9455,
          ul_total_bytes: 7435,
          sst: 1
        },
        {
          pdu_session_id: 2,
          dl_total_bytes: 129970,
          ul_total_bytes: 35765305,
          sst: 1
        }
      ],
      rnti: 17923,
      cells: [
        {
          cell_id: 1,
          dl_bitrate: 166136,
          ul_bitrate: 113388839,
          dl_tx: 108,
          ul_tx: 1038,
          dl_err: 0,
          ul_err: 0,
          dl_retx: 0,
          ul_retx: 5,
          pusch_snr: 22,
          epre: -98.3,
          ul_phr: 4,
          ul_path_loss: 78.2,
          p_ue: 15,
          dl_mcs: 27.9,
          ul_mcs: 21,
          ul_n_layer: 1,
          turbo_decoder_min: 1,
          turbo_decoder_avg: 3.292,
          turbo_decoder_max: 5,
          cqi: 15,
          ri: 2,
          ul_rank: 1,
          initial_ta: 1
        }
      ]
    }
  ],
  time: 69.584,
  utc: 1744048068.101
}

