{
  message: ready,
  type: ENB,
  name: ENB,
  version: 2023-06-10,
  time: 806.24,
  utc: 1743796037.794
}
{
  message: ue_get,
  ue_list: [
    {
      ran_ue_id: 3,
      amf_ue_id: 102,
      qos_flow_list: [
        {
          pdu_session_id: 1,
          dl_total_bytes: 14874,
          ul_total_bytes: 8546,
          sst: 1
        },
        {
          pdu_session_id: 2,
          dl_total_bytes: 1183291,
          ul_total_bytes: 21337132858,
          sst: 1
        }
      ],
      rnti: 17923,
      cells: [
        {
          cell_id: 1,
          dl_bitrate: 151828,
          ul_bitrate: 242369251,
          dl_tx: 91,
          ul_tx: 1554,
          dl_err: 0,
          ul_err: 0,
          dl_retx: 1,
          ul_retx: 20,
          pusch_snr: 27.6,
          epre: -92.2,
          ul_phr: 7,
          ul_path_loss: 68.5,
          p_ue: 12,
          dl_mcs: 25,
          ul_mcs: 24.8,
          ul_n_layer: 1,
          turbo_decoder_min: 1,
          turbo_decoder_avg: 2.471,
          turbo_decoder_max: 5,
          cqi: 14,
          ri: 2,
          ul_rank: 1,
          initial_ta: 1
        }
      ]
    }
  ],
  time: 806.242,
  utc: 1743796037.804
}

