{
  message: ready,
  type: ENB,
  name: ENB,
  version: 2023-06-10,
  time: 624.128,
  utc: 1744083915.801
}
{
  message: ue_get,
  ue_list: [
    {
      ran_ue_id: 5,
      amf_ue_id: 104,
      qos_flow_list: [
        {
          pdu_session_id: 1,
          dl_total_bytes: 9465,
          ul_total_bytes: 7453,
          sst: 1
        },
        {
          pdu_session_id: 2,
          dl_total_bytes: 1046625,
          ul_total_bytes: 7124830080,
          sst: 1
        }
      ],
      rnti: 17925,
      cells: [
        {
          cell_id: 1,
          dl_bitrate: 104171,
          ul_bitrate: 95762044,
          dl_tx: 63,
          ul_tx: 667,
          dl_err: 0,
          ul_err: 0,
          dl_retx: 6,
          ul_retx: 8,
          pusch_snr: 25.3,
          epre: -94.7,
          ul_phr: -3,
          ul_path_loss: 77.9,
          p_ue: 19,
          dl_mcs: 24.4,
          ul_mcs: 23.6,
          ul_n_layer: 1,
          turbo_decoder_min: 1,
          turbo_decoder_avg: 2.555,
          turbo_decoder_max: 5,
          cqi: 15,
          ri: 2,
          ul_rank: 1,
          initial_ta: 0
        }
      ]
    }
  ],
  time: 624.13,
  utc: 1744083915.812
}

