{
  message: ready,
  type: ENB,
  name: ENB,
  version: 2023-06-10,
  time: 190.619,
  utc: 1744083482.292
}
{
  message: ue_get,
  ue_list: [
    {
      ran_ue_id: 5,
      amf_ue_id: 104,
      qos_flow_list: [
        {
          pdu_session_id: 1,
          dl_total_bytes: 9465,
          ul_total_bytes: 7453,
          sst: 1
        },
        {
          pdu_session_id: 2,
          dl_total_bytes: 295810,
          ul_total_bytes: 1450911728,
          sst: 1
        }
      ],
      rnti: 17925,
      cells: [
        {
          cell_id: 1,
          dl_bitrate: 116300,
          ul_bitrate: 109818451,
          dl_tx: 69,
          ul_tx: 892,
          dl_err: 0,
          ul_err: 0,
          dl_retx: 1,
          ul_retx: 15,
          pusch_snr: 25,
          epre: -94.2,
          ul_phr: 22,
          ul_path_loss: 76.3,
          p_ue: -3,
          dl_mcs: 25.1,
          ul_mcs: 20.8,
          ul_n_layer: 1,
          turbo_decoder_min: 0,
          turbo_decoder_avg: 2.149,
          turbo_decoder_max: 5,
          cqi: 15,
          ri: 2,
          ul_rank: 1,
          initial_ta: 0
        }
      ]
    }
  ],
  time: 190.621,
  utc: 1744083482.303
}

