{
  message: ready,
  type: ENB,
  name: ENB,
  version: 2023-06-10,
  time: 1776.464,
  utc: 1744076384.618
}
{
  message: ue_get,
  ue_list: [
    {
      ran_ue_id: 4,
      amf_ue_id: 103,
      qos_flow_list: [
        {
          pdu_session_id: 1,
          dl_total_bytes: 15049,
          ul_total_bytes: 8741,
          sst: 1
        },
        {
          pdu_session_id: 2,
          dl_total_bytes: 4360733,
          ul_total_bytes: 27274280478,
          sst: 1
        }
      ],
      rnti: 17924,
      cells: [
        {
          cell_id: 1,
          dl_bitrate: 110976,
          ul_bitrate: 137873765,
          dl_tx: 84,
          ul_tx: 1297,
          dl_err: 0,
          ul_err: 0,
          dl_retx: 9,
          ul_retx: 15,
          pusch_snr: 19,
          epre: -101.9,
          ul_phr: -7,
          ul_path_loss: 88.2,
          p_ue: 22,
          dl_mcs: 20.6,
          ul_mcs: 17.6,
          ul_n_layer: 1,
          turbo_decoder_min: 1,
          turbo_decoder_avg: 2.702,
          turbo_decoder_max: 5,
          cqi: 14,
          ri: 2,
          ul_rank: 1,
          initial_ta: 0
        }
      ]
    }
  ],
  time: 1776.466,
  utc: 1744076384.628
}

