{
  message: ready,
  type: ENB,
  name: ENB,
  version: 2023-06-10,
  time: 1773.3,
  utc: 1744076381.454
}
{
  message: ue_get,
  ue_list: [
    {
      ran_ue_id: 4,
      amf_ue_id: 103,
      qos_flow_list: [
        {
          pdu_session_id: 1,
          dl_total_bytes: 15049,
          ul_total_bytes: 8741,
          sst: 1
        },
        {
          pdu_session_id: 2,
          dl_total_bytes: 4356387,
          ul_total_bytes: 27221135110,
          sst: 1
        }
      ],
      rnti: 17924,
      cells: [
        {
          cell_id: 1,
          dl_bitrate: 118902,
          ul_bitrate: 134131232,
          dl_tx: 91,
          ul_tx: 1362,
          dl_err: 0,
          ul_err: 0,
          dl_retx: 3,
          ul_retx: 15,
          pusch_snr: 19.1,
          epre: -101.9,
          ul_phr: -7,
          ul_path_loss: 88,
          p_ue: 22,
          dl_mcs: 19.2,
          ul_mcs: 16.8,
          ul_n_layer: 1,
          turbo_decoder_min: 1,
          turbo_decoder_avg: 2.459,
          turbo_decoder_max: 5,
          cqi: 13,
          ri: 2,
          ul_rank: 1,
          initial_ta: 0
        }
      ]
    }
  ],
  time: 1773.302,
  utc: 1744076381.464
}

