{
  message: ready,
  type: ENB,
  name: ENB,
  version: 2023-06-10,
  time: 1545.519,
  utc: 1744194925.871
}
{
  message: ue_get,
  ue_list: [
    {
      ran_ue_id: 4,
      amf_ue_id: 103,
      qos_flow_list: [
        {
          pdu_session_id: 1,
          dl_total_bytes: 15892,
          ul_total_bytes: 8847,
          sst: 1
        },
        {
          pdu_session_id: 2,
          dl_total_bytes: 3607127,
          ul_total_bytes: 30844708916,
          sst: 1
        }
      ],
      rnti: 17924,
      cells: [
        {
          cell_id: 1,
          dl_bitrate: 171832,
          ul_bitrate: 191473225,
          dl_tx: 91,
          ul_tx: 1295,
          dl_err: 0,
          ul_err: 0,
          dl_retx: 1,
          ul_retx: 16,
          pusch_snr: 28.7,
          epre: -92.6,
          ul_phr: 8,
          ul_path_loss: 68.6,
          p_ue: 11,
          dl_mcs: 25,
          ul_mcs: 24.1,
          ul_n_layer: 1,
          turbo_decoder_min: 1,
          turbo_decoder_avg: 2.379,
          turbo_decoder_max: 5,
          cqi: 15,
          ri: 2,
          ul_rank: 1,
          initial_ta: 0
        }
      ]
    }
  ],
  time: 1545.521,
  utc: 1744194925.881
}

