{
  message: ready,
  type: ENB,
  name: ENB,
  version: 2023-06-10,
  time: 1260.11,
  utc: 1744200377.481
}
{
  message: ue_get,
  ue_list: [
    {
      ran_ue_id: 4,
      amf_ue_id: 103,
      qos_flow_list: [
        {
          pdu_session_id: 1,
          dl_total_bytes: 15049,
          ul_total_bytes: 8747,
          sst: 1
        },
        {
          pdu_session_id: 2,
          dl_total_bytes: 2620098,
          ul_total_bytes: 22499241424,
          sst: 1
        }
      ],
      rnti: 17924,
      cells: [
        {
          cell_id: 1,
          dl_bitrate: 151502,
          ul_bitrate: 121130716,
          dl_tx: 96,
          ul_tx: 1620,
          dl_err: 0,
          ul_err: 0,
          dl_retx: 8,
          ul_retx: 0,
          pusch_snr: 19.2,
          epre: -101.2,
          ul_phr: -14,
          ul_path_loss: 87.4,
          p_ue: 22,
          dl_mcs: 21.1,
          ul_mcs: 13,
          ul_n_layer: 1,
          turbo_decoder_min: 1,
          turbo_decoder_avg: 1.988,
          turbo_decoder_max: 3,
          cqi: 15,
          ri: 2,
          ul_rank: 1,
          initial_ta: 1
        }
      ]
    }
  ],
  time: 1260.111,
  utc: 1744200377.491
}

