{
  message: ready,
  type: ENB,
  name: ENB,
  version: 2023-06-10,
  time: 2765.472,
  utc: 1744199022.323
}
{
  message: ue_get,
  ue_list: [
    {
      ran_ue_id: 3,
      amf_ue_id: 102,
      qos_flow_list: [
        {
          pdu_session_id: 1,
          dl_total_bytes: 15234,
          ul_total_bytes: 8950,
          sst: 1
        },
        {
          pdu_session_id: 2,
          dl_total_bytes: 10307715,
          ul_total_bytes: 57428783015,
          sst: 1
        }
      ],
      rnti: 17923,
      cells: [
        {
          cell_id: 1,
          dl_bitrate: 196269,
          ul_bitrate: 180596384,
          dl_tx: 91,
          ul_tx: 1261,
          dl_err: 0,
          ul_err: 0,
          dl_retx: 1,
          ul_retx: 8,
          pusch_snr: 26,
          epre: -94.1,
          ul_phr: -2,
          ul_path_loss: 77.4,
          p_ue: 19,
          dl_mcs: 23.3,
          ul_mcs: 23.2,
          ul_n_layer: 1,
          turbo_decoder_min: 1,
          turbo_decoder_avg: 2.37,
          turbo_decoder_max: 5,
          cqi: 15,
          ri: 2,
          ul_rank: 1,
          initial_ta: 0
        }
      ]
    }
  ],
  time: 2765.473,
  utc: 1744199022.333
}

