{
  message: ready,
  type: ENB,
  name: ENB,
  version: 2023-06-10,
  time: 732.353,
  utc: 1743787886.197
}
{
  message: ue_get,
  ue_list: [
    {
      ran_ue_id: 5,
      amf_ue_id: 104,
      qos_flow_list: [
        {
          pdu_session_id: 1,
          dl_total_bytes: 14874,
          ul_total_bytes: 8546,
          sst: 1
        },
        {
          pdu_session_id: 2,
          dl_total_bytes: 1073184,
          ul_total_bytes: 10711350254,
          sst: 1
        }
      ],
      rnti: 17925,
      cells: [
        {
          cell_id: 1,
          dl_bitrate: 167293,
          ul_bitrate: 135445415,
          dl_tx: 111,
          ul_tx: 1057,
          dl_err: 0,
          ul_err: 0,
          dl_retx: 0,
          ul_retx: 8,
          pusch_snr: 26.4,
          epre: -93,
          ul_phr: 8,
          ul_path_loss: 68.2,
          p_ue: 11,
          dl_mcs: 28,
          ul_mcs: 24.1,
          ul_n_layer: 1,
          turbo_decoder_min: 1,
          turbo_decoder_avg: 2.493,
          turbo_decoder_max: 5,
          cqi: 15,
          ri: 2,
          ul_rank: 1,
          initial_ta: 1
        }
      ]
    }
  ],
  time: 732.354,
  utc: 1743787886.208
}

