{
  message: ready,
  type: ENB,
  name: ENB,
  version: 2023-06-10,
  time: 2477.331,
  utc: 1744106087.012
}
{
  message: ue_get,
  ue_list: [
    {
      ran_ue_id: 92,
      amf_ue_id: 142,
      qos_flow_list: [],
      rnti: 18012,
      cells: [
        {
          cell_id: 1,
          dl_bitrate: 0,
          ul_bitrate: 0,
          dl_tx: 0,
          ul_tx: 0,
          dl_err: 0,
          ul_err: 0,
          dl_retx: 0,
          ul_retx: 0,
          pusch_snr: 22,
          epre: -98.4,
          ul_phr: -10,
          ul_path_loss: 113.7,
          p_ue: 24,
          cqi: 1,
          ri: 2,
          ul_rank: 1,
          initial_ta: 1
        }
      ]
    },
    {
      ran_ue_id: 3,
      amf_ue_id: 102,
      qos_flow_list: [
        {
          pdu_session_id: 1,
          dl_total_bytes: 15231,
          ul_total_bytes: 8947,
          sst: 1
        },
        {
          pdu_session_id: 2,
          dl_total_bytes: 8302680,
          ul_total_bytes: 35866339946,
          sst: 1
        }
      ],
      rnti: 17923,
      cells: [
        {
          cell_id: 1,
          dl_bitrate: 160384,
          ul_bitrate: 111632477,
          dl_tx: 62,
          ul_tx: 767,
          dl_err: 0,
          ul_err: 0,
          dl_retx: 1,
          ul_retx: 14,
          pusch_snr: 26.2,
          epre: -93.3,
          ul_phr: 26,
          ul_path_loss: 69.2,
          p_ue: -7,
          dl_mcs: 24.3,
          ul_mcs: 23.4,
          ul_n_layer: 1,
          turbo_decoder_min: 0,
          turbo_decoder_avg: 2.205,
          turbo_decoder_max: 5,
          cqi: 15,
          ri: 2,
          ul_rank: 1,
          initial_ta: 1
        }
      ]
    }
  ],
  time: 2477.333,
  utc: 1744106087.022
}

