{
  message: ready,
  type: ENB,
  name: ENB,
  version: 2023-06-10,
  time: 684.77,
  utc: 1744208482.24
}
{
  message: ue_get,
  ue_list: [
    {
      ran_ue_id: 3,
      amf_ue_id: 102,
      qos_flow_list: [
        {
          pdu_session_id: 1,
          dl_total_bytes: 18986,
          ul_total_bytes: 8944,
          sst: 1
        },
        {
          pdu_session_id: 2,
          dl_total_bytes: 1210235,
          ul_total_bytes: 12881351740,
          sst: 1
        }
      ],
      rnti: 17923,
      cells: [
        {
          cell_id: 1,
          dl_bitrate: 114707,
          ul_bitrate: 132192206,
          dl_tx: 70,
          ul_tx: 1027,
          dl_err: 0,
          ul_err: 0,
          dl_retx: 1,
          ul_retx: 1,
          pusch_snr: 25.6,
          epre: -95.1,
          ul_phr: 0,
          ul_path_loss: 77.9,
          p_ue: 19,
          dl_mcs: 24.3,
          ul_mcs: 21.2,
          ul_n_layer: 1,
          turbo_decoder_min: 1,
          turbo_decoder_avg: 2.05,
          turbo_decoder_max: 5,
          cqi: 15,
          ri: 2,
          ul_rank: 1,
          initial_ta: 1
        }
      ]
    }
  ],
  time: 684.772,
  utc: 1744208482.251
}

