{
  message: ready,
  type: ENB,
  name: ENB,
  version: 2023-06-10,
  time: 1827.06,
  utc: 1744082207.603
}
{
  message: ue_get,
  ue_list: [
    {
      ran_ue_id: 4,
      amf_ue_id: 103,
      qos_flow_list: [
        {
          pdu_session_id: 1,
          dl_total_bytes: 15041,
          ul_total_bytes: 8741,
          sst: 1
        },
        {
          pdu_session_id: 2,
          dl_total_bytes: 4481670,
          ul_total_bytes: 23097402011,
          sst: 1
        }
      ],
      rnti: 17924,
      cells: [
        {
          cell_id: 1,
          dl_bitrate: 67992,
          ul_bitrate: 76824815,
          dl_tx: 43,
          ul_tx: 494,
          dl_err: 0,
          ul_err: 0,
          dl_retx: 0,
          ul_retx: 1,
          pusch_snr: 27.3,
          epre: -92.4,
          ul_phr: 28,
          ul_path_loss: 68.1,
          p_ue: -9,
          dl_mcs: 23,
          ul_mcs: 24,
          ul_n_layer: 1,
          turbo_decoder_min: 1,
          turbo_decoder_avg: 2.16,
          turbo_decoder_max: 5,
          cqi: 15,
          ri: 2,
          ul_rank: 1,
          initial_ta: 1
        }
      ]
    }
  ],
  time: 1827.061,
  utc: 1744082207.614
}

