{
  message: ready,
  type: ENB,
  name: ENB,
  version: 2023-06-10,
  time: 2230.082,
  utc: 1744097128.263
}
{
  message: ue_get,
  ue_list: [
    {
      ran_ue_id: 3,
      amf_ue_id: 102,
      qos_flow_list: [
        {
          pdu_session_id: 1,
          dl_total_bytes: 15285,
          ul_total_bytes: 9004,
          sst: 1
        },
        {
          pdu_session_id: 2,
          dl_total_bytes: 6556868,
          ul_total_bytes: 29496498132,
          sst: 1
        }
      ],
      rnti: 17923,
      cells: [
        {
          cell_id: 1,
          dl_bitrate: 148928,
          ul_bitrate: 108899324,
          dl_tx: 62,
          ul_tx: 846,
          dl_err: 0,
          ul_err: 0,
          dl_retx: 0,
          ul_retx: 0,
          pusch_snr: 23.2,
          epre: -97.3,
          ul_phr: 22,
          ul_path_loss: 78.2,
          p_ue: -3,
          dl_mcs: 23.4,
          ul_mcs: 21.2,
          ul_n_layer: 1,
          turbo_decoder_min: 2,
          turbo_decoder_avg: 2.566,
          turbo_decoder_max: 5,
          cqi: 15,
          ri: 2,
          ul_rank: 1,
          initial_ta: 1
        }
      ]
    }
  ],
  time: 2230.083,
  utc: 1744097128.274
}

