{
  message: ready,
  type: ENB,
  name: ENB,
  version: 2023-06-10,
  time: 2849.179,
  utc: 1744083229.722
}
{
  message: ue_get,
  ue_list: [
    {
      ran_ue_id: 4,
      amf_ue_id: 103,
      qos_flow_list: [
        {
          pdu_session_id: 1,
          dl_total_bytes: 15409,
          ul_total_bytes: 9145,
          sst: 1
        },
        {
          pdu_session_id: 2,
          dl_total_bytes: 10491224,
          ul_total_bytes: 36487621111,
          sst: 1
        }
      ],
      rnti: 17924,
      cells: [
        {
          cell_id: 1,
          dl_bitrate: 165942,
          ul_bitrate: 122520359,
          dl_tx: 65,
          ul_tx: 774,
          dl_err: 0,
          ul_err: 0,
          dl_retx: 14,
          ul_retx: 9,
          pusch_snr: 27.2,
          epre: -93.3,
          ul_phr: 28,
          ul_path_loss: 69.7,
          p_ue: -9,
          dl_mcs: 23,
          ul_mcs: 24.6,
          ul_n_layer: 1,
          turbo_decoder_min: 1,
          turbo_decoder_avg: 2.388,
          turbo_decoder_max: 5,
          cqi: 15,
          ri: 2,
          ul_rank: 1,
          initial_ta: 1
        }
      ]
    }
  ],
  time: 2849.181,
  utc: 1744083229.733
}

