{
  message: ready,
  type: ENB,
  name: ENB,
  version: 2023-06-10,
  time: 2549.678,
  utc: 1744213221.878
}
{
  message: ue_get,
  ue_list: [
    {
      ran_ue_id: 3,
      amf_ue_id: 102,
      qos_flow_list: [
        {
          pdu_session_id: 1,
          dl_total_bytes: 26826,
          ul_total_bytes: 10614,
          sst: 1
        },
        {
          pdu_session_id: 2,
          dl_total_bytes: 8612502,
          ul_total_bytes: 24774888717,
          sst: 1
        }
      ],
      rnti: 17923,
      cells: [
        {
          cell_id: 1,
          dl_bitrate: 75679,
          ul_bitrate: 104173959,
          dl_tx: 92,
          ul_tx: 1718,
          dl_err: 0,
          ul_err: 0,
          dl_retx: 31,
          ul_retx: 0,
          pusch_snr: 19.2,
          epre: -101.2,
          ul_phr: -16,
          ul_path_loss: 87.6,
          p_ue: 22,
          dl_mcs: 11.6,
          ul_mcs: 11,
          ul_n_layer: 1,
          turbo_decoder_min: 1,
          turbo_decoder_avg: 1.508,
          turbo_decoder_max: 2,
          cqi: 7,
          ri: 2,
          ul_rank: 1,
          initial_ta: 1
        }
      ]
    }
  ],
  time: 2549.68,
  utc: 1744213221.888
}

