{
  message: ready,
  type: ENB,
  name: ENB,
  version: 2023-06-10,
  time: 848.946,
  utc: 1744214436.766
}
{
  message: ue_get,
  ue_list: [
    {
      ran_ue_id: 3,
      amf_ue_id: 102,
      qos_flow_list: [
        {
          pdu_session_id: 1,
          dl_total_bytes: 14882,
          ul_total_bytes: 8540,
          sst: 1
        },
        {
          pdu_session_id: 2,
          dl_total_bytes: 1483614,
          ul_total_bytes: 7928054095,
          sst: 1
        }
      ],
      rnti: 17923,
      cells: [
        {
          cell_id: 1,
          dl_bitrate: 85767,
          ul_bitrate: 91990437,
          dl_tx: 91,
          ul_tx: 1704,
          dl_err: 0,
          ul_err: 0,
          dl_retx: 17,
          ul_retx: 16,
          pusch_snr: 10,
          epre: -111,
          ul_phr: -15,
          ul_path_loss: 98.2,
          p_ue: 23,
          dl_mcs: 13.5,
          ul_mcs: 9,
          ul_n_layer: 1,
          turbo_decoder_min: 1,
          turbo_decoder_avg: 3.542,
          turbo_decoder_max: 5,
          cqi: 10,
          ri: 2,
          ul_rank: 1,
          initial_ta: 1
        }
      ]
    }
  ],
  time: 848.948,
  utc: 1744214436.776
}

