{
  message: ready,
  type: ENB,
  name: ENB,
  version: 2023-06-10,
  time: 2702.7,
  utc: 1744106312.381
}
{
  message: ue_get,
  ue_list: [
    {
      ran_ue_id: 95,
      amf_ue_id: 145,
      qos_flow_list: [
        {
          pdu_session_id: 2,
          dl_total_bytes: 18566,
          ul_total_bytes: 7195,
          sst: 1
        }
      ],
      rnti: 18024,
      cells: [
        {
          cell_id: 1,
          dl_bitrate: 3235,
          ul_bitrate: 0,
          dl_tx: 2,
          ul_tx: 0,
          dl_err: 0,
          ul_err: 0,
          dl_retx: 1,
          ul_retx: 0,
          pusch_snr: 26.8,
          epre: -93.2,
          ul_phr: 4,
          ul_path_loss: 83.8,
          p_ue: 4,
          dl_mcs: 22,
          cqi: 13,
          ri: 2,
          ul_rank: 1,
          initial_ta: 0
        }
      ]
    },
    {
      ran_ue_id: 3,
      amf_ue_id: 102,
      qos_flow_list: [
        {
          pdu_session_id: 1,
          dl_total_bytes: 15231,
          ul_total_bytes: 8947,
          sst: 1
        },
        {
          pdu_session_id: 2,
          dl_total_bytes: 9771555,
          ul_total_bytes: 39294589539,
          sst: 1
        }
      ],
      rnti: 17923,
      cells: [
        {
          cell_id: 1,
          dl_bitrate: 152797,
          ul_bitrate: 103193968,
          dl_tx: 70,
          ul_tx: 897,
          dl_err: 0,
          ul_err: 0,
          dl_retx: 3,
          ul_retx: 9,
          pusch_snr: 22.5,
          epre: -98.3,
          ul_phr: 32,
          ul_path_loss: 66.6,
          p_ue: -13,
          dl_mcs: 23,
          ul_mcs: 19.7,
          ul_n_layer: 1,
          turbo_decoder_min: 0,
          turbo_decoder_avg: 2.744,
          turbo_decoder_max: 5,
          cqi: 15,
          ri: 2,
          ul_rank: 1,
          initial_ta: 1
        }
      ]
    }
  ],
  time: 2702.701,
  utc: 1744106312.391
}

