{
  message: ready,
  type: ENB,
  name: ENB,
  version: 2023-06-10,
  time: 2687.855,
  utc: 1744106297.536
}
{
  message: ue_get,
  ue_list: [
    {
      ran_ue_id: 3,
      amf_ue_id: 102,
      qos_flow_list: [
        {
          pdu_session_id: 1,
          dl_total_bytes: 15231,
          ul_total_bytes: 8947,
          sst: 1
        },
        {
          pdu_session_id: 2,
          dl_total_bytes: 9637189,
          ul_total_bytes: 39064781454,
          sst: 1
        }
      ],
      rnti: 17923,
      cells: [
        {
          cell_id: 1,
          dl_bitrate: 172548,
          ul_bitrate: 127049150,
          dl_tx: 72,
          ul_tx: 1065,
          dl_err: 0,
          ul_err: 0,
          dl_retx: 2,
          ul_retx: 2,
          pusch_snr: 21.3,
          epre: -99.3,
          ul_phr: 36,
          ul_path_loss: 68.4,
          p_ue: -14,
          dl_mcs: 24.1,
          ul_mcs: 19.2,
          ul_n_layer: 1,
          turbo_decoder_min: 1,
          turbo_decoder_avg: 2.734,
          turbo_decoder_max: 5,
          cqi: 15,
          ri: 2,
          ul_rank: 1,
          initial_ta: 1
        }
      ]
    }
  ],
  time: 2687.857,
  utc: 1744106297.547
}

