{
  message: ready,
  type: ENB,
  name: ENB,
  version: 2023-06-10,
  time: 372.269,
  utc: 1744187932.411
}
{
  message: ue_get,
  ue_list: [
    {
      ran_ue_id: 4,
      amf_ue_id: 103,
      qos_flow_list: [
        {
          pdu_session_id: 1,
          dl_total_bytes: 14866,
          ul_total_bytes: 8540,
          sst: 1
        },
        {
          pdu_session_id: 2,
          dl_total_bytes: 676856,
          ul_total_bytes: 6283057263,
          sst: 1
        }
      ],
      rnti: 17924,
      cells: [
        {
          cell_id: 1,
          dl_bitrate: 135940,
          ul_bitrate: 173826212,
          dl_tx: 96,
          ul_tx: 1582,
          dl_err: 0,
          ul_err: 0,
          dl_retx: 19,
          ul_retx: 21,
          pusch_snr: 19,
          epre: -101.5,
          ul_phr: -6,
          ul_path_loss: 87.9,
          p_ue: 22,
          dl_mcs: 21.3,
          ul_mcs: 18,
          ul_n_layer: 1,
          turbo_decoder_min: 1,
          turbo_decoder_avg: 3.05,
          turbo_decoder_max: 5,
          cqi: 15,
          ri: 2,
          ul_rank: 1,
          initial_ta: 1
        }
      ]
    }
  ],
  time: 372.271,
  utc: 1744187932.422
}

