{
  message: ready,
  type: ENB,
  name: ENB,
  version: 2023-06-10,
  time: 1418.487,
  utc: 1744831650.176
}
{
  message: ue_get,
  ue_list: [
    {
      ran_ue_id: 13,
      amf_ue_id: 112,
      qos_flow_list: [],
      rnti: 17933,
      cells: [
        {
          cell_id: 1,
          dl_bitrate: 2,
          ul_bitrate: 0,
          dl_tx: 6,
          ul_tx: 4,
          dl_err: 8,
          ul_err: 25,
          dl_retx: 45,
          ul_retx: 127,
          pusch_snr: 8.7,
          epre: -112.2,
          ul_phr: -12,
          ul_path_loss: 120.5,
          p_ue: 24,
          dl_mcs: 7.9,
          ul_mcs: 8.4,
          ul_n_layer: 1,
          turbo_decoder_min: 1,
          turbo_decoder_avg: 4.893,
          turbo_decoder_max: 5,
          cqi: 1,
          ri: 2,
          ul_rank: 1,
          initial_ta: 1
        }
      ]
    },
    {
      ran_ue_id: 3,
      amf_ue_id: 102,
      qos_flow_list: [
        {
          pdu_session_id: 1,
          dl_total_bytes: 7593,
          ul_total_bytes: 7459,
          sst: 1
        },
        {
          pdu_session_id: 2,
          dl_total_bytes: 1502605,
          ul_total_bytes: 15520301214,
          sst: 1
        }
      ],
      rnti: 17923,
      cells: [
        {
          cell_id: 1,
          dl_bitrate: 178574,
          ul_bitrate: 92641830,
          dl_tx: 105,
          ul_tx: 1019,
          dl_err: 0,
          ul_err: 0,
          dl_retx: 0,
          ul_retx: 0,
          pusch_snr: 26.8,
          epre: -90.3,
          ul_phr: -9,
          ul_path_loss: 77.2,
          p_ue: 22,
          dl_mcs: 27.9,
          ul_mcs: 18.1,
          ul_n_layer: 1,
          turbo_decoder_min: 0,
          turbo_decoder_avg: 1.991,
          turbo_decoder_max: 3,
          cqi: 15,
          ri: 2,
          ul_rank: 1,
          initial_ta: 1
        }
      ]
    }
  ],
  time: 1418.489,
  utc: 1744831650.187
}

