{
  message: ready,
  type: ENB,
  name: ENB,
  version: 2023-06-10,
  time: 2657.916,
  utc: 1744047787.654
}
{
  message: ue_get,
  ue_list: [
    {
      ran_ue_id: 4,
      amf_ue_id: 103,
      qos_flow_list: [
        {
          pdu_session_id: 1,
          dl_total_bytes: 15224,
          ul_total_bytes: 8926,
          sst: 1
        },
        {
          pdu_session_id: 2,
          dl_total_bytes: 9462439,
          ul_total_bytes: 39828973468,
          sst: 1
        }
      ],
      rnti: 17924,
      cells: [
        {
          cell_id: 1,
          dl_bitrate: 221581,
          ul_bitrate: 134026940,
          dl_tx: 109,
          ul_tx: 1028,
          dl_err: 0,
          ul_err: 0,
          dl_retx: 0,
          ul_retx: 10,
          pusch_snr: 26.1,
          epre: -93.6,
          ul_phr: 9,
          ul_path_loss: 68.4,
          p_ue: 10,
          dl_mcs: 27.9,
          ul_mcs: 24,
          ul_n_layer: 1,
          turbo_decoder_min: 1,
          turbo_decoder_avg: 2.592,
          turbo_decoder_max: 5,
          cqi: 15,
          ri: 2,
          ul_rank: 1,
          initial_ta: 1
        }
      ]
    }
  ],
  time: 2657.918,
  utc: 1744047787.664
}

