{
  message: ready,
  type: ENB,
  name: ENB,
  version: 2023-06-10,
  time: 2240.263,
  utc: 1744073603.237
}
{
  message: ue_get,
  ue_list: [
    {
      ran_ue_id: 46,
      amf_ue_id: 102,
      qos_flow_list: [
        {
          pdu_session_id: 1,
          dl_total_bytes: 15141,
          ul_total_bytes: 8842,
          sst: 1
        },
        {
          pdu_session_id: 2,
          dl_total_bytes: 4731677,
          ul_total_bytes: 26285572508,
          sst: 1
        }
      ],
      rnti: 17986,
      cells: [
        {
          cell_id: 1,
          dl_bitrate: 136794,
          ul_bitrate: 125906792,
          dl_tx: 78,
          ul_tx: 938,
          dl_err: 0,
          ul_err: 0,
          dl_retx: 3,
          ul_retx: 3,
          pusch_snr: 25.4,
          epre: -94.7,
          ul_phr: -2,
          ul_path_loss: 78,
          p_ue: 19,
          dl_mcs: 23.3,
          ul_mcs: 22.7,
          ul_n_layer: 1,
          turbo_decoder_min: 1,
          turbo_decoder_avg: 2.252,
          turbo_decoder_max: 5,
          cqi: 14,
          ri: 2,
          ul_rank: 1,
          initial_ta: 1
        }
      ]
    }
  ],
  time: 2240.265,
  utc: 1744073603.248
}

