{
  message: ready,
  type: ENB,
  name: ENB,
  version: 2023-06-10,
  time: 1985.81,
  utc: 1744108486.181
}
{
  message: ue_get,
  ue_list: [
    {
      ran_ue_id: 61,
      amf_ue_id: 134,
      qos_flow_list: [],
      rnti: 17981,
      cells: [
        {
          cell_id: 1,
          dl_bitrate: 0,
          ul_bitrate: 0,
          dl_tx: 0,
          ul_tx: 0,
          dl_err: 0,
          ul_err: 0,
          dl_retx: 0,
          ul_retx: 0,
          pusch_snr: 9.4,
          epre: -111.7,
          cqi: 0,
          ri: 2,
          ul_rank: 1,
          initial_ta: 1
        }
      ]
    },
    {
      ran_ue_id: 6,
      amf_ue_id: 105,
      qos_flow_list: [
        {
          pdu_session_id: 1,
          dl_total_bytes: 9833,
          ul_total_bytes: 7857,
          sst: 1
        },
        {
          pdu_session_id: 2,
          dl_total_bytes: 4885245,
          ul_total_bytes: 29003081169,
          sst: 1
        }
      ],
      rnti: 17926,
      cells: [
        {
          cell_id: 1,
          dl_bitrate: 208435,
          ul_bitrate: 150074870,
          dl_tx: 93,
          ul_tx: 1384,
          dl_err: 0,
          ul_err: 0,
          dl_retx: 1,
          ul_retx: 16,
          pusch_snr: 20.7,
          epre: -99.3,
          ul_phr: 8,
          ul_path_loss: 78.4,
          p_ue: 14,
          dl_mcs: 23.5,
          ul_mcs: 17.9,
          ul_n_layer: 1,
          turbo_decoder_min: 0,
          turbo_decoder_avg: 2.313,
          turbo_decoder_max: 5,
          cqi: 15,
          ri: 2,
          ul_rank: 1,
          initial_ta: 1
        }
      ]
    }
  ],
  time: 1985.812,
  utc: 1744108486.192
}

