{
  message: ready,
  type: ENB,
  name: ENB,
  version: 2023-06-10,
  time: 321.015,
  utc: 1744045450.753
}
{
  message: ue_get,
  ue_list: [
    {
      ran_ue_id: 4,
      amf_ue_id: 103,
      qos_flow_list: [
        {
          pdu_session_id: 1,
          dl_total_bytes: 14856,
          ul_total_bytes: 8522,
          sst: 1
        },
        {
          pdu_session_id: 2,
          dl_total_bytes: 551429,
          ul_total_bytes: 3820060595,
          sst: 1
        }
      ],
      rnti: 17924,
      cells: [
        {
          cell_id: 1,
          dl_bitrate: 174615,
          ul_bitrate: 115499222,
          dl_tx: 113,
          ul_tx: 1063,
          dl_err: 0,
          ul_err: 0,
          dl_retx: 0,
          ul_retx: 10,
          pusch_snr: 23.4,
          epre: -97.4,
          ul_phr: 12,
          ul_path_loss: 69.2,
          p_ue: 7,
          dl_mcs: 28,
          ul_mcs: 21.4,
          ul_n_layer: 1,
          turbo_decoder_min: 1,
          turbo_decoder_avg: 2.694,
          turbo_decoder_max: 5,
          cqi: 15,
          ri: 2,
          ul_rank: 1,
          initial_ta: 1
        }
      ]
    }
  ],
  time: 321.016,
  utc: 1744045450.763
}

