{
  message: ready,
  type: ENB,
  name: ENB,
  version: 2023-06-10,
  time: 331.661,
  utc: 1744045461.398
}
{
  message: ue_get,
  ue_list: [
    {
      ran_ue_id: 4,
      amf_ue_id: 103,
      qos_flow_list: [
        {
          pdu_session_id: 1,
          dl_total_bytes: 14856,
          ul_total_bytes: 8522,
          sst: 1
        },
        {
          pdu_session_id: 2,
          dl_total_bytes: 570971,
          ul_total_bytes: 3972228994,
          sst: 1
        }
      ],
      rnti: 17924,
      cells: [
        {
          cell_id: 1,
          dl_bitrate: 169443,
          ul_bitrate: 115782871,
          dl_tx: 110,
          ul_tx: 1031,
          dl_err: 0,
          ul_err: 0,
          dl_retx: 0,
          ul_retx: 8,
          pusch_snr: 22.5,
          epre: -97.9,
          ul_phr: 12,
          ul_path_loss: 69.1,
          p_ue: 7,
          dl_mcs: 28,
          ul_mcs: 21.4,
          ul_n_layer: 1,
          turbo_decoder_min: 1,
          turbo_decoder_avg: 2.724,
          turbo_decoder_max: 5,
          cqi: 15,
          ri: 2,
          ul_rank: 1,
          initial_ta: 1
        }
      ]
    }
  ],
  time: 331.662,
  utc: 1744045461.409
}

