{
  message: ready,
  type: ENB,
  name: ENB,
  version: 2023-06-10,
  time: 130.427,
  utc: 1744202122.877
}
{
  message: ue_get,
  ue_list: [
    {
      ran_ue_id: 3,
      amf_ue_id: 102,
      qos_flow_list: [
        {
          pdu_session_id: 1,
          dl_total_bytes: 9465,
          ul_total_bytes: 7431,
          sst: 1
        },
        {
          pdu_session_id: 2,
          dl_total_bytes: 247366,
          ul_total_bytes: 638934550,
          sst: 1
        }
      ],
      rnti: 17923,
      cells: [
        {
          cell_id: 1,
          dl_bitrate: 88900,
          ul_bitrate: 85098656,
          dl_tx: 89,
          ul_tx: 1549,
          dl_err: 0,
          ul_err: 0,
          dl_retx: 8,
          ul_retx: 19,
          pusch_snr: 9.8,
          epre: -111,
          ul_phr: -15,
          ul_path_loss: 98.8,
          p_ue: 23,
          dl_mcs: 14.8,
          ul_mcs: 9.2,
          ul_n_layer: 1,
          turbo_decoder_min: 2,
          turbo_decoder_avg: 3.581,
          turbo_decoder_max: 5,
          cqi: 12,
          ri: 2,
          ul_rank: 1,
          initial_ta: 0
        }
      ]
    }
  ],
  time: 130.428,
  utc: 1744202122.888
}

