{
  message: ready,
  type: ENB,
  name: ENB,
  version: 2023-06-10,
  time: 2516.896,
  utc: 1744195897.247
}
{
  message: ue_get,
  ue_list: [
    {
      ran_ue_id: 4,
      amf_ue_id: 103,
      qos_flow_list: [
        {
          pdu_session_id: 1,
          dl_total_bytes: 16076,
          ul_total_bytes: 9049,
          sst: 1
        },
        {
          pdu_session_id: 2,
          dl_total_bytes: 8633707,
          ul_total_bytes: 50913010343,
          sst: 1
        }
      ],
      rnti: 17924,
      cells: [
        {
          cell_id: 1,
          dl_bitrate: 139850,
          ul_bitrate: 181602981,
          dl_tx: 90,
          ul_tx: 1502,
          dl_err: 0,
          ul_err: 0,
          dl_retx: 1,
          ul_retx: 4,
          pusch_snr: 21.6,
          epre: -99.3,
          ul_phr: 17,
          ul_path_loss: 68.3,
          p_ue: 5,
          dl_mcs: 23,
          ul_mcs: 19.3,
          ul_n_layer: 1,
          turbo_decoder_min: 1,
          turbo_decoder_avg: 2.707,
          turbo_decoder_max: 5,
          cqi: 15,
          ri: 2,
          ul_rank: 1,
          initial_ta: 0
        }
      ]
    }
  ],
  time: 2516.898,
  utc: 1744195897.258
}

