{
  message: ready,
  type: ENB,
  name: ENB,
  version: 2023-06-10,
  time: 925.709,
  utc: 1744110348.06
}
{
  message: ue_get,
  ue_list: [
    {
      ran_ue_id: 23,
      amf_ue_id: 115,
      qos_flow_list: [
        {
          pdu_session_id: 2,
          dl_total_bytes: 60,
          ul_total_bytes: 4004,
          sst: 1
        }
      ],
      rnti: 17950,
      cells: [
        {
          cell_id: 1,
          dl_bitrate: 766,
          ul_bitrate: 4279,
          dl_tx: 2,
          ul_tx: 8,
          dl_err: 0,
          ul_err: 0,
          dl_retx: 0,
          ul_retx: 0,
          pusch_snr: 6.1,
          epre: -115,
          ul_phr: -22,
          ul_path_loss: 102.1,
          p_ue: 8,
          dl_mcs: 6,
          ul_mcs: 4,
          ul_n_layer: 1,
          turbo_decoder_min: 1,
          turbo_decoder_avg: 1.25,
          turbo_decoder_max: 2,
          cqi: 6,
          ri: 2,
          ul_rank: 1,
          initial_ta: 1
        }
      ]
    },
    {
      ran_ue_id: 5,
      amf_ue_id: 103,
      qos_flow_list: [
        {
          pdu_session_id: 1,
          dl_total_bytes: 14956,
          ul_total_bytes: 8645,
          sst: 1
        },
        {
          pdu_session_id: 2,
          dl_total_bytes: 1644834,
          ul_total_bytes: 13941836276,
          sst: 1
        }
      ],
      rnti: 17925,
      cells: [
        {
          cell_id: 1,
          dl_bitrate: 124613,
          ul_bitrate: 135365998,
          dl_tx: 95,
          ul_tx: 1366,
          dl_err: 0,
          ul_err: 0,
          dl_retx: 24,
          ul_retx: 15,
          pusch_snr: 18.9,
          epre: -101.9,
          ul_phr: -4,
          ul_path_loss: 88.1,
          p_ue: 22,
          dl_mcs: 21.4,
          ul_mcs: 16.9,
          ul_n_layer: 1,
          turbo_decoder_min: 0,
          turbo_decoder_avg: 2.633,
          turbo_decoder_max: 5,
          cqi: 14,
          ri: 2,
          ul_rank: 1,
          initial_ta: 0
        }
      ]
    }
  ],
  time: 925.711,
  utc: 1744110348.07
}

