{
  message: ready,
  type: ENB,
  name: ENB,
  version: 2023-06-10,
  time: 2594.43,
  utc: 1744109094.8
}
{
  message: ue_get,
  ue_list: [
    {
      ran_ue_id: 6,
      amf_ue_id: 105,
      qos_flow_list: [
        {
          pdu_session_id: 1,
          dl_total_bytes: 9833,
          ul_total_bytes: 7857,
          sst: 1
        },
        {
          pdu_session_id: 2,
          dl_total_bytes: 8759397,
          ul_total_bytes: 38416638336,
          sst: 1
        }
      ],
      rnti: 17926,
      cells: [
        {
          cell_id: 1,
          dl_bitrate: 123828,
          ul_bitrate: 145683798,
          dl_tx: 81,
          ul_tx: 1229,
          dl_err: 0,
          ul_err: 0,
          dl_retx: 0,
          ul_retx: 4,
          pusch_snr: 21.6,
          epre: -99.2,
          ul_phr: 4,
          ul_path_loss: 78.4,
          p_ue: 15,
          dl_mcs: 24,
          ul_mcs: 19.9,
          ul_n_layer: 1,
          turbo_decoder_min: 1,
          turbo_decoder_avg: 3.009,
          turbo_decoder_max: 5,
          cqi: 15,
          ri: 2,
          ul_rank: 1,
          initial_ta: 1
        }
      ]
    }
  ],
  time: 2594.431,
  utc: 1744109094.811
}

