{
  message: ready,
  type: ENB,
  name: ENB,
  version: 2023-06-10,
  time: 2618.955,
  utc: 1744109119.325
}
{
  message: ue_get,
  ue_list: [
    {
      ran_ue_id: 6,
      amf_ue_id: 105,
      qos_flow_list: [
        {
          pdu_session_id: 1,
          dl_total_bytes: 9833,
          ul_total_bytes: 7857,
          sst: 1
        },
        {
          pdu_session_id: 2,
          dl_total_bytes: 8948766,
          ul_total_bytes: 38805481556,
          sst: 1
        }
      ],
      rnti: 17926,
      cells: [
        {
          cell_id: 1,
          dl_bitrate: 130296,
          ul_bitrate: 129232738,
          dl_tx: 84,
          ul_tx: 1210,
          dl_err: 0,
          ul_err: 0,
          dl_retx: 1,
          ul_retx: 1,
          pusch_snr: 26.9,
          epre: -91.7,
          ul_phr: -9,
          ul_path_loss: 77.9,
          p_ue: 22,
          dl_mcs: 24.3,
          ul_mcs: 18.1,
          ul_n_layer: 1,
          turbo_decoder_min: 1,
          turbo_decoder_avg: 1.376,
          turbo_decoder_max: 5,
          cqi: 15,
          ri: 2,
          ul_rank: 1,
          initial_ta: 1
        }
      ]
    }
  ],
  time: 2618.957,
  utc: 1744109119.336
}

