{
  message: ready,
  type: ENB,
  name: ENB,
  version: 2023-06-10,
  time: 532.077,
  utc: 1744107032.448
}
{
  message: ue_get,
  ue_list: [
    {
      ran_ue_id: 6,
      amf_ue_id: 105,
      qos_flow_list: [
        {
          pdu_session_id: 1,
          dl_total_bytes: 9465,
          ul_total_bytes: 7453,
          sst: 1
        },
        {
          pdu_session_id: 2,
          dl_total_bytes: 800355,
          ul_total_bytes: 6551106321,
          sst: 1
        }
      ],
      rnti: 17926,
      cells: [
        {
          cell_id: 1,
          dl_bitrate: 131532,
          ul_bitrate: 149326137,
          dl_tx: 91,
          ul_tx: 1310,
          dl_err: 0,
          ul_err: 0,
          dl_retx: 68,
          ul_retx: 25,
          pusch_snr: 20.9,
          epre: -99.8,
          ul_phr: 4,
          ul_path_loss: 77.9,
          p_ue: 15,
          dl_mcs: 22.5,
          ul_mcs: 18.7,
          ul_n_layer: 1,
          turbo_decoder_min: 1,
          turbo_decoder_avg: 2.498,
          turbo_decoder_max: 5,
          cqi: 15,
          ri: 2,
          ul_rank: 1,
          initial_ta: 1
        }
      ]
    }
  ],
  time: 532.079,
  utc: 1744107032.458
}

