{
  message: ready,
  type: ENB,
  name: ENB,
  version: 2023-06-10,
  time: 2756.848,
  utc: 1744210554.318
}
{
  message: ue_get,
  ue_list: [
    {
      ran_ue_id: 111,
      amf_ue_id: 166,
      qos_flow_list: [
        {
          pdu_session_id: 1,
          dl_total_bytes: 715,
          ul_total_bytes: 1423,
          sst: 1
        }
      ],
      rnti: 18031,
      cells: [
        {
          cell_id: 1,
          dl_bitrate: 3116,
          ul_bitrate: 1886,
          dl_tx: 2,
          ul_tx: 1,
          dl_err: 0,
          ul_err: 0,
          dl_retx: 0,
          ul_retx: 0,
          pusch_snr: 24,
          epre: -97.2,
          ul_phr: 17,
          ul_path_loss: 80.1,
          p_ue: 1,
          dl_mcs: 25,
          ul_mcs: 23,
          ul_n_layer: 1,
          turbo_decoder_min: 3,
          turbo_decoder_avg: 3,
          turbo_decoder_max: 3,
          cqi: 15,
          ri: 2,
          ul_rank: 1,
          initial_ta: 0
        }
      ]
    },
    {
      ran_ue_id: 3,
      amf_ue_id: 102,
      qos_flow_list: [
        {
          pdu_session_id: 1,
          dl_total_bytes: 26810,
          ul_total_bytes: 10636,
          sst: 1
        },
        {
          pdu_session_id: 2,
          dl_total_bytes: 10198171,
          ul_total_bytes: 56035984267,
          sst: 1
        }
      ],
      rnti: 17923,
      cells: [
        {
          cell_id: 1,
          dl_bitrate: 170803,
          ul_bitrate: 178087709,
          dl_tx: 93,
          ul_tx: 1455,
          dl_err: 0,
          ul_err: 0,
          dl_retx: 1,
          ul_retx: 3,
          pusch_snr: 21.6,
          epre: -99.3,
          ul_phr: 22,
          ul_path_loss: 79.1,
          p_ue: -3,
          dl_mcs: 24,
          ul_mcs: 20.8,
          ul_n_layer: 1,
          turbo_decoder_min: 1,
          turbo_decoder_avg: 2.892,
          turbo_decoder_max: 5,
          cqi: 15,
          ri: 2,
          ul_rank: 1,
          initial_ta: 1
        }
      ]
    }
  ],
  time: 2756.849,
  utc: 1744210554.328
}

