{
  message: ready,
  type: ENB,
  name: ENB,
  version: 2023-06-10,
  time: 1736.454,
  utc: 1744111158.804
}
{
  message: ue_get,
  ue_list: [
    {
      ran_ue_id: 5,
      amf_ue_id: 103,
      qos_flow_list: [
        {
          pdu_session_id: 1,
          dl_total_bytes: 15048,
          ul_total_bytes: 8746,
          sst: 1
        },
        {
          pdu_session_id: 2,
          dl_total_bytes: 4249073,
          ul_total_bytes: 27236074510,
          sst: 1
        }
      ],
      rnti: 17925,
      cells: [
        {
          cell_id: 1,
          dl_bitrate: 101783,
          ul_bitrate: 142529027,
          dl_tx: 84,
          ul_tx: 1346,
          dl_err: 0,
          ul_err: 0,
          dl_retx: 10,
          ul_retx: 19,
          pusch_snr: 19.4,
          epre: -101.3,
          ul_phr: -7,
          ul_path_loss: 84.4,
          p_ue: 22,
          dl_mcs: 18.9,
          ul_mcs: 17.5,
          ul_n_layer: 1,
          turbo_decoder_min: 1,
          turbo_decoder_avg: 2.85,
          turbo_decoder_max: 5,
          cqi: 13,
          ri: 2,
          ul_rank: 1,
          initial_ta: 0
        }
      ]
    }
  ],
  time: 1736.455,
  utc: 1744111158.814
}

