{
  message: ready,
  type: ENB,
  name: ENB,
  version: 2023-06-10,
  time: 2547.173,
  utc: 1744190107.314
}
{
  message: ue_get,
  ue_list: [
    {
      ran_ue_id: 4,
      amf_ue_id: 103,
      qos_flow_list: [
        {
          pdu_session_id: 1,
          dl_total_bytes: 15234,
          ul_total_bytes: 8944,
          sst: 1
        },
        {
          pdu_session_id: 2,
          dl_total_bytes: 8787142,
          ul_total_bytes: 51478412079,
          sst: 1
        }
      ],
      rnti: 17924,
      cells: [
        {
          cell_id: 1,
          dl_bitrate: 192200,
          ul_bitrate: 160671642,
          dl_tx: 97,
          ul_tx: 1480,
          dl_err: 0,
          ul_err: 0,
          dl_retx: 64,
          ul_retx: 79,
          pusch_snr: 18.9,
          epre: -101.5,
          ul_phr: -3,
          ul_path_loss: 87.7,
          p_ue: 22,
          dl_mcs: 21.1,
          ul_mcs: 17.9,
          ul_n_layer: 1,
          turbo_decoder_min: 1,
          turbo_decoder_avg: 2.987,
          turbo_decoder_max: 5,
          cqi: 14,
          ri: 2,
          ul_rank: 1,
          initial_ta: 1
        }
      ]
    }
  ],
  time: 2547.174,
  utc: 1744190107.325
}

