{
  message: ready,
  type: ENB,
  name: ENB,
  version: 2023-06-10,
  time: 1055.117,
  utc: 1744075663.271
}
{
  message: ue_get,
  ue_list: [
    {
      ran_ue_id: 4,
      amf_ue_id: 103,
      qos_flow_list: [
        {
          pdu_session_id: 1,
          dl_total_bytes: 15049,
          ul_total_bytes: 8741,
          sst: 1
        },
        {
          pdu_session_id: 2,
          dl_total_bytes: 1968870,
          ul_total_bytes: 15931758622,
          sst: 1
        }
      ],
      rnti: 17924,
      cells: [
        {
          cell_id: 1,
          dl_bitrate: 119591,
          ul_bitrate: 135780482,
          dl_tx: 91,
          ul_tx: 1450,
          dl_err: 0,
          ul_err: 0,
          dl_retx: 21,
          ul_retx: 2,
          pusch_snr: 19,
          epre: -101.6,
          ul_phr: -11,
          ul_path_loss: 88.1,
          p_ue: 22,
          dl_mcs: 21,
          ul_mcs: 16.1,
          ul_n_layer: 1,
          turbo_decoder_min: 0,
          turbo_decoder_avg: 2.109,
          turbo_decoder_max: 5,
          cqi: 14,
          ri: 2,
          ul_rank: 1,
          initial_ta: 0
        }
      ]
    }
  ],
  time: 1055.119,
  utc: 1744075663.282
}

