{
  message: ready,
  type: ENB,
  name: ENB,
  version: 2023-06-10,
  time: 1454.142,
  utc: 1744069909.677
}
{
  message: ue_get,
  ue_list: [
    {
      ran_ue_id: 4,
      amf_ue_id: 103,
      qos_flow_list: [
        {
          pdu_session_id: 1,
          dl_total_bytes: 15121,
          ul_total_bytes: 9548,
          sst: 1
        },
        {
          pdu_session_id: 2,
          dl_total_bytes: 3238675,
          ul_total_bytes: 19159540100,
          sst: 1
        }
      ],
      rnti: 17924,
      cells: [
        {
          cell_id: 1,
          dl_bitrate: 117964,
          ul_bitrate: 85357814,
          dl_tx: 54,
          ul_tx: 574,
          dl_err: 0,
          ul_err: 0,
          dl_retx: 2,
          ul_retx: 2,
          pusch_snr: 27.2,
          epre: -92.5,
          ul_phr: 28,
          ul_path_loss: 69.7,
          p_ue: -9,
          dl_mcs: 25.5,
          ul_mcs: 24.2,
          ul_n_layer: 1,
          turbo_decoder_min: 1,
          turbo_decoder_avg: 2.12,
          turbo_decoder_max: 5,
          cqi: 14,
          ri: 2,
          ul_rank: 1,
          initial_ta: 1
        }
      ]
    }
  ],
  time: 1454.144,
  utc: 1744069909.688
}

