{
  message: ready,
  type: ENB,
  name: ENB,
  version: 2023-06-10,
  time: 2250.127,
  utc: 1744097148.308
}
{
  message: ue_get,
  ue_list: [
    {
      ran_ue_id: 3,
      amf_ue_id: 102,
      qos_flow_list: [
        {
          pdu_session_id: 1,
          dl_total_bytes: 15285,
          ul_total_bytes: 9004,
          sst: 1
        },
        {
          pdu_session_id: 2,
          dl_total_bytes: 6680955,
          ul_total_bytes: 29783130730,
          sst: 1
        }
      ],
      rnti: 17923,
      cells: [
        {
          cell_id: 1,
          dl_bitrate: 118599,
          ul_bitrate: 141305699,
          dl_tx: 80,
          ul_tx: 1144,
          dl_err: 0,
          ul_err: 0,
          dl_retx: 62,
          ul_retx: 16,
          pusch_snr: 21.7,
          epre: -98.6,
          ul_phr: 4,
          ul_path_loss: 78.2,
          p_ue: 15,
          dl_mcs: 23,
          ul_mcs: 20.4,
          ul_n_layer: 1,
          turbo_decoder_min: 1,
          turbo_decoder_avg: 3.031,
          turbo_decoder_max: 5,
          cqi: 15,
          ri: 2,
          ul_rank: 1,
          initial_ta: 1
        }
      ]
    }
  ],
  time: 2250.129,
  utc: 1744097148.319
}

