{
  message: ready,
  type: ENB,
  name: ENB,
  version: 2023-06-10,
  time: 957.901,
  utc: 1743865180.957
}
{
  message: ue_get,
  ue_list: [
    {
      ran_ue_id: 3,
      amf_ue_id: 102,
      qos_flow_list: [
        {
          pdu_session_id: 1,
          dl_total_bytes: 14958,
          ul_total_bytes: 8647,
          sst: 1
        },
        {
          pdu_session_id: 2,
          dl_total_bytes: 1386440,
          ul_total_bytes: 19922641302,
          sst: 1
        }
      ],
      rnti: 17923,
      cells: [
        {
          cell_id: 1,
          dl_bitrate: 165921,
          ul_bitrate: 208218063,
          dl_tx: 99,
          ul_tx: 1274,
          dl_err: 0,
          ul_err: 0,
          dl_retx: 4,
          ul_retx: 14,
          pusch_snr: 29.3,
          epre: -89.6,
          ul_phr: 4,
          ul_path_loss: 68.5,
          p_ue: 15,
          dl_mcs: 23,
          ul_mcs: 26.1,
          ul_n_layer: 1,
          turbo_decoder_min: 1,
          turbo_decoder_avg: 2.088,
          turbo_decoder_max: 5,
          cqi: 15,
          ri: 2,
          ul_rank: 1,
          initial_ta: 1
        }
      ]
    }
  ],
  time: 957.903,
  utc: 1743865180.968
}

