{
  message: ready,
  type: ENB,
  name: ENB,
  version: 2023-06-10,
  time: 602.949,
  utc: 1744051474.126
}
{
  message: ue_get,
  ue_list: [
    {
      ran_ue_id: 5,
      amf_ue_id: 104,
      qos_flow_list: [
        {
          pdu_session_id: 1,
          dl_total_bytes: 9463,
          ul_total_bytes: 7457,
          sst: 1
        },
        {
          pdu_session_id: 2,
          dl_total_bytes: 1003934,
          ul_total_bytes: 5925917027,
          sst: 1
        }
      ],
      rnti: 17925,
      cells: [
        {
          cell_id: 1,
          dl_bitrate: 143908,
          ul_bitrate: 73742945,
          dl_tx: 110,
          ul_tx: 1047,
          dl_err: 0,
          ul_err: 0,
          dl_retx: 0,
          ul_retx: 0,
          pusch_snr: 19.3,
          epre: -101.6,
          ul_phr: -13,
          ul_path_loss: 87.8,
          p_ue: 22,
          dl_mcs: 24.5,
          ul_mcs: 14,
          ul_n_layer: 1,
          turbo_decoder_min: 1,
          turbo_decoder_avg: 1.997,
          turbo_decoder_max: 3,
          cqi: 15,
          ri: 2,
          ul_rank: 1,
          initial_ta: 2
        }
      ]
    }
  ],
  time: 602.951,
  utc: 1744051474.137
}

