{
  message: ready,
  type: ENB,
  name: ENB,
  version: 2023-06-10,
  time: 2203.816,
  utc: 1744082584.359
}
{
  message: ue_get,
  ue_list: [
    {
      ran_ue_id: 4,
      amf_ue_id: 103,
      qos_flow_list: [
        {
          pdu_session_id: 1,
          dl_total_bytes: 15225,
          ul_total_bytes: 8943,
          sst: 1
        },
        {
          pdu_session_id: 2,
          dl_total_bytes: 6475264,
          ul_total_bytes: 28088873960,
          sst: 1
        }
      ],
      rnti: 17924,
      cells: [
        {
          cell_id: 1,
          dl_bitrate: 153214,
          ul_bitrate: 86420081,
          dl_tx: 57,
          ul_tx: 697,
          dl_err: 0,
          ul_err: 0,
          dl_retx: 0,
          ul_retx: 0,
          pusch_snr: 21.5,
          epre: -99.4,
          ul_phr: 30,
          ul_path_loss: 67.9,
          p_ue: -11,
          dl_mcs: 25,
          ul_mcs: 21,
          ul_n_layer: 1,
          turbo_decoder_min: 1,
          turbo_decoder_avg: 2.202,
          turbo_decoder_max: 5,
          cqi: 15,
          ri: 2,
          ul_rank: 1,
          initial_ta: 1
        }
      ]
    }
  ],
  time: 2203.818,
  utc: 1744082584.371
}

