{
  message: ready,
  type: ENB,
  name: ENB,
  version: 2023-06-10,
  time: 381.988,
  utc: 1744080762.532
}
{
  message: ue_get,
  ue_list: [
    {
      ran_ue_id: 4,
      amf_ue_id: 103,
      qos_flow_list: [
        {
          pdu_session_id: 1,
          dl_total_bytes: 14857,
          ul_total_bytes: 8539,
          sst: 1
        },
        {
          pdu_session_id: 2,
          dl_total_bytes: 691756,
          ul_total_bytes: 4152273660,
          sst: 1
        }
      ],
      rnti: 17924,
      cells: [
        {
          cell_id: 1,
          dl_bitrate: 78422,
          ul_bitrate: 78800491,
          dl_tx: 50,
          ul_tx: 495,
          dl_err: 0,
          ul_err: 0,
          dl_retx: 0,
          ul_retx: 10,
          pusch_snr: 31.8,
          epre: -87,
          ul_phr: 26,
          ul_path_loss: 67.9,
          p_ue: -7,
          dl_mcs: 23.5,
          ul_mcs: 25.6,
          ul_n_layer: 1,
          turbo_decoder_min: 1,
          turbo_decoder_avg: 2.151,
          turbo_decoder_max: 5,
          cqi: 15,
          ri: 2,
          ul_rank: 1,
          initial_ta: 1
        }
      ]
    }
  ],
  time: 381.991,
  utc: 1744080762.543
}

