{
  message: ready,
  type: ENB,
  name: ENB,
  version: 2023-06-10,
  time: 2815.197,
  utc: 1744201932.567
}
{
  message: ue_get,
  ue_list: [
    {
      ran_ue_id: 4,
      amf_ue_id: 103,
      qos_flow_list: [
        {
          pdu_session_id: 1,
          dl_total_bytes: 15417,
          ul_total_bytes: 9151,
          sst: 1
        },
        {
          pdu_session_id: 2,
          dl_total_bytes: 10451855,
          ul_total_bytes: 51499088119,
          sst: 1
        }
      ],
      rnti: 17924,
      cells: [
        {
          cell_id: 1,
          dl_bitrate: 197264,
          ul_bitrate: 175212544,
          dl_tx: 100,
          ul_tx: 1616,
          dl_err: 0,
          ul_err: 0,
          dl_retx: 2,
          ul_retx: 7,
          pusch_snr: 18.7,
          epre: -101.5,
          ul_phr: -9,
          ul_path_loss: 87.7,
          p_ue: 22,
          dl_mcs: 20.9,
          ul_mcs: 18,
          ul_n_layer: 1,
          turbo_decoder_min: 1,
          turbo_decoder_avg: 3.059,
          turbo_decoder_max: 5,
          cqi: 12,
          ri: 2,
          ul_rank: 1,
          initial_ta: 1
        }
      ]
    }
  ],
  time: 2815.198,
  utc: 1744201932.578
}

