{
  message: ready,
  type: ENB,
  name: ENB,
  version: 2023-06-10,
  time: 1922.079,
  utc: 1744859290.906
}
{
  message: ue_get,
  ue_list: [
    {
      ran_ue_id: 4,
      amf_ue_id: 103,
      qos_flow_list: [
        {
          pdu_session_id: 1,
          dl_total_bytes: 7778,
          ul_total_bytes: 7656,
          sst: 1
        },
        {
          pdu_session_id: 2,
          dl_total_bytes: 2570546,
          ul_total_bytes: 21310510314,
          sst: 1
        }
      ],
      rnti: 17924,
      cells: [
        {
          cell_id: 1,
          dl_bitrate: 174422,
          ul_bitrate: 104379814,
          dl_tx: 71,
          ul_tx: 945,
          dl_err: 0,
          ul_err: 0,
          dl_retx: 0,
          ul_retx: 2,
          pusch_snr: 26.4,
          epre: -93.8,
          ul_phr: -6,
          ul_path_loss: 77.1,
          p_ue: 22,
          dl_mcs: 24.2,
          ul_mcs: 19.9,
          ul_n_layer: 1,
          turbo_decoder_min: 1,
          turbo_decoder_avg: 2.131,
          turbo_decoder_max: 5,
          cqi: 14,
          ri: 2,
          ul_rank: 1,
          initial_ta: 1
        }
      ]
    }
  ],
  time: 1922.082,
  utc: 1744859290.917
}

