{
  message: ready,
  type: ENB,
  name: ENB,
  version: 2023-06-10,
  time: 1731.117,
  utc: 1744203723.567
}
{
  message: ue_get,
  ue_list: [
    {
      ran_ue_id: 3,
      amf_ue_id: 102,
      qos_flow_list: [
        {
          pdu_session_id: 1,
          dl_total_bytes: 15065,
          ul_total_bytes: 8719,
          sst: 1
        },
        {
          pdu_session_id: 2,
          dl_total_bytes: 4083035,
          ul_total_bytes: 15053800727,
          sst: 1
        }
      ],
      rnti: 17923,
      cells: [
        {
          cell_id: 1,
          dl_bitrate: 110275,
          ul_bitrate: 83050832,
          dl_tx: 92,
          ul_tx: 1516,
          dl_err: 0,
          ul_err: 0,
          dl_retx: 38,
          ul_retx: 20,
          pusch_snr: 10.4,
          epre: -110.7,
          ul_phr: -13,
          ul_path_loss: 98,
          p_ue: 23,
          dl_mcs: 14.5,
          ul_mcs: 9.1,
          ul_n_layer: 1,
          turbo_decoder_min: 0,
          turbo_decoder_avg: 3.474,
          turbo_decoder_max: 5,
          cqi: 11,
          ri: 2,
          ul_rank: 1,
          initial_ta: 0
        }
      ]
    }
  ],
  time: 1731.119,
  utc: 1744203723.578
}

