{
  message: ready,
  type: ENB,
  name: ENB,
  version: 2023-06-10,
  time: 1051.007,
  utc: 1744182898.89
}
{
  message: ue_get,
  ue_list: [
    {
      ran_ue_id: 24,
      amf_ue_id: 123,
      qos_flow_list: [],
      rnti: 17944,
      cells: [
        {
          cell_id: 1,
          dl_bitrate: 4,
          ul_bitrate: 1,
          dl_tx: 4,
          ul_tx: 3,
          dl_err: 6,
          ul_err: 3,
          dl_retx: 37,
          ul_retx: 21,
          pusch_snr: 16.3,
          epre: -105.2,
          ul_phr: -15,
          ul_path_loss: 112,
          p_ue: 24,
          dl_mcs: 11.7,
          ul_mcs: 7.8,
          ul_n_layer: 1,
          turbo_decoder_min: 1,
          turbo_decoder_avg: 4.5,
          turbo_decoder_max: 5,
          cqi: 4,
          ri: 1,
          ul_rank: 1,
          initial_ta: 1
        }
      ]
    },
    {
      ran_ue_id: 23,
      amf_ue_id: 122,
      qos_flow_list: [
        {
          pdu_session_id: 1,
          dl_total_bytes: 184,
          ul_total_bytes: 202,
          sst: 1
        }
      ],
      rnti: 17943,
      cells: [
        {
          cell_id: 1,
          dl_bitrate: 2937,
          ul_bitrate: 0,
          dl_tx: 2,
          ul_tx: 0,
          dl_err: 0,
          ul_err: 0,
          dl_retx: 0,
          ul_retx: 0,
          pusch_snr: 30.1,
          epre: -89.8,
          ul_phr: -2,
          ul_path_loss: 95.5,
          p_ue: 8,
          dl_mcs: 24,
          cqi: 14,
          ri: 2,
          ul_rank: 1,
          initial_ta: 0
        }
      ]
    },
    {
      ran_ue_id: 3,
      amf_ue_id: 102,
      qos_flow_list: [
        {
          pdu_session_id: 1,
          dl_total_bytes: 15109,
          ul_total_bytes: 8802,
          sst: 1
        },
        {
          pdu_session_id: 2,
          dl_total_bytes: 1937725,
          ul_total_bytes: 19594244186,
          sst: 1
        }
      ],
      rnti: 17923,
      cells: [
        {
          cell_id: 1,
          dl_bitrate: 173261,
          ul_bitrate: 181428656,
          dl_tx: 94,
          ul_tx: 1469,
          dl_err: 0,
          ul_err: 0,
          dl_retx: 1,
          ul_retx: 15,
          pusch_snr: 24.3,
          epre: -96.6,
          ul_phr: 11,
          ul_path_loss: 68.5,
          p_ue: 8,
          dl_mcs: 25,
          ul_mcs: 21,
          ul_n_layer: 1,
          turbo_decoder_min: 1,
          turbo_decoder_avg: 2.165,
          turbo_decoder_max: 5,
          cqi: 15,
          ri: 2,
          ul_rank: 1,
          initial_ta: 1
        }
      ]
    }
  ],
  time: 1051.009,
  utc: 1744182898.901
}

