{
  message: ready,
  type: ENB,
  name: ENB,
  version: 2023-06-10,
  time: 1206.951,
  utc: 1744096105.133
}
{
  message: ue_get,
  ue_list: [
    {
      ran_ue_id: 3,
      amf_ue_id: 102,
      qos_flow_list: [
        {
          pdu_session_id: 1,
          dl_total_bytes: 15101,
          ul_total_bytes: 8802,
          sst: 1
        },
        {
          pdu_session_id: 2,
          dl_total_bytes: 2394078,
          ul_total_bytes: 15450787586,
          sst: 1
        }
      ],
      rnti: 17923,
      cells: [
        {
          cell_id: 1,
          dl_bitrate: 103386,
          ul_bitrate: 111554469,
          dl_tx: 67,
          ul_tx: 893,
          dl_err: 0,
          ul_err: 0,
          dl_retx: 0,
          ul_retx: 0,
          pusch_snr: 23.8,
          epre: -96.3,
          ul_phr: 20,
          ul_path_loss: 76.9,
          p_ue: -1,
          dl_mcs: 23,
          ul_mcs: 20.7,
          ul_n_layer: 1,
          turbo_decoder_min: 1,
          turbo_decoder_avg: 2.106,
          turbo_decoder_max: 4,
          cqi: 15,
          ri: 2,
          ul_rank: 1,
          initial_ta: 1
        }
      ]
    }
  ],
  time: 1206.953,
  utc: 1744096105.144
}

