{
  message: ready,
  type: ENB,
  name: ENB,
  version: 2023-06-10,
  time: 1221.313,
  utc: 1744191671.894
}
{
  message: ue_get,
  ue_list: [
    {
      ran_ue_id: 16,
      amf_ue_id: 115,
      qos_flow_list: [
        {
          pdu_session_id: 2,
          dl_total_bytes: 40,
          ul_total_bytes: 61,
          sst: 1
        }
      ],
      rnti: 17936,
      cells: [
        {
          cell_id: 1,
          dl_bitrate: 417,
          ul_bitrate: 0,
          dl_tx: 2,
          ul_tx: 0,
          dl_err: 0,
          ul_err: 0,
          dl_retx: 1,
          ul_retx: 0,
          pusch_snr: 0.5,
          epre: -120.8,
          ul_phr: -20,
          ul_path_loss: 112.8,
          p_ue: 8,
          dl_mcs: 7,
          cqi: 6,
          ri: 1,
          ul_rank: 1,
          initial_ta: 1
        }
      ]
    },
    {
      ran_ue_id: 3,
      amf_ue_id: 102,
      qos_flow_list: [
        {
          pdu_session_id: 1,
          dl_total_bytes: 15050,
          ul_total_bytes: 8748,
          sst: 1
        },
        {
          pdu_session_id: 2,
          dl_total_bytes: 2464794,
          ul_total_bytes: 10922014672,
          sst: 1
        }
      ],
      rnti: 17923,
      cells: [
        {
          cell_id: 1,
          dl_bitrate: 110316,
          ul_bitrate: 84769914,
          dl_tx: 93,
          ul_tx: 1545,
          dl_err: 0,
          ul_err: 0,
          dl_retx: 17,
          ul_retx: 10,
          pusch_snr: 9.9,
          epre: -111.1,
          ul_phr: -12,
          ul_path_loss: 98.4,
          p_ue: 23,
          dl_mcs: 13.5,
          ul_mcs: 9,
          ul_n_layer: 1,
          turbo_decoder_min: 1,
          turbo_decoder_avg: 3.674,
          turbo_decoder_max: 5,
          cqi: 10,
          ri: 2,
          ul_rank: 1,
          initial_ta: 2
        }
      ]
    }
  ],
  time: 1221.314,
  utc: 1744191671.905
}

