{
  message: ready,
  type: ENB,
  name: ENB,
  version: 2023-06-10,
  time: 1227.72,
  utc: 1744191678.302
}
{
  message: ue_get,
  ue_list: [
    {
      ran_ue_id: 16,
      amf_ue_id: 115,
      qos_flow_list: [
        {
          pdu_session_id: 2,
          dl_total_bytes: 40,
          ul_total_bytes: 61,
          sst: 1
        }
      ],
      rnti: 17936,
      cells: [
        {
          cell_id: 1,
          dl_bitrate: 321,
          ul_bitrate: 0,
          dl_tx: 2,
          ul_tx: 0,
          dl_err: 0,
          ul_err: 0,
          dl_retx: 1,
          ul_retx: 0,
          pusch_snr: 0.5,
          epre: -120.8,
          ul_phr: -20,
          ul_path_loss: 112.8,
          p_ue: 8,
          dl_mcs: 5,
          cqi: 6,
          ri: 1,
          ul_rank: 1,
          initial_ta: 1
        }
      ]
    },
    {
      ran_ue_id: 3,
      amf_ue_id: 102,
      qos_flow_list: [
        {
          pdu_session_id: 1,
          dl_total_bytes: 15050,
          ul_total_bytes: 8748,
          sst: 1
        },
        {
          pdu_session_id: 2,
          dl_total_bytes: 2482791,
          ul_total_bytes: 10989582330,
          sst: 1
        }
      ],
      rnti: 17923,
      cells: [
        {
          cell_id: 1,
          dl_bitrate: 86849,
          ul_bitrate: 85175738,
          dl_tx: 92,
          ul_tx: 1545,
          dl_err: 0,
          ul_err: 0,
          dl_retx: 13,
          ul_retx: 11,
          pusch_snr: 10,
          epre: -111.1,
          ul_phr: -12,
          ul_path_loss: 98.3,
          p_ue: 23,
          dl_mcs: 13.3,
          ul_mcs: 9,
          ul_n_layer: 1,
          turbo_decoder_min: 1,
          turbo_decoder_avg: 3.7,
          turbo_decoder_max: 5,
          cqi: 10,
          ri: 2,
          ul_rank: 1,
          initial_ta: 2
        }
      ]
    }
  ],
  time: 1227.722,
  utc: 1744191678.312
}

