{
  message: ready,
  type: ENB,
  name: ENB,
  version: 2023-06-10,
  time: 585.941,
  utc: 1744078055.885
}
{
  message: ue_get,
  ue_list: [
    {
      ran_ue_id: 3,
      amf_ue_id: 102,
      qos_flow_list: [
        {
          pdu_session_id: 1,
          dl_total_bytes: 14865,
          ul_total_bytes: 8545,
          sst: 1
        },
        {
          pdu_session_id: 2,
          dl_total_bytes: 1028132,
          ul_total_bytes: 4744738516,
          sst: 1
        }
      ],
      rnti: 17923,
      cells: [
        {
          cell_id: 1,
          dl_bitrate: 75984,
          ul_bitrate: 84214045,
          dl_tx: 91,
          ul_tx: 1508,
          dl_err: 0,
          ul_err: 0,
          dl_retx: 3,
          ul_retx: 17,
          pusch_snr: 9.7,
          epre: -111.2,
          ul_phr: -12,
          ul_path_loss: 98.5,
          p_ue: 23,
          dl_mcs: 11,
          ul_mcs: 9.1,
          ul_n_layer: 1,
          turbo_decoder_min: 1,
          turbo_decoder_avg: 3.409,
          turbo_decoder_max: 5,
          cqi: 9,
          ri: 2,
          ul_rank: 1,
          initial_ta: 1
        }
      ]
    }
  ],
  time: 585.944,
  utc: 1744078055.897
}

