{
  message: ready,
  type: ENB,
  name: ENB,
  version: 2023-06-10,
  time: 910.733,
  utc: 1744095808.915
}
{
  message: ue_get,
  ue_list: [
    {
      ran_ue_id: 25,
      amf_ue_id: 121,
      qos_flow_list: [
        {
          pdu_session_id: 2,
          dl_total_bytes: 390,
          ul_total_bytes: 394,
          sst: 1
        }
      ],
      rnti: 17945,
      cells: [
        {
          cell_id: 1,
          dl_bitrate: 2270,
          ul_bitrate: 0,
          dl_tx: 2,
          ul_tx: 0,
          dl_err: 0,
          ul_err: 0,
          dl_retx: 1,
          ul_retx: 0,
          pusch_snr: 18.6,
          epre: -101.6,
          ul_phr: -13,
          ul_path_loss: 92.4,
          p_ue: 8,
          dl_mcs: 18,
          cqi: 11,
          ri: 2,
          ul_rank: 1,
          initial_ta: 1
        }
      ]
    },
    {
      ran_ue_id: 3,
      amf_ue_id: 102,
      qos_flow_list: [
        {
          pdu_session_id: 1,
          dl_total_bytes: 14917,
          ul_total_bytes: 8600,
          sst: 1
        },
        {
          pdu_session_id: 2,
          dl_total_bytes: 1587386,
          ul_total_bytes: 11417005458,
          sst: 1
        }
      ],
      rnti: 17923,
      cells: [
        {
          cell_id: 1,
          dl_bitrate: 106047,
          ul_bitrate: 112247048,
          dl_tx: 66,
          ul_tx: 819,
          dl_err: 0,
          ul_err: 0,
          dl_retx: 1,
          ul_retx: 1,
          pusch_snr: 25.1,
          epre: -95,
          ul_phr: 19,
          ul_path_loss: 77.4,
          p_ue: 0,
          dl_mcs: 23.5,
          ul_mcs: 22.3,
          ul_n_layer: 1,
          turbo_decoder_min: 1,
          turbo_decoder_avg: 2.176,
          turbo_decoder_max: 5,
          cqi: 15,
          ri: 2,
          ul_rank: 1,
          initial_ta: 1
        }
      ]
    }
  ],
  time: 910.735,
  utc: 1744095808.926
}

