{
  message: ready,
  type: ENB,
  name: ENB,
  version: 2023-06-10,
  time: 2406.246,
  utc: 1744111828.596
}
{
  message: ue_get,
  ue_list: [
    {
      ran_ue_id: 5,
      amf_ue_id: 103,
      qos_flow_list: [
        {
          pdu_session_id: 1,
          dl_total_bytes: 15232,
          ul_total_bytes: 8948,
          sst: 1
        },
        {
          pdu_session_id: 2,
          dl_total_bytes: 7968069,
          ul_total_bytes: 38282186823,
          sst: 1
        }
      ],
      rnti: 17925,
      cells: [
        {
          cell_id: 1,
          dl_bitrate: 156744,
          ul_bitrate: 104427381,
          dl_tx: 71,
          ul_tx: 992,
          dl_err: 0,
          ul_err: 0,
          dl_retx: 31,
          ul_retx: 1,
          pusch_snr: 19,
          epre: -101.9,
          ul_phr: 15,
          ul_path_loss: 89.4,
          p_ue: 4,
          dl_mcs: 21,
          ul_mcs: 17.8,
          ul_n_layer: 1,
          turbo_decoder_min: 0,
          turbo_decoder_avg: 2.962,
          turbo_decoder_max: 5,
          cqi: 14,
          ri: 2,
          ul_rank: 1,
          initial_ta: 0
        }
      ]
    }
  ],
  time: 2406.248,
  utc: 1744111828.607
}

