{
  message: ready,
  type: ENB,
  name: ENB,
  version: 2023-06-10,
  time: 2413.729,
  utc: 1744111836.079
}
{
  message: ue_get,
  ue_list: [
    {
      ran_ue_id: 5,
      amf_ue_id: 103,
      qos_flow_list: [
        {
          pdu_session_id: 1,
          dl_total_bytes: 15232,
          ul_total_bytes: 8948,
          sst: 1
        },
        {
          pdu_session_id: 2,
          dl_total_bytes: 8030851,
          ul_total_bytes: 38405372470,
          sst: 1
        }
      ],
      rnti: 17925,
      cells: [
        {
          cell_id: 1,
          dl_bitrate: 144721,
          ul_bitrate: 147851951,
          dl_tx: 95,
          ul_tx: 1514,
          dl_err: 0,
          ul_err: 0,
          dl_retx: 34,
          ul_retx: 22,
          pusch_snr: 21.9,
          epre: -95.9,
          ul_phr: 11,
          ul_path_loss: 89.1,
          p_ue: 8,
          dl_mcs: 20.9,
          ul_mcs: 16.6,
          ul_n_layer: 1,
          turbo_decoder_min: 1,
          turbo_decoder_avg: 2.542,
          turbo_decoder_max: 5,
          cqi: 14,
          ri: 2,
          ul_rank: 1,
          initial_ta: 0
        }
      ]
    }
  ],
  time: 2413.731,
  utc: 1744111836.09
}

