{
  message: ready,
  type: ENB,
  name: ENB,
  version: 2023-06-10,
  time: 545.056,
  utc: 1743785703.951
}
{
  message: ue_get,
  ue_list: [
    {
      ran_ue_id: 16,
      amf_ue_id: 115,
      qos_flow_list: [
        {
          pdu_session_id: 2,
          dl_total_bytes: 0,
          ul_total_bytes: 183,
          sst: 1
        }
      ],
      rnti: 17936,
      cells: [
        {
          cell_id: 1,
          dl_bitrate: 3120,
          ul_bitrate: 1812,
          dl_tx: 3,
          ul_tx: 1,
          dl_err: 0,
          ul_err: 0,
          dl_retx: 0,
          ul_retx: 0,
          pusch_snr: 28.3,
          epre: -89.5,
          ul_phr: -1,
          ul_path_loss: 80.9,
          p_ue: 8,
          dl_mcs: 21,
          ul_mcs: 26,
          ul_n_layer: 1,
          turbo_decoder_min: 2,
          turbo_decoder_avg: 2,
          turbo_decoder_max: 2,
          cqi: 15,
          ri: 2,
          ul_rank: 1,
          initial_ta: 1
        }
      ]
    },
    {
      ran_ue_id: 4,
      amf_ue_id: 103,
      qos_flow_list: [
        {
          pdu_session_id: 1,
          dl_total_bytes: 14873,
          ul_total_bytes: 8545,
          sst: 1
        },
        {
          pdu_session_id: 2,
          dl_total_bytes: 688304,
          ul_total_bytes: 2553419159,
          sst: 1
        }
      ],
      rnti: 17924,
      cells: [
        {
          cell_id: 1,
          dl_bitrate: 141879,
          ul_bitrate: 43040135,
          dl_tx: 94,
          ul_tx: 1052,
          dl_err: 0,
          ul_err: 0,
          dl_retx: 0,
          ul_retx: 11,
          pusch_snr: 29.9,
          epre: -87.6,
          ul_phr: 5,
          ul_path_loss: 70.9,
          p_ue: 14,
          dl_mcs: 28,
          ul_mcs: 26,
          ul_n_layer: 1,
          turbo_decoder_min: 1,
          turbo_decoder_avg: 2.539,
          turbo_decoder_max: 5,
          cqi: 15,
          ri: 2,
          ul_rank: 1,
          initial_ta: 1
        }
      ]
    }
  ],
  time: 545.058,
  utc: 1743785703.962
}

