{
  message: ready,
  type: ENB,
  name: ENB,
  version: 2023-06-10,
  time: 538.468,
  utc: 1744844550.436
}
{
  message: ue_get,
  ue_list: [
    {
      ran_ue_id: 3,
      amf_ue_id: 102,
      qos_flow_list: [
        {
          pdu_session_id: 1,
          dl_total_bytes: 7410,
          ul_total_bytes: 7230,
          sst: 1
        },
        {
          pdu_session_id: 2,
          dl_total_bytes: 339010,
          ul_total_bytes: 5412764028,
          sst: 1
        }
      ],
      rnti: 17923,
      cells: [
        {
          cell_id: 1,
          dl_bitrate: 148789,
          ul_bitrate: 92924827,
          dl_tx: 99,
          ul_tx: 958,
          dl_err: 0,
          ul_err: 0,
          dl_retx: 0,
          ul_retx: 2,
          pusch_snr: 27,
          epre: -90.7,
          ul_phr: -9,
          ul_path_loss: 76.8,
          p_ue: 19,
          dl_mcs: 27.3,
          ul_mcs: 19.4,
          ul_n_layer: 1,
          turbo_decoder_min: 1,
          turbo_decoder_avg: 2.119,
          turbo_decoder_max: 5,
          cqi: 15,
          ri: 2,
          ul_rank: 1,
          initial_ta: 1
        }
      ]
    }
  ],
  time: 538.47,
  utc: 1744844550.446
}

