{
  message: ready,
  type: ENB,
  name: ENB,
  version: 2023-06-10,
  time: 533.274,
  utc: 1744123005.133
}
{
  message: ue_get,
  ue_list: [
    {
      ran_ue_id: 6,
      amf_ue_id: 105,
      qos_flow_list: [
        {
          pdu_session_id: 1,
          dl_total_bytes: 14865,
          ul_total_bytes: 8545,
          sst: 1
        },
        {
          pdu_session_id: 2,
          dl_total_bytes: 601444,
          ul_total_bytes: 4374963245,
          sst: 1
        }
      ],
      rnti: 17926,
      cells: [
        {
          cell_id: 1,
          dl_bitrate: 165760,
          ul_bitrate: 112737600,
          dl_tx: 110,
          ul_tx: 1062,
          dl_err: 0,
          ul_err: 0,
          dl_retx: 0,
          ul_retx: 12,
          pusch_snr: 22.2,
          epre: -98.3,
          ul_phr: 13,
          ul_path_loss: 68.4,
          p_ue: 6,
          dl_mcs: 28,
          ul_mcs: 21,
          ul_n_layer: 1,
          turbo_decoder_min: 1,
          turbo_decoder_avg: 3.044,
          turbo_decoder_max: 5,
          cqi: 15,
          ri: 2,
          ul_rank: 1,
          initial_ta: 1
        }
      ]
    }
  ],
  time: 533.276,
  utc: 1744123005.144
}

