{
  message: ready,
  type: ENB,
  name: ENB,
  version: 2023-06-10,
  time: 1016.685,
  utc: 1744197273.535
}
{
  message: ue_get,
  ue_list: [
    {
      ran_ue_id: 3,
      amf_ue_id: 102,
      qos_flow_list: [
        {
          pdu_session_id: 1,
          dl_total_bytes: 15050,
          ul_total_bytes: 8748,
          sst: 1
        },
        {
          pdu_session_id: 2,
          dl_total_bytes: 1836020,
          ul_total_bytes: 20398220780,
          sst: 1
        }
      ],
      rnti: 17923,
      cells: [
        {
          cell_id: 1,
          dl_bitrate: 164749,
          ul_bitrate: 181475888,
          dl_tx: 92,
          ul_tx: 1426,
          dl_err: 0,
          ul_err: 0,
          dl_retx: 1,
          ul_retx: 2,
          pusch_snr: 26.5,
          epre: -93.8,
          ul_phr: -6,
          ul_path_loss: 77.2,
          p_ue: 19,
          dl_mcs: 23.1,
          ul_mcs: 21,
          ul_n_layer: 1,
          turbo_decoder_min: 0,
          turbo_decoder_avg: 1.998,
          turbo_decoder_max: 5,
          cqi: 15,
          ri: 2,
          ul_rank: 1,
          initial_ta: 0
        }
      ]
    }
  ],
  time: 1016.686,
  utc: 1744197273.546
}

