{
  message: ready,
  type: ENB,
  name: ENB,
  version: 2023-06-10,
  time: 420.58,
  utc: 1744187980.721
}
{
  message: ue_get,
  ue_list: [
    {
      ran_ue_id: 4,
      amf_ue_id: 103,
      qos_flow_list: [
        {
          pdu_session_id: 1,
          dl_total_bytes: 14866,
          ul_total_bytes: 8540,
          sst: 1
        },
        {
          pdu_session_id: 2,
          dl_total_bytes: 758177,
          ul_total_bytes: 7319875133,
          sst: 1
        }
      ],
      rnti: 17924,
      cells: [
        {
          cell_id: 1,
          dl_bitrate: 129988,
          ul_bitrate: 173584223,
          dl_tx: 95,
          ul_tx: 1580,
          dl_err: 0,
          ul_err: 0,
          dl_retx: 28,
          ul_retx: 14,
          pusch_snr: 19.2,
          epre: -101.5,
          ul_phr: -6,
          ul_path_loss: 87.8,
          p_ue: 22,
          dl_mcs: 21.4,
          ul_mcs: 18,
          ul_n_layer: 1,
          turbo_decoder_min: 1,
          turbo_decoder_avg: 3.047,
          turbo_decoder_max: 5,
          cqi: 15,
          ri: 2,
          ul_rank: 1,
          initial_ta: 1
        }
      ]
    }
  ],
  time: 420.581,
  utc: 1744187980.732
}

