{
  message: ready,
  type: ENB,
  name: ENB,
  version: 2023-06-10,
  time: 433.491,
  utc: 1744187993.633
}
{
  message: ue_get,
  ue_list: [
    {
      ran_ue_id: 4,
      amf_ue_id: 103,
      qos_flow_list: [
        {
          pdu_session_id: 1,
          dl_total_bytes: 14866,
          ul_total_bytes: 8540,
          sst: 1
        },
        {
          pdu_session_id: 2,
          dl_total_bytes: 783382,
          ul_total_bytes: 7597209383,
          sst: 1
        }
      ],
      rnti: 17924,
      cells: [
        {
          cell_id: 1,
          dl_bitrate: 129678,
          ul_bitrate: 171012984,
          dl_tx: 96,
          ul_tx: 1568,
          dl_err: 0,
          ul_err: 0,
          dl_retx: 47,
          ul_retx: 13,
          pusch_snr: 18.8,
          epre: -101.6,
          ul_phr: -6,
          ul_path_loss: 87.8,
          p_ue: 22,
          dl_mcs: 21.1,
          ul_mcs: 17.9,
          ul_n_layer: 1,
          turbo_decoder_min: 1,
          turbo_decoder_avg: 3.048,
          turbo_decoder_max: 5,
          cqi: 15,
          ri: 2,
          ul_rank: 1,
          initial_ta: 1
        }
      ]
    }
  ],
  time: 433.493,
  utc: 1744187993.644
}

