{
  message: ready,
  type: ENB,
  name: ENB,
  version: 2023-06-10,
  time: 2221.686,
  utc: 1744082602.23
}
{
  message: ue_get,
  ue_list: [
    {
      ran_ue_id: 41,
      amf_ue_id: 140,
      qos_flow_list: [],
      rnti: 17961,
      cells: [
        {
          cell_id: 1,
          dl_bitrate: 1,
          ul_bitrate: 0,
          dl_tx: 2,
          ul_tx: 3,
          dl_err: 17,
          ul_err: 18,
          dl_retx: 88,
          ul_retx: 91,
          pusch_snr: 22.1,
          epre: -99.6,
          ul_phr: -8,
          ul_path_loss: 122.1,
          p_ue: 24,
          dl_mcs: 15.8,
          ul_mcs: 10.5,
          ul_n_layer: 1,
          turbo_decoder_min: 1,
          turbo_decoder_avg: 4.883,
          turbo_decoder_max: 5,
          cqi: 9,
          ri: 1,
          ul_rank: 1,
          initial_ta: 1
        }
      ]
    },
    {
      ran_ue_id: 4,
      amf_ue_id: 103,
      qos_flow_list: [
        {
          pdu_session_id: 1,
          dl_total_bytes: 15225,
          ul_total_bytes: 8943,
          sst: 1
        },
        {
          pdu_session_id: 2,
          dl_total_bytes: 6550249,
          ul_total_bytes: 28307381674,
          sst: 1
        }
      ],
      rnti: 17924,
      cells: [
        {
          cell_id: 1,
          dl_bitrate: 156137,
          ul_bitrate: 130587219,
          dl_tx: 67,
          ul_tx: 797,
          dl_err: 0,
          ul_err: 0,
          dl_retx: 3,
          ul_retx: 13,
          pusch_snr: 29.3,
          epre: -88.9,
          ul_phr: 4,
          ul_path_loss: 68.2,
          p_ue: 15,
          dl_mcs: 23,
          ul_mcs: 26,
          ul_n_layer: 1,
          turbo_decoder_min: 1,
          turbo_decoder_avg: 2.095,
          turbo_decoder_max: 5,
          cqi: 15,
          ri: 2,
          ul_rank: 1,
          initial_ta: 1
        }
      ]
    }
  ],
  time: 2221.688,
  utc: 1744082602.241
}

