{
  message: ready,
  type: ENB,
  name: ENB,
  version: 2023-06-10,
  time: 910.151,
  utc: 1743867150.357
}
{
  message: ue_get,
  ue_list: [
    {
      ran_ue_id: 39,
      amf_ue_id: 119,
      qos_flow_list: [
        {
          pdu_session_id: 2,
          dl_total_bytes: 204,
          ul_total_bytes: 199,
          sst: 1
        }
      ],
      rnti: 17959,
      cells: [
        {
          cell_id: 1,
          dl_bitrate: 3748,
          ul_bitrate: 1044,
          dl_tx: 2,
          ul_tx: 1,
          dl_err: 0,
          ul_err: 0,
          dl_retx: 0,
          ul_retx: 0,
          pusch_snr: 28.1,
          epre: -89.7,
          ul_phr: -4,
          ul_path_loss: 83.8,
          p_ue: 8,
          dl_mcs: 25,
          ul_mcs: 25,
          ul_n_layer: 1,
          turbo_decoder_min: 4,
          turbo_decoder_avg: 4,
          turbo_decoder_max: 4,
          cqi: 14,
          ri: 2,
          ul_rank: 1,
          initial_ta: 1
        }
      ]
    },
    {
      ran_ue_id: 5,
      amf_ue_id: 103,
      qos_flow_list: [
        {
          pdu_session_id: 1,
          dl_total_bytes: 14866,
          ul_total_bytes: 8540,
          sst: 1
        },
        {
          pdu_session_id: 2,
          dl_total_bytes: 1302208,
          ul_total_bytes: 18840132283,
          sst: 1
        }
      ],
      rnti: 17925,
      cells: [
        {
          cell_id: 1,
          dl_bitrate: 166022,
          ul_bitrate: 186349888,
          dl_tx: 93,
          ul_tx: 1282,
          dl_err: 0,
          ul_err: 0,
          dl_retx: 0,
          ul_retx: 14,
          pusch_snr: 24.4,
          epre: -95.3,
          ul_phr: 10,
          ul_path_loss: 68.7,
          p_ue: 9,
          dl_mcs: 24,
          ul_mcs: 23.9,
          ul_n_layer: 1,
          turbo_decoder_min: 1,
          turbo_decoder_avg: 2.75,
          turbo_decoder_max: 5,
          cqi: 15,
          ri: 2,
          ul_rank: 1,
          initial_ta: 1
        }
      ]
    }
  ],
  time: 910.152,
  utc: 1743867150.368
}

