{
  message: ready,
  type: ENB,
  name: ENB,
  version: 2023-06-10,
  time: 1449.046,
  utc: 1744066876.141
}
{
  message: ue_get,
  ue_list: [
    {
      ran_ue_id: 3,
      amf_ue_id: 102,
      qos_flow_list: [
        {
          pdu_session_id: 1,
          dl_total_bytes: 15049,
          ul_total_bytes: 8747,
          sst: 1
        },
        {
          pdu_session_id: 2,
          dl_total_bytes: 3101379,
          ul_total_bytes: 7580840163,
          sst: 1
        }
      ],
      rnti: 17923,
      cells: [
        {
          cell_id: 1,
          dl_bitrate: 105338,
          ul_bitrate: 47937591,
          dl_tx: 100,
          ul_tx: 1066,
          dl_err: 0,
          ul_err: 0,
          dl_retx: 10,
          ul_retx: 8,
          pusch_snr: 10.1,
          epre: -110.9,
          ul_phr: -14,
          ul_path_loss: 98.3,
          p_ue: 23,
          dl_mcs: 20.1,
          ul_mcs: 8.8,
          ul_n_layer: 1,
          turbo_decoder_min: 2,
          turbo_decoder_avg: 3.349,
          turbo_decoder_max: 5,
          cqi: 13,
          ri: 2,
          ul_rank: 1,
          initial_ta: 1
        }
      ]
    }
  ],
  time: 1449.047,
  utc: 1744066876.152
}

