{
  message: ready,
  type: ENB,
  name: ENB,
  version: 2023-06-10,
  time: 1336.383,
  utc: 1744837340.051
}
{
  message: ue_get,
  ue_list: [
    {
      ran_ue_id: 3,
      amf_ue_id: 102,
      qos_flow_list: [
        {
          pdu_session_id: 1,
          dl_total_bytes: 7594,
          ul_total_bytes: 7460,
          sst: 1
        },
        {
          pdu_session_id: 2,
          dl_total_bytes: 1151393,
          ul_total_bytes: 3946442932,
          sst: 1
        }
      ],
      rnti: 17923,
      cells: [
        {
          cell_id: 1,
          dl_bitrate: 95895,
          ul_bitrate: 25088641,
          dl_tx: 63,
          ul_tx: 1072,
          dl_err: 0,
          ul_err: 0,
          dl_retx: 0,
          ul_retx: 0,
          pusch_snr: 10.6,
          epre: -110.4,
          ul_phr: -31,
          ul_path_loss: 97.7,
          p_ue: 23,
          dl_mcs: 24,
          ul_mcs: 4.2,
          ul_n_layer: 1,
          turbo_decoder_min: 0,
          turbo_decoder_avg: 2.105,
          turbo_decoder_max: 3,
          cqi: 15,
          ri: 2,
          ul_rank: 1,
          initial_ta: 1
        }
      ]
    }
  ],
  time: 1336.385,
  utc: 1744837340.062
}

