{
  message: ready,
  type: ENB,
  name: ENB,
  version: 2023-06-10,
  time: 2459.211,
  utc: 1744106068.891
}
{
  message: ue_get,
  ue_list: [
    {
      ran_ue_id: 3,
      amf_ue_id: 102,
      qos_flow_list: [
        {
          pdu_session_id: 1,
          dl_total_bytes: 15231,
          ul_total_bytes: 8947,
          sst: 1
        },
        {
          pdu_session_id: 2,
          dl_total_bytes: 8225951,
          ul_total_bytes: 35607887644,
          sst: 1
        }
      ],
      rnti: 17923,
      cells: [
        {
          cell_id: 1,
          dl_bitrate: 174765,
          ul_bitrate: 137616171,
          dl_tx: 74,
          ul_tx: 967,
          dl_err: 0,
          ul_err: 0,
          dl_retx: 1,
          ul_retx: 21,
          pusch_snr: 29.4,
          epre: -92.9,
          ul_phr: 30,
          ul_path_loss: 67.1,
          p_ue: -11,
          dl_mcs: 24.2,
          ul_mcs: 23.6,
          ul_n_layer: 1,
          turbo_decoder_min: 1,
          turbo_decoder_avg: 2.257,
          turbo_decoder_max: 5,
          cqi: 15,
          ri: 2,
          ul_rank: 1,
          initial_ta: 1
        }
      ]
    }
  ],
  time: 2459.212,
  utc: 1744106068.902
}

