{
  message: ready,
  type: ENB,
  name: ENB,
  version: 2023-06-10,
  time: 1366.602,
  utc: 1744110788.952
}
{
  message: ue_get,
  ue_list: [
    {
      ran_ue_id: 5,
      amf_ue_id: 103,
      qos_flow_list: [
        {
          pdu_session_id: 1,
          dl_total_bytes: 15048,
          ul_total_bytes: 8746,
          sst: 1
        },
        {
          pdu_session_id: 2,
          dl_total_bytes: 3007806,
          ul_total_bytes: 21161291341,
          sst: 1
        }
      ],
      rnti: 17925,
      cells: [
        {
          cell_id: 1,
          dl_bitrate: 116457,
          ul_bitrate: 135657399,
          dl_tx: 89,
          ul_tx: 1345,
          dl_err: 0,
          ul_err: 0,
          dl_retx: 35,
          ul_retx: 17,
          pusch_snr: 24.6,
          epre: -96.3,
          ul_phr: 13,
          ul_path_loss: 87.8,
          p_ue: 6,
          dl_mcs: 21.3,
          ul_mcs: 17.2,
          ul_n_layer: 1,
          turbo_decoder_min: 0,
          turbo_decoder_avg: 2.753,
          turbo_decoder_max: 5,
          cqi: 15,
          ri: 2,
          ul_rank: 1,
          initial_ta: 0
        }
      ]
    }
  ],
  time: 1366.603,
  utc: 1744110788.962
}

