{
  message: ready,
  type: ENB,
  name: ENB,
  version: 2023-06-10,
  time: 2399.608,
  utc: 1744195779.959
}
{
  message: ue_get,
  ue_list: [
    {
      ran_ue_id: 4,
      amf_ue_id: 103,
      qos_flow_list: [
        {
          pdu_session_id: 1,
          dl_total_bytes: 16076,
          ul_total_bytes: 9049,
          sst: 1
        },
        {
          pdu_session_id: 2,
          dl_total_bytes: 7870101,
          ul_total_bytes: 48464018927,
          sst: 1
        }
      ],
      rnti: 17924,
      cells: [
        {
          cell_id: 1,
          dl_bitrate: 208395,
          ul_bitrate: 184466460,
          dl_tx: 91,
          ul_tx: 1531,
          dl_err: 0,
          ul_err: 0,
          dl_retx: 1,
          ul_retx: 26,
          pusch_snr: 22.2,
          epre: -98.4,
          ul_phr: 9,
          ul_path_loss: 72.5,
          p_ue: 10,
          dl_mcs: 24.7,
          ul_mcs: 20.2,
          ul_n_layer: 1,
          turbo_decoder_min: 1,
          turbo_decoder_avg: 2.844,
          turbo_decoder_max: 5,
          cqi: 15,
          ri: 2,
          ul_rank: 1,
          initial_ta: 0
        }
      ]
    }
  ],
  time: 2399.61,
  utc: 1744195779.97
}

