{
  message: ready,
  type: ENB,
  name: ENB,
  version: 2023-06-10,
  time: 1921.755,
  utc: 1744099751.946
}
{
  message: ue_get,
  ue_list: [
    {
      ran_ue_id: 3,
      amf_ue_id: 102,
      qos_flow_list: [
        {
          pdu_session_id: 1,
          dl_total_bytes: 15225,
          ul_total_bytes: 8927,
          sst: 1
        },
        {
          pdu_session_id: 2,
          dl_total_bytes: 4840805,
          ul_total_bytes: 29107517861,
          sst: 1
        }
      ],
      rnti: 17923,
      cells: [
        {
          cell_id: 1,
          dl_bitrate: 150897,
          ul_bitrate: 134717427,
          dl_tx: 91,
          ul_tx: 1297,
          dl_err: 0,
          ul_err: 0,
          dl_retx: 1,
          ul_retx: 17,
          pusch_snr: 18.8,
          epre: -102,
          ul_phr: -4,
          ul_path_loss: 88.2,
          p_ue: 22,
          dl_mcs: 20.6,
          ul_mcs: 17.2,
          ul_n_layer: 1,
          turbo_decoder_min: 2,
          turbo_decoder_avg: 2.617,
          turbo_decoder_max: 5,
          cqi: 14,
          ri: 2,
          ul_rank: 1,
          initial_ta: 1
        }
      ]
    }
  ],
  time: 1921.756,
  utc: 1744099751.956
}

