{
  message: ready,
  type: ENB,
  name: ENB,
  version: 2023-06-10,
  time: 720.415,
  utc: 1744063198.72
}
{
  message: ue_get,
  ue_list: [
    {
      ran_ue_id: 5,
      amf_ue_id: 104,
      qos_flow_list: [
        {
          pdu_session_id: 1,
          dl_total_bytes: 9465,
          ul_total_bytes: 7437,
          sst: 1
        },
        {
          pdu_session_id: 2,
          dl_total_bytes: 1164248,
          ul_total_bytes: 6966589608,
          sst: 1
        }
      ],
      rnti: 17925,
      cells: [
        {
          cell_id: 1,
          dl_bitrate: 135044,
          ul_bitrate: 68036656,
          dl_tx: 108,
          ul_tx: 1072,
          dl_err: 0,
          ul_err: 0,
          dl_retx: 1,
          ul_retx: 0,
          pusch_snr: 19,
          epre: -101.7,
          ul_phr: -14,
          ul_path_loss: 87.8,
          p_ue: 22,
          dl_mcs: 24.2,
          ul_mcs: 13,
          ul_n_layer: 1,
          turbo_decoder_min: 1,
          turbo_decoder_avg: 1.993,
          turbo_decoder_max: 3,
          cqi: 15,
          ri: 2,
          ul_rank: 1,
          initial_ta: 1
        }
      ]
    }
  ],
  time: 720.416,
  utc: 1744063198.731
}

