{
  message: ready,
  type: ENB,
  name: ENB,
  version: 2023-06-10,
  time: 700.032,
  utc: 1744063178.338
}
{
  message: ue_get,
  ue_list: [
    {
      ran_ue_id: 13,
      amf_ue_id: 112,
      qos_flow_list: [
        {
          pdu_session_id: 2,
          dl_total_bytes: 8293,
          ul_total_bytes: 4075,
          sst: 1
        }
      ],
      rnti: 17933,
      cells: [
        {
          cell_id: 1,
          dl_bitrate: 802,
          ul_bitrate: 0,
          dl_tx: 2,
          ul_tx: 0,
          dl_err: 0,
          ul_err: 0,
          dl_retx: 0,
          ul_retx: 0,
          pusch_snr: 7.8,
          epre: -113.4,
          ul_phr: -17,
          ul_path_loss: 99.4,
          p_ue: 8,
          dl_mcs: 11,
          cqi: 9,
          ri: 2,
          ul_rank: 1,
          initial_ta: 1
        }
      ]
    },
    {
      ran_ue_id: 5,
      amf_ue_id: 104,
      qos_flow_list: [
        {
          pdu_session_id: 1,
          dl_total_bytes: 9465,
          ul_total_bytes: 7437,
          sst: 1
        },
        {
          pdu_session_id: 2,
          dl_total_bytes: 1128319,
          ul_total_bytes: 6795304855,
          sst: 1
        }
      ],
      rnti: 17925,
      cells: [
        {
          cell_id: 1,
          dl_bitrate: 144178,
          ul_bitrate: 68035122,
          dl_tx: 116,
          ul_tx: 1076,
          dl_err: 0,
          ul_err: 0,
          dl_retx: 1,
          ul_retx: 0,
          pusch_snr: 18.6,
          epre: -101.7,
          ul_phr: -14,
          ul_path_loss: 87.9,
          p_ue: 22,
          dl_mcs: 24.2,
          ul_mcs: 13,
          ul_n_layer: 1,
          turbo_decoder_min: 1,
          turbo_decoder_avg: 1.992,
          turbo_decoder_max: 3,
          cqi: 15,
          ri: 2,
          ul_rank: 1,
          initial_ta: 1
        }
      ]
    }
  ],
  time: 700.034,
  utc: 1744063178.348
}

