{
  message: ready,
  type: ENB,
  name: ENB,
  version: 2023-06-10,
  time: 2863.643,
  utc: 1744074226.617
}
{
  message: ue_get,
  ue_list: [
    {
      ran_ue_id: 153,
      amf_ue_id: 145,
      qos_flow_list: [
        {
          pdu_session_id: 2,
          dl_total_bytes: 40662,
          ul_total_bytes: 14690,
          sst: 1
        }
      ],
      rnti: 18073,
      cells: [
        {
          cell_id: 1,
          dl_bitrate: 1501,
          ul_bitrate: 1315,
          dl_tx: 3,
          ul_tx: 1,
          dl_err: 0,
          ul_err: 0,
          dl_retx: 0,
          ul_retx: 0,
          pusch_snr: 20.2,
          epre: -99.8,
          ul_phr: -4,
          ul_path_loss: 91.7,
          p_ue: 8,
          dl_mcs: 9,
          ul_mcs: 17,
          ul_n_layer: 1,
          turbo_decoder_min: 2,
          turbo_decoder_avg: 2,
          turbo_decoder_max: 2,
          cqi: 8,
          ri: 2,
          ul_rank: 1,
          initial_ta: 1
        }
      ]
    },
    {
      ran_ue_id: 46,
      amf_ue_id: 102,
      qos_flow_list: [
        {
          pdu_session_id: 1,
          dl_total_bytes: 15233,
          ul_total_bytes: 8943,
          sst: 1
        },
        {
          pdu_session_id: 2,
          dl_total_bytes: 8559126,
          ul_total_bytes: 35371967358,
          sst: 1
        }
      ],
      rnti: 17986,
      cells: [
        {
          cell_id: 1,
          dl_bitrate: 183732,
          ul_bitrate: 126614884,
          dl_tx: 92,
          ul_tx: 1575,
          dl_err: 0,
          ul_err: 0,
          dl_retx: 1,
          ul_retx: 0,
          pusch_snr: 27.1,
          epre: -91.7,
          ul_phr: -13,
          ul_path_loss: 78,
          p_ue: 22,
          dl_mcs: 21.6,
          ul_mcs: 13.9,
          ul_n_layer: 1,
          turbo_decoder_min: 1,
          turbo_decoder_avg: 1.253,
          turbo_decoder_max: 2,
          cqi: 14,
          ri: 2,
          ul_rank: 1,
          initial_ta: 1
        }
      ]
    }
  ],
  time: 2863.644,
  utc: 1744074226.627
}

