{
  message: ready,
  type: ENB,
  name: ENB,
  version: 2023-06-10,
  time: 386.863,
  utc: 1744103996.543
}
{
  message: ue_get,
  ue_list: [
    {
      ran_ue_id: 20,
      amf_ue_id: 110,
      qos_flow_list: [],
      rnti: 17940,
      cells: [
        {
          cell_id: 1,
          dl_bitrate: 0,
          ul_bitrate: 0,
          dl_tx: 0,
          ul_tx: 0,
          dl_err: 0,
          ul_err: 0,
          dl_retx: 0,
          ul_retx: 0,
          pusch_snr: 16,
          epre: -104.2,
          ul_phr: -25,
          ul_path_loss: 109.4,
          p_ue: 22,
          cqi: 5,
          ri: 1,
          ul_rank: 1,
          initial_ta: 1
        }
      ]
    },
    {
      ran_ue_id: 3,
      amf_ue_id: 102,
      qos_flow_list: [
        {
          pdu_session_id: 1,
          dl_total_bytes: 14863,
          ul_total_bytes: 8543,
          sst: 1
        },
        {
          pdu_session_id: 2,
          dl_total_bytes: 687493,
          ul_total_bytes: 4665693816,
          sst: 1
        }
      ],
      rnti: 17923,
      cells: [
        {
          cell_id: 1,
          dl_bitrate: 129419,
          ul_bitrate: 132573079,
          dl_tx: 82,
          ul_tx: 1122,
          dl_err: 0,
          ul_err: 0,
          dl_retx: 1,
          ul_retx: 10,
          pusch_snr: 20.8,
          epre: -99.4,
          ul_phr: 32,
          ul_path_loss: 67.7,
          p_ue: -13,
          dl_mcs: 24,
          ul_mcs: 19.9,
          ul_n_layer: 1,
          turbo_decoder_min: 1,
          turbo_decoder_avg: 3.023,
          turbo_decoder_max: 5,
          cqi: 15,
          ri: 2,
          ul_rank: 1,
          initial_ta: 1
        }
      ]
    }
  ],
  time: 386.864,
  utc: 1744103996.554
}

