{
  message: ready,
  type: ENB,
  name: ENB,
  version: 2023-06-10,
  time: 1233.311,
  utc: 1744110655.661
}
{
  message: ue_get,
  ue_list: [
    {
      ran_ue_id: 5,
      amf_ue_id: 103,
      qos_flow_list: [
        {
          pdu_session_id: 1,
          dl_total_bytes: 15048,
          ul_total_bytes: 8746,
          sst: 1
        },
        {
          pdu_session_id: 2,
          dl_total_bytes: 2565814,
          ul_total_bytes: 18988185423,
          sst: 1
        }
      ],
      rnti: 17925,
      cells: [
        {
          cell_id: 1,
          dl_bitrate: 143665,
          ul_bitrate: 134198171,
          dl_tx: 92,
          ul_tx: 1324,
          dl_err: 0,
          ul_err: 0,
          dl_retx: 32,
          ul_retx: 24,
          pusch_snr: 19.1,
          epre: -101.9,
          ul_phr: -7,
          ul_path_loss: 88.1,
          p_ue: 22,
          dl_mcs: 21.7,
          ul_mcs: 17.3,
          ul_n_layer: 1,
          turbo_decoder_min: 0,
          turbo_decoder_avg: 2.726,
          turbo_decoder_max: 5,
          cqi: 14,
          ri: 2,
          ul_rank: 1,
          initial_ta: 0
        }
      ]
    }
  ],
  time: 1233.312,
  utc: 1744110655.671
}

