{
  message: ready,
  type: ENB,
  name: ENB,
  version: 2023-06-10,
  time: 1238.653,
  utc: 1744110661.003
}
{
  message: ue_get,
  ue_list: [
    {
      ran_ue_id: 5,
      amf_ue_id: 103,
      qos_flow_list: [
        {
          pdu_session_id: 1,
          dl_total_bytes: 15048,
          ul_total_bytes: 8746,
          sst: 1
        },
        {
          pdu_session_id: 2,
          dl_total_bytes: 2587556,
          ul_total_bytes: 19076854815,
          sst: 1
        }
      ],
      rnti: 17925,
      cells: [
        {
          cell_id: 1,
          dl_bitrate: 127753,
          ul_bitrate: 133514505,
          dl_tx: 86,
          ul_tx: 1349,
          dl_err: 0,
          ul_err: 0,
          dl_retx: 31,
          ul_retx: 1,
          pusch_snr: 18.9,
          epre: -101.9,
          ul_phr: 9,
          ul_path_loss: 88.1,
          p_ue: 10,
          dl_mcs: 22,
          ul_mcs: 17,
          ul_n_layer: 1,
          turbo_decoder_min: 0,
          turbo_decoder_avg: 2.596,
          turbo_decoder_max: 5,
          cqi: 14,
          ri: 2,
          ul_rank: 1,
          initial_ta: 0
        }
      ]
    }
  ],
  time: 1238.655,
  utc: 1744110661.014
}

