{
  message: ready,
  type: ENB,
  name: ENB,
  version: 2023-06-10,
  time: 1432.409,
  utc: 1744049430.916
}
{
  message: ue_get,
  ue_list: [
    {
      ran_ue_id: 37,
      amf_ue_id: 124,
      qos_flow_list: [],
      rnti: 17957,
      cells: [
        {
          cell_id: 1,
          dl_bitrate: 193,
          ul_bitrate: 0,
          dl_tx: 1,
          ul_tx: 0,
          dl_err: 25,
          ul_err: 0,
          dl_retx: 126,
          ul_retx: 0,
          pusch_snr: -6.1,
          epre: -126.4,
          ul_phr: -26,
          ul_path_loss: 121.8,
          p_ue: 23,
          dl_mcs: 6.7,
          cqi: 8,
          ri: 1,
          ul_rank: 1,
          initial_ta: 1
        }
      ]
    },
    {
      ran_ue_id: 3,
      amf_ue_id: 102,
      qos_flow_list: [
        {
          pdu_session_id: 1,
          dl_total_bytes: 15039,
          ul_total_bytes: 8723,
          sst: 1
        },
        {
          pdu_session_id: 2,
          dl_total_bytes: 3188041,
          ul_total_bytes: 19608072610,
          sst: 1
        }
      ],
      rnti: 17923,
      cells: [
        {
          cell_id: 1,
          dl_bitrate: 163049,
          ul_bitrate: 134278941,
          dl_tx: 109,
          ul_tx: 1064,
          dl_err: 0,
          ul_err: 0,
          dl_retx: 1,
          ul_retx: 8,
          pusch_snr: 25,
          epre: -94.6,
          ul_phr: -3,
          ul_path_loss: 77.8,
          p_ue: 19,
          dl_mcs: 28,
          ul_mcs: 24,
          ul_n_layer: 1,
          turbo_decoder_min: 1,
          turbo_decoder_avg: 2.731,
          turbo_decoder_max: 5,
          cqi: 15,
          ri: 2,
          ul_rank: 1,
          initial_ta: 1
        }
      ]
    }
  ],
  time: 1432.411,
  utc: 1744049430.926
}

