{
  message: ready,
  type: ENB,
  name: ENB,
  version: 2023-06-10,
  time: 1347.572,
  utc: 1744102057.972
}
{
  message: ue_get,
  ue_list: [
    {
      ran_ue_id: 3,
      amf_ue_id: 102,
      qos_flow_list: [
        {
          pdu_session_id: 1,
          dl_total_bytes: 15049,
          ul_total_bytes: 8747,
          sst: 1
        },
        {
          pdu_session_id: 2,
          dl_total_bytes: 2898506,
          ul_total_bytes: 12755698699,
          sst: 1
        }
      ],
      rnti: 17923,
      cells: [
        {
          cell_id: 1,
          dl_bitrate: 76568,
          ul_bitrate: 65956954,
          dl_tx: 90,
          ul_tx: 1555,
          dl_err: 0,
          ul_err: 0,
          dl_retx: 4,
          ul_retx: 18,
          pusch_snr: 8.5,
          epre: -112.5,
          ul_phr: -16,
          ul_path_loss: 99.8,
          p_ue: 23,
          dl_mcs: 12.4,
          ul_mcs: 6.9,
          ul_n_layer: 1,
          turbo_decoder_min: 2,
          turbo_decoder_avg: 3.334,
          turbo_decoder_max: 5,
          cqi: 10,
          ri: 2,
          ul_rank: 1,
          initial_ta: 1
        }
      ]
    }
  ],
  time: 1347.573,
  utc: 1744102057.983
}

