{
  message: ready,
  type: ENB,
  name: ENB,
  version: 2023-06-10,
  time: 242.277,
  utc: 1744196499.128
}
{
  message: ue_get,
  ue_list: [
    {
      ran_ue_id: 3,
      amf_ue_id: 102,
      qos_flow_list: [
        {
          pdu_session_id: 1,
          dl_total_bytes: 14866,
          ul_total_bytes: 8546,
          sst: 1
        },
        {
          pdu_session_id: 2,
          dl_total_bytes: 440922,
          ul_total_bytes: 3809982776,
          sst: 1
        }
      ],
      rnti: 17923,
      cells: [
        {
          cell_id: 1,
          dl_bitrate: 138316,
          ul_bitrate: 190137154,
          dl_tx: 93,
          ul_tx: 1491,
          dl_err: 0,
          ul_err: 0,
          dl_retx: 1,
          ul_retx: 0,
          pusch_snr: 24.9,
          epre: -95.3,
          ul_phr: -1,
          ul_path_loss: 77.3,
          p_ue: 19,
          dl_mcs: 23,
          ul_mcs: 21.6,
          ul_n_layer: 1,
          turbo_decoder_min: 0,
          turbo_decoder_avg: 2.096,
          turbo_decoder_max: 5,
          cqi: 15,
          ri: 2,
          ul_rank: 1,
          initial_ta: 0
        }
      ]
    }
  ],
  time: 242.279,
  utc: 1744196499.139
}

