{
  message: ready,
  type: ENB,
  name: ENB,
  version: 2023-06-10,
  time: 1581.99,
  utc: 1744072944.965
}
{
  message: ue_get,
  ue_list: [
    {
      ran_ue_id: 46,
      amf_ue_id: 102,
      qos_flow_list: [
        {
          pdu_session_id: 1,
          dl_total_bytes: 15049,
          ul_total_bytes: 8741,
          sst: 1
        },
        {
          pdu_session_id: 2,
          dl_total_bytes: 2544071,
          ul_total_bytes: 16728841005,
          sst: 1
        }
      ],
      rnti: 17986,
      cells: [
        {
          cell_id: 1,
          dl_bitrate: 139715,
          ul_bitrate: 115966019,
          dl_tx: 72,
          ul_tx: 867,
          dl_err: 0,
          ul_err: 0,
          dl_retx: 0,
          ul_retx: 14,
          pusch_snr: 24.7,
          epre: -95.9,
          ul_phr: 0,
          ul_path_loss: 78.5,
          p_ue: 19,
          dl_mcs: 24,
          ul_mcs: 21.9,
          ul_n_layer: 1,
          turbo_decoder_min: 0,
          turbo_decoder_avg: 2.239,
          turbo_decoder_max: 5,
          cqi: 14,
          ri: 2,
          ul_rank: 1,
          initial_ta: 1
        }
      ]
    }
  ],
  time: 1581.992,
  utc: 1744072944.976
}

