{
  message: ready,
  type: ENB,
  name: ENB,
  version: 2023-06-10,
  time: 1606.954,
  utc: 1744108107.325
}
{
  message: ue_get,
  ue_list: [
    {
      ran_ue_id: 6,
      amf_ue_id: 105,
      qos_flow_list: [
        {
          pdu_session_id: 1,
          dl_total_bytes: 9649,
          ul_total_bytes: 7655,
          sst: 1
        },
        {
          pdu_session_id: 2,
          dl_total_bytes: 3568711,
          ul_total_bytes: 23166360586,
          sst: 1
        }
      ],
      rnti: 17926,
      cells: [
        {
          cell_id: 1,
          dl_bitrate: 149756,
          ul_bitrate: 139176796,
          dl_tx: 91,
          ul_tx: 1112,
          dl_err: 0,
          ul_err: 0,
          dl_retx: 14,
          ul_retx: 1,
          pusch_snr: 25,
          epre: -94.5,
          ul_phr: -6,
          ul_path_loss: 77.8,
          p_ue: 19,
          dl_mcs: 22.6,
          ul_mcs: 21.2,
          ul_n_layer: 1,
          turbo_decoder_min: 0,
          turbo_decoder_avg: 2.013,
          turbo_decoder_max: 5,
          cqi: 15,
          ri: 2,
          ul_rank: 1,
          initial_ta: 1
        }
      ]
    }
  ],
  time: 1606.956,
  utc: 1744108107.335
}

