{
  message: ready,
  type: ENB,
  name: ENB,
  version: 2023-06-10,
  time: 592.403,
  utc: 1744191042.985
}
{
  message: ue_get,
  ue_list: [
    {
      ran_ue_id: 3,
      amf_ue_id: 102,
      qos_flow_list: [
        {
          pdu_session_id: 1,
          dl_total_bytes: 14866,
          ul_total_bytes: 8546,
          sst: 1
        },
        {
          pdu_session_id: 2,
          dl_total_bytes: 1044082,
          ul_total_bytes: 4907378001,
          sst: 1
        }
      ],
      rnti: 17923,
      cells: [
        {
          cell_id: 1,
          dl_bitrate: 88706,
          ul_bitrate: 84915831,
          dl_tx: 93,
          ul_tx: 1499,
          dl_err: 0,
          ul_err: 0,
          dl_retx: 10,
          ul_retx: 12,
          pusch_snr: 9.9,
          epre: -111.1,
          ul_phr: -12,
          ul_path_loss: 98.3,
          p_ue: 23,
          dl_mcs: 12.9,
          ul_mcs: 9,
          ul_n_layer: 1,
          turbo_decoder_min: 1,
          turbo_decoder_avg: 3.648,
          turbo_decoder_max: 5,
          cqi: 10,
          ri: 2,
          ul_rank: 1,
          initial_ta: 2
        }
      ]
    }
  ],
  time: 592.405,
  utc: 1744191042.995
}

