{
  message: ready,
  type: ENB,
  name: ENB,
  version: 2023-06-10,
  time: 217.452,
  utc: 1743785376.347
}
{
  message: ue_get,
  ue_list: [
    {
      ran_ue_id: 4,
      amf_ue_id: 103,
      qos_flow_list: [
        {
          pdu_session_id: 1,
          dl_total_bytes: 9465,
          ul_total_bytes: 7459,
          sst: 1
        },
        {
          pdu_session_id: 2,
          dl_total_bytes: 284173,
          ul_total_bytes: 800602423,
          sst: 1
        }
      ],
      rnti: 17924,
      cells: [
        {
          cell_id: 1,
          dl_bitrate: 137406,
          ul_bitrate: 43321646,
          dl_tx: 91,
          ul_tx: 1051,
          dl_err: 0,
          ul_err: 0,
          dl_retx: 0,
          ul_retx: 9,
          pusch_snr: 29.7,
          epre: -87.4,
          ul_phr: 5,
          ul_path_loss: 70.9,
          p_ue: 14,
          dl_mcs: 28,
          ul_mcs: 26.2,
          ul_n_layer: 1,
          turbo_decoder_min: 1,
          turbo_decoder_avg: 2.552,
          turbo_decoder_max: 5,
          cqi: 15,
          ri: 2,
          ul_rank: 1,
          initial_ta: 1
        }
      ]
    }
  ],
  time: 217.453,
  utc: 1743785376.357
}

