{
  message: ready,
  type: ENB,
  name: ENB,
  version: 2023-06-10,
  time: 1563.579,
  utc: 1744084855.252
}
{
  message: ue_get,
  ue_list: [
    {
      ran_ue_id: 5,
      amf_ue_id: 104,
      qos_flow_list: [
        {
          pdu_session_id: 1,
          dl_total_bytes: 9649,
          ul_total_bytes: 7655,
          sst: 1
        },
        {
          pdu_session_id: 2,
          dl_total_bytes: 3516842,
          ul_total_bytes: 19432084852,
          sst: 1
        }
      ],
      rnti: 17925,
      cells: [
        {
          cell_id: 1,
          dl_bitrate: 113781,
          ul_bitrate: 109195293,
          dl_tx: 61,
          ul_tx: 858,
          dl_err: 0,
          ul_err: 0,
          dl_retx: 0,
          ul_retx: 15,
          pusch_snr: 23.8,
          epre: -96.7,
          ul_phr: 1,
          ul_path_loss: 78.6,
          p_ue: 18,
          dl_mcs: 23,
          ul_mcs: 20.8,
          ul_n_layer: 1,
          turbo_decoder_min: 1,
          turbo_decoder_avg: 2.135,
          turbo_decoder_max: 5,
          cqi: 15,
          ri: 2,
          ul_rank: 1,
          initial_ta: 0
        }
      ]
    }
  ],
  time: 1563.58,
  utc: 1744084855.262
}

