{
  message: ready,
  type: ENB,
  name: ENB,
  version: 2023-06-10,
  time: 613.108,
  utc: 1744844625.075
}
{
  message: ue_get,
  ue_list: [
    {
      ran_ue_id: 3,
      amf_ue_id: 102,
      qos_flow_list: [
        {
          pdu_session_id: 1,
          dl_total_bytes: 7410,
          ul_total_bytes: 7230,
          sst: 1
        },
        {
          pdu_session_id: 2,
          dl_total_bytes: 382475,
          ul_total_bytes: 6271807107,
          sst: 1
        }
      ],
      rnti: 17923,
      cells: [
        {
          cell_id: 1,
          dl_bitrate: 153468,
          ul_bitrate: 92881349,
          dl_tx: 105,
          ul_tx: 981,
          dl_err: 0,
          ul_err: 0,
          dl_retx: 0,
          ul_retx: 2,
          pusch_snr: 27.7,
          epre: -90.9,
          ul_phr: -7,
          ul_path_loss: 75.8,
          p_ue: 19,
          dl_mcs: 27.6,
          ul_mcs: 19.5,
          ul_n_layer: 1,
          turbo_decoder_min: 0,
          turbo_decoder_avg: 2.004,
          turbo_decoder_max: 5,
          cqi: 15,
          ri: 2,
          ul_rank: 1,
          initial_ta: 1
        }
      ]
    }
  ],
  time: 613.11,
  utc: 1744844625.086
}

