{
  message: ready,
  type: ENB,
  name: ENB,
  version: 2023-06-10,
  time: 1466.857,
  utc: 1744058208.153
}
{
  message: ue_get,
  ue_list: [
    {
      ran_ue_id: 51,
      amf_ue_id: 104,
      qos_flow_list: [
        {
          pdu_session_id: 1,
          dl_total_bytes: 15039,
          ul_total_bytes: 8745,
          sst: 1
        },
        {
          pdu_session_id: 2,
          dl_total_bytes: 3310265,
          ul_total_bytes: 21284764249,
          sst: 1
        }
      ],
      rnti: 17971,
      cells: [
        {
          cell_id: 1,
          dl_bitrate: 134216,
          ul_bitrate: 122072798,
          dl_tx: 109,
          ul_tx: 1062,
          dl_err: 0,
          ul_err: 0,
          dl_retx: 2,
          ul_retx: 9,
          pusch_snr: 24.2,
          epre: -96.1,
          ul_phr: 12,
          ul_path_loss: 68.2,
          p_ue: 7,
          dl_mcs: 24,
          ul_mcs: 22.3,
          ul_n_layer: 1,
          turbo_decoder_min: 1,
          turbo_decoder_avg: 2.64,
          turbo_decoder_max: 5,
          cqi: 15,
          ri: 2,
          ul_rank: 1,
          initial_ta: 1
        }
      ]
    }
  ],
  time: 1466.858,
  utc: 1744058208.163
}

