{
  message: ready,
  type: ENB,
  name: ENB,
  version: 2023-06-10,
  time: 2905.487,
  utc: 1744097803.668
}
{
  message: ue_get,
  ue_list: [
    {
      ran_ue_id: 3,
      amf_ue_id: 102,
      qos_flow_list: [
        {
          pdu_session_id: 1,
          dl_total_bytes: 15469,
          ul_total_bytes: 9206,
          sst: 1
        },
        {
          pdu_session_id: 2,
          dl_total_bytes: 10837778,
          ul_total_bytes: 38532793709,
          sst: 1
        }
      ],
      rnti: 17923,
      cells: [
        {
          cell_id: 1,
          dl_bitrate: 145294,
          ul_bitrate: 113254965,
          dl_tx: 72,
          ul_tx: 925,
          dl_err: 0,
          ul_err: 0,
          dl_retx: 53,
          ul_retx: 15,
          pusch_snr: 24.3,
          epre: -96.3,
          ul_phr: 1,
          ul_path_loss: 78.5,
          p_ue: 18,
          dl_mcs: 23,
          ul_mcs: 20.9,
          ul_n_layer: 1,
          turbo_decoder_min: 1,
          turbo_decoder_avg: 2.13,
          turbo_decoder_max: 5,
          cqi: 15,
          ri: 2,
          ul_rank: 1,
          initial_ta: 1
        }
      ]
    }
  ],
  time: 2905.488,
  utc: 1744097803.679
}

