{
  message: ready,
  type: ENB,
  name: ENB,
  version: 2023-06-10,
  time: 2103.401,
  utc: 1744105713.082
}
{
  message: ue_get,
  ue_list: [
    {
      ran_ue_id: 3,
      amf_ue_id: 102,
      qos_flow_list: [
        {
          pdu_session_id: 1,
          dl_total_bytes: 15231,
          ul_total_bytes: 8947,
          sst: 1
        },
        {
          pdu_session_id: 2,
          dl_total_bytes: 5909807,
          ul_total_bytes: 30325256475,
          sst: 1
        }
      ],
      rnti: 17923,
      cells: [
        {
          cell_id: 1,
          dl_bitrate: 186661,
          ul_bitrate: 158677361,
          dl_tx: 82,
          ul_tx: 1070,
          dl_err: 0,
          ul_err: 0,
          dl_retx: 0,
          ul_retx: 10,
          pusch_snr: 27.7,
          epre: -92.2,
          ul_phr: 28,
          ul_path_loss: 67.8,
          p_ue: -9,
          dl_mcs: 24,
          ul_mcs: 24.1,
          ul_n_layer: 1,
          turbo_decoder_min: 1,
          turbo_decoder_avg: 2.17,
          turbo_decoder_max: 5,
          cqi: 15,
          ri: 2,
          ul_rank: 1,
          initial_ta: 1
        }
      ]
    }
  ],
  time: 2103.403,
  utc: 1744105713.092
}

