{
  message: ready,
  type: ENB,
  name: ENB,
  version: 2023-06-10,
  time: 2121.549,
  utc: 1744047251.287
}
{
  message: ue_get,
  ue_list: [
    {
      ran_ue_id: 54,
      amf_ue_id: 143,
      qos_flow_list: [
        {
          pdu_session_id: 2,
          dl_total_bytes: 592,
          ul_total_bytes: 3068,
          sst: 1
        }
      ],
      rnti: 17974,
      cells: [
        {
          cell_id: 1,
          dl_bitrate: 2599,
          ul_bitrate: 0,
          dl_tx: 2,
          ul_tx: 0,
          dl_err: 0,
          ul_err: 0,
          dl_retx: 2,
          ul_retx: 0,
          pusch_snr: 30.3,
          epre: -89.6,
          ul_phr: -7,
          ul_path_loss: 92.7,
          p_ue: 8,
          dl_mcs: 25,
          cqi: 15,
          ri: 2,
          ul_rank: 1,
          initial_ta: 1
        }
      ]
    },
    {
      ran_ue_id: 4,
      amf_ue_id: 103,
      qos_flow_list: [
        {
          pdu_session_id: 1,
          dl_total_bytes: 15224,
          ul_total_bytes: 8926,
          sst: 1
        },
        {
          pdu_session_id: 2,
          dl_total_bytes: 6031079,
          ul_total_bytes: 31441604158,
          sst: 1
        }
      ],
      rnti: 17924,
      cells: [
        {
          cell_id: 1,
          dl_bitrate: 190648,
          ul_bitrate: 113120163,
          dl_tx: 114,
          ul_tx: 1066,
          dl_err: 0,
          ul_err: 0,
          dl_retx: 0,
          ul_retx: 11,
          pusch_snr: 22.4,
          epre: -98.4,
          ul_phr: 13,
          ul_path_loss: 68.5,
          p_ue: 6,
          dl_mcs: 27.9,
          ul_mcs: 21.1,
          ul_n_layer: 1,
          turbo_decoder_min: 1,
          turbo_decoder_avg: 3.027,
          turbo_decoder_max: 5,
          cqi: 15,
          ri: 2,
          ul_rank: 1,
          initial_ta: 1
        }
      ]
    }
  ],
  time: 2121.551,
  utc: 1744047251.298
}

