{
  message: ready,
  type: ENB,
  name: ENB,
  version: 2023-06-10,
  time: 943.57,
  utc: 1744072306.544
}
{
  message: ue_get,
  ue_list: [
    {
      ran_ue_id: 46,
      amf_ue_id: 102,
      qos_flow_list: [
        {
          pdu_session_id: 1,
          dl_total_bytes: 14865,
          ul_total_bytes: 8539,
          sst: 1
        },
        {
          pdu_session_id: 2,
          dl_total_bytes: 1055563,
          ul_total_bytes: 7611943004,
          sst: 1
        }
      ],
      rnti: 17986,
      cells: [
        {
          cell_id: 1,
          dl_bitrate: 115555,
          ul_bitrate: 108328712,
          dl_tx: 68,
          ul_tx: 907,
          dl_err: 0,
          ul_err: 0,
          dl_retx: 1,
          ul_retx: 0,
          pusch_snr: 23,
          epre: -96.8,
          ul_phr: 2,
          ul_path_loss: 78.6,
          p_ue: 17,
          dl_mcs: 24.6,
          ul_mcs: 19.5,
          ul_n_layer: 1,
          turbo_decoder_min: 1,
          turbo_decoder_avg: 2.148,
          turbo_decoder_max: 4,
          cqi: 14,
          ri: 2,
          ul_rank: 1,
          initial_ta: 1
        }
      ]
    }
  ],
  time: 943.572,
  utc: 1744072306.556
}

