{
  message: ready,
  type: ENB,
  name: ENB,
  version: 2023-06-10,
  time: 2269.686,
  utc: 1744056028.142
}
{
  message: ue_get,
  ue_list: [
    {
      ran_ue_id: 3,
      amf_ue_id: 102,
      qos_flow_list: [
        {
          pdu_session_id: 1,
          dl_total_bytes: 15233,
          ul_total_bytes: 8949,
          sst: 1
        },
        {
          pdu_session_id: 2,
          dl_total_bytes: 6573621,
          ul_total_bytes: 12937503237,
          sst: 1
        }
      ],
      rnti: 17923,
      cells: [
        {
          cell_id: 1,
          dl_bitrate: 168767,
          ul_bitrate: 49424581,
          dl_tx: 116,
          ul_tx: 1058,
          dl_err: 0,
          ul_err: 0,
          dl_retx: 4,
          ul_retx: 13,
          pusch_snr: 9.7,
          epre: -111.3,
          ul_phr: -16,
          ul_path_loss: 98.2,
          p_ue: 23,
          dl_mcs: 20,
          ul_mcs: 9.1,
          ul_n_layer: 1,
          turbo_decoder_min: 1,
          turbo_decoder_avg: 3.439,
          turbo_decoder_max: 5,
          cqi: 13,
          ri: 2,
          ul_rank: 1,
          initial_ta: 1
        }
      ]
    }
  ],
  time: 2269.688,
  utc: 1744056028.153
}

