{
  message: ready,
  type: ENB,
  name: ENB,
  version: 2023-06-10,
  time: 2013.602,
  utc: 1744846025.569
}
{
  message: ue_get,
  ue_list: [
    {
      ran_ue_id: 3,
      amf_ue_id: 102,
      qos_flow_list: [
        {
          pdu_session_id: 1,
          dl_total_bytes: 7778,
          ul_total_bytes: 7634,
          sst: 1
        },
        {
          pdu_session_id: 2,
          dl_total_bytes: 3083078,
          ul_total_bytes: 22305828783,
          sst: 1
        }
      ],
      rnti: 17923,
      cells: [
        {
          cell_id: 1,
          dl_bitrate: 150579,
          ul_bitrate: 92730327,
          dl_tx: 101,
          ul_tx: 986,
          dl_err: 0,
          ul_err: 0,
          dl_retx: 0,
          ul_retx: 0,
          pusch_snr: 26.6,
          epre: -90.9,
          ul_phr: -8,
          ul_path_loss: 76.9,
          p_ue: 22,
          dl_mcs: 27.9,
          ul_mcs: 19.3,
          ul_n_layer: 1,
          turbo_decoder_min: 1,
          turbo_decoder_avg: 1.997,
          turbo_decoder_max: 4,
          cqi: 15,
          ri: 2,
          ul_rank: 1,
          initial_ta: 1
        }
      ]
    }
  ],
  time: 2013.603,
  utc: 1744846025.579
}

