{
  message: ready,
  type: ENB,
  name: ENB,
  version: 2023-06-10,
  time: 1076.852,
  utc: 1744206015.303
}
{
  message: ue_get,
  ue_list: [
    {
      ran_ue_id: 57,
      amf_ue_id: 123,
      qos_flow_list: [
        {
          pdu_session_id: 2,
          dl_total_bytes: 13228,
          ul_total_bytes: 8828,
          sst: 1
        }
      ],
      rnti: 17977,
      cells: [
        {
          cell_id: 1,
          dl_bitrate: 2188,
          ul_bitrate: 0,
          dl_tx: 2,
          ul_tx: 0,
          dl_err: 0,
          ul_err: 0,
          dl_retx: 0,
          ul_retx: 0,
          pusch_snr: 29.6,
          epre: -93.1,
          ul_phr: 3,
          ul_path_loss: 84,
          p_ue: 5,
          dl_mcs: 18,
          cqi: 12,
          ri: 2,
          ul_rank: 1,
          initial_ta: 1
        }
      ]
    },
    {
      ran_ue_id: 3,
      amf_ue_id: 102,
      qos_flow_list: [
        {
          pdu_session_id: 1,
          dl_total_bytes: 12902,
          ul_total_bytes: 8439,
          sst: 1
        },
        {
          pdu_session_id: 2,
          dl_total_bytes: 2040775,
          ul_total_bytes: 21662204181,
          sst: 1
        }
      ],
      rnti: 17923,
      cells: [
        {
          cell_id: 1,
          dl_bitrate: 182954,
          ul_bitrate: 180356765,
          dl_tx: 95,
          ul_tx: 1436,
          dl_err: 0,
          ul_err: 0,
          dl_retx: 2,
          ul_retx: 26,
          pusch_snr: 25.6,
          epre: -94.7,
          ul_phr: 28,
          ul_path_loss: 68.4,
          p_ue: -9,
          dl_mcs: 25.2,
          ul_mcs: 21.3,
          ul_n_layer: 1,
          turbo_decoder_min: 1,
          turbo_decoder_avg: 2.151,
          turbo_decoder_max: 5,
          cqi: 15,
          ri: 2,
          ul_rank: 1,
          initial_ta: 1
        }
      ]
    }
  ],
  time: 1076.854,
  utc: 1744206015.314
}

