{
  message: ready,
  type: ENB,
  name: ENB,
  version: 2023-06-10,
  time: 2615.865,
  utc: 1744053487.041
}
{
  message: ue_get,
  ue_list: [
    {
      ran_ue_id: 5,
      amf_ue_id: 104,
      qos_flow_list: [
        {
          pdu_session_id: 1,
          dl_total_bytes: 9831,
          ul_total_bytes: 7861,
          sst: 1
        },
        {
          pdu_session_id: 2,
          dl_total_bytes: 9055093,
          ul_total_bytes: 29148624779,
          sst: 1
        }
      ],
      rnti: 17925,
      cells: [
        {
          cell_id: 1,
          dl_bitrate: 217382,
          ul_bitrate: 99536579,
          dl_tx: 118,
          ul_tx: 1070,
          dl_err: 0,
          ul_err: 0,
          dl_retx: 1,
          ul_retx: 5,
          pusch_snr: 19.1,
          epre: -101.5,
          ul_phr: -5,
          ul_path_loss: 87.9,
          p_ue: 22,
          dl_mcs: 25,
          ul_mcs: 18.1,
          ul_n_layer: 1,
          turbo_decoder_min: 1,
          turbo_decoder_avg: 2.975,
          turbo_decoder_max: 5,
          cqi: 15,
          ri: 2,
          ul_rank: 1,
          initial_ta: 2
        }
      ]
    }
  ],
  time: 2615.867,
  utc: 1744053487.052
}

