{
  message: ready,
  type: ENB,
  name: ENB,
  version: 2023-06-10,
  time: 2303.983,
  utc: 1744189864.124
}
{
  message: ue_get,
  ue_list: [
    {
      ran_ue_id: 4,
      amf_ue_id: 103,
      qos_flow_list: [
        {
          pdu_session_id: 1,
          dl_total_bytes: 15234,
          ul_total_bytes: 8944,
          sst: 1
        },
        {
          pdu_session_id: 2,
          dl_total_bytes: 7249250,
          ul_total_bytes: 46280886364,
          sst: 1
        }
      ],
      rnti: 17924,
      cells: [
        {
          cell_id: 1,
          dl_bitrate: 181628,
          ul_bitrate: 168375263,
          dl_tx: 95,
          ul_tx: 1579,
          dl_err: 0,
          ul_err: 0,
          dl_retx: 36,
          ul_retx: 12,
          pusch_snr: 19.2,
          epre: -101.6,
          ul_phr: -4,
          ul_path_loss: 87.7,
          p_ue: 22,
          dl_mcs: 21,
          ul_mcs: 17.6,
          ul_n_layer: 1,
          turbo_decoder_min: 1,
          turbo_decoder_avg: 2.85,
          turbo_decoder_max: 5,
          cqi: 14,
          ri: 2,
          ul_rank: 1,
          initial_ta: 1
        }
      ]
    }
  ],
  time: 2303.984,
  utc: 1744189864.135
}

