{
  message: ready,
  type: ENB,
  name: ENB,
  version: 2023-06-10,
  time: 710.869,
  utc: 1743788880.344
}
{
  message: ue_get,
  ue_list: [
    {
      ran_ue_id: 4,
      amf_ue_id: 103,
      qos_flow_list: [
        {
          pdu_session_id: 1,
          dl_total_bytes: 14873,
          ul_total_bytes: 8545,
          sst: 1
        },
        {
          pdu_session_id: 2,
          dl_total_bytes: 1046705,
          ul_total_bytes: 11305591802,
          sst: 1
        }
      ],
      rnti: 17924,
      cells: [
        {
          cell_id: 1,
          dl_bitrate: 165473,
          ul_bitrate: 135330961,
          dl_tx: 110,
          ul_tx: 1054,
          dl_err: 0,
          ul_err: 0,
          dl_retx: 0,
          ul_retx: 12,
          pusch_snr: 26.2,
          epre: -94.1,
          ul_phr: 9,
          ul_path_loss: 68.2,
          p_ue: 10,
          dl_mcs: 28,
          ul_mcs: 23.9,
          ul_n_layer: 1,
          turbo_decoder_min: 1,
          turbo_decoder_avg: 2.708,
          turbo_decoder_max: 5,
          cqi: 15,
          ri: 2,
          ul_rank: 1,
          initial_ta: 1
        }
      ]
    }
  ],
  time: 710.871,
  utc: 1743788880.354
}

