{
  message: ready,
  type: ENB,
  name: ENB,
  version: 2023-06-10,
  time: 313.102,
  utc: 1744077783.046
}
{
  message: ue_get,
  ue_list: [
    {
      ran_ue_id: 3,
      amf_ue_id: 102,
      qos_flow_list: [
        {
          pdu_session_id: 1,
          dl_total_bytes: 14865,
          ul_total_bytes: 8545,
          sst: 1
        },
        {
          pdu_session_id: 2,
          dl_total_bytes: 561313,
          ul_total_bytes: 2281238178,
          sst: 1
        }
      ],
      rnti: 17923,
      cells: [
        {
          cell_id: 1,
          dl_bitrate: 75531,
          ul_bitrate: 84694671,
          dl_tx: 89,
          ul_tx: 1512,
          dl_err: 0,
          ul_err: 0,
          dl_retx: 2,
          ul_retx: 12,
          pusch_snr: 9.8,
          epre: -111.2,
          ul_phr: -12,
          ul_path_loss: 98.5,
          p_ue: 23,
          dl_mcs: 11.2,
          ul_mcs: 9.1,
          ul_n_layer: 1,
          turbo_decoder_min: 1,
          turbo_decoder_avg: 3.401,
          turbo_decoder_max: 5,
          cqi: 9,
          ri: 2,
          ul_rank: 1,
          initial_ta: 1
        }
      ]
    }
  ],
  time: 313.104,
  utc: 1744077783.057
}

