{
  message: ready,
  type: ENB,
  name: ENB,
  version: 2023-06-10,
  time: 2104.431,
  utc: 1744859473.257
}
{
  message: ue_get,
  ue_list: [
    {
      ran_ue_id: 4,
      amf_ue_id: 103,
      qos_flow_list: [
        {
          pdu_session_id: 1,
          dl_total_bytes: 7778,
          ul_total_bytes: 7656,
          sst: 1
        },
        {
          pdu_session_id: 2,
          dl_total_bytes: 3553344,
          ul_total_bytes: 23404807430,
          sst: 1
        }
      ],
      rnti: 17924,
      cells: [
        {
          cell_id: 1,
          dl_bitrate: 91750,
          ul_bitrate: 105909123,
          dl_tx: 66,
          ul_tx: 910,
          dl_err: 0,
          ul_err: 0,
          dl_retx: 0,
          ul_retx: 5,
          pusch_snr: 32.5,
          epre: -89,
          ul_phr: -5,
          ul_path_loss: 77,
          p_ue: 22,
          dl_mcs: 21.7,
          ul_mcs: 19.9,
          ul_n_layer: 1,
          turbo_decoder_min: 1,
          turbo_decoder_avg: 2.086,
          turbo_decoder_max: 5,
          cqi: 14,
          ri: 2,
          ul_rank: 1,
          initial_ta: 1
        }
      ]
    }
  ],
  time: 2104.433,
  utc: 1744859473.269
}

