{
  message: ready,
  type: ENB,
  name: ENB,
  version: 2023-06-10,
  time: 911.808,
  utc: 1744104521.488
}
{
  message: ue_get,
  ue_list: [
    {
      ran_ue_id: 32,
      amf_ue_id: 116,
      qos_flow_list: [
        {
          pdu_session_id: 2,
          dl_total_bytes: 280,
          ul_total_bytes: 264,
          sst: 1
        }
      ],
      rnti: 17952,
      cells: [
        {
          cell_id: 1,
          dl_bitrate: 3064,
          ul_bitrate: 0,
          dl_tx: 2,
          ul_tx: 0,
          dl_err: 0,
          ul_err: 0,
          dl_retx: 0,
          ul_retx: 0,
          pusch_snr: 32.2,
          epre: -85.5,
          ul_phr: -8,
          ul_path_loss: 91,
          p_ue: 8,
          dl_mcs: 24,
          cqi: 14,
          ri: 2,
          ul_rank: 1,
          initial_ta: 1
        }
      ]
    },
    {
      ran_ue_id: 3,
      amf_ue_id: 102,
      qos_flow_list: [
        {
          pdu_session_id: 1,
          dl_total_bytes: 14863,
          ul_total_bytes: 8543,
          sst: 1
        },
        {
          pdu_session_id: 2,
          dl_total_bytes: 1602027,
          ul_total_bytes: 12518856853,
          sst: 1
        }
      ],
      rnti: 17923,
      cells: [
        {
          cell_id: 1,
          dl_bitrate: 122702,
          ul_bitrate: 112115772,
          dl_tx: 69,
          ul_tx: 966,
          dl_err: 0,
          ul_err: 0,
          dl_retx: 1,
          ul_retx: 1,
          pusch_snr: 20.9,
          epre: -99.9,
          ul_phr: 36,
          ul_path_loss: 67.7,
          p_ue: -14,
          dl_mcs: 24.6,
          ul_mcs: 18.8,
          ul_n_layer: 1,
          turbo_decoder_min: 1,
          turbo_decoder_avg: 2.531,
          turbo_decoder_max: 5,
          cqi: 15,
          ri: 2,
          ul_rank: 1,
          initial_ta: 1
        }
      ]
    }
  ],
  time: 911.809,
  utc: 1744104521.499
}

