{
  message: ready,
  type: ENB,
  name: ENB,
  version: 2023-06-10,
  time: 1305.817,
  utc: 1744069761.352
}
{
  message: ue_get,
  ue_list: [
    {
      ran_ue_id: 4,
      amf_ue_id: 103,
      qos_flow_list: [
        {
          pdu_session_id: 1,
          dl_total_bytes: 15121,
          ul_total_bytes: 9548,
          sst: 1
        },
        {
          pdu_session_id: 2,
          dl_total_bytes: 2756342,
          ul_total_bytes: 17098964547,
          sst: 1
        }
      ],
      rnti: 17924,
      cells: [
        {
          cell_id: 1,
          dl_bitrate: 165276,
          ul_bitrate: 135699369,
          dl_tx: 91,
          ul_tx: 1175,
          dl_err: 0,
          ul_err: 0,
          dl_retx: 0,
          ul_retx: 4,
          pusch_snr: 20.4,
          epre: -99.6,
          ul_phr: 17,
          ul_path_loss: 68.8,
          p_ue: 5,
          dl_mcs: 23.8,
          ul_mcs: 19,
          ul_n_layer: 1,
          turbo_decoder_min: 1,
          turbo_decoder_avg: 2.398,
          turbo_decoder_max: 5,
          cqi: 14,
          ri: 2,
          ul_rank: 1,
          initial_ta: 1
        }
      ]
    }
  ],
  time: 1305.819,
  utc: 1744069761.363
}

