{
  message: ready,
  type: ENB,
  name: ENB,
  version: 2023-06-10,
  time: 964.31,
  utc: 1743866185.737
}
{
  message: ue_get,
  ue_list: [
    {
      ran_ue_id: 3,
      amf_ue_id: 102,
      qos_flow_list: [
        {
          pdu_session_id: 1,
          dl_total_bytes: 14958,
          ul_total_bytes: 8641,
          sst: 1
        },
        {
          pdu_session_id: 2,
          dl_total_bytes: 1409765,
          ul_total_bytes: 20388103977,
          sst: 1
        }
      ],
      rnti: 17923,
      cells: [
        {
          cell_id: 1,
          dl_bitrate: 167925,
          ul_bitrate: 176804104,
          dl_tx: 96,
          ul_tx: 1275,
          dl_err: 0,
          ul_err: 0,
          dl_retx: 1,
          ul_retx: 12,
          pusch_snr: 23.8,
          epre: -96.4,
          ul_phr: 11,
          ul_path_loss: 68.6,
          p_ue: 8,
          dl_mcs: 23.6,
          ul_mcs: 22.8,
          ul_n_layer: 1,
          turbo_decoder_min: 1,
          turbo_decoder_avg: 2.675,
          turbo_decoder_max: 5,
          cqi: 15,
          ri: 2,
          ul_rank: 1,
          initial_ta: 1
        }
      ]
    }
  ],
  time: 964.312,
  utc: 1743866185.747
}

