{
  message: ready,
  type: ENB,
  name: ENB,
  version: 2023-06-10,
  time: 1654.896,
  utc: 1744076263.049
}
{
  message: ue_get,
  ue_list: [
    {
      ran_ue_id: 4,
      amf_ue_id: 103,
      qos_flow_list: [
        {
          pdu_session_id: 1,
          dl_total_bytes: 15049,
          ul_total_bytes: 8741,
          sst: 1
        },
        {
          pdu_session_id: 2,
          dl_total_bytes: 3954553,
          ul_total_bytes: 25289336746,
          sst: 1
        }
      ],
      rnti: 17924,
      cells: [
        {
          cell_id: 1,
          dl_bitrate: 143658,
          ul_bitrate: 135969849,
          dl_tx: 93,
          ul_tx: 1460,
          dl_err: 0,
          ul_err: 0,
          dl_retx: 23,
          ul_retx: 0,
          pusch_snr: 29.5,
          epre: -89.5,
          ul_phr: -10,
          ul_path_loss: 88.1,
          p_ue: 22,
          dl_mcs: 20.7,
          ul_mcs: 15.9,
          ul_n_layer: 1,
          turbo_decoder_min: 1,
          turbo_decoder_avg: 2.325,
          turbo_decoder_max: 5,
          cqi: 14,
          ri: 2,
          ul_rank: 1,
          initial_ta: 0
        }
      ]
    }
  ],
  time: 1654.898,
  utc: 1744076263.06
}

