{
  message: ready,
  type: ENB,
  name: ENB,
  version: 2023-06-10,
  time: 2252.845,
  utc: 1744186950.227
}
{
  message: ue_get,
  ue_list: [
    {
      ran_ue_id: 3,
      amf_ue_id: 102,
      qos_flow_list: [
        {
          pdu_session_id: 1,
          dl_total_bytes: 15233,
          ul_total_bytes: 8949,
          sst: 1
        },
        {
          pdu_session_id: 2,
          dl_total_bytes: 7021583,
          ul_total_bytes: 47765569317,
          sst: 1
        }
      ],
      rnti: 17923,
      cells: [
        {
          cell_id: 1,
          dl_bitrate: 160779,
          ul_bitrate: 180588233,
          dl_tx: 93,
          ul_tx: 1462,
          dl_err: 0,
          ul_err: 0,
          dl_retx: 1,
          ul_retx: 2,
          pusch_snr: 21.9,
          epre: -98.9,
          ul_phr: 4,
          ul_path_loss: 78,
          p_ue: 15,
          dl_mcs: 23.2,
          ul_mcs: 20.9,
          ul_n_layer: 1,
          turbo_decoder_min: 0,
          turbo_decoder_avg: 3.243,
          turbo_decoder_max: 5,
          cqi: 15,
          ri: 2,
          ul_rank: 1,
          initial_ta: 1
        }
      ]
    }
  ],
  time: 2252.846,
  utc: 1744186950.237
}

