{
  message: ready,
  type: ENB,
  name: ENB,
  version: 2023-06-10,
  time: 784.278,
  utc: 1744839836.856
}
{
  message: ue_get,
  ue_list: [
    {
      ran_ue_id: 2,
      amf_ue_id: 101,
      qos_flow_list: [
        {
          pdu_session_id: 1,
          dl_total_bytes: 7409,
          ul_total_bytes: 7257,
          sst: 1
        },
        {
          pdu_session_id: 2,
          dl_total_bytes: 263931,
          ul_total_bytes: 222330152,
          sst: 1
        }
      ],
      rnti: 17922,
      cells: [
        {
          cell_id: 1,
          dl_bitrate: 23977,
          ul_bitrate: 5583777,
          dl_tx: 29,
          ul_tx: 1027,
          dl_err: 0,
          ul_err: 0,
          dl_retx: 4,
          ul_retx: 17,
          pusch_snr: 11.4,
          epre: -109.5,
          ul_phr: -27,
          ul_path_loss: 104.6,
          p_ue: 23,
          dl_mcs: 18,
          ul_mcs: 4,
          ul_n_layer: 1,
          turbo_decoder_min: 0,
          turbo_decoder_avg: 2.509,
          turbo_decoder_max: 5,
          cqi: 12,
          ri: 2,
          ul_rank: 1,
          initial_ta: 1
        }
      ]
    }
  ],
  time: 784.28,
  utc: 1744839836.867
}

