{
  message: ready,
  type: ENB,
  name: ENB,
  version: 2023-06-10,
  time: 2014.415,
  utc: 1744108514.785
}
{
  message: ue_get,
  ue_list: [
    {
      ran_ue_id: 6,
      amf_ue_id: 105,
      qos_flow_list: [
        {
          pdu_session_id: 1,
          dl_total_bytes: 9833,
          ul_total_bytes: 7857,
          sst: 1
        },
        {
          pdu_session_id: 2,
          dl_total_bytes: 5062850,
          ul_total_bytes: 29458450121,
          sst: 1
        }
      ],
      rnti: 17926,
      cells: [
        {
          cell_id: 1,
          dl_bitrate: 180183,
          ul_bitrate: 136078653,
          dl_tx: 83,
          ul_tx: 1184,
          dl_err: 0,
          ul_err: 0,
          dl_retx: 1,
          ul_retx: 9,
          pusch_snr: 21.6,
          epre: -99.2,
          ul_phr: 7,
          ul_path_loss: 78.4,
          p_ue: 15,
          dl_mcs: 23.4,
          ul_mcs: 18.8,
          ul_n_layer: 1,
          turbo_decoder_min: 0,
          turbo_decoder_avg: 2.375,
          turbo_decoder_max: 5,
          cqi: 15,
          ri: 2,
          ul_rank: 1,
          initial_ta: 1
        }
      ]
    }
  ],
  time: 2014.417,
  utc: 1744108514.796
}

