{
  message: ready,
  type: ENB,
  name: ENB,
  version: 2023-06-10,
  time: 2289.343,
  utc: 1744186986.725
}
{
  message: ue_get,
  ue_list: [
    {
      ran_ue_id: 3,
      amf_ue_id: 102,
      qos_flow_list: [
        {
          pdu_session_id: 1,
          dl_total_bytes: 15233,
          ul_total_bytes: 8949,
          sst: 1
        },
        {
          pdu_session_id: 2,
          dl_total_bytes: 7227474,
          ul_total_bytes: 48579261680,
          sst: 1
        }
      ],
      rnti: 17923,
      cells: [
        {
          cell_id: 1,
          dl_bitrate: 133583,
          ul_bitrate: 177096847,
          dl_tx: 91,
          ul_tx: 1293,
          dl_err: 0,
          ul_err: 0,
          dl_retx: 23,
          ul_retx: 2,
          pusch_snr: 25.9,
          epre: -94.3,
          ul_phr: 0,
          ul_path_loss: 80,
          p_ue: 19,
          dl_mcs: 23,
          ul_mcs: 22.9,
          ul_n_layer: 1,
          turbo_decoder_min: 0,
          turbo_decoder_avg: 2.27,
          turbo_decoder_max: 5,
          cqi: 15,
          ri: 2,
          ul_rank: 1,
          initial_ta: 1
        }
      ]
    }
  ],
  time: 2289.345,
  utc: 1744186986.736
}

