{
  message: ready,
  type: ENB,
  name: ENB,
  version: 2023-06-10,
  time: 1124.699,
  utc: 1744831356.388
}
{
  message: ue_get,
  ue_list: [
    {
      ran_ue_id: 11,
      amf_ue_id: 110,
      qos_flow_list: [],
      rnti: 17931,
      cells: [
        {
          cell_id: 1,
          dl_bitrate: 0,
          ul_bitrate: 0,
          dl_tx: 0,
          ul_tx: 0,
          dl_err: 0,
          ul_err: 0,
          dl_retx: 0,
          ul_retx: 0,
          pusch_snr: 18,
          epre: -103.8,
          ul_phr: -15,
          ul_path_loss: 120.7,
          p_ue: 24,
          cqi: 2,
          ri: 1,
          ul_rank: 1,
          initial_ta: 1
        }
      ]
    },
    {
      ran_ue_id: 3,
      amf_ue_id: 102,
      qos_flow_list: [
        {
          pdu_session_id: 1,
          dl_total_bytes: 7593,
          ul_total_bytes: 7459,
          sst: 1
        },
        {
          pdu_session_id: 2,
          dl_total_bytes: 854288,
          ul_total_bytes: 12139046158,
          sst: 1
        }
      ],
      rnti: 17923,
      cells: [
        {
          cell_id: 1,
          dl_bitrate: 152446,
          ul_bitrate: 92144975,
          dl_tx: 99,
          ul_tx: 959,
          dl_err: 0,
          ul_err: 0,
          dl_retx: 0,
          ul_retx: 7,
          pusch_snr: 27.3,
          epre: -91.1,
          ul_phr: -9,
          ul_path_loss: 77.1,
          p_ue: 19,
          dl_mcs: 28,
          ul_mcs: 19.5,
          ul_n_layer: 1,
          turbo_decoder_min: 0,
          turbo_decoder_avg: 2.209,
          turbo_decoder_max: 5,
          cqi: 15,
          ri: 2,
          ul_rank: 1,
          initial_ta: 1
        }
      ]
    }
  ],
  time: 1124.701,
  utc: 1744831356.399
}

