{
  message: ready,
  type: ENB,
  name: ENB,
  version: 2023-06-10,
  time: 111.038,
  utc: 1744074719.192
}
{
  message: ue_get,
  ue_list: [
    {
      ran_ue_id: 4,
      amf_ue_id: 103,
      qos_flow_list: [
        {
          pdu_session_id: 1,
          dl_total_bytes: 14865,
          ul_total_bytes: 8539,
          sst: 1
        },
        {
          pdu_session_id: 2,
          dl_total_bytes: 218848,
          ul_total_bytes: 681555505,
          sst: 1
        }
      ],
      rnti: 17924,
      cells: [
        {
          cell_id: 1,
          dl_bitrate: 119732,
          ul_bitrate: 134504405,
          dl_tx: 89,
          ul_tx: 1262,
          dl_err: 0,
          ul_err: 0,
          dl_retx: 27,
          ul_retx: 13,
          pusch_snr: 19.3,
          epre: -101.4,
          ul_phr: 9,
          ul_path_loss: 90.9,
          p_ue: 10,
          dl_mcs: 20.8,
          ul_mcs: 17.7,
          ul_n_layer: 1,
          turbo_decoder_min: 1,
          turbo_decoder_avg: 2.679,
          turbo_decoder_max: 5,
          cqi: 13,
          ri: 2,
          ul_rank: 1,
          initial_ta: 0
        }
      ]
    }
  ],
  time: 111.04,
  utc: 1744074719.203
}

