{
  message: ready,
  type: ENB,
  name: ENB,
  version: 2023-06-10,
  time: 973.783,
  utc: 1744188533.925
}
{
  message: ue_get,
  ue_list: [
    {
      ran_ue_id: 4,
      amf_ue_id: 103,
      qos_flow_list: [
        {
          pdu_session_id: 1,
          dl_total_bytes: 15050,
          ul_total_bytes: 8742,
          sst: 1
        },
        {
          pdu_session_id: 2,
          dl_total_bytes: 1724014,
          ul_total_bytes: 19045783909,
          sst: 1
        }
      ],
      rnti: 17924,
      cells: [
        {
          cell_id: 1,
          dl_bitrate: 126691,
          ul_bitrate: 173173895,
          dl_tx: 94,
          ul_tx: 1579,
          dl_err: 0,
          ul_err: 0,
          dl_retx: 30,
          ul_retx: 17,
          pusch_snr: 19.2,
          epre: -101.6,
          ul_phr: -6,
          ul_path_loss: 87.9,
          p_ue: 22,
          dl_mcs: 21.2,
          ul_mcs: 18,
          ul_n_layer: 1,
          turbo_decoder_min: 1,
          turbo_decoder_avg: 3.055,
          turbo_decoder_max: 5,
          cqi: 14,
          ri: 2,
          ul_rank: 1,
          initial_ta: 1
        }
      ]
    }
  ],
  time: 973.785,
  utc: 1744188533.936
}

