{
  message: ready,
  type: ENB,
  name: ENB,
  version: 2023-06-10,
  time: 114.606,
  utc: 1744045244.343
}
{
  message: ue_get,
  ue_list: [
    {
      ran_ue_id: 4,
      amf_ue_id: 103,
      qos_flow_list: [
        {
          pdu_session_id: 1,
          dl_total_bytes: 14856,
          ul_total_bytes: 8522,
          sst: 1
        },
        {
          pdu_session_id: 2,
          dl_total_bytes: 192606,
          ul_total_bytes: 660579697,
          sst: 1
        }
      ],
      rnti: 17924,
      cells: [
        {
          cell_id: 1,
          dl_bitrate: 171821,
          ul_bitrate: 111779910,
          dl_tx: 115,
          ul_tx: 1052,
          dl_err: 0,
          ul_err: 0,
          dl_retx: 0,
          ul_retx: 17,
          pusch_snr: 21.9,
          epre: -98.7,
          ul_phr: 14,
          ul_path_loss: 68.3,
          p_ue: 5,
          dl_mcs: 27.9,
          ul_mcs: 21,
          ul_n_layer: 1,
          turbo_decoder_min: 1,
          turbo_decoder_avg: 3.138,
          turbo_decoder_max: 5,
          cqi: 15,
          ri: 2,
          ul_rank: 1,
          initial_ta: 1
        }
      ]
    }
  ],
  time: 114.607,
  utc: 1744045244.354
}

