{
  message: ready,
  type: ENB,
  name: ENB,
  version: 2023-06-10,
  time: 1428.685,
  utc: 1744076036.838
}
{
  message: ue_get,
  ue_list: [
    {
      ran_ue_id: 4,
      amf_ue_id: 103,
      qos_flow_list: [
        {
          pdu_session_id: 1,
          dl_total_bytes: 15049,
          ul_total_bytes: 8741,
          sst: 1
        },
        {
          pdu_session_id: 2,
          dl_total_bytes: 3211672,
          ul_total_bytes: 21559601012,
          sst: 1
        }
      ],
      rnti: 17924,
      cells: [
        {
          cell_id: 1,
          dl_bitrate: 115564,
          ul_bitrate: 135957246,
          dl_tx: 86,
          ul_tx: 1252,
          dl_err: 0,
          ul_err: 0,
          dl_retx: 14,
          ul_retx: 14,
          pusch_snr: 19,
          epre: -101.9,
          ul_phr: -6,
          ul_path_loss: 88.2,
          p_ue: 22,
          dl_mcs: 21,
          ul_mcs: 18,
          ul_n_layer: 1,
          turbo_decoder_min: 0,
          turbo_decoder_avg: 2.848,
          turbo_decoder_max: 5,
          cqi: 14,
          ri: 2,
          ul_rank: 1,
          initial_ta: 0
        }
      ]
    }
  ],
  time: 1428.686,
  utc: 1744076036.849
}

