{
  message: ready,
  type: ENB,
  name: ENB,
  version: 2023-06-10,
  time: 1533.919,
  utc: 1744084825.592
}
{
  message: ue_get,
  ue_list: [
    {
      ran_ue_id: 5,
      amf_ue_id: 104,
      qos_flow_list: [
        {
          pdu_session_id: 1,
          dl_total_bytes: 9649,
          ul_total_bytes: 7655,
          sst: 1
        },
        {
          pdu_session_id: 2,
          dl_total_bytes: 3421303,
          ul_total_bytes: 19045128146,
          sst: 1
        }
      ],
      rnti: 17925,
      cells: [
        {
          cell_id: 1,
          dl_bitrate: 107359,
          ul_bitrate: 79951041,
          dl_tx: 50,
          ul_tx: 549,
          dl_err: 0,
          ul_err: 0,
          dl_retx: 2,
          ul_retx: 3,
          pusch_snr: 29.5,
          epre: -89.4,
          ul_phr: 19,
          ul_path_loss: 78.1,
          p_ue: 0,
          dl_mcs: 25.1,
          ul_mcs: 23.3,
          ul_n_layer: 1,
          turbo_decoder_min: 1,
          turbo_decoder_avg: 2.432,
          turbo_decoder_max: 5,
          cqi: 15,
          ri: 2,
          ul_rank: 1,
          initial_ta: 0
        }
      ]
    }
  ],
  time: 1533.921,
  utc: 1744084825.603
}

