{
  message: ready,
  type: ENB,
  name: ENB,
  version: 2023-06-10,
  time: 1300.7,
  utc: 1744183148.582
}
{
  message: ue_get,
  ue_list: [
    {
      ran_ue_id: 3,
      amf_ue_id: 102,
      qos_flow_list: [
        {
          pdu_session_id: 1,
          dl_total_bytes: 15109,
          ul_total_bytes: 8802,
          sst: 1
        },
        {
          pdu_session_id: 2,
          dl_total_bytes: 2775537,
          ul_total_bytes: 24877475828,
          sst: 1
        }
      ],
      rnti: 17923,
      cells: [
        {
          cell_id: 1,
          dl_bitrate: 134904,
          ul_bitrate: 180598164,
          dl_tx: 85,
          ul_tx: 1476,
          dl_err: 0,
          ul_err: 0,
          dl_retx: 0,
          ul_retx: 11,
          pusch_snr: 23.5,
          epre: -97,
          ul_phr: 13,
          ul_path_loss: 68.3,
          p_ue: 6,
          dl_mcs: 24.1,
          ul_mcs: 20.7,
          ul_n_layer: 1,
          turbo_decoder_min: 1,
          turbo_decoder_avg: 2.86,
          turbo_decoder_max: 5,
          cqi: 15,
          ri: 2,
          ul_rank: 1,
          initial_ta: 1
        }
      ]
    }
  ],
  time: 1300.702,
  utc: 1744183148.593
}

