{
  message: ready,
  type: ENB,
  name: ENB,
  version: 2023-06-10,
  time: 1963.896,
  utc: 1744096862.077
}
{
  message: ue_get,
  ue_list: [
    {
      ran_ue_id: 3,
      amf_ue_id: 102,
      qos_flow_list: [
        {
          pdu_session_id: 1,
          dl_total_bytes: 15285,
          ul_total_bytes: 9004,
          sst: 1
        },
        {
          pdu_session_id: 2,
          dl_total_bytes: 4891285,
          ul_total_bytes: 25845449251,
          sst: 1
        }
      ],
      rnti: 17923,
      cells: [
        {
          cell_id: 1,
          dl_bitrate: 101880,
          ul_bitrate: 107392368,
          dl_tx: 66,
          ul_tx: 873,
          dl_err: 0,
          ul_err: 0,
          dl_retx: 2,
          ul_retx: 14,
          pusch_snr: 21.9,
          epre: -98.3,
          ul_phr: 3,
          ul_path_loss: 78.5,
          p_ue: 16,
          dl_mcs: 23,
          ul_mcs: 20.2,
          ul_n_layer: 1,
          turbo_decoder_min: 1,
          turbo_decoder_avg: 2.588,
          turbo_decoder_max: 5,
          cqi: 15,
          ri: 2,
          ul_rank: 1,
          initial_ta: 1
        }
      ]
    }
  ],
  time: 1963.898,
  utc: 1744096862.089
}

