{
  message: ready,
  type: ENB,
  name: ENB,
  version: 2023-06-10,
  time: 417.059,
  utc: 1744048415.566
}
{
  message: ue_get,
  ue_list: [
    {
      ran_ue_id: 3,
      amf_ue_id: 102,
      qos_flow_list: [
        {
          pdu_session_id: 1,
          dl_total_bytes: 14855,
          ul_total_bytes: 8521,
          sst: 1
        },
        {
          pdu_session_id: 2,
          dl_total_bytes: 732647,
          ul_total_bytes: 5233038839,
          sst: 1
        }
      ],
      rnti: 17923,
      cells: [
        {
          cell_id: 1,
          dl_bitrate: 172041,
          ul_bitrate: 112305841,
          dl_tx: 115,
          ul_tx: 1057,
          dl_err: 0,
          ul_err: 0,
          dl_retx: 0,
          ul_retx: 13,
          pusch_snr: 21.6,
          epre: -98.9,
          ul_phr: 4,
          ul_path_loss: 78.7,
          p_ue: 15,
          dl_mcs: 28,
          ul_mcs: 21,
          ul_n_layer: 1,
          turbo_decoder_min: 1,
          turbo_decoder_avg: 3.283,
          turbo_decoder_max: 5,
          cqi: 15,
          ri: 2,
          ul_rank: 1,
          initial_ta: 1
        }
      ]
    }
  ],
  time: 417.061,
  utc: 1744048415.577
}

