{
  message: ready,
  type: ENB,
  name: ENB,
  version: 2023-06-10,
  time: 1280.711,
  utc: 1744845292.678
}
{
  message: ue_get,
  ue_list: [
    {
      ran_ue_id: 3,
      amf_ue_id: 102,
      qos_flow_list: [
        {
          pdu_session_id: 1,
          dl_total_bytes: 7594,
          ul_total_bytes: 7432,
          sst: 1
        },
        {
          pdu_session_id: 2,
          dl_total_bytes: 1195793,
          ul_total_bytes: 13955390808,
          sst: 1
        }
      ],
      rnti: 17923,
      cells: [
        {
          cell_id: 1,
          dl_bitrate: 176897,
          ul_bitrate: 93766090,
          dl_tx: 100,
          ul_tx: 954,
          dl_err: 0,
          ul_err: 0,
          dl_retx: 0,
          ul_retx: 4,
          pusch_snr: 27.1,
          epre: -90.9,
          ul_phr: -9,
          ul_path_loss: 77.1,
          p_ue: 19,
          dl_mcs: 28,
          ul_mcs: 19.6,
          ul_n_layer: 1,
          turbo_decoder_min: 1,
          turbo_decoder_avg: 2.11,
          turbo_decoder_max: 5,
          cqi: 15,
          ri: 2,
          ul_rank: 1,
          initial_ta: 1
        }
      ]
    }
  ],
  time: 1280.713,
  utc: 1744845292.689
}

