{
  message: ready,
  type: ENB,
  name: ENB,
  version: 2023-06-10,
  time: 2579.774,
  utc: 1744213251.974
}
{
  message: ue_get,
  ue_list: [
    {
      ran_ue_id: 3,
      amf_ue_id: 102,
      qos_flow_list: [
        {
          pdu_session_id: 1,
          dl_total_bytes: 26826,
          ul_total_bytes: 10614,
          sst: 1
        },
        {
          pdu_session_id: 2,
          dl_total_bytes: 8808283,
          ul_total_bytes: 25092018479,
          sst: 1
        }
      ],
      rnti: 17923,
      cells: [
        {
          cell_id: 1,
          dl_bitrate: 71106,
          ul_bitrate: 73238338,
          dl_tx: 88,
          ul_tx: 1718,
          dl_err: 0,
          ul_err: 0,
          dl_retx: 12,
          ul_retx: 0,
          pusch_snr: 19.8,
          epre: -100.9,
          ul_phr: -20,
          ul_path_loss: 88.1,
          p_ue: 23,
          dl_mcs: 12.1,
          ul_mcs: 7,
          ul_n_layer: 1,
          turbo_decoder_min: 1,
          turbo_decoder_avg: 1.075,
          turbo_decoder_max: 2,
          cqi: 11,
          ri: 2,
          ul_rank: 1,
          initial_ta: 1
        }
      ]
    }
  ],
  time: 2579.776,
  utc: 1744213251.985
}

