{
  message: ready,
  type: ENB,
  name: ENB,
  version: 2023-06-10,
  time: 522.455,
  utc: 1744045652.193
}
{
  message: ue_get,
  ue_list: [
    {
      ran_ue_id: 4,
      amf_ue_id: 103,
      qos_flow_list: [
        {
          pdu_session_id: 1,
          dl_total_bytes: 14856,
          ul_total_bytes: 8522,
          sst: 1
        },
        {
          pdu_session_id: 2,
          dl_total_bytes: 902987,
          ul_total_bytes: 6870464378,
          sst: 1
        }
      ],
      rnti: 17924,
      cells: [
        {
          cell_id: 1,
          dl_bitrate: 170582,
          ul_bitrate: 107719276,
          dl_tx: 114,
          ul_tx: 1057,
          dl_err: 0,
          ul_err: 0,
          dl_retx: 0,
          ul_retx: 12,
          pusch_snr: 21.2,
          epre: -99.4,
          ul_phr: 17,
          ul_path_loss: 68.6,
          p_ue: 5,
          dl_mcs: 27.9,
          ul_mcs: 19.9,
          ul_n_layer: 1,
          turbo_decoder_min: 1,
          turbo_decoder_avg: 3.185,
          turbo_decoder_max: 5,
          cqi: 15,
          ri: 2,
          ul_rank: 1,
          initial_ta: 1
        }
      ]
    }
  ],
  time: 522.456,
  utc: 1744045652.203
}

