{
  message: ready,
  type: ENB,
  name: ENB,
  version: 2023-06-10,
  time: 2888.959,
  utc: 1744213561.159
}
{
  message: ue_get,
  ue_list: [
    {
      ran_ue_id: 3,
      amf_ue_id: 102,
      qos_flow_list: [
        {
          pdu_session_id: 1,
          dl_total_bytes: 26918,
          ul_total_bytes: 10715,
          sst: 1
        },
        {
          pdu_session_id: 2,
          dl_total_bytes: 10756237,
          ul_total_bytes: 28050286745,
          sst: 1
        }
      ],
      rnti: 17923,
      cells: [
        {
          cell_id: 1,
          dl_bitrate: 127768,
          ul_bitrate: 78386788,
          dl_tx: 90,
          ul_tx: 1716,
          dl_err: 0,
          ul_err: 0,
          dl_retx: 15,
          ul_retx: 0,
          pusch_snr: 19.8,
          epre: -100.9,
          ul_phr: -19,
          ul_path_loss: 88.1,
          p_ue: 23,
          dl_mcs: 11.8,
          ul_mcs: 7.5,
          ul_n_layer: 1,
          turbo_decoder_min: 1,
          turbo_decoder_avg: 1.344,
          turbo_decoder_max: 2,
          cqi: 9,
          ri: 2,
          ul_rank: 1,
          initial_ta: 1
        }
      ]
    }
  ],
  time: 2888.961,
  utc: 1744213561.169
}

