{
  message: ready,
  type: ENB,
  name: ENB,
  version: 2023-06-10,
  time: 2809.181,
  utc: 1744083189.724
}
{
  message: ue_get,
  ue_list: [
    {
      ran_ue_id: 4,
      amf_ue_id: 103,
      qos_flow_list: [
        {
          pdu_session_id: 1,
          dl_total_bytes: 15409,
          ul_total_bytes: 9145,
          sst: 1
        },
        {
          pdu_session_id: 2,
          dl_total_bytes: 10261726,
          ul_total_bytes: 35962158038,
          sst: 1
        }
      ],
      rnti: 17924,
      cells: [
        {
          cell_id: 1,
          dl_bitrate: 112644,
          ul_bitrate: 110582465,
          dl_tx: 62,
          ul_tx: 906,
          dl_err: 0,
          ul_err: 0,
          dl_retx: 0,
          ul_retx: 18,
          pusch_snr: 21.6,
          epre: -99.4,
          ul_phr: 17,
          ul_path_loss: 68.7,
          p_ue: 5,
          dl_mcs: 25.7,
          ul_mcs: 19.6,
          ul_n_layer: 1,
          turbo_decoder_min: 1,
          turbo_decoder_avg: 2.864,
          turbo_decoder_max: 5,
          cqi: 15,
          ri: 2,
          ul_rank: 1,
          initial_ta: 1
        }
      ]
    }
  ],
  time: 2809.182,
  utc: 1744083189.735
}

