{
  message: ready,
  type: ENB,
  name: ENB,
  version: 2023-06-10,
  time: 1238.36,
  utc: 1744185935.743
}
{
  message: ue_get,
  ue_list: [
    {
      ran_ue_id: 29,
      amf_ue_id: 128,
      qos_flow_list: [
        {
          pdu_session_id: 2,
          dl_total_bytes: 0,
          ul_total_bytes: 61,
          sst: 1
        }
      ],
      rnti: 17949,
      cells: [
        {
          cell_id: 1,
          dl_bitrate: 4,
          ul_bitrate: 2,
          dl_tx: 4,
          ul_tx: 6,
          dl_err: 0,
          ul_err: 1,
          dl_retx: 0,
          ul_retx: 10,
          pusch_snr: 23.4,
          epre: -100.1,
          ul_phr: -1,
          ul_path_loss: 106.9,
          p_ue: 8,
          dl_mcs: 16,
          ul_mcs: 10.8,
          ul_n_layer: 1,
          turbo_decoder_min: 1,
          turbo_decoder_avg: 3.688,
          turbo_decoder_max: 5,
          cqi: 14,
          ri: 2,
          ul_rank: 1,
          initial_ta: 1
        }
      ]
    },
    {
      ran_ue_id: 3,
      amf_ue_id: 102,
      qos_flow_list: [
        {
          pdu_session_id: 1,
          dl_total_bytes: 15049,
          ul_total_bytes: 8747,
          sst: 1
        },
        {
          pdu_session_id: 2,
          dl_total_bytes: 2576497,
          ul_total_bytes: 25544804157,
          sst: 1
        }
      ],
      rnti: 17923,
      cells: [
        {
          cell_id: 1,
          dl_bitrate: 154480,
          ul_bitrate: 179011553,
          dl_tx: 94,
          ul_tx: 1461,
          dl_err: 0,
          ul_err: 0,
          dl_retx: 0,
          ul_retx: 17,
          pusch_snr: 21.9,
          epre: -98.9,
          ul_phr: 4,
          ul_path_loss: 78.2,
          p_ue: 15,
          dl_mcs: 23,
          ul_mcs: 20.5,
          ul_n_layer: 1,
          turbo_decoder_min: 1,
          turbo_decoder_avg: 3.102,
          turbo_decoder_max: 5,
          cqi: 15,
          ri: 2,
          ul_rank: 1,
          initial_ta: 1
        }
      ]
    }
  ],
  time: 1238.362,
  utc: 1744185935.753
}

