{
  message: ready,
  type: ENB,
  name: ENB,
  version: 2023-06-10,
  time: 1236.212,
  utc: 1744185933.594
}
{
  message: ue_get,
  ue_list: [
    {
      ran_ue_id: 3,
      amf_ue_id: 102,
      qos_flow_list: [
        {
          pdu_session_id: 1,
          dl_total_bytes: 15049,
          ul_total_bytes: 8747,
          sst: 1
        },
        {
          pdu_session_id: 2,
          dl_total_bytes: 2568867,
          ul_total_bytes: 25497148093,
          sst: 1
        }
      ],
      rnti: 17923,
      cells: [
        {
          cell_id: 1,
          dl_bitrate: 163488,
          ul_bitrate: 183971099,
          dl_tx: 90,
          ul_tx: 1460,
          dl_err: 0,
          ul_err: 0,
          dl_retx: 2,
          ul_retx: 10,
          pusch_snr: 22,
          epre: -98.8,
          ul_phr: 4,
          ul_path_loss: 78.2,
          p_ue: 15,
          dl_mcs: 23.6,
          ul_mcs: 20.6,
          ul_n_layer: 1,
          turbo_decoder_min: 1,
          turbo_decoder_avg: 3.129,
          turbo_decoder_max: 5,
          cqi: 15,
          ri: 2,
          ul_rank: 1,
          initial_ta: 1
        }
      ]
    }
  ],
  time: 1236.214,
  utc: 1744185933.605
}

