{
  message: ready,
  type: ENB,
  name: ENB,
  version: 2023-06-10,
  time: 700.518,
  utc: 1744182548.401
}
{
  message: ue_get,
  ue_list: [
    {
      ran_ue_id: 3,
      amf_ue_id: 102,
      qos_flow_list: [
        {
          pdu_session_id: 1,
          dl_total_bytes: 14925,
          ul_total_bytes: 8600,
          sst: 1
        },
        {
          pdu_session_id: 2,
          dl_total_bytes: 1228593,
          ul_total_bytes: 11988844185,
          sst: 1
        }
      ],
      rnti: 17923,
      cells: [
        {
          cell_id: 1,
          dl_bitrate: 151800,
          ul_bitrate: 179954474,
          dl_tx: 94,
          ul_tx: 1223,
          dl_err: 0,
          ul_err: 0,
          dl_retx: 1,
          ul_retx: 11,
          pusch_snr: 25.9,
          epre: -94.3,
          ul_phr: 8,
          ul_path_loss: 68.2,
          p_ue: 11,
          dl_mcs: 24.7,
          ul_mcs: 24,
          ul_n_layer: 1,
          turbo_decoder_min: 0,
          turbo_decoder_avg: 2.398,
          turbo_decoder_max: 5,
          cqi: 15,
          ri: 2,
          ul_rank: 1,
          initial_ta: 1
        }
      ]
    }
  ],
  time: 700.52,
  utc: 1744182548.412
}

