{
  message: ready,
  type: ENB,
  name: ENB,
  version: 2023-06-10,
  time: 86.285,
  utc: 1744207883.755
}
{
  message: ue_get,
  ue_list: [
    {
      ran_ue_id: 4,
      amf_ue_id: 103,
      qos_flow_list: [],
      rnti: 17924,
      cells: [
        {
          cell_id: 1,
          dl_bitrate: 145,
          ul_bitrate: 13,
          dl_tx: 18,
          ul_tx: 3,
          dl_err: 4,
          ul_err: 23,
          dl_retx: 44,
          ul_retx: 119,
          pusch_snr: 3.6,
          epre: -117.7,
          ul_phr: -29,
          ul_path_loss: 117.1,
          p_ue: 24,
          dl_mcs: 12.7,
          ul_mcs: 8,
          ul_n_layer: 1,
          turbo_decoder_min: 1,
          turbo_decoder_avg: 4.918,
          turbo_decoder_max: 5,
          cqi: 8,
          ri: 2,
          ul_rank: 1,
          initial_ta: 1
        }
      ]
    },
    {
      ran_ue_id: 3,
      amf_ue_id: 102,
      qos_flow_list: [
        {
          pdu_session_id: 1,
          dl_total_bytes: 11530,
          ul_total_bytes: 7656,
          sst: 1
        },
        {
          pdu_session_id: 2,
          dl_total_bytes: 166727,
          ul_total_bytes: 399625175,
          sst: 1
        }
      ],
      rnti: 17923,
      cells: [
        {
          cell_id: 1,
          dl_bitrate: 143113,
          ul_bitrate: 183363530,
          dl_tx: 94,
          ul_tx: 1490,
          dl_err: 0,
          ul_err: 0,
          dl_retx: 13,
          ul_retx: 11,
          pusch_snr: 22.1,
          epre: -98.5,
          ul_phr: 4,
          ul_path_loss: 77.7,
          p_ue: 15,
          dl_mcs: 22.9,
          ul_mcs: 20.3,
          ul_n_layer: 1,
          turbo_decoder_min: 1,
          turbo_decoder_avg: 2.897,
          turbo_decoder_max: 5,
          cqi: 15,
          ri: 2,
          ul_rank: 1,
          initial_ta: 1
        }
      ]
    }
  ],
  time: 86.287,
  utc: 1744207883.766
}

