{
  message: ready,
  type: ENB,
  name: ENB,
  version: 2023-06-10,
  time: 369.774,
  utc: 1744051240.951
}
{
  message: ue_get,
  ue_list: [
    {
      ran_ue_id: 5,
      amf_ue_id: 104,
      qos_flow_list: [
        {
          pdu_session_id: 1,
          dl_total_bytes: 9463,
          ul_total_bytes: 7457,
          sst: 1
        },
        {
          pdu_session_id: 2,
          dl_total_bytes: 599779,
          ul_total_bytes: 3414102587,
          sst: 1
        }
      ],
      rnti: 17925,
      cells: [
        {
          cell_id: 1,
          dl_bitrate: 151529,
          ul_bitrate: 97229669,
          dl_tx: 119,
          ul_tx: 1053,
          dl_err: 0,
          ul_err: 0,
          dl_retx: 4,
          ul_retx: 13,
          pusch_snr: 18.8,
          epre: -101.8,
          ul_phr: -5,
          ul_path_loss: 87.8,
          p_ue: 22,
          dl_mcs: 24,
          ul_mcs: 17.9,
          ul_n_layer: 1,
          turbo_decoder_min: 1,
          turbo_decoder_avg: 2.889,
          turbo_decoder_max: 5,
          cqi: 15,
          ri: 2,
          ul_rank: 1,
          initial_ta: 2
        }
      ]
    }
  ],
  time: 369.775,
  utc: 1744051240.961
}

