{
  message: ready,
  type: ENB,
  name: ENB,
  version: 2023-06-10,
  time: 690.444,
  utc: 1744858059.27
}
{
  message: ue_get,
  ue_list: [
    {
      ran_ue_id: 4,
      amf_ue_id: 103,
      qos_flow_list: [
        {
          pdu_session_id: 1,
          dl_total_bytes: 7410,
          ul_total_bytes: 7252,
          sst: 1
        },
        {
          pdu_session_id: 2,
          dl_total_bytes: 399895,
          ul_total_bytes: 7145096765,
          sst: 1
        }
      ],
      rnti: 17924,
      cells: [
        {
          cell_id: 1,
          dl_bitrate: 116546,
          ul_bitrate: 106426403,
          dl_tx: 69,
          ul_tx: 903,
          dl_err: 0,
          ul_err: 0,
          dl_retx: 0,
          ul_retx: 4,
          pusch_snr: 28.4,
          epre: -89.7,
          ul_phr: -5,
          ul_path_loss: 76.8,
          p_ue: 22,
          dl_mcs: 26.2,
          ul_mcs: 20.9,
          ul_n_layer: 1,
          turbo_decoder_min: 1,
          turbo_decoder_avg: 2.43,
          turbo_decoder_max: 5,
          cqi: 14,
          ri: 2,
          ul_rank: 1,
          initial_ta: 1
        }
      ]
    }
  ],
  time: 690.446,
  utc: 1744858059.282
}

