{
  message: ready,
  type: ENB,
  name: ENB,
  version: 2023-06-10,
  time: 1930.296,
  utc: 1744076538.45
}
{
  message: ue_get,
  ue_list: [
    {
      ran_ue_id: 4,
      amf_ue_id: 103,
      qos_flow_list: [
        {
          pdu_session_id: 1,
          dl_total_bytes: 15233,
          ul_total_bytes: 8943,
          sst: 1
        },
        {
          pdu_session_id: 2,
          dl_total_bytes: 4876234,
          ul_total_bytes: 29800445722,
          sst: 1
        }
      ],
      rnti: 17924,
      cells: [
        {
          cell_id: 1,
          dl_bitrate: 95151,
          ul_bitrate: 111592214,
          dl_tx: 69,
          ul_tx: 1026,
          dl_err: 0,
          ul_err: 0,
          dl_retx: 12,
          ul_retx: 9,
          pusch_snr: 18.8,
          epre: -101.8,
          ul_phr: -4,
          ul_path_loss: 88.1,
          p_ue: 22,
          dl_mcs: 21,
          ul_mcs: 17.7,
          ul_n_layer: 1,
          turbo_decoder_min: 1,
          turbo_decoder_avg: 2.786,
          turbo_decoder_max: 5,
          cqi: 14,
          ri: 2,
          ul_rank: 1,
          initial_ta: 0
        }
      ]
    }
  ],
  time: 1930.298,
  utc: 1744076538.461
}

