{
  message: ready,
  type: ENB,
  name: ENB,
  version: 2023-06-10,
  time: 689.946,
  utc: 1744191140.527
}
{
  message: ue_get,
  ue_list: [
    {
      ran_ue_id: 3,
      amf_ue_id: 102,
      qos_flow_list: [
        {
          pdu_session_id: 1,
          dl_total_bytes: 14866,
          ul_total_bytes: 8546,
          sst: 1
        },
        {
          pdu_session_id: 2,
          dl_total_bytes: 1211986,
          ul_total_bytes: 5712705131,
          sst: 1
        }
      ],
      rnti: 17923,
      cells: [
        {
          cell_id: 1,
          dl_bitrate: 96731,
          ul_bitrate: 84482723,
          dl_tx: 97,
          ul_tx: 1535,
          dl_err: 0,
          ul_err: 0,
          dl_retx: 16,
          ul_retx: 15,
          pusch_snr: 9.7,
          epre: -111.2,
          ul_phr: -11,
          ul_path_loss: 98.3,
          p_ue: 23,
          dl_mcs: 14.1,
          ul_mcs: 9,
          ul_n_layer: 1,
          turbo_decoder_min: 1,
          turbo_decoder_avg: 3.651,
          turbo_decoder_max: 5,
          cqi: 10,
          ri: 2,
          ul_rank: 1,
          initial_ta: 2
        }
      ]
    }
  ],
  time: 689.947,
  utc: 1744191140.538
}

