{
  message: ready,
  type: ENB,
  name: ENB,
  version: 2023-06-10,
  time: 674.927,
  utc: 1744191125.509
}
{
  message: ue_get,
  ue_list: [
    {
      ran_ue_id: 3,
      amf_ue_id: 102,
      qos_flow_list: [
        {
          pdu_session_id: 1,
          dl_total_bytes: 14866,
          ul_total_bytes: 8546,
          sst: 1
        },
        {
          pdu_session_id: 2,
          dl_total_bytes: 1183313,
          ul_total_bytes: 5559807023,
          sst: 1
        }
      ],
      rnti: 17923,
      cells: [
        {
          cell_id: 1,
          dl_bitrate: 86374,
          ul_bitrate: 56741353,
          dl_tx: 88,
          ul_tx: 1564,
          dl_err: 0,
          ul_err: 0,
          dl_retx: 12,
          ul_retx: 0,
          pusch_snr: 9.6,
          epre: -111.2,
          ul_phr: -22,
          ul_path_loss: 98.4,
          p_ue: 23,
          dl_mcs: 13.8,
          ul_mcs: 5.5,
          ul_n_layer: 1,
          turbo_decoder_min: 1,
          turbo_decoder_avg: 2.047,
          turbo_decoder_max: 3,
          cqi: 10,
          ri: 2,
          ul_rank: 1,
          initial_ta: 2
        }
      ]
    }
  ],
  time: 674.929,
  utc: 1744191125.52
}

