{
  message: ready,
  type: ENB,
  name: ENB,
  version: 2023-06-10,
  time: 133.9,
  utc: 1743858284.548
}
{
  message: ue_get,
  ue_list: [
    {
      ran_ue_id: 9,
      amf_ue_id: 108,
      qos_flow_list: [
        {
          pdu_session_id: 2,
          dl_total_bytes: 55457,
          ul_total_bytes: 54677,
          sst: 1
        }
      ],
      rnti: 17929,
      cells: [
        {
          cell_id: 1,
          dl_bitrate: 2666,
          ul_bitrate: 0,
          dl_tx: 2,
          ul_tx: 0,
          dl_err: 0,
          ul_err: 0,
          dl_retx: 0,
          ul_retx: 0,
          pusch_snr: 24.9,
          epre: -92.1,
          ul_phr: 0,
          ul_path_loss: 84.4,
          p_ue: 8,
          dl_mcs: 22,
          cqi: 14,
          ri: 2,
          ul_rank: 1,
          initial_ta: 1
        }
      ]
    },
    {
      ran_ue_id: 6,
      amf_ue_id: 105,
      qos_flow_list: [
        {
          pdu_session_id: 1,
          dl_total_bytes: 12790,
          ul_total_bytes: 8344,
          sst: 1
        },
        {
          pdu_session_id: 2,
          dl_total_bytes: 182913,
          ul_total_bytes: 1289782832,
          sst: 1
        }
      ],
      rnti: 17926,
      cells: [
        {
          cell_id: 1,
          dl_bitrate: 134309,
          ul_bitrate: 238817340,
          dl_tx: 95,
          ul_tx: 1605,
          dl_err: 0,
          ul_err: 0,
          dl_retx: 1,
          ul_retx: 16,
          pusch_snr: 25.8,
          epre: -94,
          ul_phr: 9,
          ul_path_loss: 68.3,
          p_ue: 10,
          dl_mcs: 23,
          ul_mcs: 24.1,
          ul_n_layer: 1,
          turbo_decoder_min: 1,
          turbo_decoder_avg: 2.458,
          turbo_decoder_max: 5,
          cqi: 15,
          ri: 2,
          ul_rank: 1,
          initial_ta: 1
        }
      ]
    }
  ],
  time: 133.902,
  utc: 1743858284.558
}

