{
  message: ready,
  type: ENB,
  name: ENB,
  version: 2023-06-10,
  time: 2242.362,
  utc: 1744094243.714
}
{
  message: ue_get,
  ue_list: [
    {
      ran_ue_id: 3,
      amf_ue_id: 102,
      qos_flow_list: [
        {
          pdu_session_id: 1,
          dl_total_bytes: 15233,
          ul_total_bytes: 8949,
          sst: 1
        },
        {
          pdu_session_id: 2,
          dl_total_bytes: 6729993,
          ul_total_bytes: 29378892414,
          sst: 1
        }
      ],
      rnti: 17923,
      cells: [
        {
          cell_id: 1,
          dl_bitrate: 168221,
          ul_bitrate: 111029114,
          dl_tx: 69,
          ul_tx: 909,
          dl_err: 0,
          ul_err: 0,
          dl_retx: 1,
          ul_retx: 14,
          pusch_snr: 21.9,
          epre: -98.4,
          ul_phr: 34,
          ul_path_loss: 67.9,
          p_ue: -12,
          dl_mcs: 24.1,
          ul_mcs: 20.1,
          ul_n_layer: 1,
          turbo_decoder_min: 1,
          turbo_decoder_avg: 2.384,
          turbo_decoder_max: 5,
          cqi: 15,
          ri: 2,
          ul_rank: 1,
          initial_ta: 0
        }
      ]
    }
  ],
  time: 2242.364,
  utc: 1744094243.725
}

