{
  message: ready,
  type: ENB,
  name: ENB,
  version: 2023-06-10,
  time: 2249.793,
  utc: 1744094251.145
}
{
  message: ue_get,
  ue_list: [
    {
      ran_ue_id: 3,
      amf_ue_id: 102,
      qos_flow_list: [
        {
          pdu_session_id: 1,
          dl_total_bytes: 15233,
          ul_total_bytes: 8949,
          sst: 1
        },
        {
          pdu_session_id: 2,
          dl_total_bytes: 6797109,
          ul_total_bytes: 29480241286,
          sst: 1
        }
      ],
      rnti: 17923,
      cells: [
        {
          cell_id: 1,
          dl_bitrate: 152671,
          ul_bitrate: 88994109,
          dl_tx: 61,
          ul_tx: 720,
          dl_err: 0,
          ul_err: 0,
          dl_retx: 0,
          ul_retx: 3,
          pusch_snr: 23,
          epre: -97.3,
          ul_phr: 30,
          ul_path_loss: 69.7,
          p_ue: -11,
          dl_mcs: 24,
          ul_mcs: 21,
          ul_n_layer: 1,
          turbo_decoder_min: 1,
          turbo_decoder_avg: 2.426,
          turbo_decoder_max: 5,
          cqi: 15,
          ri: 2,
          ul_rank: 1,
          initial_ta: 0
        }
      ]
    }
  ],
  time: 2249.794,
  utc: 1744094251.155
}

