{
  message: ready,
  type: ENB,
  name: ENB,
  version: 2023-06-10,
  time: 2218.248,
  utc: 1744215806.067
}
{
  message: ue_get,
  ue_list: [
    {
      ran_ue_id: 3,
      amf_ue_id: 102,
      qos_flow_list: [
        {
          pdu_session_id: 1,
          dl_total_bytes: 15158,
          ul_total_bytes: 8843,
          sst: 1
        },
        {
          pdu_session_id: 2,
          dl_total_bytes: 6619472,
          ul_total_bytes: 23110470285,
          sst: 1
        }
      ],
      rnti: 17923,
      cells: [
        {
          cell_id: 1,
          dl_bitrate: 145910,
          ul_bitrate: 93287619,
          dl_tx: 94,
          ul_tx: 1698,
          dl_err: 0,
          ul_err: 0,
          dl_retx: 9,
          ul_retx: 16,
          pusch_snr: 10.4,
          epre: -110.4,
          ul_phr: -16,
          ul_path_loss: 98,
          p_ue: 23,
          dl_mcs: 14.2,
          ul_mcs: 9.2,
          ul_n_layer: 1,
          turbo_decoder_min: 1,
          turbo_decoder_avg: 3.59,
          turbo_decoder_max: 5,
          cqi: 12,
          ri: 2,
          ul_rank: 1,
          initial_ta: 1
        }
      ]
    }
  ],
  time: 2218.25,
  utc: 1744215806.078
}

