{
  message: ready,
  type: ENB,
  name: ENB,
  version: 2023-06-10,
  time: 2274.897,
  utc: 1744070730.432
}
{
  message: ue_get,
  ue_list: [
    {
      ran_ue_id: 4,
      amf_ue_id: 103,
      qos_flow_list: [
        {
          pdu_session_id: 1,
          dl_total_bytes: 15305,
          ul_total_bytes: 9750,
          sst: 1
        },
        {
          pdu_session_id: 2,
          dl_total_bytes: 6943116,
          ul_total_bytes: 30456380598,
          sst: 1
        }
      ],
      rnti: 17924,
      cells: [
        {
          cell_id: 1,
          dl_bitrate: 137627,
          ul_bitrate: 71120122,
          dl_tx: 50,
          ul_tx: 496,
          dl_err: 0,
          ul_err: 0,
          dl_retx: 1,
          ul_retx: 0,
          pusch_snr: 25.3,
          epre: -94.3,
          ul_phr: 28,
          ul_path_loss: 68.9,
          p_ue: -9,
          dl_mcs: 24.1,
          ul_mcs: 23.2,
          ul_n_layer: 1,
          turbo_decoder_min: 0,
          turbo_decoder_avg: 2.345,
          turbo_decoder_max: 5,
          cqi: 14,
          ri: 2,
          ul_rank: 1,
          initial_ta: 1
        }
      ]
    }
  ],
  time: 2274.9,
  utc: 1744070730.443
}

