{
  message: ready,
  type: ENB,
  name: ENB,
  version: 2023-06-10,
  time: 563.417,
  utc: 1744188123.559
}
{
  message: ue_get,
  ue_list: [
    {
      ran_ue_id: 4,
      amf_ue_id: 103,
      qos_flow_list: [
        {
          pdu_session_id: 1,
          dl_total_bytes: 14866,
          ul_total_bytes: 8540,
          sst: 1
        },
        {
          pdu_session_id: 2,
          dl_total_bytes: 1009326,
          ul_total_bytes: 10295083112,
          sst: 1
        }
      ],
      rnti: 17924,
      cells: [
        {
          cell_id: 1,
          dl_bitrate: 118753,
          ul_bitrate: 172985602,
          dl_tx: 90,
          ul_tx: 1580,
          dl_err: 0,
          ul_err: 0,
          dl_retx: 36,
          ul_retx: 20,
          pusch_snr: 19.1,
          epre: -101.6,
          ul_phr: -3,
          ul_path_loss: 87.8,
          p_ue: 22,
          dl_mcs: 20.6,
          ul_mcs: 18,
          ul_n_layer: 1,
          turbo_decoder_min: 1,
          turbo_decoder_avg: 3.093,
          turbo_decoder_max: 5,
          cqi: 15,
          ri: 2,
          ul_rank: 1,
          initial_ta: 1
        }
      ]
    }
  ],
  time: 563.419,
  utc: 1744188123.57
}

