{
  message: ready,
  type: ENB,
  name: ENB,
  version: 2023-06-10,
  time: 2411.948,
  utc: 1744088634.291
}
{
  message: ue_get,
  ue_list: [
    {
      ran_ue_id: 3,
      amf_ue_id: 102,
      qos_flow_list: [
        {
          pdu_session_id: 1,
          dl_total_bytes: 15233,
          ul_total_bytes: 8949,
          sst: 1
        },
        {
          pdu_session_id: 2,
          dl_total_bytes: 8004336,
          ul_total_bytes: 38401985583,
          sst: 1
        }
      ],
      rnti: 17923,
      cells: [
        {
          cell_id: 1,
          dl_bitrate: 189968,
          ul_bitrate: 135151439,
          dl_tx: 96,
          ul_tx: 1458,
          dl_err: 0,
          ul_err: 0,
          dl_retx: 37,
          ul_retx: 0,
          pusch_snr: 18.8,
          epre: -101.7,
          ul_phr: -12,
          ul_path_loss: 88.1,
          p_ue: 22,
          dl_mcs: 21.4,
          ul_mcs: 15.5,
          ul_n_layer: 1,
          turbo_decoder_min: 2,
          turbo_decoder_avg: 2.105,
          turbo_decoder_max: 4,
          cqi: 13,
          ri: 2,
          ul_rank: 1,
          initial_ta: 1
        }
      ]
    }
  ],
  time: 2411.95,
  utc: 1744088634.301
}

