{
  message: ready,
  type: ENB,
  name: ENB,
  version: 2023-06-10,
  time: 865.671,
  utc: 1744084157.344
}
{
  message: ue_get,
  ue_list: [
    {
      ran_ue_id: 5,
      amf_ue_id: 104,
      qos_flow_list: [
        {
          pdu_session_id: 1,
          dl_total_bytes: 9465,
          ul_total_bytes: 7453,
          sst: 1
        },
        {
          pdu_session_id: 2,
          dl_total_bytes: 1465955,
          ul_total_bytes: 10271123697,
          sst: 1
        }
      ],
      rnti: 17925,
      cells: [
        {
          cell_id: 1,
          dl_bitrate: 109394,
          ul_bitrate: 111121337,
          dl_tx: 63,
          ul_tx: 891,
          dl_err: 0,
          ul_err: 0,
          dl_retx: 0,
          ul_retx: 11,
          pusch_snr: 21.8,
          epre: -99.2,
          ul_phr: 26,
          ul_path_loss: 77.4,
          p_ue: -4,
          dl_mcs: 25,
          ul_mcs: 20.3,
          ul_n_layer: 1,
          turbo_decoder_min: 1,
          turbo_decoder_avg: 3.05,
          turbo_decoder_max: 5,
          cqi: 15,
          ri: 2,
          ul_rank: 1,
          initial_ta: 0
        }
      ]
    }
  ],
  time: 865.673,
  utc: 1744084157.355
}

