{
  message: ready,
  type: ENB,
  name: ENB,
  version: 2023-06-10,
  time: 2225.932,
  utc: 1744079695.876
}
{
  message: ue_get,
  ue_list: [
    {
      ran_ue_id: 3,
      amf_ue_id: 102,
      qos_flow_list: [
        {
          pdu_session_id: 1,
          dl_total_bytes: 15233,
          ul_total_bytes: 8949,
          sst: 1
        },
        {
          pdu_session_id: 2,
          dl_total_bytes: 6596456,
          ul_total_bytes: 20058760963,
          sst: 1
        }
      ],
      rnti: 17923,
      cells: [
        {
          cell_id: 1,
          dl_bitrate: 129083,
          ul_bitrate: 84089306,
          dl_tx: 92,
          ul_tx: 1503,
          dl_err: 0,
          ul_err: 0,
          dl_retx: 8,
          ul_retx: 11,
          pusch_snr: 9.6,
          epre: -111.2,
          ul_phr: -12,
          ul_path_loss: 98.5,
          p_ue: 23,
          dl_mcs: 11.1,
          ul_mcs: 9.1,
          ul_n_layer: 1,
          turbo_decoder_min: 1,
          turbo_decoder_avg: 3.381,
          turbo_decoder_max: 5,
          cqi: 9,
          ri: 2,
          ul_rank: 1,
          initial_ta: 1
        }
      ]
    }
  ],
  time: 2225.934,
  utc: 1744079695.886
}

