{
  message: ready,
  type: ENB,
  name: ENB,
  version: 2023-06-10,
  time: 135.647,
  utc: 1744083427.321
}
{
  message: ue_get,
  ue_list: [
    {
      ran_ue_id: 5,
      amf_ue_id: 104,
      qos_flow_list: [
        {
          pdu_session_id: 1,
          dl_total_bytes: 9465,
          ul_total_bytes: 7453,
          sst: 1
        },
        {
          pdu_session_id: 2,
          dl_total_bytes: 202102,
          ul_total_bytes: 724808285,
          sst: 1
        }
      ],
      rnti: 17925,
      cells: [
        {
          cell_id: 1,
          dl_bitrate: 95930,
          ul_bitrate: 92541860,
          dl_tx: 55,
          ul_tx: 719,
          dl_err: 0,
          ul_err: 0,
          dl_retx: 0,
          ul_retx: 0,
          pusch_snr: 23.7,
          epre: -96.7,
          ul_phr: 20,
          ul_path_loss: 78.4,
          p_ue: -1,
          dl_mcs: 25,
          ul_mcs: 21.1,
          ul_n_layer: 1,
          turbo_decoder_min: 1,
          turbo_decoder_avg: 2.146,
          turbo_decoder_max: 4,
          cqi: 15,
          ri: 2,
          ul_rank: 1,
          initial_ta: 0
        }
      ]
    }
  ],
  time: 135.649,
  utc: 1744083427.331
}

