{
  message: ready,
  type: ENB,
  name: ENB,
  version: 2023-06-10,
  time: 699.188,
  utc: 1744083990.861
}
{
  message: ue_get,
  ue_list: [
    {
      ran_ue_id: 5,
      amf_ue_id: 104,
      qos_flow_list: [
        {
          pdu_session_id: 1,
          dl_total_bytes: 9465,
          ul_total_bytes: 7453,
          sst: 1
        },
        {
          pdu_session_id: 2,
          dl_total_bytes: 1177925,
          ul_total_bytes: 8073308215,
          sst: 1
        }
      ],
      rnti: 17925,
      cells: [
        {
          cell_id: 1,
          dl_bitrate: 115612,
          ul_bitrate: 103560290,
          dl_tx: 69,
          ul_tx: 845,
          dl_err: 0,
          ul_err: 0,
          dl_retx: 1,
          ul_retx: 13,
          pusch_snr: 24.3,
          epre: -95.9,
          ul_phr: 20,
          ul_path_loss: 78.2,
          p_ue: -1,
          dl_mcs: 25,
          ul_mcs: 21.1,
          ul_n_layer: 1,
          turbo_decoder_min: 0,
          turbo_decoder_avg: 2.126,
          turbo_decoder_max: 5,
          cqi: 15,
          ri: 2,
          ul_rank: 1,
          initial_ta: 0
        }
      ]
    }
  ],
  time: 699.189,
  utc: 1744083990.872
}

