{
  message: ready,
  type: ENB,
  name: ENB,
  version: 2023-06-10,
  time: 1384.947,
  utc: 1744188945.089
}
{
  message: ue_get,
  ue_list: [
    {
      ran_ue_id: 4,
      amf_ue_id: 103,
      qos_flow_list: [
        {
          pdu_session_id: 1,
          dl_total_bytes: 15050,
          ul_total_bytes: 8742,
          sst: 1
        },
        {
          pdu_session_id: 2,
          dl_total_bytes: 3044212,
          ul_total_bytes: 27792319943,
          sst: 1
        }
      ],
      rnti: 17924,
      cells: [
        {
          cell_id: 1,
          dl_bitrate: 144251,
          ul_bitrate: 175362755,
          dl_tx: 91,
          ul_tx: 1606,
          dl_err: 0,
          ul_err: 0,
          dl_retx: 31,
          ul_retx: 0,
          pusch_snr: 19.4,
          epre: -101.5,
          ul_phr: -9,
          ul_path_loss: 87.8,
          p_ue: 22,
          dl_mcs: 21.2,
          ul_mcs: 18,
          ul_n_layer: 1,
          turbo_decoder_min: 2,
          turbo_decoder_avg: 3.041,
          turbo_decoder_max: 5,
          cqi: 14,
          ri: 2,
          ul_rank: 1,
          initial_ta: 1
        }
      ]
    }
  ],
  time: 1384.949,
  utc: 1744188945.099
}

