{
  message: ready,
  type: ENB,
  name: ENB,
  version: 2023-06-10,
  time: 1004.378,
  utc: 1744101714.779
}
{
  message: ue_get,
  ue_list: [
    {
      ran_ue_id: 3,
      amf_ue_id: 102,
      qos_flow_list: [
        {
          pdu_session_id: 1,
          dl_total_bytes: 15049,
          ul_total_bytes: 8747,
          sst: 1
        },
        {
          pdu_session_id: 2,
          dl_total_bytes: 1762981,
          ul_total_bytes: 9295325462,
          sst: 1
        }
      ],
      rnti: 17923,
      cells: [
        {
          cell_id: 1,
          dl_bitrate: 92800,
          ul_bitrate: 53948577,
          dl_tx: 89,
          ul_tx: 1445,
          dl_err: 0,
          ul_err: 0,
          dl_retx: 9,
          ul_retx: 73,
          pusch_snr: 9.7,
          epre: -111.3,
          ul_phr: -13,
          ul_path_loss: 98.6,
          p_ue: 23,
          dl_mcs: 14.6,
          ul_mcs: 5.5,
          ul_n_layer: 1,
          turbo_decoder_min: 1,
          turbo_decoder_avg: 2.45,
          turbo_decoder_max: 5,
          cqi: 11,
          ri: 2,
          ul_rank: 1,
          initial_ta: 1
        }
      ]
    }
  ],
  time: 1004.38,
  utc: 1744101714.79
}

