{
  message: ready,
  type: ENB,
  name: ENB,
  version: 2023-06-10,
  time: 2640.121,
  utc: 1744201757.492
}
{
  message: ue_get,
  ue_list: [
    {
      ran_ue_id: 4,
      amf_ue_id: 103,
      qos_flow_list: [
        {
          pdu_session_id: 1,
          dl_total_bytes: 15233,
          ul_total_bytes: 8949,
          sst: 1
        },
        {
          pdu_session_id: 2,
          dl_total_bytes: 9370154,
          ul_total_bytes: 47829504817,
          sst: 1
        }
      ],
      rnti: 17924,
      cells: [
        {
          cell_id: 1,
          dl_bitrate: 180181,
          ul_bitrate: 108919918,
          dl_tx: 98,
          ul_tx: 1617,
          dl_err: 0,
          ul_err: 0,
          dl_retx: 11,
          ul_retx: 0,
          pusch_snr: 19.3,
          epre: -101.4,
          ul_phr: -15,
          ul_path_loss: 87.4,
          p_ue: 22,
          dl_mcs: 20.2,
          ul_mcs: 12,
          ul_n_layer: 1,
          turbo_decoder_min: 1,
          turbo_decoder_avg: 1.852,
          turbo_decoder_max: 2,
          cqi: 14,
          ri: 2,
          ul_rank: 1,
          initial_ta: 1
        }
      ]
    }
  ],
  time: 2640.123,
  utc: 1744201757.502
}

