{
  message: ready,
  type: ENB,
  name: ENB,
  version: 2023-06-10,
  time: 253.479,
  utc: 1744103863.159
}
{
  message: ue_get,
  ue_list: [
    {
      ran_ue_id: 3,
      amf_ue_id: 102,
      qos_flow_list: [
        {
          pdu_session_id: 1,
          dl_total_bytes: 14863,
          ul_total_bytes: 8543,
          sst: 1
        },
        {
          pdu_session_id: 2,
          dl_total_bytes: 456933,
          ul_total_bytes: 2721576733,
          sst: 1
        }
      ],
      rnti: 17923,
      cells: [
        {
          cell_id: 1,
          dl_bitrate: 134037,
          ul_bitrate: 132896477,
          dl_tx: 91,
          ul_tx: 1600,
          dl_err: 0,
          ul_err: 0,
          dl_retx: 13,
          ul_retx: 26,
          pusch_snr: 17,
          epre: -103.5,
          ul_phr: 21,
          ul_path_loss: 68.7,
          p_ue: 1,
          dl_mcs: 22.8,
          ul_mcs: 14.3,
          ul_n_layer: 1,
          turbo_decoder_min: 1,
          turbo_decoder_avg: 2.447,
          turbo_decoder_max: 5,
          cqi: 15,
          ri: 2,
          ul_rank: 1,
          initial_ta: 1
        }
      ]
    }
  ],
  time: 253.481,
  utc: 1744103863.17
}

