{
  message: ready,
  type: ENB,
  name: ENB,
  version: 2023-06-10,
  time: 117.059,
  utc: 1744065544.154
}
{
  message: ue_get,
  ue_list: [
    {
      ran_ue_id: 3,
      amf_ue_id: 102,
      qos_flow_list: [
        {
          pdu_session_id: 1,
          dl_total_bytes: 14865,
          ul_total_bytes: 8545,
          sst: 1
        },
        {
          pdu_session_id: 2,
          dl_total_bytes: 221984,
          ul_total_bytes: 305013874,
          sst: 1
        }
      ],
      rnti: 17923,
      cells: [
        {
          cell_id: 1,
          dl_bitrate: 110519,
          ul_bitrate: 44868045,
          dl_tx: 102,
          ul_tx: 1048,
          dl_err: 0,
          ul_err: 0,
          dl_retx: 1,
          ul_retx: 0,
          pusch_snr: 9.8,
          epre: -111,
          ul_phr: -19,
          ul_path_loss: 98.2,
          p_ue: 23,
          dl_mcs: 21,
          ul_mcs: 8,
          ul_n_layer: 1,
          turbo_decoder_min: 2,
          turbo_decoder_avg: 2.985,
          turbo_decoder_max: 4,
          cqi: 13,
          ri: 2,
          ul_rank: 1,
          initial_ta: 1
        }
      ]
    }
  ],
  time: 117.061,
  utc: 1744065544.165
}

