{
  message: ready,
  type: ENB,
  name: ENB,
  version: 2023-06-10,
  time: 2776.218,
  utc: 1744059517.514
}
{
  message: ue_get,
  ue_list: [
    {
      ran_ue_id: 96,
      amf_ue_id: 148,
      qos_flow_list: [
        {
          pdu_session_id: 1,
          dl_total_bytes: 184,
          ul_total_bytes: 202,
          sst: 1
        }
      ],
      rnti: 18016,
      cells: [
        {
          cell_id: 1,
          dl_bitrate: 3,
          ul_bitrate: 2,
          dl_tx: 7,
          ul_tx: 7,
          dl_err: 0,
          ul_err: 0,
          dl_retx: 0,
          ul_retx: 3,
          pusch_snr: 29.8,
          epre: -86.5,
          ul_phr: -4,
          ul_path_loss: 93.3,
          p_ue: 8,
          dl_mcs: 15.4,
          ul_mcs: 21.3,
          ul_n_layer: 1,
          turbo_decoder_min: 1,
          turbo_decoder_avg: 2.5,
          turbo_decoder_max: 5,
          cqi: 15,
          ri: 2,
          ul_rank: 1,
          initial_ta: 1
        }
      ]
    },
    {
      ran_ue_id: 51,
      amf_ue_id: 104,
      qos_flow_list: [
        {
          pdu_session_id: 1,
          dl_total_bytes: 15407,
          ul_total_bytes: 9149,
          sst: 1
        },
        {
          pdu_session_id: 2,
          dl_total_bytes: 10230696,
          ul_total_bytes: 40845959339,
          sst: 1
        }
      ],
      rnti: 17971,
      cells: [
        {
          cell_id: 1,
          dl_bitrate: 237224,
          ul_bitrate: 112688468,
          dl_tx: 117,
          ul_tx: 1061,
          dl_err: 0,
          ul_err: 0,
          dl_retx: 0,
          ul_retx: 12,
          pusch_snr: 21.9,
          epre: -98.6,
          ul_phr: 13,
          ul_path_loss: 68.4,
          p_ue: 6,
          dl_mcs: 28,
          ul_mcs: 21,
          ul_n_layer: 1,
          turbo_decoder_min: 1,
          turbo_decoder_avg: 2.963,
          turbo_decoder_max: 5,
          cqi: 15,
          ri: 2,
          ul_rank: 1,
          initial_ta: 1
        }
      ]
    }
  ],
  time: 2776.219,
  utc: 1744059517.524
}

