{
  message: ready,
  type: ENB,
  name: ENB,
  version: 2023-06-10,
  time: 2015.031,
  utc: 1744052886.208
}
{
  message: ue_get,
  ue_list: [
    {
      ran_ue_id: 5,
      amf_ue_id: 104,
      qos_flow_list: [
        {
          pdu_session_id: 1,
          dl_total_bytes: 9831,
          ul_total_bytes: 7861,
          sst: 1
        },
        {
          pdu_session_id: 2,
          dl_total_bytes: 5213065,
          ul_total_bytes: 22345056963,
          sst: 1
        }
      ],
      rnti: 17925,
      cells: [
        {
          cell_id: 1,
          dl_bitrate: 162132,
          ul_bitrate: 99052011,
          dl_tx: 114,
          ul_tx: 1063,
          dl_err: 0,
          ul_err: 0,
          dl_retx: 10,
          ul_retx: 10,
          pusch_snr: 18.7,
          epre: -101.7,
          ul_phr: -5,
          ul_path_loss: 87.9,
          p_ue: 22,
          dl_mcs: 24,
          ul_mcs: 18.1,
          ul_n_layer: 1,
          turbo_decoder_min: 1,
          turbo_decoder_avg: 3.016,
          turbo_decoder_max: 5,
          cqi: 15,
          ri: 2,
          ul_rank: 1,
          initial_ta: 2
        }
      ]
    }
  ],
  time: 2015.033,
  utc: 1744052886.218
}

