{
  message: ready,
  type: ENB,
  name: ENB,
  version: 2023-06-10,
  time: 1255.467,
  utc: 1744049253.974
}
{
  message: ue_get,
  ue_list: [
    {
      ran_ue_id: 33,
      amf_ue_id: 122,
      qos_flow_list: [
        {
          pdu_session_id: 2,
          dl_total_bytes: 0,
          ul_total_bytes: 244,
          sst: 1
        }
      ],
      rnti: 17953,
      cells: [
        {
          cell_id: 1,
          dl_bitrate: 1830,
          ul_bitrate: 0,
          dl_tx: 2,
          ul_tx: 0,
          dl_err: 0,
          ul_err: 0,
          dl_retx: 3,
          ul_retx: 0,
          pusch_snr: 19.1,
          epre: -100.8,
          ul_phr: -14,
          ul_path_loss: 92.1,
          p_ue: 8,
          dl_mcs: 20,
          cqi: 13,
          ri: 2,
          ul_rank: 1,
          initial_ta: 0
        }
      ]
    },
    {
      ran_ue_id: 3,
      amf_ue_id: 102,
      qos_flow_list: [
        {
          pdu_session_id: 1,
          dl_total_bytes: 15039,
          ul_total_bytes: 8723,
          sst: 1
        },
        {
          pdu_session_id: 2,
          dl_total_bytes: 2583711,
          ul_total_bytes: 17092211015,
          sst: 1
        }
      ],
      rnti: 17923,
      cells: [
        {
          cell_id: 1,
          dl_bitrate: 174712,
          ul_bitrate: 114128692,
          dl_tx: 111,
          ul_tx: 1061,
          dl_err: 0,
          ul_err: 0,
          dl_retx: 0,
          ul_retx: 11,
          pusch_snr: 22.1,
          epre: -98.5,
          ul_phr: 4,
          ul_path_loss: 78,
          p_ue: 15,
          dl_mcs: 28,
          ul_mcs: 21.2,
          ul_n_layer: 1,
          turbo_decoder_min: 1,
          turbo_decoder_avg: 2.997,
          turbo_decoder_max: 5,
          cqi: 15,
          ri: 2,
          ul_rank: 1,
          initial_ta: 1
        }
      ]
    }
  ],
  time: 1255.469,
  utc: 1744049253.985
}

