{
  message: ready,
  type: ENB,
  name: ENB,
  version: 2023-06-10,
  time: 1881.338,
  utc: 1744070336.872
}
{
  message: ue_get,
  ue_list: [
    {
      ran_ue_id: 53,
      amf_ue_id: 136,
      qos_flow_list: [
        {
          pdu_session_id: 1,
          dl_total_bytes: 184,
          ul_total_bytes: 202,
          sst: 1
        }
      ],
      rnti: 17973,
      cells: [
        {
          cell_id: 1,
          dl_bitrate: 1816,
          ul_bitrate: 0,
          dl_tx: 2,
          ul_tx: 0,
          dl_err: 0,
          ul_err: 0,
          dl_retx: 2,
          ul_retx: 0,
          pusch_snr: 26.2,
          epre: -94.1,
          ul_phr: 2,
          ul_path_loss: 83.6,
          p_ue: 6,
          dl_mcs: 15,
          cqi: 11,
          ri: 2,
          ul_rank: 1,
          initial_ta: 1
        }
      ]
    },
    {
      ran_ue_id: 4,
      amf_ue_id: 103,
      qos_flow_list: [
        {
          pdu_session_id: 1,
          dl_total_bytes: 15305,
          ul_total_bytes: 9750,
          sst: 1
        },
        {
          pdu_session_id: 2,
          dl_total_bytes: 4663553,
          ul_total_bytes: 24928525841,
          sst: 1
        }
      ],
      rnti: 17924,
      cells: [
        {
          cell_id: 1,
          dl_bitrate: 103019,
          ul_bitrate: 82926337,
          dl_tx: 56,
          ul_tx: 670,
          dl_err: 0,
          ul_err: 0,
          dl_retx: 2,
          ul_retx: 12,
          pusch_snr: 21.2,
          epre: -99.5,
          ul_phr: 30,
          ul_path_loss: 68,
          p_ue: -11,
          dl_mcs: 26.6,
          ul_mcs: 20.3,
          ul_n_layer: 1,
          turbo_decoder_min: 1,
          turbo_decoder_avg: 2.339,
          turbo_decoder_max: 5,
          cqi: 14,
          ri: 2,
          ul_rank: 1,
          initial_ta: 1
        }
      ]
    }
  ],
  time: 1881.34,
  utc: 1744070336.884
}

