{
  message: ready,
  type: ENB,
  name: ENB,
  version: 2023-06-10,
  time: 3209.066,
  utc: 1744074572.04
}
{
  message: ue_get,
  ue_list: [
    {
      ran_ue_id: 46,
      amf_ue_id: 102,
      qos_flow_list: [
        {
          pdu_session_id: 1,
          dl_total_bytes: 15417,
          ul_total_bytes: 9145,
          sst: 1
        },
        {
          pdu_session_id: 2,
          dl_total_bytes: 10720943,
          ul_total_bytes: 40317094766,
          sst: 1
        }
      ],
      rnti: 17986,
      cells: [
        {
          cell_id: 1,
          dl_bitrate: 184945,
          ul_bitrate: 134366355,
          dl_tx: 92,
          ul_tx: 1171,
          dl_err: 0,
          ul_err: 0,
          dl_retx: 1,
          ul_retx: 0,
          pusch_snr: 24.2,
          epre: -95.2,
          ul_phr: 3,
          ul_path_loss: 78.1,
          p_ue: 16,
          dl_mcs: 21,
          ul_mcs: 19.8,
          ul_n_layer: 1,
          turbo_decoder_min: 1,
          turbo_decoder_avg: 2.467,
          turbo_decoder_max: 5,
          cqi: 14,
          ri: 2,
          ul_rank: 1,
          initial_ta: 1
        }
      ]
    }
  ],
  time: 3209.068,
  utc: 1744074572.051
}

