{
  message: ready,
  type: ENB,
  name: ENB,
  version: 2023-06-10,
  time: 3213.297,
  utc: 1744074576.271
}
{
  message: ue_get,
  ue_list: [
    {
      ran_ue_id: 46,
      amf_ue_id: 102,
      qos_flow_list: [
        {
          pdu_session_id: 1,
          dl_total_bytes: 15417,
          ul_total_bytes: 9145,
          sst: 1
        },
        {
          pdu_session_id: 2,
          dl_total_bytes: 10759073,
          ul_total_bytes: 40375372463,
          sst: 1
        }
      ],
      rnti: 17986,
      cells: [
        {
          cell_id: 1,
          dl_bitrate: 165457,
          ul_bitrate: 119751507,
          dl_tx: 72,
          ul_tx: 985,
          dl_err: 0,
          ul_err: 0,
          dl_retx: 0,
          ul_retx: 3,
          pusch_snr: 22.1,
          epre: -98.6,
          ul_phr: 3,
          ul_path_loss: 78.6,
          p_ue: 16,
          dl_mcs: 21.4,
          ul_mcs: 20.6,
          ul_n_layer: 1,
          turbo_decoder_min: 1,
          turbo_decoder_avg: 2.76,
          turbo_decoder_max: 5,
          cqi: 14,
          ri: 2,
          ul_rank: 1,
          initial_ta: 1
        }
      ]
    }
  ],
  time: 3213.299,
  utc: 1744074576.282
}

