{
  message: ready,
  type: ENB,
  name: ENB,
  version: 2023-06-10,
  time: 938.491,
  utc: 1744110360.841
}
{
  message: ue_get,
  ue_list: [
    {
      ran_ue_id: 32,
      amf_ue_id: 116,
      qos_flow_list: [
        {
          pdu_session_id: 2,
          dl_total_bytes: 0,
          ul_total_bytes: 309,
          sst: 1
        }
      ],
      rnti: 17952,
      cells: [
        {
          cell_id: 1,
          dl_bitrate: 1032,
          ul_bitrate: 0,
          dl_tx: 2,
          ul_tx: 0,
          dl_err: 0,
          ul_err: 0,
          dl_retx: 0,
          ul_retx: 0,
          pusch_snr: 6.4,
          epre: -114.3,
          ul_phr: -22,
          ul_path_loss: 102.2,
          p_ue: 8,
          dl_mcs: 13,
          cqi: 11,
          ri: 1,
          ul_rank: 1,
          initial_ta: 1
        }
      ]
    },
    {
      ran_ue_id: 5,
      amf_ue_id: 103,
      qos_flow_list: [
        {
          pdu_session_id: 1,
          dl_total_bytes: 15048,
          ul_total_bytes: 8746,
          sst: 1
        },
        {
          pdu_session_id: 2,
          dl_total_bytes: 1664444,
          ul_total_bytes: 14151709449,
          sst: 1
        }
      ],
      rnti: 17925,
      cells: [
        {
          cell_id: 1,
          dl_bitrate: 91988,
          ul_bitrate: 115582960,
          dl_tx: 70,
          ul_tx: 1088,
          dl_err: 0,
          ul_err: 0,
          dl_retx: 41,
          ul_retx: 17,
          pusch_snr: 18.9,
          epre: -101.9,
          ul_phr: -1,
          ul_path_loss: 88.1,
          p_ue: 22,
          dl_mcs: 21.2,
          ul_mcs: 18,
          ul_n_layer: 1,
          turbo_decoder_min: 1,
          turbo_decoder_avg: 3.004,
          turbo_decoder_max: 5,
          cqi: 14,
          ri: 2,
          ul_rank: 1,
          initial_ta: 0
        }
      ]
    }
  ],
  time: 938.493,
  utc: 1744110360.852
}

