{
  message: ready,
  type: ENB,
  name: ENB,
  version: 2023-06-10,
  time: 1658.686,
  utc: 1744195039.037
}
{
  message: ue_get,
  ue_list: [
    {
      ran_ue_id: 4,
      amf_ue_id: 103,
      qos_flow_list: [
        {
          pdu_session_id: 1,
          dl_total_bytes: 15892,
          ul_total_bytes: 8847,
          sst: 1
        },
        {
          pdu_session_id: 2,
          dl_total_bytes: 3975463,
          ul_total_bytes: 33242678970,
          sst: 1
        }
      ],
      rnti: 17924,
      cells: [
        {
          cell_id: 1,
          dl_bitrate: 188786,
          ul_bitrate: 179258907,
          dl_tx: 95,
          ul_tx: 1427,
          dl_err: 0,
          ul_err: 0,
          dl_retx: 0,
          ul_retx: 12,
          pusch_snr: 26.4,
          epre: -94.3,
          ul_phr: 11,
          ul_path_loss: 68.5,
          p_ue: 8,
          dl_mcs: 26.5,
          ul_mcs: 21.4,
          ul_n_layer: 1,
          turbo_decoder_min: 0,
          turbo_decoder_avg: 2.262,
          turbo_decoder_max: 5,
          cqi: 15,
          ri: 2,
          ul_rank: 1,
          initial_ta: 0
        }
      ]
    }
  ],
  time: 1658.688,
  utc: 1744195039.048
}

