{
  message: ready,
  type: ENB,
  name: ENB,
  version: 2023-06-10,
  time: 2534.121,
  utc: 1744082914.664
}
{
  message: ue_get,
  ue_list: [
    {
      ran_ue_id: 4,
      amf_ue_id: 103,
      qos_flow_list: [
        {
          pdu_session_id: 1,
          dl_total_bytes: 15225,
          ul_total_bytes: 8943,
          sst: 1
        },
        {
          pdu_session_id: 2,
          dl_total_bytes: 8498905,
          ul_total_bytes: 32228968300,
          sst: 1
        }
      ],
      rnti: 17924,
      cells: [
        {
          cell_id: 1,
          dl_bitrate: 158124,
          ul_bitrate: 104444301,
          dl_tx: 72,
          ul_tx: 862,
          dl_err: 0,
          ul_err: 0,
          dl_retx: 9,
          ul_retx: 0,
          pusch_snr: 24,
          epre: -95.7,
          ul_phr: 32,
          ul_path_loss: 67.4,
          p_ue: -13,
          dl_mcs: 23,
          ul_mcs: 20.5,
          ul_n_layer: 1,
          turbo_decoder_min: 2,
          turbo_decoder_avg: 2.794,
          turbo_decoder_max: 5,
          cqi: 15,
          ri: 2,
          ul_rank: 1,
          initial_ta: 1
        }
      ]
    }
  ],
  time: 2534.123,
  utc: 1744082914.675
}

