{
  message: ready,
  type: ENB,
  name: ENB,
  version: 2023-06-10,
  time: 2446.252,
  utc: 1744094447.604
}
{
  message: ue_get,
  ue_list: [
    {
      ran_ue_id: 3,
      amf_ue_id: 102,
      qos_flow_list: [
        {
          pdu_session_id: 1,
          dl_total_bytes: 15233,
          ul_total_bytes: 8949,
          sst: 1
        },
        {
          pdu_session_id: 2,
          dl_total_bytes: 8046052,
          ul_total_bytes: 32143086984,
          sst: 1
        }
      ],
      rnti: 17923,
      cells: [
        {
          cell_id: 1,
          dl_bitrate: 120788,
          ul_bitrate: 159010156,
          dl_tx: 82,
          ul_tx: 1010,
          dl_err: 0,
          ul_err: 0,
          dl_retx: 1,
          ul_retx: 10,
          pusch_snr: 29.8,
          epre: -88.4,
          ul_phr: 3,
          ul_path_loss: 68.7,
          p_ue: 16,
          dl_mcs: 23,
          ul_mcs: 26,
          ul_n_layer: 1,
          turbo_decoder_min: 1,
          turbo_decoder_avg: 1.969,
          turbo_decoder_max: 5,
          cqi: 15,
          ri: 2,
          ul_rank: 1,
          initial_ta: 0
        }
      ]
    }
  ],
  time: 2446.253,
  utc: 1744094447.614
}

