{
  message: ready,
  type: ENB,
  name: ENB,
  version: 2023-06-10,
  time: 775.802,
  utc: 1744185473.184
}
{
  message: ue_get,
  ue_list: [
    {
      ran_ue_id: 3,
      amf_ue_id: 102,
      qos_flow_list: [
        {
          pdu_session_id: 1,
          dl_total_bytes: 14865,
          ul_total_bytes: 8545,
          sst: 1
        },
        {
          pdu_session_id: 2,
          dl_total_bytes: 1373284,
          ul_total_bytes: 15440459693,
          sst: 1
        }
      ],
      rnti: 17923,
      cells: [
        {
          cell_id: 1,
          dl_bitrate: 134939,
          ul_bitrate: 177739877,
          dl_tx: 88,
          ul_tx: 1442,
          dl_err: 0,
          ul_err: 0,
          dl_retx: 1,
          ul_retx: 22,
          pusch_snr: 21.7,
          epre: -98.9,
          ul_phr: 4,
          ul_path_loss: 78.2,
          p_ue: 15,
          dl_mcs: 23.4,
          ul_mcs: 20.9,
          ul_n_layer: 1,
          turbo_decoder_min: 1,
          turbo_decoder_avg: 3.223,
          turbo_decoder_max: 5,
          cqi: 15,
          ri: 2,
          ul_rank: 1,
          initial_ta: 1
        }
      ]
    }
  ],
  time: 775.804,
  utc: 1744185473.195
}

