{
  message: ready,
  type: ENB,
  name: ENB,
  version: 2023-06-10,
  time: 768.281,
  utc: 1744185465.663
}
{
  message: ue_get,
  ue_list: [
    {
      ran_ue_id: 3,
      amf_ue_id: 102,
      qos_flow_list: [
        {
          pdu_session_id: 1,
          dl_total_bytes: 14865,
          ul_total_bytes: 8545,
          sst: 1
        },
        {
          pdu_session_id: 2,
          dl_total_bytes: 1359874,
          ul_total_bytes: 15272811948,
          sst: 1
        }
      ],
      rnti: 17923,
      cells: [
        {
          cell_id: 1,
          dl_bitrate: 136936,
          ul_bitrate: 177052899,
          dl_tx: 90,
          ul_tx: 1440,
          dl_err: 0,
          ul_err: 0,
          dl_retx: 0,
          ul_retx: 23,
          pusch_snr: 21.9,
          epre: -99,
          ul_phr: 4,
          ul_path_loss: 78.2,
          p_ue: 15,
          dl_mcs: 23.2,
          ul_mcs: 20.7,
          ul_n_layer: 1,
          turbo_decoder_min: 1,
          turbo_decoder_avg: 3.188,
          turbo_decoder_max: 5,
          cqi: 15,
          ri: 2,
          ul_rank: 1,
          initial_ta: 1
        }
      ]
    }
  ],
  time: 768.282,
  utc: 1744185465.674
}

