{
  message: ready,
  type: ENB,
  name: ENB,
  version: 2023-06-10,
  time: 1722.724,
  utc: 1744073085.699
}
{
  message: ue_get,
  ue_list: [
    {
      ran_ue_id: 46,
      amf_ue_id: 102,
      qos_flow_list: [
        {
          pdu_session_id: 1,
          dl_total_bytes: 15049,
          ul_total_bytes: 8741,
          sst: 1
        },
        {
          pdu_session_id: 2,
          dl_total_bytes: 3001944,
          ul_total_bytes: 18707820471,
          sst: 1
        }
      ],
      rnti: 17986,
      cells: [
        {
          cell_id: 1,
          dl_bitrate: 115187,
          ul_bitrate: 149325157,
          dl_tx: 84,
          ul_tx: 1237,
          dl_err: 0,
          ul_err: 0,
          dl_retx: 9,
          ul_retx: 15,
          pusch_snr: 24.3,
          epre: -96.3,
          ul_phr: 2,
          ul_path_loss: 78.6,
          p_ue: 17,
          dl_mcs: 21.1,
          ul_mcs: 20,
          ul_n_layer: 1,
          turbo_decoder_min: 1,
          turbo_decoder_avg: 2.328,
          turbo_decoder_max: 5,
          cqi: 14,
          ri: 2,
          ul_rank: 1,
          initial_ta: 1
        }
      ]
    }
  ],
  time: 1722.726,
  utc: 1744073085.709
}

