{
  message: ready,
  type: ENB,
  name: ENB,
  version: 2023-06-10,
  time: 1742.83,
  utc: 1744073105.805
}
{
  message: ue_get,
  ue_list: [
    {
      ran_ue_id: 105,
      amf_ue_id: 127,
      qos_flow_list: [],
      rnti: 18025,
      cells: [
        {
          cell_id: 1,
          dl_bitrate: 1117,
          ul_bitrate: 0,
          dl_tx: 3,
          ul_tx: 0,
          dl_err: 10,
          ul_err: 14,
          dl_retx: 51,
          ul_retx: 70,
          pusch_snr: 7.6,
          epre: -113.5,
          dl_mcs: 8.8,
          ul_mcs: 7.9,
          ul_n_layer: 1,
          turbo_decoder_min: 5,
          turbo_decoder_avg: 5,
          turbo_decoder_max: 5,
          cqi: 11,
          ri: 1,
          ul_rank: 1,
          initial_ta: 1
        }
      ]
    },
    {
      ran_ue_id: 46,
      amf_ue_id: 102,
      qos_flow_list: [
        {
          pdu_session_id: 1,
          dl_total_bytes: 15049,
          ul_total_bytes: 8741,
          sst: 1
        },
        {
          pdu_session_id: 2,
          dl_total_bytes: 3083932,
          ul_total_bytes: 18998318065,
          sst: 1
        }
      ],
      rnti: 17986,
      cells: [
        {
          cell_id: 1,
          dl_bitrate: 122145,
          ul_bitrate: 112782286,
          dl_tx: 65,
          ul_tx: 777,
          dl_err: 0,
          ul_err: 0,
          dl_retx: 0,
          ul_retx: 5,
          pusch_snr: 25.1,
          epre: -94.7,
          ul_phr: 19,
          ul_path_loss: 77.9,
          p_ue: 0,
          dl_mcs: 22,
          ul_mcs: 23.9,
          ul_n_layer: 1,
          turbo_decoder_min: 1,
          turbo_decoder_avg: 2.642,
          turbo_decoder_max: 5,
          cqi: 14,
          ri: 2,
          ul_rank: 1,
          initial_ta: 1
        }
      ]
    }
  ],
  time: 1742.832,
  utc: 1744073105.815
}

