{
  message: ready,
  type: ENB,
  name: ENB,
  version: 2023-06-10,
  time: 1705.504,
  utc: 1744195085.855
}
{
  message: ue_get,
  ue_list: [
    {
      ran_ue_id: 4,
      amf_ue_id: 103,
      qos_flow_list: [
        {
          pdu_session_id: 1,
          dl_total_bytes: 15892,
          ul_total_bytes: 8847,
          sst: 1
        },
        {
          pdu_session_id: 2,
          dl_total_bytes: 4141924,
          ul_total_bytes: 34130376475,
          sst: 1
        }
      ],
      rnti: 17924,
      cells: [
        {
          cell_id: 1,
          dl_bitrate: 150083,
          ul_bitrate: 179219302,
          dl_tx: 90,
          ul_tx: 1453,
          dl_err: 0,
          ul_err: 0,
          dl_retx: 1,
          ul_retx: 19,
          pusch_snr: 23.3,
          epre: -97.3,
          ul_phr: 12,
          ul_path_loss: 68.6,
          p_ue: 7,
          dl_mcs: 25,
          ul_mcs: 20.9,
          ul_n_layer: 1,
          turbo_decoder_min: 1,
          turbo_decoder_avg: 2.333,
          turbo_decoder_max: 5,
          cqi: 15,
          ri: 2,
          ul_rank: 1,
          initial_ta: 0
        }
      ]
    }
  ],
  time: 1705.506,
  utc: 1744195085.866
}

