{
  message: ready,
  type: ENB,
  name: ENB,
  version: 2023-06-10,
  time: 1935.155,
  utc: 1744105544.836
}
{
  message: ue_get,
  ue_list: [
    {
      ran_ue_id: 3,
      amf_ue_id: 102,
      qos_flow_list: [
        {
          pdu_session_id: 1,
          dl_total_bytes: 15231,
          ul_total_bytes: 8947,
          sst: 1
        },
        {
          pdu_session_id: 2,
          dl_total_bytes: 4867340,
          ul_total_bytes: 27867096516,
          sst: 1
        }
      ],
      rnti: 17923,
      cells: [
        {
          cell_id: 1,
          dl_bitrate: 111084,
          ul_bitrate: 115771810,
          dl_tx: 67,
          ul_tx: 746,
          dl_err: 0,
          ul_err: 0,
          dl_retx: 0,
          ul_retx: 7,
          pusch_snr: 29.1,
          epre: -90.3,
          ul_phr: 26,
          ul_path_loss: 69.4,
          p_ue: -7,
          dl_mcs: 25,
          ul_mcs: 25.5,
          ul_n_layer: 1,
          turbo_decoder_min: 1,
          turbo_decoder_avg: 2.192,
          turbo_decoder_max: 5,
          cqi: 15,
          ri: 2,
          ul_rank: 1,
          initial_ta: 1
        }
      ]
    }
  ],
  time: 1935.157,
  utc: 1744105544.846
}

