{
  message: ready,
  type: ENB,
  name: ENB,
  version: 2023-06-10,
  time: 1822.64,
  utc: 1744093823.992
}
{
  message: ue_get,
  ue_list: [
    {
      ran_ue_id: 36,
      amf_ue_id: 135,
      qos_flow_list: [],
      rnti: 17956,
      cells: [
        {
          cell_id: 1,
          dl_bitrate: 0,
          ul_bitrate: 0,
          dl_tx: 0,
          ul_tx: 0,
          dl_err: 0,
          ul_err: 0,
          dl_retx: 0,
          ul_retx: 0,
          pusch_snr: 12.6,
          epre: -107.7,
          ul_phr: -20,
          ul_path_loss: 111.7,
          p_ue: 24,
          cqi: 5,
          ri: 1,
          ul_rank: 1,
          initial_ta: 1
        }
      ]
    },
    {
      ran_ue_id: 3,
      amf_ue_id: 102,
      qos_flow_list: [
        {
          pdu_session_id: 1,
          dl_total_bytes: 15049,
          ul_total_bytes: 8747,
          sst: 1
        },
        {
          pdu_session_id: 2,
          dl_total_bytes: 4463718,
          ul_total_bytes: 23694947956,
          sst: 1
        }
      ],
      rnti: 17923,
      cells: [
        {
          cell_id: 1,
          dl_bitrate: 99777,
          ul_bitrate: 104023609,
          dl_tx: 61,
          ul_tx: 866,
          dl_err: 0,
          ul_err: 0,
          dl_retx: 0,
          ul_retx: 1,
          pusch_snr: 21.5,
          epre: -99.4,
          ul_phr: 17,
          ul_path_loss: 68.6,
          p_ue: 5,
          dl_mcs: 24,
          ul_mcs: 19.3,
          ul_n_layer: 1,
          turbo_decoder_min: 1,
          turbo_decoder_avg: 2.527,
          turbo_decoder_max: 5,
          cqi: 15,
          ri: 2,
          ul_rank: 1,
          initial_ta: 0
        }
      ]
    }
  ],
  time: 1822.642,
  utc: 1744093824.003
}

