{
  message: ready,
  type: ENB,
  name: ENB,
  version: 2023-06-10,
  time: 1800.445,
  utc: 1744093801.797
}
{
  message: ue_get,
  ue_list: [
    {
      ran_ue_id: 35,
      amf_ue_id: 134,
      qos_flow_list: [
        {
          pdu_session_id: 2,
          dl_total_bytes: 11261,
          ul_total_bytes: 5540,
          sst: 1
        }
      ],
      rnti: 17955,
      cells: [
        {
          cell_id: 1,
          dl_bitrate: 3295,
          ul_bitrate: 0,
          dl_tx: 2,
          ul_tx: 0,
          dl_err: 0,
          ul_err: 0,
          dl_retx: 0,
          ul_retx: 0,
          pusch_snr: 31.8,
          epre: -86.4,
          ul_phr: 0,
          ul_path_loss: 81.2,
          p_ue: 8,
          dl_mcs: 25.5,
          cqi: 15,
          ri: 2,
          ul_rank: 1,
          initial_ta: 1
        }
      ]
    },
    {
      ran_ue_id: 3,
      amf_ue_id: 102,
      qos_flow_list: [
        {
          pdu_session_id: 1,
          dl_total_bytes: 15049,
          ul_total_bytes: 8747,
          sst: 1
        },
        {
          pdu_session_id: 2,
          dl_total_bytes: 4382859,
          ul_total_bytes: 23366193835,
          sst: 1
        }
      ],
      rnti: 17923,
      cells: [
        {
          cell_id: 1,
          dl_bitrate: 115854,
          ul_bitrate: 104513808,
          dl_tx: 60,
          ul_tx: 854,
          dl_err: 0,
          ul_err: 0,
          dl_retx: 1,
          ul_retx: 1,
          pusch_snr: 21.1,
          epre: -99.4,
          ul_phr: 32,
          ul_path_loss: 67.6,
          p_ue: -13,
          dl_mcs: 24,
          ul_mcs: 19.8,
          ul_n_layer: 1,
          turbo_decoder_min: 1,
          turbo_decoder_avg: 3.032,
          turbo_decoder_max: 5,
          cqi: 15,
          ri: 2,
          ul_rank: 1,
          initial_ta: 0
        }
      ]
    }
  ],
  time: 1800.446,
  utc: 1744093801.808
}

