{
  message: ready,
  type: ENB,
  name: ENB,
  version: 2023-06-10,
  time: 2619.095,
  utc: 1744187316.477
}
{
  message: ue_get,
  ue_list: [
    {
      ran_ue_id: 3,
      amf_ue_id: 102,
      qos_flow_list: [
        {
          pdu_session_id: 1,
          dl_total_bytes: 15233,
          ul_total_bytes: 8949,
          sst: 1
        },
        {
          pdu_session_id: 2,
          dl_total_bytes: 9385003,
          ul_total_bytes: 55793859187,
          sst: 1
        }
      ],
      rnti: 17923,
      cells: [
        {
          cell_id: 1,
          dl_bitrate: 193138,
          ul_bitrate: 197622273,
          dl_tx: 93,
          ul_tx: 1460,
          dl_err: 0,
          ul_err: 0,
          dl_retx: 2,
          ul_retx: 0,
          pusch_snr: 30,
          epre: -88.2,
          ul_phr: -5,
          ul_path_loss: 77.6,
          p_ue: 19,
          dl_mcs: 23,
          ul_mcs: 22,
          ul_n_layer: 1,
          turbo_decoder_min: 1,
          turbo_decoder_avg: 2.056,
          turbo_decoder_max: 5,
          cqi: 15,
          ri: 2,
          ul_rank: 1,
          initial_ta: 1
        }
      ]
    }
  ],
  time: 2619.097,
  utc: 1744187316.488
}

