{
  message: ready,
  type: ENB,
  name: ENB,
  version: 2023-06-10,
  time: 871.074,
  utc: 1743859021.721
}
{
  message: ue_get,
  ue_list: [
    {
      ran_ue_id: 52,
      amf_ue_id: 127,
      qos_flow_list: [],
      rnti: 17972,
      cells: [
        {
          cell_id: 1,
          dl_bitrate: 11,
          ul_bitrate: 0,
          dl_tx: 17,
          ul_tx: 3,
          dl_err: 7,
          ul_err: 25,
          dl_retx: 59,
          ul_retx: 129,
          pusch_snr: 21.6,
          epre: -101,
          ul_phr: -1,
          ul_path_loss: 118.2,
          p_ue: 24,
          dl_mcs: 14.6,
          ul_mcs: 15,
          ul_n_layer: 1,
          turbo_decoder_min: 1,
          turbo_decoder_avg: 4.932,
          turbo_decoder_max: 5,
          cqi: 9,
          ri: 2,
          ul_rank: 1,
          initial_ta: 1
        }
      ]
    },
    {
      ran_ue_id: 6,
      amf_ue_id: 105,
      qos_flow_list: [
        {
          pdu_session_id: 1,
          dl_total_bytes: 12790,
          ul_total_bytes: 8344,
          sst: 1
        },
        {
          pdu_session_id: 2,
          dl_total_bytes: 1232937,
          ul_total_bytes: 21409061699,
          sst: 1
        }
      ],
      rnti: 17926,
      cells: [
        {
          cell_id: 1,
          dl_bitrate: 133040,
          ul_bitrate: 193543082,
          dl_tx: 96,
          ul_tx: 1484,
          dl_err: 0,
          ul_err: 0,
          dl_retx: 15,
          ul_retx: 17,
          pusch_snr: 23.6,
          epre: -96.2,
          ul_phr: 12,
          ul_path_loss: 68.6,
          p_ue: 7,
          dl_mcs: 22.7,
          ul_mcs: 21.8,
          ul_n_layer: 1,
          turbo_decoder_min: 1,
          turbo_decoder_avg: 2.817,
          turbo_decoder_max: 5,
          cqi: 15,
          ri: 2,
          ul_rank: 1,
          initial_ta: 1
        }
      ]
    }
  ],
  time: 871.075,
  utc: 1743859021.731
}

