{
  message: ready,
  type: ENB,
  name: ENB,
  version: 2023-06-10,
  time: 1745.976,
  utc: 1744052617.153
}
{
  message: ue_get,
  ue_list: [
    {
      ran_ue_id: 24,
      amf_ue_id: 119,
      qos_flow_list: [
        {
          pdu_session_id: 2,
          dl_total_bytes: 0,
          ul_total_bytes: 61,
          sst: 1
        }
      ],
      rnti: 17944,
      cells: [
        {
          cell_id: 1,
          dl_bitrate: 5,
          ul_bitrate: 1,
          dl_tx: 12,
          ul_tx: 7,
          dl_err: 0,
          ul_err: 0,
          dl_retx: 1,
          ul_retx: 2,
          pusch_snr: 8.5,
          epre: -116.1,
          ul_phr: -15,
          ul_path_loss: 108.6,
          p_ue: 8,
          dl_mcs: 12.3,
          ul_mcs: 7.7,
          ul_n_layer: 1,
          turbo_decoder_min: 1,
          turbo_decoder_avg: 2.111,
          turbo_decoder_max: 5,
          cqi: 10,
          ri: 1,
          ul_rank: 1,
          initial_ta: 1
        }
      ]
    },
    {
      ran_ue_id: 5,
      amf_ue_id: 104,
      qos_flow_list: [
        {
          pdu_session_id: 1,
          dl_total_bytes: 9647,
          ul_total_bytes: 7659,
          sst: 1
        },
        {
          pdu_session_id: 2,
          dl_total_bytes: 4140470,
          ul_total_bytes: 19246784034,
          sst: 1
        }
      ],
      rnti: 17925,
      cells: [
        {
          cell_id: 1,
          dl_bitrate: 158104,
          ul_bitrate: 79908773,
          dl_tx: 114,
          ul_tx: 1076,
          dl_err: 0,
          ul_err: 0,
          dl_retx: 34,
          ul_retx: 0,
          pusch_snr: 19.2,
          epre: -101.7,
          ul_phr: -12,
          ul_path_loss: 87.8,
          p_ue: 22,
          dl_mcs: 24,
          ul_mcs: 15,
          ul_n_layer: 1,
          turbo_decoder_min: 1,
          turbo_decoder_avg: 2.023,
          turbo_decoder_max: 3,
          cqi: 15,
          ri: 2,
          ul_rank: 1,
          initial_ta: 2
        }
      ]
    }
  ],
  time: 1745.978,
  utc: 1744052617.164
}

