{
  message: ready,
  type: ENB,
  name: ENB,
  version: 2023-06-10,
  time: 1747.051,
  utc: 1744052618.227
}
{
  message: ue_get,
  ue_list: [
    {
      ran_ue_id: 24,
      amf_ue_id: 119,
      qos_flow_list: [
        {
          pdu_session_id: 2,
          dl_total_bytes: 10498,
          ul_total_bytes: 2506,
          sst: 1
        }
      ],
      rnti: 17944,
      cells: [
        {
          cell_id: 1,
          dl_bitrate: 94391,
          ul_bitrate: 27664,
          dl_tx: 37,
          ul_tx: 65,
          dl_err: 0,
          ul_err: 0,
          dl_retx: 11,
          ul_retx: 0,
          pusch_snr: 4.6,
          epre: -115.4,
          ul_phr: -27,
          ul_path_loss: 101.2,
          p_ue: 8,
          dl_mcs: 13.5,
          ul_mcs: 5.1,
          ul_n_layer: 1,
          turbo_decoder_min: 1,
          turbo_decoder_avg: 1.4,
          turbo_decoder_max: 3,
          cqi: 12,
          ri: 1,
          ul_rank: 1,
          initial_ta: 1
        }
      ]
    },
    {
      ran_ue_id: 5,
      amf_ue_id: 104,
      qos_flow_list: [
        {
          pdu_session_id: 1,
          dl_total_bytes: 9647,
          ul_total_bytes: 7659,
          sst: 1
        },
        {
          pdu_session_id: 2,
          dl_total_bytes: 4144856,
          ul_total_bytes: 19257045134,
          sst: 1
        }
      ],
      rnti: 17925,
      cells: [
        {
          cell_id: 1,
          dl_bitrate: 160856,
          ul_bitrate: 76998882,
          dl_tx: 116,
          ul_tx: 1074,
          dl_err: 0,
          ul_err: 0,
          dl_retx: 19,
          ul_retx: 0,
          pusch_snr: 18.5,
          epre: -101.8,
          ul_phr: -12,
          ul_path_loss: 87.9,
          p_ue: 22,
          dl_mcs: 24,
          ul_mcs: 14.5,
          ul_n_layer: 1,
          turbo_decoder_min: 1,
          turbo_decoder_avg: 2.011,
          turbo_decoder_max: 4,
          cqi: 15,
          ri: 2,
          ul_rank: 1,
          initial_ta: 2
        }
      ]
    }
  ],
  time: 1747.052,
  utc: 1744052618.238
}

