{
  message: ready,
  type: ENB,
  name: ENB,
  version: 2023-06-10,
  time: 539.957,
  utc: 1743866780.163
}
{
  message: ue_get,
  ue_list: [
    {
      ran_ue_id: 5,
      amf_ue_id: 103,
      qos_flow_list: [
        {
          pdu_session_id: 1,
          dl_total_bytes: 14866,
          ul_total_bytes: 8540,
          sst: 1
        },
        {
          pdu_session_id: 2,
          dl_total_bytes: 781606,
          ul_total_bytes: 10542960604,
          sst: 1
        }
      ],
      rnti: 17925,
      cells: [
        {
          cell_id: 1,
          dl_bitrate: 166260,
          ul_bitrate: 160189197,
          dl_tx: 90,
          ul_tx: 1279,
          dl_err: 0,
          ul_err: 0,
          dl_retx: 1,
          ul_retx: 13,
          pusch_snr: 22.2,
          epre: -98.8,
          ul_phr: 13,
          ul_path_loss: 68.6,
          p_ue: 6,
          dl_mcs: 24.6,
          ul_mcs: 21.1,
          ul_n_layer: 1,
          turbo_decoder_min: 1,
          turbo_decoder_avg: 2.902,
          turbo_decoder_max: 5,
          cqi: 15,
          ri: 2,
          ul_rank: 1,
          initial_ta: 1
        }
      ]
    }
  ],
  time: 539.959,
  utc: 1743866780.174
}

