{
  message: ready,
  type: ENB,
  name: ENB,
  version: 2023-06-10,
  time: 508.691,
  utc: 1744095406.873
}
{
  message: ue_get,
  ue_list: [
    {
      ran_ue_id: 3,
      amf_ue_id: 102,
      qos_flow_list: [
        {
          pdu_session_id: 1,
          dl_total_bytes: 14917,
          ul_total_bytes: 8600,
          sst: 1
        },
        {
          pdu_session_id: 2,
          dl_total_bytes: 889765,
          ul_total_bytes: 6031553635,
          sst: 1
        }
      ],
      rnti: 17923,
      cells: [
        {
          cell_id: 1,
          dl_bitrate: 105166,
          ul_bitrate: 118603393,
          dl_tx: 70,
          ul_tx: 937,
          dl_err: 0,
          ul_err: 0,
          dl_retx: 1,
          ul_retx: 12,
          pusch_snr: 24.3,
          epre: -96.2,
          ul_phr: 20,
          ul_path_loss: 77.9,
          p_ue: -1,
          dl_mcs: 23,
          ul_mcs: 21.1,
          ul_n_layer: 1,
          turbo_decoder_min: 0,
          turbo_decoder_avg: 2.131,
          turbo_decoder_max: 5,
          cqi: 15,
          ri: 2,
          ul_rank: 1,
          initial_ta: 1
        }
      ]
    }
  ],
  time: 508.693,
  utc: 1744095406.884
}

