{
  message: ready,
  type: ENB,
  name: ENB,
  version: 2023-06-10,
  time: 1111.568,
  utc: 1744084403.241
}
{
  message: ue_get,
  ue_list: [
    {
      ran_ue_id: 5,
      amf_ue_id: 104,
      qos_flow_list: [
        {
          pdu_session_id: 1,
          dl_total_bytes: 9649,
          ul_total_bytes: 7655,
          sst: 1
        },
        {
          pdu_session_id: 2,
          dl_total_bytes: 2042453,
          ul_total_bytes: 13541295046,
          sst: 1
        }
      ],
      rnti: 17925,
      cells: [
        {
          cell_id: 1,
          dl_bitrate: 89225,
          ul_bitrate: 78258993,
          dl_tx: 52,
          ul_tx: 644,
          dl_err: 0,
          ul_err: 0,
          dl_retx: 1,
          ul_retx: 14,
          pusch_snr: 22.1,
          epre: -98.2,
          ul_phr: 22,
          ul_path_loss: 78.9,
          p_ue: -3,
          dl_mcs: 25.2,
          ul_mcs: 20.4,
          ul_n_layer: 1,
          turbo_decoder_min: 1,
          turbo_decoder_avg: 2.938,
          turbo_decoder_max: 5,
          cqi: 15,
          ri: 2,
          ul_rank: 1,
          initial_ta: 0
        }
      ]
    }
  ],
  time: 1111.57,
  utc: 1744084403.252
}

