{
  message: ready,
  type: ENB,
  name: ENB,
  version: 2023-06-10,
  time: 281.822,
  utc: 1744059890.147
}
{
  message: ue_get,
  ue_list: [
    {
      ran_ue_id: 3,
      amf_ue_id: 102,
      qos_flow_list: [
        {
          pdu_session_id: 1,
          dl_total_bytes: 14849,
          ul_total_bytes: 8539,
          sst: 1
        },
        {
          pdu_session_id: 2,
          dl_total_bytes: 513228,
          ul_total_bytes: 3552405350,
          sst: 1
        }
      ],
      rnti: 17923,
      cells: [
        {
          cell_id: 1,
          dl_bitrate: 164795,
          ul_bitrate: 131263716,
          dl_tx: 110,
          ul_tx: 1057,
          dl_err: 0,
          ul_err: 0,
          dl_retx: 1,
          ul_retx: 13,
          pusch_snr: 25.2,
          epre: -94.6,
          ul_phr: -2,
          ul_path_loss: 78.3,
          p_ue: 19,
          dl_mcs: 27.9,
          ul_mcs: 23.7,
          ul_n_layer: 1,
          turbo_decoder_min: 1,
          turbo_decoder_avg: 2.584,
          turbo_decoder_max: 5,
          cqi: 15,
          ri: 2,
          ul_rank: 1,
          initial_ta: 1
        }
      ]
    }
  ],
  time: 281.823,
  utc: 1744059890.158
}

