{
  message: ready,
  type: ENB,
  name: ENB,
  version: 2023-06-10,
  time: 730.971,
  utc: 1744089812.064
}
{
  message: ue_get,
  ue_list: [
    {
      ran_ue_id: 8,
      amf_ue_id: 107,
      qos_flow_list: [
        {
          pdu_session_id: 2,
          dl_total_bytes: 0,
          ul_total_bytes: 244,
          sst: 1
        }
      ],
      rnti: 17928,
      cells: [
        {
          cell_id: 1,
          dl_bitrate: 416,
          ul_bitrate: 0,
          dl_tx: 2,
          ul_tx: 0,
          dl_err: 0,
          ul_err: 0,
          dl_retx: 0,
          ul_retx: 0,
          pusch_snr: 4.9,
          epre: -115,
          ul_phr: -26,
          ul_path_loss: 108.8,
          p_ue: 8,
          dl_mcs: 7,
          cqi: 7,
          ri: 1,
          ul_rank: 1,
          initial_ta: 0
        }
      ]
    },
    {
      ran_ue_id: 3,
      amf_ue_id: 102,
      qos_flow_list: [
        {
          pdu_session_id: 1,
          dl_total_bytes: 14865,
          ul_total_bytes: 8545,
          sst: 1
        },
        {
          pdu_session_id: 2,
          dl_total_bytes: 1274266,
          ul_total_bytes: 6516286903,
          sst: 1
        }
      ],
      rnti: 17923,
      cells: [
        {
          cell_id: 1,
          dl_bitrate: 85640,
          ul_bitrate: 82424491,
          dl_tx: 95,
          ul_tx: 1535,
          dl_err: 0,
          ul_err: 0,
          dl_retx: 19,
          ul_retx: 16,
          pusch_snr: 10,
          epre: -111.2,
          ul_phr: -13,
          ul_path_loss: 98.4,
          p_ue: 23,
          dl_mcs: 12.8,
          ul_mcs: 8.8,
          ul_n_layer: 1,
          turbo_decoder_min: 1,
          turbo_decoder_avg: 3.349,
          turbo_decoder_max: 5,
          cqi: 10,
          ri: 2,
          ul_rank: 1,
          initial_ta: 1
        }
      ]
    }
  ],
  time: 730.973,
  utc: 1744089812.074
}

