{
  message: ready,
  type: ENB,
  name: ENB,
  version: 2023-06-10,
  time: 497.358,
  utc: 1744083789.032
}
{
  message: ue_get,
  ue_list: [
    {
      ran_ue_id: 5,
      amf_ue_id: 104,
      qos_flow_list: [
        {
          pdu_session_id: 1,
          dl_total_bytes: 9465,
          ul_total_bytes: 7453,
          sst: 1
        },
        {
          pdu_session_id: 2,
          dl_total_bytes: 826088,
          ul_total_bytes: 5489382892,
          sst: 1
        }
      ],
      rnti: 17925,
      cells: [
        {
          cell_id: 1,
          dl_bitrate: 86212,
          ul_bitrate: 69215148,
          dl_tx: 48,
          ul_tx: 543,
          dl_err: 0,
          ul_err: 0,
          dl_retx: 0,
          ul_retx: 0,
          pusch_snr: 24.2,
          epre: -96.3,
          ul_phr: 20,
          ul_path_loss: 76.3,
          p_ue: -1,
          dl_mcs: 25.3,
          ul_mcs: 21,
          ul_n_layer: 1,
          turbo_decoder_min: 1,
          turbo_decoder_avg: 2.125,
          turbo_decoder_max: 4,
          cqi: 15,
          ri: 2,
          ul_rank: 1,
          initial_ta: 0
        }
      ]
    }
  ],
  time: 497.361,
  utc: 1744083789.043
}

