{
  message: ready,
  type: ENB,
  name: ENB,
  version: 2023-06-10,
  time: 1411.833,
  utc: 1744099242.024
}
{
  message: ue_get,
  ue_list: [
    {
      ran_ue_id: 3,
      amf_ue_id: 102,
      qos_flow_list: [
        {
          pdu_session_id: 1,
          dl_total_bytes: 15041,
          ul_total_bytes: 8725,
          sst: 1
        },
        {
          pdu_session_id: 2,
          dl_total_bytes: 3125106,
          ul_total_bytes: 20814076250,
          sst: 1
        }
      ],
      rnti: 17923,
      cells: [
        {
          cell_id: 1,
          dl_bitrate: 166403,
          ul_bitrate: 137251416,
          dl_tx: 95,
          ul_tx: 1243,
          dl_err: 0,
          ul_err: 0,
          dl_retx: 7,
          ul_retx: 13,
          pusch_snr: 18.8,
          epre: -101.9,
          ul_phr: -7,
          ul_path_loss: 88.1,
          p_ue: 22,
          dl_mcs: 21.3,
          ul_mcs: 18.1,
          ul_n_layer: 1,
          turbo_decoder_min: 1,
          turbo_decoder_avg: 2.865,
          turbo_decoder_max: 5,
          cqi: 14,
          ri: 2,
          ul_rank: 1,
          initial_ta: 1
        }
      ]
    }
  ],
  time: 1411.834,
  utc: 1744099242.035
}

