{
  message: ready,
  type: ENB,
  name: ENB,
  version: 2023-06-10,
  time: 656.205,
  utc: 1744830887.894
}
{
  message: ue_get,
  ue_list: [
    {
      ran_ue_id: 3,
      amf_ue_id: 102,
      qos_flow_list: [
        {
          pdu_session_id: 1,
          dl_total_bytes: 7409,
          ul_total_bytes: 7257,
          sst: 1
        },
        {
          pdu_session_id: 2,
          dl_total_bytes: 400058,
          ul_total_bytes: 6764277944,
          sst: 1
        }
      ],
      rnti: 17923,
      cells: [
        {
          cell_id: 1,
          dl_bitrate: 143866,
          ul_bitrate: 94216625,
          dl_tx: 98,
          ul_tx: 1009,
          dl_err: 0,
          ul_err: 0,
          dl_retx: 0,
          ul_retx: 0,
          pusch_snr: 26.4,
          epre: -93.2,
          ul_phr: -7,
          ul_path_loss: 77,
          p_ue: 22,
          dl_mcs: 27.5,
          ul_mcs: 18.7,
          ul_n_layer: 1,
          turbo_decoder_min: 1,
          turbo_decoder_avg: 2.12,
          turbo_decoder_max: 4,
          cqi: 15,
          ri: 2,
          ul_rank: 1,
          initial_ta: 1
        }
      ]
    }
  ],
  time: 656.207,
  utc: 1744830887.905
}

