{
  message: ready,
  type: ENB,
  name: ENB,
  version: 2023-06-10,
  time: 658.145,
  utc: 1744211330.345
}
{
  message: ue_get,
  ue_list: [
    {
      ran_ue_id: 16,
      amf_ue_id: 112,
      qos_flow_list: [
        {
          pdu_session_id: 2,
          dl_total_bytes: 0,
          ul_total_bytes: 61,
          sst: 1
        }
      ],
      rnti: 17936,
      cells: [
        {
          cell_id: 1,
          dl_bitrate: 1988,
          ul_bitrate: 752,
          dl_tx: 3,
          ul_tx: 1,
          dl_err: 0,
          ul_err: 0,
          dl_retx: 3,
          ul_retx: 2,
          pusch_snr: 8.3,
          epre: -114.8,
          ul_phr: -31,
          ul_path_loss: 107.7,
          p_ue: 8,
          dl_mcs: 16.7,
          turbo_decoder_min: 1,
          turbo_decoder_avg: 3.667,
          turbo_decoder_max: 5,
          cqi: 5,
          ri: 1,
          ul_rank: 1,
          initial_ta: 0
        }
      ]
    },
    {
      ran_ue_id: 3,
      amf_ue_id: 102,
      qos_flow_list: [
        {
          pdu_session_id: 1,
          dl_total_bytes: 18978,
          ul_total_bytes: 8922,
          sst: 1
        },
        {
          pdu_session_id: 2,
          dl_total_bytes: 1156834,
          ul_total_bytes: 5739689746,
          sst: 1
        }
      ],
      rnti: 17923,
      cells: [
        {
          cell_id: 1,
          dl_bitrate: 82115,
          ul_bitrate: 99260081,
          dl_tx: 98,
          ul_tx: 1718,
          dl_err: 0,
          ul_err: 0,
          dl_retx: 18,
          ul_retx: 0,
          pusch_snr: 19.2,
          epre: -101.1,
          ul_phr: -17,
          ul_path_loss: 88.4,
          p_ue: 23,
          dl_mcs: 11.4,
          ul_mcs: 10,
          ul_n_layer: 1,
          turbo_decoder_min: 1,
          turbo_decoder_avg: 1.57,
          turbo_decoder_max: 2,
          cqi: 7,
          ri: 2,
          ul_rank: 1,
          initial_ta: 1
        }
      ]
    }
  ],
  time: 658.146,
  utc: 1744211330.355
}

