{
  message: ready,
  type: ENB,
  name: ENB,
  version: 2023-06-10,
  time: 1265.352,
  utc: 1744075873.506
}
{
  message: ue_get,
  ue_list: [
    {
      ran_ue_id: 48,
      amf_ue_id: 118,
      qos_flow_list: [
        {
          pdu_session_id: 2,
          dl_total_bytes: 25198,
          ul_total_bytes: 32645,
          sst: 1
        }
      ],
      rnti: 17968,
      cells: [
        {
          cell_id: 1,
          dl_bitrate: 152133,
          ul_bitrate: 273442,
          dl_tx: 54,
          ul_tx: 485,
          dl_err: 0,
          ul_err: 0,
          dl_retx: 3,
          ul_retx: 0,
          pusch_snr: 7.8,
          epre: -112.6,
          ul_phr: -27,
          ul_path_loss: 102.6,
          p_ue: 8,
          dl_mcs: 16.3,
          ul_mcs: 4.1,
          ul_n_layer: 1,
          turbo_decoder_min: 1,
          turbo_decoder_avg: 1.221,
          turbo_decoder_max: 2,
          cqi: 12,
          ri: 1,
          ul_rank: 1,
          initial_ta: 1
        }
      ]
    },
    {
      ran_ue_id: 4,
      amf_ue_id: 103,
      qos_flow_list: [
        {
          pdu_session_id: 1,
          dl_total_bytes: 15049,
          ul_total_bytes: 8741,
          sst: 1
        },
        {
          pdu_session_id: 2,
          dl_total_bytes: 2665467,
          ul_total_bytes: 18875228077,
          sst: 1
        }
      ],
      rnti: 17924,
      cells: [
        {
          cell_id: 1,
          dl_bitrate: 144059,
          ul_bitrate: 136913814,
          dl_tx: 93,
          ul_tx: 1326,
          dl_err: 0,
          ul_err: 0,
          dl_retx: 16,
          ul_retx: 1,
          pusch_snr: 19,
          epre: -101.8,
          ul_phr: -3,
          ul_path_loss: 88.1,
          p_ue: 22,
          dl_mcs: 21,
          ul_mcs: 17.6,
          ul_n_layer: 1,
          turbo_decoder_min: 1,
          turbo_decoder_avg: 2.688,
          turbo_decoder_max: 5,
          cqi: 14,
          ri: 2,
          ul_rank: 1,
          initial_ta: 0
        }
      ]
    }
  ],
  time: 1265.353,
  utc: 1744075873.516
}

