{
  message: ready,
  type: ENB,
  name: ENB,
  version: 2023-06-10,
  time: 1438.736,
  utc: 1744831670.425
}
{
  message: ue_get,
  ue_list: [
    {
      ran_ue_id: 3,
      amf_ue_id: 102,
      qos_flow_list: [
        {
          pdu_session_id: 1,
          dl_total_bytes: 7593,
          ul_total_bytes: 7459,
          sst: 1
        },
        {
          pdu_session_id: 2,
          dl_total_bytes: 1535596,
          ul_total_bytes: 15753363032,
          sst: 1
        }
      ],
      rnti: 17923,
      cells: [
        {
          cell_id: 1,
          dl_bitrate: 145875,
          ul_bitrate: 94200768,
          dl_tx: 99,
          ul_tx: 893,
          dl_err: 0,
          ul_err: 0,
          dl_retx: 1,
          ul_retx: 8,
          pusch_snr: 27.5,
          epre: -91,
          ul_phr: -8,
          ul_path_loss: 77.1,
          p_ue: 19,
          dl_mcs: 24.2,
          ul_mcs: 20.5,
          ul_n_layer: 1,
          turbo_decoder_min: 1,
          turbo_decoder_avg: 2.463,
          turbo_decoder_max: 5,
          cqi: 15,
          ri: 2,
          ul_rank: 1,
          initial_ta: 1
        }
      ]
    }
  ],
  time: 1438.738,
  utc: 1744831670.435
}

