{
  message: ready,
  type: ENB,
  name: ENB,
  version: 2023-06-10,
  time: 2814.572,
  utc: 1744199071.423
}
{
  message: ue_get,
  ue_list: [
    {
      ran_ue_id: 3,
      amf_ue_id: 102,
      qos_flow_list: [
        {
          pdu_session_id: 1,
          dl_total_bytes: 15418,
          ul_total_bytes: 9152,
          sst: 1
        },
        {
          pdu_session_id: 2,
          dl_total_bytes: 10593299,
          ul_total_bytes: 58488722848,
          sst: 1
        }
      ],
      rnti: 17923,
      cells: [
        {
          cell_id: 1,
          dl_bitrate: 135576,
          ul_bitrate: 176838788,
          dl_tx: 87,
          ul_tx: 1280,
          dl_err: 0,
          ul_err: 0,
          dl_retx: 1,
          ul_retx: 18,
          pusch_snr: 26.3,
          epre: -94.1,
          ul_phr: -2,
          ul_path_loss: 77.3,
          p_ue: 19,
          dl_mcs: 24.2,
          ul_mcs: 23.2,
          ul_n_layer: 1,
          turbo_decoder_min: 0,
          turbo_decoder_avg: 2.351,
          turbo_decoder_max: 5,
          cqi: 15,
          ri: 2,
          ul_rank: 1,
          initial_ta: 0
        }
      ]
    }
  ],
  time: 2814.574,
  utc: 1744199071.434
}

