{
  message: ready,
  type: ENB,
  name: ENB,
  version: 2023-06-10,
  time: 2734.504,
  utc: 1744860103.33
}
{
  message: ue_get,
  ue_list: [
    {
      ran_ue_id: 4,
      amf_ue_id: 103,
      qos_flow_list: [
        {
          pdu_session_id: 1,
          dl_total_bytes: 7778,
          ul_total_bytes: 7656,
          sst: 1
        },
        {
          pdu_session_id: 2,
          dl_total_bytes: 6982873,
          ul_total_bytes: 30651808123,
          sst: 1
        }
      ],
      rnti: 17924,
      cells: [
        {
          cell_id: 1,
          dl_bitrate: 165249,
          ul_bitrate: 104837657,
          dl_tx: 72,
          ul_tx: 987,
          dl_err: 0,
          ul_err: 0,
          dl_retx: 0,
          ul_retx: 7,
          pusch_snr: 25.8,
          epre: -93.7,
          ul_phr: -7,
          ul_path_loss: 77.1,
          p_ue: 22,
          dl_mcs: 23.8,
          ul_mcs: 18.8,
          ul_n_layer: 1,
          turbo_decoder_min: 1,
          turbo_decoder_avg: 1.917,
          turbo_decoder_max: 5,
          cqi: 14,
          ri: 2,
          ul_rank: 1,
          initial_ta: 1
        }
      ]
    }
  ],
  time: 2734.505,
  utc: 1744860103.341
}

