{
  message: ready,
  type: ENB,
  name: ENB,
  version: 2023-06-10,
  time: 1417.757,
  utc: 1744052288.933
}
{
  message: ue_get,
  ue_list: [
    {
      ran_ue_id: 5,
      amf_ue_id: 104,
      qos_flow_list: [
        {
          pdu_session_id: 1,
          dl_total_bytes: 9647,
          ul_total_bytes: 7659,
          sst: 1
        },
        {
          pdu_session_id: 2,
          dl_total_bytes: 3053167,
          ul_total_bytes: 15457508864,
          sst: 1
        }
      ],
      rnti: 17925,
      cells: [
        {
          cell_id: 1,
          dl_bitrate: 135417,
          ul_bitrate: 98621813,
          dl_tx: 107,
          ul_tx: 1028,
          dl_err: 0,
          ul_err: 0,
          dl_retx: 6,
          ul_retx: 12,
          pusch_snr: 18.6,
          epre: -101.7,
          ul_phr: -6,
          ul_path_loss: 87.8,
          p_ue: 22,
          dl_mcs: 24,
          ul_mcs: 18.1,
          ul_n_layer: 1,
          turbo_decoder_min: 1,
          turbo_decoder_avg: 3.003,
          turbo_decoder_max: 5,
          cqi: 15,
          ri: 2,
          ul_rank: 1,
          initial_ta: 2
        }
      ]
    }
  ],
  time: 1417.758,
  utc: 1744052288.944
}

