{
  message: ready,
  type: ENB,
  name: ENB,
  version: 2023-06-10,
  time: 1414.562,
  utc: 1744052285.739
}
{
  message: ue_get,
  ue_list: [
    {
      ran_ue_id: 5,
      amf_ue_id: 104,
      qos_flow_list: [
        {
          pdu_session_id: 1,
          dl_total_bytes: 9647,
          ul_total_bytes: 7659,
          sst: 1
        },
        {
          pdu_session_id: 2,
          dl_total_bytes: 3048821,
          ul_total_bytes: 15418369352,
          sst: 1
        }
      ],
      rnti: 17925,
      cells: [
        {
          cell_id: 1,
          dl_bitrate: 134944,
          ul_bitrate: 98710847,
          dl_tx: 110,
          ul_tx: 1063,
          dl_err: 0,
          ul_err: 0,
          dl_retx: 11,
          ul_retx: 12,
          pusch_snr: 19.2,
          epre: -101.7,
          ul_phr: -6,
          ul_path_loss: 87.9,
          p_ue: 22,
          dl_mcs: 24,
          ul_mcs: 18.1,
          ul_n_layer: 1,
          turbo_decoder_min: 1,
          turbo_decoder_avg: 2.959,
          turbo_decoder_max: 5,
          cqi: 15,
          ri: 2,
          ul_rank: 1,
          initial_ta: 2
        }
      ]
    }
  ],
  time: 1414.564,
  utc: 1744052285.749
}

