{
  message: ready,
  type: ENB,
  name: ENB,
  version: 2023-06-10,
  time: 933.215,
  utc: 1744087155.558
}
{
  message: ue_get,
  ue_list: [
    {
      ran_ue_id: 3,
      amf_ue_id: 102,
      qos_flow_list: [
        {
          pdu_session_id: 1,
          dl_total_bytes: 14865,
          ul_total_bytes: 8545,
          sst: 1
        },
        {
          pdu_session_id: 2,
          dl_total_bytes: 1649391,
          ul_total_bytes: 14257178196,
          sst: 1
        }
      ],
      rnti: 17923,
      cells: [
        {
          cell_id: 1,
          dl_bitrate: 122819,
          ul_bitrate: 150124298,
          dl_tx: 86,
          ul_tx: 1347,
          dl_err: 0,
          ul_err: 0,
          dl_retx: 17,
          ul_retx: 16,
          pusch_snr: 18.9,
          epre: -102,
          ul_phr: 13,
          ul_path_loss: 88.7,
          p_ue: 6,
          dl_mcs: 21.7,
          ul_mcs: 18,
          ul_n_layer: 1,
          turbo_decoder_min: 0,
          turbo_decoder_avg: 2.939,
          turbo_decoder_max: 5,
          cqi: 14,
          ri: 2,
          ul_rank: 1,
          initial_ta: 1
        }
      ]
    }
  ],
  time: 933.217,
  utc: 1744087155.568
}

