{
  message: ready,
  type: ENB,
  name: ENB,
  version: 2023-06-10,
  time: 908.945,
  utc: 1743864098.961
}
{
  message: ue_get,
  ue_list: [
    {
      ran_ue_id: 4,
      amf_ue_id: 103,
      qos_flow_list: [
        {
          pdu_session_id: 1,
          dl_total_bytes: 14866,
          ul_total_bytes: 8540,
          sst: 1
        },
        {
          pdu_session_id: 2,
          dl_total_bytes: 1288167,
          ul_total_bytes: 18401767588,
          sst: 1
        }
      ],
      rnti: 17924,
      cells: [
        {
          cell_id: 1,
          dl_bitrate: 154922,
          ul_bitrate: 158346251,
          dl_tx: 91,
          ul_tx: 1271,
          dl_err: 0,
          ul_err: 0,
          dl_retx: 1,
          ul_retx: 12,
          pusch_snr: 21.2,
          epre: -99.4,
          ul_phr: 13,
          ul_path_loss: 68.5,
          p_ue: 6,
          dl_mcs: 23.2,
          ul_mcs: 21.1,
          ul_n_layer: 1,
          turbo_decoder_min: 1,
          turbo_decoder_avg: 3.016,
          turbo_decoder_max: 5,
          cqi: 15,
          ri: 2,
          ul_rank: 1,
          initial_ta: 1
        }
      ]
    }
  ],
  time: 908.946,
  utc: 1743864098.972
}

