{
  message: ready,
  type: ENB,
  name: ENB,
  version: 2023-06-10,
  time: 448.266,
  utc: 1744057189.563
}
{
  message: ue_get,
  ue_list: [
    {
      ran_ue_id: 51,
      amf_ue_id: 104,
      qos_flow_list: [
        {
          pdu_session_id: 1,
          dl_total_bytes: 14855,
          ul_total_bytes: 8543,
          sst: 1
        },
        {
          pdu_session_id: 2,
          dl_total_bytes: 800036,
          ul_total_bytes: 5875040733,
          sst: 1
        }
      ],
      rnti: 17971,
      cells: [
        {
          cell_id: 1,
          dl_bitrate: 172235,
          ul_bitrate: 134888694,
          dl_tx: 116,
          ul_tx: 1005,
          dl_err: 0,
          ul_err: 0,
          dl_retx: 0,
          ul_retx: 12,
          pusch_snr: 28,
          epre: -91.1,
          ul_phr: 7,
          ul_path_loss: 68.1,
          p_ue: 12,
          dl_mcs: 27.9,
          ul_mcs: 25.9,
          ul_n_layer: 1,
          turbo_decoder_min: 0,
          turbo_decoder_avg: 2.334,
          turbo_decoder_max: 5,
          cqi: 15,
          ri: 2,
          ul_rank: 1,
          initial_ta: 1
        }
      ]
    }
  ],
  time: 448.268,
  utc: 1744057189.573
}

