{
  message: ready,
  type: ENB,
  name: ENB,
  version: 2023-06-10,
  time: 2811.693,
  utc: 1744103522.093
}
{
  message: ue_get,
  ue_list: [
    {
      ran_ue_id: 3,
      amf_ue_id: 102,
      qos_flow_list: [
        {
          pdu_session_id: 1,
          dl_total_bytes: 15417,
          ul_total_bytes: 9151,
          sst: 1
        },
        {
          pdu_session_id: 2,
          dl_total_bytes: 10395541,
          ul_total_bytes: 27637655832,
          sst: 1
        }
      ],
      rnti: 17923,
      cells: [
        {
          cell_id: 1,
          dl_bitrate: 122659,
          ul_bitrate: 81769739,
          dl_tx: 88,
          ul_tx: 1501,
          dl_err: 0,
          ul_err: 0,
          dl_retx: 15,
          ul_retx: 13,
          pusch_snr: 9.5,
          epre: -111.6,
          ul_phr: -15,
          ul_path_loss: 98.7,
          p_ue: 23,
          dl_mcs: 13.7,
          ul_mcs: 8.7,
          ul_n_layer: 1,
          turbo_decoder_min: 2,
          turbo_decoder_avg: 3.726,
          turbo_decoder_max: 5,
          cqi: 10,
          ri: 2,
          ul_rank: 1,
          initial_ta: 1
        }
      ]
    }
  ],
  time: 2811.694,
  utc: 1744103522.104
}

