{
  message: ready,
  type: ENB,
  name: ENB,
  version: 2023-06-10,
  time: 698.26,
  utc: 1744069153.795
}
{
  message: ue_get,
  ue_list: [
    {
      ran_ue_id: 22,
      amf_ue_id: 113,
      qos_flow_list: [],
      rnti: 17942,
      cells: [
        {
          cell_id: 1,
          dl_bitrate: 4515,
          ul_bitrate: 0,
          dl_tx: 8,
          ul_tx: 0,
          dl_err: 2,
          ul_err: 11,
          dl_retx: 22,
          ul_retx: 51,
          pusch_snr: 10.6,
          epre: -110.2,
          ul_phr: -13,
          ul_path_loss: 116,
          p_ue: 24,
          dl_mcs: 15.9,
          ul_mcs: 8,
          ul_n_layer: 1,
          turbo_decoder_min: 5,
          turbo_decoder_avg: 5,
          turbo_decoder_max: 5,
          cqi: 0,
          ri: 2,
          ul_rank: 1,
          initial_ta: 1
        }
      ]
    },
    {
      ran_ue_id: 4,
      amf_ue_id: 103,
      qos_flow_list: [
        {
          pdu_session_id: 1,
          dl_total_bytes: 14937,
          ul_total_bytes: 9346,
          sst: 1
        },
        {
          pdu_session_id: 2,
          dl_total_bytes: 1227070,
          ul_total_bytes: 8720315665,
          sst: 1
        }
      ],
      rnti: 17924,
      cells: [
        {
          cell_id: 1,
          dl_bitrate: 79421,
          ul_bitrate: 97426283,
          dl_tx: 52,
          ul_tx: 639,
          dl_err: 0,
          ul_err: 0,
          dl_retx: 1,
          ul_retx: 5,
          pusch_snr: 27.3,
          epre: -92.4,
          ul_phr: 7,
          ul_path_loss: 68.7,
          p_ue: 12,
          dl_mcs: 23,
          ul_mcs: 24.8,
          ul_n_layer: 1,
          turbo_decoder_min: 1,
          turbo_decoder_avg: 2.29,
          turbo_decoder_max: 5,
          cqi: 14,
          ri: 2,
          ul_rank: 1,
          initial_ta: 1
        }
      ]
    }
  ],
  time: 698.262,
  utc: 1744069153.805
}

