{
  message: ready,
  type: ENB,
  name: ENB,
  version: 2023-06-10,
  time: 1656.605,
  utc: 1744203649.056
}
{
  message: ue_get,
  ue_list: [
    {
      ran_ue_id: 14,
      amf_ue_id: 110,
      qos_flow_list: [
        {
          pdu_session_id: 2,
          dl_total_bytes: 0,
          ul_total_bytes: 305,
          sst: 1
        },
        {
          pdu_session_id: 1,
          dl_total_bytes: 396,
          ul_total_bytes: 1215,
          sst: 1
        }
      ],
      rnti: 17934,
      cells: [
        {
          cell_id: 1,
          dl_bitrate: 427,
          ul_bitrate: 82104,
          dl_tx: 2,
          ul_tx: 1538,
          dl_err: 0,
          ul_err: 0,
          dl_retx: 0,
          ul_retx: 9,
          pusch_snr: -1.5,
          epre: -122.6,
          ul_phr: -20,
          ul_path_loss: 109.5,
          p_ue: 8,
          dl_mcs: 7,
          ul_mcs: 1,
          ul_n_layer: 1,
          turbo_decoder_min: 1,
          turbo_decoder_avg: 1.663,
          turbo_decoder_max: 5,
          cqi: 8,
          ri: 1,
          ul_rank: 1,
          initial_ta: 1
        }
      ]
    },
    {
      ran_ue_id: 3,
      amf_ue_id: 102,
      qos_flow_list: [
        {
          pdu_session_id: 1,
          dl_total_bytes: 14973,
          ul_total_bytes: 8618,
          sst: 1
        },
        {
          pdu_session_id: 2,
          dl_total_bytes: 3826025,
          ul_total_bytes: 14328153040,
          sst: 1
        }
      ],
      rnti: 17923,
      cells: [
        {
          cell_id: 1,
          dl_bitrate: 117460,
          ul_bitrate: 71347469,
          dl_tx: 92,
          ul_tx: 1385,
          dl_err: 0,
          ul_err: 0,
          dl_retx: 30,
          ul_retx: 15,
          pusch_snr: 10.7,
          epre: -110.2,
          ul_phr: -17,
          ul_path_loss: 97.9,
          p_ue: 23,
          dl_mcs: 15,
          ul_mcs: 8.3,
          ul_n_layer: 1,
          turbo_decoder_min: 1,
          turbo_decoder_avg: 3.309,
          turbo_decoder_max: 5,
          cqi: 12,
          ri: 2,
          ul_rank: 1,
          initial_ta: 0
        }
      ]
    }
  ],
  time: 1656.607,
  utc: 1744203649.066
}

