{
  message: ready,
  type: ENB,
  name: ENB,
  version: 2023-06-10,
  time: 1673.561,
  utc: 1744203666.011
}
{
  message: ue_get,
  ue_list: [
    {
      ran_ue_id: 15,
      amf_ue_id: 111,
      qos_flow_list: [
        {
          pdu_session_id: 2,
          dl_total_bytes: 0,
          ul_total_bytes: 0,
          sst: 1
        },
        {
          pdu_session_id: 1,
          dl_total_bytes: 3126,
          ul_total_bytes: 3236,
          sst: 1
        }
      ],
      rnti: 17935,
      cells: [
        {
          cell_id: 1,
          dl_bitrate: 1837,
          ul_bitrate: 72922,
          dl_tx: 5,
          ul_tx: 1304,
          dl_err: 0,
          ul_err: 0,
          dl_retx: 1,
          ul_retx: 11,
          pusch_snr: 5.4,
          epre: -117.4,
          ul_phr: -28,
          ul_path_loss: 114.1,
          p_ue: 8,
          dl_mcs: 7.4,
          ul_mcs: 1.1,
          ul_n_layer: 1,
          turbo_decoder_min: 1,
          turbo_decoder_avg: 1.842,
          turbo_decoder_max: 5,
          cqi: 7,
          ri: 1,
          ul_rank: 1,
          initial_ta: 0
        }
      ]
    },
    {
      ran_ue_id: 3,
      amf_ue_id: 102,
      qos_flow_list: [
        {
          pdu_session_id: 1,
          dl_total_bytes: 15065,
          ul_total_bytes: 8719,
          sst: 1
        },
        {
          pdu_session_id: 2,
          dl_total_bytes: 3898545,
          ul_total_bytes: 14463366041,
          sst: 1
        }
      ],
      rnti: 17923,
      cells: [
        {
          cell_id: 1,
          dl_bitrate: 112991,
          ul_bitrate: 62810615,
          dl_tx: 89,
          ul_tx: 1231,
          dl_err: 0,
          ul_err: 0,
          dl_retx: 11,
          ul_retx: 14,
          pusch_snr: 10.7,
          epre: -110.2,
          ul_phr: -15,
          ul_path_loss: 97.9,
          p_ue: 23,
          dl_mcs: 15,
          ul_mcs: 8.2,
          ul_n_layer: 1,
          turbo_decoder_min: 1,
          turbo_decoder_avg: 3.291,
          turbo_decoder_max: 5,
          cqi: 11,
          ri: 2,
          ul_rank: 1,
          initial_ta: 0
        }
      ]
    }
  ],
  time: 1673.563,
  utc: 1744203666.022
}

