{
  message: ready,
  type: ENB,
  name: ENB,
  version: 2023-06-10,
  time: 200.365,
  utc: 1744098030.557
}
{
  message: ue_get,
  ue_list: [
    {
      ran_ue_id: 3,
      amf_ue_id: 102,
      qos_flow_list: [
        {
          pdu_session_id: 1,
          dl_total_bytes: 14857,
          ul_total_bytes: 8523,
          sst: 1
        },
        {
          pdu_session_id: 2,
          dl_total_bytes: 363629,
          ul_total_bytes: 2062002970,
          sst: 1
        }
      ],
      rnti: 17923,
      cells: [
        {
          cell_id: 1,
          dl_bitrate: 129652,
          ul_bitrate: 133929306,
          dl_tx: 93,
          ul_tx: 1213,
          dl_err: 0,
          ul_err: 0,
          dl_retx: 4,
          ul_retx: 19,
          pusch_snr: 19.4,
          epre: -101.6,
          ul_phr: -7,
          ul_path_loss: 88,
          p_ue: 22,
          dl_mcs: 21.3,
          ul_mcs: 18.1,
          ul_n_layer: 1,
          turbo_decoder_min: 1,
          turbo_decoder_avg: 2.794,
          turbo_decoder_max: 5,
          cqi: 14,
          ri: 2,
          ul_rank: 1,
          initial_ta: 1
        }
      ]
    }
  ],
  time: 200.367,
  utc: 1744098030.567
}

