{
  message: ready,
  type: ENB,
  name: ENB,
  version: 2023-06-10,
  time: 194.041,
  utc: 1744098024.232
}
{
  message: ue_get,
  ue_list: [
    {
      ran_ue_id: 3,
      amf_ue_id: 102,
      qos_flow_list: [
        {
          pdu_session_id: 1,
          dl_total_bytes: 14857,
          ul_total_bytes: 8523,
          sst: 1
        },
        {
          pdu_session_id: 2,
          dl_total_bytes: 353555,
          ul_total_bytes: 1960384503,
          sst: 1
        }
      ],
      rnti: 17923,
      cells: [
        {
          cell_id: 1,
          dl_bitrate: 109671,
          ul_bitrate: 118734432,
          dl_tx: 79,
          ul_tx: 1081,
          dl_err: 0,
          ul_err: 0,
          dl_retx: 3,
          ul_retx: 11,
          pusch_snr: 24.7,
          epre: -95.8,
          ul_phr: -7,
          ul_path_loss: 88,
          p_ue: 22,
          dl_mcs: 21,
          ul_mcs: 18.1,
          ul_n_layer: 1,
          turbo_decoder_min: 1,
          turbo_decoder_avg: 2.81,
          turbo_decoder_max: 5,
          cqi: 14,
          ri: 2,
          ul_rank: 1,
          initial_ta: 1
        }
      ]
    }
  ],
  time: 194.043,
  utc: 1744098024.243
}

