{
  message: ready,
  type: ENB,
  name: ENB,
  version: 2023-06-10,
  time: 215.276,
  utc: 1744098045.468
}
{
  message: ue_get,
  ue_list: [
    {
      ran_ue_id: 3,
      amf_ue_id: 102,
      qos_flow_list: [
        {
          pdu_session_id: 1,
          dl_total_bytes: 14857,
          ul_total_bytes: 8523,
          sst: 1
        },
        {
          pdu_session_id: 2,
          dl_total_bytes: 392628,
          ul_total_bytes: 2305612219,
          sst: 1
        }
      ],
      rnti: 17923,
      cells: [
        {
          cell_id: 1,
          dl_bitrate: 124298,
          ul_bitrate: 149291609,
          dl_tx: 91,
          ul_tx: 1390,
          dl_err: 0,
          ul_err: 0,
          dl_retx: 2,
          ul_retx: 16,
          pusch_snr: 19.2,
          epre: -101.8,
          ul_phr: -7,
          ul_path_loss: 87.9,
          p_ue: 22,
          dl_mcs: 20.8,
          ul_mcs: 17.5,
          ul_n_layer: 1,
          turbo_decoder_min: 1,
          turbo_decoder_avg: 2.565,
          turbo_decoder_max: 5,
          cqi: 14,
          ri: 2,
          ul_rank: 1,
          initial_ta: 1
        }
      ]
    }
  ],
  time: 215.278,
  utc: 1744098045.479
}

