{
  message: ready,
  type: ENB,
  name: ENB,
  version: 2023-06-10,
  time: 2639.264,
  utc: 1744109139.634
}
{
  message: ue_get,
  ue_list: [
    {
      ran_ue_id: 6,
      amf_ue_id: 105,
      qos_flow_list: [
        {
          pdu_session_id: 1,
          dl_total_bytes: 9833,
          ul_total_bytes: 7857,
          sst: 1
        },
        {
          pdu_session_id: 2,
          dl_total_bytes: 9061798,
          ul_total_bytes: 39138695283,
          sst: 1
        }
      ],
      rnti: 17926,
      cells: [
        {
          cell_id: 1,
          dl_bitrate: 201589,
          ul_bitrate: 135563007,
          dl_tx: 97,
          ul_tx: 1286,
          dl_err: 0,
          ul_err: 0,
          dl_retx: 1,
          ul_retx: 10,
          pusch_snr: 20.5,
          epre: -100.1,
          ul_phr: 7,
          ul_path_loss: 78.4,
          p_ue: 15,
          dl_mcs: 23.9,
          ul_mcs: 17.9,
          ul_n_layer: 1,
          turbo_decoder_min: 1,
          turbo_decoder_avg: 2.297,
          turbo_decoder_max: 5,
          cqi: 15,
          ri: 2,
          ul_rank: 1,
          initial_ta: 1
        }
      ]
    }
  ],
  time: 2639.265,
  utc: 1744109139.645
}

