{
  message: ready,
  type: ENB,
  name: ENB,
  version: 2023-06-10,
  time: 2623.191,
  utc: 1744109123.562
}
{
  message: ue_get,
  ue_list: [
    {
      ran_ue_id: 6,
      amf_ue_id: 105,
      qos_flow_list: [
        {
          pdu_session_id: 1,
          dl_total_bytes: 9833,
          ul_total_bytes: 7857,
          sst: 1
        },
        {
          pdu_session_id: 2,
          dl_total_bytes: 8954874,
          ul_total_bytes: 38869106505,
          sst: 1
        }
      ],
      rnti: 17926,
      cells: [
        {
          cell_id: 1,
          dl_bitrate: 119455,
          ul_bitrate: 101646641,
          dl_tx: 75,
          ul_tx: 1039,
          dl_err: 0,
          ul_err: 0,
          dl_retx: 1,
          ul_retx: 1,
          pusch_snr: 26.8,
          epre: -91.6,
          ul_phr: 10,
          ul_path_loss: 82.1,
          p_ue: 9,
          dl_mcs: 24.6,
          ul_mcs: 16.8,
          ul_n_layer: 1,
          turbo_decoder_min: 1,
          turbo_decoder_avg: 1.4,
          turbo_decoder_max: 5,
          cqi: 15,
          ri: 2,
          ul_rank: 1,
          initial_ta: 1
        }
      ]
    }
  ],
  time: 2623.193,
  utc: 1744109123.572
}

