{
  message: ready,
  type: ENB,
  name: ENB,
  version: 2023-06-10,
  time: 2058.612,
  utc: 1744099888.803
}
{
  message: ue_get,
  ue_list: [
    {
      ran_ue_id: 3,
      amf_ue_id: 102,
      qos_flow_list: [
        {
          pdu_session_id: 1,
          dl_total_bytes: 15225,
          ul_total_bytes: 8927,
          sst: 1
        },
        {
          pdu_session_id: 2,
          dl_total_bytes: 5661523,
          ul_total_bytes: 31347352389,
          sst: 1
        }
      ],
      rnti: 17923,
      cells: [
        {
          cell_id: 1,
          dl_bitrate: 123430,
          ul_bitrate: 126899482,
          dl_tx: 90,
          ul_tx: 1559,
          dl_err: 0,
          ul_err: 0,
          dl_retx: 17,
          ul_retx: 0,
          pusch_snr: 19,
          epre: -101.9,
          ul_phr: -12,
          ul_path_loss: 88.6,
          p_ue: 22,
          dl_mcs: 21.3,
          ul_mcs: 14.1,
          ul_n_layer: 1,
          turbo_decoder_min: 1,
          turbo_decoder_avg: 2.004,
          turbo_decoder_max: 3,
          cqi: 14,
          ri: 2,
          ul_rank: 1,
          initial_ta: 1
        }
      ]
    }
  ],
  time: 2058.613,
  utc: 1744099888.813
}

