{
  message: ready,
  type: ENB,
  name: ENB,
  version: 2023-06-10,
  time: 2673.882,
  utc: 1744097572.063
}
{
  message: ue_get,
  ue_list: [
    {
      ran_ue_id: 3,
      amf_ue_id: 102,
      qos_flow_list: [
        {
          pdu_session_id: 1,
          dl_total_bytes: 15285,
          ul_total_bytes: 9004,
          sst: 1
        },
        {
          pdu_session_id: 2,
          dl_total_bytes: 9354975,
          ul_total_bytes: 35484673941,
          sst: 1
        }
      ],
      rnti: 17923,
      cells: [
        {
          cell_id: 1,
          dl_bitrate: 186976,
          ul_bitrate: 151128284,
          dl_tx: 87,
          ul_tx: 1239,
          dl_err: 0,
          ul_err: 0,
          dl_retx: 1,
          ul_retx: 15,
          pusch_snr: 21.8,
          epre: -99,
          ul_phr: 4,
          ul_path_loss: 78.4,
          p_ue: 15,
          dl_mcs: 23,
          ul_mcs: 20,
          ul_n_layer: 1,
          turbo_decoder_min: 1,
          turbo_decoder_avg: 2.912,
          turbo_decoder_max: 5,
          cqi: 15,
          ri: 2,
          ul_rank: 1,
          initial_ta: 1
        }
      ]
    }
  ],
  time: 2673.883,
  utc: 1744097572.074
}

