{
  message: ready,
  type: ENB,
  name: ENB,
  version: 2023-06-10,
  time: 2176.437,
  utc: 1744070631.972
}
{
  message: ue_get,
  ue_list: [
    {
      ran_ue_id: 4,
      amf_ue_id: 103,
      qos_flow_list: [
        {
          pdu_session_id: 1,
          dl_total_bytes: 15305,
          ul_total_bytes: 9750,
          sst: 1
        },
        {
          pdu_session_id: 2,
          dl_total_bytes: 6302505,
          ul_total_bytes: 29068697349,
          sst: 1
        }
      ],
      rnti: 17924,
      cells: [
        {
          cell_id: 1,
          dl_bitrate: 211164,
          ul_bitrate: 134084174,
          dl_tx: 92,
          ul_tx: 1168,
          dl_err: 0,
          ul_err: 0,
          dl_retx: 0,
          ul_retx: 20,
          pusch_snr: 20.4,
          epre: -99.8,
          ul_phr: 14,
          ul_path_loss: 68.6,
          p_ue: 5,
          dl_mcs: 26.9,
          ul_mcs: 19.8,
          ul_n_layer: 1,
          turbo_decoder_min: 1,
          turbo_decoder_avg: 2.965,
          turbo_decoder_max: 5,
          cqi: 14,
          ri: 2,
          ul_rank: 1,
          initial_ta: 1
        }
      ]
    }
  ],
  time: 2176.439,
  utc: 1744070631.982
}

