{
  message: ready,
  type: ENB,
  name: ENB,
  version: 2023-06-10,
  time: 741.232,
  utc: 1744107241.603
}
{
  message: ue_get,
  ue_list: [
    {
      ran_ue_id: 6,
      amf_ue_id: 105,
      qos_flow_list: [
        {
          pdu_session_id: 1,
          dl_total_bytes: 9465,
          ul_total_bytes: 7453,
          sst: 1
        },
        {
          pdu_session_id: 2,
          dl_total_bytes: 1164618,
          ul_total_bytes: 9774207341,
          sst: 1
        }
      ],
      rnti: 17926,
      cells: [
        {
          cell_id: 1,
          dl_bitrate: 93814,
          ul_bitrate: 104432654,
          dl_tx: 66,
          ul_tx: 847,
          dl_err: 0,
          ul_err: 0,
          dl_retx: 3,
          ul_retx: 8,
          pusch_snr: 23,
          epre: -96.6,
          ul_phr: 2,
          ul_path_loss: 78.6,
          p_ue: 17,
          dl_mcs: 22.4,
          ul_mcs: 21,
          ul_n_layer: 1,
          turbo_decoder_min: 1,
          turbo_decoder_avg: 2.543,
          turbo_decoder_max: 5,
          cqi: 14,
          ri: 2,
          ul_rank: 1,
          initial_ta: 1
        }
      ]
    }
  ],
  time: 741.234,
  utc: 1744107241.614
}

