{
  message: ready,
  type: ENB,
  name: ENB,
  version: 2023-06-10,
  time: 1495.228,
  utc: 1744063973.533
}
{
  message: ue_get,
  ue_list: [
    {
      ran_ue_id: 5,
      amf_ue_id: 104,
      qos_flow_list: [
        {
          pdu_session_id: 1,
          dl_total_bytes: 9649,
          ul_total_bytes: 7639,
          sst: 1
        },
        {
          pdu_session_id: 2,
          dl_total_bytes: 3198430,
          ul_total_bytes: 15841088986,
          sst: 1
        }
      ],
      rnti: 17925,
      cells: [
        {
          cell_id: 1,
          dl_bitrate: 110142,
          ul_bitrate: 99442510,
          dl_tx: 110,
          ul_tx: 1076,
          dl_err: 0,
          ul_err: 0,
          dl_retx: 14,
          ul_retx: 1,
          pusch_snr: 18.8,
          epre: -101.7,
          ul_phr: -9,
          ul_path_loss: 87.9,
          p_ue: 22,
          dl_mcs: 20,
          ul_mcs: 18,
          ul_n_layer: 1,
          turbo_decoder_min: 1,
          turbo_decoder_avg: 2.968,
          turbo_decoder_max: 5,
          cqi: 13,
          ri: 2,
          ul_rank: 1,
          initial_ta: 1
        }
      ]
    }
  ],
  time: 1495.23,
  utc: 1744063973.544
}

