{
  message: ready,
  type: ENB,
  name: ENB,
  version: 2023-06-10,
  time: 469.283,
  utc: 1744068924.818
}
{
  message: ue_get,
  ue_list: [
    {
      ran_ue_id: 4,
      amf_ue_id: 103,
      qos_flow_list: [
        {
          pdu_session_id: 1,
          dl_total_bytes: 14937,
          ul_total_bytes: 9346,
          sst: 1
        },
        {
          pdu_session_id: 2,
          dl_total_bytes: 832440,
          ul_total_bytes: 5625143974,
          sst: 1
        }
      ],
      rnti: 17924,
      cells: [
        {
          cell_id: 1,
          dl_bitrate: 70894,
          ul_bitrate: 82685190,
          dl_tx: 50,
          ul_tx: 631,
          dl_err: 0,
          ul_err: 0,
          dl_retx: 0,
          ul_retx: 0,
          pusch_snr: 23.8,
          epre: -96.5,
          ul_phr: 30,
          ul_path_loss: 68.1,
          p_ue: -11,
          dl_mcs: 21,
          ul_mcs: 21.4,
          ul_n_layer: 1,
          turbo_decoder_min: 1,
          turbo_decoder_avg: 2.228,
          turbo_decoder_max: 5,
          cqi: 14,
          ri: 2,
          ul_rank: 1,
          initial_ta: 1
        }
      ]
    }
  ],
  time: 469.285,
  utc: 1744068924.829
}

