{
  message: ready,
  type: ENB,
  name: ENB,
  version: 2023-06-10,
  time: 448.205,
  utc: 1744068903.74
}
{
  message: ue_get,
  ue_list: [
    {
      ran_ue_id: 4,
      amf_ue_id: 103,
      qos_flow_list: [
        {
          pdu_session_id: 1,
          dl_total_bytes: 14937,
          ul_total_bytes: 9346,
          sst: 1
        },
        {
          pdu_session_id: 2,
          dl_total_bytes: 792751,
          ul_total_bytes: 5328055931,
          sst: 1
        }
      ],
      rnti: 17924,
      cells: [
        {
          cell_id: 1,
          dl_bitrate: 154238,
          ul_bitrate: 151704619,
          dl_tx: 88,
          ul_tx: 1333,
          dl_err: 0,
          ul_err: 0,
          dl_retx: 2,
          ul_retx: 32,
          pusch_snr: 21.2,
          epre: -99.5,
          ul_phr: 17,
          ul_path_loss: 68.8,
          p_ue: 5,
          dl_mcs: 26.7,
          ul_mcs: 19.2,
          ul_n_layer: 1,
          turbo_decoder_min: 0,
          turbo_decoder_avg: 2.71,
          turbo_decoder_max: 5,
          cqi: 14,
          ri: 2,
          ul_rank: 1,
          initial_ta: 1
        }
      ]
    }
  ],
  time: 448.207,
  utc: 1744068903.751
}

