{
  message: ready,
  type: ENB,
  name: ENB,
  version: 2023-06-10,
  time: 2015.652,
  utc: 1744067442.748
}
{
  message: ue_get,
  ue_list: [
    {
      ran_ue_id: 3,
      amf_ue_id: 102,
      qos_flow_list: [
        {
          pdu_session_id: 1,
          dl_total_bytes: 15233,
          ul_total_bytes: 8949,
          sst: 1
        },
        {
          pdu_session_id: 2,
          dl_total_bytes: 4887366,
          ul_total_bytes: 10768803336,
          sst: 1
        }
      ],
      rnti: 17923,
      cells: [
        {
          cell_id: 1,
          dl_bitrate: 102999,
          ul_bitrate: 49783541,
          dl_tx: 100,
          ul_tx: 1047,
          dl_err: 0,
          ul_err: 0,
          dl_retx: 16,
          ul_retx: 0,
          pusch_snr: 9.5,
          epre: -111,
          ul_phr: -18,
          ul_path_loss: 98.1,
          p_ue: 23,
          dl_mcs: 20,
          ul_mcs: 9,
          ul_n_layer: 1,
          turbo_decoder_min: 2,
          turbo_decoder_avg: 3.351,
          turbo_decoder_max: 5,
          cqi: 13,
          ri: 2,
          ul_rank: 1,
          initial_ta: 1
        }
      ]
    }
  ],
  time: 2015.654,
  utc: 1744067442.758
}

