{
  message: ready,
  type: ENB,
  name: ENB,
  version: 2023-06-10,
  time: 2764.599,
  utc: 1744071220.133
}
{
  message: ue_get,
  ue_list: [
    {
      ran_ue_id: 4,
      amf_ue_id: 103,
      qos_flow_list: [
        {
          pdu_session_id: 1,
          dl_total_bytes: 15489,
          ul_total_bytes: 9952,
          sst: 1
        },
        {
          pdu_session_id: 2,
          dl_total_bytes: 10031216,
          ul_total_bytes: 37186415040,
          sst: 1
        }
      ],
      rnti: 17924,
      cells: [
        {
          cell_id: 1,
          dl_bitrate: 93905,
          ul_bitrate: 118915179,
          dl_tx: 70,
          ul_tx: 886,
          dl_err: 0,
          ul_err: 0,
          dl_retx: 5,
          ul_retx: 0,
          pusch_snr: 34.1,
          epre: -80.1,
          ul_phr: -5,
          ul_path_loss: 68.1,
          p_ue: 19,
          dl_mcs: 21,
          ul_mcs: 22.7,
          ul_n_layer: 1,
          turbo_decoder_min: 0,
          turbo_decoder_avg: 1.452,
          turbo_decoder_max: 3,
          cqi: 14,
          ri: 2,
          ul_rank: 1,
          initial_ta: 1
        }
      ]
    }
  ],
  time: 2764.601,
  utc: 1744071220.145
}

