{
  message: ready,
  type: ENB,
  name: ENB,
  version: 2023-06-10,
  time: 2784.758,
  utc: 1744071240.293
}
{
  message: ue_get,
  ue_list: [
    {
      ran_ue_id: 4,
      amf_ue_id: 103,
      qos_flow_list: [
        {
          pdu_session_id: 1,
          dl_total_bytes: 15489,
          ul_total_bytes: 9952,
          sst: 1
        },
        {
          pdu_session_id: 2,
          dl_total_bytes: 10199885,
          ul_total_bytes: 37456818482,
          sst: 1
        }
      ],
      rnti: 17924,
      cells: [
        {
          cell_id: 1,
          dl_bitrate: 161933,
          ul_bitrate: 114740579,
          dl_tx: 68,
          ul_tx: 905,
          dl_err: 0,
          ul_err: 0,
          dl_retx: 1,
          ul_retx: 23,
          pusch_snr: 24.8,
          epre: -95.8,
          ul_phr: 10,
          ul_path_loss: 68.7,
          p_ue: 9,
          dl_mcs: 24.2,
          ul_mcs: 21.6,
          ul_n_layer: 1,
          turbo_decoder_min: 1,
          turbo_decoder_avg: 2.159,
          turbo_decoder_max: 5,
          cqi: 14,
          ri: 2,
          ul_rank: 1,
          initial_ta: 1
        }
      ]
    }
  ],
  time: 2784.76,
  utc: 1744071240.303
}

