{
  message: ready,
  type: ENB,
  name: ENB,
  version: 2023-06-10,
  time: 156.157,
  utc: 1744202148.607
}
{
  message: ue_get,
  ue_list: [
    {
      ran_ue_id: 3,
      amf_ue_id: 102,
      qos_flow_list: [
        {
          pdu_session_id: 1,
          dl_total_bytes: 9465,
          ul_total_bytes: 7431,
          sst: 1
        },
        {
          pdu_session_id: 2,
          dl_total_bytes: 293239,
          ul_total_bytes: 906047821,
          sst: 1
        }
      ],
      rnti: 17923,
      cells: [
        {
          cell_id: 1,
          dl_bitrate: 94128,
          ul_bitrate: 82652568,
          dl_tx: 92,
          ul_tx: 1547,
          dl_err: 0,
          ul_err: 0,
          dl_retx: 14,
          ul_retx: 17,
          pusch_snr: 10.1,
          epre: -111,
          ul_phr: -12,
          ul_path_loss: 98.7,
          p_ue: 23,
          dl_mcs: 14.4,
          ul_mcs: 8.9,
          ul_n_layer: 1,
          turbo_decoder_min: 1,
          turbo_decoder_avg: 3.448,
          turbo_decoder_max: 5,
          cqi: 11,
          ri: 2,
          ul_rank: 1,
          initial_ta: 0
        }
      ]
    }
  ],
  time: 156.158,
  utc: 1744202148.618
}

