{
  message: ready,
  type: ENB,
  name: ENB,
  version: 2023-06-10,
  time: 1838.235,
  utc: 1744064316.541
}
{
  message: ue_get,
  ue_list: [
    {
      ran_ue_id: 5,
      amf_ue_id: 104,
      qos_flow_list: [
        {
          pdu_session_id: 1,
          dl_total_bytes: 9649,
          ul_total_bytes: 7639,
          sst: 1
        },
        {
          pdu_session_id: 2,
          dl_total_bytes: 4335143,
          ul_total_bytes: 19850091129,
          sst: 1
        }
      ],
      rnti: 17925,
      cells: [
        {
          cell_id: 1,
          dl_bitrate: 90949,
          ul_bitrate: 93804111,
          dl_tx: 110,
          ul_tx: 1074,
          dl_err: 0,
          ul_err: 0,
          dl_retx: 0,
          ul_retx: 0,
          pusch_snr: 19.9,
          epre: -100.8,
          ul_phr: -10,
          ul_path_loss: 87.8,
          p_ue: 22,
          dl_mcs: 18,
          ul_mcs: 17,
          ul_n_layer: 1,
          turbo_decoder_min: 2,
          turbo_decoder_avg: 2.499,
          turbo_decoder_max: 4,
          cqi: 12,
          ri: 2,
          ul_rank: 1,
          initial_ta: 1
        }
      ]
    }
  ],
  time: 1838.237,
  utc: 1744064316.551
}

