{
  message: ready,
  type: ENB,
  name: ENB,
  version: 2023-06-10,
  time: 2655.775,
  utc: 1744190215.917
}
{
  message: ue_get,
  ue_list: [
    {
      ran_ue_id: 4,
      amf_ue_id: 103,
      qos_flow_list: [
        {
          pdu_session_id: 1,
          dl_total_bytes: 15234,
          ul_total_bytes: 8944,
          sst: 1
        },
        {
          pdu_session_id: 2,
          dl_total_bytes: 9446454,
          ul_total_bytes: 53794207272,
          sst: 1
        }
      ],
      rnti: 17924,
      cells: [
        {
          cell_id: 1,
          dl_bitrate: 118170,
          ul_bitrate: 174405844,
          dl_tx: 89,
          ul_tx: 1596,
          dl_err: 0,
          ul_err: 0,
          dl_retx: 28,
          ul_retx: 15,
          pusch_snr: 19.2,
          epre: -101.6,
          ul_phr: -3,
          ul_path_loss: 87.8,
          p_ue: 22,
          dl_mcs: 20.8,
          ul_mcs: 18,
          ul_n_layer: 1,
          turbo_decoder_min: 1,
          turbo_decoder_avg: 3.024,
          turbo_decoder_max: 5,
          cqi: 14,
          ri: 2,
          ul_rank: 1,
          initial_ta: 1
        }
      ]
    }
  ],
  time: 2655.777,
  utc: 1744190215.927
}

