{
  message: ready,
  type: ENB,
  name: ENB,
  version: 2023-06-10,
  time: 2679.345,
  utc: 1744190239.486
}
{
  message: ue_get,
  ue_list: [
    {
      ran_ue_id: 31,
      amf_ue_id: 128,
      qos_flow_list: [
        {
          pdu_session_id: 2,
          dl_total_bytes: 0,
          ul_total_bytes: 183,
          sst: 1
        }
      ],
      rnti: 17951,
      cells: [
        {
          cell_id: 1,
          dl_bitrate: 1490,
          ul_bitrate: 822,
          dl_tx: 3,
          ul_tx: 2,
          dl_err: 0,
          ul_err: 0,
          dl_retx: 2,
          ul_retx: 0,
          pusch_snr: 12.8,
          epre: -108,
          ul_phr: -16,
          ul_path_loss: 104.1,
          p_ue: 8,
          dl_mcs: 15.3,
          ul_mcs: 5.5,
          ul_n_layer: 1,
          turbo_decoder_min: 1,
          turbo_decoder_avg: 1.5,
          turbo_decoder_max: 2,
          cqi: 10,
          ri: 1,
          ul_rank: 1,
          initial_ta: 1
        }
      ]
    },
    {
      ran_ue_id: 4,
      amf_ue_id: 103,
      qos_flow_list: [
        {
          pdu_session_id: 1,
          dl_total_bytes: 15234,
          ul_total_bytes: 8944,
          sst: 1
        },
        {
          pdu_session_id: 2,
          dl_total_bytes: 9633945,
          ul_total_bytes: 54293706784,
          sst: 1
        }
      ],
      rnti: 17924,
      cells: [
        {
          cell_id: 1,
          dl_bitrate: 121844,
          ul_bitrate: 172502001,
          dl_tx: 87,
          ul_tx: 1522,
          dl_err: 0,
          ul_err: 0,
          dl_retx: 45,
          ul_retx: 12,
          pusch_snr: 19.3,
          epre: -101.6,
          ul_phr: -3,
          ul_path_loss: 88.2,
          p_ue: 22,
          dl_mcs: 21,
          ul_mcs: 18,
          ul_n_layer: 1,
          turbo_decoder_min: 1,
          turbo_decoder_avg: 3.029,
          turbo_decoder_max: 5,
          cqi: 14,
          ri: 2,
          ul_rank: 1,
          initial_ta: 1
        }
      ]
    }
  ],
  time: 2679.346,
  utc: 1744190239.497
}

