{
  message: ready,
  type: ENB,
  name: ENB,
  version: 2023-06-10,
  time: 1968.611,
  utc: 1744859337.437
}
{
  message: ue_get,
  ue_list: [
    {
      ran_ue_id: 20,
      amf_ue_id: 119,
      qos_flow_list: [],
      rnti: 17940,
      cells: [
        {
          cell_id: 1,
          dl_bitrate: 0,
          ul_bitrate: 0,
          dl_tx: 0,
          ul_tx: 0,
          dl_err: 0,
          ul_err: 0,
          dl_retx: 0,
          ul_retx: 0,
          pusch_snr: 10.3,
          epre: -111.7,
          ul_phr: -19,
          ul_path_loss: 116,
          p_ue: 24,
          cqi: 10,
          ri: 1,
          ul_rank: 1,
          initial_ta: 1
        }
      ]
    },
    {
      ran_ue_id: 4,
      amf_ue_id: 103,
      qos_flow_list: [
        {
          pdu_session_id: 1,
          dl_total_bytes: 7778,
          ul_total_bytes: 7656,
          sst: 1
        },
        {
          pdu_session_id: 2,
          dl_total_bytes: 2863029,
          ul_total_bytes: 21843126654,
          sst: 1
        }
      ],
      rnti: 17924,
      cells: [
        {
          cell_id: 1,
          dl_bitrate: 179099,
          ul_bitrate: 111306351,
          dl_tx: 74,
          ul_tx: 920,
          dl_err: 0,
          ul_err: 0,
          dl_retx: 0,
          ul_retx: 5,
          pusch_snr: 27.3,
          epre: -90.7,
          ul_phr: -8,
          ul_path_loss: 77,
          p_ue: 19,
          dl_mcs: 25.1,
          ul_mcs: 20.6,
          ul_n_layer: 1,
          turbo_decoder_min: 1,
          turbo_decoder_avg: 2.347,
          turbo_decoder_max: 5,
          cqi: 14,
          ri: 2,
          ul_rank: 1,
          initial_ta: 1
        }
      ]
    }
  ],
  time: 1968.612,
  utc: 1744859337.448
}

