{
  message: ready,
  type: ENB,
  name: ENB,
  version: 2023-06-10,
  time: 362.975,
  utc: 1744074971.129
}
{
  message: ue_get,
  ue_list: [
    {
      ran_ue_id: 4,
      amf_ue_id: 103,
      qos_flow_list: [
        {
          pdu_session_id: 1,
          dl_total_bytes: 14865,
          ul_total_bytes: 8539,
          sst: 1
        },
        {
          pdu_session_id: 2,
          dl_total_bytes: 658989,
          ul_total_bytes: 4543808105,
          sst: 1
        }
      ],
      rnti: 17924,
      cells: [
        {
          cell_id: 1,
          dl_bitrate: 119900,
          ul_bitrate: 134571493,
          dl_tx: 88,
          ul_tx: 1290,
          dl_err: 0,
          ul_err: 0,
          dl_retx: 16,
          ul_retx: 21,
          pusch_snr: 19.2,
          epre: -101.7,
          ul_phr: -4,
          ul_path_loss: 88,
          p_ue: 22,
          dl_mcs: 19.9,
          ul_mcs: 17.1,
          ul_n_layer: 1,
          turbo_decoder_min: 1,
          turbo_decoder_avg: 2.484,
          turbo_decoder_max: 5,
          cqi: 14,
          ri: 2,
          ul_rank: 1,
          initial_ta: 0
        }
      ]
    }
  ],
  time: 362.976,
  utc: 1744074971.139
}

