{
  message: ready,
  type: ENB,
  name: ENB,
  version: 2023-06-10,
  time: 481.523,
  utc: 1744057222.82
}
{
  message: ue_get,
  ue_list: [
    {
      ran_ue_id: 51,
      amf_ue_id: 104,
      qos_flow_list: [
        {
          pdu_session_id: 1,
          dl_total_bytes: 14855,
          ul_total_bytes: 8543,
          sst: 1
        },
        {
          pdu_session_id: 2,
          dl_total_bytes: 858185,
          ul_total_bytes: 6360428959,
          sst: 1
        }
      ],
      rnti: 17971,
      cells: [
        {
          cell_id: 1,
          dl_bitrate: 173258,
          ul_bitrate: 114935121,
          dl_tx: 116,
          ul_tx: 1064,
          dl_err: 0,
          ul_err: 0,
          dl_retx: 0,
          ul_retx: 9,
          pusch_snr: 23.3,
          epre: -97.3,
          ul_phr: 13,
          ul_path_loss: 68,
          p_ue: 6,
          dl_mcs: 27.9,
          ul_mcs: 21.3,
          ul_n_layer: 1,
          turbo_decoder_min: 1,
          turbo_decoder_avg: 2.668,
          turbo_decoder_max: 5,
          cqi: 15,
          ri: 2,
          ul_rank: 1,
          initial_ta: 1
        }
      ]
    }
  ],
  time: 481.525,
  utc: 1744057222.83
}

