{
  message: ready,
  type: ENB,
  name: ENB,
  version: 2023-06-10,
  time: 921.744,
  utc: 1744214509.564
}
{
  message: ue_get,
  ue_list: [
    {
      ran_ue_id: 18,
      amf_ue_id: 114,
      qos_flow_list: [
        {
          pdu_session_id: 2,
          dl_total_bytes: 180,
          ul_total_bytes: 370,
          sst: 1
        },
        {
          pdu_session_id: 1,
          dl_total_bytes: 264,
          ul_total_bytes: 0,
          sst: 1
        }
      ],
      rnti: 17938,
      cells: [
        {
          cell_id: 1,
          dl_bitrate: 6285,
          ul_bitrate: 71239,
          dl_tx: 12,
          ul_tx: 1365,
          dl_err: 0,
          ul_err: 0,
          dl_retx: 5,
          ul_retx: 339,
          pusch_snr: 8.5,
          epre: -113.9,
          ul_phr: -19,
          ul_path_loss: 109.1,
          p_ue: 8,
          dl_mcs: 5,
          ul_mcs: 1,
          ul_n_layer: 1,
          turbo_decoder_min: 1,
          turbo_decoder_avg: 2.665,
          turbo_decoder_max: 5,
          cqi: 6,
          ri: 1,
          ul_rank: 1,
          initial_ta: 0
        }
      ]
    },
    {
      ran_ue_id: 3,
      amf_ue_id: 102,
      qos_flow_list: [
        {
          pdu_session_id: 1,
          dl_total_bytes: 14974,
          ul_total_bytes: 8641,
          sst: 1
        },
        {
          pdu_session_id: 2,
          dl_total_bytes: 1606853,
          ul_total_bytes: 8760843551,
          sst: 1
        }
      ],
      rnti: 17923,
      cells: [
        {
          cell_id: 1,
          dl_bitrate: 90684,
          ul_bitrate: 89882482,
          dl_tx: 98,
          ul_tx: 1698,
          dl_err: 0,
          ul_err: 0,
          dl_retx: 21,
          ul_retx: 18,
          pusch_snr: 10.2,
          epre: -110.6,
          ul_phr: -16,
          ul_path_loss: 98.2,
          p_ue: 23,
          dl_mcs: 13.4,
          ul_mcs: 8.8,
          ul_n_layer: 1,
          turbo_decoder_min: 2,
          turbo_decoder_avg: 3.479,
          turbo_decoder_max: 5,
          cqi: 10,
          ri: 2,
          ul_rank: 1,
          initial_ta: 1
        }
      ]
    }
  ],
  time: 921.746,
  utc: 1744214509.575
}

