{
  message: ready,
  type: ENB,
  name: ENB,
  version: 2023-06-10,
  time: 333.694,
  utc: 1744098163.885
}
{
  message: ue_get,
  ue_list: [
    {
      ran_ue_id: 6,
      amf_ue_id: 105,
      qos_flow_list: [
        {
          pdu_session_id: 2,
          dl_total_bytes: 0,
          ul_total_bytes: 61,
          sst: 1
        }
      ],
      rnti: 17926,
      cells: [
        {
          cell_id: 1,
          dl_bitrate: 15,
          ul_bitrate: 7,
          dl_tx: 5,
          ul_tx: 8,
          dl_err: 0,
          ul_err: 0,
          dl_retx: 1,
          ul_retx: 1,
          pusch_snr: 4.5,
          epre: -119.9,
          ul_phr: -16,
          ul_path_loss: 108.5,
          p_ue: 8,
          dl_mcs: 11,
          ul_mcs: 7.4,
          ul_n_layer: 1,
          turbo_decoder_min: 1,
          turbo_decoder_avg: 1.778,
          turbo_decoder_max: 5,
          cqi: 10,
          ri: 2,
          ul_rank: 1,
          initial_ta: 1
        }
      ]
    },
    {
      ran_ue_id: 3,
      amf_ue_id: 102,
      qos_flow_list: [
        {
          pdu_session_id: 1,
          dl_total_bytes: 14857,
          ul_total_bytes: 8523,
          sst: 1
        },
        {
          pdu_session_id: 2,
          dl_total_bytes: 598650,
          ul_total_bytes: 4227935406,
          sst: 1
        }
      ],
      rnti: 17923,
      cells: [
        {
          cell_id: 1,
          dl_bitrate: 110441,
          ul_bitrate: 102191884,
          dl_tx: 73,
          ul_tx: 1073,
          dl_err: 0,
          ul_err: 0,
          dl_retx: 10,
          ul_retx: 0,
          pusch_snr: 19,
          epre: -101.7,
          ul_phr: -10,
          ul_path_loss: 88,
          p_ue: 22,
          dl_mcs: 22.2,
          ul_mcs: 15.7,
          ul_n_layer: 1,
          turbo_decoder_min: 2,
          turbo_decoder_avg: 2.111,
          turbo_decoder_max: 4,
          cqi: 14,
          ri: 2,
          ul_rank: 1,
          initial_ta: 1
        }
      ]
    }
  ],
  time: 333.696,
  utc: 1744098163.896
}

