{
  message: ready,
  type: ENB,
  name: ENB,
  version: 2023-06-10,
  time: 2600.52,
  utc: 1744088822.863
}
{
  message: ue_get,
  ue_list: [
    {
      ran_ue_id: 3,
      amf_ue_id: 102,
      qos_flow_list: [
        {
          pdu_session_id: 1,
          dl_total_bytes: 15233,
          ul_total_bytes: 8949,
          sst: 1
        },
        {
          pdu_session_id: 2,
          dl_total_bytes: 9207338,
          ul_total_bytes: 41518198432,
          sst: 1
        }
      ],
      rnti: 17923,
      cells: [
        {
          cell_id: 1,
          dl_bitrate: 159389,
          ul_bitrate: 136455798,
          dl_tx: 92,
          ul_tx: 1406,
          dl_err: 0,
          ul_err: 0,
          dl_retx: 28,
          ul_retx: 1,
          pusch_snr: 18.9,
          epre: -101.9,
          ul_phr: -9,
          ul_path_loss: 88.1,
          p_ue: 22,
          dl_mcs: 21.7,
          ul_mcs: 16.3,
          ul_n_layer: 1,
          turbo_decoder_min: 2,
          turbo_decoder_avg: 2.261,
          turbo_decoder_max: 5,
          cqi: 15,
          ri: 2,
          ul_rank: 1,
          initial_ta: 1
        }
      ]
    }
  ],
  time: 2600.522,
  utc: 1744088822.873
}

