{
  message: ready,
  type: ENB,
  name: ENB,
  version: 2023-06-10,
  time: 195.62,
  utc: 1744193575.971
}
{
  message: ue_get,
  ue_list: [
    {
      ran_ue_id: 4,
      amf_ue_id: 103,
      qos_flow_list: [
        {
          pdu_session_id: 1,
          dl_total_bytes: 15708,
          ul_total_bytes: 8645,
          sst: 1
        },
        {
          pdu_session_id: 2,
          dl_total_bytes: 366089,
          ul_total_bytes: 2873250222,
          sst: 1
        }
      ],
      rnti: 17924,
      cells: [
        {
          cell_id: 1,
          dl_bitrate: 141696,
          ul_bitrate: 178904037,
          dl_tx: 89,
          ul_tx: 1456,
          dl_err: 0,
          ul_err: 0,
          dl_retx: 3,
          ul_retx: 7,
          pusch_snr: 22.2,
          epre: -98.3,
          ul_phr: 13,
          ul_path_loss: 68.5,
          p_ue: 6,
          dl_mcs: 24.3,
          ul_mcs: 20.9,
          ul_n_layer: 1,
          turbo_decoder_min: 1,
          turbo_decoder_avg: 2.744,
          turbo_decoder_max: 5,
          cqi: 15,
          ri: 2,
          ul_rank: 1,
          initial_ta: 0
        }
      ]
    }
  ],
  time: 195.621,
  utc: 1744193575.982
}

