{
  message: ready,
  type: ENB,
  name: ENB,
  version: 2023-06-10,
  time: 4010.568,
  utc: 1744843063.146
}
{
  message: ue_get,
  ue_list: [
    {
      ran_ue_id: 2,
      amf_ue_id: 101,
      qos_flow_list: [
        {
          pdu_session_id: 1,
          dl_total_bytes: 12845,
          ul_total_bytes: 11380,
          sst: 1
        },
        {
          pdu_session_id: 2,
          dl_total_bytes: 4490428,
          ul_total_bytes: 1535648003,
          sst: 1
        }
      ],
      rnti: 17922,
      cells: [
        {
          cell_id: 1,
          dl_bitrate: 17759,
          ul_bitrate: 2540933,
          dl_tx: 22,
          ul_tx: 1035,
          dl_err: 0,
          ul_err: 0,
          dl_retx: 0,
          ul_retx: 11,
          pusch_snr: 10.3,
          epre: -110.5,
          ul_phr: -20,
          ul_path_loss: 109.8,
          p_ue: 23,
          dl_mcs: 18,
          ul_mcs: 4,
          ul_n_layer: 1,
          turbo_decoder_min: 1,
          turbo_decoder_avg: 1.462,
          turbo_decoder_max: 5,
          cqi: 12,
          ri: 2,
          ul_rank: 1,
          initial_ta: 1
        }
      ]
    }
  ],
  time: 4010.57,
  utc: 1744843063.157
}

