{
  message: ready,
  type: ENB,
  name: ENB,
  version: 2023-06-10,
  time: 879.35,
  utc: 1744188439.492
}
{
  message: ue_get,
  ue_list: [
    {
      ran_ue_id: 4,
      amf_ue_id: 103,
      qos_flow_list: [
        {
          pdu_session_id: 1,
          dl_total_bytes: 14866,
          ul_total_bytes: 8540,
          sst: 1
        },
        {
          pdu_session_id: 2,
          dl_total_bytes: 1559589,
          ul_total_bytes: 17034772354,
          sst: 1
        }
      ],
      rnti: 17924,
      cells: [
        {
          cell_id: 1,
          dl_bitrate: 122607,
          ul_bitrate: 174054338,
          dl_tx: 87,
          ul_tx: 1543,
          dl_err: 0,
          ul_err: 0,
          dl_retx: 24,
          ul_retx: 10,
          pusch_snr: 19.3,
          epre: -101.6,
          ul_phr: -6,
          ul_path_loss: 87.8,
          p_ue: 22,
          dl_mcs: 21.1,
          ul_mcs: 17.9,
          ul_n_layer: 1,
          turbo_decoder_min: 1,
          turbo_decoder_avg: 3.03,
          turbo_decoder_max: 5,
          cqi: 14,
          ri: 2,
          ul_rank: 1,
          initial_ta: 1
        }
      ]
    }
  ],
  time: 879.351,
  utc: 1744188439.502
}

