{
  message: ready,
  type: ENB,
  name: ENB,
  version: 2023-06-10,
  time: 391.67,
  utc: 1744196648.521
}
{
  message: ue_get,
  ue_list: [
    {
      ran_ue_id: 3,
      amf_ue_id: 102,
      qos_flow_list: [
        {
          pdu_session_id: 1,
          dl_total_bytes: 14866,
          ul_total_bytes: 8546,
          sst: 1
        },
        {
          pdu_session_id: 2,
          dl_total_bytes: 700571,
          ul_total_bytes: 6909041564,
          sst: 1
        }
      ],
      rnti: 17923,
      cells: [
        {
          cell_id: 1,
          dl_bitrate: 140285,
          ul_bitrate: 142388115,
          dl_tx: 94,
          ul_tx: 1572,
          dl_err: 0,
          ul_err: 0,
          dl_retx: 2,
          ul_retx: 0,
          pusch_snr: 23.1,
          epre: -96.8,
          ul_phr: -11,
          ul_path_loss: 81.8,
          p_ue: 22,
          dl_mcs: 23,
          ul_mcs: 15.4,
          ul_n_layer: 1,
          turbo_decoder_min: 1,
          turbo_decoder_avg: 1.809,
          turbo_decoder_max: 5,
          cqi: 15,
          ri: 2,
          ul_rank: 1,
          initial_ta: 0
        }
      ]
    }
  ],
  time: 391.671,
  utc: 1744196648.531
}

