{
  message: ready,
  type: ENB,
  name: ENB,
  version: 2023-06-10,
  time: 295.672,
  utc: 1744068751.207
}
{
  message: ue_get,
  ue_list: [
    {
      ran_ue_id: 4,
      amf_ue_id: 103,
      qos_flow_list: [
        {
          pdu_session_id: 1,
          dl_total_bytes: 14937,
          ul_total_bytes: 9346,
          sst: 1
        },
        {
          pdu_session_id: 2,
          dl_total_bytes: 527037,
          ul_total_bytes: 3098455863,
          sst: 1
        }
      ],
      rnti: 17924,
      cells: [
        {
          cell_id: 1,
          dl_bitrate: 129528,
          ul_bitrate: 127382025,
          dl_tx: 74,
          ul_tx: 1067,
          dl_err: 0,
          ul_err: 0,
          dl_retx: 1,
          ul_retx: 17,
          pusch_snr: 21.2,
          epre: -99.5,
          ul_phr: 32,
          ul_path_loss: 67.6,
          p_ue: -13,
          dl_mcs: 26.6,
          ul_mcs: 20.2,
          ul_n_layer: 1,
          turbo_decoder_min: 1,
          turbo_decoder_avg: 3.21,
          turbo_decoder_max: 5,
          cqi: 14,
          ri: 2,
          ul_rank: 1,
          initial_ta: 1
        }
      ]
    }
  ],
  time: 295.674,
  utc: 1744068751.218
}

