{
  message: ready,
  type: ENB,
  name: ENB,
  version: 2023-06-10,
  time: 741.897,
  utc: 1744069197.432
}
{
  message: ue_get,
  ue_list: [
    {
      ran_ue_id: 4,
      amf_ue_id: 103,
      qos_flow_list: [
        {
          pdu_session_id: 1,
          dl_total_bytes: 14937,
          ul_total_bytes: 9346,
          sst: 1
        },
        {
          pdu_session_id: 2,
          dl_total_bytes: 1303803,
          ul_total_bytes: 9308658725,
          sst: 1
        }
      ],
      rnti: 17924,
      cells: [
        {
          cell_id: 1,
          dl_bitrate: 129458,
          ul_bitrate: 121909990,
          dl_tx: 76,
          ul_tx: 1000,
          dl_err: 0,
          ul_err: 0,
          dl_retx: 1,
          ul_retx: 0,
          pusch_snr: 24.1,
          epre: -96.5,
          ul_phr: 11,
          ul_path_loss: 68.8,
          p_ue: 8,
          dl_mcs: 26,
          ul_mcs: 20.8,
          ul_n_layer: 1,
          turbo_decoder_min: 1,
          turbo_decoder_avg: 2.175,
          turbo_decoder_max: 5,
          cqi: 14,
          ri: 2,
          ul_rank: 1,
          initial_ta: 1
        }
      ]
    }
  ],
  time: 741.898,
  utc: 1744069197.442
}

