{
  message: ready,
  type: ENB,
  name: ENB,
  version: 2023-06-10,
  time: 388.264,
  utc: 1744057129.56
}
{
  message: ue_get,
  ue_list: [
    {
      ran_ue_id: 57,
      amf_ue_id: 109,
      qos_flow_list: [
        {
          pdu_session_id: 2,
          dl_total_bytes: 40,
          ul_total_bytes: 41,
          sst: 1
        }
      ],
      rnti: 17977,
      cells: [
        {
          cell_id: 1,
          dl_bitrate: 13,
          ul_bitrate: 16,
          dl_tx: 8,
          ul_tx: 6,
          dl_err: 0,
          ul_err: 0,
          dl_retx: 0,
          ul_retx: 2,
          pusch_snr: 23.8,
          epre: -97,
          ul_phr: 1,
          ul_path_loss: 90.9,
          p_ue: 7,
          dl_mcs: 6.8,
          ul_mcs: 19.4,
          ul_n_layer: 1,
          turbo_decoder_min: 1,
          turbo_decoder_avg: 2.25,
          turbo_decoder_max: 5,
          cqi: 15,
          ri: 2,
          ul_rank: 1,
          initial_ta: 1
        }
      ]
    },
    {
      ran_ue_id: 51,
      amf_ue_id: 104,
      qos_flow_list: [
        {
          pdu_session_id: 1,
          dl_total_bytes: 14855,
          ul_total_bytes: 8543,
          sst: 1
        },
        {
          pdu_session_id: 2,
          dl_total_bytes: 696632,
          ul_total_bytes: 4964311403,
          sst: 1
        }
      ],
      rnti: 17971,
      cells: [
        {
          cell_id: 1,
          dl_bitrate: 168111,
          ul_bitrate: 135594488,
          dl_tx: 114,
          ul_tx: 1029,
          dl_err: 0,
          ul_err: 0,
          dl_retx: 0,
          ul_retx: 10,
          pusch_snr: 26.5,
          epre: -92.9,
          ul_phr: 6,
          ul_path_loss: 68.5,
          p_ue: 13,
          dl_mcs: 27.9,
          ul_mcs: 25.3,
          ul_n_layer: 1,
          turbo_decoder_min: 1,
          turbo_decoder_avg: 2.307,
          turbo_decoder_max: 5,
          cqi: 15,
          ri: 2,
          ul_rank: 1,
          initial_ta: 1
        }
      ]
    }
  ],
  time: 388.265,
  utc: 1744057129.571
}

