{
  message: ready,
  type: ENB,
  name: ENB,
  version: 2023-06-10,
  time: 403.314,
  utc: 1744057144.611
}
{
  message: ue_get,
  ue_list: [
    {
      ran_ue_id: 58,
      amf_ue_id: 110,
      qos_flow_list: [],
      rnti: 17978,
      cells: [
        {
          cell_id: 1,
          dl_bitrate: 96,
          ul_bitrate: 0,
          dl_tx: 1,
          ul_tx: 0,
          dl_err: 1,
          ul_err: 0,
          dl_retx: 6,
          ul_retx: 0,
          pusch_snr: 28.6,
          epre: -89.7,
          ul_phr: 22,
          ul_path_loss: 77.1,
          p_ue: -1,
          dl_mcs: 11.5,
          cqi: 11,
          ri: 1,
          ul_rank: 1,
          initial_ta: 1
        }
      ]
    },
    {
      ran_ue_id: 51,
      amf_ue_id: 104,
      qos_flow_list: [
        {
          pdu_session_id: 1,
          dl_total_bytes: 14855,
          ul_total_bytes: 8543,
          sst: 1
        },
        {
          pdu_session_id: 2,
          dl_total_bytes: 724164,
          ul_total_bytes: 5173130568,
          sst: 1
        }
      ],
      rnti: 17971,
      cells: [
        {
          cell_id: 1,
          dl_bitrate: 166863,
          ul_bitrate: 110365504,
          dl_tx: 112,
          ul_tx: 1063,
          dl_err: 0,
          ul_err: 0,
          dl_retx: 0,
          ul_retx: 14,
          pusch_snr: 21.9,
          epre: -98.6,
          ul_phr: 13,
          ul_path_loss: 68.7,
          p_ue: 6,
          dl_mcs: 27.9,
          ul_mcs: 20.5,
          ul_n_layer: 1,
          turbo_decoder_min: 1,
          turbo_decoder_avg: 3.181,
          turbo_decoder_max: 5,
          cqi: 15,
          ri: 2,
          ul_rank: 1,
          initial_ta: 1
        }
      ]
    }
  ],
  time: 403.316,
  utc: 1744057144.621
}

