{
  message: ready,
  type: ENB,
  name: ENB,
  version: 2023-06-10,
  time: 117.516,
  utc: 1744097947.708
}
{
  message: ue_get,
  ue_list: [
    {
      ran_ue_id: 3,
      amf_ue_id: 102,
      qos_flow_list: [
        {
          pdu_session_id: 1,
          dl_total_bytes: 14857,
          ul_total_bytes: 8523,
          sst: 1
        },
        {
          pdu_session_id: 2,
          dl_total_bytes: 220662,
          ul_total_bytes: 702290707,
          sst: 1
        }
      ],
      rnti: 17923,
      cells: [
        {
          cell_id: 1,
          dl_bitrate: 130348,
          ul_bitrate: 129644055,
          dl_tx: 91,
          ul_tx: 1376,
          dl_err: 0,
          ul_err: 0,
          dl_retx: 21,
          ul_retx: 4,
          pusch_snr: 18.9,
          epre: -101.8,
          ul_phr: 9,
          ul_path_loss: 92.3,
          p_ue: 10,
          dl_mcs: 22.1,
          ul_mcs: 16.1,
          ul_n_layer: 1,
          turbo_decoder_min: 1,
          turbo_decoder_avg: 2.463,
          turbo_decoder_max: 5,
          cqi: 15,
          ri: 2,
          ul_rank: 1,
          initial_ta: 1
        }
      ]
    }
  ],
  time: 117.518,
  utc: 1744097947.718
}

