{
  message: ready,
  type: ENB,
  name: ENB,
  version: 2023-06-10,
  time: 4444.764,
  utc: 1744843497.342
}
{
  message: ue_get,
  ue_list: [
    {
      ran_ue_id: 2,
      amf_ue_id: 101,
      qos_flow_list: [
        {
          pdu_session_id: 1,
          dl_total_bytes: 13029,
          ul_total_bytes: 11582,
          sst: 1
        },
        {
          pdu_session_id: 2,
          dl_total_bytes: 5200216,
          ul_total_bytes: 1720327706,
          sst: 1
        }
      ],
      rnti: 17922,
      cells: [
        {
          cell_id: 1,
          dl_bitrate: 21626,
          ul_bitrate: 2425178,
          dl_tx: 25,
          ul_tx: 1037,
          dl_err: 0,
          ul_err: 0,
          dl_retx: 1,
          ul_retx: 8,
          pusch_snr: 11.7,
          epre: -109.1,
          ul_phr: -27,
          ul_path_loss: 107.6,
          p_ue: 23,
          dl_mcs: 18,
          ul_mcs: 4,
          ul_n_layer: 1,
          turbo_decoder_min: 1,
          turbo_decoder_avg: 1.478,
          turbo_decoder_max: 5,
          cqi: 12,
          ri: 2,
          ul_rank: 1,
          initial_ta: 1
        }
      ]
    }
  ],
  time: 4444.766,
  utc: 1744843497.353
}

