{
  message: ready,
  type: ENB,
  name: ENB,
  version: 2023-06-10,
  time: 1282.056,
  utc: 1744081662.599
}
{
  message: ue_get,
  ue_list: [
    {
      ran_ue_id: 4,
      amf_ue_id: 103,
      qos_flow_list: [
        {
          pdu_session_id: 1,
          dl_total_bytes: 15041,
          ul_total_bytes: 8741,
          sst: 1
        },
        {
          pdu_session_id: 2,
          dl_total_bytes: 2682190,
          ul_total_bytes: 15983976787,
          sst: 1
        }
      ],
      rnti: 17924,
      cells: [
        {
          cell_id: 1,
          dl_bitrate: 133827,
          ul_bitrate: 120280775,
          dl_tx: 70,
          ul_tx: 950,
          dl_err: 0,
          ul_err: 0,
          dl_retx: 3,
          ul_retx: 15,
          pusch_snr: 23.8,
          epre: -96.6,
          ul_phr: 11,
          ul_path_loss: 68.8,
          p_ue: 8,
          dl_mcs: 23,
          ul_mcs: 20.7,
          ul_n_layer: 1,
          turbo_decoder_min: 1,
          turbo_decoder_avg: 2.163,
          turbo_decoder_max: 5,
          cqi: 15,
          ri: 2,
          ul_rank: 1,
          initial_ta: 1
        }
      ]
    }
  ],
  time: 1282.057,
  utc: 1744081662.61
}

