{
  message: ready,
  type: ENB,
  name: ENB,
  version: 2023-06-10,
  time: 1926.591,
  utc: 1744058667.887
}
{
  message: ue_get,
  ue_list: [
    {
      ran_ue_id: 51,
      amf_ue_id: 104,
      qos_flow_list: [
        {
          pdu_session_id: 1,
          dl_total_bytes: 15223,
          ul_total_bytes: 8947,
          sst: 1
        },
        {
          pdu_session_id: 2,
          dl_total_bytes: 4851140,
          ul_total_bytes: 28214933598,
          sst: 1
        }
      ],
      rnti: 17971,
      cells: [
        {
          cell_id: 1,
          dl_bitrate: 135537,
          ul_bitrate: 122152649,
          dl_tx: 110,
          ul_tx: 1057,
          dl_err: 0,
          ul_err: 0,
          dl_retx: 4,
          ul_retx: 13,
          pusch_snr: 24.2,
          epre: -96.3,
          ul_phr: 12,
          ul_path_loss: 67.8,
          p_ue: 7,
          dl_mcs: 24,
          ul_mcs: 22.4,
          ul_n_layer: 1,
          turbo_decoder_min: 1,
          turbo_decoder_avg: 2.731,
          turbo_decoder_max: 5,
          cqi: 15,
          ri: 2,
          ul_rank: 1,
          initial_ta: 1
        }
      ]
    }
  ],
  time: 1926.593,
  utc: 1744058667.898
}

