{
  message: ready,
  type: ENB,
  name: ENB,
  version: 2023-06-10,
  time: 118.271,
  utc: 1744095016.454
}
{
  message: ue_get,
  ue_list: [
    {
      ran_ue_id: 3,
      amf_ue_id: 102,
      qos_flow_list: [
        {
          pdu_session_id: 1,
          dl_total_bytes: 14917,
          ul_total_bytes: 8600,
          sst: 1
        },
        {
          pdu_session_id: 2,
          dl_total_bytes: 213930,
          ul_total_bytes: 722254010,
          sst: 1
        }
      ],
      rnti: 17923,
      cells: [
        {
          cell_id: 1,
          dl_bitrate: 109767,
          ul_bitrate: 112759925,
          dl_tx: 74,
          ul_tx: 916,
          dl_err: 0,
          ul_err: 0,
          dl_retx: 0,
          ul_retx: 22,
          pusch_snr: 23.3,
          epre: -97.2,
          ul_phr: 2,
          ul_path_loss: 78.8,
          p_ue: 17,
          dl_mcs: 23,
          ul_mcs: 21,
          ul_n_layer: 1,
          turbo_decoder_min: 1,
          turbo_decoder_avg: 2.376,
          turbo_decoder_max: 5,
          cqi: 15,
          ri: 2,
          ul_rank: 1,
          initial_ta: 1
        }
      ]
    }
  ],
  time: 118.273,
  utc: 1744095016.464
}

