{
  message: ready,
  type: ENB,
  name: ENB,
  version: 2023-06-10,
  time: 1553.961,
  utc: 1744079023.905
}
{
  message: ue_get,
  ue_list: [
    {
      ran_ue_id: 3,
      amf_ue_id: 102,
      qos_flow_list: [
        {
          pdu_session_id: 1,
          dl_total_bytes: 15049,
          ul_total_bytes: 8747,
          sst: 1
        },
        {
          pdu_session_id: 2,
          dl_total_bytes: 3535709,
          ul_total_bytes: 13733911685,
          sst: 1
        }
      ],
      rnti: 17923,
      cells: [
        {
          cell_id: 1,
          dl_bitrate: 68901,
          ul_bitrate: 83388461,
          dl_tx: 90,
          ul_tx: 1541,
          dl_err: 0,
          ul_err: 0,
          dl_retx: 15,
          ul_retx: 18,
          pusch_snr: 9.7,
          epre: -111.2,
          ul_phr: -14,
          ul_path_loss: 98.4,
          p_ue: 23,
          dl_mcs: 11.1,
          ul_mcs: 9.1,
          ul_n_layer: 1,
          turbo_decoder_min: 0,
          turbo_decoder_avg: 3.371,
          turbo_decoder_max: 5,
          cqi: 9,
          ri: 2,
          ul_rank: 1,
          initial_ta: 1
        }
      ]
    }
  ],
  time: 1553.963,
  utc: 1744079023.916
}

