{
  message: ready,
  type: ENB,
  name: ENB,
  version: 2023-06-10,
  time: 1577.452,
  utc: 1744079047.395
}
{
  message: ue_get,
  ue_list: [
    {
      ran_ue_id: 19,
      amf_ue_id: 118,
      qos_flow_list: [
        {
          pdu_session_id: 2,
          dl_total_bytes: 595,
          ul_total_bytes: 1036,
          sst: 1
        }
      ],
      rnti: 17939,
      cells: [
        {
          cell_id: 1,
          dl_bitrate: 7,
          ul_bitrate: 10,
          dl_tx: 10,
          ul_tx: 77,
          dl_err: 0,
          ul_err: 0,
          dl_retx: 5,
          ul_retx: 2,
          pusch_snr: 7.4,
          epre: -111.3,
          ul_phr: -27,
          ul_path_loss: 106.6,
          p_ue: 8,
          dl_mcs: 6.9,
          ul_mcs: 4.4,
          ul_n_layer: 1,
          turbo_decoder_min: 1,
          turbo_decoder_avg: 1.38,
          turbo_decoder_max: 5,
          cqi: 6,
          ri: 2,
          ul_rank: 1,
          initial_ta: 2
        }
      ]
    },
    {
      ran_ue_id: 18,
      amf_ue_id: 117,
      qos_flow_list: [
        {
          pdu_session_id: 1,
          dl_total_bytes: 0,
          ul_total_bytes: 0,
          sst: 1
        }
      ],
      rnti: 17938,
      cells: [
        {
          cell_id: 1,
          dl_bitrate: 2494,
          ul_bitrate: 2584,
          dl_tx: 2,
          ul_tx: 2,
          dl_err: 0,
          ul_err: 0,
          dl_retx: 0,
          ul_retx: 1,
          pusch_snr: 20.3,
          epre: -100,
          ul_phr: 1,
          ul_path_loss: 100,
          p_ue: 20,
          dl_mcs: 21,
          ul_mcs: 23,
          ul_n_layer: 1,
          turbo_decoder_min: 2,
          turbo_decoder_avg: 3,
          turbo_decoder_max: 5,
          cqi: 13,
          ri: 2,
          ul_rank: 1,
          initial_ta: 1
        }
      ]
    },
    {
      ran_ue_id: 3,
      amf_ue_id: 102,
      qos_flow_list: [
        {
          pdu_session_id: 1,
          dl_total_bytes: 15049,
          ul_total_bytes: 8747,
          sst: 1
        },
        {
          pdu_session_id: 2,
          dl_total_bytes: 3627257,
          ul_total_bytes: 13976924971,
          sst: 1
        }
      ],
      rnti: 17923,
      cells: [
        {
          cell_id: 1,
          dl_bitrate: 75473,
          ul_bitrate: 83704283,
          dl_tx: 91,
          ul_tx: 1540,
          dl_err: 0,
          ul_err: 0,
          dl_retx: 7,
          ul_retx: 15,
          pusch_snr: 9.8,
          epre: -111.2,
          ul_phr: -14,
          ul_path_loss: 98.5,
          p_ue: 23,
          dl_mcs: 11.7,
          ul_mcs: 9.1,
          ul_n_layer: 1,
          turbo_decoder_min: 1,
          turbo_decoder_avg: 3.402,
          turbo_decoder_max: 5,
          cqi: 9,
          ri: 2,
          ul_rank: 1,
          initial_ta: 1
        }
      ]
    }
  ],
  time: 1577.453,
  utc: 1744079047.406
}

