{
  message: ready,
  type: ENB,
  name: ENB,
  version: 2023-06-10,
  time: 2405.07,
  utc: 1744207343.521
}
{
  message: ue_get,
  ue_list: [
    {
      ran_ue_id: 3,
      amf_ue_id: 102,
      qos_flow_list: [
        {
          pdu_session_id: 1,
          dl_total_bytes: 20634,
          ul_total_bytes: 10030,
          sst: 1
        },
        {
          pdu_session_id: 2,
          dl_total_bytes: 7953601,
          ul_total_bytes: 49525289289,
          sst: 1
        }
      ],
      rnti: 17923,
      cells: [
        {
          cell_id: 1,
          dl_bitrate: 154187,
          ul_bitrate: 143962604,
          dl_tx: 71,
          ul_tx: 901,
          dl_err: 0,
          ul_err: 0,
          dl_retx: 11,
          ul_retx: 8,
          pusch_snr: 27.6,
          epre: -86.5,
          ul_phr: 24,
          ul_path_loss: 68.1,
          p_ue: -5,
          dl_mcs: 22.8,
          ul_mcs: 26.4,
          ul_n_layer: 1,
          turbo_decoder_min: 0,
          turbo_decoder_avg: 2.296,
          turbo_decoder_max: 5,
          cqi: 15,
          ri: 2,
          ul_rank: 1,
          initial_ta: 1
        }
      ]
    }
  ],
  time: 2405.072,
  utc: 1744207343.531
}

