{
  message: ready,
  type: ENB,
  name: ENB,
  version: 2023-06-10,
  time: 448.461,
  utc: 1744196705.312
}
{
  message: ue_get,
  ue_list: [
    {
      ran_ue_id: 3,
      amf_ue_id: 102,
      qos_flow_list: [
        {
          pdu_session_id: 1,
          dl_total_bytes: 14866,
          ul_total_bytes: 8546,
          sst: 1
        },
        {
          pdu_session_id: 2,
          dl_total_bytes: 798667,
          ul_total_bytes: 8112325527,
          sst: 1
        }
      ],
      rnti: 17923,
      cells: [
        {
          cell_id: 1,
          dl_bitrate: 146012,
          ul_bitrate: 178264334,
          dl_tx: 97,
          ul_tx: 1348,
          dl_err: 0,
          ul_err: 0,
          dl_retx: 2,
          ul_retx: 21,
          pusch_snr: 26,
          epre: -94.8,
          ul_phr: 0,
          ul_path_loss: 77.9,
          p_ue: 19,
          dl_mcs: 23.1,
          ul_mcs: 22.3,
          ul_n_layer: 1,
          turbo_decoder_min: 0,
          turbo_decoder_avg: 2.285,
          turbo_decoder_max: 5,
          cqi: 15,
          ri: 2,
          ul_rank: 1,
          initial_ta: 0
        }
      ]
    }
  ],
  time: 448.463,
  utc: 1744196705.323
}

