{
  message: ready,
  type: ENB,
  name: ENB,
  version: 2023-06-10,
  time: 676.691,
  utc: 1743862846.947
}
{
  message: ue_get,
  ue_list: [
    {
      ran_ue_id: 3,
      amf_ue_id: 102,
      qos_flow_list: [
        {
          pdu_session_id: 1,
          dl_total_bytes: 14866,
          ul_total_bytes: 8540,
          sst: 1
        },
        {
          pdu_session_id: 2,
          dl_total_bytes: 996317,
          ul_total_bytes: 13101437044,
          sst: 1
        }
      ],
      rnti: 17923,
      cells: [
        {
          cell_id: 1,
          dl_bitrate: 154515,
          ul_bitrate: 170227229,
          dl_tx: 91,
          ul_tx: 1256,
          dl_err: 0,
          ul_err: 0,
          dl_retx: 0,
          ul_retx: 31,
          pusch_snr: 24.8,
          epre: -95.3,
          ul_phr: 10,
          ul_path_loss: 69.2,
          p_ue: 9,
          dl_mcs: 23.2,
          ul_mcs: 22.4,
          ul_n_layer: 1,
          turbo_decoder_min: 1,
          turbo_decoder_avg: 2.67,
          turbo_decoder_max: 5,
          cqi: 15,
          ri: 2,
          ul_rank: 1,
          initial_ta: 2
        }
      ]
    }
  ],
  time: 676.692,
  utc: 1743862846.958
}

