{
  message: ready,
  type: ENB,
  name: ENB,
  version: 2023-06-10,
  time: 598.811,
  utc: 1744199716.181
}
{
  message: ue_get,
  ue_list: [
    {
      ran_ue_id: 4,
      amf_ue_id: 103,
      qos_flow_list: [
        {
          pdu_session_id: 1,
          dl_total_bytes: 14865,
          ul_total_bytes: 8545,
          sst: 1
        },
        {
          pdu_session_id: 2,
          dl_total_bytes: 1059364,
          ul_total_bytes: 9834692793,
          sst: 1
        }
      ],
      rnti: 17924,
      cells: [
        {
          cell_id: 1,
          dl_bitrate: 120869,
          ul_bitrate: 175418780,
          dl_tx: 89,
          ul_tx: 1612,
          dl_err: 0,
          ul_err: 0,
          dl_retx: 4,
          ul_retx: 15,
          pusch_snr: 19.5,
          epre: -101.2,
          ul_phr: -3,
          ul_path_loss: 87.4,
          p_ue: 22,
          dl_mcs: 21,
          ul_mcs: 18,
          ul_n_layer: 1,
          turbo_decoder_min: 1,
          turbo_decoder_avg: 3.042,
          turbo_decoder_max: 5,
          cqi: 14,
          ri: 2,
          ul_rank: 1,
          initial_ta: 1
        }
      ]
    }
  ],
  time: 598.812,
  utc: 1744199716.192
}

