{
  message: ready,
  type: ENB,
  name: ENB,
  version: 2023-06-10,
  time: 614.945,
  utc: 1744199732.316
}
{
  message: ue_get,
  ue_list: [
    {
      ran_ue_id: 4,
      amf_ue_id: 103,
      qos_flow_list: [
        {
          pdu_session_id: 1,
          dl_total_bytes: 14865,
          ul_total_bytes: 8545,
          sst: 1
        },
        {
          pdu_session_id: 2,
          dl_total_bytes: 1089060,
          ul_total_bytes: 10184898077,
          sst: 1
        }
      ],
      rnti: 17924,
      cells: [
        {
          cell_id: 1,
          dl_bitrate: 127471,
          ul_bitrate: 175032907,
          dl_tx: 95,
          ul_tx: 1607,
          dl_err: 0,
          ul_err: 0,
          dl_retx: 1,
          ul_retx: 16,
          pusch_snr: 19.7,
          epre: -101,
          ul_phr: -3,
          ul_path_loss: 87.4,
          p_ue: 22,
          dl_mcs: 20.8,
          ul_mcs: 18,
          ul_n_layer: 1,
          turbo_decoder_min: 1,
          turbo_decoder_avg: 2.994,
          turbo_decoder_max: 5,
          cqi: 14,
          ri: 2,
          ul_rank: 1,
          initial_ta: 1
        }
      ]
    }
  ],
  time: 614.947,
  utc: 1744199732.326
}

