{
  message: ready,
  type: ENB,
  name: ENB,
  version: 2023-06-10,
  time: 1405.265,
  utc: 1744069860.799
}
{
  message: ue_get,
  ue_list: [
    {
      ran_ue_id: 4,
      amf_ue_id: 103,
      qos_flow_list: [
        {
          pdu_session_id: 1,
          dl_total_bytes: 15121,
          ul_total_bytes: 9548,
          sst: 1
        },
        {
          pdu_session_id: 2,
          dl_total_bytes: 3087825,
          ul_total_bytes: 18483978367,
          sst: 1
        }
      ],
      rnti: 17924,
      cells: [
        {
          cell_id: 1,
          dl_bitrate: 168342,
          ul_bitrate: 134981320,
          dl_tx: 83,
          ul_tx: 1122,
          dl_err: 0,
          ul_err: 0,
          dl_retx: 1,
          ul_retx: 0,
          pusch_snr: 24.2,
          epre: -96.4,
          ul_phr: 11,
          ul_path_loss: 68.7,
          p_ue: 8,
          dl_mcs: 26.1,
          ul_mcs: 20.7,
          ul_n_layer: 1,
          turbo_decoder_min: 1,
          turbo_decoder_avg: 2.178,
          turbo_decoder_max: 5,
          cqi: 14,
          ri: 2,
          ul_rank: 1,
          initial_ta: 1
        }
      ]
    }
  ],
  time: 1405.266,
  utc: 1744069860.81
}

