{
  message: ready,
  type: ENB,
  name: ENB,
  version: 2023-06-10,
  time: 1353.782,
  utc: 1744186051.164
}
{
  message: ue_get,
  ue_list: [
    {
      ran_ue_id: 3,
      amf_ue_id: 102,
      qos_flow_list: [
        {
          pdu_session_id: 1,
          dl_total_bytes: 15049,
          ul_total_bytes: 8747,
          sst: 1
        },
        {
          pdu_session_id: 2,
          dl_total_bytes: 2955705,
          ul_total_bytes: 28074240929,
          sst: 1
        }
      ],
      rnti: 17923,
      cells: [
        {
          cell_id: 1,
          dl_bitrate: 139795,
          ul_bitrate: 143865354,
          dl_tx: 79,
          ul_tx: 1027,
          dl_err: 0,
          ul_err: 0,
          dl_retx: 0,
          ul_retx: 1,
          pusch_snr: 25.7,
          epre: -94.4,
          ul_phr: 19,
          ul_path_loss: 77.8,
          p_ue: 0,
          dl_mcs: 23,
          ul_mcs: 23.1,
          ul_n_layer: 1,
          turbo_decoder_min: 0,
          turbo_decoder_avg: 2.345,
          turbo_decoder_max: 5,
          cqi: 15,
          ri: 2,
          ul_rank: 1,
          initial_ta: 1
        }
      ]
    }
  ],
  time: 1353.784,
  utc: 1744186051.175
}

