{
  message: ready,
  type: ENB,
  name: ENB,
  version: 2023-06-10,
  time: 2657.72,
  utc: 1744053528.896
}
{
  message: ue_get,
  ue_list: [
    {
      ran_ue_id: 38,
      amf_ue_id: 131,
      qos_flow_list: [
        {
          pdu_session_id: 2,
          dl_total_bytes: 128,
          ul_total_bytes: 134,
          sst: 1
        }
      ],
      rnti: 17958,
      cells: [
        {
          cell_id: 1,
          dl_bitrate: 1027,
          ul_bitrate: 0,
          dl_tx: 2,
          ul_tx: 0,
          dl_err: 0,
          ul_err: 0,
          dl_retx: 0,
          ul_retx: 0,
          pusch_snr: 6.4,
          epre: -114.1,
          ul_phr: -15,
          ul_path_loss: 107.3,
          p_ue: 8,
          dl_mcs: 13,
          cqi: 9,
          ri: 2,
          ul_rank: 1,
          initial_ta: 1
        }
      ]
    },
    {
      ran_ue_id: 5,
      amf_ue_id: 104,
      qos_flow_list: [
        {
          pdu_session_id: 1,
          dl_total_bytes: 9831,
          ul_total_bytes: 7861,
          sst: 1
        },
        {
          pdu_session_id: 2,
          dl_total_bytes: 9344893,
          ul_total_bytes: 29662549748,
          sst: 1
        }
      ],
      rnti: 17925,
      cells: [
        {
          cell_id: 1,
          dl_bitrate: 177951,
          ul_bitrate: 99148983,
          dl_tx: 114,
          ul_tx: 1061,
          dl_err: 0,
          ul_err: 0,
          dl_retx: 1,
          ul_retx: 11,
          pusch_snr: 19,
          epre: -101.7,
          ul_phr: -6,
          ul_path_loss: 87.8,
          p_ue: 22,
          dl_mcs: 24.6,
          ul_mcs: 18.1,
          ul_n_layer: 1,
          turbo_decoder_min: 1,
          turbo_decoder_avg: 2.995,
          turbo_decoder_max: 5,
          cqi: 15,
          ri: 2,
          ul_rank: 1,
          initial_ta: 2
        }
      ]
    }
  ],
  time: 2657.721,
  utc: 1744053528.907
}

