{
  message: ready,
  type: ENB,
  name: ENB,
  version: 2023-06-10,
  time: 1932.718,
  utc: 1744067359.813
}
{
  message: ue_get,
  ue_list: [
    {
      ran_ue_id: 3,
      amf_ue_id: 102,
      qos_flow_list: [
        {
          pdu_session_id: 1,
          dl_total_bytes: 15233,
          ul_total_bytes: 8949,
          sst: 1
        },
        {
          pdu_session_id: 2,
          dl_total_bytes: 4639145,
          ul_total_bytes: 10258403362,
          sst: 1
        }
      ],
      rnti: 17923,
      cells: [
        {
          cell_id: 1,
          dl_bitrate: 126833,
          ul_bitrate: 44866963,
          dl_tx: 104,
          ul_tx: 1077,
          dl_err: 0,
          ul_err: 0,
          dl_retx: 20,
          ul_retx: 0,
          pusch_snr: 9.5,
          epre: -111.5,
          ul_phr: -19,
          ul_path_loss: 97.9,
          p_ue: 23,
          dl_mcs: 20,
          ul_mcs: 8,
          ul_n_layer: 1,
          turbo_decoder_min: 2,
          turbo_decoder_avg: 3.036,
          turbo_decoder_max: 4,
          cqi: 13,
          ri: 2,
          ul_rank: 1,
          initial_ta: 1
        }
      ]
    }
  ],
  time: 1932.72,
  utc: 1744067359.824
}

