{
  message: ready,
  type: ENB,
  name: ENB,
  version: 2023-06-10,
  time: 1874.264,
  utc: 1744096772.446
}
{
  message: ue_get,
  ue_list: [
    {
      ran_ue_id: 3,
      amf_ue_id: 102,
      qos_flow_list: [
        {
          pdu_session_id: 1,
          dl_total_bytes: 15285,
          ul_total_bytes: 9004,
          sst: 1
        },
        {
          pdu_session_id: 2,
          dl_total_bytes: 4586184,
          ul_total_bytes: 24581721915,
          sst: 1
        }
      ],
      rnti: 17923,
      cells: [
        {
          cell_id: 1,
          dl_bitrate: 89253,
          ul_bitrate: 109339753,
          dl_tx: 59,
          ul_tx: 764,
          dl_err: 0,
          ul_err: 0,
          dl_retx: 3,
          ul_retx: 0,
          pusch_snr: 25.4,
          epre: -94.6,
          ul_phr: 18,
          ul_path_loss: 79.1,
          p_ue: 1,
          dl_mcs: 23,
          ul_mcs: 23,
          ul_n_layer: 1,
          turbo_decoder_min: 1,
          turbo_decoder_avg: 2.223,
          turbo_decoder_max: 4,
          cqi: 15,
          ri: 2,
          ul_rank: 1,
          initial_ta: 1
        }
      ]
    }
  ],
  time: 1874.266,
  utc: 1744096772.456
}

