{
  message: ready,
  type: ENB,
  name: ENB,
  version: 2023-06-10,
  time: 693.153,
  utc: 1743796926.957
}
{
  message: ue_get,
  ue_list: [
    {
      ran_ue_id: 4,
      amf_ue_id: 103,
      qos_flow_list: [
        {
          pdu_session_id: 1,
          dl_total_bytes: 14874,
          ul_total_bytes: 8540,
          sst: 1
        },
        {
          pdu_session_id: 2,
          dl_total_bytes: 1035533,
          ul_total_bytes: 19382262295,
          sst: 1
        }
      ],
      rnti: 17924,
      cells: [
        {
          cell_id: 1,
          dl_bitrate: 152390,
          ul_bitrate: 262018544,
          dl_tx: 90,
          ul_tx: 1599,
          dl_err: 0,
          ul_err: 0,
          dl_retx: 0,
          ul_retx: 15,
          pusch_snr: 30.1,
          epre: -88.3,
          ul_phr: 3,
          ul_path_loss: 68.6,
          p_ue: 16,
          dl_mcs: 25,
          ul_mcs: 26,
          ul_n_layer: 1,
          turbo_decoder_min: 1,
          turbo_decoder_avg: 2.243,
          turbo_decoder_max: 5,
          cqi: 14,
          ri: 2,
          ul_rank: 1,
          initial_ta: 1
        }
      ]
    }
  ],
  time: 693.155,
  utc: 1743796926.968
}

