{
  message: ready,
  type: ENB,
  name: ENB,
  version: 2023-06-10,
  time: 2390.152,
  utc: 1744064868.457
}
{
  message: ue_get,
  ue_list: [
    {
      ran_ue_id: 5,
      amf_ue_id: 104,
      qos_flow_list: [
        {
          pdu_session_id: 1,
          dl_total_bytes: 9833,
          ul_total_bytes: 7841,
          sst: 1
        },
        {
          pdu_session_id: 2,
          dl_total_bytes: 7374198,
          ul_total_bytes: 26291437229,
          sst: 1
        }
      ],
      rnti: 17925,
      cells: [
        {
          cell_id: 1,
          dl_bitrate: 149851,
          ul_bitrate: 99165293,
          dl_tx: 115,
          ul_tx: 1061,
          dl_err: 0,
          ul_err: 0,
          dl_retx: 6,
          ul_retx: 14,
          pusch_snr: 18.4,
          epre: -102.1,
          ul_phr: -8,
          ul_path_loss: 88.3,
          p_ue: 22,
          dl_mcs: 18,
          ul_mcs: 18.2,
          ul_n_layer: 1,
          turbo_decoder_min: 1,
          turbo_decoder_avg: 3.085,
          turbo_decoder_max: 5,
          cqi: 12,
          ri: 2,
          ul_rank: 1,
          initial_ta: 1
        }
      ]
    }
  ],
  time: 2390.154,
  utc: 1744064868.468
}

