{
  message: ready,
  type: ENB,
  name: ENB,
  version: 2023-06-10,
  time: 2655.865,
  utc: 1744085947.538
}
{
  message: ue_get,
  ue_list: [
    {
      ran_ue_id: 5,
      amf_ue_id: 104,
      qos_flow_list: [
        {
          pdu_session_id: 1,
          dl_total_bytes: 9833,
          ul_total_bytes: 7857,
          sst: 1
        },
        {
          pdu_session_id: 2,
          dl_total_bytes: 9212368,
          ul_total_bytes: 33846168335,
          sst: 1
        }
      ],
      rnti: 17925,
      cells: [
        {
          cell_id: 1,
          dl_bitrate: 75543,
          ul_bitrate: 77293576,
          dl_tx: 49,
          ul_tx: 576,
          dl_err: 0,
          ul_err: 0,
          dl_retx: 2,
          ul_retx: 1,
          pusch_snr: 25.6,
          epre: -94.7,
          ul_phr: 17,
          ul_path_loss: 79.8,
          p_ue: 2,
          dl_mcs: 22.5,
          ul_mcs: 22.1,
          ul_n_layer: 1,
          turbo_decoder_min: 1,
          turbo_decoder_avg: 2.061,
          turbo_decoder_max: 5,
          cqi: 15,
          ri: 2,
          ul_rank: 1,
          initial_ta: 0
        }
      ]
    }
  ],
  time: 2655.867,
  utc: 1744085947.549
}

