{
  message: ready,
  type: ENB,
  name: ENB,
  version: 2023-06-10,
  time: 2747.391,
  utc: 1744199004.242
}
{
  message: ue_get,
  ue_list: [
    {
      ran_ue_id: 43,
      amf_ue_id: 142,
      qos_flow_list: [],
      rnti: 17963,
      cells: [
        {
          cell_id: 1,
          dl_bitrate: 0,
          ul_bitrate: 0,
          dl_tx: 0,
          ul_tx: 0,
          dl_err: 0,
          ul_err: 0,
          dl_retx: 0,
          ul_retx: 0,
          pusch_snr: 8.9,
          epre: -112.1,
          ul_phr: -20,
          ul_path_loss: 124.6,
          p_ue: 24,
          cqi: 5,
          ri: 1,
          ul_rank: 1,
          initial_ta: 1
        }
      ]
    },
    {
      ran_ue_id: 3,
      amf_ue_id: 102,
      qos_flow_list: [
        {
          pdu_session_id: 1,
          dl_total_bytes: 15234,
          ul_total_bytes: 8950,
          sst: 1
        },
        {
          pdu_session_id: 2,
          dl_total_bytes: 10190211,
          ul_total_bytes: 57060743739,
          sst: 1
        }
      ],
      rnti: 17923,
      cells: [
        {
          cell_id: 1,
          dl_bitrate: 128684,
          ul_bitrate: 186748869,
          dl_tx: 88,
          ul_tx: 1363,
          dl_err: 0,
          ul_err: 0,
          dl_retx: 0,
          ul_retx: 19,
          pusch_snr: 27.5,
          epre: -91.9,
          ul_phr: 18,
          ul_path_loss: 77.5,
          p_ue: 1,
          dl_mcs: 23.1,
          ul_mcs: 22.9,
          ul_n_layer: 1,
          turbo_decoder_min: 1,
          turbo_decoder_avg: 2.334,
          turbo_decoder_max: 5,
          cqi: 15,
          ri: 2,
          ul_rank: 1,
          initial_ta: 0
        }
      ]
    }
  ],
  time: 2747.393,
  utc: 1744199004.253
}

