{
  message: ready,
  type: ENB,
  name: ENB,
  version: 2023-06-10,
  time: 2723.827,
  utc: 1744198980.678
}
{
  message: ue_get,
  ue_list: [
    {
      ran_ue_id: 3,
      amf_ue_id: 102,
      qos_flow_list: [
        {
          pdu_session_id: 1,
          dl_total_bytes: 15234,
          ul_total_bytes: 8950,
          sst: 1
        },
        {
          pdu_session_id: 2,
          dl_total_bytes: 10013362,
          ul_total_bytes: 56545186652,
          sst: 1
        }
      ],
      rnti: 17923,
      cells: [
        {
          cell_id: 1,
          dl_bitrate: 189423,
          ul_bitrate: 164924823,
          dl_tx: 81,
          ul_tx: 1237,
          dl_err: 0,
          ul_err: 0,
          dl_retx: 1,
          ul_retx: 0,
          pusch_snr: 26,
          epre: -95.3,
          ul_phr: 1,
          ul_path_loss: 77.9,
          p_ue: 18,
          dl_mcs: 24,
          ul_mcs: 21.7,
          ul_n_layer: 1,
          turbo_decoder_min: 1,
          turbo_decoder_avg: 2.328,
          turbo_decoder_max: 5,
          cqi: 15,
          ri: 2,
          ul_rank: 1,
          initial_ta: 0
        }
      ]
    }
  ],
  time: 2723.829,
  utc: 1744198980.688
}

