{
  message: ready,
  type: ENB,
  name: ENB,
  version: 2023-06-10,
  time: 321.884,
  utc: 1743799577.617
}
{
  message: ue_get,
  ue_list: [
    {
      ran_ue_id: 9,
      amf_ue_id: 108,
      qos_flow_list: [
        {
          pdu_session_id: 2,
          dl_total_bytes: 0,
          ul_total_bytes: 122,
          sst: 1
        }
      ],
      rnti: 17929,
      cells: [
        {
          cell_id: 1,
          dl_bitrate: 4871,
          ul_bitrate: 1623,
          dl_tx: 3,
          ul_tx: 1,
          dl_err: 0,
          ul_err: 0,
          dl_retx: 2,
          ul_retx: 1,
          pusch_snr: 25.5,
          epre: -92.7,
          ul_phr: 10,
          ul_path_loss: 75.1,
          p_ue: -2,
          dl_mcs: 24.3,
          ul_mcs: 21,
          ul_n_layer: 1,
          turbo_decoder_min: 2,
          turbo_decoder_avg: 3.5,
          turbo_decoder_max: 5,
          cqi: 13,
          ri: 2,
          ul_rank: 1,
          initial_ta: 0
        }
      ]
    },
    {
      ran_ue_id: 4,
      amf_ue_id: 103,
      qos_flow_list: [
        {
          pdu_session_id: 1,
          dl_total_bytes: 14933,
          ul_total_bytes: 8578,
          sst: 1
        },
        {
          pdu_session_id: 2,
          dl_total_bytes: 499320,
          ul_total_bytes: 7847848711,
          sst: 1
        }
      ],
      rnti: 17924,
      cells: [
        {
          cell_id: 1,
          dl_bitrate: 140123,
          ul_bitrate: 262059232,
          dl_tx: 92,
          ul_tx: 1587,
          dl_err: 0,
          ul_err: 0,
          dl_retx: 11,
          ul_retx: 15,
          pusch_snr: 30.8,
          epre: -85.3,
          ul_phr: 0,
          ul_path_loss: 68.5,
          p_ue: 19,
          dl_mcs: 23,
          ul_mcs: 26.4,
          ul_n_layer: 1,
          turbo_decoder_min: 1,
          turbo_decoder_avg: 2.169,
          turbo_decoder_max: 5,
          cqi: 15,
          ri: 2,
          ul_rank: 1,
          initial_ta: 1
        }
      ]
    }
  ],
  time: 321.886,
  utc: 1743799577.628
}

