{
  message: ready,
  type: ENB,
  name: ENB,
  version: 2023-06-10,
  time: 2720.016,
  utc: 1744077328.169
}
{
  message: ue_get,
  ue_list: [
    {
      ran_ue_id: 4,
      amf_ue_id: 103,
      qos_flow_list: [
        {
          pdu_session_id: 1,
          dl_total_bytes: 15233,
          ul_total_bytes: 8943,
          sst: 1
        },
        {
          pdu_session_id: 2,
          dl_total_bytes: 9953128,
          ul_total_bytes: 42516098342,
          sst: 1
        }
      ],
      rnti: 17924,
      cells: [
        {
          cell_id: 1,
          dl_bitrate: 148066,
          ul_bitrate: 96998639,
          dl_tx: 70,
          ul_tx: 949,
          dl_err: 0,
          ul_err: 0,
          dl_retx: 8,
          ul_retx: 5,
          pusch_snr: 22.7,
          epre: -97.6,
          ul_phr: -6,
          ul_path_loss: 88.1,
          p_ue: 22,
          dl_mcs: 21,
          ul_mcs: 17.5,
          ul_n_layer: 1,
          turbo_decoder_min: 1,
          turbo_decoder_avg: 2.668,
          turbo_decoder_max: 5,
          cqi: 14,
          ri: 2,
          ul_rank: 1,
          initial_ta: 0
        }
      ]
    }
  ],
  time: 2720.018,
  utc: 1744077328.181
}

