{
  message: ready,
  type: ENB,
  name: ENB,
  version: 2023-06-10,
  time: 454.227,
  utc: 1744060062.552
}
{
  message: ue_get,
  ue_list: [
    {
      ran_ue_id: 3,
      amf_ue_id: 102,
      qos_flow_list: [
        {
          pdu_session_id: 1,
          dl_total_bytes: 14849,
          ul_total_bytes: 8539,
          sst: 1
        },
        {
          pdu_session_id: 2,
          dl_total_bytes: 812154,
          ul_total_bytes: 6329650897,
          sst: 1
        }
      ],
      rnti: 17923,
      cells: [
        {
          cell_id: 1,
          dl_bitrate: 171661,
          ul_bitrate: 122825406,
          dl_tx: 115,
          ul_tx: 1061,
          dl_err: 0,
          ul_err: 0,
          dl_retx: 0,
          ul_retx: 13,
          pusch_snr: 24.1,
          epre: -96.4,
          ul_phr: 1,
          ul_path_loss: 78.3,
          p_ue: 18,
          dl_mcs: 27.9,
          ul_mcs: 22.5,
          ul_n_layer: 1,
          turbo_decoder_min: 1,
          turbo_decoder_avg: 2.668,
          turbo_decoder_max: 5,
          cqi: 15,
          ri: 2,
          ul_rank: 1,
          initial_ta: 1
        }
      ]
    }
  ],
  time: 454.228,
  utc: 1744060062.563
}

