{
  message: ready,
  type: ENB,
  name: ENB,
  version: 2023-06-10,
  time: 2636.453,
  utc: 1744190196.595
}
{
  message: ue_get,
  ue_list: [
    {
      ran_ue_id: 4,
      amf_ue_id: 103,
      qos_flow_list: [
        {
          pdu_session_id: 1,
          dl_total_bytes: 15234,
          ul_total_bytes: 8944,
          sst: 1
        },
        {
          pdu_session_id: 2,
          dl_total_bytes: 9341905,
          ul_total_bytes: 53381231930,
          sst: 1
        }
      ],
      rnti: 17924,
      cells: [
        {
          cell_id: 1,
          dl_bitrate: 173697,
          ul_bitrate: 174065054,
          dl_tx: 88,
          ul_tx: 1589,
          dl_err: 0,
          ul_err: 0,
          dl_retx: 27,
          ul_retx: 18,
          pusch_snr: 19.4,
          epre: -101.6,
          ul_phr: -7,
          ul_path_loss: 87.8,
          p_ue: 22,
          dl_mcs: 21.2,
          ul_mcs: 18,
          ul_n_layer: 1,
          turbo_decoder_min: 1,
          turbo_decoder_avg: 3.049,
          turbo_decoder_max: 5,
          cqi: 14,
          ri: 2,
          ul_rank: 1,
          initial_ta: 1
        }
      ]
    }
  ],
  time: 2636.455,
  utc: 1744190196.606
}

