{
  message: ready,
  type: ENB,
  name: ENB,
  version: 2023-06-10,
  time: 3123.365,
  utc: 1744842175.943
}
{
  message: ue_get,
  ue_list: [
    {
      ran_ue_id: 2,
      amf_ue_id: 101,
      qos_flow_list: [
        {
          pdu_session_id: 1,
          dl_total_bytes: 7961,
          ul_total_bytes: 7863,
          sst: 1
        },
        {
          pdu_session_id: 2,
          dl_total_bytes: 2265033,
          ul_total_bytes: 1179471820,
          sst: 1
        }
      ],
      rnti: 17922,
      cells: [
        {
          cell_id: 1,
          dl_bitrate: 86996,
          ul_bitrate: 4990068,
          dl_tx: 33,
          ul_tx: 1040,
          dl_err: 0,
          ul_err: 0,
          dl_retx: 1,
          ul_retx: 4,
          pusch_snr: 9.8,
          epre: -110.7,
          ul_phr: -32,
          ul_path_loss: 108,
          p_ue: 23,
          dl_mcs: 18,
          ul_mcs: 4,
          ul_n_layer: 1,
          turbo_decoder_min: 0,
          turbo_decoder_avg: 2.172,
          turbo_decoder_max: 5,
          cqi: 12,
          ri: 2,
          ul_rank: 1,
          initial_ta: 1
        }
      ]
    }
  ],
  time: 3123.367,
  utc: 1744842175.954
}

