{
  message: ready,
  type: ENB,
  name: ENB,
  version: 2023-06-10,
  time: 3138.02,
  utc: 1744842190.597
}
{
  message: ue_get,
  ue_list: [
    {
      ran_ue_id: 2,
      amf_ue_id: 101,
      qos_flow_list: [
        {
          pdu_session_id: 1,
          dl_total_bytes: 7961,
          ul_total_bytes: 7863,
          sst: 1
        },
        {
          pdu_session_id: 2,
          dl_total_bytes: 2294220,
          ul_total_bytes: 1185709805,
          sst: 1
        }
      ],
      rnti: 17922,
      cells: [
        {
          cell_id: 1,
          dl_bitrate: 20801,
          ul_bitrate: 3432198,
          dl_tx: 25,
          ul_tx: 1034,
          dl_err: 0,
          ul_err: 0,
          dl_retx: 0,
          ul_retx: 14,
          pusch_snr: 11.2,
          epre: -110.2,
          ul_phr: -23,
          ul_path_loss: 111.1,
          p_ue: 23,
          dl_mcs: 18,
          ul_mcs: 4,
          ul_n_layer: 1,
          turbo_decoder_min: 1,
          turbo_decoder_avg: 1.821,
          turbo_decoder_max: 5,
          cqi: 12,
          ri: 2,
          ul_rank: 1,
          initial_ta: 1
        }
      ]
    }
  ],
  time: 3138.022,
  utc: 1744842190.609
}

