{
  message: ready,
  type: ENB,
  name: ENB,
  version: 2023-06-10,
  time: 515.019,
  utc: 1744193895.37
}
{
  message: ue_get,
  ue_list: [
    {
      ran_ue_id: 15,
      amf_ue_id: 114,
      qos_flow_list: [
        {
          pdu_session_id: 1,
          dl_total_bytes: 0,
          ul_total_bytes: 0,
          sst: 1
        }
      ],
      rnti: 17935,
      cells: [
        {
          cell_id: 1,
          dl_bitrate: 3332,
          ul_bitrate: 0,
          dl_tx: 2,
          ul_tx: 0,
          dl_err: 0,
          ul_err: 0,
          dl_retx: 0,
          ul_retx: 0,
          pusch_snr: 29.4,
          epre: -89.6,
          ul_phr: 22,
          ul_path_loss: 72.1,
          p_ue: -4,
          dl_mcs: 26,
          cqi: 15,
          ri: 2,
          ul_rank: 1,
          initial_ta: 0
        }
      ]
    },
    {
      ran_ue_id: 4,
      amf_ue_id: 103,
      qos_flow_list: [
        {
          pdu_session_id: 1,
          dl_total_bytes: 15708,
          ul_total_bytes: 8645,
          sst: 1
        },
        {
          pdu_session_id: 2,
          dl_total_bytes: 923162,
          ul_total_bytes: 8694611882,
          sst: 1
        }
      ],
      rnti: 17924,
      cells: [
        {
          cell_id: 1,
          dl_bitrate: 160790,
          ul_bitrate: 194930318,
          dl_tx: 95,
          ul_tx: 1526,
          dl_err: 0,
          ul_err: 0,
          dl_retx: 1,
          ul_retx: 14,
          pusch_snr: 21.9,
          epre: -98.4,
          ul_phr: 13,
          ul_path_loss: 68.6,
          p_ue: 6,
          dl_mcs: 24.6,
          ul_mcs: 21,
          ul_n_layer: 1,
          turbo_decoder_min: 0,
          turbo_decoder_avg: 2.904,
          turbo_decoder_max: 5,
          cqi: 15,
          ri: 2,
          ul_rank: 1,
          initial_ta: 0
        }
      ]
    }
  ],
  time: 515.021,
  utc: 1744193895.381
}

