{
  message: ready,
  type: ENB,
  name: ENB,
  version: 2023-06-10,
  time: 75.66,
  utc: 1744086298.003
}
{
  message: ue_get,
  ue_list: [
    {
      ran_ue_id: 6,
      amf_ue_id: 105,
      qos_flow_list: [
        {
          pdu_session_id: 2,
          dl_total_bytes: 18498,
          ul_total_bytes: 25315,
          sst: 1
        }
      ],
      rnti: 17926,
      cells: [
        {
          cell_id: 1,
          dl_bitrate: 1239,
          ul_bitrate: 0,
          dl_tx: 3,
          ul_tx: 0,
          dl_err: 0,
          ul_err: 0,
          dl_retx: 0,
          ul_retx: 0,
          pusch_snr: 4.7,
          epre: -117.1,
          ul_phr: -18,
          ul_path_loss: 103.4,
          p_ue: 8,
          dl_mcs: 6,
          cqi: 6,
          ri: 2,
          ul_rank: 1,
          initial_ta: 1
        }
      ]
    },
    {
      ran_ue_id: 3,
      amf_ue_id: 102,
      qos_flow_list: [
        {
          pdu_session_id: 1,
          dl_total_bytes: 14865,
          ul_total_bytes: 8545,
          sst: 1
        },
        {
          pdu_session_id: 2,
          dl_total_bytes: 149813,
          ul_total_bytes: 150078453,
          sst: 1
        }
      ],
      rnti: 17923,
      cells: [
        {
          cell_id: 1,
          dl_bitrate: 129478,
          ul_bitrate: 134857434,
          dl_tx: 92,
          ul_tx: 1284,
          dl_err: 0,
          ul_err: 0,
          dl_retx: 41,
          ul_retx: 20,
          pusch_snr: 18.7,
          epre: -101.8,
          ul_phr: -3,
          ul_path_loss: 88,
          p_ue: 22,
          dl_mcs: 22.1,
          ul_mcs: 17.6,
          ul_n_layer: 1,
          turbo_decoder_min: 0,
          turbo_decoder_avg: 2.762,
          turbo_decoder_max: 5,
          cqi: 15,
          ri: 2,
          ul_rank: 1,
          initial_ta: 1
        }
      ]
    }
  ],
  time: 75.662,
  utc: 1744086298.014
}

