{
  message: ready,
  type: ENB,
  name: ENB,
  version: 2023-06-10,
  time: 1923.354,
  utc: 1744108423.724
}
{
  message: ue_get,
  ue_list: [
    {
      ran_ue_id: 6,
      amf_ue_id: 105,
      qos_flow_list: [
        {
          pdu_session_id: 1,
          dl_total_bytes: 9649,
          ul_total_bytes: 7655,
          sst: 1
        },
        {
          pdu_session_id: 2,
          dl_total_bytes: 4635408,
          ul_total_bytes: 28031217691,
          sst: 1
        }
      ],
      rnti: 17926,
      cells: [
        {
          cell_id: 1,
          dl_bitrate: 118407,
          ul_bitrate: 101917550,
          dl_tx: 68,
          ul_tx: 734,
          dl_err: 0,
          ul_err: 0,
          dl_retx: 9,
          ul_retx: 2,
          pusch_snr: 25.3,
          epre: -94.5,
          ul_phr: 20,
          ul_path_loss: 78,
          p_ue: -1,
          dl_mcs: 22.4,
          ul_mcs: 22.8,
          ul_n_layer: 1,
          turbo_decoder_min: 1,
          turbo_decoder_avg: 2.306,
          turbo_decoder_max: 5,
          cqi: 14,
          ri: 2,
          ul_rank: 1,
          initial_ta: 1
        }
      ]
    }
  ],
  time: 1923.356,
  utc: 1744108423.735
}

