{
  message: ready,
  type: ENB,
  name: ENB,
  version: 2023-06-10,
  time: 529.695,
  utc: 1744857898.521
}
{
  message: ue_get,
  ue_list: [
    {
      ran_ue_id: 4,
      amf_ue_id: 103,
      qos_flow_list: [
        {
          pdu_session_id: 1,
          dl_total_bytes: 7410,
          ul_total_bytes: 7252,
          sst: 1
        },
        {
          pdu_session_id: 2,
          dl_total_bytes: 312605,
          ul_total_bytes: 5295372681,
          sst: 1
        }
      ],
      rnti: 17924,
      cells: [
        {
          cell_id: 1,
          dl_bitrate: 99870,
          ul_bitrate: 104217964,
          dl_tx: 70,
          ul_tx: 1058,
          dl_err: 0,
          ul_err: 0,
          dl_retx: 0,
          ul_retx: 1,
          pusch_snr: 27.9,
          epre: -90.7,
          ul_phr: -10,
          ul_path_loss: 77.3,
          p_ue: 22,
          dl_mcs: 23,
          ul_mcs: 17.3,
          ul_n_layer: 1,
          turbo_decoder_min: 1,
          turbo_decoder_avg: 1.725,
          turbo_decoder_max: 5,
          cqi: 14,
          ri: 2,
          ul_rank: 1,
          initial_ta: 1
        }
      ]
    }
  ],
  time: 529.697,
  utc: 1744857898.532
}

