{
  message: ready,
  type: ENB,
  name: ENB,
  version: 2023-06-10,
  time: 911.023,
  utc: 1744214498.843
}
{
  message: ue_get,
  ue_list: [
    {
      ran_ue_id: 3,
      amf_ue_id: 102,
      qos_flow_list: [
        {
          pdu_session_id: 1,
          dl_total_bytes: 14882,
          ul_total_bytes: 8540,
          sst: 1
        },
        {
          pdu_session_id: 2,
          dl_total_bytes: 1590048,
          ul_total_bytes: 8639189192,
          sst: 1
        }
      ],
      rnti: 17923,
      cells: [
        {
          cell_id: 1,
          dl_bitrate: 85056,
          ul_bitrate: 92204749,
          dl_tx: 87,
          ul_tx: 1647,
          dl_err: 0,
          ul_err: 0,
          dl_retx: 15,
          ul_retx: 17,
          pusch_snr: 9.6,
          epre: -111,
          ul_phr: -15,
          ul_path_loss: 98.3,
          p_ue: 23,
          dl_mcs: 13.7,
          ul_mcs: 9.1,
          ul_n_layer: 1,
          turbo_decoder_min: 1,
          turbo_decoder_avg: 3.58,
          turbo_decoder_max: 5,
          cqi: 10,
          ri: 2,
          ul_rank: 1,
          initial_ta: 1
        }
      ]
    }
  ],
  time: 911.025,
  utc: 1744214498.854
}

