{
  message: ready,
  type: ENB,
  name: ENB,
  version: 2023-06-10,
  time: 2067.322,
  utc: 1744064545.627
}
{
  message: ue_get,
  ue_list: [
    {
      ran_ue_id: 5,
      amf_ue_id: 104,
      qos_flow_list: [
        {
          pdu_session_id: 1,
          dl_total_bytes: 9833,
          ul_total_bytes: 7841,
          sst: 1
        },
        {
          pdu_session_id: 2,
          dl_total_bytes: 5291427,
          ul_total_bytes: 22473675624,
          sst: 1
        }
      ],
      rnti: 17925,
      cells: [
        {
          cell_id: 1,
          dl_bitrate: 172566,
          ul_bitrate: 93815553,
          dl_tx: 117,
          ul_tx: 1074,
          dl_err: 0,
          ul_err: 0,
          dl_retx: 14,
          ul_retx: 0,
          pusch_snr: 18.3,
          epre: -101.8,
          ul_phr: -10,
          ul_path_loss: 87.8,
          p_ue: 22,
          dl_mcs: 19.2,
          ul_mcs: 17,
          ul_n_layer: 1,
          turbo_decoder_min: 2,
          turbo_decoder_avg: 2.507,
          turbo_decoder_max: 4,
          cqi: 12,
          ri: 2,
          ul_rank: 1,
          initial_ta: 1
        }
      ]
    }
  ],
  time: 2067.324,
  utc: 1744064545.638
}

