{
  message: ready,
  type: ENB,
  name: ENB,
  version: 2023-06-10,
  time: 1535.118,
  utc: 1744076143.272
}
{
  message: ue_get,
  ue_list: [
    {
      ran_ue_id: 4,
      amf_ue_id: 103,
      qos_flow_list: [
        {
          pdu_session_id: 1,
          dl_total_bytes: 15049,
          ul_total_bytes: 8741,
          sst: 1
        },
        {
          pdu_session_id: 2,
          dl_total_bytes: 3558661,
          ul_total_bytes: 23306488090,
          sst: 1
        }
      ],
      rnti: 17924,
      cells: [
        {
          cell_id: 1,
          dl_bitrate: 147477,
          ul_bitrate: 134986535,
          dl_tx: 96,
          ul_tx: 1422,
          dl_err: 0,
          ul_err: 0,
          dl_retx: 56,
          ul_retx: 5,
          pusch_snr: 18.9,
          epre: -101.6,
          ul_phr: -6,
          ul_path_loss: 88.7,
          p_ue: 19,
          dl_mcs: 20.5,
          ul_mcs: 16.3,
          ul_n_layer: 1,
          turbo_decoder_min: 1,
          turbo_decoder_avg: 2.395,
          turbo_decoder_max: 5,
          cqi: 13,
          ri: 2,
          ul_rank: 1,
          initial_ta: 0
        }
      ]
    }
  ],
  time: 1535.12,
  utc: 1744076143.283
}

