{
  message: ready,
  type: ENB,
  name: ENB,
  version: 2023-06-10,
  time: 2634.806,
  utc: 1744068061.901
}
{
  message: ue_get,
  ue_list: [
    {
      ran_ue_id: 3,
      amf_ue_id: 102,
      qos_flow_list: [
        {
          pdu_session_id: 1,
          dl_total_bytes: 15233,
          ul_total_bytes: 8949,
          sst: 1
        },
        {
          pdu_session_id: 2,
          dl_total_bytes: 8604128,
          ul_total_bytes: 13899860537,
          sst: 1
        }
      ],
      rnti: 17923,
      cells: [
        {
          cell_id: 1,
          dl_bitrate: 119233,
          ul_bitrate: 46970411,
          dl_tx: 105,
          ul_tx: 1071,
          dl_err: 0,
          ul_err: 0,
          dl_retx: 10,
          ul_retx: 3,
          pusch_snr: 10.3,
          epre: -110.7,
          ul_phr: -19,
          ul_path_loss: 98.2,
          p_ue: 23,
          dl_mcs: 11,
          ul_mcs: 8.5,
          ul_n_layer: 1,
          turbo_decoder_min: 2,
          turbo_decoder_avg: 3.213,
          turbo_decoder_max: 5,
          cqi: 9,
          ri: 2,
          ul_rank: 1,
          initial_ta: 1
        }
      ]
    }
  ],
  time: 2634.807,
  utc: 1744068061.911
}

