{
  message: ready,
  type: ENB,
  name: ENB,
  version: 2023-06-10,
  time: 229.649,
  utc: 1744080610.192
}
{
  message: ue_get,
  ue_list: [
    {
      ran_ue_id: 4,
      amf_ue_id: 103,
      qos_flow_list: [
        {
          pdu_session_id: 1,
          dl_total_bytes: 14857,
          ul_total_bytes: 8539,
          sst: 1
        },
        {
          pdu_session_id: 2,
          dl_total_bytes: 424810,
          ul_total_bytes: 2103132496,
          sst: 1
        }
      ],
      rnti: 17924,
      cells: [
        {
          cell_id: 1,
          dl_bitrate: 86978,
          ul_bitrate: 86595907,
          dl_tx: 53,
          ul_tx: 677,
          dl_err: 0,
          ul_err: 0,
          dl_retx: 1,
          ul_retx: 10,
          pusch_snr: 23.6,
          epre: -96.7,
          ul_phr: 30,
          ul_path_loss: 68.5,
          p_ue: -11,
          dl_mcs: 23.7,
          ul_mcs: 21.1,
          ul_n_layer: 1,
          turbo_decoder_min: 1,
          turbo_decoder_avg: 2.213,
          turbo_decoder_max: 5,
          cqi: 15,
          ri: 2,
          ul_rank: 1,
          initial_ta: 1
        }
      ]
    }
  ],
  time: 229.65,
  utc: 1744080610.203
}

