{
  message: ready,
  type: ENB,
  name: ENB,
  version: 2023-06-10,
  time: 1812.847,
  utc: 1744099643.038
}
{
  message: ue_get,
  ue_list: [
    {
      ran_ue_id: 23,
      amf_ue_id: 122,
      qos_flow_list: [
        {
          pdu_session_id: 2,
          dl_total_bytes: 60,
          ul_total_bytes: 4316,
          sst: 1
        }
      ],
      rnti: 17943,
      cells: [
        {
          cell_id: 1,
          dl_bitrate: 1146,
          ul_bitrate: 0,
          dl_tx: 2,
          ul_tx: 0,
          dl_err: 0,
          ul_err: 0,
          dl_retx: 0,
          ul_retx: 0,
          pusch_snr: 12.1,
          epre: -109.2,
          ul_phr: -21,
          ul_path_loss: 97.8,
          p_ue: 8,
          dl_mcs: 10,
          cqi: 12,
          ri: 1,
          ul_rank: 1,
          initial_ta: 1
        }
      ]
    },
    {
      ran_ue_id: 3,
      amf_ue_id: 102,
      qos_flow_list: [
        {
          pdu_session_id: 1,
          dl_total_bytes: 15041,
          ul_total_bytes: 8725,
          sst: 1
        },
        {
          pdu_session_id: 2,
          dl_total_bytes: 4460499,
          ul_total_bytes: 27306360722,
          sst: 1
        }
      ],
      rnti: 17923,
      cells: [
        {
          cell_id: 1,
          dl_bitrate: 132189,
          ul_bitrate: 134686623,
          dl_tx: 93,
          ul_tx: 1355,
          dl_err: 0,
          ul_err: 0,
          dl_retx: 10,
          ul_retx: 10,
          pusch_snr: 19.5,
          epre: -101.6,
          ul_phr: 12,
          ul_path_loss: 87.2,
          p_ue: 7,
          dl_mcs: 20.9,
          ul_mcs: 16.8,
          ul_n_layer: 1,
          turbo_decoder_min: 1,
          turbo_decoder_avg: 2.483,
          turbo_decoder_max: 5,
          cqi: 14,
          ri: 2,
          ul_rank: 1,
          initial_ta: 1
        }
      ]
    }
  ],
  time: 1812.849,
  utc: 1744099643.049
}

