{
  message: ready,
  type: ENB,
  name: ENB,
  version: 2023-06-10,
  time: 1381.309,
  utc: 1744052252.486
}
{
  message: ue_get,
  ue_list: [
    {
      ran_ue_id: 5,
      amf_ue_id: 104,
      qos_flow_list: [
        {
          pdu_session_id: 1,
          dl_total_bytes: 9647,
          ul_total_bytes: 7659,
          sst: 1
        },
        {
          pdu_session_id: 2,
          dl_total_bytes: 2940480,
          ul_total_bytes: 15015821466,
          sst: 1
        }
      ],
      rnti: 17925,
      cells: [
        {
          cell_id: 1,
          dl_bitrate: 169804,
          ul_bitrate: 86022623,
          dl_tx: 111,
          ul_tx: 1046,
          dl_err: 0,
          ul_err: 0,
          dl_retx: 1,
          ul_retx: 0,
          pusch_snr: 19.4,
          epre: -101.6,
          ul_phr: -11,
          ul_path_loss: 87.5,
          p_ue: 22,
          dl_mcs: 25,
          ul_mcs: 16,
          ul_n_layer: 1,
          turbo_decoder_min: 1,
          turbo_decoder_avg: 2.068,
          turbo_decoder_max: 4,
          cqi: 15,
          ri: 2,
          ul_rank: 1,
          initial_ta: 2
        }
      ]
    }
  ],
  time: 1381.312,
  utc: 1744052252.497
}

