{
  message: ready,
  type: ENB,
  name: ENB,
  version: 2023-06-10,
  time: 1565.675,
  utc: 1744840618.253
}
{
  message: ue_get,
  ue_list: [
    {
      ran_ue_id: 2,
      amf_ue_id: 101,
      qos_flow_list: [
        {
          pdu_session_id: 1,
          dl_total_bytes: 7593,
          ul_total_bytes: 7459,
          sst: 1
        },
        {
          pdu_session_id: 2,
          dl_total_bytes: 561195,
          ul_total_bytes: 510781576,
          sst: 1
        }
      ],
      rnti: 17922,
      cells: [
        {
          cell_id: 1,
          dl_bitrate: 20095,
          ul_bitrate: 4640673,
          dl_tx: 25,
          ul_tx: 1023,
          dl_err: 0,
          ul_err: 0,
          dl_retx: 2,
          ul_retx: 22,
          pusch_snr: 10,
          epre: -110.9,
          ul_phr: -23,
          ul_path_loss: 110.3,
          p_ue: 23,
          dl_mcs: 18,
          ul_mcs: 4,
          ul_n_layer: 1,
          turbo_decoder_min: 0,
          turbo_decoder_avg: 2.135,
          turbo_decoder_max: 5,
          cqi: 12,
          ri: 2,
          ul_rank: 1,
          initial_ta: 1
        }
      ]
    }
  ],
  time: 1565.677,
  utc: 1744840618.264
}

