{
  message: ready,
  type: ENB,
  name: ENB,
  version: 2023-06-10,
  time: 914.293,
  utc: 1744200031.664
}
{
  message: ue_get,
  ue_list: [
    {
      ran_ue_id: 13,
      amf_ue_id: 112,
      qos_flow_list: [
        {
          pdu_session_id: 2,
          dl_total_bytes: 0,
          ul_total_bytes: 183,
          sst: 1
        }
      ],
      rnti: 17933,
      cells: [
        {
          cell_id: 1,
          dl_bitrate: 1362,
          ul_bitrate: 0,
          dl_tx: 3,
          ul_tx: 0,
          dl_err: 0,
          ul_err: 0,
          dl_retx: 0,
          ul_retx: 0,
          pusch_snr: 7.6,
          epre: -113.4,
          ul_phr: -21,
          ul_path_loss: 100,
          p_ue: 8,
          dl_mcs: 16,
          cqi: 10,
          ri: 1,
          ul_rank: 1,
          initial_ta: 1
        }
      ]
    },
    {
      ran_ue_id: 4,
      amf_ue_id: 103,
      qos_flow_list: [
        {
          pdu_session_id: 1,
          dl_total_bytes: 14865,
          ul_total_bytes: 8545,
          sst: 1
        },
        {
          pdu_session_id: 2,
          dl_total_bytes: 1608950,
          ul_total_bytes: 16226653935,
          sst: 1
        }
      ],
      rnti: 17924,
      cells: [
        {
          cell_id: 1,
          dl_bitrate: 124639,
          ul_bitrate: 142456811,
          dl_tx: 92,
          ul_tx: 1573,
          dl_err: 0,
          ul_err: 0,
          dl_retx: 6,
          ul_retx: 0,
          pusch_snr: 19.4,
          epre: -101.2,
          ul_phr: -12,
          ul_path_loss: 87.4,
          p_ue: 22,
          dl_mcs: 20.7,
          ul_mcs: 15,
          ul_n_layer: 1,
          turbo_decoder_min: 1,
          turbo_decoder_avg: 2.019,
          turbo_decoder_max: 3,
          cqi: 14,
          ri: 2,
          ul_rank: 1,
          initial_ta: 1
        }
      ]
    }
  ],
  time: 914.295,
  utc: 1744200031.675
}

