{
  message: ready,
  type: ENB,
  name: ENB,
  version: 2023-06-10,
  time: 1639.993,
  utc: 1744206578.444
}
{
  message: ue_get,
  ue_list: [
    {
      ran_ue_id: 3,
      amf_ue_id: 102,
      qos_flow_list: [
        {
          pdu_session_id: 1,
          dl_total_bytes: 12994,
          ul_total_bytes: 8540,
          sst: 1
        },
        {
          pdu_session_id: 2,
          dl_total_bytes: 3927871,
          ul_total_bytes: 33791526664,
          sst: 1
        }
      ],
      rnti: 17923,
      cells: [
        {
          cell_id: 1,
          dl_bitrate: 160946,
          ul_bitrate: 179791254,
          dl_tx: 94,
          ul_tx: 1551,
          dl_err: 0,
          ul_err: 0,
          dl_retx: 0,
          ul_retx: 17,
          pusch_snr: 22.1,
          epre: -98.7,
          ul_phr: 15,
          ul_path_loss: 68,
          p_ue: 4,
          dl_mcs: 24.1,
          ul_mcs: 19.3,
          ul_n_layer: 1,
          turbo_decoder_min: 0,
          turbo_decoder_avg: 3.038,
          turbo_decoder_max: 5,
          cqi: 15,
          ri: 2,
          ul_rank: 1,
          initial_ta: 1
        }
      ]
    }
  ],
  time: 1639.995,
  utc: 1744206578.454
}

