{
  message: ready,
  type: ENB,
  name: ENB,
  version: 2023-06-10,
  time: 1467.544,
  utc: 1744189027.686
}
{
  message: ue_get,
  ue_list: [
    {
      ran_ue_id: 4,
      amf_ue_id: 103,
      qos_flow_list: [
        {
          pdu_session_id: 1,
          dl_total_bytes: 15050,
          ul_total_bytes: 8742,
          sst: 1
        },
        {
          pdu_session_id: 2,
          dl_total_bytes: 3328630,
          ul_total_bytes: 29560522998,
          sst: 1
        }
      ],
      rnti: 17924,
      cells: [
        {
          cell_id: 1,
          dl_bitrate: 121262,
          ul_bitrate: 168305047,
          dl_tx: 91,
          ul_tx: 1578,
          dl_err: 0,
          ul_err: 0,
          dl_retx: 33,
          ul_retx: 19,
          pusch_snr: 19.1,
          epre: -101.5,
          ul_phr: -3,
          ul_path_loss: 87.8,
          p_ue: 22,
          dl_mcs: 21,
          ul_mcs: 17.6,
          ul_n_layer: 1,
          turbo_decoder_min: 1,
          turbo_decoder_avg: 2.865,
          turbo_decoder_max: 5,
          cqi: 14,
          ri: 2,
          ul_rank: 1,
          initial_ta: 1
        }
      ]
    }
  ],
  time: 1467.546,
  utc: 1744189027.696
}

