{
  message: ready,
  type: ENB,
  name: ENB,
  version: 2023-06-10,
  time: 161.917,
  utc: 1744205100.367
}
{
  message: ue_get,
  ue_list: [
    {
      ran_ue_id: 3,
      amf_ue_id: 102,
      qos_flow_list: [
        {
          pdu_session_id: 1,
          dl_total_bytes: 7410,
          ul_total_bytes: 7252,
          sst: 1
        },
        {
          pdu_session_id: 2,
          dl_total_bytes: 303545,
          ul_total_bytes: 2081637881,
          sst: 1
        }
      ],
      rnti: 17923,
      cells: [
        {
          cell_id: 1,
          dl_bitrate: 144193,
          ul_bitrate: 178775383,
          dl_tx: 92,
          ul_tx: 1482,
          dl_err: 0,
          ul_err: 0,
          dl_retx: 1,
          ul_retx: 4,
          pusch_snr: 22.6,
          epre: -98,
          ul_phr: 13,
          ul_path_loss: 67.5,
          p_ue: 6,
          dl_mcs: 23.8,
          ul_mcs: 20.6,
          ul_n_layer: 1,
          turbo_decoder_min: 1,
          turbo_decoder_avg: 2.81,
          turbo_decoder_max: 5,
          cqi: 15,
          ri: 2,
          ul_rank: 1,
          initial_ta: 1
        }
      ]
    }
  ],
  time: 161.919,
  utc: 1744205100.378
}

