{
  message: ready,
  type: ENB,
  name: ENB,
  version: 2023-06-10,
  time: 496.117,
  utc: 1744051367.293
}
{
  message: ue_get,
  ue_list: [
    {
      ran_ue_id: 5,
      amf_ue_id: 104,
      qos_flow_list: [
        {
          pdu_session_id: 1,
          dl_total_bytes: 9463,
          ul_total_bytes: 7457,
          sst: 1
        },
        {
          pdu_session_id: 2,
          dl_total_bytes: 817893,
          ul_total_bytes: 4744191679,
          sst: 1
        }
      ],
      rnti: 17925,
      cells: [
        {
          cell_id: 1,
          dl_bitrate: 141472,
          ul_bitrate: 98415806,
          dl_tx: 115,
          ul_tx: 1062,
          dl_err: 0,
          ul_err: 0,
          dl_retx: 0,
          ul_retx: 11,
          pusch_snr: 18.9,
          epre: -101.7,
          ul_phr: -5,
          ul_path_loss: 88.2,
          p_ue: 22,
          dl_mcs: 24,
          ul_mcs: 18,
          ul_n_layer: 1,
          turbo_decoder_min: 1,
          turbo_decoder_avg: 2.933,
          turbo_decoder_max: 5,
          cqi: 15,
          ri: 2,
          ul_rank: 1,
          initial_ta: 2
        }
      ]
    }
  ],
  time: 496.118,
  utc: 1744051367.304
}

