{
  message: ready,
  type: ENB,
  name: ENB,
  version: 2023-06-10,
  time: 1767.643,
  utc: 1744192218.225
}
{
  message: ue_get,
  ue_list: [
    {
      ran_ue_id: 3,
      amf_ue_id: 102,
      qos_flow_list: [
        {
          pdu_session_id: 1,
          dl_total_bytes: 15050,
          ul_total_bytes: 8748,
          sst: 1
        },
        {
          pdu_session_id: 2,
          dl_total_bytes: 4240549,
          ul_total_bytes: 16323124424,
          sst: 1
        }
      ],
      rnti: 17923,
      cells: [
        {
          cell_id: 1,
          dl_bitrate: 89053,
          ul_bitrate: 53365953,
          dl_tx: 90,
          ul_tx: 1564,
          dl_err: 0,
          ul_err: 0,
          dl_retx: 4,
          ul_retx: 0,
          pusch_snr: 9.4,
          epre: -111.3,
          ul_phr: -32,
          ul_path_loss: 98.4,
          p_ue: 23,
          dl_mcs: 14,
          ul_mcs: 5,
          ul_n_layer: 1,
          turbo_decoder_min: 1,
          turbo_decoder_avg: 2.015,
          turbo_decoder_max: 3,
          cqi: 11,
          ri: 2,
          ul_rank: 1,
          initial_ta: 2
        }
      ]
    }
  ],
  time: 1767.645,
  utc: 1744192218.236
}

