{
  message: ready,
  type: ENB,
  name: ENB,
  version: 2023-06-10,
  time: 2322.03,
  utc: 1744859690.857
}
{
  message: ue_get,
  ue_list: [
    {
      ran_ue_id: 4,
      amf_ue_id: 103,
      qos_flow_list: [
        {
          pdu_session_id: 1,
          dl_total_bytes: 7778,
          ul_total_bytes: 7656,
          sst: 1
        },
        {
          pdu_session_id: 2,
          dl_total_bytes: 4725199,
          ul_total_bytes: 25906700324,
          sst: 1
        }
      ],
      rnti: 17924,
      cells: [
        {
          cell_id: 1,
          dl_bitrate: 172972,
          ul_bitrate: 107889868,
          dl_tx: 73,
          ul_tx: 934,
          dl_err: 0,
          ul_err: 0,
          dl_retx: 1,
          ul_retx: 5,
          pusch_snr: 31,
          epre: -87.4,
          ul_phr: -6,
          ul_path_loss: 77,
          p_ue: 22,
          dl_mcs: 21.3,
          ul_mcs: 19.9,
          ul_n_layer: 1,
          turbo_decoder_min: 0,
          turbo_decoder_avg: 2.182,
          turbo_decoder_max: 5,
          cqi: 14,
          ri: 2,
          ul_rank: 1,
          initial_ta: 1
        }
      ]
    }
  ],
  time: 2322.033,
  utc: 1744859690.868
}

