{
  message: ready,
  type: ENB,
  name: ENB,
  version: 2023-06-10,
  time: 2338.968,
  utc: 1744859707.795
}
{
  message: ue_get,
  ue_list: [
    {
      ran_ue_id: 4,
      amf_ue_id: 103,
      qos_flow_list: [
        {
          pdu_session_id: 1,
          dl_total_bytes: 7778,
          ul_total_bytes: 7656,
          sst: 1
        },
        {
          pdu_session_id: 2,
          dl_total_bytes: 4862596,
          ul_total_bytes: 26101557775,
          sst: 1
        }
      ],
      rnti: 17924,
      cells: [
        {
          cell_id: 1,
          dl_bitrate: 154003,
          ul_bitrate: 103215903,
          dl_tx: 64,
          ul_tx: 986,
          dl_err: 0,
          ul_err: 0,
          dl_retx: 0,
          ul_retx: 2,
          pusch_snr: 27.9,
          epre: -90.8,
          ul_phr: -10,
          ul_path_loss: 76.9,
          p_ue: 19,
          dl_mcs: 24.5,
          ul_mcs: 18.7,
          ul_n_layer: 1,
          turbo_decoder_min: 1,
          turbo_decoder_avg: 1.888,
          turbo_decoder_max: 5,
          cqi: 14,
          ri: 2,
          ul_rank: 1,
          initial_ta: 1
        }
      ]
    }
  ],
  time: 2338.971,
  utc: 1744859707.806
}

