{
  message: ready,
  type: ENB,
  name: ENB,
  version: 2023-06-10,
  time: 171.836,
  utc: 1744053930.292
}
{
  message: ue_get,
  ue_list: [
    {
      ran_ue_id: 3,
      amf_ue_id: 102,
      qos_flow_list: [
        {
          pdu_session_id: 1,
          dl_total_bytes: 14865,
          ul_total_bytes: 8545,
          sst: 1
        },
        {
          pdu_session_id: 2,
          dl_total_bytes: 320458,
          ul_total_bytes: 600605394,
          sst: 1
        }
      ],
      rnti: 17923,
      cells: [
        {
          cell_id: 1,
          dl_bitrate: 111263,
          ul_bitrate: 49738165,
          dl_tx: 111,
          ul_tx: 1036,
          dl_err: 0,
          ul_err: 0,
          dl_retx: 8,
          ul_retx: 33,
          pusch_snr: 10.1,
          epre: -110.8,
          ul_phr: -17,
          ul_path_loss: 98.2,
          p_ue: 23,
          dl_mcs: 20,
          ul_mcs: 9.6,
          ul_n_layer: 1,
          turbo_decoder_min: 1,
          turbo_decoder_avg: 3.621,
          turbo_decoder_max: 5,
          cqi: 13,
          ri: 2,
          ul_rank: 1,
          initial_ta: 1
        }
      ]
    }
  ],
  time: 171.837,
  utc: 1744053930.303
}

