{
  message: ready,
  type: ENB,
  name: ENB,
  version: 2023-06-10,
  time: 2497.04,
  utc: 1744207435.491
}
{
  message: ue_get,
  ue_list: [
    {
      ran_ue_id: 3,
      amf_ue_id: 102,
      qos_flow_list: [
        {
          pdu_session_id: 1,
          dl_total_bytes: 20634,
          ul_total_bytes: 10030,
          sst: 1
        },
        {
          pdu_session_id: 2,
          dl_total_bytes: 8537888,
          ul_total_bytes: 51470585669,
          sst: 1
        }
      ],
      rnti: 17923,
      cells: [
        {
          cell_id: 1,
          dl_bitrate: 193772,
          ul_bitrate: 172831389,
          dl_tx: 82,
          ul_tx: 1370,
          dl_err: 0,
          ul_err: 0,
          dl_retx: 1,
          ul_retx: 5,
          pusch_snr: 24.4,
          epre: -95.7,
          ul_phr: 11,
          ul_path_loss: 68.2,
          p_ue: 8,
          dl_mcs: 25,
          ul_mcs: 21.2,
          ul_n_layer: 1,
          turbo_decoder_min: 0,
          turbo_decoder_avg: 2.184,
          turbo_decoder_max: 5,
          cqi: 15,
          ri: 2,
          ul_rank: 1,
          initial_ta: 1
        }
      ]
    }
  ],
  time: 2497.042,
  utc: 1744207435.501
}

