{
  message: ready,
  type: ENB,
  name: ENB,
  version: 2023-06-10,
  time: 1727.053,
  utc: 1744215314.872
}
{
  message: ue_get,
  ue_list: [
    {
      ran_ue_id: 3,
      amf_ue_id: 102,
      qos_flow_list: [
        {
          pdu_session_id: 1,
          dl_total_bytes: 15066,
          ul_total_bytes: 8742,
          sst: 1
        },
        {
          pdu_session_id: 2,
          dl_total_bytes: 4133880,
          ul_total_bytes: 17606463821,
          sst: 1
        }
      ],
      rnti: 17923,
      cells: [
        {
          cell_id: 1,
          dl_bitrate: 93001,
          ul_bitrate: 93684504,
          dl_tx: 90,
          ul_tx: 1707,
          dl_err: 0,
          ul_err: 0,
          dl_retx: 15,
          ul_retx: 19,
          pusch_snr: 10.2,
          epre: -110.9,
          ul_phr: -12,
          ul_path_loss: 98.1,
          p_ue: 23,
          dl_mcs: 13.7,
          ul_mcs: 9.3,
          ul_n_layer: 1,
          turbo_decoder_min: 1,
          turbo_decoder_avg: 3.556,
          turbo_decoder_max: 5,
          cqi: 10,
          ri: 2,
          ul_rank: 1,
          initial_ta: 1
        }
      ]
    }
  ],
  time: 1727.054,
  utc: 1744215314.883
}

