{
  message: ready,
  type: ENB,
  name: ENB,
  version: 2023-06-10,
  time: 2612.339,
  utc: 1744216200.158
}
{
  message: ue_get,
  ue_list: [
    {
      ran_ue_id: 3,
      amf_ue_id: 102,
      qos_flow_list: [
        {
          pdu_session_id: 1,
          dl_total_bytes: 15250,
          ul_total_bytes: 8944,
          sst: 1
        },
        {
          pdu_session_id: 2,
          dl_total_bytes: 9076047,
          ul_total_bytes: 27439394496,
          sst: 1
        }
      ],
      rnti: 17923,
      cells: [
        {
          cell_id: 1,
          dl_bitrate: 148037,
          ul_bitrate: 91894410,
          dl_tx: 99,
          ul_tx: 1696,
          dl_err: 0,
          ul_err: 0,
          dl_retx: 18,
          ul_retx: 18,
          pusch_snr: 10.2,
          epre: -110.8,
          ul_phr: -13,
          ul_path_loss: 98,
          p_ue: 23,
          dl_mcs: 13.8,
          ul_mcs: 9.1,
          ul_n_layer: 1,
          turbo_decoder_min: 2,
          turbo_decoder_avg: 3.508,
          turbo_decoder_max: 5,
          cqi: 10,
          ri: 2,
          ul_rank: 1,
          initial_ta: 1
        }
      ]
    }
  ],
  time: 2612.341,
  utc: 1744216200.169
}

