{
  message: ready,
  type: ENB,
  name: ENB,
  version: 2023-06-10,
  time: 828.219,
  utc: 1744107328.589
}
{
  message: ue_get,
  ue_list: [
    {
      ran_ue_id: 6,
      amf_ue_id: 105,
      qos_flow_list: [
        {
          pdu_session_id: 1,
          dl_total_bytes: 9465,
          ul_total_bytes: 7453,
          sst: 1
        },
        {
          pdu_session_id: 2,
          dl_total_bytes: 1319167,
          ul_total_bytes: 11128249297,
          sst: 1
        }
      ],
      rnti: 17926,
      cells: [
        {
          cell_id: 1,
          dl_bitrate: 105917,
          ul_bitrate: 127702311,
          dl_tx: 66,
          ul_tx: 910,
          dl_err: 0,
          ul_err: 0,
          dl_retx: 2,
          ul_retx: 0,
          pusch_snr: 26.3,
          epre: -91.9,
          ul_phr: 18,
          ul_path_loss: 77.7,
          p_ue: 1,
          dl_mcs: 24.3,
          ul_mcs: 22.8,
          ul_n_layer: 1,
          turbo_decoder_min: 0,
          turbo_decoder_avg: 2.295,
          turbo_decoder_max: 5,
          cqi: 15,
          ri: 2,
          ul_rank: 1,
          initial_ta: 1
        }
      ]
    }
  ],
  time: 828.22,
  utc: 1744107328.6
}

