{
  message: ready,
  type: ENB,
  name: ENB,
  version: 2023-06-10,
  time: 2353.594,
  utc: 1744832585.283
}
{
  message: ue_get,
  ue_list: [
    {
      ran_ue_id: 3,
      amf_ue_id: 102,
      qos_flow_list: [
        {
          pdu_session_id: 1,
          dl_total_bytes: 7777,
          ul_total_bytes: 7661,
          sst: 1
        },
        {
          pdu_session_id: 2,
          dl_total_bytes: 4899734,
          ul_total_bytes: 26284502685,
          sst: 1
        }
      ],
      rnti: 17923,
      cells: [
        {
          cell_id: 1,
          dl_bitrate: 147710,
          ul_bitrate: 93873747,
          dl_tx: 99,
          ul_tx: 1017,
          dl_err: 0,
          ul_err: 0,
          dl_retx: 0,
          ul_retx: 1,
          pusch_snr: 26.6,
          epre: -91,
          ul_phr: -10,
          ul_path_loss: 77,
          p_ue: 19,
          dl_mcs: 28,
          ul_mcs: 18.4,
          ul_n_layer: 1,
          turbo_decoder_min: 1,
          turbo_decoder_avg: 2.044,
          turbo_decoder_max: 5,
          cqi: 15,
          ri: 2,
          ul_rank: 1,
          initial_ta: 1
        }
      ]
    }
  ],
  time: 2353.595,
  utc: 1744832585.293
}

