{
  message: ready,
  type: ENB,
  name: ENB,
  version: 2023-06-10,
  time: 2582.712,
  utc: 1744198839.563
}
{
  message: ue_get,
  ue_list: [
    {
      ran_ue_id: 3,
      amf_ue_id: 102,
      qos_flow_list: [
        {
          pdu_session_id: 1,
          dl_total_bytes: 15234,
          ul_total_bytes: 8950,
          sst: 1
        },
        {
          pdu_session_id: 2,
          dl_total_bytes: 9139925,
          ul_total_bytes: 53417960255,
          sst: 1
        }
      ],
      rnti: 17923,
      cells: [
        {
          cell_id: 1,
          dl_bitrate: 199915,
          ul_bitrate: 180419230,
          dl_tx: 93,
          ul_tx: 1448,
          dl_err: 0,
          ul_err: 0,
          dl_retx: 1,
          ul_retx: 21,
          pusch_snr: 22.1,
          epre: -98.5,
          ul_phr: 9,
          ul_path_loss: 77,
          p_ue: 13,
          dl_mcs: 23.5,
          ul_mcs: 20.3,
          ul_n_layer: 1,
          turbo_decoder_min: 0,
          turbo_decoder_avg: 3.061,
          turbo_decoder_max: 5,
          cqi: 15,
          ri: 2,
          ul_rank: 1,
          initial_ta: 0
        }
      ]
    }
  ],
  time: 2582.713,
  utc: 1744198839.573
}

