{
  message: ready,
  type: ENB,
  name: ENB,
  version: 2023-06-10,
  time: 1422.78,
  utc: 1744096320.962
}
{
  message: ue_get,
  ue_list: [
    {
      ran_ue_id: 3,
      amf_ue_id: 102,
      qos_flow_list: [
        {
          pdu_session_id: 1,
          dl_total_bytes: 15101,
          ul_total_bytes: 8802,
          sst: 1
        },
        {
          pdu_session_id: 2,
          dl_total_bytes: 3115695,
          ul_total_bytes: 18464842636,
          sst: 1
        }
      ],
      rnti: 17923,
      cells: [
        {
          cell_id: 1,
          dl_bitrate: 112542,
          ul_bitrate: 113079092,
          dl_tx: 73,
          ul_tx: 923,
          dl_err: 0,
          ul_err: 0,
          dl_retx: 0,
          ul_retx: 12,
          pusch_snr: 22.7,
          epre: -97.3,
          ul_phr: 1,
          ul_path_loss: 78.5,
          p_ue: 18,
          dl_mcs: 23.7,
          ul_mcs: 21.1,
          ul_n_layer: 1,
          turbo_decoder_min: 0,
          turbo_decoder_avg: 2.317,
          turbo_decoder_max: 5,
          cqi: 15,
          ri: 2,
          ul_rank: 1,
          initial_ta: 1
        }
      ]
    }
  ],
  time: 1422.782,
  utc: 1744096320.973
}

