{
  message: ready,
  type: ENB,
  name: ENB,
  version: 2023-06-10,
  time: 2707.717,
  utc: 1744109208.088
}
{
  message: ue_get,
  ue_list: [
    {
      ran_ue_id: 77,
      amf_ue_id: 142,
      qos_flow_list: [
        {
          pdu_session_id: 2,
          dl_total_bytes: 128,
          ul_total_bytes: 378,
          sst: 1
        }
      ],
      rnti: 18002,
      cells: [
        {
          cell_id: 1,
          dl_bitrate: 1942,
          ul_bitrate: 4588,
          dl_tx: 2,
          ul_tx: 4,
          dl_err: 0,
          ul_err: 0,
          dl_retx: 0,
          ul_retx: 0,
          pusch_snr: 20,
          epre: -100.5,
          ul_phr: -4,
          ul_path_loss: 92.1,
          p_ue: 8,
          dl_mcs: 16,
          ul_mcs: 14.8,
          ul_n_layer: 1,
          turbo_decoder_min: 1,
          turbo_decoder_avg: 2,
          turbo_decoder_max: 3,
          cqi: 11,
          ri: 2,
          ul_rank: 1,
          initial_ta: 0
        }
      ]
    },
    {
      ran_ue_id: 6,
      amf_ue_id: 105,
      qos_flow_list: [
        {
          pdu_session_id: 1,
          dl_total_bytes: 9833,
          ul_total_bytes: 7857,
          sst: 1
        },
        {
          pdu_session_id: 2,
          dl_total_bytes: 9516455,
          ul_total_bytes: 40230531292,
          sst: 1
        }
      ],
      rnti: 17926,
      cells: [
        {
          cell_id: 1,
          dl_bitrate: 192627,
          ul_bitrate: 135231778,
          dl_tx: 94,
          ul_tx: 1429,
          dl_err: 0,
          ul_err: 0,
          dl_retx: 1,
          ul_retx: 0,
          pusch_snr: 26.3,
          epre: -91.5,
          ul_phr: 9,
          ul_path_loss: 82.6,
          p_ue: 10,
          dl_mcs: 23,
          ul_mcs: 15.8,
          ul_n_layer: 1,
          turbo_decoder_min: 1,
          turbo_decoder_avg: 1.192,
          turbo_decoder_max: 3,
          cqi: 15,
          ri: 2,
          ul_rank: 1,
          initial_ta: 1
        }
      ]
    }
  ],
  time: 2707.719,
  utc: 1744109208.098
}

