{
  message: ready,
  type: ENB,
  name: ENB,
  version: 2023-06-10,
  time: 1916.083,
  utc: 1744183763.965
}
{
  message: ue_get,
  ue_list: [
    {
      ran_ue_id: 3,
      amf_ue_id: 102,
      qos_flow_list: [
        {
          pdu_session_id: 1,
          dl_total_bytes: 15201,
          ul_total_bytes: 8903,
          sst: 1
        },
        {
          pdu_session_id: 2,
          dl_total_bytes: 4840966,
          ul_total_bytes: 38333115545,
          sst: 1
        }
      ],
      rnti: 17923,
      cells: [
        {
          cell_id: 1,
          dl_bitrate: 143254,
          ul_bitrate: 178875357,
          dl_tx: 91,
          ul_tx: 1477,
          dl_err: 0,
          ul_err: 0,
          dl_retx: 0,
          ul_retx: 14,
          pusch_snr: 21.5,
          epre: -99.1,
          ul_phr: 36,
          ul_path_loss: 67.6,
          p_ue: -17,
          dl_mcs: 24,
          ul_mcs: 20.5,
          ul_n_layer: 1,
          turbo_decoder_min: 1,
          turbo_decoder_avg: 3.327,
          turbo_decoder_max: 5,
          cqi: 15,
          ri: 2,
          ul_rank: 1,
          initial_ta: 1
        }
      ]
    }
  ],
  time: 1916.085,
  utc: 1744183763.976
}

