{
  message: ready,
  type: ENB,
  name: ENB,
  version: 2023-06-10,
  time: 1732.572,
  utc: 1744114026.423
}
{
  message: ue_get,
  ue_list: [
    {
      ran_ue_id: 3,
      amf_ue_id: 102,
      qos_flow_list: [
        {
          pdu_session_id: 1,
          dl_total_bytes: 15049,
          ul_total_bytes: 8747,
          sst: 1
        },
        {
          pdu_session_id: 2,
          dl_total_bytes: 4174288,
          ul_total_bytes: 16589760690,
          sst: 1
        }
      ],
      rnti: 17923,
      cells: [
        {
          cell_id: 1,
          dl_bitrate: 113384,
          ul_bitrate: 64019914,
          dl_tx: 92,
          ul_tx: 1631,
          dl_err: 1,
          ul_err: 0,
          dl_retx: 24,
          ul_retx: 88,
          pusch_snr: 9.7,
          epre: -111.5,
          ul_phr: -15,
          ul_path_loss: 98.7,
          p_ue: 23,
          dl_mcs: 13.7,
          ul_mcs: 6.2,
          ul_n_layer: 1,
          turbo_decoder_min: 1,
          turbo_decoder_avg: 2.73,
          turbo_decoder_max: 5,
          cqi: 7,
          ri: 2,
          ul_rank: 1,
          initial_ta: 1
        }
      ]
    }
  ],
  time: 1732.574,
  utc: 1744114026.433
}

