{
  message: ready,
  type: ENB,
  name: ENB,
  version: 2023-06-10,
  time: 2359.532,
  utc: 1744079829.475
}
{
  message: ue_get,
  ue_list: [
    {
      ran_ue_id: 3,
      amf_ue_id: 102,
      qos_flow_list: [
        {
          pdu_session_id: 1,
          dl_total_bytes: 15233,
          ul_total_bytes: 8949,
          sst: 1
        },
        {
          pdu_session_id: 2,
          dl_total_bytes: 7438072,
          ul_total_bytes: 21323069612,
          sst: 1
        }
      ],
      rnti: 17923,
      cells: [
        {
          cell_id: 1,
          dl_bitrate: 80059,
          ul_bitrate: 84486850,
          dl_tx: 89,
          ul_tx: 1555,
          dl_err: 0,
          ul_err: 0,
          dl_retx: 2,
          ul_retx: 16,
          pusch_snr: 9.5,
          epre: -111.3,
          ul_phr: -15,
          ul_path_loss: 98.4,
          p_ue: 23,
          dl_mcs: 12.7,
          ul_mcs: 9.1,
          ul_n_layer: 1,
          turbo_decoder_min: 1,
          turbo_decoder_avg: 3.36,
          turbo_decoder_max: 5,
          cqi: 10,
          ri: 2,
          ul_rank: 1,
          initial_ta: 1
        }
      ]
    }
  ],
  time: 2359.533,
  utc: 1744079829.486
}

