{
  message: ready,
  type: ENB,
  name: ENB,
  version: 2023-06-10,
  time: 96.172,
  utc: 1744196353.023
}
{
  message: ue_get,
  ue_list: [
    {
      ran_ue_id: 3,
      amf_ue_id: 102,
      qos_flow_list: [
        {
          pdu_session_id: 1,
          dl_total_bytes: 14866,
          ul_total_bytes: 8546,
          sst: 1
        },
        {
          pdu_session_id: 2,
          dl_total_bytes: 186061,
          ul_total_bytes: 624880558,
          sst: 1
        }
      ],
      rnti: 17923,
      cells: [
        {
          cell_id: 1,
          dl_bitrate: 131168,
          ul_bitrate: 176889207,
          dl_tx: 89,
          ul_tx: 1418,
          dl_err: 0,
          ul_err: 0,
          dl_retx: 44,
          ul_retx: 29,
          pusch_snr: 22.8,
          epre: -97.1,
          ul_phr: -2,
          ul_path_loss: 79.6,
          p_ue: 19,
          dl_mcs: 23,
          ul_mcs: 21.1,
          ul_n_layer: 1,
          turbo_decoder_min: 1,
          turbo_decoder_avg: 2.474,
          turbo_decoder_max: 5,
          cqi: 15,
          ri: 2,
          ul_rank: 1,
          initial_ta: 0
        }
      ]
    }
  ],
  time: 96.174,
  utc: 1744196353.034
}

