{
  message: ready,
  type: ENB,
  name: ENB,
  version: 2023-06-10,
  time: 2422.749,
  utc: 1744091503.841
}
{
  message: ue_get,
  ue_list: [
    {
      ran_ue_id: 3,
      amf_ue_id: 102,
      qos_flow_list: [
        {
          pdu_session_id: 1,
          dl_total_bytes: 15233,
          ul_total_bytes: 8949,
          sst: 1
        },
        {
          pdu_session_id: 2,
          dl_total_bytes: 7831662,
          ul_total_bytes: 22136237545,
          sst: 1
        }
      ],
      rnti: 17923,
      cells: [
        {
          cell_id: 1,
          dl_bitrate: 83007,
          ul_bitrate: 84505507,
          dl_tx: 89,
          ul_tx: 1531,
          dl_err: 0,
          ul_err: 0,
          dl_retx: 26,
          ul_retx: 14,
          pusch_snr: 9.8,
          epre: -110.9,
          ul_phr: -12,
          ul_path_loss: 98.4,
          p_ue: 23,
          dl_mcs: 14,
          ul_mcs: 9.1,
          ul_n_layer: 1,
          turbo_decoder_min: 0,
          turbo_decoder_avg: 3.441,
          turbo_decoder_max: 5,
          cqi: 12,
          ri: 2,
          ul_rank: 1,
          initial_ta: 1
        }
      ]
    }
  ],
  time: 2422.75,
  utc: 1744091503.852
}

