{
  message: ready,
  type: ENB,
  name: ENB,
  version: 2023-06-10,
  time: 289.665,
  utc: 1744857658.492
}
{
  message: ue_get,
  ue_list: [
    {
      ran_ue_id: 4,
      amf_ue_id: 103,
      qos_flow_list: [
        {
          pdu_session_id: 1,
          dl_total_bytes: 7410,
          ul_total_bytes: 7252,
          sst: 1
        },
        {
          pdu_session_id: 2,
          dl_total_bytes: 178213,
          ul_total_bytes: 2543331100,
          sst: 1
        }
      ],
      rnti: 17924,
      cells: [
        {
          cell_id: 1,
          dl_bitrate: 99457,
          ul_bitrate: 107338743,
          dl_tx: 69,
          ul_tx: 910,
          dl_err: 0,
          ul_err: 0,
          dl_retx: 0,
          ul_retx: 1,
          pusch_snr: 26.2,
          epre: -93.7,
          ul_phr: -5,
          ul_path_loss: 76.9,
          p_ue: 22,
          dl_mcs: 22,
          ul_mcs: 20.9,
          ul_n_layer: 1,
          turbo_decoder_min: 1,
          turbo_decoder_avg: 2.406,
          turbo_decoder_max: 5,
          cqi: 14,
          ri: 2,
          ul_rank: 1,
          initial_ta: 1
        }
      ]
    }
  ],
  time: 289.667,
  utc: 1744857658.503
}

