{
  message: ready,
  type: ENB,
  name: ENB,
  version: 2023-06-10,
  time: 2888.159,
  utc: 1744086179.832
}
{
  message: ue_get,
  ue_list: [
    {
      ran_ue_id: 5,
      amf_ue_id: 104,
      qos_flow_list: [
        {
          pdu_session_id: 1,
          dl_total_bytes: 10017,
          ul_total_bytes: 8059,
          sst: 1
        },
        {
          pdu_session_id: 2,
          dl_total_bytes: 10651692,
          ul_total_bytes: 36898648780,
          sst: 1
        }
      ],
      rnti: 17925,
      cells: [
        {
          cell_id: 1,
          dl_bitrate: 166402,
          ul_bitrate: 114903004,
          dl_tx: 70,
          ul_tx: 833,
          dl_err: 0,
          ul_err: 0,
          dl_retx: 0,
          ul_retx: 0,
          pusch_snr: 25.5,
          epre: -94.7,
          ul_phr: 18,
          ul_path_loss: 78.2,
          p_ue: 1,
          dl_mcs: 24.2,
          ul_mcs: 23.1,
          ul_n_layer: 1,
          turbo_decoder_min: 1,
          turbo_decoder_avg: 2.265,
          turbo_decoder_max: 5,
          cqi: 15,
          ri: 2,
          ul_rank: 1,
          initial_ta: 0
        }
      ]
    }
  ],
  time: 2888.161,
  utc: 1744086179.843
}

