{
  message: ready,
  type: ENB,
  name: ENB,
  version: 2023-06-10,
  time: 2902.995,
  utc: 1744086194.668
}
{
  message: ue_get,
  ue_list: [
    {
      ran_ue_id: 5,
      amf_ue_id: 104,
      qos_flow_list: [
        {
          pdu_session_id: 1,
          dl_total_bytes: 10017,
          ul_total_bytes: 8059,
          sst: 1
        },
        {
          pdu_session_id: 2,
          dl_total_bytes: 10786643,
          ul_total_bytes: 37082651709,
          sst: 1
        }
      ],
      rnti: 17925,
      cells: [
        {
          cell_id: 1,
          dl_bitrate: 162122,
          ul_bitrate: 107139409,
          dl_tx: 61,
          ul_tx: 747,
          dl_err: 0,
          ul_err: 0,
          dl_retx: 0,
          ul_retx: 0,
          pusch_snr: 25.3,
          epre: -94.7,
          ul_phr: 18,
          ul_path_loss: 78.5,
          p_ue: 1,
          dl_mcs: 24.7,
          ul_mcs: 23,
          ul_n_layer: 1,
          turbo_decoder_min: 1,
          turbo_decoder_avg: 2.258,
          turbo_decoder_max: 4,
          cqi: 15,
          ri: 2,
          ul_rank: 1,
          initial_ta: 0
        }
      ]
    }
  ],
  time: 2902.998,
  utc: 1744086194.679
}

