{
  message: ready,
  type: ENB,
  name: ENB,
  version: 2023-06-10,
  time: 845.517,
  utc: 1743797079.32
}
{
  message: ue_get,
  ue_list: [
    {
      ran_ue_id: 4,
      amf_ue_id: 103,
      qos_flow_list: [
        {
          pdu_session_id: 1,
          dl_total_bytes: 14874,
          ul_total_bytes: 8540,
          sst: 1
        },
        {
          pdu_session_id: 2,
          dl_total_bytes: 1253912,
          ul_total_bytes: 23730305030,
          sst: 1
        }
      ],
      rnti: 17924,
      cells: [
        {
          cell_id: 1,
          dl_bitrate: 151977,
          ul_bitrate: 184311053,
          dl_tx: 88,
          ul_tx: 1614,
          dl_err: 0,
          ul_err: 0,
          dl_retx: 2,
          ul_retx: 0,
          pusch_snr: 29.6,
          epre: -81.6,
          ul_phr: -9,
          ul_path_loss: 68,
          p_ue: 19,
          dl_mcs: 25.6,
          ul_mcs: 18.9,
          ul_n_layer: 1,
          turbo_decoder_min: 1,
          turbo_decoder_avg: 1.295,
          turbo_decoder_max: 2,
          cqi: 14,
          ri: 2,
          ul_rank: 1,
          initial_ta: 1
        }
      ]
    }
  ],
  time: 845.519,
  utc: 1743797079.331
}

