{
  message: ready,
  type: ENB,
  name: ENB,
  version: 2023-06-10,
  time: 2077.972,
  utc: 1744204070.423
}
{
  message: ue_get,
  ue_list: [
    {
      ran_ue_id: 3,
      amf_ue_id: 102,
      qos_flow_list: [
        {
          pdu_session_id: 1,
          dl_total_bytes: 15157,
          ul_total_bytes: 8820,
          sst: 1
        },
        {
          pdu_session_id: 2,
          dl_total_bytes: 5516753,
          ul_total_bytes: 18487422253,
          sst: 1
        }
      ],
      rnti: 17923,
      cells: [
        {
          cell_id: 1,
          dl_bitrate: 76022,
          ul_bitrate: 84178248,
          dl_tx: 83,
          ul_tx: 1549,
          dl_err: 0,
          ul_err: 0,
          dl_retx: 20,
          ul_retx: 18,
          pusch_snr: 10.1,
          epre: -110.9,
          ul_phr: -15,
          ul_path_loss: 98,
          p_ue: 23,
          dl_mcs: 14.6,
          ul_mcs: 9,
          ul_n_layer: 1,
          turbo_decoder_min: 0,
          turbo_decoder_avg: 3.553,
          turbo_decoder_max: 5,
          cqi: 10,
          ri: 2,
          ul_rank: 1,
          initial_ta: 0
        }
      ]
    }
  ],
  time: 2077.974,
  utc: 1744204070.434
}

