{
  message: ready,
  type: ENB,
  name: ENB,
  version: 2023-06-10,
  time: 616.818,
  utc: 1744075224.972
}
{
  message: ue_get,
  ue_list: [
    {
      ran_ue_id: 4,
      amf_ue_id: 103,
      qos_flow_list: [
        {
          pdu_session_id: 1,
          dl_total_bytes: 14865,
          ul_total_bytes: 8539,
          sst: 1
        },
        {
          pdu_session_id: 2,
          dl_total_bytes: 1103029,
          ul_total_bytes: 8700831069,
          sst: 1
        }
      ],
      rnti: 17924,
      cells: [
        {
          cell_id: 1,
          dl_bitrate: 111708,
          ul_bitrate: 131837908,
          dl_tx: 82,
          ul_tx: 1199,
          dl_err: 0,
          ul_err: 0,
          dl_retx: 15,
          ul_retx: 10,
          pusch_snr: 22.9,
          epre: -98.4,
          ul_phr: -6,
          ul_path_loss: 88,
          p_ue: 22,
          dl_mcs: 21,
          ul_mcs: 18,
          ul_n_layer: 1,
          turbo_decoder_min: 1,
          turbo_decoder_avg: 2.887,
          turbo_decoder_max: 5,
          cqi: 14,
          ri: 2,
          ul_rank: 1,
          initial_ta: 0
        }
      ]
    }
  ],
  time: 616.82,
  utc: 1744075224.983
}

