{
  message: ready,
  type: ENB,
  name: ENB,
  version: 2023-06-10,
  time: 697.844,
  utc: 1744185395.226
}
{
  message: ue_get,
  ue_list: [
    {
      ran_ue_id: 20,
      amf_ue_id: 119,
      qos_flow_list: [
        {
          pdu_session_id: 2,
          dl_total_bytes: 40,
          ul_total_bytes: 41,
          sst: 1
        }
      ],
      rnti: 17940,
      cells: [
        {
          cell_id: 1,
          dl_bitrate: 2153,
          ul_bitrate: 0,
          dl_tx: 2,
          ul_tx: 0,
          dl_err: 0,
          ul_err: 0,
          dl_retx: 2,
          ul_retx: 0,
          pusch_snr: 19.7,
          epre: -99.8,
          ul_phr: -23,
          ul_path_loss: 96.2,
          p_ue: 8,
          dl_mcs: 17.5,
          cqi: 11,
          ri: 2,
          ul_rank: 1,
          initial_ta: 1
        }
      ]
    },
    {
      ran_ue_id: 3,
      amf_ue_id: 102,
      qos_flow_list: [
        {
          pdu_session_id: 1,
          dl_total_bytes: 14865,
          ul_total_bytes: 8545,
          sst: 1
        },
        {
          pdu_session_id: 2,
          dl_total_bytes: 1234733,
          ul_total_bytes: 13702172389,
          sst: 1
        }
      ],
      rnti: 17923,
      cells: [
        {
          cell_id: 1,
          dl_bitrate: 144015,
          ul_bitrate: 179633509,
          dl_tx: 94,
          ul_tx: 1405,
          dl_err: 0,
          ul_err: 0,
          dl_retx: 0,
          ul_retx: 14,
          pusch_snr: 24.2,
          epre: -96,
          ul_phr: 1,
          ul_path_loss: 78.2,
          p_ue: 18,
          dl_mcs: 23,
          ul_mcs: 20.9,
          ul_n_layer: 1,
          turbo_decoder_min: 1,
          turbo_decoder_avg: 2.106,
          turbo_decoder_max: 5,
          cqi: 15,
          ri: 2,
          ul_rank: 1,
          initial_ta: 1
        }
      ]
    }
  ],
  time: 697.846,
  utc: 1744185395.237
}

