{
  message: ready,
  type: ENB,
  name: ENB,
  version: 2023-06-10,
  time: 768.851,
  utc: 1743864991.908
}
{
  message: ue_get,
  ue_list: [
    {
      ran_ue_id: 3,
      amf_ue_id: 102,
      qos_flow_list: [
        {
          pdu_session_id: 1,
          dl_total_bytes: 14866,
          ul_total_bytes: 8546,
          sst: 1
        },
        {
          pdu_session_id: 2,
          dl_total_bytes: 1122239,
          ul_total_bytes: 15790648732,
          sst: 1
        }
      ],
      rnti: 17923,
      cells: [
        {
          cell_id: 1,
          dl_bitrate: 163333,
          ul_bitrate: 203978059,
          dl_tx: 98,
          ul_tx: 1289,
          dl_err: 0,
          ul_err: 0,
          dl_retx: 0,
          ul_retx: 7,
          pusch_snr: 27.5,
          epre: -92.3,
          ul_phr: 7,
          ul_path_loss: 68.6,
          p_ue: 12,
          dl_mcs: 23,
          ul_mcs: 25.2,
          ul_n_layer: 1,
          turbo_decoder_min: 1,
          turbo_decoder_avg: 2.322,
          turbo_decoder_max: 5,
          cqi: 15,
          ri: 2,
          ul_rank: 1,
          initial_ta: 1
        }
      ]
    }
  ],
  time: 768.853,
  utc: 1743864991.918
}

