{
  message: ready,
  type: ENB,
  name: ENB,
  version: 2023-06-10,
  time: 2204.345,
  utc: 1744189764.487
}
{
  message: ue_get,
  ue_list: [
    {
      ran_ue_id: 4,
      amf_ue_id: 103,
      qos_flow_list: [
        {
          pdu_session_id: 1,
          dl_total_bytes: 15234,
          ul_total_bytes: 8944,
          sst: 1
        },
        {
          pdu_session_id: 2,
          dl_total_bytes: 6599611,
          ul_total_bytes: 44453523048,
          sst: 1
        }
      ],
      rnti: 17924,
      cells: [
        {
          cell_id: 1,
          dl_bitrate: 190240,
          ul_bitrate: 65484279,
          dl_tx: 94,
          ul_tx: 1587,
          dl_err: 0,
          ul_err: 0,
          dl_retx: 36,
          ul_retx: 0,
          pusch_snr: 19.8,
          epre: -101.1,
          ul_phr: -21,
          ul_path_loss: 88.2,
          p_ue: 23,
          dl_mcs: 20.9,
          ul_mcs: 6.5,
          ul_n_layer: 1,
          turbo_decoder_min: 1,
          turbo_decoder_avg: 1.211,
          turbo_decoder_max: 2,
          cqi: 14,
          ri: 2,
          ul_rank: 1,
          initial_ta: 1
        }
      ]
    }
  ],
  time: 2204.347,
  utc: 1744189764.498
}

