{
  message: ready,
  type: ENB,
  name: ENB,
  version: 2023-06-10,
  time: 701.34,
  utc: 1744092702.692
}
{
  message: ue_get,
  ue_list: [
    {
      ran_ue_id: 3,
      amf_ue_id: 102,
      qos_flow_list: [
        {
          pdu_session_id: 1,
          dl_total_bytes: 14865,
          ul_total_bytes: 8545,
          sst: 1
        },
        {
          pdu_session_id: 2,
          dl_total_bytes: 1232675,
          ul_total_bytes: 8654716433,
          sst: 1
        }
      ],
      rnti: 17923,
      cells: [
        {
          cell_id: 1,
          dl_bitrate: 143251,
          ul_bitrate: 136638641,
          dl_tx: 86,
          ul_tx: 1134,
          dl_err: 0,
          ul_err: 0,
          dl_retx: 1,
          ul_retx: 3,
          pusch_snr: 21.7,
          epre: -98.6,
          ul_phr: 13,
          ul_path_loss: 68.8,
          p_ue: 6,
          dl_mcs: 25,
          ul_mcs: 20.3,
          ul_n_layer: 1,
          turbo_decoder_min: 0,
          turbo_decoder_avg: 2.81,
          turbo_decoder_max: 5,
          cqi: 15,
          ri: 2,
          ul_rank: 1,
          initial_ta: 0
        }
      ]
    }
  ],
  time: 701.342,
  utc: 1744092702.703
}

