{
  message: ready,
  type: ENB,
  name: ENB,
  version: 2023-06-10,
  time: 959.724,
  utc: 1743800215.457
}
{
  message: ue_get,
  ue_list: [
    {
      ran_ue_id: 4,
      amf_ue_id: 103,
      qos_flow_list: [
        {
          pdu_session_id: 1,
          dl_total_bytes: 15117,
          ul_total_bytes: 8780,
          sst: 1
        },
        {
          pdu_session_id: 2,
          dl_total_bytes: 1410447,
          ul_total_bytes: 27408991885,
          sst: 1
        }
      ],
      rnti: 17924,
      cells: [
        {
          cell_id: 1,
          dl_bitrate: 158404,
          ul_bitrate: 242506389,
          dl_tx: 91,
          ul_tx: 1603,
          dl_err: 0,
          ul_err: 0,
          dl_retx: 1,
          ul_retx: 13,
          pusch_snr: 26.8,
          epre: -93.3,
          ul_phr: 8,
          ul_path_loss: 68.6,
          p_ue: 11,
          dl_mcs: 25.6,
          ul_mcs: 24,
          ul_n_layer: 1,
          turbo_decoder_min: 1,
          turbo_decoder_avg: 2.517,
          turbo_decoder_max: 5,
          cqi: 15,
          ri: 2,
          ul_rank: 1,
          initial_ta: 1
        }
      ]
    }
  ],
  time: 959.725,
  utc: 1743800215.467
}

