{
  message: ready,
  type: ENB,
  name: ENB,
  version: 2023-06-10,
  time: 1790.074,
  utc: 1744070245.609
}
{
  message: ue_get,
  ue_list: [
    {
      ran_ue_id: 4,
      amf_ue_id: 103,
      qos_flow_list: [
        {
          pdu_session_id: 1,
          dl_total_bytes: 15121,
          ul_total_bytes: 9548,
          sst: 1
        },
        {
          pdu_session_id: 2,
          dl_total_bytes: 4356192,
          ul_total_bytes: 23694424677,
          sst: 1
        }
      ],
      rnti: 17924,
      cells: [
        {
          cell_id: 1,
          dl_bitrate: 104163,
          ul_bitrate: 139188278,
          dl_tx: 73,
          ul_tx: 881,
          dl_err: 0,
          ul_err: 0,
          dl_retx: 1,
          ul_retx: 5,
          pusch_snr: 27.7,
          epre: -86,
          ul_phr: 1,
          ul_path_loss: 68.9,
          p_ue: 18,
          dl_mcs: 22.3,
          ul_mcs: 26.3,
          ul_n_layer: 1,
          turbo_decoder_min: 1,
          turbo_decoder_avg: 1.982,
          turbo_decoder_max: 5,
          cqi: 14,
          ri: 2,
          ul_rank: 1,
          initial_ta: 1
        }
      ]
    }
  ],
  time: 1790.077,
  utc: 1744070245.62
}

