{
  message: ready,
  type: ENB,
  name: ENB,
  version: 2023-06-10,
  time: 2721.321,
  utc: 1744071176.856
}
{
  message: ue_get,
  ue_list: [
    {
      ran_ue_id: 4,
      amf_ue_id: 103,
      qos_flow_list: [
        {
          pdu_session_id: 1,
          dl_total_bytes: 15305,
          ul_total_bytes: 9750,
          sst: 1
        },
        {
          pdu_session_id: 2,
          dl_total_bytes: 9802559,
          ul_total_bytes: 36612279694,
          sst: 1
        }
      ],
      rnti: 17924,
      cells: [
        {
          cell_id: 1,
          dl_bitrate: 175862,
          ul_bitrate: 122621701,
          dl_tx: 66,
          ul_tx: 904,
          dl_err: 0,
          ul_err: 0,
          dl_retx: 2,
          ul_retx: 0,
          pusch_snr: 32,
          epre: -84.9,
          ul_phr: 17,
          ul_path_loss: 70.5,
          p_ue: 2,
          dl_mcs: 25.6,
          ul_mcs: 22.1,
          ul_n_layer: 1,
          turbo_decoder_min: 1,
          turbo_decoder_avg: 1.411,
          turbo_decoder_max: 4,
          cqi: 14,
          ri: 2,
          ul_rank: 1,
          initial_ta: 1
        }
      ]
    }
  ],
  time: 2721.323,
  utc: 1744071176.867
}

