{
  message: ready,
  type: ENB,
  name: ENB,
  version: 2023-06-10,
  time: 523.723,
  utc: 1744080904.267
}
{
  message: ue_get,
  ue_list: [
    {
      ran_ue_id: 4,
      amf_ue_id: 103,
      qos_flow_list: [
        {
          pdu_session_id: 1,
          dl_total_bytes: 14857,
          ul_total_bytes: 8539,
          sst: 1
        },
        {
          pdu_session_id: 2,
          dl_total_bytes: 937530,
          ul_total_bytes: 6043095481,
          sst: 1
        }
      ],
      rnti: 17924,
      cells: [
        {
          cell_id: 1,
          dl_bitrate: 86604,
          ul_bitrate: 89346669,
          dl_tx: 52,
          ul_tx: 553,
          dl_err: 0,
          ul_err: 0,
          dl_retx: 0,
          ul_retx: 4,
          pusch_snr: 28.2,
          epre: -91.5,
          ul_phr: 28,
          ul_path_loss: 66.7,
          p_ue: -9,
          dl_mcs: 24,
          ul_mcs: 25,
          ul_n_layer: 1,
          turbo_decoder_min: 0,
          turbo_decoder_avg: 2.164,
          turbo_decoder_max: 5,
          cqi: 15,
          ri: 2,
          ul_rank: 1,
          initial_ta: 1
        }
      ]
    }
  ],
  time: 523.725,
  utc: 1744080904.278
}

