{
  message: ready,
  type: ENB,
  name: ENB,
  version: 2023-06-10,
  time: 524.772,
  utc: 1744080905.316
}
{
  message: ue_get,
  ue_list: [
    {
      ran_ue_id: 4,
      amf_ue_id: 103,
      qos_flow_list: [
        {
          pdu_session_id: 1,
          dl_total_bytes: 14857,
          ul_total_bytes: 8539,
          sst: 1
        },
        {
          pdu_session_id: 2,
          dl_total_bytes: 939350,
          ul_total_bytes: 6054666172,
          sst: 1
        }
      ],
      rnti: 17924,
      cells: [
        {
          cell_id: 1,
          dl_bitrate: 85834,
          ul_bitrate: 88406665,
          dl_tx: 49,
          ul_tx: 546,
          dl_err: 0,
          ul_err: 0,
          dl_retx: 1,
          ul_retx: 2,
          pusch_snr: 27.9,
          epre: -91.6,
          ul_phr: 28,
          ul_path_loss: 68.4,
          p_ue: -9,
          dl_mcs: 24.1,
          ul_mcs: 25.1,
          ul_n_layer: 1,
          turbo_decoder_min: 0,
          turbo_decoder_avg: 2.177,
          turbo_decoder_max: 5,
          cqi: 15,
          ri: 2,
          ul_rank: 1,
          initial_ta: 1
        }
      ]
    }
  ],
  time: 524.774,
  utc: 1744080905.327
}

