{
  message: ready,
  type: ENB,
  name: ENB,
  version: 2023-06-10,
  time: 120.68,
  utc: 1744103730.36
}
{
  message: ue_get,
  ue_list: [
    {
      ran_ue_id: 3,
      amf_ue_id: 102,
      qos_flow_list: [
        {
          pdu_session_id: 1,
          dl_total_bytes: 14863,
          ul_total_bytes: 8543,
          sst: 1
        },
        {
          pdu_session_id: 2,
          dl_total_bytes: 226400,
          ul_total_bytes: 772591155,
          sst: 1
        }
      ],
      rnti: 17923,
      cells: [
        {
          cell_id: 1,
          dl_bitrate: 100859,
          ul_bitrate: 116851877,
          dl_tx: 65,
          ul_tx: 717,
          dl_err: 0,
          ul_err: 0,
          dl_retx: 14,
          ul_retx: 6,
          pusch_snr: 29.6,
          epre: -89.3,
          ul_phr: 4,
          ul_path_loss: 68,
          p_ue: 15,
          dl_mcs: 23.2,
          ul_mcs: 26.1,
          ul_n_layer: 1,
          turbo_decoder_min: 1,
          turbo_decoder_avg: 2.205,
          turbo_decoder_max: 5,
          cqi: 15,
          ri: 2,
          ul_rank: 1,
          initial_ta: 1
        }
      ]
    }
  ],
  time: 120.681,
  utc: 1744103730.371
}

