{
  message: ready,
  type: ENB,
  name: ENB,
  version: 2023-06-10,
  time: 104.736,
  utc: 1744103714.417
}
{
  message: ue_get,
  ue_list: [
    {
      ran_ue_id: 8,
      amf_ue_id: 107,
      qos_flow_list: [
        {
          pdu_session_id: 2,
          dl_total_bytes: 518,
          ul_total_bytes: 426,
          sst: 1
        }
      ],
      rnti: 17928,
      cells: [
        {
          cell_id: 1,
          dl_bitrate: 2684,
          ul_bitrate: 0,
          dl_tx: 2,
          ul_tx: 0,
          dl_err: 0,
          ul_err: 0,
          dl_retx: 0,
          ul_retx: 0,
          pusch_snr: 22.5,
          epre: -95.6,
          ul_phr: 4,
          ul_path_loss: 83.5,
          p_ue: 4,
          dl_mcs: 22,
          cqi: 15,
          ri: 2,
          ul_rank: 1,
          initial_ta: 1
        }
      ]
    },
    {
      ran_ue_id: 3,
      amf_ue_id: 102,
      qos_flow_list: [
        {
          pdu_session_id: 1,
          dl_total_bytes: 14863,
          ul_total_bytes: 8543,
          sst: 1
        },
        {
          pdu_session_id: 2,
          dl_total_bytes: 196396,
          ul_total_bytes: 538754814,
          sst: 1
        }
      ],
      rnti: 17923,
      cells: [
        {
          cell_id: 1,
          dl_bitrate: 99796,
          ul_bitrate: 113248728,
          dl_tx: 58,
          ul_tx: 696,
          dl_err: 0,
          ul_err: 0,
          dl_retx: 0,
          ul_retx: 10,
          pusch_snr: 32.5,
          epre: -86.4,
          ul_phr: 5,
          ul_path_loss: 68.5,
          p_ue: 14,
          dl_mcs: 24.4,
          ul_mcs: 25.6,
          ul_n_layer: 1,
          turbo_decoder_min: 1,
          turbo_decoder_avg: 2.102,
          turbo_decoder_max: 5,
          cqi: 15,
          ri: 2,
          ul_rank: 1,
          initial_ta: 1
        }
      ]
    }
  ],
  time: 104.738,
  utc: 1744103714.427
}

