{
  message: ready,
  type: ENB,
  name: ENB,
  version: 2023-06-10,
  time: 119.637,
  utc: 1744103729.318
}
{
  message: ue_get,
  ue_list: [
    {
      ran_ue_id: 3,
      amf_ue_id: 102,
      qos_flow_list: [
        {
          pdu_session_id: 1,
          dl_total_bytes: 14863,
          ul_total_bytes: 8543,
          sst: 1
        },
        {
          pdu_session_id: 2,
          dl_total_bytes: 224580,
          ul_total_bytes: 758600148,
          sst: 1
        }
      ],
      rnti: 17923,
      cells: [
        {
          cell_id: 1,
          dl_bitrate: 119910,
          ul_bitrate: 141484928,
          dl_tx: 75,
          ul_tx: 904,
          dl_err: 0,
          ul_err: 0,
          dl_retx: 1,
          ul_retx: 8,
          pusch_snr: 29.6,
          epre: -89.7,
          ul_phr: 4,
          ul_path_loss: 68.6,
          p_ue: 15,
          dl_mcs: 24.1,
          ul_mcs: 25.7,
          ul_n_layer: 1,
          turbo_decoder_min: 1,
          turbo_decoder_avg: 2.121,
          turbo_decoder_max: 5,
          cqi: 15,
          ri: 2,
          ul_rank: 1,
          initial_ta: 1
        }
      ]
    }
  ],
  time: 119.639,
  utc: 1744103729.329
}

