{
  message: ready,
  type: ENB,
  name: ENB,
  version: 2023-06-10,
  time: 1699.624,
  utc: 1744840752.202
}
{
  message: ue_get,
  ue_list: [
    {
      ran_ue_id: 2,
      amf_ue_id: 101,
      qos_flow_list: [
        {
          pdu_session_id: 1,
          dl_total_bytes: 7593,
          ul_total_bytes: 7459,
          sst: 1
        },
        {
          pdu_session_id: 2,
          dl_total_bytes: 648602,
          ul_total_bytes: 563006926,
          sst: 1
        }
      ],
      rnti: 17922,
      cells: [
        {
          cell_id: 1,
          dl_bitrate: 18595,
          ul_bitrate: 1966610,
          dl_tx: 22,
          ul_tx: 1030,
          dl_err: 0,
          ul_err: 0,
          dl_retx: 0,
          ul_retx: 12,
          pusch_snr: 14.3,
          epre: -106,
          ul_phr: -28,
          ul_path_loss: 108.1,
          p_ue: 23,
          dl_mcs: 18,
          ul_mcs: 4,
          ul_n_layer: 1,
          turbo_decoder_min: 1,
          turbo_decoder_avg: 1.314,
          turbo_decoder_max: 5,
          cqi: 12,
          ri: 2,
          ul_rank: 1,
          initial_ta: 1
        }
      ]
    }
  ],
  time: 1699.627,
  utc: 1744840752.213
}

