{
  message: ready,
  type: ENB,
  name: ENB,
  version: 2023-06-10,
  time: 2144.799,
  utc: 1744073507.773
}
{
  message: ue_get,
  ue_list: [
    {
      ran_ue_id: 46,
      amf_ue_id: 102,
      qos_flow_list: [
        {
          pdu_session_id: 1,
          dl_total_bytes: 15049,
          ul_total_bytes: 8741,
          sst: 1
        },
        {
          pdu_session_id: 2,
          dl_total_bytes: 4412006,
          ul_total_bytes: 24940898261,
          sst: 1
        }
      ],
      rnti: 17986,
      cells: [
        {
          cell_id: 1,
          dl_bitrate: 124928,
          ul_bitrate: 114993856,
          dl_tx: 66,
          ul_tx: 810,
          dl_err: 0,
          ul_err: 0,
          dl_retx: 0,
          ul_retx: 3,
          pusch_snr: 25.4,
          epre: -94.4,
          ul_phr: 19,
          ul_path_loss: 78.1,
          p_ue: 0,
          dl_mcs: 24,
          ul_mcs: 23.8,
          ul_n_layer: 1,
          turbo_decoder_min: 0,
          turbo_decoder_avg: 2.584,
          turbo_decoder_max: 5,
          cqi: 14,
          ri: 2,
          ul_rank: 1,
          initial_ta: 1
        }
      ]
    }
  ],
  time: 2144.8,
  utc: 1744073507.784
}

