{
  message: ready,
  type: ENB,
  name: ENB,
  version: 2023-06-10,
  time: 837.758,
  utc: 1744107338.129
}
{
  message: ue_get,
  ue_list: [
    {
      ran_ue_id: 6,
      amf_ue_id: 105,
      qos_flow_list: [
        {
          pdu_session_id: 1,
          dl_total_bytes: 9465,
          ul_total_bytes: 7453,
          sst: 1
        },
        {
          pdu_session_id: 2,
          dl_total_bytes: 1333817,
          ul_total_bytes: 11273755789,
          sst: 1
        }
      ],
      rnti: 17926,
      cells: [
        {
          cell_id: 1,
          dl_bitrate: 113441,
          ul_bitrate: 140551341,
          dl_tx: 79,
          ul_tx: 1033,
          dl_err: 0,
          ul_err: 0,
          dl_retx: 13,
          ul_retx: 19,
          pusch_snr: 24.8,
          epre: -95.8,
          ul_phr: 0,
          ul_path_loss: 78.5,
          p_ue: 19,
          dl_mcs: 23,
          ul_mcs: 22.8,
          ul_n_layer: 1,
          turbo_decoder_min: 1,
          turbo_decoder_avg: 2.494,
          turbo_decoder_max: 5,
          cqi: 15,
          ri: 2,
          ul_rank: 1,
          initial_ta: 1
        }
      ]
    }
  ],
  time: 837.76,
  utc: 1744107338.139
}

