{
  message: ready,
  type: ENB,
  name: ENB,
  version: 2023-06-10,
  time: 1205.498,
  utc: 1744060813.823
}
{
  message: ue_get,
  ue_list: [
    {
      ran_ue_id: 3,
      amf_ue_id: 102,
      qos_flow_list: [
        {
          pdu_session_id: 1,
          dl_total_bytes: 15033,
          ul_total_bytes: 8741,
          sst: 1
        },
        {
          pdu_session_id: 2,
          dl_total_bytes: 2455523,
          ul_total_bytes: 18441879662,
          sst: 1
        }
      ],
      rnti: 17923,
      cells: [
        {
          cell_id: 1,
          dl_bitrate: 190348,
          ul_bitrate: 129120942,
          dl_tx: 115,
          ul_tx: 1082,
          dl_err: 0,
          ul_err: 0,
          dl_retx: 0,
          ul_retx: 10,
          pusch_snr: 24.4,
          epre: -95.4,
          ul_phr: 0,
          ul_path_loss: 78.3,
          p_ue: 19,
          dl_mcs: 27.9,
          ul_mcs: 23.4,
          ul_n_layer: 1,
          turbo_decoder_min: 1,
          turbo_decoder_avg: 2.679,
          turbo_decoder_max: 5,
          cqi: 15,
          ri: 2,
          ul_rank: 1,
          initial_ta: 1
        }
      ]
    }
  ],
  time: 1205.499,
  utc: 1744060813.834
}

