{
  message: ready,
  type: ENB,
  name: ENB,
  version: 2023-06-10,
  time: 189.893,
  utc: 1743798429.996
}
{
  message: ue_get,
  ue_list: [
    {
      ran_ue_id: 4,
      amf_ue_id: 103,
      qos_flow_list: [
        {
          pdu_session_id: 1,
          dl_total_bytes: 14873,
          ul_total_bytes: 8545,
          sst: 1
        },
        {
          pdu_session_id: 2,
          dl_total_bytes: 314430,
          ul_total_bytes: 3955580799,
          sst: 1
        }
      ],
      rnti: 17924,
      cells: [
        {
          cell_id: 1,
          dl_bitrate: 165705,
          ul_bitrate: 261570346,
          dl_tx: 93,
          ul_tx: 1597,
          dl_err: 0,
          ul_err: 0,
          dl_retx: 1,
          ul_retx: 16,
          pusch_snr: 30,
          epre: -89.2,
          ul_phr: 4,
          ul_path_loss: 68.4,
          p_ue: 15,
          dl_mcs: 26.4,
          ul_mcs: 26,
          ul_n_layer: 1,
          turbo_decoder_min: 1,
          turbo_decoder_avg: 2.238,
          turbo_decoder_max: 5,
          cqi: 15,
          ri: 2,
          ul_rank: 1,
          initial_ta: 1
        }
      ]
    }
  ],
  time: 189.894,
  utc: 1743798430.007
}

