{
  message: ready,
  type: ENB,
  name: ENB,
  version: 2023-06-10,
  time: 1976.521,
  utc: 1744079446.465
}
{
  message: ue_get,
  ue_list: [
    {
      ran_ue_id: 24,
      amf_ue_id: 123,
      qos_flow_list: [
        {
          pdu_session_id: 2,
          dl_total_bytes: 40,
          ul_total_bytes: 137,
          sst: 1
        },
        {
          pdu_session_id: 1,
          dl_total_bytes: 184,
          ul_total_bytes: 202,
          sst: 1
        }
      ],
      rnti: 17944,
      cells: [
        {
          cell_id: 1,
          dl_bitrate: 598,
          ul_bitrate: 168,
          dl_tx: 3,
          ul_tx: 1,
          dl_err: 0,
          ul_err: 0,
          dl_retx: 1,
          ul_retx: 0,
          pusch_snr: 10.4,
          epre: -111.8,
          ul_phr: -22,
          ul_path_loss: 106.2,
          p_ue: 8,
          dl_mcs: 7,
          ul_mcs: 4,
          ul_n_layer: 1,
          turbo_decoder_min: 1,
          turbo_decoder_avg: 1,
          turbo_decoder_max: 1,
          cqi: 7,
          ri: 1,
          ul_rank: 1,
          initial_ta: 1
        }
      ]
    },
    {
      ran_ue_id: 3,
      amf_ue_id: 102,
      qos_flow_list: [
        {
          pdu_session_id: 1,
          dl_total_bytes: 15233,
          ul_total_bytes: 8949,
          sst: 1
        },
        {
          pdu_session_id: 2,
          dl_total_bytes: 5007749,
          ul_total_bytes: 17660359115,
          sst: 1
        }
      ],
      rnti: 17923,
      cells: [
        {
          cell_id: 1,
          dl_bitrate: 133735,
          ul_bitrate: 83884314,
          dl_tx: 95,
          ul_tx: 1501,
          dl_err: 0,
          ul_err: 0,
          dl_retx: 2,
          ul_retx: 15,
          pusch_snr: 9.7,
          epre: -111.2,
          ul_phr: -17,
          ul_path_loss: 98.4,
          p_ue: 23,
          dl_mcs: 11.2,
          ul_mcs: 9.1,
          ul_n_layer: 1,
          turbo_decoder_min: 1,
          turbo_decoder_avg: 3.407,
          turbo_decoder_max: 5,
          cqi: 9,
          ri: 2,
          ul_rank: 1,
          initial_ta: 1
        }
      ]
    }
  ],
  time: 1976.524,
  utc: 1744079446.476
}

