{
  message: ready,
  type: ENB,
  name: ENB,
  version: 2023-06-10,
  time: 255.375,
  utc: 1744122727.234
}
{
  message: ue_get,
  ue_list: [
    {
      ran_ue_id: 6,
      amf_ue_id: 105,
      qos_flow_list: [
        {
          pdu_session_id: 1,
          dl_total_bytes: 14865,
          ul_total_bytes: 8545,
          sst: 1
        },
        {
          pdu_session_id: 2,
          dl_total_bytes: 122991,
          ul_total_bytes: 323046222,
          sst: 1
        }
      ],
      rnti: 17926,
      cells: [
        {
          cell_id: 1,
          dl_bitrate: 171482,
          ul_bitrate: 115943665,
          dl_tx: 115,
          ul_tx: 1064,
          dl_err: 0,
          ul_err: 0,
          dl_retx: 0,
          ul_retx: 10,
          pusch_snr: 23.2,
          epre: -97.3,
          ul_phr: 12,
          ul_path_loss: 68.3,
          p_ue: 7,
          dl_mcs: 27.9,
          ul_mcs: 21.4,
          ul_n_layer: 1,
          turbo_decoder_min: 1,
          turbo_decoder_avg: 2.629,
          turbo_decoder_max: 5,
          cqi: 15,
          ri: 2,
          ul_rank: 1,
          initial_ta: 1
        }
      ]
    }
  ],
  time: 255.376,
  utc: 1744122727.244
}

