{
  message: ready,
  type: ENB,
  name: ENB,
  version: 2023-06-10,
  time: 1579.658,
  utc: 1744052450.835
}
{
  message: ue_get,
  ue_list: [
    {
      ran_ue_id: 5,
      amf_ue_id: 104,
      qos_flow_list: [
        {
          pdu_session_id: 1,
          dl_total_bytes: 9647,
          ul_total_bytes: 7659,
          sst: 1
        },
        {
          pdu_session_id: 2,
          dl_total_bytes: 3578743,
          ul_total_bytes: 17319689449,
          sst: 1
        }
      ],
      rnti: 17925,
      cells: [
        {
          cell_id: 1,
          dl_bitrate: 142909,
          ul_bitrate: 75450151,
          dl_tx: 110,
          ul_tx: 1071,
          dl_err: 0,
          ul_err: 0,
          dl_retx: 3,
          ul_retx: 0,
          pusch_snr: 19.1,
          epre: -101.7,
          ul_phr: -13,
          ul_path_loss: 87.8,
          p_ue: 22,
          dl_mcs: 24,
          ul_mcs: 14.3,
          ul_n_layer: 1,
          turbo_decoder_min: 1,
          turbo_decoder_avg: 2.009,
          turbo_decoder_max: 3,
          cqi: 15,
          ri: 2,
          ul_rank: 1,
          initial_ta: 2
        }
      ]
    }
  ],
  time: 1579.66,
  utc: 1744052450.846
}

