{
  message: ready,
  type: ENB,
  name: ENB,
  version: 2023-06-10,
  time: 170.671,
  utc: 1744098000.863
}
{
  message: ue_get,
  ue_list: [
    {
      ran_ue_id: 3,
      amf_ue_id: 102,
      qos_flow_list: [
        {
          pdu_session_id: 1,
          dl_total_bytes: 14857,
          ul_total_bytes: 8523,
          sst: 1
        },
        {
          pdu_session_id: 2,
          dl_total_bytes: 311860,
          ul_total_bytes: 1582861285,
          sst: 1
        }
      ],
      rnti: 17923,
      cells: [
        {
          cell_id: 1,
          dl_bitrate: 108834,
          ul_bitrate: 97603031,
          dl_tx: 75,
          ul_tx: 1059,
          dl_err: 0,
          ul_err: 0,
          dl_retx: 7,
          ul_retx: 0,
          pusch_snr: 19.2,
          epre: -101.7,
          ul_phr: -10,
          ul_path_loss: 87.9,
          p_ue: 22,
          dl_mcs: 22.1,
          ul_mcs: 15.7,
          ul_n_layer: 1,
          turbo_decoder_min: 0,
          turbo_decoder_avg: 2.123,
          turbo_decoder_max: 4,
          cqi: 14,
          ri: 2,
          ul_rank: 1,
          initial_ta: 1
        }
      ]
    }
  ],
  time: 170.673,
  utc: 1744098000.874
}

