{
  message: ready,
  type: ENB,
  name: ENB,
  version: 2023-06-10,
  time: 938.038,
  utc: 1744084229.711
}
{
  message: ue_get,
  ue_list: [
    {
      ran_ue_id: 5,
      amf_ue_id: 104,
      qos_flow_list: [
        {
          pdu_session_id: 1,
          dl_total_bytes: 9465,
          ul_total_bytes: 7453,
          sst: 1
        },
        {
          pdu_session_id: 2,
          dl_total_bytes: 1591217,
          ul_total_bytes: 11231439883,
          sst: 1
        }
      ],
      rnti: 17925,
      cells: [
        {
          cell_id: 1,
          dl_bitrate: 108156,
          ul_bitrate: 101462897,
          dl_tx: 64,
          ul_tx: 839,
          dl_err: 0,
          ul_err: 0,
          dl_retx: 0,
          ul_retx: 0,
          pusch_snr: 22,
          epre: -96.9,
          ul_phr: 22,
          ul_path_loss: 78.8,
          p_ue: -3,
          dl_mcs: 25,
          ul_mcs: 20.1,
          ul_n_layer: 1,
          turbo_decoder_min: 1,
          turbo_decoder_avg: 2.65,
          turbo_decoder_max: 5,
          cqi: 15,
          ri: 2,
          ul_rank: 1,
          initial_ta: 0
        }
      ]
    }
  ],
  time: 938.041,
  utc: 1744084229.723
}

