{
  message: ready,
  type: ENB,
  name: ENB,
  version: 2023-06-10,
  time: 1795.322,
  utc: 1744064273.628
}
{
  message: ue_get,
  ue_list: [
    {
      ran_ue_id: 5,
      amf_ue_id: 104,
      qos_flow_list: [
        {
          pdu_session_id: 1,
          dl_total_bytes: 9649,
          ul_total_bytes: 7639,
          sst: 1
        },
        {
          pdu_session_id: 2,
          dl_total_bytes: 4188870,
          ul_total_bytes: 19341517946,
          sst: 1
        }
      ],
      rnti: 17925,
      cells: [
        {
          cell_id: 1,
          dl_bitrate: 103203,
          ul_bitrate: 99558950,
          dl_tx: 115,
          ul_tx: 1075,
          dl_err: 0,
          ul_err: 0,
          dl_retx: 5,
          ul_retx: 0,
          pusch_snr: 18.8,
          epre: -101.7,
          ul_phr: -9,
          ul_path_loss: 87.8,
          p_ue: 22,
          dl_mcs: 15,
          ul_mcs: 18,
          ul_n_layer: 1,
          turbo_decoder_min: 2,
          turbo_decoder_avg: 3.009,
          turbo_decoder_max: 5,
          cqi: 11,
          ri: 2,
          ul_rank: 1,
          initial_ta: 1
        }
      ]
    }
  ],
  time: 1795.324,
  utc: 1744064273.638
}

