{
  message: ready,
  type: ENB,
  name: ENB,
  version: 2023-06-10,
  time: 2124.648,
  utc: 1744050123.155
}
{
  message: ue_get,
  ue_list: [
    {
      ran_ue_id: 53,
      amf_ue_id: 136,
      qos_flow_list: [
        {
          pdu_session_id: 2,
          dl_total_bytes: 0,
          ul_total_bytes: 61,
          sst: 1
        }
      ],
      rnti: 17973,
      cells: [
        {
          cell_id: 1,
          dl_bitrate: 1,
          ul_bitrate: 1,
          dl_tx: 7,
          ul_tx: 5,
          dl_err: 0,
          ul_err: 0,
          dl_retx: 0,
          ul_retx: 4,
          pusch_snr: 18.6,
          epre: -103.8,
          ul_phr: -5,
          ul_path_loss: 103.9,
          p_ue: 8,
          dl_mcs: 13.1,
          ul_mcs: 11.2,
          ul_n_layer: 1,
          turbo_decoder_min: 1,
          turbo_decoder_avg: 3.111,
          turbo_decoder_max: 5,
          cqi: 15,
          ri: 2,
          ul_rank: 1,
          initial_ta: 1
        }
      ]
    },
    {
      ran_ue_id: 3,
      amf_ue_id: 102,
      qos_flow_list: [
        {
          pdu_session_id: 1,
          dl_total_bytes: 15223,
          ul_total_bytes: 8925,
          sst: 1
        },
        {
          pdu_session_id: 2,
          dl_total_bytes: 6041644,
          ul_total_bytes: 29656136205,
          sst: 1
        }
      ],
      rnti: 17923,
      cells: [
        {
          cell_id: 1,
          dl_bitrate: 164641,
          ul_bitrate: 124786223,
          dl_tx: 110,
          ul_tx: 1062,
          dl_err: 0,
          ul_err: 0,
          dl_retx: 0,
          ul_retx: 8,
          pusch_snr: 23.9,
          epre: -96.4,
          ul_phr: 1,
          ul_path_loss: 78.3,
          p_ue: 18,
          dl_mcs: 27.9,
          ul_mcs: 22.7,
          ul_n_layer: 1,
          turbo_decoder_min: 1,
          turbo_decoder_avg: 2.76,
          turbo_decoder_max: 5,
          cqi: 15,
          ri: 2,
          ul_rank: 1,
          initial_ta: 1
        }
      ]
    }
  ],
  time: 2124.65,
  utc: 1744050123.166
}

