{
  message: ready,
  type: ENB,
  name: ENB,
  version: 2023-06-10,
  time: 2313.737,
  utc: 1744103024.137
}
{
  message: ue_get,
  ue_list: [
    {
      ran_ue_id: 3,
      amf_ue_id: 102,
      qos_flow_list: [
        {
          pdu_session_id: 1,
          dl_total_bytes: 15233,
          ul_total_bytes: 8949,
          sst: 1
        },
        {
          pdu_session_id: 2,
          dl_total_bytes: 7236181,
          ul_total_bytes: 22542100339,
          sst: 1
        }
      ],
      rnti: 17923,
      cells: [
        {
          cell_id: 1,
          dl_bitrate: 90917,
          ul_bitrate: 83752029,
          dl_tx: 92,
          ul_tx: 1545,
          dl_err: 0,
          ul_err: 0,
          dl_retx: 5,
          ul_retx: 21,
          pusch_snr: 9.4,
          epre: -111.5,
          ul_phr: -17,
          ul_path_loss: 98.4,
          p_ue: 23,
          dl_mcs: 13.9,
          ul_mcs: 9,
          ul_n_layer: 1,
          turbo_decoder_min: 1,
          turbo_decoder_avg: 3.73,
          turbo_decoder_max: 5,
          cqi: 10,
          ri: 2,
          ul_rank: 1,
          initial_ta: 1
        }
      ]
    }
  ],
  time: 2313.738,
  utc: 1744103024.148
}

