{
  message: ready,
  type: ENB,
  name: ENB,
  version: 2023-06-10,
  time: 2025.287,
  utc: 1744102735.687
}
{
  message: ue_get,
  ue_list: [
    {
      ran_ue_id: 3,
      amf_ue_id: 102,
      qos_flow_list: [
        {
          pdu_session_id: 1,
          dl_total_bytes: 15233,
          ul_total_bytes: 8949,
          sst: 1
        },
        {
          pdu_session_id: 2,
          dl_total_bytes: 5407511,
          ul_total_bytes: 19578775661,
          sst: 1
        }
      ],
      rnti: 17923,
      cells: [
        {
          cell_id: 1,
          dl_bitrate: 132100,
          ul_bitrate: 86012695,
          dl_tx: 99,
          ul_tx: 1536,
          dl_err: 0,
          ul_err: 0,
          dl_retx: 16,
          ul_retx: 14,
          pusch_snr: 10,
          epre: -111,
          ul_phr: -14,
          ul_path_loss: 98.4,
          p_ue: 23,
          dl_mcs: 11.2,
          ul_mcs: 9.5,
          ul_n_layer: 1,
          turbo_decoder_min: 1,
          turbo_decoder_avg: 3.497,
          turbo_decoder_max: 5,
          cqi: 9,
          ri: 2,
          ul_rank: 1,
          initial_ta: 1
        }
      ]
    }
  ],
  time: 2025.288,
  utc: 1744102735.698
}

