{
  message: ready,
  type: ENB,
  name: ENB,
  version: 2023-06-10,
  time: 2823.59,
  utc: 1744213495.789
}
{
  message: ue_get,
  ue_list: [
    {
      ran_ue_id: 71,
      amf_ue_id: 141,
      qos_flow_list: [
        {
          pdu_session_id: 1,
          dl_total_bytes: 92,
          ul_total_bytes: 101,
          sst: 1
        }
      ],
      rnti: 17991,
      cells: [
        {
          cell_id: 1,
          dl_bitrate: 1,
          ul_bitrate: 1,
          dl_tx: 8,
          ul_tx: 14,
          dl_err: 0,
          ul_err: 1,
          dl_retx: 7,
          ul_retx: 6,
          pusch_snr: 2.9,
          epre: -118.9,
          ul_phr: -33,
          ul_path_loss: 106.9,
          p_ue: 8,
          dl_mcs: 6.5,
          ul_mcs: 5.1,
          ul_n_layer: 1,
          turbo_decoder_min: 1,
          turbo_decoder_avg: 2.7,
          turbo_decoder_max: 5,
          cqi: 5,
          ri: 2,
          ul_rank: 1,
          initial_ta: 1
        }
      ]
    },
    {
      ran_ue_id: 3,
      amf_ue_id: 102,
      qos_flow_list: [
        {
          pdu_session_id: 1,
          dl_total_bytes: 26918,
          ul_total_bytes: 10715,
          sst: 1
        },
        {
          pdu_session_id: 2,
          dl_total_bytes: 10334159,
          ul_total_bytes: 27448110328,
          sst: 1
        }
      ],
      rnti: 17923,
      cells: [
        {
          cell_id: 1,
          dl_bitrate: 132111,
          ul_bitrate: 74032536,
          dl_tx: 94,
          ul_tx: 1718,
          dl_err: 0,
          ul_err: 0,
          dl_retx: 13,
          ul_retx: 0,
          pusch_snr: 19.4,
          epre: -101,
          ul_phr: -20,
          ul_path_loss: 88.2,
          p_ue: 23,
          dl_mcs: 11.2,
          ul_mcs: 7.1,
          ul_n_layer: 1,
          turbo_decoder_min: 1,
          turbo_decoder_avg: 1.119,
          turbo_decoder_max: 2,
          cqi: 9,
          ri: 2,
          ul_rank: 1,
          initial_ta: 1
        }
      ]
    }
  ],
  time: 2823.591,
  utc: 1744213495.8
}

