{
  message: ready,
  type: ENB,
  name: ENB,
  version: 2023-06-10,
  time: 2293.493,
  utc: 1744192744.074
}
{
  message: ue_get,
  ue_list: [
    {
      ran_ue_id: 3,
      amf_ue_id: 102,
      qos_flow_list: [
        {
          pdu_session_id: 1,
          dl_total_bytes: 15234,
          ul_total_bytes: 8950,
          sst: 1
        },
        {
          pdu_session_id: 2,
          dl_total_bytes: 6947168,
          ul_total_bytes: 20538521726,
          sst: 1
        }
      ],
      rnti: 17923,
      cells: [
        {
          cell_id: 1,
          dl_bitrate: 147017,
          ul_bitrate: 84975820,
          dl_tx: 95,
          ul_tx: 1542,
          dl_err: 0,
          ul_err: 0,
          dl_retx: 8,
          ul_retx: 16,
          pusch_snr: 9.2,
          epre: -111.5,
          ul_phr: -12,
          ul_path_loss: 98.6,
          p_ue: 23,
          dl_mcs: 13.7,
          ul_mcs: 9,
          ul_n_layer: 1,
          turbo_decoder_min: 1,
          turbo_decoder_avg: 3.72,
          turbo_decoder_max: 5,
          cqi: 10,
          ri: 2,
          ul_rank: 1,
          initial_ta: 2
        }
      ]
    }
  ],
  time: 2293.494,
  utc: 1744192744.085
}

