{
  message: ready,
  type: ENB,
  name: ENB,
  version: 2023-06-10,
  time: 409.523,
  utc: 1744089490.616
}
{
  message: ue_get,
  ue_list: [
    {
      ran_ue_id: 6,
      amf_ue_id: 105,
      qos_flow_list: [
        {
          pdu_session_id: 2,
          dl_total_bytes: 40,
          ul_total_bytes: 41,
          sst: 1
        }
      ],
      rnti: 17926,
      cells: [
        {
          cell_id: 1,
          dl_bitrate: 725,
          ul_bitrate: 0,
          dl_tx: 3,
          ul_tx: 0,
          dl_err: 0,
          ul_err: 0,
          dl_retx: 3,
          ul_retx: 0,
          pusch_snr: 6.4,
          epre: -113.3,
          ul_phr: -29,
          ul_path_loss: 107.3,
          p_ue: 8,
          dl_mcs: 8.7,
          cqi: 7,
          ri: 1,
          ul_rank: 1,
          initial_ta: 0
        }
      ]
    },
    {
      ran_ue_id: 3,
      amf_ue_id: 102,
      qos_flow_list: [
        {
          pdu_session_id: 1,
          dl_total_bytes: 14865,
          ul_total_bytes: 8545,
          sst: 1
        },
        {
          pdu_session_id: 2,
          dl_total_bytes: 719937,
          ul_total_bytes: 3459367058,
          sst: 1
        }
      ],
      rnti: 17923,
      cells: [
        {
          cell_id: 1,
          dl_bitrate: 85733,
          ul_bitrate: 85003970,
          dl_tx: 91,
          ul_tx: 1553,
          dl_err: 0,
          ul_err: 0,
          dl_retx: 16,
          ul_retx: 14,
          pusch_snr: 9.7,
          epre: -111.2,
          ul_phr: -13,
          ul_path_loss: 98.4,
          p_ue: 23,
          dl_mcs: 13.6,
          ul_mcs: 9.1,
          ul_n_layer: 1,
          turbo_decoder_min: 2,
          turbo_decoder_avg: 3.475,
          turbo_decoder_max: 5,
          cqi: 10,
          ri: 2,
          ul_rank: 1,
          initial_ta: 1
        }
      ]
    }
  ],
  time: 409.525,
  utc: 1744089490.627
}

