{
  message: ready,
  type: ENB,
  name: ENB,
  version: 2023-06-10,
  time: 1546.448,
  utc: 1744079016.392
}
{
  message: ue_get,
  ue_list: [
    {
      ran_ue_id: 3,
      amf_ue_id: 102,
      qos_flow_list: [
        {
          pdu_session_id: 1,
          dl_total_bytes: 15049,
          ul_total_bytes: 8747,
          sst: 1
        },
        {
          pdu_session_id: 2,
          dl_total_bytes: 3524402,
          ul_total_bytes: 13655820810,
          sst: 1
        }
      ],
      rnti: 17923,
      cells: [
        {
          cell_id: 1,
          dl_bitrate: 72894,
          ul_bitrate: 82891019,
          dl_tx: 88,
          ul_tx: 1557,
          dl_err: 0,
          ul_err: 0,
          dl_retx: 6,
          ul_retx: 11,
          pusch_snr: 9.9,
          epre: -111,
          ul_phr: -13,
          ul_path_loss: 98.8,
          p_ue: 23,
          dl_mcs: 11.9,
          ul_mcs: 8.9,
          ul_n_layer: 1,
          turbo_decoder_min: 1,
          turbo_decoder_avg: 3.368,
          turbo_decoder_max: 5,
          cqi: 9,
          ri: 2,
          ul_rank: 1,
          initial_ta: 1
        }
      ]
    }
  ],
  time: 1546.45,
  utc: 1744079016.402
}

