{
  message: ready,
  type: ENB,
  name: ENB,
  version: 2023-06-10,
  time: 2370.999,
  utc: 1744085662.672
}
{
  message: ue_get,
  ue_list: [
    {
      ran_ue_id: 5,
      amf_ue_id: 104,
      qos_flow_list: [
        {
          pdu_session_id: 1,
          dl_total_bytes: 9833,
          ul_total_bytes: 7857,
          sst: 1
        },
        {
          pdu_session_id: 2,
          dl_total_bytes: 7425809,
          ul_total_bytes: 30147075012,
          sst: 1
        }
      ],
      rnti: 17925,
      cells: [
        {
          cell_id: 1,
          dl_bitrate: 99274,
          ul_bitrate: 109980703,
          dl_tx: 68,
          ul_tx: 904,
          dl_err: 0,
          ul_err: 0,
          dl_retx: 0,
          ul_retx: 26,
          pusch_snr: 23.2,
          epre: -97,
          ul_phr: 22,
          ul_path_loss: 78.1,
          p_ue: -3,
          dl_mcs: 23,
          ul_mcs: 20.6,
          ul_n_layer: 1,
          turbo_decoder_min: 1,
          turbo_decoder_avg: 2.374,
          turbo_decoder_max: 5,
          cqi: 15,
          ri: 2,
          ul_rank: 1,
          initial_ta: 0
        }
      ]
    }
  ],
  time: 2371.001,
  utc: 1744085662.683
}

