{
  message: ready,
  type: ENB,
  name: ENB,
  version: 2023-06-10,
  time: 965.066,
  utc: 1743800220.799
}
{
  message: ue_get,
  ue_list: [
    {
      ran_ue_id: 4,
      amf_ue_id: 103,
      qos_flow_list: [
        {
          pdu_session_id: 1,
          dl_total_bytes: 15117,
          ul_total_bytes: 8780,
          sst: 1
        },
        {
          pdu_session_id: 2,
          dl_total_bytes: 1418029,
          ul_total_bytes: 27569925883,
          sst: 1
        }
      ],
      rnti: 17924,
      cells: [
        {
          cell_id: 1,
          dl_bitrate: 160845,
          ul_bitrate: 242747966,
          dl_tx: 93,
          ul_tx: 1599,
          dl_err: 0,
          ul_err: 0,
          dl_retx: 1,
          ul_retx: 16,
          pusch_snr: 26.7,
          epre: -93.2,
          ul_phr: 8,
          ul_path_loss: 68.5,
          p_ue: 11,
          dl_mcs: 25.5,
          ul_mcs: 24.1,
          ul_n_layer: 1,
          turbo_decoder_min: 1,
          turbo_decoder_avg: 2.519,
          turbo_decoder_max: 5,
          cqi: 15,
          ri: 2,
          ul_rank: 1,
          initial_ta: 1
        }
      ]
    }
  ],
  time: 965.068,
  utc: 1743800220.81
}

