{
  message: ready,
  type: ENB,
  name: ENB,
  version: 2023-06-10,
  time: 1932.593,
  utc: 1744215520.413
}
{
  message: ue_get,
  ue_list: [
    {
      ran_ue_id: 3,
      amf_ue_id: 102,
      qos_flow_list: [
        {
          pdu_session_id: 1,
          dl_total_bytes: 15158,
          ul_total_bytes: 8843,
          sst: 1
        },
        {
          pdu_session_id: 2,
          dl_total_bytes: 4820760,
          ul_total_bytes: 19965668687,
          sst: 1
        }
      ],
      rnti: 17923,
      cells: [
        {
          cell_id: 1,
          dl_bitrate: 117440,
          ul_bitrate: 92367181,
          dl_tx: 94,
          ul_tx: 1702,
          dl_err: 0,
          ul_err: 0,
          dl_retx: 21,
          ul_retx: 18,
          pusch_snr: 9.7,
          epre: -110.9,
          ul_phr: -17,
          ul_path_loss: 98.1,
          p_ue: 23,
          dl_mcs: 14.2,
          ul_mcs: 9.1,
          ul_n_layer: 1,
          turbo_decoder_min: 1,
          turbo_decoder_avg: 3.497,
          turbo_decoder_max: 5,
          cqi: 13,
          ri: 2,
          ul_rank: 1,
          initial_ta: 1
        }
      ]
    }
  ],
  time: 1932.595,
  utc: 1744215520.423
}

