{
  message: ready,
  type: ENB,
  name: ENB,
  version: 2023-06-10,
  time: 122.893,
  utc: 1743791326.378
}
{
  message: ue_get,
  ue_list: [
    {
      ran_ue_id: 4,
      amf_ue_id: 103,
      qos_flow_list: [
        {
          pdu_session_id: 1,
          dl_total_bytes: 14874,
          ul_total_bytes: 8524,
          sst: 1
        },
        {
          pdu_session_id: 2,
          dl_total_bytes: 219936,
          ul_total_bytes: 963341022,
          sst: 1
        }
      ],
      rnti: 17924,
      cells: [
        {
          cell_id: 1,
          dl_bitrate: 165198,
          ul_bitrate: 143488314,
          dl_tx: 110,
          ul_tx: 1068,
          dl_err: 0,
          ul_err: 0,
          dl_retx: 0,
          ul_retx: 0,
          pusch_snr: 31.3,
          epre: -84.8,
          ul_phr: -2,
          ul_path_loss: 67.7,
          p_ue: 19,
          dl_mcs: 27.9,
          ul_mcs: 25,
          ul_n_layer: 1,
          turbo_decoder_min: 1,
          turbo_decoder_avg: 1.787,
          turbo_decoder_max: 4,
          cqi: 15,
          ri: 2,
          ul_rank: 1,
          initial_ta: 1
        }
      ]
    }
  ],
  time: 122.895,
  utc: 1743791326.388
}

