{
  message: ready,
  type: ENB,
  name: ENB,
  version: 2023-06-10,
  time: 978.598,
  utc: 1744104588.278
}
{
  message: ue_get,
  ue_list: [
    {
      ran_ue_id: 43,
      amf_ue_id: 119,
      qos_flow_list: [],
      rnti: 17963,
      cells: [
        {
          cell_id: 1,
          dl_bitrate: 3,
          ul_bitrate: 0,
          dl_tx: 5,
          ul_tx: 3,
          dl_err: 3,
          ul_err: 7,
          dl_retx: 20,
          ul_retx: 35,
          pusch_snr: 17.7,
          epre: -103.6,
          ul_phr: -6,
          ul_path_loss: 120.6,
          p_ue: 24,
          dl_mcs: 16.2,
          ul_mcs: 9.1,
          ul_n_layer: 1,
          turbo_decoder_min: 1,
          turbo_decoder_avg: 4.711,
          turbo_decoder_max: 5,
          cqi: 7,
          ri: 2,
          ul_rank: 1,
          initial_ta: 1
        }
      ]
    },
    {
      ran_ue_id: 3,
      amf_ue_id: 102,
      qos_flow_list: [
        {
          pdu_session_id: 1,
          dl_total_bytes: 15047,
          ul_total_bytes: 8745,
          sst: 1
        },
        {
          pdu_session_id: 2,
          dl_total_bytes: 1717403,
          ul_total_bytes: 13500577486,
          sst: 1
        }
      ],
      rnti: 17923,
      cells: [
        {
          cell_id: 1,
          dl_bitrate: 111281,
          ul_bitrate: 126050074,
          dl_tx: 71,
          ul_tx: 938,
          dl_err: 0,
          ul_err: 0,
          dl_retx: 2,
          ul_retx: 11,
          pusch_snr: 26.5,
          epre: -93.4,
          ul_phr: 8,
          ul_path_loss: 68.7,
          p_ue: 11,
          dl_mcs: 23.9,
          ul_mcs: 22.7,
          ul_n_layer: 1,
          turbo_decoder_min: 0,
          turbo_decoder_avg: 2.14,
          turbo_decoder_max: 5,
          cqi: 15,
          ri: 2,
          ul_rank: 1,
          initial_ta: 1
        }
      ]
    }
  ],
  time: 978.6,
  utc: 1744104588.289
}

