{
  message: ready,
  type: ENB,
  name: ENB,
  version: 2023-06-10,
  time: 980.749,
  utc: 1744104590.43
}
{
  message: ue_get,
  ue_list: [
    {
      ran_ue_id: 43,
      amf_ue_id: 119,
      qos_flow_list: [],
      rnti: 17963,
      cells: [
        {
          cell_id: 1,
          dl_bitrate: 0,
          ul_bitrate: 0,
          dl_tx: 0,
          ul_tx: 0,
          dl_err: 0,
          ul_err: 0,
          dl_retx: 0,
          ul_retx: 0,
          pusch_snr: 17.7,
          epre: -103.6,
          ul_phr: -6,
          ul_path_loss: 120.6,
          p_ue: 24,
          cqi: 1,
          ri: 1,
          ul_rank: 1,
          initial_ta: 1
        }
      ]
    },
    {
      ran_ue_id: 3,
      amf_ue_id: 102,
      qos_flow_list: [
        {
          pdu_session_id: 1,
          dl_total_bytes: 15047,
          ul_total_bytes: 8745,
          sst: 1
        },
        {
          pdu_session_id: 2,
          dl_total_bytes: 1721407,
          ul_total_bytes: 13531778301,
          sst: 1
        }
      ],
      rnti: 17923,
      cells: [
        {
          cell_id: 1,
          dl_bitrate: 102996,
          ul_bitrate: 120558676,
          dl_tx: 65,
          ul_tx: 877,
          dl_err: 0,
          ul_err: 0,
          dl_retx: 4,
          ul_retx: 4,
          pusch_snr: 27,
          epre: -92.7,
          ul_phr: 8,
          ul_path_loss: 68.6,
          p_ue: 11,
          dl_mcs: 24,
          ul_mcs: 22.9,
          ul_n_layer: 1,
          turbo_decoder_min: 1,
          turbo_decoder_avg: 2.134,
          turbo_decoder_max: 5,
          cqi: 15,
          ri: 2,
          ul_rank: 1,
          initial_ta: 1
        }
      ]
    }
  ],
  time: 980.751,
  utc: 1744104590.44
}

