{
  message: ready,
  type: ENB,
  name: ENB,
  version: 2023-06-10,
  time: 984.946,
  utc: 1744104594.627
}
{
  message: ue_get,
  ue_list: [
    {
      ran_ue_id: 43,
      amf_ue_id: 119,
      qos_flow_list: [],
      rnti: 17963,
      cells: [
        {
          cell_id: 1,
          dl_bitrate: 0,
          ul_bitrate: 0,
          dl_tx: 0,
          ul_tx: 0,
          dl_err: 0,
          ul_err: 0,
          dl_retx: 0,
          ul_retx: 0,
          pusch_snr: 17.7,
          epre: -103.6,
          ul_phr: -6,
          ul_path_loss: 120.6,
          p_ue: 24,
          cqi: 1,
          ri: 1,
          ul_rank: 1,
          initial_ta: 1
        }
      ]
    },
    {
      ran_ue_id: 3,
      amf_ue_id: 102,
      qos_flow_list: [
        {
          pdu_session_id: 1,
          dl_total_bytes: 15047,
          ul_total_bytes: 8745,
          sst: 1
        },
        {
          pdu_session_id: 2,
          dl_total_bytes: 1729205,
          ul_total_bytes: 13597337394,
          sst: 1
        }
      ],
      rnti: 17923,
      cells: [
        {
          cell_id: 1,
          dl_bitrate: 125196,
          ul_bitrate: 137952216,
          dl_tx: 88,
          ul_tx: 1077,
          dl_err: 0,
          ul_err: 0,
          dl_retx: 47,
          ul_retx: 13,
          pusch_snr: 24.8,
          epre: -95,
          ul_phr: 9,
          ul_path_loss: 68.1,
          p_ue: 10,
          dl_mcs: 22.7,
          ul_mcs: 21.9,
          ul_n_layer: 1,
          turbo_decoder_min: 0,
          turbo_decoder_avg: 2.169,
          turbo_decoder_max: 5,
          cqi: 15,
          ri: 2,
          ul_rank: 1,
          initial_ta: 1
        }
      ]
    }
  ],
  time: 984.948,
  utc: 1744104594.637
}

