{
  message: ready,
  type: ENB,
  name: ENB,
  version: 2023-06-10,
  time: 107.741,
  utc: 1744086330.084
}
{
  message: ue_get,
  ue_list: [
    {
      ran_ue_id: 8,
      amf_ue_id: 107,
      qos_flow_list: [],
      rnti: 17928,
      cells: [
        {
          cell_id: 1,
          dl_bitrate: 1437,
          ul_bitrate: 0,
          dl_tx: 1,
          ul_tx: 0,
          dl_err: 1,
          ul_err: 18,
          dl_retx: 8,
          ul_retx: 88,
          pusch_snr: 25.8,
          epre: -96.2,
          ul_phr: 9,
          ul_path_loss: 95.7,
          p_ue: 14,
          dl_mcs: 13.5,
          ul_mcs: 26.2,
          ul_n_layer: 1,
          turbo_decoder_min: 5,
          turbo_decoder_avg: 5,
          turbo_decoder_max: 5,
          cqi: 0,
          ri: 2,
          ul_rank: 1,
          initial_ta: 1
        }
      ]
    },
    {
      ran_ue_id: 3,
      amf_ue_id: 102,
      qos_flow_list: [
        {
          pdu_session_id: 1,
          dl_total_bytes: 14865,
          ul_total_bytes: 8545,
          sst: 1
        },
        {
          pdu_session_id: 2,
          dl_total_bytes: 205950,
          ul_total_bytes: 684835269,
          sst: 1
        }
      ],
      rnti: 17923,
      cells: [
        {
          cell_id: 1,
          dl_bitrate: 132245,
          ul_bitrate: 133863165,
          dl_tx: 96,
          ul_tx: 1282,
          dl_err: 0,
          ul_err: 0,
          dl_retx: 71,
          ul_retx: 15,
          pusch_snr: 18.9,
          epre: -101.8,
          ul_phr: -7,
          ul_path_loss: 87.5,
          p_ue: 19,
          dl_mcs: 21.7,
          ul_mcs: 17.4,
          ul_n_layer: 1,
          turbo_decoder_min: 0,
          turbo_decoder_avg: 2.689,
          turbo_decoder_max: 5,
          cqi: 14,
          ri: 2,
          ul_rank: 1,
          initial_ta: 1
        }
      ]
    }
  ],
  time: 107.743,
  utc: 1744086330.095
}

