{
  message: ready,
  type: ENB,
  name: ENB,
  version: 2023-06-10,
  time: 710.903,
  utc: 1744084002.577
}
{
  message: ue_get,
  ue_list: [
    {
      ran_ue_id: 5,
      amf_ue_id: 104,
      qos_flow_list: [
        {
          pdu_session_id: 1,
          dl_total_bytes: 9465,
          ul_total_bytes: 7453,
          sst: 1
        },
        {
          pdu_session_id: 2,
          dl_total_bytes: 1196838,
          ul_total_bytes: 8229801084,
          sst: 1
        }
      ],
      rnti: 17925,
      cells: [
        {
          cell_id: 1,
          dl_bitrate: 112536,
          ul_bitrate: 118134574,
          dl_tx: 70,
          ul_tx: 930,
          dl_err: 0,
          ul_err: 0,
          dl_retx: 1,
          ul_retx: 1,
          pusch_snr: 25.4,
          epre: -93.3,
          ul_phr: 0,
          ul_path_loss: 78.5,
          p_ue: 19,
          dl_mcs: 24,
          ul_mcs: 21.2,
          ul_n_layer: 1,
          turbo_decoder_min: 1,
          turbo_decoder_avg: 2.069,
          turbo_decoder_max: 5,
          cqi: 15,
          ri: 2,
          ul_rank: 1,
          initial_ta: 0
        }
      ]
    }
  ],
  time: 710.906,
  utc: 1744084002.588
}

