{
  message: ready,
  type: ENB,
  name: ENB,
  version: 2023-06-10,
  time: 2366.561,
  utc: 1744198623.412
}
{
  message: ue_get,
  ue_list: [
    {
      ran_ue_id: 3,
      amf_ue_id: 102,
      qos_flow_list: [
        {
          pdu_session_id: 1,
          dl_total_bytes: 15234,
          ul_total_bytes: 8950,
          sst: 1
        },
        {
          pdu_session_id: 2,
          dl_total_bytes: 7729476,
          ul_total_bytes: 48601098396,
          sst: 1
        }
      ],
      rnti: 17923,
      cells: [
        {
          cell_id: 1,
          dl_bitrate: 203126,
          ul_bitrate: 182881902,
          dl_tx: 91,
          ul_tx: 1475,
          dl_err: 0,
          ul_err: 0,
          dl_retx: 1,
          ul_retx: 11,
          pusch_snr: 24.4,
          epre: -95.8,
          ul_phr: 0,
          ul_path_loss: 78,
          p_ue: 19,
          dl_mcs: 24.2,
          ul_mcs: 21.1,
          ul_n_layer: 1,
          turbo_decoder_min: 1,
          turbo_decoder_avg: 2.122,
          turbo_decoder_max: 5,
          cqi: 15,
          ri: 2,
          ul_rank: 1,
          initial_ta: 0
        }
      ]
    }
  ],
  time: 2366.563,
  utc: 1744198623.423
}

