{
  message: ready,
  type: ENB,
  name: ENB,
  version: 2023-06-10,
  time: 2857.539,
  utc: 1744835958.758
}
{
  message: ue_get,
  ue_list: [
    {
      ran_ue_id: 3,
      amf_ue_id: 102,
      qos_flow_list: [
        {
          pdu_session_id: 1,
          dl_total_bytes: 7962,
          ul_total_bytes: 7864,
          sst: 1
        },
        {
          pdu_session_id: 2,
          dl_total_bytes: 7387522,
          ul_total_bytes: 19415961298,
          sst: 1
        }
      ],
      rnti: 17923,
      cells: [
        {
          cell_id: 1,
          dl_bitrate: 184609,
          ul_bitrate: 64374988,
          dl_tx: 106,
          ul_tx: 1076,
          dl_err: 0,
          ul_err: 0,
          dl_retx: 3,
          ul_retx: 0,
          pusch_snr: 19.7,
          epre: -100.8,
          ul_phr: -14,
          ul_path_loss: 86.9,
          p_ue: 22,
          dl_mcs: 24,
          ul_mcs: 12.4,
          ul_n_layer: 1,
          turbo_decoder_min: 1,
          turbo_decoder_avg: 2.031,
          turbo_decoder_max: 3,
          cqi: 15,
          ri: 2,
          ul_rank: 1,
          initial_ta: 1
        }
      ]
    }
  ],
  time: 2857.541,
  utc: 1744835958.769
}

