{
  message: ready,
  type: ENB,
  name: ENB,
  version: 2023-06-10,
  time: 501.366,
  utc: 1743866741.573
}
{
  message: ue_get,
  ue_list: [
    {
      ran_ue_id: 22,
      amf_ue_id: 111,
      qos_flow_list: [
        {
          pdu_session_id: 1,
          dl_total_bytes: 0,
          ul_total_bytes: 0,
          sst: 1
        }
      ],
      rnti: 17942,
      cells: [
        {
          cell_id: 1,
          dl_bitrate: 3573,
          ul_bitrate: 0,
          dl_tx: 2,
          ul_tx: 0,
          dl_err: 0,
          ul_err: 0,
          dl_retx: 0,
          ul_retx: 0,
          pusch_snr: 37.5,
          epre: -79.1,
          ul_phr: 21,
          ul_path_loss: 64.2,
          p_ue: -3,
          dl_mcs: 24,
          cqi: 15,
          ri: 2,
          ul_rank: 1,
          initial_ta: 0
        }
      ]
    },
    {
      ran_ue_id: 5,
      amf_ue_id: 103,
      qos_flow_list: [
        {
          pdu_session_id: 1,
          dl_total_bytes: 14866,
          ul_total_bytes: 8540,
          sst: 1
        },
        {
          pdu_session_id: 2,
          dl_total_bytes: 727105,
          ul_total_bytes: 9740310732,
          sst: 1
        }
      ],
      rnti: 17925,
      cells: [
        {
          cell_id: 1,
          dl_bitrate: 151807,
          ul_bitrate: 184600541,
          dl_tx: 91,
          ul_tx: 1281,
          dl_err: 0,
          ul_err: 0,
          dl_retx: 1,
          ul_retx: 11,
          pusch_snr: 24.8,
          epre: -95.4,
          ul_phr: 10,
          ul_path_loss: 68.6,
          p_ue: 9,
          dl_mcs: 23,
          ul_mcs: 23.7,
          ul_n_layer: 1,
          turbo_decoder_min: 1,
          turbo_decoder_avg: 2.684,
          turbo_decoder_max: 5,
          cqi: 15,
          ri: 2,
          ul_rank: 1,
          initial_ta: 1
        }
      ]
    }
  ],
  time: 501.368,
  utc: 1743866741.583
}

