{
  message: ready,
  type: ENB,
  name: ENB,
  version: 2023-06-10,
  time: 196.157,
  utc: 1744086418.5
}
{
  message: ue_get,
  ue_list: [
    {
      ran_ue_id: 3,
      amf_ue_id: 102,
      qos_flow_list: [
        {
          pdu_session_id: 1,
          dl_total_bytes: 14865,
          ul_total_bytes: 8545,
          sst: 1
        },
        {
          pdu_session_id: 2,
          dl_total_bytes: 359801,
          ul_total_bytes: 2130679205,
          sst: 1
        }
      ],
      rnti: 17923,
      cells: [
        {
          cell_id: 1,
          dl_bitrate: 123653,
          ul_bitrate: 139380658,
          dl_tx: 88,
          ul_tx: 1304,
          dl_err: 0,
          ul_err: 0,
          dl_retx: 24,
          ul_retx: 17,
          pusch_snr: 19,
          epre: -101.4,
          ul_phr: 13,
          ul_path_loss: 88.2,
          p_ue: 6,
          dl_mcs: 22.3,
          ul_mcs: 17.9,
          ul_n_layer: 1,
          turbo_decoder_min: 0,
          turbo_decoder_avg: 2.912,
          turbo_decoder_max: 5,
          cqi: 14,
          ri: 2,
          ul_rank: 1,
          initial_ta: 1
        }
      ]
    }
  ],
  time: 196.159,
  utc: 1744086418.511
}

