{
  message: ready,
  type: ENB,
  name: ENB,
  version: 2023-06-10,
  time: 1806.894,
  utc: 1744837810.562
}
{
  message: ue_get,
  ue_list: [
    {
      ran_ue_id: 3,
      amf_ue_id: 102,
      qos_flow_list: [
        {
          pdu_session_id: 1,
          dl_total_bytes: 7594,
          ul_total_bytes: 7460,
          sst: 1
        },
        {
          pdu_session_id: 2,
          dl_total_bytes: 2125801,
          ul_total_bytes: 5408900960,
          sst: 1
        }
      ],
      rnti: 17923,
      cells: [
        {
          cell_id: 1,
          dl_bitrate: 94679,
          ul_bitrate: 25088641,
          dl_tx: 65,
          ul_tx: 1072,
          dl_err: 0,
          ul_err: 0,
          dl_retx: 2,
          ul_retx: 0,
          pusch_snr: 10.7,
          epre: -110.2,
          ul_phr: -33,
          ul_path_loss: 97.5,
          p_ue: 23,
          dl_mcs: 22,
          ul_mcs: 4.2,
          ul_n_layer: 1,
          turbo_decoder_min: 0,
          turbo_decoder_avg: 2.131,
          turbo_decoder_max: 3,
          cqi: 14,
          ri: 2,
          ul_rank: 1,
          initial_ta: 1
        }
      ]
    }
  ],
  time: 1806.895,
  utc: 1744837810.573
}

