{
  message: ready,
  type: ENB,
  name: ENB,
  version: 2023-06-10,
  time: 120.885,
  utc: 1744056862.181
}
{
  message: ue_get,
  ue_list: [
    {
      ran_ue_id: 51,
      amf_ue_id: 104,
      qos_flow_list: [
        {
          pdu_session_id: 1,
          dl_total_bytes: 14855,
          ul_total_bytes: 8543,
          sst: 1
        },
        {
          pdu_session_id: 2,
          dl_total_bytes: 234983,
          ul_total_bytes: 792262556,
          sst: 1
        }
      ],
      rnti: 17971,
      cells: [
        {
          cell_id: 1,
          dl_bitrate: 171561,
          ul_bitrate: 133301687,
          dl_tx: 115,
          ul_tx: 994,
          dl_err: 0,
          ul_err: 0,
          dl_retx: 0,
          ul_retx: 9,
          pusch_snr: 29,
          epre: -89.5,
          ul_phr: 4,
          ul_path_loss: 68.4,
          p_ue: 15,
          dl_mcs: 28,
          ul_mcs: 26.4,
          ul_n_layer: 1,
          turbo_decoder_min: 0,
          turbo_decoder_avg: 2.234,
          turbo_decoder_max: 5,
          cqi: 15,
          ri: 2,
          ul_rank: 1,
          initial_ta: 1
        }
      ]
    }
  ],
  time: 120.887,
  utc: 1744056862.192
}

