{
  message: ready,
  type: ENB,
  name: ENB,
  version: 2023-06-10,
  time: 283.448,
  utc: 1744187843.59
}
{
  message: ue_get,
  ue_list: [
    {
      ran_ue_id: 4,
      amf_ue_id: 103,
      qos_flow_list: [
        {
          pdu_session_id: 1,
          dl_total_bytes: 14866,
          ul_total_bytes: 8540,
          sst: 1
        },
        {
          pdu_session_id: 2,
          dl_total_bytes: 520281,
          ul_total_bytes: 4396513645,
          sst: 1
        }
      ],
      rnti: 17924,
      cells: [
        {
          cell_id: 1,
          dl_bitrate: 127056,
          ul_bitrate: 173039769,
          dl_tx: 93,
          ul_tx: 1579,
          dl_err: 0,
          ul_err: 0,
          dl_retx: 35,
          ul_retx: 17,
          pusch_snr: 19.1,
          epre: -101.6,
          ul_phr: -3,
          ul_path_loss: 87.8,
          p_ue: 22,
          dl_mcs: 21.2,
          ul_mcs: 18,
          ul_n_layer: 1,
          turbo_decoder_min: 1,
          turbo_decoder_avg: 3.036,
          turbo_decoder_max: 5,
          cqi: 14,
          ri: 2,
          ul_rank: 1,
          initial_ta: 1
        }
      ]
    }
  ],
  time: 283.449,
  utc: 1744187843.6
}

