{
  message: ready,
  type: ENB,
  name: ENB,
  version: 2023-06-10,
  time: 279.142,
  utc: 1744187839.284
}
{
  message: ue_get,
  ue_list: [
    {
      ran_ue_id: 4,
      amf_ue_id: 103,
      qos_flow_list: [
        {
          pdu_session_id: 1,
          dl_total_bytes: 14866,
          ul_total_bytes: 8540,
          sst: 1
        },
        {
          pdu_session_id: 2,
          dl_total_bytes: 513309,
          ul_total_bytes: 4304845687,
          sst: 1
        }
      ],
      rnti: 17924,
      cells: [
        {
          cell_id: 1,
          dl_bitrate: 122842,
          ul_bitrate: 171990057,
          dl_tx: 93,
          ul_tx: 1569,
          dl_err: 0,
          ul_err: 0,
          dl_retx: 35,
          ul_retx: 23,
          pusch_snr: 19,
          epre: -101.7,
          ul_phr: -4,
          ul_path_loss: 87.8,
          p_ue: 22,
          dl_mcs: 20.9,
          ul_mcs: 18,
          ul_n_layer: 1,
          turbo_decoder_min: 1,
          turbo_decoder_avg: 2.995,
          turbo_decoder_max: 5,
          cqi: 14,
          ri: 2,
          ul_rank: 1,
          initial_ta: 1
        }
      ]
    }
  ],
  time: 279.143,
  utc: 1744187839.294
}

