{
  message: ready,
  type: ENB,
  name: ENB,
  version: 2023-06-10,
  time: 2734.984,
  utc: 1744077343.138
}
{
  message: ue_get,
  ue_list: [
    {
      ran_ue_id: 86,
      amf_ue_id: 131,
      qos_flow_list: [
        {
          pdu_session_id: 2,
          dl_total_bytes: 18537,
          ul_total_bytes: 7744,
          sst: 1
        }
      ],
      rnti: 18006,
      cells: [
        {
          cell_id: 1,
          dl_bitrate: 1730,
          ul_bitrate: 854,
          dl_tx: 3,
          ul_tx: 2,
          dl_err: 0,
          ul_err: 0,
          dl_retx: 0,
          ul_retx: 0,
          pusch_snr: 13.5,
          epre: -108.8,
          ul_phr: -19,
          ul_path_loss: 100.9,
          p_ue: 8,
          dl_mcs: 18,
          ul_mcs: 6.5,
          ul_n_layer: 1,
          turbo_decoder_min: 1,
          turbo_decoder_avg: 1.5,
          turbo_decoder_max: 2,
          cqi: 12,
          ri: 1,
          ul_rank: 1,
          initial_ta: 0
        }
      ]
    },
    {
      ran_ue_id: 4,
      amf_ue_id: 103,
      qos_flow_list: [
        {
          pdu_session_id: 1,
          dl_total_bytes: 15233,
          ul_total_bytes: 8943,
          sst: 1
        },
        {
          pdu_session_id: 2,
          dl_total_bytes: 10019643,
          ul_total_bytes: 42758846426,
          sst: 1
        }
      ],
      rnti: 17924,
      cells: [
        {
          cell_id: 1,
          dl_bitrate: 114740,
          ul_bitrate: 132733474,
          dl_tx: 87,
          ul_tx: 1273,
          dl_err: 0,
          ul_err: 0,
          dl_retx: 14,
          ul_retx: 21,
          pusch_snr: 18.9,
          epre: -101.9,
          ul_phr: -6,
          ul_path_loss: 88,
          p_ue: 22,
          dl_mcs: 21,
          ul_mcs: 17.8,
          ul_n_layer: 1,
          turbo_decoder_min: 1,
          turbo_decoder_avg: 2.784,
          turbo_decoder_max: 5,
          cqi: 14,
          ri: 2,
          ul_rank: 1,
          initial_ta: 0
        }
      ]
    }
  ],
  time: 2734.986,
  utc: 1744077343.148
}

