{
  message: ready,
  type: ENB,
  name: ENB,
  version: 2023-06-10,
  time: 2620.791,
  utc: 1744071076.326
}
{
  message: ue_get,
  ue_list: [
    {
      ran_ue_id: 4,
      amf_ue_id: 103,
      qos_flow_list: [
        {
          pdu_session_id: 1,
          dl_total_bytes: 15305,
          ul_total_bytes: 9750,
          sst: 1
        },
        {
          pdu_session_id: 2,
          dl_total_bytes: 9142240,
          ul_total_bytes: 35222522027,
          sst: 1
        }
      ],
      rnti: 17924,
      cells: [
        {
          cell_id: 1,
          dl_bitrate: 150132,
          ul_bitrate: 98813649,
          dl_tx: 63,
          ul_tx: 820,
          dl_err: 0,
          ul_err: 0,
          dl_retx: 2,
          ul_retx: 0,
          pusch_snr: 21.8,
          epre: -99.5,
          ul_phr: 14,
          ul_path_loss: 68.1,
          p_ue: 5,
          dl_mcs: 21.9,
          ul_mcs: 19.9,
          ul_n_layer: 1,
          turbo_decoder_min: 2,
          turbo_decoder_avg: 3.019,
          turbo_decoder_max: 5,
          cqi: 14,
          ri: 2,
          ul_rank: 1,
          initial_ta: 1
        }
      ]
    }
  ],
  time: 2620.794,
  utc: 1744071076.337
}

