{
  message: ready,
  type: ENB,
  name: ENB,
  version: 2023-06-10,
  time: 138.705,
  utc: 1743799394.439
}
{
  message: ue_get,
  ue_list: [
    {
      ran_ue_id: 4,
      amf_ue_id: 103,
      qos_flow_list: [
        {
          pdu_session_id: 1,
          dl_total_bytes: 14933,
          ul_total_bytes: 8578,
          sst: 1
        },
        {
          pdu_session_id: 2,
          dl_total_bytes: 237872,
          ul_total_bytes: 2125168149,
          sst: 1
        }
      ],
      rnti: 17924,
      cells: [
        {
          cell_id: 1,
          dl_bitrate: 138172,
          ul_bitrate: 260323258,
          dl_tx: 94,
          ul_tx: 1603,
          dl_err: 0,
          ul_err: 0,
          dl_retx: 5,
          ul_retx: 3,
          pusch_snr: 29.6,
          epre: -84.6,
          ul_phr: -1,
          ul_path_loss: 67.8,
          p_ue: 19,
          dl_mcs: 22.4,
          ul_mcs: 26,
          ul_n_layer: 1,
          turbo_decoder_min: 1,
          turbo_decoder_avg: 1.869,
          turbo_decoder_max: 5,
          cqi: 15,
          ri: 2,
          ul_rank: 1,
          initial_ta: 1
        }
      ]
    }
  ],
  time: 138.707,
  utc: 1743799394.449
}

