{
  message: ready,
  type: ENB,
  name: ENB,
  version: 2023-06-10,
  time: 2480.612,
  utc: 1744190040.754
}
{
  message: ue_get,
  ue_list: [
    {
      ran_ue_id: 4,
      amf_ue_id: 103,
      qos_flow_list: [
        {
          pdu_session_id: 1,
          dl_total_bytes: 15234,
          ul_total_bytes: 8944,
          sst: 1
        },
        {
          pdu_session_id: 2,
          dl_total_bytes: 8351206,
          ul_total_bytes: 50053280723,
          sst: 1
        }
      ],
      rnti: 17924,
      cells: [
        {
          cell_id: 1,
          dl_bitrate: 179547,
          ul_bitrate: 172873558,
          dl_tx: 94,
          ul_tx: 1579,
          dl_err: 0,
          ul_err: 0,
          dl_retx: 35,
          ul_retx: 18,
          pusch_snr: 19.2,
          epre: -101.6,
          ul_phr: -8,
          ul_path_loss: 87.8,
          p_ue: 22,
          dl_mcs: 21,
          ul_mcs: 18,
          ul_n_layer: 1,
          turbo_decoder_min: 1,
          turbo_decoder_avg: 3.039,
          turbo_decoder_max: 5,
          cqi: 14,
          ri: 2,
          ul_rank: 1,
          initial_ta: 1
        }
      ]
    }
  ],
  time: 2480.614,
  utc: 1744190040.764
}

