{
  message: ready,
  type: ENB,
  name: ENB,
  version: 2023-06-10,
  time: 2016.737,
  utc: 1744096914.919
}
{
  message: ue_get,
  ue_list: [
    {
      ran_ue_id: 3,
      amf_ue_id: 102,
      qos_flow_list: [
        {
          pdu_session_id: 1,
          dl_total_bytes: 15285,
          ul_total_bytes: 9004,
          sst: 1
        },
        {
          pdu_session_id: 2,
          dl_total_bytes: 5235173,
          ul_total_bytes: 26562955073,
          sst: 1
        }
      ],
      rnti: 17923,
      cells: [
        {
          cell_id: 1,
          dl_bitrate: 188634,
          ul_bitrate: 141420888,
          dl_tx: 93,
          ul_tx: 1179,
          dl_err: 0,
          ul_err: 0,
          dl_retx: 1,
          ul_retx: 25,
          pusch_snr: 22.8,
          epre: -97.7,
          ul_phr: 2,
          ul_path_loss: 78.8,
          p_ue: 17,
          dl_mcs: 23,
          ul_mcs: 20.6,
          ul_n_layer: 1,
          turbo_decoder_min: 1,
          turbo_decoder_avg: 2.212,
          turbo_decoder_max: 5,
          cqi: 15,
          ri: 2,
          ul_rank: 1,
          initial_ta: 1
        }
      ]
    }
  ],
  time: 2016.739,
  utc: 1744096914.93
}

