{
  message: ready,
  type: ENB,
  name: ENB,
  version: 2023-06-10,
  time: 588.096,
  utc: 1744188148.238
}
{
  message: ue_get,
  ue_list: [
    {
      ran_ue_id: 4,
      amf_ue_id: 103,
      qos_flow_list: [
        {
          pdu_session_id: 1,
          dl_total_bytes: 14866,
          ul_total_bytes: 8540,
          sst: 1
        },
        {
          pdu_session_id: 2,
          dl_total_bytes: 1052705,
          ul_total_bytes: 10821133956,
          sst: 1
        }
      ],
      rnti: 17924,
      cells: [
        {
          cell_id: 1,
          dl_bitrate: 122649,
          ul_bitrate: 171731207,
          dl_tx: 91,
          ul_tx: 1569,
          dl_err: 0,
          ul_err: 0,
          dl_retx: 43,
          ul_retx: 15,
          pusch_snr: 19.3,
          epre: -101.6,
          ul_phr: -8,
          ul_path_loss: 87.8,
          p_ue: 22,
          dl_mcs: 20.9,
          ul_mcs: 18,
          ul_n_layer: 1,
          turbo_decoder_min: 1,
          turbo_decoder_avg: 3.036,
          turbo_decoder_max: 5,
          cqi: 14,
          ri: 2,
          ul_rank: 1,
          initial_ta: 1
        }
      ]
    }
  ],
  time: 588.097,
  utc: 1744188148.248
}

