{
  message: ready,
  type: ENB,
  name: ENB,
  version: 2023-06-10,
  time: 2200.355,
  utc: 1744079670.298
}
{
  message: ue_get,
  ue_list: [
    {
      ran_ue_id: 3,
      amf_ue_id: 102,
      qos_flow_list: [
        {
          pdu_session_id: 1,
          dl_total_bytes: 15233,
          ul_total_bytes: 8949,
          sst: 1
        },
        {
          pdu_session_id: 2,
          dl_total_bytes: 6444653,
          ul_total_bytes: 19790899552,
          sst: 1
        }
      ],
      rnti: 17923,
      cells: [
        {
          cell_id: 1,
          dl_bitrate: 86281,
          ul_bitrate: 84426270,
          dl_tx: 90,
          ul_tx: 1545,
          dl_err: 0,
          ul_err: 0,
          dl_retx: 12,
          ul_retx: 14,
          pusch_snr: 9.8,
          epre: -111.2,
          ul_phr: -12,
          ul_path_loss: 98.3,
          p_ue: 23,
          dl_mcs: 10,
          ul_mcs: 9.2,
          ul_n_layer: 1,
          turbo_decoder_min: 1,
          turbo_decoder_avg: 3.386,
          turbo_decoder_max: 5,
          cqi: 9,
          ri: 2,
          ul_rank: 1,
          initial_ta: 1
        }
      ]
    }
  ],
  time: 2200.356,
  utc: 1744079670.309
}

