{
  message: ready,
  type: ENB,
  name: ENB,
  version: 2023-06-10,
  time: 1685.626,
  utc: 1744082066.17
}
{
  message: ue_get,
  ue_list: [
    {
      ran_ue_id: 4,
      amf_ue_id: 103,
      qos_flow_list: [
        {
          pdu_session_id: 1,
          dl_total_bytes: 15041,
          ul_total_bytes: 8741,
          sst: 1
        },
        {
          pdu_session_id: 2,
          dl_total_bytes: 4006601,
          ul_total_bytes: 21298322979,
          sst: 1
        }
      ],
      rnti: 17924,
      cells: [
        {
          cell_id: 1,
          dl_bitrate: 129390,
          ul_bitrate: 119615692,
          dl_tx: 70,
          ul_tx: 937,
          dl_err: 0,
          ul_err: 0,
          dl_retx: 2,
          ul_retx: 12,
          pusch_snr: 23.8,
          epre: -96.2,
          ul_phr: 11,
          ul_path_loss: 68.7,
          p_ue: 8,
          dl_mcs: 23.3,
          ul_mcs: 20.9,
          ul_n_layer: 1,
          turbo_decoder_min: 1,
          turbo_decoder_avg: 2.166,
          turbo_decoder_max: 5,
          cqi: 15,
          ri: 2,
          ul_rank: 1,
          initial_ta: 1
        }
      ]
    }
  ],
  time: 1685.628,
  utc: 1744082066.181
}

