{
  message: ready,
  type: ENB,
  name: ENB,
  version: 2023-06-10,
  time: 1578.207,
  utc: 1744113872.057
}
{
  message: ue_get,
  ue_list: [
    {
      ran_ue_id: 3,
      amf_ue_id: 102,
      qos_flow_list: [
        {
          pdu_session_id: 1,
          dl_total_bytes: 15049,
          ul_total_bytes: 8747,
          sst: 1
        },
        {
          pdu_session_id: 2,
          dl_total_bytes: 3666773,
          ul_total_bytes: 15223950271,
          sst: 1
        }
      ],
      rnti: 17923,
      cells: [
        {
          cell_id: 1,
          dl_bitrate: 106507,
          ul_bitrate: 56957291,
          dl_tx: 91,
          ul_tx: 1720,
          dl_err: 0,
          ul_err: 0,
          dl_retx: 17,
          ul_retx: 0,
          pusch_snr: 9.6,
          epre: -111.4,
          ul_phr: -27,
          ul_path_loss: 98.7,
          p_ue: 23,
          dl_mcs: 13.7,
          ul_mcs: 5,
          ul_n_layer: 1,
          turbo_decoder_min: 1,
          turbo_decoder_avg: 2.013,
          turbo_decoder_max: 3,
          cqi: 9,
          ri: 2,
          ul_rank: 1,
          initial_ta: 1
        }
      ]
    }
  ],
  time: 1578.209,
  utc: 1744113872.068
}

