{
  message: ready,
  type: ENB,
  name: ENB,
  version: 2023-06-10,
  time: 487.27,
  utc: 1744060095.595
}
{
  message: ue_get,
  ue_list: [
    {
      ran_ue_id: 3,
      amf_ue_id: 102,
      qos_flow_list: [
        {
          pdu_session_id: 1,
          dl_total_bytes: 14849,
          ul_total_bytes: 8539,
          sst: 1
        },
        {
          pdu_session_id: 2,
          dl_total_bytes: 870361,
          ul_total_bytes: 6841583082,
          sst: 1
        }
      ],
      rnti: 17923,
      cells: [
        {
          cell_id: 1,
          dl_bitrate: 172302,
          ul_bitrate: 124095865,
          dl_tx: 115,
          ul_tx: 1060,
          dl_err: 0,
          ul_err: 0,
          dl_retx: 0,
          ul_retx: 10,
          pusch_snr: 24.3,
          epre: -96.1,
          ul_phr: 1,
          ul_path_loss: 78.3,
          p_ue: 18,
          dl_mcs: 27.9,
          ul_mcs: 22.6,
          ul_n_layer: 1,
          turbo_decoder_min: 1,
          turbo_decoder_avg: 2.724,
          turbo_decoder_max: 5,
          cqi: 15,
          ri: 2,
          ul_rank: 1,
          initial_ta: 1
        }
      ]
    }
  ],
  time: 487.271,
  utc: 1744060095.606
}

