{
  message: ready,
  type: ENB,
  name: ENB,
  version: 2023-06-10,
  time: 877.106,
  utc: 1744202869.557
}
{
  message: ue_get,
  ue_list: [
    {
      ran_ue_id: 3,
      amf_ue_id: 102,
      qos_flow_list: [
        {
          pdu_session_id: 1,
          dl_total_bytes: 14881,
          ul_total_bytes: 8517,
          sst: 1
        },
        {
          pdu_session_id: 2,
          dl_total_bytes: 1516859,
          ul_total_bytes: 7148565768,
          sst: 1
        }
      ],
      rnti: 17923,
      cells: [
        {
          cell_id: 1,
          dl_bitrate: 91899,
          ul_bitrate: 52313010,
          dl_tx: 94,
          ul_tx: 1557,
          dl_err: 0,
          ul_err: 0,
          dl_retx: 19,
          ul_retx: 0,
          pusch_snr: 10.1,
          epre: -110.7,
          ul_phr: -22,
          ul_path_loss: 97.8,
          p_ue: 23,
          dl_mcs: 14.5,
          ul_mcs: 5,
          ul_n_layer: 1,
          turbo_decoder_min: 1,
          turbo_decoder_avg: 2.01,
          turbo_decoder_max: 3,
          cqi: 10,
          ri: 2,
          ul_rank: 1,
          initial_ta: 0
        }
      ]
    }
  ],
  time: 877.108,
  utc: 1744202869.568
}

