{
  message: ready,
  type: ENB,
  name: ENB,
  version: 2023-06-10,
  time: 2637.516,
  utc: 1744112059.866
}
{
  message: ue_get,
  ue_list: [
    {
      ran_ue_id: 5,
      amf_ue_id: 103,
      qos_flow_list: [
        {
          pdu_session_id: 1,
          dl_total_bytes: 15232,
          ul_total_bytes: 8948,
          sst: 1
        },
        {
          pdu_session_id: 2,
          dl_total_bytes: 9426476,
          ul_total_bytes: 42114711380,
          sst: 1
        }
      ],
      rnti: 17925,
      cells: [
        {
          cell_id: 1,
          dl_bitrate: 111992,
          ul_bitrate: 138647862,
          dl_tx: 83,
          ul_tx: 1267,
          dl_err: 0,
          ul_err: 0,
          dl_retx: 40,
          ul_retx: 13,
          pusch_snr: 18.9,
          epre: -101.9,
          ul_phr: -3,
          ul_path_loss: 88.1,
          p_ue: 22,
          dl_mcs: 21.5,
          ul_mcs: 18,
          ul_n_layer: 1,
          turbo_decoder_min: 1,
          turbo_decoder_avg: 3.006,
          turbo_decoder_max: 5,
          cqi: 14,
          ri: 2,
          ul_rank: 1,
          initial_ta: 0
        }
      ]
    }
  ],
  time: 2637.518,
  utc: 1744112059.877
}

