{
  message: ready,
  type: ENB,
  name: ENB,
  version: 2023-06-10,
  time: 2649.872,
  utc: 1744216237.691
}
{
  message: ue_get,
  ue_list: [
    {
      ran_ue_id: 3,
      amf_ue_id: 102,
      qos_flow_list: [
        {
          pdu_session_id: 1,
          dl_total_bytes: 15250,
          ul_total_bytes: 8944,
          sst: 1
        },
        {
          pdu_session_id: 2,
          dl_total_bytes: 9330450,
          ul_total_bytes: 27869517947,
          sst: 1
        }
      ],
      rnti: 17923,
      cells: [
        {
          cell_id: 1,
          dl_bitrate: 146299,
          ul_bitrate: 92849451,
          dl_tx: 100,
          ul_tx: 1706,
          dl_err: 0,
          ul_err: 0,
          dl_retx: 20,
          ul_retx: 14,
          pusch_snr: 9.6,
          epre: -111,
          ul_phr: -13,
          ul_path_loss: 98.1,
          p_ue: 23,
          dl_mcs: 13.6,
          ul_mcs: 9.1,
          ul_n_layer: 1,
          turbo_decoder_min: 1,
          turbo_decoder_avg: 3.55,
          turbo_decoder_max: 5,
          cqi: 10,
          ri: 2,
          ul_rank: 1,
          initial_ta: 1
        }
      ]
    }
  ],
  time: 2649.873,
  utc: 1744216237.701
}

