{
  message: ready,
  type: ENB,
  name: ENB,
  version: 2023-06-10,
  time: 2567.511,
  utc: 1744080037.454
}
{
  message: ue_get,
  ue_list: [
    {
      ran_ue_id: 28,
      amf_ue_id: 126,
      qos_flow_list: [
        {
          pdu_session_id: 2,
          dl_total_bytes: 0,
          ul_total_bytes: 244,
          sst: 1
        }
      ],
      rnti: 17948,
      cells: [
        {
          cell_id: 1,
          dl_bitrate: 594,
          ul_bitrate: 0,
          dl_tx: 3,
          ul_tx: 0,
          dl_err: 0,
          ul_err: 0,
          dl_retx: 0,
          ul_retx: 0,
          pusch_snr: 3.8,
          epre: -115,
          ul_phr: -33,
          ul_path_loss: 107.5,
          p_ue: 8,
          dl_mcs: 6,
          cqi: 6,
          ri: 1,
          ul_rank: 1,
          initial_ta: 1
        }
      ]
    },
    {
      ran_ue_id: 3,
      amf_ue_id: 102,
      qos_flow_list: [
        {
          pdu_session_id: 1,
          dl_total_bytes: 15233,
          ul_total_bytes: 8949,
          sst: 1
        },
        {
          pdu_session_id: 2,
          dl_total_bytes: 8763729,
          ul_total_bytes: 23497851101,
          sst: 1
        }
      ],
      rnti: 17923,
      cells: [
        {
          cell_id: 1,
          dl_bitrate: 128326,
          ul_bitrate: 84499075,
          dl_tx: 94,
          ul_tx: 1572,
          dl_err: 0,
          ul_err: 0,
          dl_retx: 4,
          ul_retx: 0,
          pusch_snr: 10,
          epre: -111.2,
          ul_phr: -18,
          ul_path_loss: 98.2,
          p_ue: 23,
          dl_mcs: 11.2,
          ul_mcs: 9,
          ul_n_layer: 1,
          turbo_decoder_min: 2,
          turbo_decoder_avg: 3.326,
          turbo_decoder_max: 5,
          cqi: 9,
          ri: 2,
          ul_rank: 1,
          initial_ta: 1
        }
      ]
    }
  ],
  time: 2567.512,
  utc: 1744080037.465
}

