{
  message: ready,
  type: ENB,
  name: ENB,
  version: 2023-06-10,
  time: 1288.212,
  utc: 1744104897.892
}
{
  message: ue_get,
  ue_list: [
    {
      ran_ue_id: 3,
      amf_ue_id: 102,
      qos_flow_list: [
        {
          pdu_session_id: 1,
          dl_total_bytes: 15047,
          ul_total_bytes: 8745,
          sst: 1
        },
        {
          pdu_session_id: 2,
          dl_total_bytes: 2701084,
          ul_total_bytes: 18110229712,
          sst: 1
        }
      ],
      rnti: 17923,
      cells: [
        {
          cell_id: 1,
          dl_bitrate: 109494,
          ul_bitrate: 146244879,
          dl_tx: 72,
          ul_tx: 915,
          dl_err: 0,
          ul_err: 0,
          dl_retx: 12,
          ul_retx: 10,
          pusch_snr: 33.1,
          epre: -89.7,
          ul_phr: 5,
          ul_path_loss: 68.6,
          p_ue: 14,
          dl_mcs: 22.8,
          ul_mcs: 25.6,
          ul_n_layer: 1,
          turbo_decoder_min: 0,
          turbo_decoder_avg: 2.192,
          turbo_decoder_max: 5,
          cqi: 15,
          ri: 2,
          ul_rank: 1,
          initial_ta: 1
        }
      ]
    }
  ],
  time: 1288.213,
  utc: 1744104897.902
}

