{
  message: ready,
  type: ENB,
  name: ENB,
  version: 2023-06-10,
  time: 2595.429,
  utc: 1744207533.879
}
{
  message: ue_get,
  ue_list: [
    {
      ran_ue_id: 3,
      amf_ue_id: 102,
      qos_flow_list: [
        {
          pdu_session_id: 1,
          dl_total_bytes: 20634,
          ul_total_bytes: 10030,
          sst: 1
        },
        {
          pdu_session_id: 2,
          dl_total_bytes: 9180799,
          ul_total_bytes: 53511669358,
          sst: 1
        }
      ],
      rnti: 17923,
      cells: [
        {
          cell_id: 1,
          dl_bitrate: 185287,
          ul_bitrate: 179775546,
          dl_tx: 94,
          ul_tx: 1455,
          dl_err: 0,
          ul_err: 0,
          dl_retx: 19,
          ul_retx: 22,
          pusch_snr: 24.3,
          epre: -96.7,
          ul_phr: 32,
          ul_path_loss: 67,
          p_ue: -13,
          dl_mcs: 22.2,
          ul_mcs: 21,
          ul_n_layer: 1,
          turbo_decoder_min: 1,
          turbo_decoder_avg: 2.956,
          turbo_decoder_max: 5,
          cqi: 14,
          ri: 2,
          ul_rank: 1,
          initial_ta: 1
        }
      ]
    }
  ],
  time: 2595.43,
  utc: 1744207533.889
}

