{
  message: ready,
  type: ENB,
  name: ENB,
  version: 2023-06-10,
  time: 1263.338,
  utc: 1744099093.529
}
{
  message: ue_get,
  ue_list: [
    {
      ran_ue_id: 3,
      amf_ue_id: 102,
      qos_flow_list: [
        {
          pdu_session_id: 1,
          dl_total_bytes: 15041,
          ul_total_bytes: 8725,
          sst: 1
        },
        {
          pdu_session_id: 2,
          dl_total_bytes: 2639797,
          ul_total_bytes: 18635297450,
          sst: 1
        }
      ],
      rnti: 17923,
      cells: [
        {
          cell_id: 1,
          dl_bitrate: 149661,
          ul_bitrate: 135790227,
          dl_tx: 95,
          ul_tx: 1364,
          dl_err: 0,
          ul_err: 0,
          dl_retx: 24,
          ul_retx: 5,
          pusch_snr: 18.7,
          epre: -101.7,
          ul_phr: -9,
          ul_path_loss: 85,
          p_ue: 22,
          dl_mcs: 21.2,
          ul_mcs: 16.9,
          ul_n_layer: 1,
          turbo_decoder_min: 1,
          turbo_decoder_avg: 2.57,
          turbo_decoder_max: 5,
          cqi: 15,
          ri: 2,
          ul_rank: 1,
          initial_ta: 1
        }
      ]
    }
  ],
  time: 1263.34,
  utc: 1744099093.54
}

