{
  message: ready,
  type: ENB,
  name: ENB,
  version: 2023-06-10,
  time: 868.242,
  utc: 1744072231.217
}
{
  message: ue_get,
  ue_list: [
    {
      ran_ue_id: 46,
      amf_ue_id: 102,
      qos_flow_list: [
        {
          pdu_session_id: 1,
          dl_total_bytes: 14865,
          ul_total_bytes: 8539,
          sst: 1
        },
        {
          pdu_session_id: 2,
          dl_total_bytes: 927828,
          ul_total_bytes: 6520680833,
          sst: 1
        }
      ],
      rnti: 17986,
      cells: [
        {
          cell_id: 1,
          dl_bitrate: 116438,
          ul_bitrate: 135407940,
          dl_tx: 81,
          ul_tx: 1083,
          dl_err: 0,
          ul_err: 0,
          dl_retx: 0,
          ul_retx: 9,
          pusch_snr: 24.8,
          epre: -95.3,
          ul_phr: 1,
          ul_path_loss: 78.6,
          p_ue: 18,
          dl_mcs: 22,
          ul_mcs: 21.2,
          ul_n_layer: 1,
          turbo_decoder_min: 0,
          turbo_decoder_avg: 2.223,
          turbo_decoder_max: 5,
          cqi: 14,
          ri: 2,
          ul_rank: 1,
          initial_ta: 1
        }
      ]
    }
  ],
  time: 868.245,
  utc: 1744072231.228
}

