{
  message: ready,
  type: ENB,
  name: ENB,
  version: 2023-06-10,
  time: 1414.07,
  utc: 1744081794.614
}
{
  message: ue_get,
  ue_list: [
    {
      ran_ue_id: 4,
      amf_ue_id: 103,
      qos_flow_list: [
        {
          pdu_session_id: 1,
          dl_total_bytes: 15041,
          ul_total_bytes: 8741,
          sst: 1
        },
        {
          pdu_session_id: 2,
          dl_total_bytes: 3124026,
          ul_total_bytes: 17717740296,
          sst: 1
        }
      ],
      rnti: 17924,
      cells: [
        {
          cell_id: 1,
          dl_bitrate: 131800,
          ul_bitrate: 110970321,
          dl_tx: 68,
          ul_tx: 896,
          dl_err: 0,
          ul_err: 0,
          dl_retx: 0,
          ul_retx: 3,
          pusch_snr: 21.3,
          epre: -99.2,
          ul_phr: 32,
          ul_path_loss: 68.1,
          p_ue: -13,
          dl_mcs: 25,
          ul_mcs: 20.3,
          ul_n_layer: 1,
          turbo_decoder_min: 1,
          turbo_decoder_avg: 3.101,
          turbo_decoder_max: 5,
          cqi: 15,
          ri: 2,
          ul_rank: 1,
          initial_ta: 1
        }
      ]
    }
  ],
  time: 1414.072,
  utc: 1744081794.625
}

