{
  message: ready,
  type: ENB,
  name: ENB,
  version: 2023-06-10,
  time: 1938.132,
  utc: 1744832169.821
}
{
  message: ue_get,
  ue_list: [
    {
      ran_ue_id: 3,
      amf_ue_id: 102,
      qos_flow_list: [
        {
          pdu_session_id: 1,
          dl_total_bytes: 7777,
          ul_total_bytes: 7661,
          sst: 1
        },
        {
          pdu_session_id: 2,
          dl_total_bytes: 2668298,
          ul_total_bytes: 21501473233,
          sst: 1
        }
      ],
      rnti: 17923,
      cells: [
        {
          cell_id: 1,
          dl_bitrate: 216398,
          ul_bitrate: 93984291,
          dl_tx: 101,
          ul_tx: 932,
          dl_err: 0,
          ul_err: 0,
          dl_retx: 0,
          ul_retx: 3,
          pusch_snr: 25.8,
          epre: -94,
          ul_phr: -5,
          ul_path_loss: 77.1,
          p_ue: 22,
          dl_mcs: 27.9,
          ul_mcs: 19.8,
          ul_n_layer: 1,
          turbo_decoder_min: 0,
          turbo_decoder_avg: 2.19,
          turbo_decoder_max: 5,
          cqi: 15,
          ri: 2,
          ul_rank: 1,
          initial_ta: 1
        }
      ]
    }
  ],
  time: 1938.134,
  utc: 1744832169.832
}

