{
  message: ready,
  type: ENB,
  name: ENB,
  version: 2023-06-10,
  time: 122.969,
  utc: 1743796356.772
}
{
  message: ue_get,
  ue_list: [
    {
      ran_ue_id: 4,
      amf_ue_id: 103,
      qos_flow_list: [
        {
          pdu_session_id: 1,
          dl_total_bytes: 14874,
          ul_total_bytes: 8540,
          sst: 1
        },
        {
          pdu_session_id: 2,
          dl_total_bytes: 220008,
          ul_total_bytes: 1826062151,
          sst: 1
        }
      ],
      rnti: 17924,
      cells: [
        {
          cell_id: 1,
          dl_bitrate: 166317,
          ul_bitrate: 263479571,
          dl_tx: 93,
          ul_tx: 1608,
          dl_err: 0,
          ul_err: 0,
          dl_retx: 1,
          ul_retx: 2,
          pusch_snr: 32.1,
          epre: -84.6,
          ul_phr: -1,
          ul_path_loss: 67.9,
          p_ue: 19,
          dl_mcs: 26.3,
          ul_mcs: 26,
          ul_n_layer: 1,
          turbo_decoder_min: 1,
          turbo_decoder_avg: 1.959,
          turbo_decoder_max: 5,
          cqi: 14,
          ri: 2,
          ul_rank: 1,
          initial_ta: 1
        }
      ]
    }
  ],
  time: 122.97,
  utc: 1743796356.783
}

