{
  message: ready,
  type: ENB,
  name: ENB,
  version: 2023-06-10,
  time: 2504.935,
  utc: 1744056263.392
}
{
  message: ue_get,
  ue_list: [
    {
      ran_ue_id: 3,
      amf_ue_id: 102,
      qos_flow_list: [
        {
          pdu_session_id: 1,
          dl_total_bytes: 15233,
          ul_total_bytes: 8949,
          sst: 1
        },
        {
          pdu_session_id: 2,
          dl_total_bytes: 8007285,
          ul_total_bytes: 14335177064,
          sst: 1
        }
      ],
      rnti: 17923,
      cells: [
        {
          cell_id: 1,
          dl_bitrate: 150921,
          ul_bitrate: 37961933,
          dl_tx: 97,
          ul_tx: 1075,
          dl_err: 0,
          ul_err: 0,
          dl_retx: 12,
          ul_retx: 1,
          pusch_snr: 10,
          epre: -110.8,
          ul_phr: -22,
          ul_path_loss: 98.5,
          p_ue: 23,
          dl_mcs: 20,
          ul_mcs: 6.6,
          ul_n_layer: 1,
          turbo_decoder_min: 1,
          turbo_decoder_avg: 2.711,
          turbo_decoder_max: 5,
          cqi: 13,
          ri: 2,
          ul_rank: 1,
          initial_ta: 1
        }
      ]
    }
  ],
  time: 2504.937,
  utc: 1744056263.402
}

