{
  message: ready,
  type: ENB,
  name: ENB,
  version: 2023-06-10,
  time: 2858.277,
  utc: 1744091939.369
}
{
  message: ue_get,
  ue_list: [
    {
      ran_ue_id: 3,
      amf_ue_id: 102,
      qos_flow_list: [
        {
          pdu_session_id: 1,
          dl_total_bytes: 15325,
          ul_total_bytes: 9050,
          sst: 1
        },
        {
          pdu_session_id: 2,
          dl_total_bytes: 10460694,
          ul_total_bytes: 25747373366,
          sst: 1
        }
      ],
      rnti: 17923,
      cells: [
        {
          cell_id: 1,
          dl_bitrate: 190943,
          ul_bitrate: 52721198,
          dl_tx: 93,
          ul_tx: 1551,
          dl_err: 0,
          ul_err: 0,
          dl_retx: 23,
          ul_retx: 0,
          pusch_snr: 9.5,
          epre: -111.3,
          ul_phr: -23,
          ul_path_loss: 98.4,
          p_ue: 23,
          dl_mcs: 14,
          ul_mcs: 5,
          ul_n_layer: 1,
          turbo_decoder_min: 1,
          turbo_decoder_avg: 2,
          turbo_decoder_max: 3,
          cqi: 10,
          ri: 2,
          ul_rank: 1,
          initial_ta: 1
        }
      ]
    }
  ],
  time: 2858.278,
  utc: 1744091939.379
}

