{
  message: ready,
  type: ENB,
  name: ENB,
  version: 2023-06-10,
  time: 353.207,
  utc: 1744857722.034
}
{
  message: ue_get,
  ue_list: [
    {
      ran_ue_id: 4,
      amf_ue_id: 103,
      qos_flow_list: [
        {
          pdu_session_id: 1,
          dl_total_bytes: 7410,
          ul_total_bytes: 7252,
          sst: 1
        },
        {
          pdu_session_id: 2,
          dl_total_bytes: 213763,
          ul_total_bytes: 3264671690,
          sst: 1
        }
      ],
      rnti: 17924,
      cells: [
        {
          cell_id: 1,
          dl_bitrate: 100683,
          ul_bitrate: 109252744,
          dl_tx: 69,
          ul_tx: 1013,
          dl_err: 0,
          ul_err: 0,
          dl_retx: 2,
          ul_retx: 9,
          pusch_snr: 27.1,
          epre: -89.9,
          ul_phr: -8,
          ul_path_loss: 77.1,
          p_ue: 22,
          dl_mcs: 22.2,
          ul_mcs: 18.3,
          ul_n_layer: 1,
          turbo_decoder_min: 1,
          turbo_decoder_avg: 1.837,
          turbo_decoder_max: 5,
          cqi: 14,
          ri: 2,
          ul_rank: 1,
          initial_ta: 1
        }
      ]
    }
  ],
  time: 353.209,
  utc: 1744857722.044
}

