{
  message: ready,
  type: ENB,
  name: ENB,
  version: 2023-06-10,
  time: 2017.487,
  utc: 1744085309.16
}
{
  message: ue_get,
  ue_list: [
    {
      ran_ue_id: 5,
      amf_ue_id: 104,
      qos_flow_list: [
        {
          pdu_session_id: 1,
          dl_total_bytes: 9833,
          ul_total_bytes: 7857,
          sst: 1
        },
        {
          pdu_session_id: 2,
          dl_total_bytes: 5203385,
          ul_total_bytes: 25401981201,
          sst: 1
        }
      ],
      rnti: 17925,
      cells: [
        {
          cell_id: 1,
          dl_bitrate: 146237,
          ul_bitrate: 76248780,
          dl_tx: 53,
          ul_tx: 617,
          dl_err: 0,
          ul_err: 0,
          dl_retx: 0,
          ul_retx: 0,
          pusch_snr: 28.5,
          epre: -93.3,
          ul_phr: 20,
          ul_path_loss: 76.7,
          p_ue: -1,
          dl_mcs: 25,
          ul_mcs: 20.9,
          ul_n_layer: 1,
          turbo_decoder_min: 1,
          turbo_decoder_avg: 2.109,
          turbo_decoder_max: 4,
          cqi: 15,
          ri: 2,
          ul_rank: 1,
          initial_ta: 0
        }
      ]
    }
  ],
  time: 2017.49,
  utc: 1744085309.172
}

