{
  message: ready,
  type: ENB,
  name: ENB,
  version: 2023-06-10,
  time: 2015.367,
  utc: 1744085307.04
}
{
  message: ue_get,
  ue_list: [
    {
      ran_ue_id: 5,
      amf_ue_id: 104,
      qos_flow_list: [
        {
          pdu_session_id: 1,
          dl_total_bytes: 9833,
          ul_total_bytes: 7857,
          sst: 1
        },
        {
          pdu_session_id: 2,
          dl_total_bytes: 5185039,
          ul_total_bytes: 25378317933,
          sst: 1
        }
      ],
      rnti: 17925,
      cells: [
        {
          cell_id: 1,
          dl_bitrate: 159133,
          ul_bitrate: 92161610,
          dl_tx: 59,
          ul_tx: 732,
          dl_err: 0,
          ul_err: 0,
          dl_retx: 1,
          ul_retx: 0,
          pusch_snr: 24.2,
          epre: -96.3,
          ul_phr: 1,
          ul_path_loss: 78.6,
          p_ue: 18,
          dl_mcs: 25,
          ul_mcs: 20.5,
          ul_n_layer: 1,
          turbo_decoder_min: 1,
          turbo_decoder_avg: 2.088,
          turbo_decoder_max: 3,
          cqi: 15,
          ri: 2,
          ul_rank: 1,
          initial_ta: 0
        }
      ]
    }
  ],
  time: 2015.37,
  utc: 1744085307.051
}

