{
  message: ready,
  type: ENB,
  name: ENB,
  version: 2023-06-10,
  time: 2208.238,
  utc: 1744070663.773
}
{
  message: ue_get,
  ue_list: [
    {
      ran_ue_id: 4,
      amf_ue_id: 103,
      qos_flow_list: [
        {
          pdu_session_id: 1,
          dl_total_bytes: 15305,
          ul_total_bytes: 9750,
          sst: 1
        },
        {
          pdu_session_id: 2,
          dl_total_bytes: 6509058,
          ul_total_bytes: 29535016508,
          sst: 1
        }
      ],
      rnti: 17924,
      cells: [
        {
          cell_id: 1,
          dl_bitrate: 166746,
          ul_bitrate: 93648641,
          dl_tx: 63,
          ul_tx: 735,
          dl_err: 0,
          ul_err: 0,
          dl_retx: 1,
          ul_retx: 9,
          pusch_snr: 23.7,
          epre: -96.9,
          ul_phr: 10,
          ul_path_loss: 69,
          p_ue: 9,
          dl_mcs: 26.9,
          ul_mcs: 21.1,
          ul_n_layer: 1,
          turbo_decoder_min: 1,
          turbo_decoder_avg: 2.227,
          turbo_decoder_max: 5,
          cqi: 14,
          ri: 2,
          ul_rank: 1,
          initial_ta: 1
        }
      ]
    }
  ],
  time: 2208.24,
  utc: 1744070663.783
}

