{
  message: ready,
  type: ENB,
  name: ENB,
  version: 2023-06-10,
  time: 2756.966,
  utc: 1744196137.317
}
{
  message: ue_get,
  ue_list: [
    {
      ran_ue_id: 4,
      amf_ue_id: 103,
      qos_flow_list: [
        {
          pdu_session_id: 1,
          dl_total_bytes: 16076,
          ul_total_bytes: 9049,
          sst: 1
        },
        {
          pdu_session_id: 2,
          dl_total_bytes: 10202827,
          ul_total_bytes: 55817067535,
          sst: 1
        }
      ],
      rnti: 17924,
      cells: [
        {
          cell_id: 1,
          dl_bitrate: 217828,
          ul_bitrate: 184489353,
          dl_tx: 94,
          ul_tx: 1625,
          dl_err: 0,
          ul_err: 0,
          dl_retx: 1,
          ul_retx: 2,
          pusch_snr: 20.4,
          epre: -100.1,
          ul_phr: 14,
          ul_path_loss: 67.7,
          p_ue: 5,
          dl_mcs: 25.5,
          ul_mcs: 18.7,
          ul_n_layer: 1,
          turbo_decoder_min: 1,
          turbo_decoder_avg: 2.558,
          turbo_decoder_max: 5,
          cqi: 15,
          ri: 2,
          ul_rank: 1,
          initial_ta: 0
        }
      ]
    }
  ],
  time: 2756.967,
  utc: 1744196137.327
}

