{
  message: ready,
  type: ENB,
  name: ENB,
  version: 2023-06-10,
  time: 1777.323,
  utc: 1744082157.867
}
{
  message: ue_get,
  ue_list: [
    {
      ran_ue_id: 35,
      amf_ue_id: 134,
      qos_flow_list: [],
      rnti: 17955,
      cells: [
        {
          cell_id: 1,
          dl_bitrate: 3751,
          ul_bitrate: 0,
          dl_tx: 11,
          ul_tx: 0,
          dl_err: 14,
          ul_err: 0,
          dl_retx: 90,
          ul_retx: 0,
          pusch_snr: 16.1,
          epre: -101.5,
          ul_phr: -12,
          ul_path_loss: 116.1,
          p_ue: 24,
          dl_mcs: 12.3,
          cqi: 12,
          ri: 2,
          ul_rank: 1,
          initial_ta: 1
        }
      ]
    },
    {
      ran_ue_id: 34,
      amf_ue_id: 133,
      qos_flow_list: [
        {
          pdu_session_id: 2,
          dl_total_bytes: 26393,
          ul_total_bytes: 33197,
          sst: 1
        }
      ],
      rnti: 17954,
      cells: [
        {
          cell_id: 1,
          dl_bitrate: 1554,
          ul_bitrate: 0,
          dl_tx: 2,
          ul_tx: 0,
          dl_err: 0,
          ul_err: 0,
          dl_retx: 0,
          ul_retx: 0,
          pusch_snr: 24.3,
          epre: -97.1,
          ul_phr: 5,
          ul_path_loss: 85.2,
          p_ue: 3,
          dl_mcs: 13,
          cqi: 10,
          ri: 2,
          ul_rank: 1,
          initial_ta: 1
        }
      ]
    },
    {
      ran_ue_id: 4,
      amf_ue_id: 103,
      qos_flow_list: [
        {
          pdu_session_id: 1,
          dl_total_bytes: 15041,
          ul_total_bytes: 8741,
          sst: 1
        },
        {
          pdu_session_id: 2,
          dl_total_bytes: 4305442,
          ul_total_bytes: 22497903941,
          sst: 1
        }
      ],
      rnti: 17924,
      cells: [
        {
          cell_id: 1,
          dl_bitrate: 113982,
          ul_bitrate: 97262185,
          dl_tx: 54,
          ul_tx: 630,
          dl_err: 0,
          ul_err: 0,
          dl_retx: 7,
          ul_retx: 10,
          pusch_snr: 27.7,
          epre: -89.8,
          ul_phr: 9,
          ul_path_loss: 68.7,
          p_ue: 10,
          dl_mcs: 25.1,
          ul_mcs: 24.1,
          ul_n_layer: 1,
          turbo_decoder_min: 0,
          turbo_decoder_avg: 2.204,
          turbo_decoder_max: 5,
          cqi: 15,
          ri: 2,
          ul_rank: 1,
          initial_ta: 1
        }
      ]
    }
  ],
  time: 1777.326,
  utc: 1744082157.878
}

