{
  message: ready,
  type: ENB,
  name: ENB,
  version: 2023-06-10,
  time: 1498.566,
  utc: 1744845510.533
}
{
  message: ue_get,
  ue_list: [
    {
      ran_ue_id: 3,
      amf_ue_id: 102,
      qos_flow_list: [
        {
          pdu_session_id: 1,
          dl_total_bytes: 7594,
          ul_total_bytes: 7432,
          sst: 1
        },
        {
          pdu_session_id: 2,
          dl_total_bytes: 1663940,
          ul_total_bytes: 16462864720,
          sst: 1
        }
      ],
      rnti: 17923,
      cells: [
        {
          cell_id: 1,
          dl_bitrate: 181745,
          ul_bitrate: 93115475,
          dl_tx: 107,
          ul_tx: 1047,
          dl_err: 0,
          ul_err: 0,
          dl_retx: 0,
          ul_retx: 0,
          pusch_snr: 28.1,
          epre: -90,
          ul_phr: -9,
          ul_path_loss: 76.8,
          p_ue: 22,
          dl_mcs: 27.9,
          ul_mcs: 17.6,
          ul_n_layer: 1,
          turbo_decoder_min: 1,
          turbo_decoder_avg: 1.871,
          turbo_decoder_max: 3,
          cqi: 15,
          ri: 2,
          ul_rank: 1,
          initial_ta: 1
        }
      ]
    }
  ],
  time: 1498.567,
  utc: 1744845510.544
}

