{
  message: ready,
  type: ENB,
  name: ENB,
  version: 2023-06-10,
  time: 1537.261,
  utc: 1744183385.144
}
{
  message: ue_get,
  ue_list: [
    {
      ran_ue_id: 3,
      amf_ue_id: 102,
      qos_flow_list: [
        {
          pdu_session_id: 1,
          dl_total_bytes: 15109,
          ul_total_bytes: 8802,
          sst: 1
        },
        {
          pdu_session_id: 2,
          dl_total_bytes: 3581307,
          ul_total_bytes: 30154151359,
          sst: 1
        }
      ],
      rnti: 17923,
      cells: [
        {
          cell_id: 1,
          dl_bitrate: 179497,
          ul_bitrate: 180328487,
          dl_tx: 95,
          ul_tx: 1474,
          dl_err: 0,
          ul_err: 0,
          dl_retx: 1,
          ul_retx: 23,
          pusch_snr: 22.5,
          epre: -98.2,
          ul_phr: 13,
          ul_path_loss: 68.4,
          p_ue: 6,
          dl_mcs: 25.1,
          ul_mcs: 20.7,
          ul_n_layer: 1,
          turbo_decoder_min: 0,
          turbo_decoder_avg: 2.842,
          turbo_decoder_max: 5,
          cqi: 15,
          ri: 2,
          ul_rank: 1,
          initial_ta: 1
        }
      ]
    }
  ],
  time: 1537.264,
  utc: 1744183385.155
}

