{
  message: ready,
  type: ENB,
  name: ENB,
  version: 2023-06-10,
  time: 1925.545,
  utc: 1744102635.946
}
{
  message: ue_get,
  ue_list: [
    {
      ran_ue_id: 3,
      amf_ue_id: 102,
      qos_flow_list: [
        {
          pdu_session_id: 1,
          dl_total_bytes: 15233,
          ul_total_bytes: 8949,
          sst: 1
        },
        {
          pdu_session_id: 2,
          dl_total_bytes: 4808950,
          ul_total_bytes: 18606489232,
          sst: 1
        }
      ],
      rnti: 17923,
      cells: [
        {
          cell_id: 1,
          dl_bitrate: 113875,
          ul_bitrate: 84524561,
          dl_tx: 94,
          ul_tx: 1550,
          dl_err: 0,
          ul_err: 0,
          dl_retx: 7,
          ul_retx: 16,
          pusch_snr: 10,
          epre: -111.1,
          ul_phr: -17,
          ul_path_loss: 98.5,
          p_ue: 23,
          dl_mcs: 14.1,
          ul_mcs: 9,
          ul_n_layer: 1,
          turbo_decoder_min: 1,
          turbo_decoder_avg: 3.572,
          turbo_decoder_max: 5,
          cqi: 10,
          ri: 2,
          ul_rank: 1,
          initial_ta: 1
        }
      ]
    }
  ],
  time: 1925.547,
  utc: 1744102635.957
}

