{
  message: ready,
  type: ENB,
  name: ENB,
  version: 2023-06-10,
  time: 434.147,
  utc: 1744193814.498
}
{
  message: ue_get,
  ue_list: [
    {
      ran_ue_id: 12,
      amf_ue_id: 111,
      qos_flow_list: [],
      rnti: 17932,
      cells: [
        {
          cell_id: 1,
          dl_bitrate: 470,
          ul_bitrate: 0,
          dl_tx: 3,
          ul_tx: 0,
          dl_err: 22,
          ul_err: 0,
          dl_retx: 120,
          ul_retx: 0,
          pusch_snr: 21.6,
          epre: -99.6,
          ul_phr: -16,
          ul_path_loss: 119.4,
          p_ue: 24,
          dl_mcs: 9.3,
          cqi: 8,
          ri: 2,
          ul_rank: 1,
          initial_ta: 1
        }
      ]
    },
    {
      ran_ue_id: 11,
      amf_ue_id: 110,
      qos_flow_list: [
        {
          pdu_session_id: 2,
          dl_total_bytes: 40,
          ul_total_bytes: 41,
          sst: 1
        }
      ],
      rnti: 17931,
      cells: [
        {
          cell_id: 1,
          dl_bitrate: 2671,
          ul_bitrate: 0,
          dl_tx: 2,
          ul_tx: 0,
          dl_err: 0,
          ul_err: 0,
          dl_retx: 0,
          ul_retx: 0,
          pusch_snr: 19.6,
          epre: -101.2,
          ul_phr: 9,
          ul_path_loss: 93.3,
          p_ue: -1,
          dl_mcs: 22,
          cqi: 14,
          ri: 2,
          ul_rank: 1,
          initial_ta: 1
        }
      ]
    },
    {
      ran_ue_id: 4,
      amf_ue_id: 103,
      qos_flow_list: [
        {
          pdu_session_id: 1,
          dl_total_bytes: 15708,
          ul_total_bytes: 8645,
          sst: 1
        },
        {
          pdu_session_id: 2,
          dl_total_bytes: 783623,
          ul_total_bytes: 7099445731,
          sst: 1
        }
      ],
      rnti: 17924,
      cells: [
        {
          cell_id: 1,
          dl_bitrate: 143932,
          ul_bitrate: 177223164,
          dl_tx: 91,
          ul_tx: 1502,
          dl_err: 0,
          ul_err: 0,
          dl_retx: 12,
          ul_retx: 15,
          pusch_snr: 20.8,
          epre: -99.6,
          ul_phr: 18,
          ul_path_loss: 68.6,
          p_ue: 4,
          dl_mcs: 24,
          ul_mcs: 19.5,
          ul_n_layer: 1,
          turbo_decoder_min: 1,
          turbo_decoder_avg: 2.927,
          turbo_decoder_max: 5,
          cqi: 15,
          ri: 2,
          ul_rank: 1,
          initial_ta: 0
        }
      ]
    }
  ],
  time: 434.149,
  utc: 1744193814.509
}

