{
  message: ready,
  type: ENB,
  name: ENB,
  version: 2023-06-10,
  time: 240.876,
  utc: 1744098071.068
}
{
  message: ue_get,
  ue_list: [
    {
      ran_ue_id: 3,
      amf_ue_id: 102,
      qos_flow_list: [
        {
          pdu_session_id: 1,
          dl_total_bytes: 14857,
          ul_total_bytes: 8523,
          sst: 1
        },
        {
          pdu_session_id: 2,
          dl_total_bytes: 435688,
          ul_total_bytes: 2721740228,
          sst: 1
        }
      ],
      rnti: 17923,
      cells: [
        {
          cell_id: 1,
          dl_bitrate: 124137,
          ul_bitrate: 131957214,
          dl_tx: 96,
          ul_tx: 1252,
          dl_err: 0,
          ul_err: 0,
          dl_retx: 11,
          ul_retx: 14,
          pusch_snr: 27,
          epre: -93.3,
          ul_phr: 12,
          ul_path_loss: 88.9,
          p_ue: 7,
          dl_mcs: 21,
          ul_mcs: 17.9,
          ul_n_layer: 1,
          turbo_decoder_min: 1,
          turbo_decoder_avg: 2.762,
          turbo_decoder_max: 5,
          cqi: 14,
          ri: 2,
          ul_rank: 1,
          initial_ta: 1
        }
      ]
    }
  ],
  time: 240.878,
  utc: 1744098071.079
}

