{
  message: ready,
  type: ENB,
  name: ENB,
  version: 2023-06-10,
  time: 2328.015,
  utc: 1744105937.695
}
{
  message: ue_get,
  ue_list: [
    {
      ran_ue_id: 90,
      amf_ue_id: 140,
      qos_flow_list: [],
      rnti: 18010,
      cells: [
        {
          cell_id: 1,
          dl_bitrate: 0,
          ul_bitrate: 0,
          dl_tx: 0,
          ul_tx: 0,
          dl_err: 0,
          ul_err: 0,
          dl_retx: 0,
          ul_retx: 0,
          pusch_snr: 27.5,
          epre: -95.7,
          ul_phr: -7,
          ul_path_loss: 119.9,
          p_ue: 24,
          cqi: 15,
          ri: 1,
          ul_rank: 1,
          initial_ta: 1
        }
      ]
    },
    {
      ran_ue_id: 3,
      amf_ue_id: 102,
      qos_flow_list: [
        {
          pdu_session_id: 1,
          dl_total_bytes: 15231,
          ul_total_bytes: 8947,
          sst: 1
        },
        {
          pdu_session_id: 2,
          dl_total_bytes: 7370659,
          ul_total_bytes: 33665674853,
          sst: 1
        }
      ],
      rnti: 17923,
      cells: [
        {
          cell_id: 1,
          dl_bitrate: 153931,
          ul_bitrate: 115092242,
          dl_tx: 66,
          ul_tx: 853,
          dl_err: 0,
          ul_err: 0,
          dl_retx: 8,
          ul_retx: 6,
          pusch_snr: 28.1,
          epre: -92.3,
          ul_phr: 28,
          ul_path_loss: 67.9,
          p_ue: -9,
          dl_mcs: 23,
          ul_mcs: 22.7,
          ul_n_layer: 1,
          turbo_decoder_min: 0,
          turbo_decoder_avg: 2.204,
          turbo_decoder_max: 5,
          cqi: 15,
          ri: 2,
          ul_rank: 1,
          initial_ta: 1
        }
      ]
    }
  ],
  time: 2328.016,
  utc: 1744105937.706
}

