{
  message: ready,
  type: ENB,
  name: ENB,
  version: 2023-06-10,
  time: 817.338,
  utc: 1744045947.076
}
{
  message: ue_get,
  ue_list: [
    {
      ran_ue_id: 4,
      amf_ue_id: 103,
      qos_flow_list: [
        {
          pdu_session_id: 1,
          dl_total_bytes: 14856,
          ul_total_bytes: 8522,
          sst: 1
        },
        {
          pdu_session_id: 2,
          dl_total_bytes: 1414565,
          ul_total_bytes: 11588149236,
          sst: 1
        }
      ],
      rnti: 17924,
      cells: [
        {
          cell_id: 1,
          dl_bitrate: 166201,
          ul_bitrate: 134981432,
          dl_tx: 111,
          ul_tx: 993,
          dl_err: 0,
          ul_err: 0,
          dl_retx: 0,
          ul_retx: 15,
          pusch_snr: 28.5,
          epre: -90.3,
          ul_phr: 5,
          ul_path_loss: 69,
          p_ue: 14,
          dl_mcs: 28,
          ul_mcs: 26.2,
          ul_n_layer: 1,
          turbo_decoder_min: 1,
          turbo_decoder_avg: 2.258,
          turbo_decoder_max: 5,
          cqi: 15,
          ri: 2,
          ul_rank: 1,
          initial_ta: 1
        }
      ]
    }
  ],
  time: 817.34,
  utc: 1744045947.086
}

