{
  message: ready,
  type: ENB,
  name: ENB,
  version: 2023-06-10,
  time: 283.742,
  utc: 1743799539.475
}
{
  message: ue_get,
  ue_list: [
    {
      ran_ue_id: 8,
      amf_ue_id: 107,
      qos_flow_list: [],
      rnti: 17928,
      cells: [
        {
          cell_id: 1,
          dl_bitrate: 0,
          ul_bitrate: 0,
          dl_tx: 0,
          ul_tx: 0,
          dl_err: 0,
          ul_err: 0,
          dl_retx: 0,
          ul_retx: 0,
          pusch_snr: 20.9,
          epre: -100.5,
          ul_phr: -8,
          ul_path_loss: 119.6,
          p_ue: 24,
          cqi: 15,
          ri: 2,
          ul_rank: 1,
          initial_ta: 1
        }
      ]
    },
    {
      ran_ue_id: 4,
      amf_ue_id: 103,
      qos_flow_list: [
        {
          pdu_session_id: 1,
          dl_total_bytes: 14933,
          ul_total_bytes: 8578,
          sst: 1
        },
        {
          pdu_session_id: 2,
          dl_total_bytes: 444723,
          ul_total_bytes: 6641407594,
          sst: 1
        }
      ],
      rnti: 17924,
      cells: [
        {
          cell_id: 1,
          dl_bitrate: 140671,
          ul_bitrate: 242322718,
          dl_tx: 85,
          ul_tx: 1556,
          dl_err: 0,
          ul_err: 0,
          dl_retx: 0,
          ul_retx: 17,
          pusch_snr: 26.6,
          epre: -93.2,
          ul_phr: 8,
          ul_path_loss: 68.5,
          p_ue: 11,
          dl_mcs: 24,
          ul_mcs: 24,
          ul_n_layer: 1,
          turbo_decoder_min: 1,
          turbo_decoder_avg: 2.523,
          turbo_decoder_max: 5,
          cqi: 15,
          ri: 2,
          ul_rank: 1,
          initial_ta: 1
        }
      ]
    }
  ],
  time: 283.744,
  utc: 1743799539.486
}

