{
  message: ready,
  type: ENB,
  name: ENB,
  version: 2023-06-10,
  time: 284.499,
  utc: 1744193664.85
}
{
  message: ue_get,
  ue_list: [
    {
      ran_ue_id: 9,
      amf_ue_id: 108,
      qos_flow_list: [],
      rnti: 17929,
      cells: [
        {
          cell_id: 1,
          dl_bitrate: 0,
          ul_bitrate: 0,
          dl_tx: 0,
          ul_tx: 0,
          dl_err: 0,
          ul_err: 0,
          dl_retx: 0,
          ul_retx: 0,
          pusch_snr: 15.1,
          epre: -103.8,
          ul_phr: -14,
          ul_path_loss: 117,
          p_ue: 24,
          cqi: 11,
          ri: 2,
          ul_rank: 1,
          initial_ta: 1
        }
      ]
    },
    {
      ran_ue_id: 4,
      amf_ue_id: 103,
      qos_flow_list: [
        {
          pdu_session_id: 1,
          dl_total_bytes: 15708,
          ul_total_bytes: 8645,
          sst: 1
        },
        {
          pdu_session_id: 2,
          dl_total_bytes: 521784,
          ul_total_bytes: 4288818103,
          sst: 1
        }
      ],
      rnti: 17924,
      cells: [
        {
          cell_id: 1,
          dl_bitrate: 95509,
          ul_bitrate: 128225710,
          dl_tx: 56,
          ul_tx: 777,
          dl_err: 0,
          ul_err: 0,
          dl_retx: 2,
          ul_retx: 8,
          pusch_snr: 29.3,
          epre: -89.1,
          ul_phr: 26,
          ul_path_loss: 68.1,
          p_ue: -7,
          dl_mcs: 25.1,
          ul_mcs: 26.1,
          ul_n_layer: 1,
          turbo_decoder_min: 1,
          turbo_decoder_avg: 2.127,
          turbo_decoder_max: 5,
          cqi: 15,
          ri: 2,
          ul_rank: 1,
          initial_ta: 0
        }
      ]
    }
  ],
  time: 284.501,
  utc: 1744193664.861
}

