{
  message: ready,
  type: ENB,
  name: ENB,
  version: 2023-06-10,
  time: 1792.888,
  utc: 1744200910.258
}
{
  message: ue_get,
  ue_list: [
    {
      ran_ue_id: 4,
      amf_ue_id: 103,
      qos_flow_list: [
        {
          pdu_session_id: 1,
          dl_total_bytes: 15049,
          ul_total_bytes: 8747,
          sst: 1
        },
        {
          pdu_session_id: 2,
          dl_total_bytes: 4392505,
          ul_total_bytes: 30665971121,
          sst: 1
        }
      ],
      rnti: 17924,
      cells: [
        {
          cell_id: 1,
          dl_bitrate: 157013,
          ul_bitrate: 149174128,
          dl_tx: 99,
          ul_tx: 1618,
          dl_err: 0,
          ul_err: 0,
          dl_retx: 3,
          ul_retx: 4,
          pusch_snr: 19.4,
          epre: -101,
          ul_phr: -13,
          ul_path_loss: 87.4,
          p_ue: 22,
          dl_mcs: 21.1,
          ul_mcs: 15.6,
          ul_n_layer: 1,
          turbo_decoder_min: 1,
          turbo_decoder_avg: 2.49,
          turbo_decoder_max: 5,
          cqi: 14,
          ri: 2,
          ul_rank: 1,
          initial_ta: 1
        }
      ]
    }
  ],
  time: 1792.889,
  utc: 1744200910.269
}

