{
  message: ready,
  type: ENB,
  name: ENB,
  version: 2023-06-10,
  time: 592.901,
  utc: 1744063071.207
}
{
  message: ue_get,
  ue_list: [
    {
      ran_ue_id: 5,
      amf_ue_id: 104,
      qos_flow_list: [
        {
          pdu_session_id: 1,
          dl_total_bytes: 9465,
          ul_total_bytes: 7437,
          sst: 1
        },
        {
          pdu_session_id: 2,
          dl_total_bytes: 945640,
          ul_total_bytes: 5580439743,
          sst: 1
        }
      ],
      rnti: 17925,
      cells: [
        {
          cell_id: 1,
          dl_bitrate: 144112,
          ul_bitrate: 98917437,
          dl_tx: 109,
          ul_tx: 1062,
          dl_err: 0,
          ul_err: 0,
          dl_retx: 0,
          ul_retx: 9,
          pusch_snr: 18.4,
          epre: -102.1,
          ul_phr: -3,
          ul_path_loss: 87.9,
          p_ue: 22,
          dl_mcs: 25,
          ul_mcs: 18,
          ul_n_layer: 1,
          turbo_decoder_min: 1,
          turbo_decoder_avg: 3.003,
          turbo_decoder_max: 5,
          cqi: 15,
          ri: 2,
          ul_rank: 1,
          initial_ta: 1
        }
      ]
    }
  ],
  time: 592.903,
  utc: 1744063071.217
}

