{
  message: ready,
  type: ENB,
  name: ENB,
  version: 2023-06-10,
  time: 2402.844,
  utc: 1744094404.196
}
{
  message: ue_get,
  ue_list: [
    {
      ran_ue_id: 3,
      amf_ue_id: 102,
      qos_flow_list: [
        {
          pdu_session_id: 1,
          dl_total_bytes: 15233,
          ul_total_bytes: 8949,
          sst: 1
        },
        {
          pdu_session_id: 2,
          dl_total_bytes: 7761394,
          ul_total_bytes: 31619360771,
          sst: 1
        }
      ],
      rnti: 17923,
      cells: [
        {
          cell_id: 1,
          dl_bitrate: 140290,
          ul_bitrate: 75702718,
          dl_tx: 46,
          ul_tx: 477,
          dl_err: 0,
          ul_err: 0,
          dl_retx: 1,
          ul_retx: 4,
          pusch_snr: 28.7,
          epre: -88.4,
          ul_phr: 24,
          ul_path_loss: 68.2,
          p_ue: -5,
          dl_mcs: 24.2,
          ul_mcs: 26.1,
          ul_n_layer: 1,
          turbo_decoder_min: 1,
          turbo_decoder_avg: 1.963,
          turbo_decoder_max: 5,
          cqi: 15,
          ri: 2,
          ul_rank: 1,
          initial_ta: 0
        }
      ]
    }
  ],
  time: 2402.846,
  utc: 1744094404.207
}

