{
  message: ready,
  type: ENB,
  name: ENB,
  version: 2023-06-10,
  time: 315.638,
  utc: 1744839368.216
}
{
  message: ue_get,
  ue_list: [
    {
      ran_ue_id: 2,
      amf_ue_id: 101,
      qos_flow_list: [
        {
          pdu_session_id: 1,
          dl_total_bytes: 7409,
          ul_total_bytes: 7257,
          sst: 1
        },
        {
          pdu_session_id: 2,
          dl_total_bytes: 97118,
          ul_total_bytes: 47009607,
          sst: 1
        }
      ],
      rnti: 17922,
      cells: [
        {
          cell_id: 1,
          dl_bitrate: 28527,
          ul_bitrate: 2840351,
          dl_tx: 30,
          ul_tx: 1039,
          dl_err: 0,
          ul_err: 0,
          dl_retx: 1,
          ul_retx: 7,
          pusch_snr: 5.9,
          epre: -115.1,
          ul_phr: -29,
          ul_path_loss: 104.1,
          p_ue: 23,
          dl_mcs: 18,
          ul_mcs: 4,
          ul_n_layer: 1,
          turbo_decoder_min: 1,
          turbo_decoder_avg: 1.539,
          turbo_decoder_max: 5,
          cqi: 12,
          ri: 2,
          ul_rank: 1,
          initial_ta: 1
        }
      ]
    }
  ],
  time: 315.641,
  utc: 1744839368.228
}

