{
  message: ready,
  type: ENB,
  name: ENB,
  version: 2023-06-10,
  time: 2460.928,
  utc: 1744849348.785
}
{
  message: ue_get,
  ue_list: [
    {
      ran_ue_id: 3,
      amf_ue_id: 102,
      qos_flow_list: [
        {
          pdu_session_id: 1,
          dl_total_bytes: 7777,
          ul_total_bytes: 7661,
          sst: 1
        },
        {
          pdu_session_id: 2,
          dl_total_bytes: 5085204,
          ul_total_bytes: 14389975850,
          sst: 1
        }
      ],
      rnti: 17923,
      cells: [
        {
          cell_id: 1,
          dl_bitrate: 104988,
          ul_bitrate: 34929368,
          dl_tx: 73,
          ul_tx: 1076,
          dl_err: 0,
          ul_err: 0,
          dl_retx: 2,
          ul_retx: 0,
          pusch_snr: 21.1,
          epre: -99.3,
          ul_phr: -21,
          ul_path_loss: 87.3,
          p_ue: 23,
          dl_mcs: 27.1,
          ul_mcs: 6,
          ul_n_layer: 1,
          turbo_decoder_min: 1,
          turbo_decoder_avg: 1.276,
          turbo_decoder_max: 2,
          cqi: 15,
          ri: 2,
          ul_rank: 1,
          initial_ta: 0
        }
      ]
    }
  ],
  time: 2460.929,
  utc: 1744849348.795
}

