{
  message: ready,
  type: ENB,
  name: ENB,
  version: 2023-06-10,
  time: 867.256,
  utc: 1744205805.707
}
{
  message: ue_get,
  ue_list: [
    {
      ran_ue_id: 3,
      amf_ue_id: 102,
      qos_flow_list: [
        {
          pdu_session_id: 1,
          dl_total_bytes: 12810,
          ul_total_bytes: 8338,
          sst: 1
        },
        {
          pdu_session_id: 2,
          dl_total_bytes: 1538246,
          ul_total_bytes: 17149560085,
          sst: 1
        }
      ],
      rnti: 17923,
      cells: [
        {
          cell_id: 1,
          dl_bitrate: 139620,
          ul_bitrate: 182310428,
          dl_tx: 88,
          ul_tx: 1559,
          dl_err: 0,
          ul_err: 0,
          dl_retx: 1,
          ul_retx: 4,
          pusch_snr: 21.9,
          epre: -98.7,
          ul_phr: 14,
          ul_path_loss: 68,
          p_ue: 5,
          dl_mcs: 24,
          ul_mcs: 19.7,
          ul_n_layer: 1,
          turbo_decoder_min: 1,
          turbo_decoder_avg: 2.914,
          turbo_decoder_max: 5,
          cqi: 15,
          ri: 2,
          ul_rank: 1,
          initial_ta: 1
        }
      ]
    }
  ],
  time: 867.258,
  utc: 1744205805.717
}

