{
  message: ready,
  type: ENB,
  name: ENB,
  version: 2023-06-10,
  time: 1339.481,
  utc: 1744087561.823
}
{
  message: ue_get,
  ue_list: [
    {
      ran_ue_id: 3,
      amf_ue_id: 102,
      qos_flow_list: [
        {
          pdu_session_id: 1,
          dl_total_bytes: 15049,
          ul_total_bytes: 8747,
          sst: 1
        },
        {
          pdu_session_id: 2,
          dl_total_bytes: 2900172,
          ul_total_bytes: 20974692043,
          sst: 1
        }
      ],
      rnti: 17923,
      cells: [
        {
          cell_id: 1,
          dl_bitrate: 118880,
          ul_bitrate: 133052328,
          dl_tx: 86,
          ul_tx: 1243,
          dl_err: 0,
          ul_err: 0,
          dl_retx: 33,
          ul_retx: 18,
          pusch_snr: 22.9,
          epre: -96.5,
          ul_phr: -3,
          ul_path_loss: 86.4,
          p_ue: 22,
          dl_mcs: 22,
          ul_mcs: 18,
          ul_n_layer: 1,
          turbo_decoder_min: 0,
          turbo_decoder_avg: 2.92,
          turbo_decoder_max: 5,
          cqi: 14,
          ri: 2,
          ul_rank: 1,
          initial_ta: 1
        }
      ]
    }
  ],
  time: 1339.483,
  utc: 1744087561.834
}

