{
  message: ready,
  type: ENB,
  name: ENB,
  version: 2023-06-10,
  time: 1357.657,
  utc: 1744087580
}
{
  message: ue_get,
  ue_list: [
    {
      ran_ue_id: 3,
      amf_ue_id: 102,
      qos_flow_list: [
        {
          pdu_session_id: 1,
          dl_total_bytes: 15049,
          ul_total_bytes: 8747,
          sst: 1
        },
        {
          pdu_session_id: 2,
          dl_total_bytes: 2974927,
          ul_total_bytes: 21279801986,
          sst: 1
        }
      ],
      rnti: 17923,
      cells: [
        {
          cell_id: 1,
          dl_bitrate: 152208,
          ul_bitrate: 134741975,
          dl_tx: 96,
          ul_tx: 1261,
          dl_err: 0,
          ul_err: 0,
          dl_retx: 36,
          ul_retx: 13,
          pusch_snr: 18.9,
          epre: -101.7,
          ul_phr: -3,
          ul_path_loss: 87,
          p_ue: 22,
          dl_mcs: 22.1,
          ul_mcs: 17.9,
          ul_n_layer: 1,
          turbo_decoder_min: 0,
          turbo_decoder_avg: 2.894,
          turbo_decoder_max: 5,
          cqi: 15,
          ri: 2,
          ul_rank: 1,
          initial_ta: 1
        }
      ]
    }
  ],
  time: 1357.659,
  utc: 1744087580.01
}

