{
  message: ready,
  type: ENB,
  name: ENB,
  version: 2023-06-10,
  time: 735.545,
  utc: 1744101445.945
}
{
  message: ue_get,
  ue_list: [
    {
      ran_ue_id: 3,
      amf_ue_id: 102,
      qos_flow_list: [
        {
          pdu_session_id: 1,
          dl_total_bytes: 14865,
          ul_total_bytes: 8545,
          sst: 1
        },
        {
          pdu_session_id: 2,
          dl_total_bytes: 1297494,
          ul_total_bytes: 6897125266,
          sst: 1
        }
      ],
      rnti: 17923,
      cells: [
        {
          cell_id: 1,
          dl_bitrate: 90202,
          ul_bitrate: 84419204,
          dl_tx: 88,
          ul_tx: 1511,
          dl_err: 0,
          ul_err: 0,
          dl_retx: 17,
          ul_retx: 5,
          pusch_snr: 9.8,
          epre: -111.3,
          ul_phr: -18,
          ul_path_loss: 98.5,
          p_ue: 23,
          dl_mcs: 14.1,
          ul_mcs: 9,
          ul_n_layer: 1,
          turbo_decoder_min: 2,
          turbo_decoder_avg: 3.578,
          turbo_decoder_max: 5,
          cqi: 11,
          ri: 2,
          ul_rank: 1,
          initial_ta: 1
        }
      ]
    }
  ],
  time: 735.546,
  utc: 1744101445.956
}

