{
  message: ready,
  type: ENB,
  name: ENB,
  version: 2023-06-10,
  time: 1411.538,
  utc: 1744200528.909
}
{
  message: ue_get,
  ue_list: [
    {
      ran_ue_id: 4,
      amf_ue_id: 103,
      qos_flow_list: [
        {
          pdu_session_id: 1,
          dl_total_bytes: 15049,
          ul_total_bytes: 8747,
          sst: 1
        },
        {
          pdu_session_id: 2,
          dl_total_bytes: 3119659,
          ul_total_bytes: 24652856844,
          sst: 1
        }
      ],
      rnti: 17924,
      cells: [
        {
          cell_id: 1,
          dl_bitrate: 153494,
          ul_bitrate: 174138438,
          dl_tx: 98,
          ul_tx: 1600,
          dl_err: 0,
          ul_err: 0,
          dl_retx: 2,
          ul_retx: 19,
          pusch_snr: 19.7,
          epre: -100.9,
          ul_phr: -3,
          ul_path_loss: 87.1,
          p_ue: 22,
          dl_mcs: 21,
          ul_mcs: 18,
          ul_n_layer: 1,
          turbo_decoder_min: 1,
          turbo_decoder_avg: 2.977,
          turbo_decoder_max: 5,
          cqi: 14,
          ri: 2,
          ul_rank: 1,
          initial_ta: 1
        }
      ]
    }
  ],
  time: 1411.54,
  utc: 1744200528.92
}

