{
  message: ready,
  type: ENB,
  name: ENB,
  version: 2023-06-10,
  time: 527.791,
  utc: 1744095425.973
}
{
  message: ue_get,
  ue_list: [
    {
      ran_ue_id: 3,
      amf_ue_id: 102,
      qos_flow_list: [
        {
          pdu_session_id: 1,
          dl_total_bytes: 14917,
          ul_total_bytes: 8600,
          sst: 1
        },
        {
          pdu_session_id: 2,
          dl_total_bytes: 922733,
          ul_total_bytes: 6289060999,
          sst: 1
        }
      ],
      rnti: 17923,
      cells: [
        {
          cell_id: 1,
          dl_bitrate: 87219,
          ul_bitrate: 85520497,
          dl_tx: 53,
          ul_tx: 577,
          dl_err: 0,
          ul_err: 0,
          dl_retx: 0,
          ul_retx: 1,
          pusch_snr: 25.4,
          epre: -94.6,
          ul_phr: -3,
          ul_path_loss: 77.7,
          p_ue: 19,
          dl_mcs: 23,
          ul_mcs: 23.6,
          ul_n_layer: 1,
          turbo_decoder_min: 1,
          turbo_decoder_avg: 2.56,
          turbo_decoder_max: 5,
          cqi: 15,
          ri: 2,
          ul_rank: 1,
          initial_ta: 1
        }
      ]
    }
  ],
  time: 527.793,
  utc: 1744095425.984
}

