{
  message: ready,
  type: ENB,
  name: ENB,
  version: 2023-06-10,
  time: 2336.681,
  utc: 1744207275.131
}
{
  message: ue_get,
  ue_list: [
    {
      ran_ue_id: 116,
      amf_ue_id: 158,
      qos_flow_list: [],
      rnti: 18036,
      cells: [
        {
          cell_id: 1,
          dl_bitrate: 4,
          ul_bitrate: 0,
          dl_tx: 14,
          ul_tx: 3,
          dl_err: 3,
          ul_err: 16,
          dl_retx: 26,
          ul_retx: 85,
          pusch_snr: 13.9,
          epre: -106.6,
          ul_phr: -18,
          ul_path_loss: 115.5,
          p_ue: 24,
          dl_mcs: 16,
          ul_mcs: 7.7,
          ul_n_layer: 1,
          turbo_decoder_min: 1,
          turbo_decoder_avg: 4.875,
          turbo_decoder_max: 5,
          cqi: 9,
          ri: 1,
          ul_rank: 1,
          initial_ta: 1
        }
      ]
    },
    {
      ran_ue_id: 3,
      amf_ue_id: 102,
      qos_flow_list: [
        {
          pdu_session_id: 1,
          dl_total_bytes: 20634,
          ul_total_bytes: 10030,
          sst: 1
        },
        {
          pdu_session_id: 2,
          dl_total_bytes: 7499873,
          ul_total_bytes: 48282542584,
          sst: 1
        }
      ],
      rnti: 17923,
      cells: [
        {
          cell_id: 1,
          dl_bitrate: 222044,
          ul_bitrate: 177401345,
          dl_tx: 94,
          ul_tx: 1539,
          dl_err: 0,
          ul_err: 0,
          dl_retx: 3,
          ul_retx: 13,
          pusch_snr: 24.4,
          epre: -98.4,
          ul_phr: 18,
          ul_path_loss: 68.2,
          p_ue: 4,
          dl_mcs: 25.7,
          ul_mcs: 19.3,
          ul_n_layer: 1,
          turbo_decoder_min: 1,
          turbo_decoder_avg: 3.009,
          turbo_decoder_max: 5,
          cqi: 15,
          ri: 2,
          ul_rank: 1,
          initial_ta: 1
        }
      ]
    }
  ],
  time: 2336.682,
  utc: 1744207275.142
}

