{
  message: ready,
  type: ENB,
  name: ENB,
  version: 2023-06-10,
  time: 2351.687,
  utc: 1744207290.137
}
{
  message: ue_get,
  ue_list: [
    {
      ran_ue_id: 3,
      amf_ue_id: 102,
      qos_flow_list: [
        {
          pdu_session_id: 1,
          dl_total_bytes: 20634,
          ul_total_bytes: 10030,
          sst: 1
        },
        {
          pdu_session_id: 2,
          dl_total_bytes: 7631535,
          ul_total_bytes: 48595503057,
          sst: 1
        }
      ],
      rnti: 17923,
      cells: [
        {
          cell_id: 1,
          dl_bitrate: 117638,
          ul_bitrate: 142502487,
          dl_tx: 65,
          ul_tx: 888,
          dl_err: 0,
          ul_err: 0,
          dl_retx: 6,
          ul_retx: 4,
          pusch_snr: 30.1,
          epre: -87.9,
          ul_phr: 3,
          ul_path_loss: 68.2,
          p_ue: 16,
          dl_mcs: 23,
          ul_mcs: 26.1,
          ul_n_layer: 1,
          turbo_decoder_min: 1,
          turbo_decoder_avg: 2.077,
          turbo_decoder_max: 5,
          cqi: 15,
          ri: 2,
          ul_rank: 1,
          initial_ta: 1
        }
      ]
    }
  ],
  time: 2351.688,
  utc: 1744207290.147
}

