{
  message: ready,
  type: ENB,
  name: ENB,
  version: 2023-06-10,
  time: 152.63,
  utc: 1744074760.784
}
{
  message: ue_get,
  ue_list: [
    {
      ran_ue_id: 4,
      amf_ue_id: 103,
      qos_flow_list: [
        {
          pdu_session_id: 1,
          dl_total_bytes: 14865,
          ul_total_bytes: 8539,
          sst: 1
        },
        {
          pdu_session_id: 2,
          dl_total_bytes: 293868,
          ul_total_bytes: 1358672528,
          sst: 1
        }
      ],
      rnti: 17924,
      cells: [
        {
          cell_id: 1,
          dl_bitrate: 103954,
          ul_bitrate: 95726996,
          dl_tx: 71,
          ul_tx: 1069,
          dl_err: 0,
          ul_err: 0,
          dl_retx: 19,
          ul_retx: 0,
          pusch_snr: 19,
          epre: -101.7,
          ul_phr: -12,
          ul_path_loss: 88,
          p_ue: 22,
          dl_mcs: 21,
          ul_mcs: 15,
          ul_n_layer: 1,
          turbo_decoder_min: 2,
          turbo_decoder_avg: 2.023,
          turbo_decoder_max: 3,
          cqi: 14,
          ri: 2,
          ul_rank: 1,
          initial_ta: 0
        }
      ]
    }
  ],
  time: 152.632,
  utc: 1744074760.795
}

