{
  message: ready,
  type: ENB,
  name: ENB,
  version: 2023-06-10,
  time: 2838.534,
  utc: 1744086130.207
}
{
  message: ue_get,
  ue_list: [
    {
      ran_ue_id: 5,
      amf_ue_id: 104,
      qos_flow_list: [
        {
          pdu_session_id: 1,
          dl_total_bytes: 10017,
          ul_total_bytes: 8059,
          sst: 1
        },
        {
          pdu_session_id: 2,
          dl_total_bytes: 10373452,
          ul_total_bytes: 36232669646,
          sst: 1
        }
      ],
      rnti: 17925,
      cells: [
        {
          cell_id: 1,
          dl_bitrate: 168000,
          ul_bitrate: 103107151,
          dl_tx: 67,
          ul_tx: 866,
          dl_err: 0,
          ul_err: 0,
          dl_retx: 1,
          ul_retx: 0,
          pusch_snr: 23.3,
          epre: -96.3,
          ul_phr: 26,
          ul_path_loss: 78.7,
          p_ue: -4,
          dl_mcs: 25,
          ul_mcs: 20,
          ul_n_layer: 1,
          turbo_decoder_min: 1,
          turbo_decoder_avg: 2.947,
          turbo_decoder_max: 5,
          cqi: 15,
          ri: 2,
          ul_rank: 1,
          initial_ta: 0
        }
      ]
    }
  ],
  time: 2838.537,
  utc: 1744086130.218
}

