{
  message: ready,
  type: ENB,
  name: ENB,
  version: 2023-06-10,
  time: 2113.546,
  utc: 1744186810.928
}
{
  message: ue_get,
  ue_list: [
    {
      ran_ue_id: 43,
      amf_ue_id: 141,
      qos_flow_list: [
        {
          pdu_session_id: 2,
          dl_total_bytes: 0,
          ul_total_bytes: 61,
          sst: 1
        }
      ],
      rnti: 17963,
      cells: [
        {
          cell_id: 1,
          dl_bitrate: 1,
          ul_bitrate: 1,
          dl_tx: 4,
          ul_tx: 4,
          dl_err: 0,
          ul_err: 0,
          dl_retx: 0,
          ul_retx: 0,
          pusch_snr: 19.3,
          epre: -103.5,
          ul_phr: -23,
          ul_path_loss: 94.6,
          p_ue: 8,
          dl_mcs: 14,
          ul_mcs: 10.7,
          ul_n_layer: 1,
          turbo_decoder_min: 1,
          turbo_decoder_avg: 1,
          turbo_decoder_max: 1,
          cqi: 14,
          ri: 2,
          ul_rank: 1,
          initial_ta: 1
        }
      ]
    },
    {
      ran_ue_id: 3,
      amf_ue_id: 102,
      qos_flow_list: [
        {
          pdu_session_id: 1,
          dl_total_bytes: 15233,
          ul_total_bytes: 8949,
          sst: 1
        },
        {
          pdu_session_id: 2,
          dl_total_bytes: 6088430,
          ul_total_bytes: 44668761862,
          sst: 1
        }
      ],
      rnti: 17923,
      cells: [
        {
          cell_id: 1,
          dl_bitrate: 199307,
          ul_bitrate: 177891128,
          dl_tx: 92,
          ul_tx: 1405,
          dl_err: 0,
          ul_err: 0,
          dl_retx: 0,
          ul_retx: 27,
          pusch_snr: 24.6,
          epre: -96,
          ul_phr: 1,
          ul_path_loss: 78.1,
          p_ue: 18,
          dl_mcs: 24,
          ul_mcs: 21.3,
          ul_n_layer: 1,
          turbo_decoder_min: 0,
          turbo_decoder_avg: 2.208,
          turbo_decoder_max: 5,
          cqi: 15,
          ri: 2,
          ul_rank: 1,
          initial_ta: 1
        }
      ]
    }
  ],
  time: 2113.547,
  utc: 1744186810.938
}

