{
  message: ready,
  type: ENB,
  name: ENB,
  version: 2023-06-10,
  time: 1891.311,
  utc: 1744183739.194
}
{
  message: ue_get,
  ue_list: [
    {
      ran_ue_id: 37,
      amf_ue_id: 136,
      qos_flow_list: [
        {
          pdu_session_id: 2,
          dl_total_bytes: 18629,
          ul_total_bytes: 8012,
          sst: 1
        }
      ],
      rnti: 17957,
      cells: [
        {
          cell_id: 1,
          dl_bitrate: 3310,
          ul_bitrate: 1856,
          dl_tx: 3,
          ul_tx: 1,
          dl_err: 0,
          ul_err: 0,
          dl_retx: 3,
          ul_retx: 0,
          pusch_snr: 23.7,
          epre: -96,
          ul_phr: 5,
          ul_path_loss: 84.2,
          p_ue: 3,
          dl_mcs: 20,
          ul_mcs: 23,
          ul_n_layer: 1,
          turbo_decoder_min: 2,
          turbo_decoder_avg: 2,
          turbo_decoder_max: 2,
          cqi: 11,
          ri: 2,
          ul_rank: 1,
          initial_ta: 1
        }
      ]
    },
    {
      ran_ue_id: 3,
      amf_ue_id: 102,
      qos_flow_list: [
        {
          pdu_session_id: 1,
          dl_total_bytes: 15201,
          ul_total_bytes: 8903,
          sst: 1
        },
        {
          pdu_session_id: 2,
          dl_total_bytes: 4756791,
          ul_total_bytes: 37780730496,
          sst: 1
        }
      ],
      rnti: 17923,
      cells: [
        {
          cell_id: 1,
          dl_bitrate: 163757,
          ul_bitrate: 181306282,
          dl_tx: 97,
          ul_tx: 1500,
          dl_err: 0,
          ul_err: 0,
          dl_retx: 3,
          ul_retx: 13,
          pusch_snr: 21.6,
          epre: -99.3,
          ul_phr: 14,
          ul_path_loss: 68.5,
          p_ue: 5,
          dl_mcs: 23,
          ul_mcs: 20.5,
          ul_n_layer: 1,
          turbo_decoder_min: 1,
          turbo_decoder_avg: 3.326,
          turbo_decoder_max: 5,
          cqi: 15,
          ri: 2,
          ul_rank: 1,
          initial_ta: 1
        }
      ]
    }
  ],
  time: 1891.314,
  utc: 1744183739.205
}

