{
  message: ready,
  type: ENB,
  name: ENB,
  version: 2023-06-10,
  time: 1910.669,
  utc: 1744183758.552
}
{
  message: ue_get,
  ue_list: [
    {
      ran_ue_id: 3,
      amf_ue_id: 102,
      qos_flow_list: [
        {
          pdu_session_id: 1,
          dl_total_bytes: 15201,
          ul_total_bytes: 8903,
          sst: 1
        },
        {
          pdu_session_id: 2,
          dl_total_bytes: 4833384,
          ul_total_bytes: 38212426243,
          sst: 1
        }
      ],
      rnti: 17923,
      cells: [
        {
          cell_id: 1,
          dl_bitrate: 149021,
          ul_bitrate: 177892335,
          dl_tx: 91,
          ul_tx: 1475,
          dl_err: 0,
          ul_err: 0,
          dl_retx: 1,
          ul_retx: 15,
          pusch_snr: 21.5,
          epre: -99.2,
          ul_phr: 14,
          ul_path_loss: 68.5,
          p_ue: 5,
          dl_mcs: 24.8,
          ul_mcs: 20.4,
          ul_n_layer: 1,
          turbo_decoder_min: 1,
          turbo_decoder_avg: 3.271,
          turbo_decoder_max: 5,
          cqi: 15,
          ri: 2,
          ul_rank: 1,
          initial_ta: 1
        }
      ]
    }
  ],
  time: 1910.671,
  utc: 1744183758.563
}

