{
  message: ready,
  type: ENB,
  name: ENB,
  version: 2023-06-10,
  time: 225.875,
  utc: 1744205164.325
}
{
  message: ue_get,
  ue_list: [
    {
      ran_ue_id: 6,
      amf_ue_id: 105,
      qos_flow_list: [],
      rnti: 17926,
      cells: [
        {
          cell_id: 1,
          dl_bitrate: 2502,
          ul_bitrate: 0,
          dl_tx: 2,
          ul_tx: 0,
          dl_err: 0,
          ul_err: 0,
          dl_retx: 0,
          ul_retx: 0,
          pusch_snr: 25.2,
          epre: -93.5,
          ul_phr: -5,
          ul_path_loss: 84.8,
          p_ue: 8,
          dl_mcs: 27.5,
          cqi: 14,
          ri: 2,
          ul_rank: 1,
          initial_ta: 1
        }
      ]
    },
    {
      ran_ue_id: 3,
      amf_ue_id: 102,
      qos_flow_list: [
        {
          pdu_session_id: 1,
          dl_total_bytes: 7410,
          ul_total_bytes: 7252,
          sst: 1
        },
        {
          pdu_session_id: 2,
          dl_total_bytes: 414591,
          ul_total_bytes: 3508488134,
          sst: 1
        }
      ],
      rnti: 17923,
      cells: [
        {
          cell_id: 1,
          dl_bitrate: 152322,
          ul_bitrate: 181544844,
          dl_tx: 88,
          ul_tx: 1441,
          dl_err: 0,
          ul_err: 0,
          dl_retx: 1,
          ul_retx: 23,
          pusch_snr: 23,
          epre: -97.6,
          ul_phr: 13,
          ul_path_loss: 67.9,
          p_ue: 6,
          dl_mcs: 25.4,
          ul_mcs: 20.7,
          ul_n_layer: 1,
          turbo_decoder_min: 1,
          turbo_decoder_avg: 2.87,
          turbo_decoder_max: 5,
          cqi: 15,
          ri: 2,
          ul_rank: 1,
          initial_ta: 1
        }
      ]
    }
  ],
  time: 225.877,
  utc: 1744205164.336
}

