{
  message: ready,
  type: ENB,
  name: ENB,
  version: 2023-06-10,
  time: 232.3,
  utc: 1744205170.75
}
{
  message: ue_get,
  ue_list: [
    {
      ran_ue_id: 7,
      amf_ue_id: 106,
      qos_flow_list: [
        {
          pdu_session_id: 1,
          dl_total_bytes: 9478,
          ul_total_bytes: 7513,
          sst: 1
        },
        {
          pdu_session_id: 2,
          dl_total_bytes: 0,
          ul_total_bytes: 0,
          sst: 1
        }
      ],
      rnti: 17927,
      cells: [
        {
          cell_id: 1,
          dl_bitrate: 94027,
          ul_bitrate: 70995,
          dl_tx: 20,
          ul_tx: 29,
          dl_err: 0,
          ul_err: 0,
          dl_retx: 3,
          ul_retx: 2,
          pusch_snr: 30.4,
          epre: -86.2,
          ul_phr: -2,
          ul_path_loss: 82.9,
          p_ue: 8,
          dl_mcs: 23.4,
          ul_mcs: 24.9,
          ul_n_layer: 1,
          turbo_decoder_min: 0,
          turbo_decoder_avg: 2.618,
          turbo_decoder_max: 5,
          cqi: 15,
          ri: 2,
          ul_rank: 1,
          initial_ta: 1
        }
      ]
    },
    {
      ran_ue_id: 3,
      amf_ue_id: 102,
      qos_flow_list: [
        {
          pdu_session_id: 1,
          dl_total_bytes: 12810,
          ul_total_bytes: 8338,
          sst: 1
        },
        {
          pdu_session_id: 2,
          dl_total_bytes: 425279,
          ul_total_bytes: 3651569659,
          sst: 1
        }
      ],
      rnti: 17923,
      cells: [
        {
          cell_id: 1,
          dl_bitrate: 200357,
          ul_bitrate: 180340405,
          dl_tx: 99,
          ul_tx: 1496,
          dl_err: 0,
          ul_err: 0,
          dl_retx: 2,
          ul_retx: 18,
          pusch_snr: 22.9,
          epre: -97.6,
          ul_phr: 13,
          ul_path_loss: 68,
          p_ue: 6,
          dl_mcs: 24.8,
          ul_mcs: 20.5,
          ul_n_layer: 1,
          turbo_decoder_min: 1,
          turbo_decoder_avg: 2.836,
          turbo_decoder_max: 5,
          cqi: 15,
          ri: 2,
          ul_rank: 1,
          initial_ta: 1
        }
      ]
    }
  ],
  time: 232.301,
  utc: 1744205170.761
}

