{
  message: ready,
  type: ENB,
  name: ENB,
  version: 2023-06-10,
  time: 489.916,
  utc: 1744075098.07
}
{
  message: ue_get,
  ue_list: [
    {
      ran_ue_id: 4,
      amf_ue_id: 103,
      qos_flow_list: [
        {
          pdu_session_id: 1,
          dl_total_bytes: 14865,
          ul_total_bytes: 8539,
          sst: 1
        },
        {
          pdu_session_id: 2,
          dl_total_bytes: 881239,
          ul_total_bytes: 6644439805,
          sst: 1
        }
      ],
      rnti: 17924,
      cells: [
        {
          cell_id: 1,
          dl_bitrate: 127791,
          ul_bitrate: 137172319,
          dl_tx: 96,
          ul_tx: 1352,
          dl_err: 0,
          ul_err: 0,
          dl_retx: 17,
          ul_retx: 1,
          pusch_snr: 18.5,
          epre: -101.8,
          ul_phr: 10,
          ul_path_loss: 89.8,
          p_ue: 9,
          dl_mcs: 21,
          ul_mcs: 17.3,
          ul_n_layer: 1,
          turbo_decoder_min: 1,
          turbo_decoder_avg: 2.602,
          turbo_decoder_max: 5,
          cqi: 14,
          ri: 2,
          ul_rank: 1,
          initial_ta: 0
        }
      ]
    }
  ],
  time: 489.917,
  utc: 1744075098.08
}

