{
  message: ready,
  type: ENB,
  name: ENB,
  version: 2023-06-10,
  time: 685.062,
  utc: 1744098515.253
}
{
  message: ue_get,
  ue_list: [
    {
      ran_ue_id: 3,
      amf_ue_id: 102,
      qos_flow_list: [
        {
          pdu_session_id: 1,
          dl_total_bytes: 14857,
          ul_total_bytes: 8523,
          sst: 1
        },
        {
          pdu_session_id: 2,
          dl_total_bytes: 1211733,
          ul_total_bytes: 9677752599,
          sst: 1
        }
      ],
      rnti: 17923,
      cells: [
        {
          cell_id: 1,
          dl_bitrate: 124902,
          ul_bitrate: 52963914,
          dl_tx: 91,
          ul_tx: 1576,
          dl_err: 0,
          ul_err: 0,
          dl_retx: 3,
          ul_retx: 0,
          pusch_snr: 18.9,
          epre: -101.4,
          ul_phr: -22,
          ul_path_loss: 88.5,
          p_ue: 23,
          dl_mcs: 21.4,
          ul_mcs: 5,
          ul_n_layer: 1,
          turbo_decoder_min: 1,
          turbo_decoder_avg: 1.149,
          turbo_decoder_max: 2,
          cqi: 15,
          ri: 2,
          ul_rank: 1,
          initial_ta: 1
        }
      ]
    }
  ],
  time: 685.064,
  utc: 1744098515.264
}

