{
  message: ready,
  type: ENB,
  name: ENB,
  version: 2023-06-10,
  time: 793.224,
  utc: 1744107293.595
}
{
  message: ue_get,
  ue_list: [
    {
      ran_ue_id: 6,
      amf_ue_id: 105,
      qos_flow_list: [
        {
          pdu_session_id: 1,
          dl_total_bytes: 9465,
          ul_total_bytes: 7453,
          sst: 1
        },
        {
          pdu_session_id: 2,
          dl_total_bytes: 1258644,
          ul_total_bytes: 10582732300,
          sst: 1
        }
      ],
      rnti: 17926,
      cells: [
        {
          cell_id: 1,
          dl_bitrate: 104505,
          ul_bitrate: 111036984,
          dl_tx: 73,
          ul_tx: 940,
          dl_err: 0,
          ul_err: 0,
          dl_retx: 3,
          ul_retx: 6,
          pusch_snr: 20,
          epre: -100.9,
          ul_phr: 22,
          ul_path_loss: 79.1,
          p_ue: -3,
          dl_mcs: 23,
          ul_mcs: 20.2,
          ul_n_layer: 1,
          turbo_decoder_min: 1,
          turbo_decoder_avg: 3.159,
          turbo_decoder_max: 5,
          cqi: 15,
          ri: 2,
          ul_rank: 1,
          initial_ta: 1
        }
      ]
    }
  ],
  time: 793.226,
  utc: 1744107293.606
}

