{
  message: ready,
  type: ENB,
  name: ENB,
  version: 2023-06-10,
  time: 2112.812,
  utc: 1744201230.183
}
{
  message: ue_get,
  ue_list: [
    {
      ran_ue_id: 4,
      amf_ue_id: 103,
      qos_flow_list: [
        {
          pdu_session_id: 1,
          dl_total_bytes: 15233,
          ul_total_bytes: 8949,
          sst: 1
        },
        {
          pdu_session_id: 2,
          dl_total_bytes: 6020918,
          ul_total_bytes: 37273402099,
          sst: 1
        }
      ],
      rnti: 17924,
      cells: [
        {
          cell_id: 1,
          dl_bitrate: 196959,
          ul_bitrate: 170434405,
          dl_tx: 96,
          ul_tx: 1596,
          dl_err: 0,
          ul_err: 0,
          dl_retx: 0,
          ul_retx: 20,
          pusch_snr: 19.4,
          epre: -101.2,
          ul_phr: -4,
          ul_path_loss: 87.4,
          p_ue: 22,
          dl_mcs: 21.1,
          ul_mcs: 17.7,
          ul_n_layer: 1,
          turbo_decoder_min: 1,
          turbo_decoder_avg: 2.803,
          turbo_decoder_max: 5,
          cqi: 14,
          ri: 2,
          ul_rank: 1,
          initial_ta: 1
        }
      ]
    }
  ],
  time: 2112.813,
  utc: 1744201230.193
}

