{
  message: ready,
  type: ENB,
  name: ENB,
  version: 2023-06-10,
  time: 946.738,
  utc: 1744081327.281
}
{
  message: ue_get,
  ue_list: [
    {
      ran_ue_id: 4,
      amf_ue_id: 103,
      qos_flow_list: [
        {
          pdu_session_id: 1,
          dl_total_bytes: 15041,
          ul_total_bytes: 8741,
          sst: 1
        },
        {
          pdu_session_id: 2,
          dl_total_bytes: 1670598,
          ul_total_bytes: 11611797476,
          sst: 1
        }
      ],
      rnti: 17924,
      cells: [
        {
          cell_id: 1,
          dl_bitrate: 78053,
          ul_bitrate: 94239210,
          dl_tx: 50,
          ul_tx: 564,
          dl_err: 0,
          ul_err: 0,
          dl_retx: 4,
          ul_retx: 5,
          pusch_snr: 31.1,
          epre: -86.5,
          ul_phr: 22,
          ul_path_loss: 69.5,
          p_ue: -3,
          dl_mcs: 23,
          ul_mcs: 26.2,
          ul_n_layer: 1,
          turbo_decoder_min: 1,
          turbo_decoder_avg: 1.948,
          turbo_decoder_max: 5,
          cqi: 15,
          ri: 2,
          ul_rank: 1,
          initial_ta: 1
        }
      ]
    }
  ],
  time: 946.74,
  utc: 1744081327.292
}

