{
  message: ready,
  type: ENB,
  name: ENB,
  version: 2023-06-10,
  time: 1504.227,
  utc: 1744076112.38
}
{
  message: ue_get,
  ue_list: [
    {
      ran_ue_id: 4,
      amf_ue_id: 103,
      qos_flow_list: [
        {
          pdu_session_id: 1,
          dl_total_bytes: 15049,
          ul_total_bytes: 8741,
          sst: 1
        },
        {
          pdu_session_id: 2,
          dl_total_bytes: 3455404,
          ul_total_bytes: 22794614856,
          sst: 1
        }
      ],
      rnti: 17924,
      cells: [
        {
          cell_id: 1,
          dl_bitrate: 141223,
          ul_bitrate: 134121955,
          dl_tx: 93,
          ul_tx: 1486,
          dl_err: 0,
          ul_err: 0,
          dl_retx: 28,
          ul_retx: 0,
          pusch_snr: 18.7,
          epre: -101.8,
          ul_phr: -11,
          ul_path_loss: 88.1,
          p_ue: 22,
          dl_mcs: 20.2,
          ul_mcs: 15.4,
          ul_n_layer: 1,
          turbo_decoder_min: 1,
          turbo_decoder_avg: 2.196,
          turbo_decoder_max: 5,
          cqi: 13,
          ri: 2,
          ul_rank: 1,
          initial_ta: 0
        }
      ]
    }
  ],
  time: 1504.228,
  utc: 1744076112.391
}

