{
  message: ready,
  type: ENB,
  name: ENB,
  version: 2023-06-10,
  time: 2027.713,
  utc: 1744064506.018
}
{
  message: ue_get,
  ue_list: [
    {
      ran_ue_id: 5,
      amf_ue_id: 104,
      qos_flow_list: [
        {
          pdu_session_id: 1,
          dl_total_bytes: 9833,
          ul_total_bytes: 7841,
          sst: 1
        },
        {
          pdu_session_id: 2,
          dl_total_bytes: 5054134,
          ul_total_bytes: 22012555149,
          sst: 1
        }
      ],
      rnti: 17925,
      cells: [
        {
          cell_id: 1,
          dl_bitrate: 111154,
          ul_bitrate: 93808760,
          dl_tx: 108,
          ul_tx: 1041,
          dl_err: 0,
          ul_err: 0,
          dl_retx: 3,
          ul_retx: 0,
          pusch_snr: 18.8,
          epre: -101.8,
          ul_phr: -10,
          ul_path_loss: 87.9,
          p_ue: 22,
          dl_mcs: 20,
          ul_mcs: 17,
          ul_n_layer: 1,
          turbo_decoder_min: 2,
          turbo_decoder_avg: 2.499,
          turbo_decoder_max: 4,
          cqi: 13,
          ri: 2,
          ul_rank: 1,
          initial_ta: 1
        }
      ]
    }
  ],
  time: 2027.715,
  utc: 1744064506.029
}

