{
  message: ready,
  type: ENB,
  name: ENB,
  version: 2023-06-10,
  time: 259.044,
  utc: 1744213846.864
}
{
  message: ue_get,
  ue_list: [
    {
      ran_ue_id: 3,
      amf_ue_id: 102,
      qos_flow_list: [
        {
          pdu_session_id: 1,
          dl_total_bytes: 9466,
          ul_total_bytes: 7454,
          sst: 1
        },
        {
          pdu_session_id: 2,
          dl_total_bytes: 466019,
          ul_total_bytes: 2106357276,
          sst: 1
        }
      ],
      rnti: 17923,
      cells: [
        {
          cell_id: 1,
          dl_bitrate: 84346,
          ul_bitrate: 90721513,
          dl_tx: 89,
          ul_tx: 1699,
          dl_err: 0,
          ul_err: 0,
          dl_retx: 34,
          ul_retx: 17,
          pusch_snr: 9.9,
          epre: -110.9,
          ul_phr: -7,
          ul_path_loss: 98.1,
          p_ue: 23,
          dl_mcs: 13.5,
          ul_mcs: 8.9,
          ul_n_layer: 1,
          turbo_decoder_min: 1,
          turbo_decoder_avg: 3.356,
          turbo_decoder_max: 5,
          cqi: 12,
          ri: 2,
          ul_rank: 1,
          initial_ta: 1
        }
      ]
    }
  ],
  time: 259.046,
  utc: 1744213846.875
}

