{
  message: ready,
  type: ENB,
  name: ENB,
  version: 2023-06-10,
  time: 673.221,
  utc: 1743860852.208
}
{
  message: ue_get,
  ue_list: [
    {
      ran_ue_id: 4,
      amf_ue_id: 103,
      qos_flow_list: [
        {
          pdu_session_id: 1,
          dl_total_bytes: 14866,
          ul_total_bytes: 8546,
          sst: 1
        },
        {
          pdu_session_id: 2,
          dl_total_bytes: 942239,
          ul_total_bytes: 4274531891,
          sst: 1
        }
      ],
      rnti: 17924,
      cells: [
        {
          cell_id: 1,
          dl_bitrate: 179658,
          ul_bitrate: 56733717,
          dl_tx: 90,
          ul_tx: 1230,
          dl_err: 0,
          ul_err: 0,
          dl_retx: 1,
          ul_retx: 18,
          pusch_snr: 26.3,
          epre: -93.2,
          ul_phr: 10,
          ul_path_loss: 71.7,
          p_ue: 9,
          dl_mcs: 25.8,
          ul_mcs: 24.5,
          ul_n_layer: 1,
          turbo_decoder_min: 1,
          turbo_decoder_avg: 2.408,
          turbo_decoder_max: 5,
          cqi: 15,
          ri: 2,
          ul_rank: 1,
          initial_ta: 2
        }
      ]
    }
  ],
  time: 673.223,
  utc: 1743860852.218
}

