{
  message: ready,
  type: ENB,
  name: ENB,
  version: 2023-06-10,
  time: 1907.708,
  utc: 1744203900.158
}
{
  message: ue_get,
  ue_list: [
    {
      ran_ue_id: 3,
      amf_ue_id: 102,
      qos_flow_list: [
        {
          pdu_session_id: 1,
          dl_total_bytes: 15157,
          ul_total_bytes: 8820,
          sst: 1
        },
        {
          pdu_session_id: 2,
          dl_total_bytes: 4648515,
          ul_total_bytes: 16880641618,
          sst: 1
        }
      ],
      rnti: 17923,
      cells: [
        {
          cell_id: 1,
          dl_bitrate: 94878,
          ul_bitrate: 83883610,
          dl_tx: 92,
          ul_tx: 1547,
          dl_err: 0,
          ul_err: 0,
          dl_retx: 12,
          ul_retx: 15,
          pusch_snr: 10.5,
          epre: -110.6,
          ul_phr: -16,
          ul_path_loss: 98.2,
          p_ue: 23,
          dl_mcs: 15.1,
          ul_mcs: 9,
          ul_n_layer: 1,
          turbo_decoder_min: 0,
          turbo_decoder_avg: 3.498,
          turbo_decoder_max: 5,
          cqi: 11,
          ri: 2,
          ul_rank: 1,
          initial_ta: 0
        }
      ]
    }
  ],
  time: 1907.71,
  utc: 1744203900.169
}

