{
  message: ready,
  type: ENB,
  name: ENB,
  version: 2023-06-10,
  time: 1967.31,
  utc: 1744102677.711
}
{
  message: ue_get,
  ue_list: [
    {
      ran_ue_id: 3,
      amf_ue_id: 102,
      qos_flow_list: [
        {
          pdu_session_id: 1,
          dl_total_bytes: 15233,
          ul_total_bytes: 8949,
          sst: 1
        },
        {
          pdu_session_id: 2,
          dl_total_bytes: 5049865,
          ul_total_bytes: 19034372184,
          sst: 1
        }
      ],
      rnti: 17923,
      cells: [
        {
          cell_id: 1,
          dl_bitrate: 160267,
          ul_bitrate: 77167651,
          dl_tx: 96,
          ul_tx: 1545,
          dl_err: 0,
          ul_err: 0,
          dl_retx: 11,
          ul_retx: 15,
          pusch_snr: 9.8,
          epre: -111.5,
          ul_phr: -15,
          ul_path_loss: 98.8,
          p_ue: 23,
          dl_mcs: 13.9,
          ul_mcs: 8.2,
          ul_n_layer: 1,
          turbo_decoder_min: 2,
          turbo_decoder_avg: 3.435,
          turbo_decoder_max: 5,
          cqi: 11,
          ri: 2,
          ul_rank: 1,
          initial_ta: 1
        }
      ]
    }
  ],
  time: 1967.312,
  utc: 1744102677.721
}

