{
  message: ready,
  type: ENB,
  name: ENB,
  version: 2023-06-10,
  time: 2335.514,
  utc: 1744097233.696
}
{
  message: ue_get,
  ue_list: [
    {
      ran_ue_id: 3,
      amf_ue_id: 102,
      qos_flow_list: [
        {
          pdu_session_id: 1,
          dl_total_bytes: 15285,
          ul_total_bytes: 9004,
          sst: 1
        },
        {
          pdu_session_id: 2,
          dl_total_bytes: 7247828,
          ul_total_bytes: 30946470415,
          sst: 1
        }
      ],
      rnti: 17923,
      cells: [
        {
          cell_id: 1,
          dl_bitrate: 158941,
          ul_bitrate: 111911938,
          dl_tx: 70,
          ul_tx: 893,
          dl_err: 0,
          ul_err: 0,
          dl_retx: 1,
          ul_retx: 14,
          pusch_snr: 30.1,
          epre: -93.3,
          ul_phr: 1,
          ul_path_loss: 78.8,
          p_ue: 18,
          dl_mcs: 23,
          ul_mcs: 20.9,
          ul_n_layer: 1,
          turbo_decoder_min: 1,
          turbo_decoder_avg: 2.126,
          turbo_decoder_max: 5,
          cqi: 15,
          ri: 2,
          ul_rank: 1,
          initial_ta: 1
        }
      ]
    }
  ],
  time: 2335.516,
  utc: 1744097233.706
}

