{
  message: ready,
  type: ENB,
  name: ENB,
  version: 2023-06-10,
  time: 2039.46,
  utc: 1744212711.66
}
{
  message: ue_get,
  ue_list: [
    {
      ran_ue_id: 44,
      amf_ue_id: 132,
      qos_flow_list: [
        {
          pdu_session_id: 2,
          dl_total_bytes: 80314,
          ul_total_bytes: 11569,
          sst: 1
        }
      ],
      rnti: 17964,
      cells: [
        {
          cell_id: 1,
          dl_bitrate: 508253,
          ul_bitrate: 72364,
          dl_tx: 62,
          ul_tx: 445,
          dl_err: 0,
          ul_err: 0,
          dl_retx: 4,
          ul_retx: 12,
          pusch_snr: 1.4,
          epre: -120.2,
          ul_phr: -24,
          ul_path_loss: 106.6,
          p_ue: 8,
          dl_mcs: 3,
          ul_mcs: 3.4,
          ul_n_layer: 1,
          turbo_decoder_min: 1,
          turbo_decoder_avg: 1.416,
          turbo_decoder_max: 5,
          cqi: 5,
          ri: 2,
          ul_rank: 1,
          initial_ta: 1
        }
      ]
    },
    {
      ran_ue_id: 3,
      amf_ue_id: 102,
      qos_flow_list: [
        {
          pdu_session_id: 1,
          dl_total_bytes: 26734,
          ul_total_bytes: 10513,
          sst: 1
        },
        {
          pdu_session_id: 2,
          dl_total_bytes: 5440524,
          ul_total_bytes: 19615905684,
          sst: 1
        }
      ],
      rnti: 17923,
      cells: [
        {
          cell_id: 1,
          dl_bitrate: 130063,
          ul_bitrate: 104980782,
          dl_tx: 92,
          ul_tx: 1691,
          dl_err: 0,
          ul_err: 0,
          dl_retx: 23,
          ul_retx: 0,
          pusch_snr: 19.9,
          epre: -100.8,
          ul_phr: -15,
          ul_path_loss: 88.4,
          p_ue: 23,
          dl_mcs: 11.6,
          ul_mcs: 10.9,
          ul_n_layer: 1,
          turbo_decoder_min: 1,
          turbo_decoder_avg: 1.686,
          turbo_decoder_max: 3,
          cqi: 9,
          ri: 2,
          ul_rank: 1,
          initial_ta: 1
        }
      ]
    }
  ],
  time: 2039.462,
  utc: 1744212711.671
}

