{
  message: ready,
  type: ENB,
  name: ENB,
  version: 2023-06-10,
  time: 1648.925,
  utc: 1744834750.144
}
{
  message: ue_get,
  ue_list: [
    {
      ran_ue_id: 25,
      amf_ue_id: 111,
      qos_flow_list: [],
      rnti: 17945,
      cells: [
        {
          cell_id: 1,
          dl_bitrate: 0,
          ul_bitrate: 0,
          dl_tx: 0,
          ul_tx: 0,
          dl_err: 2,
          ul_err: 0,
          dl_retx: 10,
          ul_retx: 0,
          pusch_snr: 5.9,
          epre: -113.9,
          ul_phr: -25,
          ul_path_loss: 120.7,
          p_ue: 24,
          dl_mcs: 0,
          cqi: 13,
          ri: 2,
          ul_rank: 1,
          initial_ta: 1
        }
      ]
    },
    {
      ran_ue_id: 3,
      amf_ue_id: 102,
      qos_flow_list: [
        {
          pdu_session_id: 1,
          dl_total_bytes: 7594,
          ul_total_bytes: 7460,
          sst: 1
        },
        {
          pdu_session_id: 2,
          dl_total_bytes: 1933827,
          ul_total_bytes: 10798056673,
          sst: 1
        }
      ],
      rnti: 17923,
      cells: [
        {
          cell_id: 1,
          dl_bitrate: 146731,
          ul_bitrate: 38909134,
          dl_tx: 83,
          ul_tx: 1072,
          dl_err: 0,
          ul_err: 0,
          dl_retx: 0,
          ul_retx: 0,
          pusch_snr: 21,
          epre: -99.3,
          ul_phr: -20,
          ul_path_loss: 87.4,
          p_ue: 23,
          dl_mcs: 28,
          ul_mcs: 7,
          ul_n_layer: 1,
          turbo_decoder_min: 1,
          turbo_decoder_avg: 1.316,
          turbo_decoder_max: 2,
          cqi: 15,
          ri: 2,
          ul_rank: 1,
          initial_ta: 1
        }
      ]
    }
  ],
  time: 1648.927,
  utc: 1744834750.154
}

