{
  message: ready,
  type: ENB,
  name: ENB,
  version: 2023-06-10,
  time: 4840.318,
  utc: 1744843892.896
}
{
  message: ue_get,
  ue_list: [
    {
      ran_ue_id: 2,
      amf_ue_id: 101,
      qos_flow_list: [
        {
          pdu_session_id: 1,
          dl_total_bytes: 13029,
          ul_total_bytes: 11582,
          sst: 1
        },
        {
          pdu_session_id: 2,
          dl_total_bytes: 5856050,
          ul_total_bytes: 1858793388,
          sst: 1
        }
      ],
      rnti: 17922,
      cells: [
        {
          cell_id: 1,
          dl_bitrate: 28351,
          ul_bitrate: 4771151,
          dl_tx: 28,
          ul_tx: 1038,
          dl_err: 0,
          ul_err: 0,
          dl_retx: 1,
          ul_retx: 8,
          pusch_snr: 12.1,
          epre: -109,
          ul_phr: -32,
          ul_path_loss: 104.4,
          p_ue: 23,
          dl_mcs: 18,
          ul_mcs: 4,
          ul_n_layer: 1,
          turbo_decoder_min: 0,
          turbo_decoder_avg: 2.214,
          turbo_decoder_max: 5,
          cqi: 12,
          ri: 2,
          ul_rank: 1,
          initial_ta: 1
        }
      ]
    }
  ],
  time: 4840.321,
  utc: 1744843892.907
}

