{
  message: ready,
  type: ENB,
  name: ENB,
  version: 2023-06-10,
  time: 1201.891,
  utc: 1744203194.341
}
{
  message: ue_get,
  ue_list: [
    {
      ran_ue_id: 3,
      amf_ue_id: 102,
      qos_flow_list: [
        {
          pdu_session_id: 1,
          dl_total_bytes: 14973,
          ul_total_bytes: 8618,
          sst: 1
        },
        {
          pdu_session_id: 2,
          dl_total_bytes: 2344632,
          ul_total_bytes: 9663159889,
          sst: 1
        }
      ],
      rnti: 17923,
      cells: [
        {
          cell_id: 1,
          dl_bitrate: 124018,
          ul_bitrate: 83414350,
          dl_tx: 97,
          ul_tx: 1536,
          dl_err: 0,
          ul_err: 0,
          dl_retx: 23,
          ul_retx: 13,
          pusch_snr: 10.3,
          epre: -110.7,
          ul_phr: -12,
          ul_path_loss: 98.1,
          p_ue: 23,
          dl_mcs: 14.6,
          ul_mcs: 9,
          ul_n_layer: 1,
          turbo_decoder_min: 1,
          turbo_decoder_avg: 3.495,
          turbo_decoder_max: 5,
          cqi: 12,
          ri: 2,
          ul_rank: 1,
          initial_ta: 0
        }
      ]
    }
  ],
  time: 1201.892,
  utc: 1744203194.352
}

