{
  message: ready,
  type: ENB,
  name: ENB,
  version: 2023-06-10,
  time: 2381.639,
  utc: 1744207320.089
}
{
  message: ue_get,
  ue_list: [
    {
      ran_ue_id: 3,
      amf_ue_id: 102,
      qos_flow_list: [
        {
          pdu_session_id: 1,
          dl_total_bytes: 20634,
          ul_total_bytes: 10030,
          sst: 1
        },
        {
          pdu_session_id: 2,
          dl_total_bytes: 7823174,
          ul_total_bytes: 49113333897,
          sst: 1
        }
      ],
      rnti: 17923,
      cells: [
        {
          cell_id: 1,
          dl_bitrate: 157889,
          ul_bitrate: 147533253,
          dl_tx: 70,
          ul_tx: 910,
          dl_err: 0,
          ul_err: 0,
          dl_retx: 1,
          ul_retx: 6,
          pusch_snr: 29.7,
          epre: -89.3,
          ul_phr: 4,
          ul_path_loss: 68.1,
          p_ue: 15,
          dl_mcs: 23.1,
          ul_mcs: 26.1,
          ul_n_layer: 1,
          turbo_decoder_min: 1,
          turbo_decoder_avg: 2.171,
          turbo_decoder_max: 5,
          cqi: 15,
          ri: 2,
          ul_rank: 1,
          initial_ta: 1
        }
      ]
    }
  ],
  time: 2381.64,
  utc: 1744207320.099
}

