{
  message: ready,
  type: ENB,
  name: ENB,
  version: 2023-06-10,
  time: 290.693,
  utc: 1744184988.075
}
{
  message: ue_get,
  ue_list: [
    {
      ran_ue_id: 3,
      amf_ue_id: 102,
      qos_flow_list: [
        {
          pdu_session_id: 1,
          dl_total_bytes: 14865,
          ul_total_bytes: 8545,
          sst: 1
        },
        {
          pdu_session_id: 2,
          dl_total_bytes: 521922,
          ul_total_bytes: 4812671427,
          sst: 1
        }
      ],
      rnti: 17923,
      cells: [
        {
          cell_id: 1,
          dl_bitrate: 138122,
          ul_bitrate: 180170389,
          dl_tx: 88,
          ul_tx: 1453,
          dl_err: 0,
          ul_err: 0,
          dl_retx: 3,
          ul_retx: 9,
          pusch_snr: 24.4,
          epre: -96,
          ul_phr: 1,
          ul_path_loss: 78.2,
          p_ue: 18,
          dl_mcs: 23.7,
          ul_mcs: 21,
          ul_n_layer: 1,
          turbo_decoder_min: 1,
          turbo_decoder_avg: 2.12,
          turbo_decoder_max: 5,
          cqi: 15,
          ri: 2,
          ul_rank: 1,
          initial_ta: 1
        }
      ]
    }
  ],
  time: 290.694,
  utc: 1744184988.086
}

