{
  message: ready,
  type: ENB,
  name: ENB,
  version: 2023-06-10,
  time: 1402.455,
  utc: 1744206340.905
}
{
  message: ue_get,
  ue_list: [
    {
      ran_ue_id: 3,
      amf_ue_id: 102,
      qos_flow_list: [
        {
          pdu_session_id: 1,
          dl_total_bytes: 12994,
          ul_total_bytes: 8540,
          sst: 1
        },
        {
          pdu_session_id: 2,
          dl_total_bytes: 3114813,
          ul_total_bytes: 28604589716,
          sst: 1
        }
      ],
      rnti: 17923,
      cells: [
        {
          cell_id: 1,
          dl_bitrate: 137128,
          ul_bitrate: 181446740,
          dl_tx: 85,
          ul_tx: 1413,
          dl_err: 0,
          ul_err: 0,
          dl_retx: 1,
          ul_retx: 25,
          pusch_snr: 24.5,
          epre: -95.7,
          ul_phr: 11,
          ul_path_loss: 66.6,
          p_ue: 8,
          dl_mcs: 24.1,
          ul_mcs: 21.1,
          ul_n_layer: 1,
          turbo_decoder_min: 0,
          turbo_decoder_avg: 2.285,
          turbo_decoder_max: 5,
          cqi: 15,
          ri: 2,
          ul_rank: 1,
          initial_ta: 1
        }
      ]
    }
  ],
  time: 1402.456,
  utc: 1744206340.916
}

