{
  message: ready,
  type: ENB,
  name: ENB,
  version: 2023-06-10,
  time: 1403.532,
  utc: 1744206341.982
}
{
  message: ue_get,
  ue_list: [
    {
      ran_ue_id: 3,
      amf_ue_id: 102,
      qos_flow_list: [
        {
          pdu_session_id: 1,
          dl_total_bytes: 12994,
          ul_total_bytes: 8540,
          sst: 1
        },
        {
          pdu_session_id: 2,
          dl_total_bytes: 3116973,
          ul_total_bytes: 28628282448,
          sst: 1
        }
      ],
      rnti: 17923,
      cells: [
        {
          cell_id: 1,
          dl_bitrate: 145849,
          ul_bitrate: 177216809,
          dl_tx: 92,
          ul_tx: 1436,
          dl_err: 0,
          ul_err: 0,
          dl_retx: 1,
          ul_retx: 7,
          pusch_snr: 25.6,
          epre: -94.8,
          ul_phr: 11,
          ul_path_loss: 68,
          p_ue: 8,
          dl_mcs: 24.1,
          ul_mcs: 21.1,
          ul_n_layer: 1,
          turbo_decoder_min: 0,
          turbo_decoder_avg: 2.226,
          turbo_decoder_max: 5,
          cqi: 15,
          ri: 2,
          ul_rank: 1,
          initial_ta: 1
        }
      ]
    }
  ],
  time: 1403.533,
  utc: 1744206341.993
}

