{
  message: ready,
  type: ENB,
  name: ENB,
  version: 2023-06-10,
  time: 688.212,
  utc: 1744063166.517
}
{
  message: ue_get,
  ue_list: [
    {
      ran_ue_id: 13,
      amf_ue_id: 112,
      qos_flow_list: [
        {
          pdu_session_id: 2,
          dl_total_bytes: 8293,
          ul_total_bytes: 3892,
          sst: 1
        }
      ],
      rnti: 17933,
      cells: [
        {
          cell_id: 1,
          dl_bitrate: 115,
          ul_bitrate: 60,
          dl_tx: 21,
          ul_tx: 91,
          dl_err: 0,
          ul_err: 0,
          dl_retx: 4,
          ul_retx: 1,
          pusch_snr: 6.8,
          epre: -113.6,
          ul_phr: -12,
          ul_path_loss: 110.4,
          p_ue: 8,
          dl_mcs: 12.7,
          ul_mcs: 4.6,
          ul_n_layer: 1,
          turbo_decoder_min: 1,
          turbo_decoder_avg: 1.315,
          turbo_decoder_max: 5,
          cqi: 12,
          ri: 2,
          ul_rank: 1,
          initial_ta: 1
        }
      ]
    },
    {
      ran_ue_id: 5,
      amf_ue_id: 104,
      qos_flow_list: [
        {
          pdu_session_id: 1,
          dl_total_bytes: 9465,
          ul_total_bytes: 7437,
          sst: 1
        },
        {
          pdu_session_id: 2,
          dl_total_bytes: 1109031,
          ul_total_bytes: 6702022918,
          sst: 1
        }
      ],
      rnti: 17925,
      cells: [
        {
          cell_id: 1,
          dl_bitrate: 133593,
          ul_bitrate: 68012649,
          dl_tx: 109,
          ul_tx: 1077,
          dl_err: 0,
          ul_err: 0,
          dl_retx: 0,
          ul_retx: 0,
          pusch_snr: 18.8,
          epre: -101.7,
          ul_phr: -14,
          ul_path_loss: 87.8,
          p_ue: 22,
          dl_mcs: 24,
          ul_mcs: 13,
          ul_n_layer: 1,
          turbo_decoder_min: 1,
          turbo_decoder_avg: 1.993,
          turbo_decoder_max: 3,
          cqi: 15,
          ri: 2,
          ul_rank: 1,
          initial_ta: 1
        }
      ]
    }
  ],
  time: 688.214,
  utc: 1744063166.528
}

