{
  message: ready,
  type: ENB,
  name: ENB,
  version: 2023-06-10,
  time: 2070.325,
  utc: 1744076678.479
}
{
  message: ue_get,
  ue_list: [
    {
      ran_ue_id: 4,
      amf_ue_id: 103,
      qos_flow_list: [
        {
          pdu_session_id: 1,
          dl_total_bytes: 15233,
          ul_total_bytes: 8943,
          sst: 1
        },
        {
          pdu_session_id: 2,
          dl_total_bytes: 5799058,
          ul_total_bytes: 32108933795,
          sst: 1
        }
      ],
      rnti: 17924,
      cells: [
        {
          cell_id: 1,
          dl_bitrate: 162384,
          ul_bitrate: 95204092,
          dl_tx: 72,
          ul_tx: 925,
          dl_err: 0,
          ul_err: 0,
          dl_retx: 23,
          ul_retx: 14,
          pusch_snr: 19.2,
          epre: -101.9,
          ul_phr: 13,
          ul_path_loss: 89.3,
          p_ue: 6,
          dl_mcs: 20.3,
          ul_mcs: 16.9,
          ul_n_layer: 1,
          turbo_decoder_min: 1,
          turbo_decoder_avg: 2.473,
          turbo_decoder_max: 5,
          cqi: 14,
          ri: 2,
          ul_rank: 1,
          initial_ta: 0
        }
      ]
    }
  ],
  time: 2070.327,
  utc: 1744076678.49
}

