{
  message: ready,
  type: ENB,
  name: ENB,
  version: 2023-06-10,
  time: 2360.678,
  utc: 1744841413.256
}
{
  message: ue_get,
  ue_list: [
    {
      ran_ue_id: 2,
      amf_ue_id: 101,
      qos_flow_list: [
        {
          pdu_session_id: 1,
          dl_total_bytes: 7777,
          ul_total_bytes: 7661,
          sst: 1
        },
        {
          pdu_session_id: 2,
          dl_total_bytes: 1427596,
          ul_total_bytes: 843764364,
          sst: 1
        }
      ],
      rnti: 17922,
      cells: [
        {
          cell_id: 1,
          dl_bitrate: 17776,
          ul_bitrate: 2336834,
          dl_tx: 22,
          ul_tx: 1043,
          dl_err: 0,
          ul_err: 0,
          dl_retx: 0,
          ul_retx: 2,
          pusch_snr: 15.2,
          epre: -106.4,
          ul_phr: -27,
          ul_path_loss: 108.6,
          p_ue: 23,
          dl_mcs: 18,
          ul_mcs: 4,
          ul_n_layer: 1,
          turbo_decoder_min: 1,
          turbo_decoder_avg: 1.366,
          turbo_decoder_max: 5,
          cqi: 12,
          ri: 2,
          ul_rank: 1,
          initial_ta: 1
        }
      ]
    }
  ],
  time: 2360.681,
  utc: 1744841413.268
}

