{
  message: ready,
  type: ENB,
  name: ENB,
  version: 2023-06-10,
  time: 748.023,
  utc: 1744063226.329
}
{
  message: ue_get,
  ue_list: [
    {
      ran_ue_id: 5,
      amf_ue_id: 104,
      qos_flow_list: [
        {
          pdu_session_id: 1,
          dl_total_bytes: 9465,
          ul_total_bytes: 7437,
          sst: 1
        },
        {
          pdu_session_id: 2,
          dl_total_bytes: 1213147,
          ul_total_bytes: 7223791556,
          sst: 1
        }
      ],
      rnti: 17925,
      cells: [
        {
          cell_id: 1,
          dl_bitrate: 143776,
          ul_bitrate: 97600670,
          dl_tx: 110,
          ul_tx: 1060,
          dl_err: 0,
          ul_err: 0,
          dl_retx: 2,
          ul_retx: 9,
          pusch_snr: 18.7,
          epre: -101.7,
          ul_phr: -4,
          ul_path_loss: 88.1,
          p_ue: 22,
          dl_mcs: 24.9,
          ul_mcs: 17.9,
          ul_n_layer: 1,
          turbo_decoder_min: 1,
          turbo_decoder_avg: 2.934,
          turbo_decoder_max: 5,
          cqi: 15,
          ri: 2,
          ul_rank: 1,
          initial_ta: 1
        }
      ]
    }
  ],
  time: 748.025,
  utc: 1744063226.339
}

