{
  message: ready,
  type: ENB,
  name: ENB,
  version: 2023-06-10,
  time: 407.043,
  utc: 1744054165.499
}
{
  message: ue_get,
  ue_list: [
    {
      ran_ue_id: 6,
      amf_ue_id: 105,
      qos_flow_list: [
        {
          pdu_session_id: 2,
          dl_total_bytes: 0,
          ul_total_bytes: 183,
          sst: 1
        }
      ],
      rnti: 17926,
      cells: [
        {
          cell_id: 1,
          dl_bitrate: 506,
          ul_bitrate: 0,
          dl_tx: 2,
          ul_tx: 0,
          dl_err: 0,
          ul_err: 0,
          dl_retx: 0,
          ul_retx: 0,
          pusch_snr: 6.5,
          epre: -114.6,
          ul_phr: -25,
          ul_path_loss: 106.4,
          p_ue: 8,
          dl_mcs: 13,
          cqi: 10,
          ri: 1,
          ul_rank: 1,
          initial_ta: 1
        }
      ]
    },
    {
      ran_ue_id: 3,
      amf_ue_id: 102,
      qos_flow_list: [
        {
          pdu_session_id: 1,
          dl_total_bytes: 14865,
          ul_total_bytes: 8545,
          sst: 1
        },
        {
          pdu_session_id: 2,
          dl_total_bytes: 719448,
          ul_total_bytes: 2023393191,
          sst: 1
        }
      ],
      rnti: 17923,
      cells: [
        {
          cell_id: 1,
          dl_bitrate: 108756,
          ul_bitrate: 50041036,
          dl_tx: 109,
          ul_tx: 1062,
          dl_err: 0,
          ul_err: 0,
          dl_retx: 5,
          ul_retx: 10,
          pusch_snr: 9.7,
          epre: -111.2,
          ul_phr: -15,
          ul_path_loss: 98.3,
          p_ue: 23,
          dl_mcs: 20,
          ul_mcs: 9.3,
          ul_n_layer: 1,
          turbo_decoder_min: 1,
          turbo_decoder_avg: 3.489,
          turbo_decoder_max: 5,
          cqi: 13,
          ri: 2,
          ul_rank: 1,
          initial_ta: 1
        }
      ]
    }
  ],
  time: 407.044,
  utc: 1744054165.51
}

