{
  message: ready,
  type: ENB,
  name: ENB,
  version: 2023-06-10,
  time: 2776.708,
  utc: 1744088999.051
}
{
  message: ue_get,
  ue_list: [
    {
      ran_ue_id: 3,
      amf_ue_id: 102,
      qos_flow_list: [
        {
          pdu_session_id: 1,
          dl_total_bytes: 15233,
          ul_total_bytes: 8949,
          sst: 1
        },
        {
          pdu_session_id: 2,
          dl_total_bytes: 10317808,
          ul_total_bytes: 44467253066,
          sst: 1
        }
      ],
      rnti: 17923,
      cells: [
        {
          cell_id: 1,
          dl_bitrate: 187888,
          ul_bitrate: 143647417,
          dl_tx: 94,
          ul_tx: 1414,
          dl_err: 0,
          ul_err: 0,
          dl_retx: 32,
          ul_retx: 0,
          pusch_snr: 19.3,
          epre: -101.3,
          ul_phr: -10,
          ul_path_loss: 88.1,
          p_ue: 22,
          dl_mcs: 21.4,
          ul_mcs: 16.6,
          ul_n_layer: 1,
          turbo_decoder_min: 1,
          turbo_decoder_avg: 2.377,
          turbo_decoder_max: 4,
          cqi: 14,
          ri: 2,
          ul_rank: 1,
          initial_ta: 1
        }
      ]
    }
  ],
  time: 2776.71,
  utc: 1744088999.061
}

