{
  message: ready,
  type: ENB,
  name: ENB,
  version: 2023-06-10,
  time: 238.775,
  utc: 1743796472.579
}
{
  message: ue_get,
  ue_list: [
    {
      ran_ue_id: 13,
      amf_ue_id: 112,
      qos_flow_list: [
        {
          pdu_session_id: 2,
          dl_total_bytes: 1625,
          ul_total_bytes: 0,
          sst: 1
        }
      ],
      rnti: 17933,
      cells: [
        {
          cell_id: 1,
          dl_bitrate: 4616,
          ul_bitrate: 1672,
          dl_tx: 3,
          ul_tx: 1,
          dl_err: 0,
          ul_err: 0,
          dl_retx: 0,
          ul_retx: 0,
          pusch_snr: 28,
          epre: -92.2,
          ul_phr: 9,
          ul_path_loss: 75.2,
          p_ue: -1,
          dl_mcs: 23,
          ul_mcs: 21,
          ul_n_layer: 1,
          turbo_decoder_min: 1,
          turbo_decoder_avg: 1,
          turbo_decoder_max: 1,
          cqi: 15,
          ri: 2,
          ul_rank: 1,
          initial_ta: 0
        }
      ]
    },
    {
      ran_ue_id: 4,
      amf_ue_id: 103,
      qos_flow_list: [
        {
          pdu_session_id: 1,
          dl_total_bytes: 14874,
          ul_total_bytes: 8540,
          sst: 1
        },
        {
          pdu_session_id: 2,
          dl_total_bytes: 386363,
          ul_total_bytes: 5609763067,
          sst: 1
        }
      ],
      rnti: 17924,
      cells: [
        {
          cell_id: 1,
          dl_bitrate: 157965,
          ul_bitrate: 261656177,
          dl_tx: 88,
          ul_tx: 1550,
          dl_err: 0,
          ul_err: 0,
          dl_retx: 1,
          ul_retx: 19,
          pusch_snr: 30.1,
          epre: -87.3,
          ul_phr: 2,
          ul_path_loss: 68.7,
          p_ue: 17,
          dl_mcs: 25.9,
          ul_mcs: 26.2,
          ul_n_layer: 1,
          turbo_decoder_min: 1,
          turbo_decoder_avg: 2.293,
          turbo_decoder_max: 5,
          cqi: 14,
          ri: 2,
          ul_rank: 1,
          initial_ta: 1
        }
      ]
    }
  ],
  time: 238.777,
  utc: 1743796472.59
}

