{
  message: ready,
  type: ENB,
  name: ENB,
  version: 2023-06-10,
  time: 1325.426,
  utc: 1744060933.752
}
{
  message: ue_get,
  ue_list: [
    {
      ran_ue_id: 32,
      amf_ue_id: 124,
      qos_flow_list: [],
      rnti: 17952,
      cells: [
        {
          cell_id: 1,
          dl_bitrate: 3077,
          ul_bitrate: 0,
          dl_tx: 2,
          ul_tx: 0,
          dl_err: 0,
          ul_err: 0,
          dl_retx: 0,
          ul_retx: 0,
          pusch_snr: 28.1,
          epre: -83.6,
          ul_phr: 0,
          ul_path_loss: 86.5,
          p_ue: 22,
          dl_mcs: 28,
          cqi: 15,
          ri: 2,
          ul_rank: 1,
          initial_ta: 2
        }
      ]
    },
    {
      ran_ue_id: 3,
      amf_ue_id: 102,
      qos_flow_list: [
        {
          pdu_session_id: 1,
          dl_total_bytes: 15033,
          ul_total_bytes: 8741,
          sst: 1
        },
        {
          pdu_session_id: 2,
          dl_total_bytes: 2849695,
          ul_total_bytes: 19941484492,
          sst: 1
        }
      ],
      rnti: 17923,
      cells: [
        {
          cell_id: 1,
          dl_bitrate: 193485,
          ul_bitrate: 81000428,
          dl_tx: 111,
          ul_tx: 1045,
          dl_err: 0,
          ul_err: 0,
          dl_retx: 1,
          ul_retx: 0,
          pusch_snr: 27,
          epre: -91.6,
          ul_phr: -11,
          ul_path_loss: 78.1,
          p_ue: 22,
          dl_mcs: 28,
          ul_mcs: 15.2,
          ul_n_layer: 1,
          turbo_decoder_min: 1,
          turbo_decoder_avg: 1.274,
          turbo_decoder_max: 2,
          cqi: 15,
          ri: 2,
          ul_rank: 1,
          initial_ta: 1
        }
      ]
    }
  ],
  time: 1325.428,
  utc: 1744060933.762
}

