{
  message: ready,
  type: ENB,
  name: ENB,
  version: 2023-06-10,
  time: 89.405,
  utc: 1744080469.948
}
{
  message: ue_get,
  ue_list: [
    {
      ran_ue_id: 7,
      amf_ue_id: 106,
      qos_flow_list: [
        {
          pdu_session_id: 2,
          dl_total_bytes: 687,
          ul_total_bytes: 491,
          sst: 1
        }
      ],
      rnti: 17927,
      cells: [
        {
          cell_id: 1,
          dl_bitrate: 3193,
          ul_bitrate: 0,
          dl_tx: 2,
          ul_tx: 0,
          dl_err: 0,
          ul_err: 0,
          dl_retx: 0,
          ul_retx: 0,
          pusch_snr: 24.1,
          epre: -95.1,
          ul_phr: 7,
          ul_path_loss: 96.2,
          p_ue: 1,
          dl_mcs: 25,
          cqi: 14,
          ri: 2,
          ul_rank: 1,
          initial_ta: 1
        }
      ]
    },
    {
      ran_ue_id: 4,
      amf_ue_id: 103,
      qos_flow_list: [
        {
          pdu_session_id: 1,
          dl_total_bytes: 14857,
          ul_total_bytes: 8539,
          sst: 1
        },
        {
          pdu_session_id: 2,
          dl_total_bytes: 184866,
          ul_total_bytes: 264652791,
          sst: 1
        }
      ],
      rnti: 17924,
      cells: [
        {
          cell_id: 1,
          dl_bitrate: 92920,
          ul_bitrate: 102686043,
          dl_tx: 57,
          ul_tx: 634,
          dl_err: 0,
          ul_err: 0,
          dl_retx: 1,
          ul_retx: 1,
          pusch_snr: 27.8,
          epre: -91.5,
          ul_phr: 28,
          ul_path_loss: 66.6,
          p_ue: -9,
          dl_mcs: 23.9,
          ul_mcs: 25,
          ul_n_layer: 1,
          turbo_decoder_min: 1,
          turbo_decoder_avg: 2.144,
          turbo_decoder_max: 5,
          cqi: 15,
          ri: 2,
          ul_rank: 1,
          initial_ta: 1
        }
      ]
    }
  ],
  time: 89.407,
  utc: 1744080469.959
}

