{
  message: ready,
  type: ENB,
  name: ENB,
  version: 2023-06-10,
  time: 1466.423,
  utc: 1744110888.773
}
{
  message: ue_get,
  ue_list: [
    {
      ran_ue_id: 5,
      amf_ue_id: 103,
      qos_flow_list: [
        {
          pdu_session_id: 1,
          dl_total_bytes: 15048,
          ul_total_bytes: 8746,
          sst: 1
        },
        {
          pdu_session_id: 2,
          dl_total_bytes: 3330392,
          ul_total_bytes: 22787519362,
          sst: 1
        }
      ],
      rnti: 17925,
      cells: [
        {
          cell_id: 1,
          dl_bitrate: 131815,
          ul_bitrate: 135027923,
          dl_tx: 91,
          ul_tx: 1313,
          dl_err: 0,
          ul_err: 0,
          dl_retx: 43,
          ul_retx: 0,
          pusch_snr: 18.5,
          epre: -101.7,
          ul_phr: -4,
          ul_path_loss: 88.1,
          p_ue: 22,
          dl_mcs: 21.3,
          ul_mcs: 17,
          ul_n_layer: 1,
          turbo_decoder_min: 2,
          turbo_decoder_avg: 2.662,
          turbo_decoder_max: 5,
          cqi: 14,
          ri: 2,
          ul_rank: 1,
          initial_ta: 0
        }
      ]
    }
  ],
  time: 1466.424,
  utc: 1744110888.783
}

