{
  message: ready,
  type: ENB,
  name: ENB,
  version: 2023-06-10,
  time: 1487.723,
  utc: 1744110910.073
}
{
  message: ue_get,
  ue_list: [
    {
      ran_ue_id: 5,
      amf_ue_id: 103,
      qos_flow_list: [
        {
          pdu_session_id: 1,
          dl_total_bytes: 15048,
          ul_total_bytes: 8746,
          sst: 1
        },
        {
          pdu_session_id: 2,
          dl_total_bytes: 3418598,
          ul_total_bytes: 23129815641,
          sst: 1
        }
      ],
      rnti: 17925,
      cells: [
        {
          cell_id: 1,
          dl_bitrate: 116037,
          ul_bitrate: 135328753,
          dl_tx: 87,
          ul_tx: 1339,
          dl_err: 0,
          ul_err: 0,
          dl_retx: 38,
          ul_retx: 2,
          pusch_snr: 18.8,
          epre: -101.8,
          ul_phr: -4,
          ul_path_loss: 88.1,
          p_ue: 22,
          dl_mcs: 21.4,
          ul_mcs: 17.1,
          ul_n_layer: 1,
          turbo_decoder_min: 1,
          turbo_decoder_avg: 2.704,
          turbo_decoder_max: 5,
          cqi: 14,
          ri: 2,
          ul_rank: 1,
          initial_ta: 0
        }
      ]
    }
  ],
  time: 1487.725,
  utc: 1744110910.084
}

