{
  message: ready,
  type: ENB,
  name: ENB,
  version: 2023-06-10,
  time: 611.436,
  utc: 1744083903.109
}
{
  message: ue_get,
  ue_list: [
    {
      ran_ue_id: 12,
      amf_ue_id: 111,
      qos_flow_list: [],
      rnti: 17932,
      cells: [
        {
          cell_id: 1,
          dl_bitrate: 0,
          ul_bitrate: 0,
          dl_tx: 0,
          ul_tx: 0,
          dl_err: 0,
          ul_err: 0,
          dl_retx: 0,
          ul_retx: 0,
          pusch_snr: 9.3,
          epre: -111.2,
          ul_phr: -15,
          ul_path_loss: 124.6,
          p_ue: 24,
          cqi: 10,
          ri: 2,
          ul_rank: 1,
          initial_ta: 1
        }
      ]
    },
    {
      ran_ue_id: 5,
      amf_ue_id: 104,
      qos_flow_list: [
        {
          pdu_session_id: 1,
          dl_total_bytes: 9465,
          ul_total_bytes: 7453,
          sst: 1
        },
        {
          pdu_session_id: 2,
          dl_total_bytes: 1025892,
          ul_total_bytes: 6965712686,
          sst: 1
        }
      ],
      rnti: 17925,
      cells: [
        {
          cell_id: 1,
          dl_bitrate: 71730,
          ul_bitrate: 79187657,
          dl_tx: 44,
          ul_tx: 531,
          dl_err: 0,
          ul_err: 0,
          dl_retx: 0,
          ul_retx: 2,
          pusch_snr: 25.5,
          epre: -94.7,
          ul_phr: 19,
          ul_path_loss: 78.2,
          p_ue: 0,
          dl_mcs: 23.6,
          ul_mcs: 23.5,
          ul_n_layer: 1,
          turbo_decoder_min: 1,
          turbo_decoder_avg: 2.51,
          turbo_decoder_max: 5,
          cqi: 15,
          ri: 2,
          ul_rank: 1,
          initial_ta: 0
        }
      ]
    }
  ],
  time: 611.437,
  utc: 1744083903.12
}

