{
  message: ready,
  type: ENB,
  name: ENB,
  version: 2023-06-10,
  time: 849.189,
  utc: 1744182697.072
}
{
  message: ue_get,
  ue_list: [
    {
      ran_ue_id: 3,
      amf_ue_id: 102,
      qos_flow_list: [
        {
          pdu_session_id: 1,
          dl_total_bytes: 14925,
          ul_total_bytes: 8600,
          sst: 1
        },
        {
          pdu_session_id: 2,
          dl_total_bytes: 1488686,
          ul_total_bytes: 15098104153,
          sst: 1
        }
      ],
      rnti: 17923,
      cells: [
        {
          cell_id: 1,
          dl_bitrate: 147461,
          ul_bitrate: 180912141,
          dl_tx: 92,
          ul_tx: 1450,
          dl_err: 0,
          ul_err: 0,
          dl_retx: 1,
          ul_retx: 20,
          pusch_snr: 24.4,
          epre: -96.2,
          ul_phr: 11,
          ul_path_loss: 68.4,
          p_ue: 8,
          dl_mcs: 24.2,
          ul_mcs: 21.1,
          ul_n_layer: 1,
          turbo_decoder_min: 0,
          turbo_decoder_avg: 2.199,
          turbo_decoder_max: 5,
          cqi: 15,
          ri: 2,
          ul_rank: 1,
          initial_ta: 1
        }
      ]
    }
  ],
  time: 849.191,
  utc: 1744182697.082
}

