{
  message: ready,
  type: ENB,
  name: ENB,
  version: 2023-06-10,
  time: 401.105,
  utc: 1744080781.649
}
{
  message: ue_get,
  ue_list: [
    {
      ran_ue_id: 4,
      amf_ue_id: 103,
      qos_flow_list: [
        {
          pdu_session_id: 1,
          dl_total_bytes: 14857,
          ul_total_bytes: 8539,
          sst: 1
        },
        {
          pdu_session_id: 2,
          dl_total_bytes: 724820,
          ul_total_bytes: 4420954866,
          sst: 1
        }
      ],
      rnti: 17924,
      cells: [
        {
          cell_id: 1,
          dl_bitrate: 104744,
          ul_bitrate: 125902258,
          dl_tx: 71,
          ul_tx: 1049,
          dl_err: 0,
          ul_err: 0,
          dl_retx: 12,
          ul_retx: 18,
          pusch_snr: 20.8,
          epre: -99.7,
          ul_phr: 32,
          ul_path_loss: 69.8,
          p_ue: -13,
          dl_mcs: 23,
          ul_mcs: 19.9,
          ul_n_layer: 1,
          turbo_decoder_min: 1,
          turbo_decoder_avg: 3.163,
          turbo_decoder_max: 5,
          cqi: 15,
          ri: 2,
          ul_rank: 1,
          initial_ta: 1
        }
      ]
    }
  ],
  time: 401.107,
  utc: 1744080781.66
}

