{
  message: ready,
  type: ENB,
  name: ENB,
  version: 2023-06-10,
  time: 236.465,
  utc: 1744100946.865
}
{
  message: ue_get,
  ue_list: [
    {
      ran_ue_id: 3,
      amf_ue_id: 102,
      qos_flow_list: [
        {
          pdu_session_id: 1,
          dl_total_bytes: 14865,
          ul_total_bytes: 8545,
          sst: 1
        },
        {
          pdu_session_id: 2,
          dl_total_bytes: 433934,
          ul_total_bytes: 1725859270,
          sst: 1
        }
      ],
      rnti: 17923,
      cells: [
        {
          cell_id: 1,
          dl_bitrate: 88446,
          ul_bitrate: 84072863,
          dl_tx: 94,
          ul_tx: 1545,
          dl_err: 0,
          ul_err: 0,
          dl_retx: 14,
          ul_retx: 12,
          pusch_snr: 9.5,
          epre: -111.3,
          ul_phr: -12,
          ul_path_loss: 98.3,
          p_ue: 23,
          dl_mcs: 13.5,
          ul_mcs: 9,
          ul_n_layer: 1,
          turbo_decoder_min: 1,
          turbo_decoder_avg: 3.637,
          turbo_decoder_max: 5,
          cqi: 10,
          ri: 2,
          ul_rank: 1,
          initial_ta: 1
        }
      ]
    }
  ],
  time: 236.466,
  utc: 1744100946.876
}

