{
  message: ready,
  type: ENB,
  name: ENB,
  version: 2023-06-10,
  time: 1753.553,
  utc: 1744111175.903
}
{
  message: ue_get,
  ue_list: [
    {
      ran_ue_id: 5,
      amf_ue_id: 103,
      qos_flow_list: [
        {
          pdu_session_id: 1,
          dl_total_bytes: 15048,
          ul_total_bytes: 8746,
          sst: 1
        },
        {
          pdu_session_id: 2,
          dl_total_bytes: 4299253,
          ul_total_bytes: 27522828614,
          sst: 1
        }
      ],
      rnti: 17925,
      cells: [
        {
          cell_id: 1,
          dl_bitrate: 133059,
          ul_bitrate: 145445596,
          dl_tx: 90,
          ul_tx: 1371,
          dl_err: 0,
          ul_err: 0,
          dl_retx: 20,
          ul_retx: 12,
          pusch_snr: 18.9,
          epre: -101.8,
          ul_phr: -7,
          ul_path_loss: 88.1,
          p_ue: 22,
          dl_mcs: 19.3,
          ul_mcs: 17.4,
          ul_n_layer: 1,
          turbo_decoder_min: 1,
          turbo_decoder_avg: 2.911,
          turbo_decoder_max: 5,
          cqi: 13,
          ri: 2,
          ul_rank: 1,
          initial_ta: 0
        }
      ]
    }
  ],
  time: 1753.554,
  utc: 1744111175.913
}

