{
  message: ready,
  type: ENB,
  name: ENB,
  version: 2023-06-10,
  time: 256.641,
  utc: 1744109678.992
}
{
  message: ue_get,
  ue_list: [
    {
      ran_ue_id: 5,
      amf_ue_id: 103,
      qos_flow_list: [
        {
          pdu_session_id: 1,
          dl_total_bytes: 14864,
          ul_total_bytes: 8544,
          sst: 1
        },
        {
          pdu_session_id: 2,
          dl_total_bytes: 473135,
          ul_total_bytes: 2925915876,
          sst: 1
        }
      ],
      rnti: 17925,
      cells: [
        {
          cell_id: 1,
          dl_bitrate: 125616,
          ul_bitrate: 135963627,
          dl_tx: 92,
          ul_tx: 1299,
          dl_err: 0,
          ul_err: 0,
          dl_retx: 25,
          ul_retx: 13,
          pusch_snr: 22.4,
          epre: -97.2,
          ul_phr: -3,
          ul_path_loss: 88.1,
          p_ue: 22,
          dl_mcs: 21.8,
          ul_mcs: 17.8,
          ul_n_layer: 1,
          turbo_decoder_min: 0,
          turbo_decoder_avg: 2.902,
          turbo_decoder_max: 5,
          cqi: 14,
          ri: 2,
          ul_rank: 1,
          initial_ta: 0
        }
      ]
    }
  ],
  time: 256.643,
  utc: 1744109679.002
}

