{
  message: ready,
  type: ENB,
  name: ENB,
  version: 2023-06-10,
  time: 1484.801,
  utc: 1744081865.344
}
{
  message: ue_get,
  ue_list: [
    {
      ran_ue_id: 4,
      amf_ue_id: 103,
      qos_flow_list: [
        {
          pdu_session_id: 1,
          dl_total_bytes: 15041,
          ul_total_bytes: 8741,
          sst: 1
        },
        {
          pdu_session_id: 2,
          dl_total_bytes: 3342776,
          ul_total_bytes: 18652107002,
          sst: 1
        }
      ],
      rnti: 17924,
      cells: [
        {
          cell_id: 1,
          dl_bitrate: 82241,
          ul_bitrate: 101249305,
          dl_tx: 52,
          ul_tx: 721,
          dl_err: 0,
          ul_err: 0,
          dl_retx: 0,
          ul_retx: 4,
          pusch_snr: 27,
          epre: -93.4,
          ul_phr: 30,
          ul_path_loss: 68.3,
          p_ue: -11,
          dl_mcs: 23,
          ul_mcs: 22.5,
          ul_n_layer: 1,
          turbo_decoder_min: 1,
          turbo_decoder_avg: 2.042,
          turbo_decoder_max: 5,
          cqi: 15,
          ri: 2,
          ul_rank: 1,
          initial_ta: 1
        }
      ]
    }
  ],
  time: 1484.803,
  utc: 1744081865.355
}

