{
  message: ready,
  type: ENB,
  name: ENB,
  version: 2023-06-10,
  time: 1130.125,
  utc: 1744200247.496
}
{
  message: ue_get,
  ue_list: [
    {
      ran_ue_id: 4,
      amf_ue_id: 103,
      qos_flow_list: [
        {
          pdu_session_id: 1,
          dl_total_bytes: 15049,
          ul_total_bytes: 8747,
          sst: 1
        },
        {
          pdu_session_id: 2,
          dl_total_bytes: 2183159,
          ul_total_bytes: 20330541984,
          sst: 1
        }
      ],
      rnti: 17924,
      cells: [
        {
          cell_id: 1,
          dl_bitrate: 134208,
          ul_bitrate: 142656401,
          dl_tx: 93,
          ul_tx: 1622,
          dl_err: 0,
          ul_err: 0,
          dl_retx: 7,
          ul_retx: 0,
          pusch_snr: 19.1,
          epre: -101.1,
          ul_phr: -12,
          ul_path_loss: 87.4,
          p_ue: 22,
          dl_mcs: 21.1,
          ul_mcs: 15,
          ul_n_layer: 1,
          turbo_decoder_min: 2,
          turbo_decoder_avg: 2.024,
          turbo_decoder_max: 3,
          cqi: 14,
          ri: 2,
          ul_rank: 1,
          initial_ta: 1
        }
      ]
    }
  ],
  time: 1130.127,
  utc: 1744200247.507
}

