{
  message: ready,
  type: ENB,
  name: ENB,
  version: 2023-06-10,
  time: 296.864,
  utc: 1744205235.315
}
{
  message: ue_get,
  ue_list: [
    {
      ran_ue_id: 9,
      amf_ue_id: 108,
      qos_flow_list: [
        {
          pdu_session_id: 2,
          dl_total_bytes: 37368,
          ul_total_bytes: 52229,
          sst: 1
        }
      ],
      rnti: 17929,
      cells: [
        {
          cell_id: 1,
          dl_bitrate: 216945,
          ul_bitrate: 84591,
          dl_tx: 21,
          ul_tx: 21,
          dl_err: 0,
          ul_err: 0,
          dl_retx: 0,
          ul_retx: 0,
          pusch_snr: 19.8,
          epre: -101,
          ul_phr: 8,
          ul_path_loss: 82.5,
          p_ue: 0,
          dl_mcs: 13,
          ul_mcs: 15.7,
          ul_n_layer: 1,
          turbo_decoder_min: 1,
          turbo_decoder_avg: 2.111,
          turbo_decoder_max: 5,
          cqi: 10,
          ri: 2,
          ul_rank: 1,
          initial_ta: 1
        }
      ]
    },
    {
      ran_ue_id: 3,
      amf_ue_id: 102,
      qos_flow_list: [
        {
          pdu_session_id: 1,
          dl_total_bytes: 12810,
          ul_total_bytes: 8338,
          sst: 1
        },
        {
          pdu_session_id: 2,
          dl_total_bytes: 538790,
          ul_total_bytes: 4932064199,
          sst: 1
        }
      ],
      rnti: 17923,
      cells: [
        {
          cell_id: 1,
          dl_bitrate: 130329,
          ul_bitrate: 181478593,
          dl_tx: 86,
          ul_tx: 1303,
          dl_err: 0,
          ul_err: 0,
          dl_retx: 15,
          ul_retx: 5,
          pusch_snr: 27.4,
          epre: -92.6,
          ul_phr: 26,
          ul_path_loss: 68.3,
          p_ue: -7,
          dl_mcs: 23,
          ul_mcs: 23.3,
          ul_n_layer: 1,
          turbo_decoder_min: 0,
          turbo_decoder_avg: 2.257,
          turbo_decoder_max: 5,
          cqi: 15,
          ri: 2,
          ul_rank: 1,
          initial_ta: 1
        }
      ]
    }
  ],
  time: 296.866,
  utc: 1744205235.325
}

