{
  message: ready,
  type: ENB,
  name: ENB,
  version: 2023-06-10,
  time: 339.434,
  utc: 1744190790.016
}
{
  message: ue_get,
  ue_list: [
    {
      ran_ue_id: 3,
      amf_ue_id: 102,
      qos_flow_list: [
        {
          pdu_session_id: 1,
          dl_total_bytes: 14866,
          ul_total_bytes: 8546,
          sst: 1
        },
        {
          pdu_session_id: 2,
          dl_total_bytes: 607240,
          ul_total_bytes: 2259774664,
          sst: 1
        }
      ],
      rnti: 17923,
      cells: [
        {
          cell_id: 1,
          dl_bitrate: 86225,
          ul_bitrate: 85005524,
          dl_tx: 95,
          ul_tx: 1545,
          dl_err: 0,
          ul_err: 0,
          dl_retx: 6,
          ul_retx: 17,
          pusch_snr: 9.9,
          epre: -111.1,
          ul_phr: -15,
          ul_path_loss: 98.4,
          p_ue: 23,
          dl_mcs: 12.8,
          ul_mcs: 9,
          ul_n_layer: 1,
          turbo_decoder_min: 1,
          turbo_decoder_avg: 3.69,
          turbo_decoder_max: 5,
          cqi: 10,
          ri: 2,
          ul_rank: 1,
          initial_ta: 2
        }
      ]
    }
  ],
  time: 339.436,
  utc: 1744190790.026
}

