{
  message: ready,
  type: ENB,
  name: ENB,
  version: 2023-06-10,
  time: 2607.449,
  utc: 1744077215.602
}
{
  message: ue_get,
  ue_list: [
    {
      ran_ue_id: 4,
      amf_ue_id: 103,
      qos_flow_list: [
        {
          pdu_session_id: 1,
          dl_total_bytes: 15233,
          ul_total_bytes: 8943,
          sst: 1
        },
        {
          pdu_session_id: 2,
          dl_total_bytes: 9222340,
          ul_total_bytes: 40664346770,
          sst: 1
        }
      ],
      rnti: 17924,
      cells: [
        {
          cell_id: 1,
          dl_bitrate: 112834,
          ul_bitrate: 137777982,
          dl_tx: 89,
          ul_tx: 1287,
          dl_err: 0,
          ul_err: 0,
          dl_retx: 4,
          ul_retx: 12,
          pusch_snr: 19.1,
          epre: -101.7,
          ul_phr: 9,
          ul_path_loss: 90.8,
          p_ue: 10,
          dl_mcs: 19.3,
          ul_mcs: 17.7,
          ul_n_layer: 1,
          turbo_decoder_min: 0,
          turbo_decoder_avg: 2.694,
          turbo_decoder_max: 5,
          cqi: 14,
          ri: 2,
          ul_rank: 1,
          initial_ta: 0
        }
      ]
    }
  ],
  time: 2607.45,
  utc: 1744077215.613
}

