{
  message: ready,
  type: ENB,
  name: ENB,
  version: 2023-06-10,
  time: 373.973,
  utc: 1744109796.323
}
{
  message: ue_get,
  ue_list: [
    {
      ran_ue_id: 5,
      amf_ue_id: 103,
      qos_flow_list: [
        {
          pdu_session_id: 1,
          dl_total_bytes: 14864,
          ul_total_bytes: 8544,
          sst: 1
        },
        {
          pdu_session_id: 2,
          dl_total_bytes: 679719,
          ul_total_bytes: 4826278909,
          sst: 1
        }
      ],
      rnti: 17925,
      cells: [
        {
          cell_id: 1,
          dl_bitrate: 124777,
          ul_bitrate: 135028019,
          dl_tx: 91,
          ul_tx: 1438,
          dl_err: 0,
          ul_err: 0,
          dl_retx: 45,
          ul_retx: 0,
          pusch_snr: 19.2,
          epre: -101.8,
          ul_phr: 9,
          ul_path_loss: 92.8,
          p_ue: 10,
          dl_mcs: 21.8,
          ul_mcs: 15.7,
          ul_n_layer: 1,
          turbo_decoder_min: 0,
          turbo_decoder_avg: 2.368,
          turbo_decoder_max: 5,
          cqi: 14,
          ri: 2,
          ul_rank: 1,
          initial_ta: 0
        }
      ]
    }
  ],
  time: 373.974,
  utc: 1744109796.334
}

