{
  message: ready,
  type: ENB,
  name: ENB,
  version: 2023-06-10,
  time: 366.492,
  utc: 1744109788.842
}
{
  message: ue_get,
  ue_list: [
    {
      ran_ue_id: 5,
      amf_ue_id: 103,
      qos_flow_list: [
        {
          pdu_session_id: 1,
          dl_total_bytes: 14864,
          ul_total_bytes: 8544,
          sst: 1
        },
        {
          pdu_session_id: 2,
          dl_total_bytes: 666443,
          ul_total_bytes: 4703498277,
          sst: 1
        }
      ],
      rnti: 17925,
      cells: [
        {
          cell_id: 1,
          dl_bitrate: 136373,
          ul_bitrate: 136142976,
          dl_tx: 101,
          ul_tx: 1453,
          dl_err: 0,
          ul_err: 0,
          dl_retx: 34,
          ul_retx: 0,
          pusch_snr: 19,
          epre: -101.9,
          ul_phr: -11,
          ul_path_loss: 88.1,
          p_ue: 22,
          dl_mcs: 21.7,
          ul_mcs: 16.1,
          ul_n_layer: 1,
          turbo_decoder_min: 2,
          turbo_decoder_avg: 2.195,
          turbo_decoder_max: 5,
          cqi: 14,
          ri: 2,
          ul_rank: 1,
          initial_ta: 0
        }
      ]
    }
  ],
  time: 366.493,
  utc: 1744109788.853
}

