{
  message: ready,
  type: ENB,
  name: ENB,
  version: 2023-06-10,
  time: 2587.424,
  utc: 1744195967.775
}
{
  message: ue_get,
  ue_list: [
    {
      ran_ue_id: 4,
      amf_ue_id: 103,
      qos_flow_list: [
        {
          pdu_session_id: 1,
          dl_total_bytes: 16076,
          ul_total_bytes: 9049,
          sst: 1
        },
        {
          pdu_session_id: 2,
          dl_total_bytes: 9079368,
          ul_total_bytes: 52470487602,
          sst: 1
        }
      ],
      rnti: 17924,
      cells: [
        {
          cell_id: 1,
          dl_bitrate: 205378,
          ul_bitrate: 181758681,
          dl_tx: 95,
          ul_tx: 1600,
          dl_err: 0,
          ul_err: 0,
          dl_retx: 1,
          ul_retx: 22,
          pusch_snr: 20.5,
          epre: -100.1,
          ul_phr: 18,
          ul_path_loss: 68.2,
          p_ue: 4,
          dl_mcs: 23.8,
          ul_mcs: 18.7,
          ul_n_layer: 1,
          turbo_decoder_min: 1,
          turbo_decoder_avg: 2.589,
          turbo_decoder_max: 5,
          cqi: 15,
          ri: 2,
          ul_rank: 1,
          initial_ta: 0
        }
      ]
    }
  ],
  time: 2587.425,
  utc: 1744195967.785
}

