{
  message: ready,
  type: ENB,
  name: ENB,
  version: 2023-06-10,
  time: 2598.091,
  utc: 1744195978.442
}
{
  message: ue_get,
  ue_list: [
    {
      ran_ue_id: 4,
      amf_ue_id: 103,
      qos_flow_list: [
        {
          pdu_session_id: 1,
          dl_total_bytes: 16076,
          ul_total_bytes: 9049,
          sst: 1
        },
        {
          pdu_session_id: 2,
          dl_total_bytes: 9176314,
          ul_total_bytes: 52676672357,
          sst: 1
        }
      ],
      rnti: 17924,
      cells: [
        {
          cell_id: 1,
          dl_bitrate: 188597,
          ul_bitrate: 135272447,
          dl_tx: 76,
          ul_tx: 908,
          dl_err: 0,
          ul_err: 0,
          dl_retx: 0,
          ul_retx: 6,
          pusch_snr: 27.9,
          epre: -92.1,
          ul_phr: 7,
          ul_path_loss: 68.4,
          p_ue: 12,
          dl_mcs: 25.8,
          ul_mcs: 24.2,
          ul_n_layer: 1,
          turbo_decoder_min: 0,
          turbo_decoder_avg: 2.242,
          turbo_decoder_max: 5,
          cqi: 15,
          ri: 2,
          ul_rank: 1,
          initial_ta: 0
        }
      ]
    }
  ],
  time: 2598.092,
  utc: 1744195978.452
}

