{
  message: ready,
  type: ENB,
  name: ENB,
  version: 2023-06-10,
  time: 656.923,
  utc: 1744081037.466
}
{
  message: ue_get,
  ue_list: [
    {
      ran_ue_id: 4,
      amf_ue_id: 103,
      qos_flow_list: [
        {
          pdu_session_id: 1,
          dl_total_bytes: 14857,
          ul_total_bytes: 8539,
          sst: 1
        },
        {
          pdu_session_id: 2,
          dl_total_bytes: 1169561,
          ul_total_bytes: 7798026969,
          sst: 1
        }
      ],
      rnti: 17924,
      cells: [
        {
          cell_id: 1,
          dl_bitrate: 107295,
          ul_bitrate: 121145946,
          dl_tx: 70,
          ul_tx: 961,
          dl_err: 0,
          ul_err: 0,
          dl_retx: 1,
          ul_retx: 0,
          pusch_snr: 24.6,
          epre: -95.9,
          ul_phr: 11,
          ul_path_loss: 69.1,
          p_ue: 8,
          dl_mcs: 23,
          ul_mcs: 21,
          ul_n_layer: 1,
          turbo_decoder_min: 1,
          turbo_decoder_avg: 2.151,
          turbo_decoder_max: 4,
          cqi: 15,
          ri: 2,
          ul_rank: 1,
          initial_ta: 1
        }
      ]
    }
  ],
  time: 656.925,
  utc: 1744081037.477
}

