{
  message: ready,
  type: ENB,
  name: ENB,
  version: 2023-06-10,
  time: 1076.675,
  utc: 1744057817.971
}
{
  message: ue_get,
  ue_list: [
    {
      ran_ue_id: 51,
      amf_ue_id: 104,
      qos_flow_list: [
        {
          pdu_session_id: 1,
          dl_total_bytes: 15039,
          ul_total_bytes: 8745,
          sst: 1
        },
        {
          pdu_session_id: 2,
          dl_total_bytes: 2021651,
          ul_total_bytes: 15466315450,
          sst: 1
        }
      ],
      rnti: 17971,
      cells: [
        {
          cell_id: 1,
          dl_bitrate: 196911,
          ul_bitrate: 116526318,
          dl_tx: 114,
          ul_tx: 1064,
          dl_err: 0,
          ul_err: 0,
          dl_retx: 0,
          ul_retx: 11,
          pusch_snr: 23.4,
          epre: -97,
          ul_phr: 11,
          ul_path_loss: 68.5,
          p_ue: 8,
          dl_mcs: 27.9,
          ul_mcs: 21.5,
          ul_n_layer: 1,
          turbo_decoder_min: 1,
          turbo_decoder_avg: 2.628,
          turbo_decoder_max: 5,
          cqi: 15,
          ri: 2,
          ul_rank: 1,
          initial_ta: 1
        }
      ]
    }
  ],
  time: 1076.676,
  utc: 1744057817.981
}

