{
  message: ready,
  type: ENB,
  name: ENB,
  version: 2023-06-10,
  time: 2801.013,
  utc: 1744213473.213
}
{
  message: ue_get,
  ue_list: [
    {
      ran_ue_id: 3,
      amf_ue_id: 102,
      qos_flow_list: [
        {
          pdu_session_id: 1,
          dl_total_bytes: 26918,
          ul_total_bytes: 10715,
          sst: 1
        },
        {
          pdu_session_id: 2,
          dl_total_bytes: 10175446,
          ul_total_bytes: 27240548323,
          sst: 1
        }
      ],
      rnti: 17923,
      cells: [
        {
          cell_id: 1,
          dl_bitrate: 72372,
          ul_bitrate: 73255985,
          dl_tx: 89,
          ul_tx: 1720,
          dl_err: 0,
          ul_err: 0,
          dl_retx: 24,
          ul_retx: 0,
          pusch_snr: 19.5,
          epre: -100.8,
          ul_phr: -20,
          ul_path_loss: 88.1,
          p_ue: 23,
          dl_mcs: 11.4,
          ul_mcs: 7,
          ul_n_layer: 1,
          turbo_decoder_min: 1,
          turbo_decoder_avg: 1.071,
          turbo_decoder_max: 2,
          cqi: 13,
          ri: 2,
          ul_rank: 1,
          initial_ta: 1
        }
      ]
    }
  ],
  time: 2801.015,
  utc: 1744213473.224
}

