{
  message: ready,
  type: ENB,
  name: ENB,
  version: 2023-06-10,
  time: 2127.358,
  utc: 1744064605.663
}
{
  message: ue_get,
  ue_list: [
    {
      ran_ue_id: 5,
      amf_ue_id: 104,
      qos_flow_list: [
        {
          pdu_session_id: 1,
          dl_total_bytes: 9833,
          ul_total_bytes: 7841,
          sst: 1
        },
        {
          pdu_session_id: 2,
          dl_total_bytes: 5667265,
          ul_total_bytes: 23143714049,
          sst: 1
        }
      ],
      rnti: 17925,
      cells: [
        {
          cell_id: 1,
          dl_bitrate: 148494,
          ul_bitrate: 86020941,
          dl_tx: 114,
          ul_tx: 1075,
          dl_err: 0,
          ul_err: 0,
          dl_retx: 17,
          ul_retx: 0,
          pusch_snr: 18.8,
          epre: -101.6,
          ul_phr: -11,
          ul_path_loss: 87.8,
          p_ue: 22,
          dl_mcs: 18,
          ul_mcs: 16,
          ul_n_layer: 1,
          turbo_decoder_min: 2,
          turbo_decoder_avg: 2.088,
          turbo_decoder_max: 3,
          cqi: 12,
          ri: 2,
          ul_rank: 1,
          initial_ta: 1
        }
      ]
    }
  ],
  time: 2127.36,
  utc: 1744064605.674
}

