{
  message: ready,
  type: ENB,
  name: ENB,
  version: 2023-06-10,
  time: 1766,
  utc: 1744206704.451
}
{
  message: ue_get,
  ue_list: [
    {
      ran_ue_id: 84,
      amf_ue_id: 143,
      qos_flow_list: [
        {
          pdu_session_id: 2,
          dl_total_bytes: 40,
          ul_total_bytes: 130,
          sst: 1
        }
      ],
      rnti: 18004,
      cells: [
        {
          cell_id: 1,
          dl_bitrate: 6,
          ul_bitrate: 3,
          dl_tx: 7,
          ul_tx: 8,
          dl_err: 0,
          ul_err: 1,
          dl_retx: 0,
          ul_retx: 9,
          pusch_snr: 27.6,
          epre: -90.8,
          ul_phr: 3,
          ul_path_loss: 83,
          p_ue: 5,
          dl_mcs: 20,
          ul_mcs: 19.4,
          ul_n_layer: 1,
          turbo_decoder_min: 1,
          turbo_decoder_avg: 3.412,
          turbo_decoder_max: 5,
          cqi: 12,
          ri: 2,
          ul_rank: 1,
          initial_ta: 1
        }
      ]
    },
    {
      ran_ue_id: 3,
      amf_ue_id: 102,
      qos_flow_list: [
        {
          pdu_session_id: 1,
          dl_total_bytes: 12994,
          ul_total_bytes: 8540,
          sst: 1
        },
        {
          pdu_session_id: 2,
          dl_total_bytes: 4345564,
          ul_total_bytes: 36499193420,
          sst: 1
        }
      ],
      rnti: 17923,
      cells: [
        {
          cell_id: 1,
          dl_bitrate: 141853,
          ul_bitrate: 180940649,
          dl_tx: 92,
          ul_tx: 1596,
          dl_err: 0,
          ul_err: 0,
          dl_retx: 0,
          ul_retx: 8,
          pusch_snr: 21.8,
          epre: -98.7,
          ul_phr: 32,
          ul_path_loss: 67.5,
          p_ue: -13,
          dl_mcs: 22.8,
          ul_mcs: 19,
          ul_n_layer: 1,
          turbo_decoder_min: 1,
          turbo_decoder_avg: 2.785,
          turbo_decoder_max: 5,
          cqi: 15,
          ri: 2,
          ul_rank: 1,
          initial_ta: 1
        }
      ]
    }
  ],
  time: 1766.002,
  utc: 1744206704.461
}

