{
  message: ready,
  type: ENB,
  name: ENB,
  version: 2023-06-10,
  time: 219.856,
  utc: 1743787373.701
}
{
  message: ue_get,
  ue_list: [
    {
      ran_ue_id: 5,
      amf_ue_id: 104,
      qos_flow_list: [
        {
          pdu_session_id: 1,
          dl_total_bytes: 14874,
          ul_total_bytes: 8546,
          sst: 1
        },
        {
          pdu_session_id: 2,
          dl_total_bytes: 353841,
          ul_total_bytes: 2302051332,
          sst: 1
        }
      ],
      rnti: 17925,
      cells: [
        {
          cell_id: 1,
          dl_bitrate: 164216,
          ul_bitrate: 109052872,
          dl_tx: 106,
          ul_tx: 1036,
          dl_err: 0,
          ul_err: 0,
          dl_retx: 0,
          ul_retx: 0,
          pusch_snr: 30.5,
          epre: -81.6,
          ul_phr: -8,
          ul_path_loss: 67.7,
          p_ue: 19,
          dl_mcs: 28,
          ul_mcs: 19.9,
          ul_n_layer: 1,
          turbo_decoder_min: 1,
          turbo_decoder_avg: 1.472,
          turbo_decoder_max: 3,
          cqi: 15,
          ri: 2,
          ul_rank: 1,
          initial_ta: 1
        }
      ]
    }
  ],
  time: 219.858,
  utc: 1743787373.711
}

