{
  message: ready,
  type: ENB,
  name: ENB,
  version: 2023-06-10,
  time: 274.117,
  utc: 1744083565.79
}
{
  message: ue_get,
  ue_list: [
    {
      ran_ue_id: 5,
      amf_ue_id: 104,
      qos_flow_list: [
        {
          pdu_session_id: 1,
          dl_total_bytes: 9465,
          ul_total_bytes: 7453,
          sst: 1
        },
        {
          pdu_session_id: 2,
          dl_total_bytes: 438797,
          ul_total_bytes: 2554714560,
          sst: 1
        }
      ],
      rnti: 17925,
      cells: [
        {
          cell_id: 1,
          dl_bitrate: 102600,
          ul_bitrate: 103529585,
          dl_tx: 59,
          ul_tx: 726,
          dl_err: 0,
          ul_err: 0,
          dl_retx: 0,
          ul_retx: 8,
          pusch_snr: 25.5,
          epre: -94.7,
          ul_phr: 19,
          ul_path_loss: 79.4,
          p_ue: 0,
          dl_mcs: 25.8,
          ul_mcs: 23.5,
          ul_n_layer: 1,
          turbo_decoder_min: 0,
          turbo_decoder_avg: 2.495,
          turbo_decoder_max: 5,
          cqi: 15,
          ri: 2,
          ul_rank: 1,
          initial_ta: 0
        }
      ]
    }
  ],
  time: 274.119,
  utc: 1744083565.801
}

