{
  message: ready,
  type: ENB,
  name: ENB,
  version: 2023-06-10,
  time: 114.17,
  utc: 1743792334.365
}
{
  message: ue_get,
  ue_list: [
    {
      ran_ue_id: 5,
      amf_ue_id: 104,
      qos_flow_list: [
        {
          pdu_session_id: 1,
          dl_total_bytes: 14874,
          ul_total_bytes: 8546,
          sst: 1
        },
        {
          pdu_session_id: 2,
          dl_total_bytes: 202443,
          ul_total_bytes: 856807431,
          sst: 1
        }
      ],
      rnti: 17925,
      cells: [
        {
          cell_id: 1,
          dl_bitrate: 160801,
          ul_bitrate: 127228569,
          dl_tx: 107,
          ul_tx: 1057,
          dl_err: 0,
          ul_err: 0,
          dl_retx: 0,
          ul_retx: 11,
          pusch_snr: 25.4,
          epre: -94.9,
          ul_phr: 10,
          ul_path_loss: 68.2,
          p_ue: 9,
          dl_mcs: 28,
          ul_mcs: 23.1,
          ul_n_layer: 1,
          turbo_decoder_min: 1,
          turbo_decoder_avg: 2.656,
          turbo_decoder_max: 5,
          cqi: 15,
          ri: 2,
          ul_rank: 1,
          initial_ta: 0
        }
      ]
    }
  ],
  time: 114.172,
  utc: 1743792334.375
}

