{
  message: ready,
  type: ENB,
  name: ENB,
  version: 2023-06-10,
  time: 1009.245,
  utc: 1744093010.598
}
{
  message: ue_get,
  ue_list: [
    {
      ran_ue_id: 3,
      amf_ue_id: 102,
      qos_flow_list: [
        {
          pdu_session_id: 1,
          dl_total_bytes: 14957,
          ul_total_bytes: 8646,
          sst: 1
        },
        {
          pdu_session_id: 2,
          dl_total_bytes: 1768551,
          ul_total_bytes: 12978663512,
          sst: 1
        }
      ],
      rnti: 17923,
      cells: [
        {
          cell_id: 1,
          dl_bitrate: 114755,
          ul_bitrate: 127429610,
          dl_tx: 69,
          ul_tx: 1008,
          dl_err: 0,
          ul_err: 0,
          dl_retx: 2,
          ul_retx: 0,
          pusch_snr: 23.1,
          epre: -97.1,
          ul_phr: 30,
          ul_path_loss: 69.4,
          p_ue: -11,
          dl_mcs: 24.4,
          ul_mcs: 21,
          ul_n_layer: 1,
          turbo_decoder_min: 1,
          turbo_decoder_avg: 2.46,
          turbo_decoder_max: 5,
          cqi: 15,
          ri: 2,
          ul_rank: 1,
          initial_ta: 0
        }
      ]
    }
  ],
  time: 1009.247,
  utc: 1744093010.608
}

