{
  message: ready,
  type: ENB,
  name: ENB,
  version: 2023-06-10,
  time: 1678.938,
  utc: 1744046808.676
}
{
  message: ue_get,
  ue_list: [
    {
      ran_ue_id: 4,
      amf_ue_id: 103,
      qos_flow_list: [
        {
          pdu_session_id: 1,
          dl_total_bytes: 15040,
          ul_total_bytes: 8724,
          sst: 1
        },
        {
          pdu_session_id: 2,
          dl_total_bytes: 4001290,
          ul_total_bytes: 24558903817,
          sst: 1
        }
      ],
      rnti: 17924,
      cells: [
        {
          cell_id: 1,
          dl_bitrate: 159102,
          ul_bitrate: 134446012,
          dl_tx: 107,
          ul_tx: 1004,
          dl_err: 0,
          ul_err: 0,
          dl_retx: 0,
          ul_retx: 0,
          pusch_snr: 31.4,
          epre: -84.8,
          ul_phr: -1,
          ul_path_loss: 68,
          p_ue: 19,
          dl_mcs: 27.9,
          ul_mcs: 26.1,
          ul_n_layer: 1,
          turbo_decoder_min: 1,
          turbo_decoder_avg: 1.781,
          turbo_decoder_max: 4,
          cqi: 15,
          ri: 2,
          ul_rank: 1,
          initial_ta: 1
        }
      ]
    }
  ],
  time: 1678.94,
  utc: 1744046808.686
}

