{
  message: ready,
  type: ENB,
  name: ENB,
  version: 2023-06-10,
  time: 2707.656,
  utc: 1744849595.513
}
{
  message: ue_get,
  ue_list: [
    {
      ran_ue_id: 3,
      amf_ue_id: 102,
      qos_flow_list: [
        {
          pdu_session_id: 1,
          dl_total_bytes: 7777,
          ul_total_bytes: 7661,
          sst: 1
        },
        {
          pdu_session_id: 2,
          dl_total_bytes: 6349235,
          ul_total_bytes: 15280348507,
          sst: 1
        }
      ],
      rnti: 17923,
      cells: [
        {
          cell_id: 1,
          dl_bitrate: 171706,
          ul_bitrate: 38913901,
          dl_tx: 84,
          ul_tx: 1077,
          dl_err: 0,
          ul_err: 0,
          dl_retx: 2,
          ul_retx: 0,
          pusch_snr: 19.7,
          epre: -100.4,
          ul_phr: -20,
          ul_path_loss: 87.1,
          p_ue: 23,
          dl_mcs: 26.1,
          ul_mcs: 7,
          ul_n_layer: 1,
          turbo_decoder_min: 1,
          turbo_decoder_avg: 1.258,
          turbo_decoder_max: 2,
          cqi: 15,
          ri: 2,
          ul_rank: 1,
          initial_ta: 0
        }
      ]
    }
  ],
  time: 2707.658,
  utc: 1744849595.524
}

