{
  message: ready,
  type: ENB,
  name: ENB,
  version: 2023-06-10,
  time: 2151.041,
  utc: 1744108651.411
}
{
  message: ue_get,
  ue_list: [
    {
      ran_ue_id: 6,
      amf_ue_id: 105,
      qos_flow_list: [
        {
          pdu_session_id: 1,
          dl_total_bytes: 9833,
          ul_total_bytes: 7857,
          sst: 1
        },
        {
          pdu_session_id: 2,
          dl_total_bytes: 5968522,
          ul_total_bytes: 31545139521,
          sst: 1
        }
      ],
      rnti: 17926,
      cells: [
        {
          cell_id: 1,
          dl_bitrate: 152874,
          ul_bitrate: 113111532,
          dl_tx: 71,
          ul_tx: 889,
          dl_err: 0,
          ul_err: 0,
          dl_retx: 3,
          ul_retx: 16,
          pusch_snr: 25,
          epre: -95.3,
          ul_phr: 19,
          ul_path_loss: 77,
          p_ue: 0,
          dl_mcs: 23,
          ul_mcs: 21.6,
          ul_n_layer: 1,
          turbo_decoder_min: 1,
          turbo_decoder_avg: 2.2,
          turbo_decoder_max: 5,
          cqi: 15,
          ri: 2,
          ul_rank: 1,
          initial_ta: 1
        }
      ]
    }
  ],
  time: 2151.043,
  utc: 1744108651.422
}

