{
  message: ready,
  type: ENB,
  name: ENB,
  version: 2023-06-10,
  time: 957.302,
  utc: 1744858326.128
}
{
  message: ue_get,
  ue_list: [
    {
      ran_ue_id: 4,
      amf_ue_id: 103,
      qos_flow_list: [
        {
          pdu_session_id: 1,
          dl_total_bytes: 7594,
          ul_total_bytes: 7454,
          sst: 1
        },
        {
          pdu_session_id: 2,
          dl_total_bytes: 549760,
          ul_total_bytes: 10213414976,
          sst: 1
        }
      ],
      rnti: 17924,
      cells: [
        {
          cell_id: 1,
          dl_bitrate: 114214,
          ul_bitrate: 109961149,
          dl_tx: 73,
          ul_tx: 951,
          dl_err: 0,
          ul_err: 0,
          dl_retx: 0,
          ul_retx: 8,
          pusch_snr: 26.2,
          epre: -93.8,
          ul_phr: -6,
          ul_path_loss: 76.9,
          p_ue: 22,
          dl_mcs: 24,
          ul_mcs: 19.8,
          ul_n_layer: 1,
          turbo_decoder_min: 0,
          turbo_decoder_avg: 2.173,
          turbo_decoder_max: 5,
          cqi: 14,
          ri: 2,
          ul_rank: 1,
          initial_ta: 1
        }
      ]
    }
  ],
  time: 957.303,
  utc: 1744858326.139
}

