{
  message: ready,
  type: ENB,
  name: ENB,
  version: 2023-06-10,
  time: 536.074,
  utc: 1744068991.609
}
{
  message: ue_get,
  ue_list: [
    {
      ran_ue_id: 4,
      amf_ue_id: 103,
      qos_flow_list: [
        {
          pdu_session_id: 1,
          dl_total_bytes: 14937,
          ul_total_bytes: 9346,
          sst: 1
        },
        {
          pdu_session_id: 2,
          dl_total_bytes: 947144,
          ul_total_bytes: 6554877470,
          sst: 1
        }
      ],
      rnti: 17924,
      cells: [
        {
          cell_id: 1,
          dl_bitrate: 95270,
          ul_bitrate: 82329183,
          dl_tx: 54,
          ul_tx: 564,
          dl_err: 0,
          ul_err: 0,
          dl_retx: 1,
          ul_retx: 1,
          pusch_snr: 27.3,
          epre: -92.5,
          ul_phr: 26,
          ul_path_loss: 67.1,
          p_ue: -7,
          dl_mcs: 26.8,
          ul_mcs: 24.3,
          ul_n_layer: 1,
          turbo_decoder_min: 1,
          turbo_decoder_avg: 2.172,
          turbo_decoder_max: 5,
          cqi: 14,
          ri: 2,
          ul_rank: 1,
          initial_ta: 1
        }
      ]
    }
  ],
  time: 536.076,
  utc: 1744068991.62
}

