{
  message: ready,
  type: ENB,
  name: ENB,
  version: 2023-06-10,
  time: 534.999,
  utc: 1744068990.534
}
{
  message: ue_get,
  ue_list: [
    {
      ran_ue_id: 4,
      amf_ue_id: 103,
      qos_flow_list: [
        {
          pdu_session_id: 1,
          dl_total_bytes: 14937,
          ul_total_bytes: 9346,
          sst: 1
        },
        {
          pdu_session_id: 2,
          dl_total_bytes: 945574,
          ul_total_bytes: 6544118476,
          sst: 1
        }
      ],
      rnti: 17924,
      cells: [
        {
          cell_id: 1,
          dl_bitrate: 118675,
          ul_bitrate: 118071151,
          dl_tx: 67,
          ul_tx: 812,
          dl_err: 0,
          ul_err: 0,
          dl_retx: 1,
          ul_retx: 12,
          pusch_snr: 26.8,
          epre: -92.7,
          ul_phr: 26,
          ul_path_loss: 67.1,
          p_ue: -7,
          dl_mcs: 26.9,
          ul_mcs: 24.3,
          ul_n_layer: 1,
          turbo_decoder_min: 1,
          turbo_decoder_avg: 2.18,
          turbo_decoder_max: 5,
          cqi: 14,
          ri: 2,
          ul_rank: 1,
          initial_ta: 1
        }
      ]
    }
  ],
  time: 535.001,
  utc: 1744068990.544
}

