{
  message: ready,
  type: ENB,
  name: ENB,
  version: 2023-06-10,
  time: 1094.906,
  utc: 1744104704.586
}
{
  message: ue_get,
  ue_list: [
    {
      ran_ue_id: 47,
      amf_ue_id: 123,
      qos_flow_list: [],
      rnti: 17967,
      cells: [
        {
          cell_id: 1,
          dl_bitrate: 0,
          ul_bitrate: 0,
          dl_tx: 0,
          ul_tx: 0,
          dl_err: 0,
          ul_err: 0,
          dl_retx: 0,
          ul_retx: 0,
          pusch_snr: 26.8,
          epre: -91.5,
          ul_phr: 20,
          ul_path_loss: 73.1,
          p_ue: 1,
          cqi: 14,
          ri: 2,
          ul_rank: 1,
          initial_ta: 1
        }
      ]
    },
    {
      ran_ue_id: 3,
      amf_ue_id: 102,
      qos_flow_list: [
        {
          pdu_session_id: 1,
          dl_total_bytes: 15047,
          ul_total_bytes: 8745,
          sst: 1
        },
        {
          pdu_session_id: 2,
          dl_total_bytes: 2070579,
          ul_total_bytes: 15225887625,
          sst: 1
        }
      ],
      rnti: 17923,
      cells: [
        {
          cell_id: 1,
          dl_bitrate: 101341,
          ul_bitrate: 103328500,
          dl_tx: 61,
          ul_tx: 839,
          dl_err: 0,
          ul_err: 0,
          dl_retx: 1,
          ul_retx: 15,
          pusch_snr: 22.1,
          epre: -98.3,
          ul_phr: 12,
          ul_path_loss: 68.6,
          p_ue: 7,
          dl_mcs: 24.1,
          ul_mcs: 20.2,
          ul_n_layer: 1,
          turbo_decoder_min: 1,
          turbo_decoder_avg: 2.511,
          turbo_decoder_max: 5,
          cqi: 15,
          ri: 2,
          ul_rank: 1,
          initial_ta: 1
        }
      ]
    }
  ],
  time: 1094.908,
  utc: 1744104704.597
}

