{
  message: ready,
  type: ENB,
  name: ENB,
  version: 2023-06-10,
  time: 1373.19,
  utc: 1744102083.591
}
{
  message: ue_get,
  ue_list: [
    {
      ran_ue_id: 3,
      amf_ue_id: 102,
      qos_flow_list: [
        {
          pdu_session_id: 1,
          dl_total_bytes: 15049,
          ul_total_bytes: 8747,
          sst: 1
        },
        {
          pdu_session_id: 2,
          dl_total_bytes: 2985615,
          ul_total_bytes: 12969042452,
          sst: 1
        }
      ],
      rnti: 17923,
      cells: [
        {
          cell_id: 1,
          dl_bitrate: 113053,
          ul_bitrate: 65118289,
          dl_tx: 95,
          ul_tx: 1563,
          dl_err: 0,
          ul_err: 0,
          dl_retx: 2,
          ul_retx: 0,
          pusch_snr: 9.8,
          epre: -111,
          ul_phr: -15,
          ul_path_loss: 98.4,
          p_ue: 23,
          dl_mcs: 13.8,
          ul_mcs: 6.7,
          ul_n_layer: 1,
          turbo_decoder_min: 2,
          turbo_decoder_avg: 2.404,
          turbo_decoder_max: 4,
          cqi: 11,
          ri: 2,
          ul_rank: 1,
          initial_ta: 1
        }
      ]
    }
  ],
  time: 1373.191,
  utc: 1744102083.601
}

