{
  message: ready,
  type: ENB,
  name: ENB,
  version: 2023-06-10,
  time: 2691.67,
  utc: 1744085983.343
}
{
  message: ue_get,
  ue_list: [
    {
      ran_ue_id: 44,
      amf_ue_id: 143,
      qos_flow_list: [
        {
          pdu_session_id: 2,
          dl_total_bytes: 40,
          ul_total_bytes: 381,
          sst: 1
        }
      ],
      rnti: 17964,
      cells: [
        {
          cell_id: 1,
          dl_bitrate: 1948,
          ul_bitrate: 0,
          dl_tx: 2,
          ul_tx: 0,
          dl_err: 0,
          ul_err: 0,
          dl_retx: 0,
          ul_retx: 0,
          pusch_snr: 17.5,
          epre: -101.1,
          ul_phr: -2,
          ul_path_loss: 92.2,
          p_ue: 8,
          dl_mcs: 16,
          cqi: 11,
          ri: 2,
          ul_rank: 1,
          initial_ta: 0
        }
      ]
    },
    {
      ran_ue_id: 5,
      amf_ue_id: 104,
      qos_flow_list: [
        {
          pdu_session_id: 1,
          dl_total_bytes: 9833,
          ul_total_bytes: 7857,
          sst: 1
        },
        {
          pdu_session_id: 2,
          dl_total_bytes: 9417312,
          ul_total_bytes: 34304521424,
          sst: 1
        }
      ],
      rnti: 17925,
      cells: [
        {
          cell_id: 1,
          dl_bitrate: 93906,
          ul_bitrate: 96639125,
          dl_tx: 55,
          ul_tx: 720,
          dl_err: 0,
          ul_err: 0,
          dl_retx: 0,
          ul_retx: 1,
          pusch_snr: 25.4,
          epre: -94.7,
          ul_phr: -5,
          ul_path_loss: 77.9,
          p_ue: 19,
          dl_mcs: 25,
          ul_mcs: 22.1,
          ul_n_layer: 1,
          turbo_decoder_min: 1,
          turbo_decoder_avg: 2.066,
          turbo_decoder_max: 5,
          cqi: 15,
          ri: 2,
          ul_rank: 1,
          initial_ta: 0
        }
      ]
    }
  ],
  time: 2691.672,
  utc: 1744085983.354
}

