{
  message: ready,
  type: ENB,
  name: ENB,
  version: 2023-06-10,
  time: 81.071,
  utc: 1744065508.166
}
{
  message: ue_get,
  ue_list: [
    {
      ran_ue_id: 6,
      amf_ue_id: 105,
      qos_flow_list: [],
      rnti: 17926,
      cells: [
        {
          cell_id: 1,
          dl_bitrate: 2932,
          ul_bitrate: 0,
          dl_tx: 2,
          ul_tx: 0,
          dl_err: 0,
          ul_err: 0,
          dl_retx: 1,
          ul_retx: 0,
          pusch_snr: 21.6,
          epre: -98.7,
          ul_phr: -23,
          ul_path_loss: 104.2,
          p_ue: 21,
          dl_mcs: 27.5,
          cqi: 15,
          ri: 2,
          ul_rank: 1,
          initial_ta: 1
        }
      ]
    },
    {
      ran_ue_id: 3,
      amf_ue_id: 102,
      qos_flow_list: [
        {
          pdu_session_id: 1,
          dl_total_bytes: 14865,
          ul_total_bytes: 8545,
          sst: 1
        },
        {
          pdu_session_id: 2,
          dl_total_bytes: 159677,
          ul_total_bytes: 88544625,
          sst: 1
        }
      ],
      rnti: 17923,
      cells: [
        {
          cell_id: 1,
          dl_bitrate: 113086,
          ul_bitrate: 50199843,
          dl_tx: 110,
          ul_tx: 1062,
          dl_err: 0,
          ul_err: 0,
          dl_retx: 14,
          ul_retx: 12,
          pusch_snr: 10.1,
          epre: -111,
          ul_phr: -13,
          ul_path_loss: 98.2,
          p_ue: 23,
          dl_mcs: 20.2,
          ul_mcs: 9.4,
          ul_n_layer: 1,
          turbo_decoder_min: 1,
          turbo_decoder_avg: 3.506,
          turbo_decoder_max: 5,
          cqi: 13,
          ri: 2,
          ul_rank: 1,
          initial_ta: 1
        }
      ]
    }
  ],
  time: 81.072,
  utc: 1744065508.176
}

