{
  message: ready,
  type: ENB,
  name: ENB,
  version: 2023-06-10,
  time: 721.518,
  utc: 1744211393.718
}
{
  message: ue_get,
  ue_list: [
    {
      ran_ue_id: 26,
      amf_ue_id: 115,
      qos_flow_list: [
        {
          pdu_session_id: 1,
          dl_total_bytes: 40,
          ul_total_bytes: 0,
          sst: 1
        }
      ],
      rnti: 17946,
      cells: [
        {
          cell_id: 1,
          dl_bitrate: 2485,
          ul_bitrate: 0,
          dl_tx: 2,
          ul_tx: 0,
          dl_err: 0,
          ul_err: 0,
          dl_retx: 1,
          ul_retx: 0,
          pusch_snr: 35.5,
          epre: -81.2,
          ul_phr: -6,
          ul_path_loss: 88.7,
          p_ue: 18,
          dl_mcs: 21,
          cqi: 13,
          ri: 2,
          ul_rank: 1,
          initial_ta: 1
        }
      ]
    },
    {
      ran_ue_id: 3,
      amf_ue_id: 102,
      qos_flow_list: [
        {
          pdu_session_id: 1,
          dl_total_bytes: 18978,
          ul_total_bytes: 8922,
          sst: 1
        },
        {
          pdu_session_id: 2,
          dl_total_bytes: 1266158,
          ul_total_bytes: 6512797491,
          sst: 1
        }
      ],
      rnti: 17923,
      cells: [
        {
          cell_id: 1,
          dl_bitrate: 78660,
          ul_bitrate: 99283051,
          dl_tx: 97,
          ul_tx: 1720,
          dl_err: 0,
          ul_err: 0,
          dl_retx: 19,
          ul_retx: 0,
          pusch_snr: 19.9,
          epre: -100.8,
          ul_phr: -17,
          ul_path_loss: 88.3,
          p_ue: 23,
          dl_mcs: 11,
          ul_mcs: 10,
          ul_n_layer: 1,
          turbo_decoder_min: 1,
          turbo_decoder_avg: 1.551,
          turbo_decoder_max: 2,
          cqi: 11,
          ri: 2,
          ul_rank: 1,
          initial_ta: 1
        }
      ]
    }
  ],
  time: 721.519,
  utc: 1744211393.728
}

