{
  message: ready,
  type: ENB,
  name: ENB,
  version: 2023-06-10,
  time: 2588.104,
  utc: 1744109088.474
}
{
  message: ue_get,
  ue_list: [
    {
      ran_ue_id: 6,
      amf_ue_id: 105,
      qos_flow_list: [
        {
          pdu_session_id: 1,
          dl_total_bytes: 9833,
          ul_total_bytes: 7857,
          sst: 1
        },
        {
          pdu_session_id: 2,
          dl_total_bytes: 8750475,
          ul_total_bytes: 38314761791,
          sst: 1
        }
      ],
      rnti: 17926,
      cells: [
        {
          cell_id: 1,
          dl_bitrate: 107001,
          ul_bitrate: 126688683,
          dl_tx: 68,
          ul_tx: 1035,
          dl_err: 0,
          ul_err: 0,
          dl_retx: 0,
          ul_retx: 4,
          pusch_snr: 21.3,
          epre: -99.3,
          ul_phr: 26,
          ul_path_loss: 78.7,
          p_ue: -4,
          dl_mcs: 24,
          ul_mcs: 20,
          ul_n_layer: 1,
          turbo_decoder_min: 1,
          turbo_decoder_avg: 3.052,
          turbo_decoder_max: 5,
          cqi: 15,
          ri: 2,
          ul_rank: 1,
          initial_ta: 1
        }
      ]
    }
  ],
  time: 2588.106,
  utc: 1744109088.485
}

