{
  message: ready,
  type: ENB,
  name: ENB,
  version: 2023-06-10,
  time: 2561.462,
  utc: 1744109061.832
}
{
  message: ue_get,
  ue_list: [
    {
      ran_ue_id: 6,
      amf_ue_id: 105,
      qos_flow_list: [
        {
          pdu_session_id: 1,
          dl_total_bytes: 9833,
          ul_total_bytes: 7857,
          sst: 1
        },
        {
          pdu_session_id: 2,
          dl_total_bytes: 8558234,
          ul_total_bytes: 37914610603,
          sst: 1
        }
      ],
      rnti: 17926,
      cells: [
        {
          cell_id: 1,
          dl_bitrate: 116988,
          ul_bitrate: 130926950,
          dl_tx: 79,
          ul_tx: 1029,
          dl_err: 0,
          ul_err: 0,
          dl_retx: 8,
          ul_retx: 0,
          pusch_snr: 24.3,
          epre: -96.2,
          ul_phr: 1,
          ul_path_loss: 78.6,
          p_ue: 18,
          dl_mcs: 23,
          ul_mcs: 21.1,
          ul_n_layer: 1,
          turbo_decoder_min: 0,
          turbo_decoder_avg: 2.219,
          turbo_decoder_max: 5,
          cqi: 15,
          ri: 2,
          ul_rank: 1,
          initial_ta: 1
        }
      ]
    }
  ],
  time: 2561.463,
  utc: 1744109061.843
}

