{
  message: ready,
  type: ENB,
  name: ENB,
  version: 2023-06-10,
  time: 790.226,
  utc: 1744211462.426
}
{
  message: ue_get,
  ue_list: [
    {
      ran_ue_id: 3,
      amf_ue_id: 102,
      qos_flow_list: [
        {
          pdu_session_id: 1,
          dl_total_bytes: 18978,
          ul_total_bytes: 8922,
          sst: 1
        },
        {
          pdu_session_id: 2,
          dl_total_bytes: 1383486,
          ul_total_bytes: 7335162882,
          sst: 1
        }
      ],
      rnti: 17923,
      cells: [
        {
          cell_id: 1,
          dl_bitrate: 73971,
          ul_bitrate: 101932511,
          dl_tx: 91,
          ul_tx: 1714,
          dl_err: 0,
          ul_err: 0,
          dl_retx: 19,
          ul_retx: 0,
          pusch_snr: 17.1,
          epre: -103.7,
          ul_phr: -16,
          ul_path_loss: 87.8,
          p_ue: 23,
          dl_mcs: 11.9,
          ul_mcs: 10.5,
          ul_n_layer: 1,
          turbo_decoder_min: 1,
          turbo_decoder_avg: 1.606,
          turbo_decoder_max: 3,
          cqi: 10,
          ri: 2,
          ul_rank: 1,
          initial_ta: 1
        }
      ]
    }
  ],
  time: 790.228,
  utc: 1744211462.437
}

