{
  message: ready,
  type: ENB,
  name: ENB,
  version: 2023-06-10,
  time: 1424.967,
  utc: 1744209222.437
}
{
  message: ue_get,
  ue_list: [
    {
      ran_ue_id: 3,
      amf_ue_id: 102,
      qos_flow_list: [
        {
          pdu_session_id: 1,
          dl_total_bytes: 26534,
          ul_total_bytes: 10333,
          sst: 1
        },
        {
          pdu_session_id: 2,
          dl_total_bytes: 3197907,
          ul_total_bytes: 28723802443,
          sst: 1
        }
      ],
      rnti: 17923,
      cells: [
        {
          cell_id: 1,
          dl_bitrate: 102184,
          ul_bitrate: 135220346,
          dl_tx: 71,
          ul_tx: 1157,
          dl_err: 0,
          ul_err: 0,
          dl_retx: 10,
          ul_retx: 34,
          pusch_snr: 20.8,
          epre: -99.9,
          ul_phr: -9,
          ul_path_loss: 86.1,
          p_ue: 22,
          dl_mcs: 22,
          ul_mcs: 19.4,
          ul_n_layer: 1,
          turbo_decoder_min: 0,
          turbo_decoder_avg: 2.364,
          turbo_decoder_max: 5,
          cqi: 15,
          ri: 2,
          ul_rank: 1,
          initial_ta: 1
        }
      ]
    }
  ],
  time: 1424.968,
  utc: 1744209222.448
}

