{
  message: ready,
  type: ENB,
  name: ENB,
  version: 2023-06-10,
  time: 1522.754,
  utc: 1744069978.288
}
{
  message: ue_get,
  ue_list: [
    {
      ran_ue_id: 38,
      amf_ue_id: 129,
      qos_flow_list: [
        {
          pdu_session_id: 2,
          dl_total_bytes: 0,
          ul_total_bytes: 244,
          sst: 1
        }
      ],
      rnti: 17965,
      cells: [
        {
          cell_id: 1,
          dl_bitrate: 3585,
          ul_bitrate: 1788,
          dl_tx: 3,
          ul_tx: 1,
          dl_err: 0,
          ul_err: 0,
          dl_retx: 0,
          ul_retx: 0,
          pusch_snr: 25.5,
          epre: -94.1,
          ul_phr: 3,
          ul_path_loss: 82.2,
          p_ue: 5,
          dl_mcs: 21,
          ul_mcs: 22,
          ul_n_layer: 1,
          turbo_decoder_min: 2,
          turbo_decoder_avg: 2,
          turbo_decoder_max: 2,
          cqi: 14,
          ri: 2,
          ul_rank: 1,
          initial_ta: 1
        }
      ]
    },
    {
      ran_ue_id: 4,
      amf_ue_id: 103,
      qos_flow_list: [
        {
          pdu_session_id: 1,
          dl_total_bytes: 15121,
          ul_total_bytes: 9548,
          sst: 1
        },
        {
          pdu_session_id: 2,
          dl_total_bytes: 3471965,
          ul_total_bytes: 20075838247,
          sst: 1
        }
      ],
      rnti: 17924,
      cells: [
        {
          cell_id: 1,
          dl_bitrate: 115516,
          ul_bitrate: 72120000,
          dl_tx: 52,
          ul_tx: 561,
          dl_err: 0,
          ul_err: 0,
          dl_retx: 1,
          ul_retx: 8,
          pusch_snr: 24.9,
          epre: -95.8,
          ul_phr: 30,
          ul_path_loss: 68.3,
          p_ue: -11,
          dl_mcs: 25.6,
          ul_mcs: 21.1,
          ul_n_layer: 1,
          turbo_decoder_min: 1,
          turbo_decoder_avg: 2.2,
          turbo_decoder_max: 5,
          cqi: 14,
          ri: 2,
          ul_rank: 1,
          initial_ta: 1
        }
      ]
    }
  ],
  time: 1522.756,
  utc: 1744069978.3
}

