{
  message: ready,
  type: ENB,
  name: ENB,
  version: 2023-06-10,
  time: 1538.633,
  utc: 1744069994.168
}
{
  message: ue_get,
  ue_list: [
    {
      ran_ue_id: 4,
      amf_ue_id: 103,
      qos_flow_list: [
        {
          pdu_session_id: 1,
          dl_total_bytes: 15121,
          ul_total_bytes: 9548,
          sst: 1
        },
        {
          pdu_session_id: 2,
          dl_total_bytes: 3525612,
          ul_total_bytes: 20289830732,
          sst: 1
        }
      ],
      rnti: 17924,
      cells: [
        {
          cell_id: 1,
          dl_bitrate: 77693,
          ul_bitrate: 92535394,
          dl_tx: 51,
          ul_tx: 578,
          dl_err: 0,
          ul_err: 0,
          dl_retx: 0,
          ul_retx: 7,
          pusch_snr: 28.2,
          epre: -90.4,
          ul_phr: 28,
          ul_path_loss: 66.6,
          p_ue: -9,
          dl_mcs: 22.4,
          ul_mcs: 25.3,
          ul_n_layer: 1,
          turbo_decoder_min: 1,
          turbo_decoder_avg: 2.1,
          turbo_decoder_max: 5,
          cqi: 14,
          ri: 2,
          ul_rank: 1,
          initial_ta: 1
        }
      ]
    }
  ],
  time: 1538.634,
  utc: 1744069994.178
}

