{
  message: ready,
  type: ENB,
  name: ENB,
  version: 2023-06-10,
  time: 3669.565,
  utc: 1744842722.143
}
{
  message: ue_get,
  ue_list: [
    {
      ran_ue_id: 2,
      amf_ue_id: 101,
      qos_flow_list: [
        {
          pdu_session_id: 1,
          dl_total_bytes: 12845,
          ul_total_bytes: 11380,
          sst: 1
        },
        {
          pdu_session_id: 2,
          dl_total_bytes: 3522241,
          ul_total_bytes: 1394437071,
          sst: 1
        }
      ],
      rnti: 17922,
      cells: [
        {
          cell_id: 1,
          dl_bitrate: 83046,
          ul_bitrate: 2408911,
          dl_tx: 28,
          ul_tx: 1031,
          dl_err: 0,
          ul_err: 0,
          dl_retx: 0,
          ul_retx: 14,
          pusch_snr: 5.4,
          epre: -113.1,
          ul_phr: -25,
          ul_path_loss: 107.5,
          p_ue: 23,
          dl_mcs: 18,
          ul_mcs: 4,
          ul_n_layer: 1,
          turbo_decoder_min: 1,
          turbo_decoder_avg: 1.427,
          turbo_decoder_max: 5,
          cqi: 12,
          ri: 2,
          ul_rank: 1,
          initial_ta: 1
        }
      ]
    }
  ],
  time: 3669.567,
  utc: 1744842722.154
}

