{
  message: ready,
  type: ENB,
  name: ENB,
  version: 2023-06-10,
  time: 588.617,
  utc: 1744104198.298
}
{
  message: ue_get,
  ue_list: [
    {
      ran_ue_id: 3,
      amf_ue_id: 102,
      qos_flow_list: [
        {
          pdu_session_id: 1,
          dl_total_bytes: 14863,
          ul_total_bytes: 8543,
          sst: 1
        },
        {
          pdu_session_id: 2,
          dl_total_bytes: 1040516,
          ul_total_bytes: 7685128415,
          sst: 1
        }
      ],
      rnti: 17923,
      cells: [
        {
          cell_id: 1,
          dl_bitrate: 114948,
          ul_bitrate: 140483907,
          dl_tx: 76,
          ul_tx: 951,
          dl_err: 0,
          ul_err: 0,
          dl_retx: 0,
          ul_retx: 19,
          pusch_snr: 27.3,
          epre: -92.3,
          ul_phr: 8,
          ul_path_loss: 68.8,
          p_ue: 11,
          dl_mcs: 23,
          ul_mcs: 23.8,
          ul_n_layer: 1,
          turbo_decoder_min: 0,
          turbo_decoder_avg: 2.263,
          turbo_decoder_max: 5,
          cqi: 15,
          ri: 2,
          ul_rank: 1,
          initial_ta: 1
        }
      ]
    }
  ],
  time: 588.619,
  utc: 1744104198.308
}

