{
  message: ready,
  type: ENB,
  name: ENB,
  version: 2023-06-10,
  time: 630.603,
  utc: 1744057371.899
}
{
  message: ue_get,
  ue_list: [
    {
      ran_ue_id: 51,
      amf_ue_id: 104,
      qos_flow_list: [
        {
          pdu_session_id: 1,
          dl_total_bytes: 14855,
          ul_total_bytes: 8543,
          sst: 1
        },
        {
          pdu_session_id: 2,
          dl_total_bytes: 1117758,
          ul_total_bytes: 8738556629,
          sst: 1
        }
      ],
      rnti: 17971,
      cells: [
        {
          cell_id: 1,
          dl_bitrate: 164641,
          ul_bitrate: 135355253,
          dl_tx: 110,
          ul_tx: 1010,
          dl_err: 0,
          ul_err: 0,
          dl_retx: 0,
          ul_retx: 10,
          pusch_snr: 27.9,
          epre: -91.3,
          ul_phr: 6,
          ul_path_loss: 68.4,
          p_ue: 13,
          dl_mcs: 27.9,
          ul_mcs: 25.8,
          ul_n_layer: 1,
          turbo_decoder_min: 1,
          turbo_decoder_avg: 2.317,
          turbo_decoder_max: 5,
          cqi: 15,
          ri: 2,
          ul_rank: 1,
          initial_ta: 1
        }
      ]
    }
  ],
  time: 630.605,
  utc: 1744057371.91
}

