{
  message: ready,
  type: ENB,
  name: ENB,
  version: 2023-06-10,
  time: 2569.335,
  utc: 1744114863.185
}
{
  message: ue_get,
  ue_list: [
    {
      ran_ue_id: 3,
      amf_ue_id: 102,
      qos_flow_list: [
        {
          pdu_session_id: 1,
          dl_total_bytes: 15233,
          ul_total_bytes: 8949,
          sst: 1
        },
        {
          pdu_session_id: 2,
          dl_total_bytes: 8854474,
          ul_total_bytes: 25676809585,
          sst: 1
        }
      ],
      rnti: 17923,
      cells: [
        {
          cell_id: 1,
          dl_bitrate: 141881,
          ul_bitrate: 43401474,
          dl_tx: 86,
          ul_tx: 1612,
          dl_err: 0,
          ul_err: 0,
          dl_retx: 18,
          ul_retx: 115,
          pusch_snr: 7.1,
          epre: -114,
          ul_phr: -23,
          ul_path_loss: 107,
          p_ue: 23,
          dl_mcs: 12.8,
          ul_mcs: 5.3,
          ul_n_layer: 1,
          turbo_decoder_min: 0,
          turbo_decoder_avg: 3.102,
          turbo_decoder_max: 5,
          cqi: 7,
          ri: 2,
          ul_rank: 1,
          initial_ta: 1
        }
      ]
    }
  ],
  time: 2569.337,
  utc: 1744114863.196
}

