{
  message: ready,
  type: ENB,
  name: ENB,
  version: 2023-06-10,
  time: 375.231,
  utc: 1744095273.413
}
{
  message: ue_get,
  ue_list: [
    {
      ran_ue_id: 3,
      amf_ue_id: 102,
      qos_flow_list: [
        {
          pdu_session_id: 1,
          dl_total_bytes: 14917,
          ul_total_bytes: 8600,
          sst: 1
        },
        {
          pdu_session_id: 2,
          dl_total_bytes: 658868,
          ul_total_bytes: 4235853218,
          sst: 1
        }
      ],
      rnti: 17923,
      cells: [
        {
          cell_id: 1,
          dl_bitrate: 108540,
          ul_bitrate: 117118389,
          dl_tx: 71,
          ul_tx: 870,
          dl_err: 0,
          ul_err: 0,
          dl_retx: 1,
          ul_retx: 12,
          pusch_snr: 28.6,
          epre: -90.5,
          ul_phr: 17,
          ul_path_loss: 77.6,
          p_ue: 2,
          dl_mcs: 23,
          ul_mcs: 22.2,
          ul_n_layer: 1,
          turbo_decoder_min: 1,
          turbo_decoder_avg: 2.109,
          turbo_decoder_max: 5,
          cqi: 15,
          ri: 2,
          ul_rank: 1,
          initial_ta: 1
        }
      ]
    }
  ],
  time: 375.233,
  utc: 1744095273.424
}

