{
  message: ready,
  type: ENB,
  name: ENB,
  version: 2023-06-10,
  time: 293.592,
  utc: 1744059901.918
}
{
  message: ue_get,
  ue_list: [
    {
      ran_ue_id: 3,
      amf_ue_id: 102,
      qos_flow_list: [
        {
          pdu_session_id: 1,
          dl_total_bytes: 14849,
          ul_total_bytes: 8539,
          sst: 1
        },
        {
          pdu_session_id: 2,
          dl_total_bytes: 530788,
          ul_total_bytes: 3742722890,
          sst: 1
        }
      ],
      rnti: 17923,
      cells: [
        {
          cell_id: 1,
          dl_bitrate: 165033,
          ul_bitrate: 130318446,
          dl_tx: 114,
          ul_tx: 1068,
          dl_err: 0,
          ul_err: 0,
          dl_retx: 0,
          ul_retx: 8,
          pusch_snr: 25.4,
          epre: -94.6,
          ul_phr: -1,
          ul_path_loss: 78.2,
          p_ue: 19,
          dl_mcs: 27,
          ul_mcs: 23.5,
          ul_n_layer: 1,
          turbo_decoder_min: 1,
          turbo_decoder_avg: 2.518,
          turbo_decoder_max: 5,
          cqi: 15,
          ri: 2,
          ul_rank: 1,
          initial_ta: 1
        }
      ]
    }
  ],
  time: 293.594,
  utc: 1744059901.929
}

