{
  message: ready,
  type: ENB,
  name: ENB,
  version: 2023-06-10,
  time: 2948.568,
  utc: 1744842001.146
}
{
  message: ue_get,
  ue_list: [
    {
      ran_ue_id: 2,
      amf_ue_id: 101,
      qos_flow_list: [
        {
          pdu_session_id: 1,
          dl_total_bytes: 7961,
          ul_total_bytes: 7863,
          sst: 1
        },
        {
          pdu_session_id: 2,
          dl_total_bytes: 2027791,
          ul_total_bytes: 1103490825,
          sst: 1
        }
      ],
      rnti: 17922,
      cells: [
        {
          cell_id: 1,
          dl_bitrate: 22378,
          ul_bitrate: 2963785,
          dl_tx: 26,
          ul_tx: 1036,
          dl_err: 0,
          ul_err: 0,
          dl_retx: 0,
          ul_retx: 10,
          pusch_snr: 9.9,
          epre: -111.1,
          ul_phr: -28,
          ul_path_loss: 102.7,
          p_ue: 23,
          dl_mcs: 18,
          ul_mcs: 4,
          ul_n_layer: 1,
          turbo_decoder_min: 1,
          turbo_decoder_avg: 1.556,
          turbo_decoder_max: 5,
          cqi: 12,
          ri: 2,
          ul_rank: 1,
          initial_ta: 1
        }
      ]
    }
  ],
  time: 2948.571,
  utc: 1744842001.158
}

