{
  message: ready,
  type: ENB,
  name: ENB,
  version: 2023-06-10,
  time: 1887.074,
  utc: 1744837890.742
}
{
  message: ue_get,
  ue_list: [
    {
      ran_ue_id: 3,
      amf_ue_id: 102,
      qos_flow_list: [
        {
          pdu_session_id: 1,
          dl_total_bytes: 7778,
          ul_total_bytes: 7662,
          sst: 1
        },
        {
          pdu_session_id: 2,
          dl_total_bytes: 2276321,
          ul_total_bytes: 5658116822,
          sst: 1
        }
      ],
      rnti: 17923,
      cells: [
        {
          cell_id: 1,
          dl_bitrate: 73403,
          ul_bitrate: 25088122,
          dl_tx: 58,
          ul_tx: 1043,
          dl_err: 0,
          ul_err: 0,
          dl_retx: 3,
          ul_retx: 0,
          pusch_snr: 9.9,
          epre: -110.9,
          ul_phr: -31,
          ul_path_loss: 97.6,
          p_ue: 23,
          dl_mcs: 24,
          ul_mcs: 4.2,
          ul_n_layer: 1,
          turbo_decoder_min: 0,
          turbo_decoder_avg: 2.144,
          turbo_decoder_max: 3,
          cqi: 15,
          ri: 2,
          ul_rank: 1,
          initial_ta: 1
        }
      ]
    }
  ],
  time: 1887.075,
  utc: 1744837890.752
}

