{
  message: ready,
  type: ENB,
  name: ENB,
  version: 2023-06-10,
  time: 2761.653,
  utc: 1744083142.196
}
{
  message: ue_get,
  ue_list: [
    {
      ran_ue_id: 50,
      amf_ue_id: 149,
      qos_flow_list: [
        {
          pdu_session_id: 1,
          dl_total_bytes: 184,
          ul_total_bytes: 202,
          sst: 1
        }
      ],
      rnti: 17970,
      cells: [
        {
          cell_id: 1,
          dl_bitrate: 2,
          ul_bitrate: 2,
          dl_tx: 6,
          ul_tx: 6,
          dl_err: 0,
          ul_err: 0,
          dl_retx: 0,
          ul_retx: 0,
          pusch_snr: 27.6,
          epre: -88.3,
          ul_phr: -7,
          ul_path_loss: 91.9,
          p_ue: 8,
          dl_mcs: 11.5,
          ul_mcs: 20.2,
          ul_n_layer: 1,
          turbo_decoder_min: 1,
          turbo_decoder_avg: 1.333,
          turbo_decoder_max: 3,
          cqi: 15,
          ri: 2,
          ul_rank: 1,
          initial_ta: 1
        }
      ]
    },
    {
      ran_ue_id: 4,
      amf_ue_id: 103,
      qos_flow_list: [
        {
          pdu_session_id: 1,
          dl_total_bytes: 15409,
          ul_total_bytes: 9145,
          sst: 1
        },
        {
          pdu_session_id: 2,
          dl_total_bytes: 9960999,
          ul_total_bytes: 35304752817,
          sst: 1
        }
      ],
      rnti: 17924,
      cells: [
        {
          cell_id: 1,
          dl_bitrate: 166742,
          ul_bitrate: 96399846,
          dl_tx: 63,
          ul_tx: 785,
          dl_err: 0,
          ul_err: 0,
          dl_retx: 1,
          ul_retx: 17,
          pusch_snr: 21.1,
          epre: -98.8,
          ul_phr: 17,
          ul_path_loss: 68.6,
          p_ue: 5,
          dl_mcs: 24,
          ul_mcs: 19.9,
          ul_n_layer: 1,
          turbo_decoder_min: 1,
          turbo_decoder_avg: 2.997,
          turbo_decoder_max: 5,
          cqi: 15,
          ri: 2,
          ul_rank: 1,
          initial_ta: 1
        }
      ]
    }
  ],
  time: 2761.655,
  utc: 1744083142.208
}

