{
  message: ready,
  type: ENB,
  name: ENB,
  version: 2023-06-10,
  time: 2426.886,
  utc: 1744108927.257
}
{
  message: ue_get,
  ue_list: [
    {
      ran_ue_id: 6,
      amf_ue_id: 105,
      qos_flow_list: [
        {
          pdu_session_id: 1,
          dl_total_bytes: 9833,
          ul_total_bytes: 7857,
          sst: 1
        },
        {
          pdu_session_id: 2,
          dl_total_bytes: 7721885,
          ul_total_bytes: 35811696570,
          sst: 1
        }
      ],
      rnti: 17926,
      cells: [
        {
          cell_id: 1,
          dl_bitrate: 148107,
          ul_bitrate: 103987476,
          dl_tx: 59,
          ul_tx: 746,
          dl_err: 0,
          ul_err: 0,
          dl_retx: 0,
          ul_retx: 2,
          pusch_snr: 25.2,
          epre: -94.6,
          ul_phr: -1,
          ul_path_loss: 77.8,
          p_ue: 19,
          dl_mcs: 24,
          ul_mcs: 23.2,
          ul_n_layer: 1,
          turbo_decoder_min: 1,
          turbo_decoder_avg: 2.478,
          turbo_decoder_max: 5,
          cqi: 15,
          ri: 2,
          ul_rank: 1,
          initial_ta: 1
        }
      ]
    }
  ],
  time: 2426.889,
  utc: 1744108927.268
}

