{
  message: ready,
  type: ENB,
  name: ENB,
  version: 2023-06-10,
  time: 596.959,
  utc: 1744107097.33
}
{
  message: ue_get,
  ue_list: [
    {
      ran_ue_id: 6,
      amf_ue_id: 105,
      qos_flow_list: [
        {
          pdu_session_id: 1,
          dl_total_bytes: 9465,
          ul_total_bytes: 7453,
          sst: 1
        },
        {
          pdu_session_id: 2,
          dl_total_bytes: 913895,
          ul_total_bytes: 7553042377,
          sst: 1
        }
      ],
      rnti: 17926,
      cells: [
        {
          cell_id: 1,
          dl_bitrate: 119111,
          ul_bitrate: 123470421,
          dl_tx: 76,
          ul_tx: 1025,
          dl_err: 0,
          ul_err: 0,
          dl_retx: 1,
          ul_retx: 4,
          pusch_snr: 23.8,
          epre: -98,
          ul_phr: 26,
          ul_path_loss: 77.4,
          p_ue: -4,
          dl_mcs: 24,
          ul_mcs: 20,
          ul_n_layer: 1,
          turbo_decoder_min: 1,
          turbo_decoder_avg: 3.069,
          turbo_decoder_max: 5,
          cqi: 15,
          ri: 2,
          ul_rank: 1,
          initial_ta: 1
        }
      ]
    }
  ],
  time: 596.961,
  utc: 1744107097.341
}

