{
  message: ready,
  type: ENB,
  name: ENB,
  version: 2023-06-10,
  time: 544.155,
  utc: 1743794774.509
}
{
  message: ue_get,
  ue_list: [
    {
      ran_ue_id: 49,
      amf_ue_id: 102,
      qos_flow_list: [
        {
          pdu_session_id: 1,
          dl_total_bytes: 14865,
          ul_total_bytes: 8545,
          sst: 1
        },
        {
          pdu_session_id: 2,
          dl_total_bytes: 815664,
          ul_total_bytes: 14251705976,
          sst: 1
        }
      ],
      rnti: 17969,
      cells: [
        {
          cell_id: 1,
          dl_bitrate: 155316,
          ul_bitrate: 229062550,
          dl_tx: 89,
          ul_tx: 1553,
          dl_err: 0,
          ul_err: 0,
          dl_retx: 1,
          ul_retx: 18,
          pusch_snr: 26.1,
          epre: -94.2,
          ul_phr: 9,
          ul_path_loss: 68.5,
          p_ue: 10,
          dl_mcs: 26,
          ul_mcs: 23.6,
          ul_n_layer: 1,
          turbo_decoder_min: 1,
          turbo_decoder_avg: 2.606,
          turbo_decoder_max: 5,
          cqi: 14,
          ri: 2,
          ul_rank: 1,
          initial_ta: 1
        }
      ]
    }
  ],
  time: 544.156,
  utc: 1743794774.519
}

