{
  message: ready,
  type: ENB,
  name: ENB,
  version: 2023-06-10,
  time: 551.542,
  utc: 1743794781.896
}
{
  message: ue_get,
  ue_list: [
    {
      ran_ue_id: 49,
      amf_ue_id: 102,
      qos_flow_list: [
        {
          pdu_session_id: 1,
          dl_total_bytes: 14865,
          ul_total_bytes: 8545,
          sst: 1
        },
        {
          pdu_session_id: 2,
          dl_total_bytes: 825888,
          ul_total_bytes: 14459345363,
          sst: 1
        }
      ],
      rnti: 17969,
      cells: [
        {
          cell_id: 1,
          dl_bitrate: 159537,
          ul_bitrate: 224415630,
          dl_tx: 88,
          ul_tx: 1503,
          dl_err: 0,
          ul_err: 0,
          dl_retx: 2,
          ul_retx: 17,
          pusch_snr: 25.6,
          epre: -94.3,
          ul_phr: 9,
          ul_path_loss: 68.6,
          p_ue: 10,
          dl_mcs: 26,
          ul_mcs: 23.4,
          ul_n_layer: 1,
          turbo_decoder_min: 1,
          turbo_decoder_avg: 2.485,
          turbo_decoder_max: 5,
          cqi: 14,
          ri: 2,
          ul_rank: 1,
          initial_ta: 1
        }
      ]
    }
  ],
  time: 551.543,
  utc: 1743794781.906
}

