{
  message: ready,
  type: ENB,
  name: ENB,
  version: 2023-06-10,
  time: 426.425,
  utc: 1744098256.616
}
{
  message: ue_get,
  ue_list: [
    {
      ran_ue_id: 3,
      amf_ue_id: 102,
      qos_flow_list: [
        {
          pdu_session_id: 1,
          dl_total_bytes: 14857,
          ul_total_bytes: 8523,
          sst: 1
        },
        {
          pdu_session_id: 2,
          dl_total_bytes: 760701,
          ul_total_bytes: 5763387235,
          sst: 1
        }
      ],
      rnti: 17923,
      cells: [
        {
          cell_id: 1,
          dl_bitrate: 111381,
          ul_bitrate: 103150078,
          dl_tx: 77,
          ul_tx: 1024,
          dl_err: 0,
          ul_err: 0,
          dl_retx: 15,
          ul_retx: 1,
          pusch_snr: 18.7,
          epre: -101.8,
          ul_phr: -10,
          ul_path_loss: 88,
          p_ue: 22,
          dl_mcs: 22.3,
          ul_mcs: 17.1,
          ul_n_layer: 1,
          turbo_decoder_min: 0,
          turbo_decoder_avg: 2.369,
          turbo_decoder_max: 5,
          cqi: 15,
          ri: 2,
          ul_rank: 1,
          initial_ta: 1
        }
      ]
    }
  ],
  time: 426.427,
  utc: 1744098256.627
}

