{
  message: ready,
  type: ENB,
  name: ENB,
  version: 2023-06-10,
  time: 530.145,
  utc: 1744188090.287
}
{
  message: ue_get,
  ue_list: [
    {
      ran_ue_id: 4,
      amf_ue_id: 103,
      qos_flow_list: [
        {
          pdu_session_id: 1,
          dl_total_bytes: 14866,
          ul_total_bytes: 8540,
          sst: 1
        },
        {
          pdu_session_id: 2,
          dl_total_bytes: 952003,
          ul_total_bytes: 9590603390,
          sst: 1
        }
      ],
      rnti: 17924,
      cells: [
        {
          cell_id: 1,
          dl_bitrate: 132155,
          ul_bitrate: 171703094,
          dl_tx: 96,
          ul_tx: 1575,
          dl_err: 0,
          ul_err: 0,
          dl_retx: 46,
          ul_retx: 8,
          pusch_snr: 19.3,
          epre: -101.6,
          ul_phr: -8,
          ul_path_loss: 87.7,
          p_ue: 22,
          dl_mcs: 21.1,
          ul_mcs: 18,
          ul_n_layer: 1,
          turbo_decoder_min: 1,
          turbo_decoder_avg: 2.978,
          turbo_decoder_max: 5,
          cqi: 15,
          ri: 2,
          ul_rank: 1,
          initial_ta: 1
        }
      ]
    }
  ],
  time: 530.147,
  utc: 1744188090.298
}

