{
  message: ready,
  type: ENB,
  name: ENB,
  version: 2023-06-10,
  time: 1999.162,
  utc: 1744848887.019
}
{
  message: ue_get,
  ue_list: [
    {
      ran_ue_id: 3,
      amf_ue_id: 102,
      qos_flow_list: [
        {
          pdu_session_id: 1,
          dl_total_bytes: 7777,
          ul_total_bytes: 7661,
          sst: 1
        },
        {
          pdu_session_id: 2,
          dl_total_bytes: 2757219,
          ul_total_bytes: 12628836971,
          sst: 1
        }
      ],
      rnti: 17923,
      cells: [
        {
          cell_id: 1,
          dl_bitrate: 97485,
          ul_bitrate: 32830044,
          dl_tx: 71,
          ul_tx: 1072,
          dl_err: 0,
          ul_err: 0,
          dl_retx: 1,
          ul_retx: 0,
          pusch_snr: 20.1,
          epre: -100.3,
          ul_phr: -21,
          ul_path_loss: 87.2,
          p_ue: 23,
          dl_mcs: 25.9,
          ul_mcs: 5.5,
          ul_n_layer: 1,
          turbo_decoder_min: 1,
          turbo_decoder_avg: 1.253,
          turbo_decoder_max: 2,
          cqi: 15,
          ri: 2,
          ul_rank: 1,
          initial_ta: 0
        }
      ]
    }
  ],
  time: 1999.164,
  utc: 1744848887.03
}

