{
  message: ready,
  type: ENB,
  name: ENB,
  version: 2023-06-10,
  time: 143.965,
  utc: 1744181991.848
}
{
  message: ue_get,
  ue_list: [
    {
      ran_ue_id: 6,
      amf_ue_id: 105,
      qos_flow_list: [
        {
          pdu_session_id: 1,
          dl_total_bytes: 9506,
          ul_total_bytes: 7452,
          sst: 1
        },
        {
          pdu_session_id: 2,
          dl_total_bytes: 37618,
          ul_total_bytes: 14265,
          sst: 1
        }
      ],
      rnti: 17926,
      cells: [
        {
          cell_id: 1,
          dl_bitrate: 2285,
          ul_bitrate: 0,
          dl_tx: 2,
          ul_tx: 0,
          dl_err: 0,
          ul_err: 0,
          dl_retx: 0,
          ul_retx: 0,
          pusch_snr: 22.2,
          epre: -96.5,
          ul_phr: 4,
          ul_path_loss: 83.9,
          p_ue: 4,
          dl_mcs: 19,
          cqi: 12,
          ri: 2,
          ul_rank: 1,
          initial_ta: 1
        }
      ]
    },
    {
      ran_ue_id: 3,
      amf_ue_id: 102,
      qos_flow_list: [
        {
          pdu_session_id: 1,
          dl_total_bytes: 14925,
          ul_total_bytes: 8600,
          sst: 1
        },
        {
          pdu_session_id: 2,
          dl_total_bytes: 261423,
          ul_total_bytes: 1436769405,
          sst: 1
        }
      ],
      rnti: 17923,
      cells: [
        {
          cell_id: 1,
          dl_bitrate: 132252,
          ul_bitrate: 178823896,
          dl_tx: 89,
          ul_tx: 1254,
          dl_err: 0,
          ul_err: 0,
          dl_retx: 2,
          ul_retx: 20,
          pusch_snr: 26,
          epre: -94.1,
          ul_phr: 8,
          ul_path_loss: 68.5,
          p_ue: 11,
          dl_mcs: 23,
          ul_mcs: 23.3,
          ul_n_layer: 1,
          turbo_decoder_min: 1,
          turbo_decoder_avg: 2.312,
          turbo_decoder_max: 5,
          cqi: 15,
          ri: 2,
          ul_rank: 1,
          initial_ta: 1
        }
      ]
    }
  ],
  time: 143.967,
  utc: 1744181991.859
}

