{
  message: ready,
  type: ENB,
  name: ENB,
  version: 2023-06-10,
  time: 1578.996,
  utc: 1744076187.15
}
{
  message: ue_get,
  ue_list: [
    {
      ran_ue_id: 4,
      amf_ue_id: 103,
      qos_flow_list: [
        {
          pdu_session_id: 1,
          dl_total_bytes: 15049,
          ul_total_bytes: 8741,
          sst: 1
        },
        {
          pdu_session_id: 2,
          dl_total_bytes: 3718500,
          ul_total_bytes: 24030486763,
          sst: 1
        }
      ],
      rnti: 17924,
      cells: [
        {
          cell_id: 1,
          dl_bitrate: 150361,
          ul_bitrate: 136775255,
          dl_tx: 95,
          ul_tx: 1347,
          dl_err: 0,
          ul_err: 0,
          dl_retx: 9,
          ul_retx: 4,
          pusch_snr: 19.3,
          epre: -101.8,
          ul_phr: -6,
          ul_path_loss: 87.7,
          p_ue: 22,
          dl_mcs: 21,
          ul_mcs: 17.3,
          ul_n_layer: 1,
          turbo_decoder_min: 0,
          turbo_decoder_avg: 2.579,
          turbo_decoder_max: 5,
          cqi: 14,
          ri: 2,
          ul_rank: 1,
          initial_ta: 0
        }
      ]
    }
  ],
  time: 1578.998,
  utc: 1744076187.161
}

