{
  message: ready,
  type: ENB,
  name: ENB,
  version: 2023-06-10,
  time: 915.712,
  utc: 1744211587.912
}
{
  message: ue_get,
  ue_list: [
    {
      ran_ue_id: 3,
      amf_ue_id: 102,
      qos_flow_list: [
        {
          pdu_session_id: 1,
          dl_total_bytes: 18978,
          ul_total_bytes: 8922,
          sst: 1
        },
        {
          pdu_session_id: 2,
          dl_total_bytes: 1599394,
          ul_total_bytes: 8693086860,
          sst: 1
        }
      ],
      rnti: 17923,
      cells: [
        {
          cell_id: 1,
          dl_bitrate: 66626,
          ul_bitrate: 67262238,
          dl_tx: 92,
          ul_tx: 1716,
          dl_err: 0,
          ul_err: 0,
          dl_retx: 21,
          ul_retx: 0,
          pusch_snr: 17.4,
          epre: -103.5,
          ul_phr: -21,
          ul_path_loss: 93.3,
          p_ue: 23,
          dl_mcs: 9.8,
          ul_mcs: 6.3,
          ul_n_layer: 1,
          turbo_decoder_min: 1,
          turbo_decoder_avg: 1.553,
          turbo_decoder_max: 2,
          cqi: 9,
          ri: 2,
          ul_rank: 1,
          initial_ta: 1
        }
      ]
    }
  ],
  time: 915.713,
  utc: 1744211587.922
}

