{
  message: ready,
  type: ENB,
  name: ENB,
  version: 2023-06-10,
  time: 655.868,
  utc: 1744069111.403
}
{
  message: ue_get,
  ue_list: [
    {
      ran_ue_id: 4,
      amf_ue_id: 103,
      qos_flow_list: [
        {
          pdu_session_id: 1,
          dl_total_bytes: 14937,
          ul_total_bytes: 9346,
          sst: 1
        },
        {
          pdu_session_id: 2,
          dl_total_bytes: 1155642,
          ul_total_bytes: 8147934147,
          sst: 1
        }
      ],
      rnti: 17924,
      cells: [
        {
          cell_id: 1,
          dl_bitrate: 114656,
          ul_bitrate: 143721232,
          dl_tx: 85,
          ul_tx: 1182,
          dl_err: 0,
          ul_err: 0,
          dl_retx: 1,
          ul_retx: 14,
          pusch_snr: 23.7,
          epre: -96.8,
          ul_phr: 11,
          ul_path_loss: 68.9,
          p_ue: 8,
          dl_mcs: 21,
          ul_mcs: 20.2,
          ul_n_layer: 1,
          turbo_decoder_min: 1,
          turbo_decoder_avg: 2.327,
          turbo_decoder_max: 5,
          cqi: 14,
          ri: 2,
          ul_rank: 1,
          initial_ta: 1
        }
      ]
    }
  ],
  time: 655.87,
  utc: 1744069111.414
}

