{
  message: ready,
  type: ENB,
  name: ENB,
  version: 2023-06-10,
  time: 650.614,
  utc: 1744069106.149
}
{
  message: ue_get,
  ue_list: [
    {
      ran_ue_id: 4,
      amf_ue_id: 103,
      qos_flow_list: [
        {
          pdu_session_id: 1,
          dl_total_bytes: 14937,
          ul_total_bytes: 9346,
          sst: 1
        },
        {
          pdu_session_id: 2,
          dl_total_bytes: 1145928,
          ul_total_bytes: 8072870993,
          sst: 1
        }
      ],
      rnti: 17924,
      cells: [
        {
          cell_id: 1,
          dl_bitrate: 112854,
          ul_bitrate: 99254321,
          dl_tx: 65,
          ul_tx: 791,
          dl_err: 0,
          ul_err: 0,
          dl_retx: 0,
          ul_retx: 15,
          pusch_snr: 22.9,
          epre: -97.9,
          ul_phr: 11,
          ul_path_loss: 68.7,
          p_ue: 8,
          dl_mcs: 25.6,
          ul_mcs: 21.3,
          ul_n_layer: 1,
          turbo_decoder_min: 0,
          turbo_decoder_avg: 2.274,
          turbo_decoder_max: 5,
          cqi: 14,
          ri: 2,
          ul_rank: 1,
          initial_ta: 1
        }
      ]
    }
  ],
  time: 650.616,
  utc: 1744069106.16
}

