{
  message: ready,
  type: ENB,
  name: ENB,
  version: 2023-06-10,
  time: 497.636,
  utc: 1743861666.803
}
{
  message: ue_get,
  ue_list: [
    {
      ran_ue_id: 3,
      amf_ue_id: 102,
      qos_flow_list: [
        {
          pdu_session_id: 1,
          dl_total_bytes: 14866,
          ul_total_bytes: 8518,
          sst: 1
        },
        {
          pdu_session_id: 2,
          dl_total_bytes: 744760,
          ul_total_bytes: 10080832074,
          sst: 1
        }
      ],
      rnti: 17923,
      cells: [
        {
          cell_id: 1,
          dl_bitrate: 163388,
          ul_bitrate: 185426485,
          dl_tx: 90,
          ul_tx: 1277,
          dl_err: 0,
          ul_err: 0,
          dl_retx: 2,
          ul_retx: 8,
          pusch_snr: 24.9,
          epre: -95.4,
          ul_phr: 9,
          ul_path_loss: 68.8,
          p_ue: 10,
          dl_mcs: 24.2,
          ul_mcs: 23.4,
          ul_n_layer: 1,
          turbo_decoder_min: 1,
          turbo_decoder_avg: 2.445,
          turbo_decoder_max: 5,
          cqi: 15,
          ri: 2,
          ul_rank: 1,
          initial_ta: 0
        }
      ]
    }
  ],
  time: 497.637,
  utc: 1743861666.813
}

