{
  message: ready,
  type: ENB,
  name: ENB,
  version: 2023-06-10,
  time: 68.378,
  utc: 1743860247.364
}
{
  message: ue_get,
  ue_list: [
    {
      ran_ue_id: 4,
      amf_ue_id: 103,
      qos_flow_list: [
        {
          pdu_session_id: 1,
          dl_total_bytes: 14866,
          ul_total_bytes: 8546,
          sst: 1
        },
        {
          pdu_session_id: 2,
          dl_total_bytes: 139887,
          ul_total_bytes: 10733997,
          sst: 1
        }
      ],
      rnti: 17924,
      cells: [
        {
          cell_id: 1,
          dl_bitrate: 60320,
          ul_bitrate: 1284982,
          dl_tx: 1920,
          ul_tx: 3727,
          dl_err: 0,
          ul_err: 0,
          dl_retx: 19,
          ul_retx: 31,
          pusch_snr: 24.9,
          epre: -93.5,
          ul_phr: 12,
          ul_path_loss: 71.3,
          p_ue: 7,
          dl_mcs: 25.9,
          ul_mcs: 24.2,
          ul_n_layer: 1,
          turbo_decoder_min: 1,
          turbo_decoder_avg: 2.257,
          turbo_decoder_max: 5,
          cqi: 15,
          ri: 2,
          ul_rank: 1,
          initial_ta: 2
        }
      ]
    }
  ],
  time: 68.38,
  utc: 1743860247.375
}

