{
  message: ready,
  type: ENB,
  name: ENB,
  version: 2023-06-10,
  time: 1117.639,
  utc: 1744101828.04
}
{
  message: ue_get,
  ue_list: [
    {
      ran_ue_id: 3,
      amf_ue_id: 102,
      qos_flow_list: [
        {
          pdu_session_id: 1,
          dl_total_bytes: 15049,
          ul_total_bytes: 8747,
          sst: 1
        },
        {
          pdu_session_id: 2,
          dl_total_bytes: 2142377,
          ul_total_bytes: 10467830975,
          sst: 1
        }
      ],
      rnti: 17923,
      cells: [
        {
          cell_id: 1,
          dl_bitrate: 107268,
          ul_bitrate: 84086915,
          dl_tx: 94,
          ul_tx: 1548,
          dl_err: 0,
          ul_err: 0,
          dl_retx: 10,
          ul_retx: 17,
          pusch_snr: 9.6,
          epre: -111.2,
          ul_phr: -12,
          ul_path_loss: 98.4,
          p_ue: 23,
          dl_mcs: 13,
          ul_mcs: 9,
          ul_n_layer: 1,
          turbo_decoder_min: 1,
          turbo_decoder_avg: 3.631,
          turbo_decoder_max: 5,
          cqi: 10,
          ri: 2,
          ul_rank: 1,
          initial_ta: 1
        }
      ]
    }
  ],
  time: 1117.641,
  utc: 1744101828.05
}

