{
  message: ready,
  type: ENB,
  name: ENB,
  version: 2023-06-10,
  time: 2502.215,
  utc: 1744109002.585
}
{
  message: ue_get,
  ue_list: [
    {
      ran_ue_id: 6,
      amf_ue_id: 105,
      qos_flow_list: [
        {
          pdu_session_id: 1,
          dl_total_bytes: 9833,
          ul_total_bytes: 7857,
          sst: 1
        },
        {
          pdu_session_id: 2,
          dl_total_bytes: 8166384,
          ul_total_bytes: 36995390146,
          sst: 1
        }
      ],
      rnti: 17926,
      cells: [
        {
          cell_id: 1,
          dl_bitrate: 119203,
          ul_bitrate: 138416640,
          dl_tx: 77,
          ul_tx: 1138,
          dl_err: 0,
          ul_err: 0,
          dl_retx: 1,
          ul_retx: 4,
          pusch_snr: 22.3,
          epre: -98.2,
          ul_phr: 3,
          ul_path_loss: 78.5,
          p_ue: 16,
          dl_mcs: 23.9,
          ul_mcs: 20.7,
          ul_n_layer: 1,
          turbo_decoder_min: 1,
          turbo_decoder_avg: 2.87,
          turbo_decoder_max: 5,
          cqi: 15,
          ri: 2,
          ul_rank: 1,
          initial_ta: 1
        }
      ]
    }
  ],
  time: 2502.216,
  utc: 1744109002.596
}

