{
  message: ready,
  type: ENB,
  name: ENB,
  version: 2023-06-10,
  time: 1420.238,
  utc: 1744840472.816
}
{
  message: ue_get,
  ue_list: [
    {
      ran_ue_id: 2,
      amf_ue_id: 101,
      qos_flow_list: [
        {
          pdu_session_id: 1,
          dl_total_bytes: 7593,
          ul_total_bytes: 7459,
          sst: 1
        },
        {
          pdu_session_id: 2,
          dl_total_bytes: 499051,
          ul_total_bytes: 459846143,
          sst: 1
        }
      ],
      rnti: 17922,
      cells: [
        {
          cell_id: 1,
          dl_bitrate: 29129,
          ul_bitrate: 2899712,
          dl_tx: 26,
          ul_tx: 1038,
          dl_err: 0,
          ul_err: 0,
          dl_retx: 0,
          ul_retx: 7,
          pusch_snr: 7.5,
          epre: -113.2,
          ul_phr: -19,
          ul_path_loss: 109.7,
          p_ue: 23,
          dl_mcs: 18,
          ul_mcs: 4,
          ul_n_layer: 1,
          turbo_decoder_min: 1,
          turbo_decoder_avg: 1.601,
          turbo_decoder_max: 5,
          cqi: 12,
          ri: 2,
          ul_rank: 1,
          initial_ta: 1
        }
      ]
    }
  ],
  time: 1420.24,
  utc: 1744840472.827
}

