{
  message: ready,
  type: ENB,
  name: ENB,
  version: 2023-06-10,
  time: 1395.14,
  utc: 1744840447.718
}
{
  message: ue_get,
  ue_list: [
    {
      ran_ue_id: 2,
      amf_ue_id: 101,
      qos_flow_list: [
        {
          pdu_session_id: 1,
          dl_total_bytes: 7593,
          ul_total_bytes: 7459,
          sst: 1
        },
        {
          pdu_session_id: 2,
          dl_total_bytes: 482886,
          ul_total_bytes: 450113497,
          sst: 1
        }
      ],
      rnti: 17922,
      cells: [
        {
          cell_id: 1,
          dl_bitrate: 21634,
          ul_bitrate: 3495716,
          dl_tx: 26,
          ul_tx: 1040,
          dl_err: 0,
          ul_err: 0,
          dl_retx: 3,
          ul_retx: 5,
          pusch_snr: 10.8,
          epre: -110.7,
          ul_phr: -26,
          ul_path_loss: 104.2,
          p_ue: 23,
          dl_mcs: 18,
          ul_mcs: 4,
          ul_n_layer: 1,
          turbo_decoder_min: 1,
          turbo_decoder_avg: 1.72,
          turbo_decoder_max: 5,
          cqi: 12,
          ri: 2,
          ul_rank: 1,
          initial_ta: 1
        }
      ]
    }
  ],
  time: 1395.142,
  utc: 1744840447.729
}

