{
  message: ready,
  type: ENB,
  name: ENB,
  version: 2023-06-10,
  time: 2847.159,
  utc: 1744103557.56
}
{
  message: ue_get,
  ue_list: [
    {
      ran_ue_id: 3,
      amf_ue_id: 102,
      qos_flow_list: [
        {
          pdu_session_id: 1,
          dl_total_bytes: 15417,
          ul_total_bytes: 9151,
          sst: 1
        },
        {
          pdu_session_id: 2,
          dl_total_bytes: 10599134,
          ul_total_bytes: 28000018574,
          sst: 1
        }
      ],
      rnti: 17923,
      cells: [
        {
          cell_id: 1,
          dl_bitrate: 85259,
          ul_bitrate: 83919673,
          dl_tx: 90,
          ul_tx: 1546,
          dl_err: 0,
          ul_err: 0,
          dl_retx: 10,
          ul_retx: 20,
          pusch_snr: 9.5,
          epre: -111.5,
          ul_phr: -15,
          ul_path_loss: 98.7,
          p_ue: 23,
          dl_mcs: 13.6,
          ul_mcs: 9,
          ul_n_layer: 1,
          turbo_decoder_min: 1,
          turbo_decoder_avg: 3.691,
          turbo_decoder_max: 5,
          cqi: 10,
          ri: 2,
          ul_rank: 1,
          initial_ta: 1
        }
      ]
    }
  ],
  time: 2847.161,
  utc: 1744103557.57
}

