{
  message: ready,
  type: ENB,
  name: ENB,
  version: 2023-06-10,
  time: 2017.215,
  utc: 1744111439.566
}
{
  message: ue_get,
  ue_list: [
    {
      ran_ue_id: 5,
      amf_ue_id: 103,
      qos_flow_list: [
        {
          pdu_session_id: 1,
          dl_total_bytes: 15232,
          ul_total_bytes: 8948,
          sst: 1
        },
        {
          pdu_session_id: 2,
          dl_total_bytes: 5465954,
          ul_total_bytes: 31875990699,
          sst: 1
        }
      ],
      rnti: 17925,
      cells: [
        {
          cell_id: 1,
          dl_bitrate: 114109,
          ul_bitrate: 134539252,
          dl_tx: 85,
          ul_tx: 1263,
          dl_err: 0,
          ul_err: 0,
          dl_retx: 37,
          ul_retx: 5,
          pusch_snr: 18.7,
          epre: -101.8,
          ul_phr: 13,
          ul_path_loss: 87.6,
          p_ue: 6,
          dl_mcs: 21.5,
          ul_mcs: 17.7,
          ul_n_layer: 1,
          turbo_decoder_min: 1,
          turbo_decoder_avg: 2.988,
          turbo_decoder_max: 5,
          cqi: 14,
          ri: 2,
          ul_rank: 1,
          initial_ta: 0
        }
      ]
    }
  ],
  time: 2017.217,
  utc: 1744111439.576
}

