{
  message: ready,
  type: ENB,
  name: ENB,
  version: 2023-06-10,
  time: 2022.524,
  utc: 1744111444.874
}
{
  message: ue_get,
  ue_list: [
    {
      ran_ue_id: 5,
      amf_ue_id: 103,
      qos_flow_list: [
        {
          pdu_session_id: 1,
          dl_total_bytes: 15232,
          ul_total_bytes: 8948,
          sst: 1
        },
        {
          pdu_session_id: 2,
          dl_total_bytes: 5474974,
          ul_total_bytes: 31964832340,
          sst: 1
        }
      ],
      rnti: 17925,
      cells: [
        {
          cell_id: 1,
          dl_bitrate: 141394,
          ul_bitrate: 138949287,
          dl_tx: 93,
          ul_tx: 1422,
          dl_err: 0,
          ul_err: 0,
          dl_retx: 37,
          ul_retx: 15,
          pusch_snr: 19,
          epre: -101.9,
          ul_phr: -7,
          ul_path_loss: 88.2,
          p_ue: 22,
          dl_mcs: 22,
          ul_mcs: 16.2,
          ul_n_layer: 1,
          turbo_decoder_min: 0,
          turbo_decoder_avg: 2.422,
          turbo_decoder_max: 5,
          cqi: 14,
          ri: 2,
          ul_rank: 1,
          initial_ta: 0
        }
      ]
    }
  ],
  time: 2022.525,
  utc: 1744111444.884
}

