{
  message: ready,
  type: ENB,
  name: ENB,
  version: 2023-06-10,
  time: 1928.664,
  utc: 1744840981.242
}
{
  message: ue_get,
  ue_list: [
    {
      ran_ue_id: 2,
      amf_ue_id: 101,
      qos_flow_list: [
        {
          pdu_session_id: 1,
          dl_total_bytes: 7593,
          ul_total_bytes: 7459,
          sst: 1
        },
        {
          pdu_session_id: 2,
          dl_total_bytes: 942339,
          ul_total_bytes: 660280198,
          sst: 1
        }
      ],
      rnti: 17922,
      cells: [
        {
          cell_id: 1,
          dl_bitrate: 20848,
          ul_bitrate: 4261560,
          dl_tx: 26,
          ul_tx: 1036,
          dl_err: 0,
          ul_err: 0,
          dl_retx: 0,
          ul_retx: 10,
          pusch_snr: 12.7,
          epre: -108.2,
          ul_phr: -26,
          ul_path_loss: 110.8,
          p_ue: 23,
          dl_mcs: 18,
          ul_mcs: 4,
          ul_n_layer: 1,
          turbo_decoder_min: 0,
          turbo_decoder_avg: 1.955,
          turbo_decoder_max: 5,
          cqi: 12,
          ri: 2,
          ul_rank: 1,
          initial_ta: 1
        }
      ]
    }
  ],
  time: 1928.666,
  utc: 1744840981.253
}

