{
  message: ready,
  type: ENB,
  name: ENB,
  version: 2023-06-10,
  time: 2685.93,
  utc: 1744103396.331
}
{
  message: ue_get,
  ue_list: [
    {
      ran_ue_id: 31,
      amf_ue_id: 130,
      qos_flow_list: [
        {
          pdu_session_id: 2,
          dl_total_bytes: 0,
          ul_total_bytes: 244,
          sst: 1
        }
      ],
      rnti: 17951,
      cells: [
        {
          cell_id: 1,
          dl_bitrate: 329,
          ul_bitrate: 0,
          dl_tx: 2,
          ul_tx: 0,
          dl_err: 0,
          ul_err: 0,
          dl_retx: 0,
          ul_retx: 0,
          pusch_snr: 3.1,
          epre: -118.4,
          ul_phr: -23,
          ul_path_loss: 112.7,
          p_ue: 8,
          dl_mcs: 4,
          cqi: 7,
          ri: 1,
          ul_rank: 1,
          initial_ta: 1
        }
      ]
    },
    {
      ran_ue_id: 3,
      amf_ue_id: 102,
      qos_flow_list: [
        {
          pdu_session_id: 1,
          dl_total_bytes: 15233,
          ul_total_bytes: 8949,
          sst: 1
        },
        {
          pdu_session_id: 2,
          dl_total_bytes: 9603551,
          ul_total_bytes: 26348124378,
          sst: 1
        }
      ],
      rnti: 17923,
      cells: [
        {
          cell_id: 1,
          dl_bitrate: 139651,
          ul_bitrate: 83773890,
          dl_tx: 91,
          ul_tx: 1493,
          dl_err: 0,
          ul_err: 0,
          dl_retx: 16,
          ul_retx: 16,
          pusch_snr: 9.9,
          epre: -111.3,
          ul_phr: -12,
          ul_path_loss: 98.6,
          p_ue: 23,
          dl_mcs: 13.9,
          ul_mcs: 9,
          ul_n_layer: 1,
          turbo_decoder_min: 1,
          turbo_decoder_avg: 3.696,
          turbo_decoder_max: 5,
          cqi: 10,
          ri: 2,
          ul_rank: 1,
          initial_ta: 1
        }
      ]
    }
  ],
  time: 2685.932,
  utc: 1744103396.341
}

