{
  message: ready,
  type: ENB,
  name: ENB,
  version: 2023-06-10,
  time: 1271.557,
  utc: 1744113565.408
}
{
  message: ue_get,
  ue_list: [
    {
      ran_ue_id: 3,
      amf_ue_id: 102,
      qos_flow_list: [
        {
          pdu_session_id: 1,
          dl_total_bytes: 15049,
          ul_total_bytes: 8747,
          sst: 1
        },
        {
          pdu_session_id: 2,
          dl_total_bytes: 2652057,
          ul_total_bytes: 12028870793,
          sst: 1
        }
      ],
      rnti: 17923,
      cells: [
        {
          cell_id: 1,
          dl_bitrate: 113079,
          ul_bitrate: 90877127,
          dl_tx: 94,
          ul_tx: 1707,
          dl_err: 0,
          ul_err: 0,
          dl_retx: 22,
          ul_retx: 13,
          pusch_snr: 9.7,
          epre: -111.3,
          ul_phr: -17,
          ul_path_loss: 98.7,
          p_ue: 23,
          dl_mcs: 13.2,
          ul_mcs: 8.9,
          ul_n_layer: 1,
          turbo_decoder_min: 2,
          turbo_decoder_avg: 3.72,
          turbo_decoder_max: 5,
          cqi: 10,
          ri: 2,
          ul_rank: 1,
          initial_ta: 1
        }
      ]
    }
  ],
  time: 1271.559,
  utc: 1744113565.418
}

