{
  message: ready,
  type: ENB,
  name: ENB,
  version: 2023-06-10,
  time: 788.875,
  utc: 1743787942.719
}
{
  message: ue_get,
  ue_list: [
    {
      ran_ue_id: 5,
      amf_ue_id: 104,
      qos_flow_list: [
        {
          pdu_session_id: 1,
          dl_total_bytes: 14874,
          ul_total_bytes: 8546,
          sst: 1
        },
        {
          pdu_session_id: 2,
          dl_total_bytes: 1152778,
          ul_total_bytes: 11660569297,
          sst: 1
        }
      ],
      rnti: 17925,
      cells: [
        {
          cell_id: 1,
          dl_bitrate: 156577,
          ul_bitrate: 135070341,
          dl_tx: 104,
          ul_tx: 1053,
          dl_err: 0,
          ul_err: 0,
          dl_retx: 0,
          ul_retx: 9,
          pusch_snr: 27.4,
          epre: -92.9,
          ul_phr: 8,
          ul_path_loss: 68.1,
          p_ue: 11,
          dl_mcs: 28,
          ul_mcs: 24.1,
          ul_n_layer: 1,
          turbo_decoder_min: 1,
          turbo_decoder_avg: 2.488,
          turbo_decoder_max: 5,
          cqi: 15,
          ri: 2,
          ul_rank: 1,
          initial_ta: 1
        }
      ]
    }
  ],
  time: 788.876,
  utc: 1743787942.729
}

