{
  message: ready,
  type: ENB,
  name: ENB,
  version: 2023-06-10,
  time: 138.959,
  utc: 1743796372.763
}
{
  message: ue_get,
  ue_list: [
    {
      ran_ue_id: 4,
      amf_ue_id: 103,
      qos_flow_list: [
        {
          pdu_session_id: 1,
          dl_total_bytes: 14874,
          ul_total_bytes: 8540,
          sst: 1
        },
        {
          pdu_session_id: 2,
          dl_total_bytes: 242466,
          ul_total_bytes: 2350371274,
          sst: 1
        }
      ],
      rnti: 17924,
      cells: [
        {
          cell_id: 1,
          dl_bitrate: 152329,
          ul_bitrate: 264404632,
          dl_tx: 87,
          ul_tx: 1619,
          dl_err: 0,
          ul_err: 0,
          dl_retx: 0,
          ul_retx: 4,
          pusch_snr: 31.3,
          epre: -84.6,
          ul_phr: -1,
          ul_path_loss: 67.6,
          p_ue: 19,
          dl_mcs: 26,
          ul_mcs: 26,
          ul_n_layer: 1,
          turbo_decoder_min: 1,
          turbo_decoder_avg: 1.917,
          turbo_decoder_max: 5,
          cqi: 14,
          ri: 2,
          ul_rank: 1,
          initial_ta: 1
        }
      ]
    }
  ],
  time: 138.961,
  utc: 1743796372.773
}

