{
  message: ready,
  type: ENB,
  name: ENB,
  version: 2023-06-10,
  time: 143.229,
  utc: 1743796377.033
}
{
  message: ue_get,
  ue_list: [
    {
      ran_ue_id: 7,
      amf_ue_id: 106,
      qos_flow_list: [],
      rnti: 17927,
      cells: [
        {
          cell_id: 1,
          dl_bitrate: 1505,
          ul_bitrate: 0,
          dl_tx: 1,
          ul_tx: 0,
          dl_err: 1,
          ul_err: 2,
          dl_retx: 5,
          ul_retx: 14,
          pusch_snr: 25.9,
          epre: -89.5,
          ul_phr: 30,
          ul_path_loss: 64.9,
          p_ue: -9,
          dl_mcs: 21.5,
          ul_mcs: 28,
          ul_n_layer: 1,
          turbo_decoder_min: 5,
          turbo_decoder_avg: 5,
          turbo_decoder_max: 5,
          cqi: 3,
          ri: 1,
          ul_rank: 1,
          initial_ta: 1
        }
      ]
    },
    {
      ran_ue_id: 4,
      amf_ue_id: 103,
      qos_flow_list: [
        {
          pdu_session_id: 1,
          dl_total_bytes: 14874,
          ul_total_bytes: 8540,
          sst: 1
        },
        {
          pdu_session_id: 2,
          dl_total_bytes: 248708,
          ul_total_bytes: 2490218643,
          sst: 1
        }
      ],
      rnti: 17924,
      cells: [
        {
          cell_id: 1,
          dl_bitrate: 167408,
          ul_bitrate: 262784471,
          dl_tx: 93,
          ul_tx: 1608,
          dl_err: 0,
          ul_err: 0,
          dl_retx: 0,
          ul_retx: 1,
          pusch_snr: 31.5,
          epre: -84.8,
          ul_phr: -1,
          ul_path_loss: 68,
          p_ue: 19,
          dl_mcs: 27,
          ul_mcs: 26,
          ul_n_layer: 1,
          turbo_decoder_min: 1,
          turbo_decoder_avg: 1.942,
          turbo_decoder_max: 5,
          cqi: 14,
          ri: 2,
          ul_rank: 1,
          initial_ta: 1
        }
      ]
    }
  ],
  time: 143.231,
  utc: 1743796377.043
}

