{
  message: ready,
  type: ENB,
  name: ENB,
  version: 2023-06-10,
  time: 157.052,
  utc: 1743796390.855
}
{
  message: ue_get,
  ue_list: [
    {
      ran_ue_id: 8,
      amf_ue_id: 107,
      qos_flow_list: [],
      rnti: 17928,
      cells: [
        {
          cell_id: 1,
          dl_bitrate: 32,
          ul_bitrate: 6,
          dl_tx: 6,
          ul_tx: 2,
          dl_err: 0,
          ul_err: 4,
          dl_retx: 7,
          ul_retx: 24,
          pusch_snr: 10.7,
          epre: -106.2,
          ul_phr: -16,
          ul_path_loss: 110.9,
          p_ue: 24,
          dl_mcs: 14.1,
          ul_mcs: 8,
          ul_n_layer: 1,
          turbo_decoder_min: 1,
          turbo_decoder_avg: 4.692,
          turbo_decoder_max: 5,
          cqi: 13,
          ri: 2,
          ul_rank: 1,
          initial_ta: 1
        }
      ]
    },
    {
      ran_ue_id: 4,
      amf_ue_id: 103,
      qos_flow_list: [
        {
          pdu_session_id: 1,
          dl_total_bytes: 14874,
          ul_total_bytes: 8540,
          sst: 1
        },
        {
          pdu_session_id: 2,
          dl_total_bytes: 269455,
          ul_total_bytes: 2941475558,
          sst: 1
        }
      ],
      rnti: 17924,
      cells: [
        {
          cell_id: 1,
          dl_bitrate: 168948,
          ul_bitrate: 261042024,
          dl_tx: 94,
          ul_tx: 1589,
          dl_err: 0,
          ul_err: 0,
          dl_retx: 0,
          ul_retx: 11,
          pusch_snr: 30.1,
          epre: -84.8,
          ul_phr: 0,
          ul_path_loss: 68.3,
          p_ue: 19,
          dl_mcs: 27,
          ul_mcs: 26.3,
          ul_n_layer: 1,
          turbo_decoder_min: 1,
          turbo_decoder_avg: 2.04,
          turbo_decoder_max: 5,
          cqi: 14,
          ri: 2,
          ul_rank: 1,
          initial_ta: 1
        }
      ]
    }
  ],
  time: 157.054,
  utc: 1743796390.866
}

