{
  message: ready,
  type: ENB,
  name: ENB,
  version: 2023-06-10,
  time: 73.955,
  utc: 1744181921.838
}
{
  message: ue_get,
  ue_list: [
    {
      ran_ue_id: 3,
      amf_ue_id: 102,
      qos_flow_list: [
        {
          pdu_session_id: 1,
          dl_total_bytes: 9525,
          ul_total_bytes: 7514,
          sst: 1
        },
        {
          pdu_session_id: 2,
          dl_total_bytes: 137546,
          ul_total_bytes: 125708811,
          sst: 1
        }
      ],
      rnti: 17923,
      cells: [
        {
          cell_id: 1,
          dl_bitrate: 135658,
          ul_bitrate: 178229194,
          dl_tx: 92,
          ul_tx: 1437,
          dl_err: 0,
          ul_err: 0,
          dl_retx: 0,
          ul_retx: 12,
          pusch_snr: 24.1,
          epre: -96.1,
          ul_phr: 11,
          ul_path_loss: 68.2,
          p_ue: 8,
          dl_mcs: 23.2,
          ul_mcs: 21.1,
          ul_n_layer: 1,
          turbo_decoder_min: 1,
          turbo_decoder_avg: 2.142,
          turbo_decoder_max: 5,
          cqi: 15,
          ri: 2,
          ul_rank: 1,
          initial_ta: 1
        }
      ]
    }
  ],
  time: 73.957,
  utc: 1744181921.848
}

