{
  message: ready,
  type: ENB,
  name: ENB,
  version: 2023-06-10,
  time: 82.499,
  utc: 1744181930.382
}
{
  message: ue_get,
  ue_list: [
    {
      ran_ue_id: 3,
      amf_ue_id: 102,
      qos_flow_list: [
        {
          pdu_session_id: 1,
          dl_total_bytes: 9525,
          ul_total_bytes: 7514,
          sst: 1
        },
        {
          pdu_session_id: 2,
          dl_total_bytes: 154513,
          ul_total_bytes: 274679868,
          sst: 1
        }
      ],
      rnti: 17923,
      cells: [
        {
          cell_id: 1,
          dl_bitrate: 96207,
          ul_bitrate: 93288600,
          dl_tx: 56,
          ul_tx: 620,
          dl_err: 0,
          ul_err: 0,
          dl_retx: 1,
          ul_retx: 4,
          pusch_snr: 26.8,
          epre: -93.2,
          ul_phr: 8,
          ul_path_loss: 68.3,
          p_ue: 11,
          dl_mcs: 24.8,
          ul_mcs: 24,
          ul_n_layer: 1,
          turbo_decoder_min: 1,
          turbo_decoder_avg: 2.409,
          turbo_decoder_max: 5,
          cqi: 15,
          ri: 2,
          ul_rank: 1,
          initial_ta: 1
        }
      ]
    }
  ],
  time: 82.501,
  utc: 1744181930.393
}

