{
  message: ready,
  type: ENB,
  name: ENB,
  version: 2023-06-10,
  time: 94.31,
  utc: 1744181942.193
}
{
  message: ue_get,
  ue_list: [
    {
      ran_ue_id: 3,
      amf_ue_id: 102,
      qos_flow_list: [
        {
          pdu_session_id: 1,
          dl_total_bytes: 9525,
          ul_total_bytes: 7514,
          sst: 1
        },
        {
          pdu_session_id: 2,
          dl_total_bytes: 176335,
          ul_total_bytes: 480319386,
          sst: 1
        }
      ],
      rnti: 17923,
      cells: [
        {
          cell_id: 1,
          dl_bitrate: 112103,
          ul_bitrate: 153857187,
          dl_tx: 70,
          ul_tx: 1020,
          dl_err: 0,
          ul_err: 0,
          dl_retx: 0,
          ul_retx: 9,
          pusch_snr: 26.8,
          epre: -93.1,
          ul_phr: 30,
          ul_path_loss: 67.9,
          p_ue: -11,
          dl_mcs: 24,
          ul_mcs: 24.1,
          ul_n_layer: 1,
          turbo_decoder_min: 1,
          turbo_decoder_avg: 2.416,
          turbo_decoder_max: 5,
          cqi: 15,
          ri: 2,
          ul_rank: 1,
          initial_ta: 1
        }
      ]
    }
  ],
  time: 94.313,
  utc: 1744181942.204
}

