{
  message: ready,
  type: ENB,
  name: ENB,
  version: 2023-06-10,
  time: 964.455,
  utc: 1743798198.749
}
{
  message: ue_get,
  ue_list: [
    {
      ran_ue_id: 3,
      amf_ue_id: 102,
      qos_flow_list: [
        {
          pdu_session_id: 1,
          dl_total_bytes: 14966,
          ul_total_bytes: 8647,
          sst: 1
        },
        {
          pdu_session_id: 2,
          dl_total_bytes: 1380991,
          ul_total_bytes: 8009031829,
          sst: 1
        }
      ],
      rnti: 17923,
      cells: [
        {
          cell_id: 1,
          dl_bitrate: 156027,
          ul_bitrate: 72181673,
          dl_tx: 86,
          ul_tx: 1452,
          dl_err: 0,
          ul_err: 0,
          dl_retx: 0,
          ul_retx: 14,
          pusch_snr: 29.3,
          epre: -87.7,
          ul_phr: 5,
          ul_path_loss: 71.2,
          p_ue: 14,
          dl_mcs: 26.3,
          ul_mcs: 26.1,
          ul_n_layer: 1,
          turbo_decoder_min: 1,
          turbo_decoder_avg: 2.567,
          turbo_decoder_max: 5,
          cqi: 15,
          ri: 2,
          ul_rank: 1,
          initial_ta: 2
        }
      ]
    }
  ],
  time: 964.457,
  utc: 1743798198.76
}

