{
  message: ready,
  type: ENB,
  name: ENB,
  version: 2023-06-10,
  time: 662.847,
  utc: 1744051534.024
}
{
  message: ue_get,
  ue_list: [
    {
      ran_ue_id: 5,
      amf_ue_id: 104,
      qos_flow_list: [
        {
          pdu_session_id: 1,
          dl_total_bytes: 9463,
          ul_total_bytes: 7457,
          sst: 1
        },
        {
          pdu_session_id: 2,
          dl_total_bytes: 1106476,
          ul_total_bytes: 6589776338,
          sst: 1
        }
      ],
      rnti: 17925,
      cells: [
        {
          cell_id: 1,
          dl_bitrate: 143932,
          ul_bitrate: 98828503,
          dl_tx: 117,
          ul_tx: 1062,
          dl_err: 0,
          ul_err: 0,
          dl_retx: 4,
          ul_retx: 10,
          pusch_snr: 19.3,
          epre: -101.4,
          ul_phr: -9,
          ul_path_loss: 87.7,
          p_ue: 22,
          dl_mcs: 24,
          ul_mcs: 18.1,
          ul_n_layer: 1,
          turbo_decoder_min: 1,
          turbo_decoder_avg: 2.964,
          turbo_decoder_max: 5,
          cqi: 15,
          ri: 2,
          ul_rank: 1,
          initial_ta: 2
        }
      ]
    }
  ],
  time: 662.849,
  utc: 1744051534.035
}

