{
  message: ready,
  type: ENB,
  name: ENB,
  version: 2023-06-10,
  time: 673.799,
  utc: 1744086896.142
}
{
  message: ue_get,
  ue_list: [
    {
      ran_ue_id: 3,
      amf_ue_id: 102,
      qos_flow_list: [
        {
          pdu_session_id: 1,
          dl_total_bytes: 14865,
          ul_total_bytes: 8545,
          sst: 1
        },
        {
          pdu_session_id: 2,
          dl_total_bytes: 1195938,
          ul_total_bytes: 9944023307,
          sst: 1
        }
      ],
      rnti: 17923,
      cells: [
        {
          cell_id: 1,
          dl_bitrate: 123558,
          ul_bitrate: 136561882,
          dl_tx: 88,
          ul_tx: 1311,
          dl_err: 0,
          ul_err: 0,
          dl_retx: 25,
          ul_retx: 11,
          pusch_snr: 19,
          epre: -101.9,
          ul_phr: -5,
          ul_path_loss: 88.1,
          p_ue: 22,
          dl_mcs: 21.4,
          ul_mcs: 16.9,
          ul_n_layer: 1,
          turbo_decoder_min: 0,
          turbo_decoder_avg: 2.451,
          turbo_decoder_max: 5,
          cqi: 13,
          ri: 2,
          ul_rank: 1,
          initial_ta: 1
        }
      ]
    }
  ],
  time: 673.801,
  utc: 1744086896.153
}

