{
  message: ready,
  type: ENB,
  name: ENB,
  version: 2023-06-10,
  time: 1716.817,
  utc: 1744200834.187
}
{
  message: ue_get,
  ue_list: [
    {
      ran_ue_id: 20,
      amf_ue_id: 119,
      qos_flow_list: [
        {
          pdu_session_id: 2,
          dl_total_bytes: 125902,
          ul_total_bytes: 64376,
          sst: 1
        }
      ],
      rnti: 17940,
      cells: [
        {
          cell_id: 1,
          dl_bitrate: 225013,
          ul_bitrate: 89690,
          dl_tx: 35,
          ul_tx: 165,
          dl_err: 0,
          ul_err: 0,
          dl_retx: 0,
          ul_retx: 1,
          pusch_snr: 4.3,
          epre: -116.8,
          ul_phr: -19,
          ul_path_loss: 102,
          p_ue: 8,
          dl_mcs: 12.4,
          ul_mcs: 4.2,
          ul_n_layer: 1,
          turbo_decoder_min: 1,
          turbo_decoder_avg: 1.602,
          turbo_decoder_max: 5,
          cqi: 10,
          ri: 1,
          ul_rank: 1,
          initial_ta: 1
        }
      ]
    },
    {
      ran_ue_id: 4,
      amf_ue_id: 103,
      qos_flow_list: [
        {
          pdu_session_id: 1,
          dl_total_bytes: 15049,
          ul_total_bytes: 8747,
          sst: 1
        },
        {
          pdu_session_id: 2,
          dl_total_bytes: 4140597,
          ul_total_bytes: 29353296743,
          sst: 1
        }
      ],
      rnti: 17924,
      cells: [
        {
          cell_id: 1,
          dl_bitrate: 124067,
          ul_bitrate: 120649191,
          dl_tx: 92,
          ul_tx: 1611,
          dl_err: 0,
          ul_err: 0,
          dl_retx: 5,
          ul_retx: 0,
          pusch_snr: 18.9,
          epre: -101.3,
          ul_phr: -14,
          ul_path_loss: 87.4,
          p_ue: 22,
          dl_mcs: 21,
          ul_mcs: 13,
          ul_n_layer: 1,
          turbo_decoder_min: 1,
          turbo_decoder_avg: 1.991,
          turbo_decoder_max: 3,
          cqi: 14,
          ri: 2,
          ul_rank: 1,
          initial_ta: 1
        }
      ]
    }
  ],
  time: 1716.818,
  utc: 1744200834.198
}

