{
  message: ready,
  type: ENB,
  name: ENB,
  version: 2023-06-10,
  time: 2822.609,
  utc: 1744050821.116
}
{
  message: ue_get,
  ue_list: [
    {
      ran_ue_id: 3,
      amf_ue_id: 102,
      qos_flow_list: [
        {
          pdu_session_id: 1,
          dl_total_bytes: 15407,
          ul_total_bytes: 9127,
          sst: 1
        },
        {
          pdu_session_id: 2,
          dl_total_bytes: 10518218,
          ul_total_bytes: 40141546604,
          sst: 1
        }
      ],
      rnti: 17923,
      cells: [
        {
          cell_id: 1,
          dl_bitrate: 233170,
          ul_bitrate: 133547332,
          dl_tx: 114,
          ul_tx: 1056,
          dl_err: 0,
          ul_err: 0,
          dl_retx: 0,
          ul_retx: 11,
          pusch_snr: 25.5,
          epre: -94.6,
          ul_phr: -2,
          ul_path_loss: 77.7,
          p_ue: 19,
          dl_mcs: 28,
          ul_mcs: 24,
          ul_n_layer: 1,
          turbo_decoder_min: 1,
          turbo_decoder_avg: 2.721,
          turbo_decoder_max: 5,
          cqi: 15,
          ri: 2,
          ul_rank: 1,
          initial_ta: 1
        }
      ]
    }
  ],
  time: 2822.611,
  utc: 1744050821.126
}

