{
  message: ready,
  type: ENB,
  name: ENB,
  version: 2023-06-10,
  time: 1560.822,
  utc: 1744070016.357
}
{
  message: ue_get,
  ue_list: [
    {
      ran_ue_id: 4,
      amf_ue_id: 103,
      qos_flow_list: [
        {
          pdu_session_id: 1,
          dl_total_bytes: 15121,
          ul_total_bytes: 9548,
          sst: 1
        },
        {
          pdu_session_id: 2,
          dl_total_bytes: 3603714,
          ul_total_bytes: 20561127530,
          sst: 1
        }
      ],
      rnti: 17924,
      cells: [
        {
          cell_id: 1,
          dl_bitrate: 91796,
          ul_bitrate: 87373668,
          dl_tx: 49,
          ul_tx: 546,
          dl_err: 0,
          ul_err: 0,
          dl_retx: 0,
          ul_retx: 2,
          pusch_snr: 28.3,
          epre: -90.4,
          ul_phr: 28,
          ul_path_loss: 66.5,
          p_ue: -9,
          dl_mcs: 22,
          ul_mcs: 25.3,
          ul_n_layer: 1,
          turbo_decoder_min: 1,
          turbo_decoder_avg: 2.199,
          turbo_decoder_max: 5,
          cqi: 14,
          ri: 2,
          ul_rank: 1,
          initial_ta: 1
        }
      ]
    }
  ],
  time: 1560.824,
  utc: 1744070016.367
}

