{
  message: ready,
  type: ENB,
  name: ENB,
  version: 2023-06-10,
  time: 522.228,
  utc: 1744071885.203
}
{
  message: ue_get,
  ue_list: [
    {
      ran_ue_id: 46,
      amf_ue_id: 102,
      qos_flow_list: [
        {
          pdu_session_id: 1,
          dl_total_bytes: 14865,
          ul_total_bytes: 8539,
          sst: 1
        },
        {
          pdu_session_id: 2,
          dl_total_bytes: 327697,
          ul_total_bytes: 1689817897,
          sst: 1
        }
      ],
      rnti: 17966,
      cells: [
        {
          cell_id: 1,
          dl_bitrate: 125831,
          ul_bitrate: 121881515,
          dl_tx: 76,
          ul_tx: 857,
          dl_err: 0,
          ul_err: 0,
          dl_retx: 0,
          ul_retx: 9,
          pusch_snr: 25.4,
          epre: -94.5,
          ul_phr: -3,
          ul_path_loss: 78,
          p_ue: 19,
          dl_mcs: 25,
          ul_mcs: 23.6,
          ul_n_layer: 1,
          turbo_decoder_min: 0,
          turbo_decoder_avg: 2.535,
          turbo_decoder_max: 5,
          cqi: 14,
          ri: 2,
          ul_rank: 1,
          initial_ta: 1
        }
      ]
    }
  ],
  time: 522.23,
  utc: 1744071885.213
}

