{
  message: ready,
  type: ENB,
  name: ENB,
  version: 2023-06-10,
  time: 1191.638,
  utc: 1744214779.457
}
{
  message: ue_get,
  ue_list: [
    {
      ran_ue_id: 3,
      amf_ue_id: 102,
      qos_flow_list: [
        {
          pdu_session_id: 1,
          dl_total_bytes: 14974,
          ul_total_bytes: 8641,
          sst: 1
        },
        {
          pdu_session_id: 2,
          dl_total_bytes: 2372194,
          ul_total_bytes: 11675046974,
          sst: 1
        }
      ],
      rnti: 17923,
      cells: [
        {
          cell_id: 1,
          dl_bitrate: 84914,
          ul_bitrate: 92860342,
          dl_tx: 90,
          ul_tx: 1708,
          dl_err: 0,
          ul_err: 0,
          dl_retx: 6,
          ul_retx: 14,
          pusch_snr: 10.3,
          epre: -110.7,
          ul_phr: -16,
          ul_path_loss: 98.1,
          p_ue: 23,
          dl_mcs: 13.6,
          ul_mcs: 9.1,
          ul_n_layer: 1,
          turbo_decoder_min: 1,
          turbo_decoder_avg: 3.499,
          turbo_decoder_max: 5,
          cqi: 10,
          ri: 2,
          ul_rank: 1,
          initial_ta: 1
        }
      ]
    }
  ],
  time: 1191.639,
  utc: 1744214779.468
}

