{
  message: ready,
  type: ENB,
  name: ENB,
  version: 2023-06-10,
  time: 1756.787,
  utc: 1744108257.157
}
{
  message: ue_get,
  ue_list: [
    {
      ran_ue_id: 54,
      amf_ue_id: 127,
      qos_flow_list: [],
      rnti: 17974,
      cells: [
        {
          cell_id: 1,
          dl_bitrate: 2490,
          ul_bitrate: 0,
          dl_tx: 2,
          ul_tx: 0,
          dl_err: 0,
          ul_err: 0,
          dl_retx: 0,
          ul_retx: 0,
          pusch_snr: 28.1,
          epre: -83.5,
          ul_phr: 5,
          ul_path_loss: 86.1,
          p_ue: 18,
          dl_mcs: 27.5,
          cqi: 15,
          ri: 2,
          ul_rank: 1,
          initial_ta: 1
        }
      ]
    },
    {
      ran_ue_id: 6,
      amf_ue_id: 105,
      qos_flow_list: [
        {
          pdu_session_id: 1,
          dl_total_bytes: 9649,
          ul_total_bytes: 7655,
          sst: 1
        },
        {
          pdu_session_id: 2,
          dl_total_bytes: 4075396,
          ul_total_bytes: 25465158610,
          sst: 1
        }
      ],
      rnti: 17926,
      cells: [
        {
          cell_id: 1,
          dl_bitrate: 85799,
          ul_bitrate: 102352030,
          dl_tx: 57,
          ul_tx: 689,
          dl_err: 0,
          ul_err: 0,
          dl_retx: 1,
          ul_retx: 2,
          pusch_snr: 25.2,
          epre: -94.6,
          ul_phr: 20,
          ul_path_loss: 78.2,
          p_ue: -1,
          dl_mcs: 23,
          ul_mcs: 23.8,
          ul_n_layer: 1,
          turbo_decoder_min: 1,
          turbo_decoder_avg: 2.606,
          turbo_decoder_max: 5,
          cqi: 15,
          ri: 2,
          ul_rank: 1,
          initial_ta: 1
        }
      ]
    }
  ],
  time: 1756.788,
  utc: 1744108257.168
}

