{
  message: ready,
  type: ENB,
  name: ENB,
  version: 2023-06-10,
  time: 443.443,
  utc: 1744182291.326
}
{
  message: ue_get,
  ue_list: [
    {
      ran_ue_id: 11,
      amf_ue_id: 110,
      qos_flow_list: [
        {
          pdu_session_id: 2,
          dl_total_bytes: 9513,
          ul_total_bytes: 3891,
          sst: 1
        }
      ],
      rnti: 17931,
      cells: [
        {
          cell_id: 1,
          dl_bitrate: 3689,
          ul_bitrate: 0,
          dl_tx: 3,
          ul_tx: 0,
          dl_err: 0,
          ul_err: 0,
          dl_retx: 0,
          ul_retx: 0,
          pusch_snr: 23.6,
          epre: -95.2,
          ul_phr: 3,
          ul_path_loss: 83.5,
          p_ue: 5,
          dl_mcs: 22,
          cqi: 14,
          ri: 2,
          ul_rank: 1,
          initial_ta: 0
        }
      ]
    },
    {
      ran_ue_id: 3,
      amf_ue_id: 102,
      qos_flow_list: [
        {
          pdu_session_id: 1,
          dl_total_bytes: 14925,
          ul_total_bytes: 8600,
          sst: 1
        },
        {
          pdu_session_id: 2,
          dl_total_bytes: 783179,
          ul_total_bytes: 7106758401,
          sst: 1
        }
      ],
      rnti: 17923,
      cells: [
        {
          cell_id: 1,
          dl_bitrate: 114720,
          ul_bitrate: 159045670,
          dl_tx: 72,
          ul_tx: 1003,
          dl_err: 0,
          ul_err: 0,
          dl_retx: 2,
          ul_retx: 12,
          pusch_snr: 28.6,
          epre: -90,
          ul_phr: 26,
          ul_path_loss: 69.1,
          p_ue: -7,
          dl_mcs: 24.1,
          ul_mcs: 25.6,
          ul_n_layer: 1,
          turbo_decoder_min: 1,
          turbo_decoder_avg: 2.18,
          turbo_decoder_max: 5,
          cqi: 15,
          ri: 2,
          ul_rank: 1,
          initial_ta: 1
        }
      ]
    }
  ],
  time: 443.446,
  utc: 1744182291.337
}

