{
  message: ready,
  type: ENB,
  name: ENB,
  version: 2023-06-10,
  time: 674.313,
  utc: 1743864897.37
}
{
  message: ue_get,
  ue_list: [
    {
      ran_ue_id: 3,
      amf_ue_id: 102,
      qos_flow_list: [
        {
          pdu_session_id: 1,
          dl_total_bytes: 14866,
          ul_total_bytes: 8546,
          sst: 1
        },
        {
          pdu_session_id: 2,
          dl_total_bytes: 988242,
          ul_total_bytes: 13554680142,
          sst: 1
        }
      ],
      rnti: 17923,
      cells: [
        {
          cell_id: 1,
          dl_bitrate: 174018,
          ul_bitrate: 164761224,
          dl_tx: 97,
          ul_tx: 1279,
          dl_err: 0,
          ul_err: 0,
          dl_retx: 2,
          ul_retx: 15,
          pusch_snr: 22.2,
          epre: -98.4,
          ul_phr: 13,
          ul_path_loss: 68.6,
          p_ue: 6,
          dl_mcs: 24.1,
          ul_mcs: 21.6,
          ul_n_layer: 1,
          turbo_decoder_min: 1,
          turbo_decoder_avg: 3.038,
          turbo_decoder_max: 5,
          cqi: 15,
          ri: 2,
          ul_rank: 1,
          initial_ta: 1
        }
      ]
    }
  ],
  time: 674.315,
  utc: 1743864897.381
}

