{
  message: ready,
  type: ENB,
  name: ENB,
  version: 2023-06-10,
  time: 2079.918,
  utc: 1744105689.599
}
{
  message: ue_get,
  ue_list: [
    {
      ran_ue_id: 3,
      amf_ue_id: 102,
      qos_flow_list: [
        {
          pdu_session_id: 1,
          dl_total_bytes: 15231,
          ul_total_bytes: 8947,
          sst: 1
        },
        {
          pdu_session_id: 2,
          dl_total_bytes: 5777616,
          ul_total_bytes: 29974401570,
          sst: 1
        }
      ],
      rnti: 17923,
      cells: [
        {
          cell_id: 1,
          dl_bitrate: 158671,
          ul_bitrate: 110177574,
          dl_tx: 66,
          ul_tx: 776,
          dl_err: 0,
          ul_err: 0,
          dl_retx: 0,
          ul_retx: 1,
          pusch_snr: 25.8,
          epre: -93.8,
          ul_phr: 30,
          ul_path_loss: 66.9,
          p_ue: -11,
          dl_mcs: 24,
          ul_mcs: 23.6,
          ul_n_layer: 1,
          turbo_decoder_min: 1,
          turbo_decoder_avg: 2.23,
          turbo_decoder_max: 5,
          cqi: 15,
          ri: 2,
          ul_rank: 1,
          initial_ta: 1
        }
      ]
    }
  ],
  time: 2079.92,
  utc: 1744105689.609
}

