{
  message: ready,
  type: ENB,
  name: ENB,
  version: 2023-06-10,
  time: 1152.403,
  utc: 1744110574.753
}
{
  message: ue_get,
  ue_list: [
    {
      ran_ue_id: 5,
      amf_ue_id: 103,
      qos_flow_list: [
        {
          pdu_session_id: 1,
          dl_total_bytes: 15048,
          ul_total_bytes: 8746,
          sst: 1
        },
        {
          pdu_session_id: 2,
          dl_total_bytes: 2286399,
          ul_total_bytes: 17662678034,
          sst: 1
        }
      ],
      rnti: 17925,
      cells: [
        {
          cell_id: 1,
          dl_bitrate: 124495,
          ul_bitrate: 127429102,
          dl_tx: 88,
          ul_tx: 1212,
          dl_err: 0,
          ul_err: 0,
          dl_retx: 55,
          ul_retx: 6,
          pusch_snr: 23.8,
          epre: -95.9,
          ul_phr: -7,
          ul_path_loss: 88.1,
          p_ue: 22,
          dl_mcs: 22.2,
          ul_mcs: 17.4,
          ul_n_layer: 1,
          turbo_decoder_min: 1,
          turbo_decoder_avg: 2.779,
          turbo_decoder_max: 5,
          cqi: 14,
          ri: 2,
          ul_rank: 1,
          initial_ta: 0
        }
      ]
    }
  ],
  time: 1152.404,
  utc: 1744110574.763
}

