{
  message: ready,
  type: ENB,
  name: ENB,
  version: 2023-06-10,
  time: 985.082,
  utc: 1744200102.453
}
{
  message: ue_get,
  ue_list: [
    {
      ran_ue_id: 15,
      amf_ue_id: 114,
      qos_flow_list: [],
      rnti: 17935,
      cells: [
        {
          cell_id: 1,
          dl_bitrate: 0,
          ul_bitrate: 0,
          dl_tx: 0,
          ul_tx: 0,
          dl_err: 0,
          ul_err: 0,
          dl_retx: 0,
          ul_retx: 0,
          pusch_snr: 28.3,
          epre: -85.3,
          ul_phr: 4,
          ul_path_loss: 89.6,
          p_ue: 17,
          cqi: 7,
          ri: 1,
          ul_rank: 1,
          initial_ta: 1
        }
      ]
    },
    {
      ran_ue_id: 4,
      amf_ue_id: 103,
      qos_flow_list: [
        {
          pdu_session_id: 1,
          dl_total_bytes: 15049,
          ul_total_bytes: 8747,
          sst: 1
        },
        {
          pdu_session_id: 2,
          dl_total_bytes: 1733372,
          ul_total_bytes: 17434464747,
          sst: 1
        }
      ],
      rnti: 17924,
      cells: [
        {
          cell_id: 1,
          dl_bitrate: 131614,
          ul_bitrate: 130793855,
          dl_tx: 95,
          ul_tx: 1626,
          dl_err: 0,
          ul_err: 0,
          dl_retx: 5,
          ul_retx: 0,
          pusch_snr: 19.7,
          epre: -100.9,
          ul_phr: -13,
          ul_path_loss: 87.4,
          p_ue: 22,
          dl_mcs: 21,
          ul_mcs: 14,
          ul_n_layer: 1,
          turbo_decoder_min: 1,
          turbo_decoder_avg: 1.995,
          turbo_decoder_max: 3,
          cqi: 14,
          ri: 2,
          ul_rank: 1,
          initial_ta: 1
        }
      ]
    }
  ],
  time: 985.084,
  utc: 1744200102.464
}

