{
  message: ready,
  type: ENB,
  name: ENB,
  version: 2023-06-10,
  time: 2759.366,
  utc: 1744065237.671
}
{
  message: ue_get,
  ue_list: [
    {
      ran_ue_id: 5,
      amf_ue_id: 104,
      qos_flow_list: [
        {
          pdu_session_id: 1,
          dl_total_bytes: 9833,
          ul_total_bytes: 7841,
          sst: 1
        },
        {
          pdu_session_id: 2,
          dl_total_bytes: 9714744,
          ul_total_bytes: 30525909897,
          sst: 1
        }
      ],
      rnti: 17925,
      cells: [
        {
          cell_id: 1,
          dl_bitrate: 188761,
          ul_bitrate: 87244111,
          dl_tx: 114,
          ul_tx: 1072,
          dl_err: 0,
          ul_err: 0,
          dl_retx: 5,
          ul_retx: 0,
          pusch_snr: 19.1,
          epre: -101.4,
          ul_phr: -10,
          ul_path_loss: 88.3,
          p_ue: 22,
          dl_mcs: 22,
          ul_mcs: 16.2,
          ul_n_layer: 1,
          turbo_decoder_min: 1,
          turbo_decoder_avg: 2.116,
          turbo_decoder_max: 4,
          cqi: 14,
          ri: 2,
          ul_rank: 1,
          initial_ta: 1
        }
      ]
    }
  ],
  time: 2759.367,
  utc: 1744065237.681
}

