{
  message: ready,
  type: ENB,
  name: ENB,
  version: 2023-06-10,
  time: 2202.888,
  utc: 1744061811.214
}
{
  message: ue_get,
  ue_list: [
    {
      ran_ue_id: 3,
      amf_ue_id: 102,
      qos_flow_list: [
        {
          pdu_session_id: 1,
          dl_total_bytes: 15217,
          ul_total_bytes: 8943,
          sst: 1
        },
        {
          pdu_session_id: 2,
          dl_total_bytes: 6611715,
          ul_total_bytes: 32447169515,
          sst: 1
        }
      ],
      rnti: 17923,
      cells: [
        {
          cell_id: 1,
          dl_bitrate: 206912,
          ul_bitrate: 113068834,
          dl_tx: 114,
          ul_tx: 1059,
          dl_err: 0,
          ul_err: 0,
          dl_retx: 59,
          ul_retx: 15,
          pusch_snr: 21.9,
          epre: -99,
          ul_phr: 4,
          ul_path_loss: 78.1,
          p_ue: 15,
          dl_mcs: 24,
          ul_mcs: 21.1,
          ul_n_layer: 1,
          turbo_decoder_min: 1,
          turbo_decoder_avg: 3.199,
          turbo_decoder_max: 5,
          cqi: 15,
          ri: 2,
          ul_rank: 1,
          initial_ta: 1
        }
      ]
    }
  ],
  time: 2202.89,
  utc: 1744061811.224
}

