{
  message: ready,
  type: ENB,
  name: ENB,
  version: 2023-06-10,
  time: 1249.038,
  utc: 1744107749.409
}
{
  message: ue_get,
  ue_list: [
    {
      ran_ue_id: 6,
      amf_ue_id: 105,
      qos_flow_list: [
        {
          pdu_session_id: 1,
          dl_total_bytes: 9649,
          ul_total_bytes: 7655,
          sst: 1
        },
        {
          pdu_session_id: 2,
          dl_total_bytes: 2381377,
          ul_total_bytes: 17608360357,
          sst: 1
        }
      ],
      rnti: 17926,
      cells: [
        {
          cell_id: 1,
          dl_bitrate: 155460,
          ul_bitrate: 135106277,
          dl_tx: 95,
          ul_tx: 1347,
          dl_err: 0,
          ul_err: 0,
          dl_retx: 1,
          ul_retx: 1,
          pusch_snr: 26.8,
          epre: -91.5,
          ul_phr: -10,
          ul_path_loss: 77.1,
          p_ue: 22,
          dl_mcs: 23.2,
          ul_mcs: 17.2,
          ul_n_layer: 1,
          turbo_decoder_min: 1,
          turbo_decoder_avg: 1.177,
          turbo_decoder_max: 5,
          cqi: 15,
          ri: 2,
          ul_rank: 1,
          initial_ta: 1
        }
      ]
    }
  ],
  time: 1249.041,
  utc: 1744107749.42
}

