{
  message: ready,
  type: ENB,
  name: ENB,
  version: 2023-06-10,
  time: 969.012,
  utc: 1744104578.692
}
{
  message: ue_get,
  ue_list: [
    {
      ran_ue_id: 42,
      amf_ue_id: 118,
      qos_flow_list: [
        {
          pdu_session_id: 1,
          dl_total_bytes: 184,
          ul_total_bytes: 202,
          sst: 1
        }
      ],
      rnti: 17962,
      cells: [
        {
          cell_id: 1,
          dl_bitrate: 3680,
          ul_bitrate: 0,
          dl_tx: 2,
          ul_tx: 0,
          dl_err: 0,
          ul_err: 0,
          dl_retx: 1,
          ul_retx: 0,
          pusch_snr: 23.5,
          epre: -96.7,
          ul_phr: 7,
          ul_path_loss: 81.4,
          p_ue: 1,
          dl_mcs: 24,
          cqi: 14,
          ri: 2,
          ul_rank: 1,
          initial_ta: 1
        }
      ]
    },
    {
      ran_ue_id: 3,
      amf_ue_id: 102,
      qos_flow_list: [
        {
          pdu_session_id: 1,
          dl_total_bytes: 15047,
          ul_total_bytes: 8745,
          sst: 1
        },
        {
          pdu_session_id: 2,
          dl_total_bytes: 1703032,
          ul_total_bytes: 13361524144,
          sst: 1
        }
      ],
      rnti: 17923,
      cells: [
        {
          cell_id: 1,
          dl_bitrate: 108981,
          ul_bitrate: 145611973,
          dl_tx: 70,
          ul_tx: 1017,
          dl_err: 0,
          ul_err: 0,
          dl_retx: 1,
          ul_retx: 17,
          pusch_snr: 26.6,
          epre: -93.4,
          ul_phr: 8,
          ul_path_loss: 68.7,
          p_ue: 11,
          dl_mcs: 23,
          ul_mcs: 23.1,
          ul_n_layer: 1,
          turbo_decoder_min: 1,
          turbo_decoder_avg: 2.182,
          turbo_decoder_max: 5,
          cqi: 15,
          ri: 2,
          ul_rank: 1,
          initial_ta: 1
        }
      ]
    }
  ],
  time: 969.013,
  utc: 1744104578.703
}

