{
  message: ready,
  type: ENB,
  name: ENB,
  version: 2023-06-10,
  time: 351.614,
  utc: 1744051222.791
}
{
  message: ue_get,
  ue_list: [
    {
      ran_ue_id: 8,
      amf_ue_id: 107,
      qos_flow_list: [
        {
          pdu_session_id: 2,
          dl_total_bytes: 0,
          ul_total_bytes: 244,
          sst: 1
        }
      ],
      rnti: 17928,
      cells: [
        {
          cell_id: 1,
          dl_bitrate: 890,
          ul_bitrate: 0,
          dl_tx: 2,
          ul_tx: 0,
          dl_err: 0,
          ul_err: 0,
          dl_retx: 1,
          ul_retx: 0,
          pusch_snr: 14,
          epre: -109.1,
          ul_phr: -29,
          ul_path_loss: 100.6,
          p_ue: 8,
          dl_mcs: 20,
          cqi: 13,
          ri: 1,
          ul_rank: 1,
          initial_ta: 0
        }
      ]
    },
    {
      ran_ue_id: 5,
      amf_ue_id: 104,
      qos_flow_list: [
        {
          pdu_session_id: 1,
          dl_total_bytes: 9463,
          ul_total_bytes: 7457,
          sst: 1
        },
        {
          pdu_session_id: 2,
          dl_total_bytes: 570120,
          ul_total_bytes: 3191633580,
          sst: 1
        }
      ],
      rnti: 17925,
      cells: [
        {
          cell_id: 1,
          dl_bitrate: 143265,
          ul_bitrate: 98702597,
          dl_tx: 117,
          ul_tx: 1066,
          dl_err: 0,
          ul_err: 0,
          dl_retx: 24,
          ul_retx: 11,
          pusch_snr: 19,
          epre: -101.8,
          ul_phr: -5,
          ul_path_loss: 88,
          p_ue: 22,
          dl_mcs: 24,
          ul_mcs: 18,
          ul_n_layer: 1,
          turbo_decoder_min: 1,
          turbo_decoder_avg: 2.948,
          turbo_decoder_max: 5,
          cqi: 15,
          ri: 2,
          ul_rank: 1,
          initial_ta: 2
        }
      ]
    }
  ],
  time: 351.616,
  utc: 1744051222.802
}

