{
  message: ready,
  type: ENB,
  name: ENB,
  version: 2023-06-10,
  time: 2797.403,
  utc: 1744062405.728
}
{
  message: ue_get,
  ue_list: [
    {
      ran_ue_id: 61,
      amf_ue_id: 146,
      qos_flow_list: [
        {
          pdu_session_id: 1,
          dl_total_bytes: 184,
          ul_total_bytes: 202,
          sst: 1
        },
        {
          pdu_session_id: 2,
          dl_total_bytes: 0,
          ul_total_bytes: 61,
          sst: 1
        }
      ],
      rnti: 17981,
      cells: [
        {
          cell_id: 1,
          dl_bitrate: 6621,
          ul_bitrate: 3828,
          dl_tx: 7,
          ul_tx: 4,
          dl_err: 0,
          ul_err: 0,
          dl_retx: 2,
          ul_retx: 2,
          pusch_snr: 20.7,
          epre: -99,
          ul_phr: -7,
          ul_path_loss: 91.1,
          p_ue: 8,
          dl_mcs: 20.6,
          ul_mcs: 19.5,
          ul_n_layer: 1,
          turbo_decoder_min: 2,
          turbo_decoder_avg: 3.333,
          turbo_decoder_max: 5,
          cqi: 13,
          ri: 2,
          ul_rank: 1,
          initial_ta: 1
        }
      ]
    },
    {
      ran_ue_id: 3,
      amf_ue_id: 102,
      qos_flow_list: [
        {
          pdu_session_id: 1,
          dl_total_bytes: 15401,
          ul_total_bytes: 9145,
          sst: 1
        },
        {
          pdu_session_id: 2,
          dl_total_bytes: 10397151,
          ul_total_bytes: 41443762986,
          sst: 1
        }
      ],
      rnti: 17923,
      cells: [
        {
          cell_id: 1,
          dl_bitrate: 164216,
          ul_bitrate: 128720283,
          dl_tx: 110,
          ul_tx: 1057,
          dl_err: 0,
          ul_err: 0,
          dl_retx: 1,
          ul_retx: 15,
          pusch_snr: 25.3,
          epre: -95.1,
          ul_phr: 0,
          ul_path_loss: 78.3,
          p_ue: 19,
          dl_mcs: 27.9,
          ul_mcs: 23.4,
          ul_n_layer: 1,
          turbo_decoder_min: 1,
          turbo_decoder_avg: 2.721,
          turbo_decoder_max: 5,
          cqi: 15,
          ri: 2,
          ul_rank: 1,
          initial_ta: 1
        }
      ]
    }
  ],
  time: 2797.405,
  utc: 1744062405.739
}

