{
  message: ready,
  type: ENB,
  name: ENB,
  version: 2023-06-10,
  time: 316.555,
  utc: 1744844328.522
}
{
  message: ue_get,
  ue_list: [
    {
      ran_ue_id: 3,
      amf_ue_id: 102,
      qos_flow_list: [
        {
          pdu_session_id: 1,
          dl_total_bytes: 7410,
          ul_total_bytes: 7230,
          sst: 1
        },
        {
          pdu_session_id: 2,
          dl_total_bytes: 218405,
          ul_total_bytes: 2858867735,
          sst: 1
        }
      ],
      rnti: 17923,
      cells: [
        {
          cell_id: 1,
          dl_bitrate: 119501,
          ul_bitrate: 92799420,
          dl_tx: 99,
          ul_tx: 1017,
          dl_err: 0,
          ul_err: 0,
          dl_retx: 1,
          ul_retx: 0,
          pusch_snr: 27.4,
          epre: -90.8,
          ul_phr: -10,
          ul_path_loss: 76.9,
          p_ue: 19,
          dl_mcs: 23.8,
          ul_mcs: 18.4,
          ul_n_layer: 1,
          turbo_decoder_min: 1,
          turbo_decoder_avg: 1.981,
          turbo_decoder_max: 4,
          cqi: 15,
          ri: 2,
          ul_rank: 1,
          initial_ta: 1
        }
      ]
    }
  ],
  time: 316.556,
  utc: 1744844328.533
}

