{
  message: ready,
  type: ENB,
  name: ENB,
  version: 2023-06-10,
  time: 1485.137,
  utc: 1744215072.956
}
{
  message: ue_get,
  ue_list: [
    {
      ran_ue_id: 3,
      amf_ue_id: 102,
      qos_flow_list: [
        {
          pdu_session_id: 1,
          dl_total_bytes: 14974,
          ul_total_bytes: 8641,
          sst: 1
        },
        {
          pdu_session_id: 2,
          dl_total_bytes: 3322183,
          ul_total_bytes: 14865849069,
          sst: 1
        }
      ],
      rnti: 17923,
      cells: [
        {
          cell_id: 1,
          dl_bitrate: 109276,
          ul_bitrate: 92429633,
          dl_tx: 93,
          ul_tx: 1704,
          dl_err: 0,
          ul_err: 0,
          dl_retx: 29,
          ul_retx: 16,
          pusch_snr: 10.2,
          epre: -110.7,
          ul_phr: -12,
          ul_path_loss: 98,
          p_ue: 23,
          dl_mcs: 14.1,
          ul_mcs: 9.1,
          ul_n_layer: 1,
          turbo_decoder_min: 0,
          turbo_decoder_avg: 3.548,
          turbo_decoder_max: 5,
          cqi: 12,
          ri: 2,
          ul_rank: 1,
          initial_ta: 1
        }
      ]
    }
  ],
  time: 1485.138,
  utc: 1744215072.967
}

