{
  message: ready,
  type: ENB,
  name: ENB,
  version: 2023-06-10,
  time: 2304.642,
  utc: 1744105914.323
}
{
  message: ue_get,
  ue_list: [
    {
      ran_ue_id: 3,
      amf_ue_id: 102,
      qos_flow_list: [
        {
          pdu_session_id: 1,
          dl_total_bytes: 15231,
          ul_total_bytes: 8947,
          sst: 1
        },
        {
          pdu_session_id: 2,
          dl_total_bytes: 7237260,
          ul_total_bytes: 33324973644,
          sst: 1
        }
      ],
      rnti: 17923,
      cells: [
        {
          cell_id: 1,
          dl_bitrate: 142921,
          ul_bitrate: 116072483,
          dl_tx: 67,
          ul_tx: 940,
          dl_err: 0,
          ul_err: 0,
          dl_retx: 8,
          ul_retx: 0,
          pusch_snr: 23.5,
          epre: -96.4,
          ul_phr: 11,
          ul_path_loss: 68.7,
          p_ue: 8,
          dl_mcs: 22.8,
          ul_mcs: 21,
          ul_n_layer: 1,
          turbo_decoder_min: 1,
          turbo_decoder_avg: 2.22,
          turbo_decoder_max: 5,
          cqi: 15,
          ri: 2,
          ul_rank: 1,
          initial_ta: 1
        }
      ]
    }
  ],
  time: 2304.644,
  utc: 1744105914.334
}

