{
  message: ready,
  type: ENB,
  name: ENB,
  version: 2023-06-10,
  time: 934.311,
  utc: 1743859084.957
}
{
  message: ue_get,
  ue_list: [
    {
      ran_ue_id: 54,
      amf_ue_id: 129,
      qos_flow_list: [
        {
          pdu_session_id: 2,
          dl_total_bytes: 50980,
          ul_total_bytes: 59716,
          sst: 1
        }
      ],
      rnti: 17974,
      cells: [
        {
          cell_id: 1,
          dl_bitrate: 2666,
          ul_bitrate: 0,
          dl_tx: 2,
          ul_tx: 0,
          dl_err: 0,
          ul_err: 0,
          dl_retx: 0,
          ul_retx: 0,
          pusch_snr: 19.9,
          epre: -100.9,
          ul_phr: 8,
          ul_path_loss: 83.9,
          p_ue: 0,
          dl_mcs: 22,
          cqi: 14,
          ri: 2,
          ul_rank: 1,
          initial_ta: 1
        }
      ]
    },
    {
      ran_ue_id: 6,
      amf_ue_id: 105,
      qos_flow_list: [
        {
          pdu_session_id: 1,
          dl_total_bytes: 12790,
          ul_total_bytes: 8344,
          sst: 1
        },
        {
          pdu_session_id: 2,
          dl_total_bytes: 1323358,
          ul_total_bytes: 23128192208,
          sst: 1
        }
      ],
      rnti: 17926,
      cells: [
        {
          cell_id: 1,
          dl_bitrate: 158636,
          ul_bitrate: 203339761,
          dl_tx: 98,
          ul_tx: 1598,
          dl_err: 0,
          ul_err: 0,
          dl_retx: 0,
          ul_retx: 21,
          pusch_snr: 22.2,
          epre: -98.2,
          ul_phr: 13,
          ul_path_loss: 68.6,
          p_ue: 6,
          dl_mcs: 24.7,
          ul_mcs: 21.3,
          ul_n_layer: 1,
          turbo_decoder_min: 1,
          turbo_decoder_avg: 3.023,
          turbo_decoder_max: 5,
          cqi: 15,
          ri: 2,
          ul_rank: 1,
          initial_ta: 1
        }
      ]
    }
  ],
  time: 934.312,
  utc: 1743859084.968
}

