{
  message: ready,
  type: ENB,
  name: ENB,
  version: 2023-06-10,
  time: 1700.006,
  utc: 1744197956.857
}
{
  message: ue_get,
  ue_list: [
    {
      ran_ue_id: 3,
      amf_ue_id: 102,
      qos_flow_list: [
        {
          pdu_session_id: 1,
          dl_total_bytes: 15050,
          ul_total_bytes: 8748,
          sst: 1
        },
        {
          pdu_session_id: 2,
          dl_total_bytes: 4129043,
          ul_total_bytes: 35065075559,
          sst: 1
        }
      ],
      rnti: 17923,
      cells: [
        {
          cell_id: 1,
          dl_bitrate: 116682,
          ul_bitrate: 165717822,
          dl_tx: 78,
          ul_tx: 1153,
          dl_err: 0,
          ul_err: 0,
          dl_retx: 5,
          ul_retx: 12,
          pusch_snr: 26.2,
          epre: -94.1,
          ul_phr: 0,
          ul_path_loss: 77.9,
          p_ue: 19,
          dl_mcs: 23,
          ul_mcs: 23.6,
          ul_n_layer: 1,
          turbo_decoder_min: 1,
          turbo_decoder_avg: 2.534,
          turbo_decoder_max: 5,
          cqi: 15,
          ri: 2,
          ul_rank: 1,
          initial_ta: 0
        }
      ]
    }
  ],
  time: 1700.008,
  utc: 1744197956.868
}

