{
  message: ready,
  type: ENB,
  name: ENB,
  version: 2023-06-10,
  time: 2356.744,
  utc: 1744105966.425
}
{
  message: ue_get,
  ue_list: [
    {
      ran_ue_id: 3,
      amf_ue_id: 102,
      qos_flow_list: [
        {
          pdu_session_id: 1,
          dl_total_bytes: 15231,
          ul_total_bytes: 8947,
          sst: 1
        },
        {
          pdu_session_id: 2,
          dl_total_bytes: 7548456,
          ul_total_bytes: 34103223173,
          sst: 1
        }
      ],
      rnti: 17923,
      cells: [
        {
          cell_id: 1,
          dl_bitrate: 178495,
          ul_bitrate: 134683016,
          dl_tx: 75,
          ul_tx: 1158,
          dl_err: 0,
          ul_err: 0,
          dl_retx: 2,
          ul_retx: 18,
          pusch_snr: 22.2,
          epre: -98.4,
          ul_phr: 16,
          ul_path_loss: 68.7,
          p_ue: 6,
          dl_mcs: 24.9,
          ul_mcs: 19.6,
          ul_n_layer: 1,
          turbo_decoder_min: 0,
          turbo_decoder_avg: 2.513,
          turbo_decoder_max: 5,
          cqi: 15,
          ri: 2,
          ul_rank: 1,
          initial_ta: 1
        }
      ]
    }
  ],
  time: 2356.746,
  utc: 1744105966.435
}

