{
  message: ready,
  type: ENB,
  name: ENB,
  version: 2023-06-10,
  time: 2821.1,
  utc: 1744053692.277
}
{
  message: ue_get,
  ue_list: [
    {
      ran_ue_id: 5,
      amf_ue_id: 104,
      qos_flow_list: [
        {
          pdu_session_id: 1,
          dl_total_bytes: 10015,
          ul_total_bytes: 8063,
          sst: 1
        },
        {
          pdu_session_id: 2,
          dl_total_bytes: 10342082,
          ul_total_bytes: 31662986329,
          sst: 1
        }
      ],
      rnti: 17925,
      cells: [
        {
          cell_id: 1,
          dl_bitrate: 139843,
          ul_bitrate: 98740454,
          dl_tx: 110,
          ul_tx: 1061,
          dl_err: 0,
          ul_err: 0,
          dl_retx: 0,
          ul_retx: 12,
          pusch_snr: 19.2,
          epre: -101.7,
          ul_phr: -7,
          ul_path_loss: 87.8,
          p_ue: 22,
          dl_mcs: 24.5,
          ul_mcs: 18.1,
          ul_n_layer: 1,
          turbo_decoder_min: 1,
          turbo_decoder_avg: 2.986,
          turbo_decoder_max: 5,
          cqi: 15,
          ri: 2,
          ul_rank: 1,
          initial_ta: 2
        }
      ]
    }
  ],
  time: 2821.102,
  utc: 1744053692.287
}

