{
  message: ready,
  type: ENB,
  name: ENB,
  version: 2023-06-10,
  time: 1396.082,
  utc: 1744058137.378
}
{
  message: ue_get,
  ue_list: [
    {
      ran_ue_id: 51,
      amf_ue_id: 104,
      qos_flow_list: [
        {
          pdu_session_id: 1,
          dl_total_bytes: 15039,
          ul_total_bytes: 8745,
          sst: 1
        },
        {
          pdu_session_id: 2,
          dl_total_bytes: 3089276,
          ul_total_bytes: 20253429111,
          sst: 1
        }
      ],
      rnti: 17971,
      cells: [
        {
          cell_id: 1,
          dl_bitrate: 191799,
          ul_bitrate: 112935405,
          dl_tx: 114,
          ul_tx: 1065,
          dl_err: 0,
          ul_err: 0,
          dl_retx: 0,
          ul_retx: 10,
          pusch_snr: 21.9,
          epre: -98.3,
          ul_phr: 14,
          ul_path_loss: 68.3,
          p_ue: 5,
          dl_mcs: 27.9,
          ul_mcs: 21,
          ul_n_layer: 1,
          turbo_decoder_min: 1,
          turbo_decoder_avg: 3.013,
          turbo_decoder_max: 5,
          cqi: 15,
          ri: 2,
          ul_rank: 1,
          initial_ta: 1
        }
      ]
    }
  ],
  time: 1396.084,
  utc: 1744058137.389
}

