{
  message: ready,
  type: ENB,
  name: ENB,
  version: 2023-06-10,
  time: 1140.491,
  utc: 1744078610.435
}
{
  message: ue_get,
  ue_list: [
    {
      ran_ue_id: 3,
      amf_ue_id: 102,
      qos_flow_list: [
        {
          pdu_session_id: 1,
          dl_total_bytes: 15049,
          ul_total_bytes: 8747,
          sst: 1
        },
        {
          pdu_session_id: 2,
          dl_total_bytes: 2181405,
          ul_total_bytes: 9430286992,
          sst: 1
        }
      ],
      rnti: 17923,
      cells: [
        {
          cell_id: 1,
          dl_bitrate: 87096,
          ul_bitrate: 84582984,
          dl_tx: 93,
          ul_tx: 1550,
          dl_err: 0,
          ul_err: 0,
          dl_retx: 1,
          ul_retx: 16,
          pusch_snr: 9.7,
          epre: -111.2,
          ul_phr: -17,
          ul_path_loss: 98.5,
          p_ue: 23,
          dl_mcs: 11.3,
          ul_mcs: 9.1,
          ul_n_layer: 1,
          turbo_decoder_min: 1,
          turbo_decoder_avg: 3.382,
          turbo_decoder_max: 5,
          cqi: 10,
          ri: 2,
          ul_rank: 1,
          initial_ta: 1
        }
      ]
    }
  ],
  time: 1140.493,
  utc: 1744078610.446
}

