{
  message: ready,
  type: ENB,
  name: ENB,
  version: 2023-06-10,
  time: 165.797,
  utc: 1744100876.198
}
{
  message: ue_get,
  ue_list: [
    {
      ran_ue_id: 3,
      amf_ue_id: 102,
      qos_flow_list: [
        {
          pdu_session_id: 1,
          dl_total_bytes: 14865,
          ul_total_bytes: 8545,
          sst: 1
        },
        {
          pdu_session_id: 2,
          dl_total_bytes: 310930,
          ul_total_bytes: 992488120,
          sst: 1
        }
      ],
      rnti: 17923,
      cells: [
        {
          cell_id: 1,
          dl_bitrate: 90411,
          ul_bitrate: 84243799,
          dl_tx: 93,
          ul_tx: 1554,
          dl_err: 0,
          ul_err: 0,
          dl_retx: 16,
          ul_retx: 8,
          pusch_snr: 10.1,
          epre: -111.2,
          ul_phr: -18,
          ul_path_loss: 98.5,
          p_ue: 23,
          dl_mcs: 13.9,
          ul_mcs: 9,
          ul_n_layer: 1,
          turbo_decoder_min: 0,
          turbo_decoder_avg: 3.637,
          turbo_decoder_max: 5,
          cqi: 9,
          ri: 2,
          ul_rank: 1,
          initial_ta: 1
        }
      ]
    }
  ],
  time: 165.798,
  utc: 1744100876.208
}

