{
  message: ready,
  type: ENB,
  name: ENB,
  version: 2023-06-10,
  time: 2648.15,
  utc: 1744100478.341
}
{
  message: ue_get,
  ue_list: [
    {
      ran_ue_id: 3,
      amf_ue_id: 102,
      qos_flow_list: [
        {
          pdu_session_id: 1,
          dl_total_bytes: 15225,
          ul_total_bytes: 8927,
          sst: 1
        },
        {
          pdu_session_id: 2,
          dl_total_bytes: 9421069,
          ul_total_bytes: 40826718115,
          sst: 1
        }
      ],
      rnti: 17923,
      cells: [
        {
          cell_id: 1,
          dl_bitrate: 150905,
          ul_bitrate: 59891277,
          dl_tx: 95,
          ul_tx: 1557,
          dl_err: 0,
          ul_err: 0,
          dl_retx: 12,
          ul_retx: 0,
          pusch_snr: 19,
          epre: -101.4,
          ul_phr: -21,
          ul_path_loss: 88.5,
          p_ue: 23,
          dl_mcs: 21.3,
          ul_mcs: 6,
          ul_n_layer: 1,
          turbo_decoder_min: 1,
          turbo_decoder_avg: 1.119,
          turbo_decoder_max: 2,
          cqi: 15,
          ri: 2,
          ul_rank: 1,
          initial_ta: 1
        }
      ]
    }
  ],
  time: 2648.152,
  utc: 1744100478.352
}

