{
  message: ready,
  type: ENB,
  name: ENB,
  version: 2023-06-10,
  time: 2024.817,
  utc: 1744094026.169
}
{
  message: ue_get,
  ue_list: [
    {
      ran_ue_id: 3,
      amf_ue_id: 102,
      qos_flow_list: [
        {
          pdu_session_id: 1,
          dl_total_bytes: 15233,
          ul_total_bytes: 8949,
          sst: 1
        },
        {
          pdu_session_id: 2,
          dl_total_bytes: 5361971,
          ul_total_bytes: 26447256351,
          sst: 1
        }
      ],
      rnti: 17923,
      cells: [
        {
          cell_id: 1,
          dl_bitrate: 172614,
          ul_bitrate: 118230280,
          dl_tx: 67,
          ul_tx: 734,
          dl_err: 0,
          ul_err: 0,
          dl_retx: 0,
          ul_retx: 4,
          pusch_snr: 29.7,
          epre: -89.3,
          ul_phr: 4,
          ul_path_loss: 68.6,
          p_ue: 15,
          dl_mcs: 25,
          ul_mcs: 25.9,
          ul_n_layer: 1,
          turbo_decoder_min: 0,
          turbo_decoder_avg: 2.018,
          turbo_decoder_max: 5,
          cqi: 15,
          ri: 2,
          ul_rank: 1,
          initial_ta: 0
        }
      ]
    }
  ],
  time: 2024.819,
  utc: 1744094026.18
}

