{
  message: ready,
  type: ENB,
  name: ENB,
  version: 2023-06-10,
  time: 1701.314,
  utc: 1744096599.496
}
{
  message: ue_get,
  ue_list: [
    {
      ran_ue_id: 3,
      amf_ue_id: 102,
      qos_flow_list: [
        {
          pdu_session_id: 1,
          dl_total_bytes: 15101,
          ul_total_bytes: 8802,
          sst: 1
        },
        {
          pdu_session_id: 2,
          dl_total_bytes: 4032736,
          ul_total_bytes: 22278357327,
          sst: 1
        }
      ],
      rnti: 17923,
      cells: [
        {
          cell_id: 1,
          dl_bitrate: 145095,
          ul_bitrate: 136268153,
          dl_tx: 84,
          ul_tx: 1108,
          dl_err: 0,
          ul_err: 0,
          dl_retx: 1,
          ul_retx: 29,
          pusch_snr: 24.4,
          epre: -96.2,
          ul_phr: 20,
          ul_path_loss: 78.2,
          p_ue: -1,
          dl_mcs: 23.1,
          ul_mcs: 20.6,
          ul_n_layer: 1,
          turbo_decoder_min: 0,
          turbo_decoder_avg: 2.134,
          turbo_decoder_max: 5,
          cqi: 15,
          ri: 2,
          ul_rank: 1,
          initial_ta: 1
        }
      ]
    }
  ],
  time: 1701.316,
  utc: 1744096599.507
}

