{
  message: ready,
  type: ENB,
  name: ENB,
  version: 2023-06-10,
  time: 183.302,
  utc: 1744207980.772
}
{
  message: ue_get,
  ue_list: [
    {
      ran_ue_id: 3,
      amf_ue_id: 102,
      qos_flow_list: [
        {
          pdu_session_id: 1,
          dl_total_bytes: 11530,
          ul_total_bytes: 7656,
          sst: 1
        },
        {
          pdu_session_id: 2,
          dl_total_bytes: 336460,
          ul_total_bytes: 2561993856,
          sst: 1
        }
      ],
      rnti: 17923,
      cells: [
        {
          cell_id: 1,
          dl_bitrate: 143903,
          ul_bitrate: 180748287,
          dl_tx: 93,
          ul_tx: 1453,
          dl_err: 0,
          ul_err: 0,
          dl_retx: 1,
          ul_retx: 10,
          pusch_snr: 23.4,
          epre: -97.1,
          ul_phr: 2,
          ul_path_loss: 78.1,
          p_ue: 17,
          dl_mcs: 23.7,
          ul_mcs: 21.1,
          ul_n_layer: 1,
          turbo_decoder_min: 1,
          turbo_decoder_avg: 2.384,
          turbo_decoder_max: 5,
          cqi: 15,
          ri: 2,
          ul_rank: 1,
          initial_ta: 1
        }
      ]
    }
  ],
  time: 183.303,
  utc: 1744207980.782
}

