{
  message: ready,
  type: ENB,
  name: ENB,
  version: 2023-06-10,
  time: 1405.313,
  utc: 1744072768.288
}
{
  message: ue_get,
  ue_list: [
    {
      ran_ue_id: 46,
      amf_ue_id: 102,
      qos_flow_list: [
        {
          pdu_session_id: 1,
          dl_total_bytes: 15049,
          ul_total_bytes: 8741,
          sst: 1
        },
        {
          pdu_session_id: 2,
          dl_total_bytes: 1957927,
          ul_total_bytes: 14162906725,
          sst: 1
        }
      ],
      rnti: 17986,
      cells: [
        {
          cell_id: 1,
          dl_bitrate: 89678,
          ul_bitrate: 113425386,
          dl_tx: 63,
          ul_tx: 805,
          dl_err: 0,
          ul_err: 0,
          dl_retx: 1,
          ul_retx: 2,
          pusch_snr: 25.3,
          epre: -94.7,
          ul_phr: -1,
          ul_path_loss: 78.4,
          p_ue: 19,
          dl_mcs: 21.5,
          ul_mcs: 22.8,
          ul_n_layer: 1,
          turbo_decoder_min: 1,
          turbo_decoder_avg: 2.296,
          turbo_decoder_max: 5,
          cqi: 14,
          ri: 2,
          ul_rank: 1,
          initial_ta: 1
        }
      ]
    }
  ],
  time: 1405.316,
  utc: 1744072768.299
}

