{
  message: ready,
  type: ENB,
  name: ENB,
  version: 2023-06-10,
  time: 1862.619,
  utc: 1744200979.989
}
{
  message: ue_get,
  ue_list: [
    {
      ran_ue_id: 22,
      amf_ue_id: 121,
      qos_flow_list: [
        {
          pdu_session_id: 1,
          dl_total_bytes: 184,
          ul_total_bytes: 202,
          sst: 1
        }
      ],
      rnti: 17942,
      cells: [
        {
          cell_id: 1,
          dl_bitrate: 903,
          ul_bitrate: 0,
          dl_tx: 2,
          ul_tx: 0,
          dl_err: 0,
          ul_err: 0,
          dl_retx: 0,
          ul_retx: 0,
          pusch_snr: 14,
          epre: -109.2,
          ul_phr: -13,
          ul_path_loss: 106.8,
          p_ue: 8,
          dl_mcs: 15,
          cqi: 10,
          ri: 1,
          ul_rank: 1,
          initial_ta: 1
        }
      ]
    },
    {
      ran_ue_id: 4,
      amf_ue_id: 103,
      qos_flow_list: [
        {
          pdu_session_id: 1,
          dl_total_bytes: 15233,
          ul_total_bytes: 8949,
          sst: 1
        },
        {
          pdu_session_id: 2,
          dl_total_bytes: 4632976,
          ul_total_bytes: 32000418256,
          sst: 1
        }
      ],
      rnti: 17924,
      cells: [
        {
          cell_id: 1,
          dl_bitrate: 148378,
          ul_bitrate: 174074863,
          dl_tx: 91,
          ul_tx: 1554,
          dl_err: 0,
          ul_err: 0,
          dl_retx: 9,
          ul_retx: 17,
          pusch_snr: 19.5,
          epre: -101,
          ul_phr: -3,
          ul_path_loss: 87.4,
          p_ue: 22,
          dl_mcs: 21,
          ul_mcs: 18,
          ul_n_layer: 1,
          turbo_decoder_min: 1,
          turbo_decoder_avg: 2.972,
          turbo_decoder_max: 5,
          cqi: 14,
          ri: 2,
          ul_rank: 1,
          initial_ta: 1
        }
      ]
    }
  ],
  time: 1862.62,
  utc: 1744200980
}

