{
  message: ready,
  type: ENB,
  name: ENB,
  version: 2023-06-10,
  time: 2826.802,
  utc: 1744115120.652
}
{
  message: ue_get,
  ue_list: [
    {
      ran_ue_id: 30,
      amf_ue_id: 129,
      qos_flow_list: [
        {
          pdu_session_id: 2,
          dl_total_bytes: 0,
          ul_total_bytes: 244,
          sst: 1
        }
      ],
      rnti: 17950,
      cells: [
        {
          cell_id: 1,
          dl_bitrate: 320,
          ul_bitrate: 82,
          dl_tx: 2,
          ul_tx: 1,
          dl_err: 0,
          ul_err: 0,
          dl_retx: 0,
          ul_retx: 0,
          pusch_snr: 1.1,
          epre: -120.9,
          ul_phr: -22,
          ul_path_loss: 112.8,
          p_ue: 8,
          dl_mcs: 5,
          ul_mcs: 2,
          ul_n_layer: 1,
          turbo_decoder_min: 2,
          turbo_decoder_avg: 2,
          turbo_decoder_max: 2,
          cqi: 6,
          ri: 1,
          ul_rank: 1,
          initial_ta: 0
        }
      ]
    },
    {
      ran_ue_id: 3,
      amf_ue_id: 102,
      qos_flow_list: [
        {
          pdu_session_id: 1,
          dl_total_bytes: 15417,
          ul_total_bytes: 9151,
          sst: 1
        },
        {
          pdu_session_id: 2,
          dl_total_bytes: 10487231,
          ul_total_bytes: 28099712642,
          sst: 1
        }
      ],
      rnti: 17923,
      cells: [
        {
          cell_id: 1,
          dl_bitrate: 141261,
          ul_bitrate: 91576029,
          dl_tx: 94,
          ul_tx: 1704,
          dl_err: 0,
          ul_err: 0,
          dl_retx: 25,
          ul_retx: 12,
          pusch_snr: 9.2,
          epre: -111.7,
          ul_phr: -13,
          ul_path_loss: 98.8,
          p_ue: 23,
          dl_mcs: 13.1,
          ul_mcs: 9,
          ul_n_layer: 1,
          turbo_decoder_min: 1,
          turbo_decoder_avg: 3.598,
          turbo_decoder_max: 5,
          cqi: 7,
          ri: 2,
          ul_rank: 1,
          initial_ta: 1
        }
      ]
    }
  ],
  time: 2826.804,
  utc: 1744115120.662
}

