{
  message: ready,
  type: ENB,
  name: ENB,
  version: 2023-06-10,
  time: 2437.154,
  utc: 1744111859.504
}
{
  message: ue_get,
  ue_list: [
    {
      ran_ue_id: 5,
      amf_ue_id: 103,
      qos_flow_list: [
        {
          pdu_session_id: 1,
          dl_total_bytes: 15232,
          ul_total_bytes: 8948,
          sst: 1
        },
        {
          pdu_session_id: 2,
          dl_total_bytes: 8164192,
          ul_total_bytes: 38796687144,
          sst: 1
        }
      ],
      rnti: 17925,
      cells: [
        {
          cell_id: 1,
          dl_bitrate: 174844,
          ul_bitrate: 133870993,
          dl_tx: 91,
          ul_tx: 1344,
          dl_err: 0,
          ul_err: 0,
          dl_retx: 48,
          ul_retx: 22,
          pusch_snr: 19.1,
          epre: -101.8,
          ul_phr: -4,
          ul_path_loss: 87.7,
          p_ue: 22,
          dl_mcs: 20.8,
          ul_mcs: 16.9,
          ul_n_layer: 1,
          turbo_decoder_min: 1,
          turbo_decoder_avg: 2.644,
          turbo_decoder_max: 5,
          cqi: 13,
          ri: 2,
          ul_rank: 1,
          initial_ta: 0
        }
      ]
    }
  ],
  time: 2437.156,
  utc: 1744111859.515
}

