{
  message: ready,
  type: ENB,
  name: ENB,
  version: 2023-06-10,
  time: 639.068,
  utc: 1744185336.45
}
{
  message: ue_get,
  ue_list: [
    {
      ran_ue_id: 16,
      amf_ue_id: 115,
      qos_flow_list: [
        {
          pdu_session_id: 2,
          dl_total_bytes: 0,
          ul_total_bytes: 244,
          sst: 1
        }
      ],
      rnti: 17936,
      cells: [
        {
          cell_id: 1,
          dl_bitrate: 1506,
          ul_bitrate: 0,
          dl_tx: 2,
          ul_tx: 0,
          dl_err: 0,
          ul_err: 0,
          dl_retx: 1,
          ul_retx: 0,
          pusch_snr: 16.3,
          epre: -100.9,
          ul_phr: -18,
          ul_path_loss: 93.8,
          p_ue: 8,
          dl_mcs: 13,
          cqi: 10,
          ri: 2,
          ul_rank: 1,
          initial_ta: 1
        }
      ]
    },
    {
      ran_ue_id: 3,
      amf_ue_id: 102,
      qos_flow_list: [
        {
          pdu_session_id: 1,
          dl_total_bytes: 14865,
          ul_total_bytes: 8545,
          sst: 1
        },
        {
          pdu_session_id: 2,
          dl_total_bytes: 1132671,
          ul_total_bytes: 12396474411,
          sst: 1
        }
      ],
      rnti: 17923,
      cells: [
        {
          cell_id: 1,
          dl_bitrate: 139992,
          ul_bitrate: 182845706,
          dl_tx: 92,
          ul_tx: 1461,
          dl_err: 0,
          ul_err: 0,
          dl_retx: 1,
          ul_retx: 0,
          pusch_snr: 24.2,
          epre: -96.5,
          ul_phr: 20,
          ul_path_loss: 77.6,
          p_ue: -1,
          dl_mcs: 23.3,
          ul_mcs: 21.2,
          ul_n_layer: 1,
          turbo_decoder_min: 1,
          turbo_decoder_avg: 2.143,
          turbo_decoder_max: 4,
          cqi: 15,
          ri: 2,
          ul_rank: 1,
          initial_ta: 1
        }
      ]
    }
  ],
  time: 639.069,
  utc: 1744185336.461
}

