{
  message: ready,
  type: ENB,
  name: ENB,
  version: 2023-06-10,
  time: 396.33,
  utc: 1744109818.681
}
{
  message: ue_get,
  ue_list: [
    {
      ran_ue_id: 5,
      amf_ue_id: 103,
      qos_flow_list: [
        {
          pdu_session_id: 1,
          dl_total_bytes: 14864,
          ul_total_bytes: 8544,
          sst: 1
        },
        {
          pdu_session_id: 2,
          dl_total_bytes: 718634,
          ul_total_bytes: 5195806789,
          sst: 1
        }
      ],
      rnti: 17925,
      cells: [
        {
          cell_id: 1,
          dl_bitrate: 125992,
          ul_bitrate: 137699486,
          dl_tx: 90,
          ul_tx: 1339,
          dl_err: 0,
          ul_err: 0,
          dl_retx: 48,
          ul_retx: 4,
          pusch_snr: 19,
          epre: -101.8,
          ul_phr: 9,
          ul_path_loss: 90.2,
          p_ue: 10,
          dl_mcs: 22,
          ul_mcs: 17.1,
          ul_n_layer: 1,
          turbo_decoder_min: 0,
          turbo_decoder_avg: 2.672,
          turbo_decoder_max: 5,
          cqi: 15,
          ri: 2,
          ul_rank: 1,
          initial_ta: 0
        }
      ]
    }
  ],
  time: 396.332,
  utc: 1744109818.691
}

