{
  message: ready,
  type: ENB,
  name: ENB,
  version: 2023-06-10,
  time: 960.557,
  utc: 1743861139.544
}
{
  message: ue_get,
  ue_list: [
    {
      ran_ue_id: 4,
      amf_ue_id: 103,
      qos_flow_list: [
        {
          pdu_session_id: 1,
          dl_total_bytes: 15050,
          ul_total_bytes: 8748,
          sst: 1
        },
        {
          pdu_session_id: 2,
          dl_total_bytes: 1303733,
          ul_total_bytes: 6301224531,
          sst: 1
        }
      ],
      rnti: 17924,
      cells: [
        {
          cell_id: 1,
          dl_bitrate: 161888,
          ul_bitrate: 56530874,
          dl_tx: 81,
          ul_tx: 1234,
          dl_err: 0,
          ul_err: 0,
          dl_retx: 0,
          ul_retx: 13,
          pusch_snr: 26.7,
          epre: -93.1,
          ul_phr: 10,
          ul_path_loss: 71.7,
          p_ue: 9,
          dl_mcs: 25.8,
          ul_mcs: 24.2,
          ul_n_layer: 1,
          turbo_decoder_min: 1,
          turbo_decoder_avg: 2.377,
          turbo_decoder_max: 5,
          cqi: 15,
          ri: 2,
          ul_rank: 1,
          initial_ta: 2
        }
      ]
    }
  ],
  time: 960.559,
  utc: 1743861139.554
}

