{
  message: ready,
  type: ENB,
  name: ENB,
  version: 2023-06-10,
  time: 1432.119,
  utc: 1744188992.261
}
{
  message: ue_get,
  ue_list: [
    {
      ran_ue_id: 4,
      amf_ue_id: 103,
      qos_flow_list: [
        {
          pdu_session_id: 1,
          dl_total_bytes: 15050,
          ul_total_bytes: 8742,
          sst: 1
        },
        {
          pdu_session_id: 2,
          dl_total_bytes: 3217587,
          ul_total_bytes: 28805046729,
          sst: 1
        }
      ],
      rnti: 17924,
      cells: [
        {
          cell_id: 1,
          dl_bitrate: 157390,
          ul_bitrate: 173255799,
          dl_tx: 97,
          ul_tx: 1580,
          dl_err: 0,
          ul_err: 0,
          dl_retx: 31,
          ul_retx: 14,
          pusch_snr: 19.2,
          epre: -101.8,
          ul_phr: -7,
          ul_path_loss: 87.8,
          p_ue: 22,
          dl_mcs: 21.2,
          ul_mcs: 18,
          ul_n_layer: 1,
          turbo_decoder_min: 1,
          turbo_decoder_avg: 3.015,
          turbo_decoder_max: 5,
          cqi: 14,
          ri: 2,
          ul_rank: 1,
          initial_ta: 1
        }
      ]
    }
  ],
  time: 1432.121,
  utc: 1744188992.271
}

