{
  message: ready,
  type: ENB,
  name: ENB,
  version: 2023-06-10,
  time: 2073.75,
  utc: 1744859442.577
}
{
  message: ue_get,
  ue_list: [
    {
      ran_ue_id: 4,
      amf_ue_id: 103,
      qos_flow_list: [
        {
          pdu_session_id: 1,
          dl_total_bytes: 7778,
          ul_total_bytes: 7656,
          sst: 1
        },
        {
          pdu_session_id: 2,
          dl_total_bytes: 3387575,
          ul_total_bytes: 23051528173,
          sst: 1
        }
      ],
      rnti: 17924,
      cells: [
        {
          cell_id: 1,
          dl_bitrate: 97620,
          ul_bitrate: 102168587,
          dl_tx: 70,
          ul_tx: 990,
          dl_err: 0,
          ul_err: 0,
          dl_retx: 1,
          ul_retx: 9,
          pusch_snr: 28,
          epre: -89.2,
          ul_phr: -11,
          ul_path_loss: 77.1,
          p_ue: 19,
          dl_mcs: 22,
          ul_mcs: 18.4,
          ul_n_layer: 1,
          turbo_decoder_min: 1,
          turbo_decoder_avg: 1.884,
          turbo_decoder_max: 5,
          cqi: 14,
          ri: 2,
          ul_rank: 1,
          initial_ta: 1
        }
      ]
    }
  ],
  time: 2073.753,
  utc: 1744859442.588
}

