{
  message: ready,
  type: ENB,
  name: ENB,
  version: 2023-06-10,
  time: 2163.265,
  utc: 1744088385.607
}
{
  message: ue_get,
  ue_list: [
    {
      ran_ue_id: 3,
      amf_ue_id: 102,
      qos_flow_list: [
        {
          pdu_session_id: 1,
          dl_total_bytes: 15233,
          ul_total_bytes: 8949,
          sst: 1
        },
        {
          pdu_session_id: 2,
          dl_total_bytes: 6412612,
          ul_total_bytes: 34317012945,
          sst: 1
        }
      ],
      rnti: 17923,
      cells: [
        {
          cell_id: 1,
          dl_bitrate: 196537,
          ul_bitrate: 135236283,
          dl_tx: 96,
          ul_tx: 1369,
          dl_err: 0,
          ul_err: 0,
          dl_retx: 22,
          ul_retx: 8,
          pusch_snr: 19.1,
          epre: -101.6,
          ul_phr: -5,
          ul_path_loss: 88,
          p_ue: 22,
          dl_mcs: 21.6,
          ul_mcs: 16.6,
          ul_n_layer: 1,
          turbo_decoder_min: 0,
          turbo_decoder_avg: 2.324,
          turbo_decoder_max: 5,
          cqi: 14,
          ri: 2,
          ul_rank: 1,
          initial_ta: 1
        }
      ]
    }
  ],
  time: 2163.267,
  utc: 1744088385.619
}

