{
  message: ready,
  type: ENB,
  name: ENB,
  version: 2023-06-10,
  time: 2166.453,
  utc: 1744088388.795
}
{
  message: ue_get,
  ue_list: [
    {
      ran_ue_id: 3,
      amf_ue_id: 102,
      qos_flow_list: [
        {
          pdu_session_id: 1,
          dl_total_bytes: 15233,
          ul_total_bytes: 8949,
          sst: 1
        },
        {
          pdu_session_id: 2,
          dl_total_bytes: 6436900,
          ul_total_bytes: 34370737575,
          sst: 1
        }
      ],
      rnti: 17923,
      cells: [
        {
          cell_id: 1,
          dl_bitrate: 158844,
          ul_bitrate: 134999582,
          dl_tx: 93,
          ul_tx: 1354,
          dl_err: 0,
          ul_err: 0,
          dl_retx: 35,
          ul_retx: 9,
          pusch_snr: 18.5,
          epre: -102,
          ul_phr: -5,
          ul_path_loss: 88.1,
          p_ue: 22,
          dl_mcs: 21.6,
          ul_mcs: 16.7,
          ul_n_layer: 1,
          turbo_decoder_min: 1,
          turbo_decoder_avg: 2.372,
          turbo_decoder_max: 5,
          cqi: 14,
          ri: 2,
          ul_rank: 1,
          initial_ta: 1
        }
      ]
    }
  ],
  time: 2166.454,
  utc: 1744088388.806
}

