{
  message: ready,
  type: ENB,
  name: ENB,
  version: 2023-06-10,
  time: 2419.572,
  utc: 1744859788.398
}
{
  message: ue_get,
  ue_list: [
    {
      ran_ue_id: 4,
      amf_ue_id: 103,
      qos_flow_list: [
        {
          pdu_session_id: 1,
          dl_total_bytes: 7778,
          ul_total_bytes: 7656,
          sst: 1
        },
        {
          pdu_session_id: 2,
          dl_total_bytes: 5264840,
          ul_total_bytes: 27025947799,
          sst: 1
        }
      ],
      rnti: 17924,
      cells: [
        {
          cell_id: 1,
          dl_bitrate: 152650,
          ul_bitrate: 102973804,
          dl_tx: 63,
          ul_tx: 899,
          dl_err: 0,
          ul_err: 0,
          dl_retx: 2,
          ul_retx: 6,
          pusch_snr: 26.5,
          epre: -93.9,
          ul_phr: -6,
          ul_path_loss: 77.1,
          p_ue: 22,
          dl_mcs: 22.6,
          ul_mcs: 19.9,
          ul_n_layer: 1,
          turbo_decoder_min: 1,
          turbo_decoder_avg: 2.133,
          turbo_decoder_max: 5,
          cqi: 14,
          ri: 2,
          ul_rank: 1,
          initial_ta: 1
        }
      ]
    }
  ],
  time: 2419.574,
  utc: 1744859788.409
}

