{
  message: ready,
  type: ENB,
  name: ENB,
  version: 2023-06-10,
  time: 743.173,
  utc: 1744205681.623
}
{
  message: ue_get,
  ue_list: [
    {
      ran_ue_id: 3,
      amf_ue_id: 102,
      qos_flow_list: [
        {
          pdu_session_id: 1,
          dl_total_bytes: 12810,
          ul_total_bytes: 8338,
          sst: 1
        },
        {
          pdu_session_id: 2,
          dl_total_bytes: 1320661,
          ul_total_bytes: 14384304536,
          sst: 1
        }
      ],
      rnti: 17923,
      cells: [
        {
          cell_id: 1,
          dl_bitrate: 148923,
          ul_bitrate: 180746070,
          dl_tx: 93,
          ul_tx: 1524,
          dl_err: 0,
          ul_err: 0,
          dl_retx: 1,
          ul_retx: 20,
          pusch_snr: 22.1,
          epre: -98.6,
          ul_phr: 14,
          ul_path_loss: 68,
          p_ue: 5,
          dl_mcs: 24.4,
          ul_mcs: 20.1,
          ul_n_layer: 1,
          turbo_decoder_min: 1,
          turbo_decoder_avg: 3.122,
          turbo_decoder_max: 5,
          cqi: 15,
          ri: 2,
          ul_rank: 1,
          initial_ta: 1
        }
      ]
    }
  ],
  time: 743.174,
  utc: 1744205681.634
}

