{
  message: ready,
  type: ENB,
  name: ENB,
  version: 2023-06-10,
  time: 1871.384,
  utc: 1744082251.928
}
{
  message: ue_get,
  ue_list: [
    {
      ran_ue_id: 4,
      amf_ue_id: 103,
      qos_flow_list: [
        {
          pdu_session_id: 1,
          dl_total_bytes: 15225,
          ul_total_bytes: 8943,
          sst: 1
        },
        {
          pdu_session_id: 2,
          dl_total_bytes: 4613645,
          ul_total_bytes: 23650788465,
          sst: 1
        }
      ],
      rnti: 17924,
      cells: [
        {
          cell_id: 1,
          dl_bitrate: 94132,
          ul_bitrate: 73479508,
          dl_tx: 50,
          ul_tx: 587,
          dl_err: 0,
          ul_err: 0,
          dl_retx: 6,
          ul_retx: 2,
          pusch_snr: 24.9,
          epre: -95.5,
          ul_phr: 28,
          ul_path_loss: 67.8,
          p_ue: -9,
          dl_mcs: 23,
          ul_mcs: 21.1,
          ul_n_layer: 1,
          turbo_decoder_min: 1,
          turbo_decoder_avg: 2.066,
          turbo_decoder_max: 5,
          cqi: 15,
          ri: 2,
          ul_rank: 1,
          initial_ta: 1
        }
      ]
    }
  ],
  time: 1871.386,
  utc: 1744082251.938
}

