{
  message: ready,
  type: ENB,
  name: ENB,
  version: 2023-06-10,
  time: 1874.572,
  utc: 1744082255.115
}
{
  message: ue_get,
  ue_list: [
    {
      ran_ue_id: 4,
      amf_ue_id: 103,
      qos_flow_list: [
        {
          pdu_session_id: 1,
          dl_total_bytes: 15225,
          ul_total_bytes: 8943,
          sst: 1
        },
        {
          pdu_session_id: 2,
          dl_total_bytes: 4627661,
          ul_total_bytes: 23693556420,
          sst: 1
        }
      ],
      rnti: 17924,
      cells: [
        {
          cell_id: 1,
          dl_bitrate: 117450,
          ul_bitrate: 113160474,
          dl_tx: 63,
          ul_tx: 843,
          dl_err: 0,
          ul_err: 0,
          dl_retx: 1,
          ul_retx: 3,
          pusch_snr: 26.6,
          epre: -95.1,
          ul_phr: 32,
          ul_path_loss: 68.2,
          p_ue: -13,
          dl_mcs: 23,
          ul_mcs: 21.8,
          ul_n_layer: 1,
          turbo_decoder_min: 0,
          turbo_decoder_avg: 2.152,
          turbo_decoder_max: 5,
          cqi: 15,
          ri: 2,
          ul_rank: 1,
          initial_ta: 1
        }
      ]
    }
  ],
  time: 1874.574,
  utc: 1744082255.126
}

