{
  message: ready,
  type: ENB,
  name: ENB,
  version: 2023-06-10,
  time: 2141.636,
  utc: 1744053012.812
}
{
  message: ue_get,
  ue_list: [
    {
      ran_ue_id: 5,
      amf_ue_id: 104,
      qos_flow_list: [
        {
          pdu_session_id: 1,
          dl_total_bytes: 9831,
          ul_total_bytes: 7861,
          sst: 1
        },
        {
          pdu_session_id: 2,
          dl_total_bytes: 6021764,
          ul_total_bytes: 23897670384,
          sst: 1
        }
      ],
      rnti: 17925,
      cells: [
        {
          cell_id: 1,
          dl_bitrate: 192506,
          ul_bitrate: 97228361,
          dl_tx: 112,
          ul_tx: 1060,
          dl_err: 0,
          ul_err: 0,
          dl_retx: 2,
          ul_retx: 10,
          pusch_snr: 19.3,
          epre: -101.5,
          ul_phr: -14,
          ul_path_loss: 87.9,
          p_ue: 22,
          dl_mcs: 24,
          ul_mcs: 17.8,
          ul_n_layer: 1,
          turbo_decoder_min: 1,
          turbo_decoder_avg: 2.956,
          turbo_decoder_max: 5,
          cqi: 15,
          ri: 2,
          ul_rank: 1,
          initial_ta: 2
        }
      ]
    }
  ],
  time: 2141.637,
  utc: 1744053012.823
}

