{
  message: ready,
  type: ENB,
  name: ENB,
  version: 2023-06-10,
  time: 1781.102,
  utc: 1744834882.321
}
{
  message: ue_get,
  ue_list: [
    {
      ran_ue_id: 3,
      amf_ue_id: 102,
      qos_flow_list: [
        {
          pdu_session_id: 1,
          dl_total_bytes: 7594,
          ul_total_bytes: 7460,
          sst: 1
        },
        {
          pdu_session_id: 2,
          dl_total_bytes: 2217803,
          ul_total_bytes: 11523885536,
          sst: 1
        }
      ],
      rnti: 17923,
      cells: [
        {
          cell_id: 1,
          dl_bitrate: 164093,
          ul_bitrate: 44876137,
          dl_tx: 95,
          ul_tx: 1075,
          dl_err: 0,
          ul_err: 0,
          dl_retx: 0,
          ul_retx: 0,
          pusch_snr: 19.7,
          epre: -100.3,
          ul_phr: -19,
          ul_path_loss: 87.9,
          p_ue: 23,
          dl_mcs: 27.9,
          ul_mcs: 8,
          ul_n_layer: 1,
          turbo_decoder_min: 0,
          turbo_decoder_avg: 1.887,
          turbo_decoder_max: 2,
          cqi: 15,
          ri: 2,
          ul_rank: 1,
          initial_ta: 1
        }
      ]
    }
  ],
  time: 1781.104,
  utc: 1744834882.332
}

