{
  message: ready,
  type: ENB,
  name: ENB,
  version: 2023-06-10,
  time: 1391.141,
  utc: 1744096289.323
}
{
  message: ue_get,
  ue_list: [
    {
      ran_ue_id: 3,
      amf_ue_id: 102,
      qos_flow_list: [
        {
          pdu_session_id: 1,
          dl_total_bytes: 15101,
          ul_total_bytes: 8802,
          sst: 1
        },
        {
          pdu_session_id: 2,
          dl_total_bytes: 3011384,
          ul_total_bytes: 18031730882,
          sst: 1
        }
      ],
      rnti: 17923,
      cells: [
        {
          cell_id: 1,
          dl_bitrate: 112194,
          ul_bitrate: 114654380,
          dl_tx: 70,
          ul_tx: 937,
          dl_err: 0,
          ul_err: 0,
          dl_retx: 1,
          ul_retx: 11,
          pusch_snr: 23.9,
          epre: -96.4,
          ul_phr: 20,
          ul_path_loss: 77.1,
          p_ue: -1,
          dl_mcs: 24.4,
          ul_mcs: 20.8,
          ul_n_layer: 1,
          turbo_decoder_min: 1,
          turbo_decoder_avg: 2.156,
          turbo_decoder_max: 5,
          cqi: 15,
          ri: 2,
          ul_rank: 1,
          initial_ta: 1
        }
      ]
    }
  ],
  time: 1391.143,
  utc: 1744096289.334
}

