{
  message: ready,
  type: ENB,
  name: ENB,
  version: 2023-06-10,
  time: 1493.635,
  utc: 1744186191.018
}
{
  message: ue_get,
  ue_list: [
    {
      ran_ue_id: 3,
      amf_ue_id: 102,
      qos_flow_list: [
        {
          pdu_session_id: 1,
          dl_total_bytes: 15049,
          ul_total_bytes: 8747,
          sst: 1
        },
        {
          pdu_session_id: 2,
          dl_total_bytes: 3416642,
          ul_total_bytes: 31092192933,
          sst: 1
        }
      ],
      rnti: 17923,
      cells: [
        {
          cell_id: 1,
          dl_bitrate: 140613,
          ul_bitrate: 178243877,
          dl_tx: 90,
          ul_tx: 1475,
          dl_err: 0,
          ul_err: 0,
          dl_retx: 0,
          ul_retx: 15,
          pusch_snr: 20.3,
          epre: -100,
          ul_phr: 26,
          ul_path_loss: 79.1,
          p_ue: -4,
          dl_mcs: 23,
          ul_mcs: 19.1,
          ul_n_layer: 1,
          turbo_decoder_min: 1,
          turbo_decoder_avg: 2.935,
          turbo_decoder_max: 5,
          cqi: 15,
          ri: 2,
          ul_rank: 1,
          initial_ta: 1
        }
      ]
    }
  ],
  time: 1493.637,
  utc: 1744186191.028
}

