{
  message: ready,
  type: ENB,
  name: ENB,
  version: 2023-06-10,
  time: 939.538,
  utc: 1744046069.276
}
{
  message: ue_get,
  ue_list: [
    {
      ran_ue_id: 20,
      amf_ue_id: 117,
      qos_flow_list: [
        {
          pdu_session_id: 2,
          dl_total_bytes: 9980,
          ul_total_bytes: 3094,
          sst: 1
        }
      ],
      rnti: 17940,
      cells: [
        {
          cell_id: 1,
          dl_bitrate: 2102,
          ul_bitrate: 0,
          dl_tx: 2,
          ul_tx: 0,
          dl_err: 0,
          ul_err: 0,
          dl_retx: 2,
          ul_retx: 0,
          pusch_snr: 26.9,
          epre: -92.4,
          ul_phr: -14,
          ul_path_loss: 82.7,
          p_ue: 8,
          dl_mcs: 22,
          cqi: 14,
          ri: 2,
          ul_rank: 1,
          initial_ta: 0
        }
      ]
    },
    {
      ran_ue_id: 4,
      amf_ue_id: 103,
      qos_flow_list: [
        {
          pdu_session_id: 1,
          dl_total_bytes: 14856,
          ul_total_bytes: 8522,
          sst: 1
        },
        {
          pdu_session_id: 2,
          dl_total_bytes: 1628597,
          ul_total_bytes: 13619910114,
          sst: 1
        }
      ],
      rnti: 17924,
      cells: [
        {
          cell_id: 1,
          dl_bitrate: 159724,
          ul_bitrate: 122719306,
          dl_tx: 111,
          ul_tx: 1063,
          dl_err: 0,
          ul_err: 0,
          dl_retx: 1,
          ul_retx: 9,
          pusch_snr: 24.2,
          epre: -96.3,
          ul_phr: 11,
          ul_path_loss: 68.4,
          p_ue: 8,
          dl_mcs: 27,
          ul_mcs: 22.4,
          ul_n_layer: 1,
          turbo_decoder_min: 1,
          turbo_decoder_avg: 2.723,
          turbo_decoder_max: 5,
          cqi: 15,
          ri: 2,
          ul_rank: 1,
          initial_ta: 1
        }
      ]
    }
  ],
  time: 939.54,
  utc: 1744046069.287
}

