{
  message: ready,
  type: ENB,
  name: ENB,
  version: 2023-06-10,
  time: 437.989,
  utc: 1743788607.464
}
{
  message: ue_get,
  ue_list: [
    {
      ran_ue_id: 4,
      amf_ue_id: 103,
      qos_flow_list: [
        {
          pdu_session_id: 1,
          dl_total_bytes: 14873,
          ul_total_bytes: 8545,
          sst: 1
        },
        {
          pdu_session_id: 2,
          dl_total_bytes: 662134,
          ul_total_bytes: 6633812311,
          sst: 1
        }
      ],
      rnti: 17924,
      cells: [
        {
          cell_id: 1,
          dl_bitrate: 164274,
          ul_bitrate: 149967331,
          dl_tx: 109,
          ul_tx: 1056,
          dl_err: 0,
          ul_err: 0,
          dl_retx: 0,
          ul_retx: 9,
          pusch_snr: 29.9,
          epre: -87.1,
          ul_phr: 3,
          ul_path_loss: 68.1,
          p_ue: 16,
          dl_mcs: 28,
          ul_mcs: 26.4,
          ul_n_layer: 1,
          turbo_decoder_min: 1,
          turbo_decoder_avg: 2.31,
          turbo_decoder_max: 5,
          cqi: 15,
          ri: 2,
          ul_rank: 1,
          initial_ta: 1
        }
      ]
    }
  ],
  time: 437.991,
  utc: 1743788607.474
}

