{
  message: ready,
  type: ENB,
  name: ENB,
  version: 2023-06-10,
  time: 2639.523,
  utc: 1744094640.875
}
{
  message: ue_get,
  ue_list: [
    {
      ran_ue_id: 3,
      amf_ue_id: 102,
      qos_flow_list: [
        {
          pdu_session_id: 1,
          dl_total_bytes: 15233,
          ul_total_bytes: 8949,
          sst: 1
        },
        {
          pdu_session_id: 2,
          dl_total_bytes: 9241724,
          ul_total_bytes: 34695297812,
          sst: 1
        }
      ],
      rnti: 17923,
      cells: [
        {
          cell_id: 1,
          dl_bitrate: 110896,
          ul_bitrate: 115314436,
          dl_tx: 68,
          ul_tx: 913,
          dl_err: 0,
          ul_err: 0,
          dl_retx: 1,
          ul_retx: 2,
          pusch_snr: 23.8,
          epre: -96.4,
          ul_phr: 14,
          ul_path_loss: 68.2,
          p_ue: 5,
          dl_mcs: 24.1,
          ul_mcs: 21.1,
          ul_n_layer: 1,
          turbo_decoder_min: 1,
          turbo_decoder_avg: 2.614,
          turbo_decoder_max: 5,
          cqi: 15,
          ri: 2,
          ul_rank: 1,
          initial_ta: 0
        }
      ]
    }
  ],
  time: 2639.525,
  utc: 1744094640.886
}

