{
  message: ready,
  type: ENB,
  name: ENB,
  version: 2023-06-10,
  time: 2642.687,
  utc: 1744094644.04
}
{
  message: ue_get,
  ue_list: [
    {
      ran_ue_id: 3,
      amf_ue_id: 102,
      qos_flow_list: [
        {
          pdu_session_id: 1,
          dl_total_bytes: 15233,
          ul_total_bytes: 8949,
          sst: 1
        },
        {
          pdu_session_id: 2,
          dl_total_bytes: 9246070,
          ul_total_bytes: 34739545923,
          sst: 1
        }
      ],
      rnti: 17923,
      cells: [
        {
          cell_id: 1,
          dl_bitrate: 141224,
          ul_bitrate: 150848423,
          dl_tx: 86,
          ul_tx: 1264,
          dl_err: 0,
          ul_err: 0,
          dl_retx: 0,
          ul_retx: 14,
          pusch_snr: 22.1,
          epre: -98.5,
          ul_phr: 12,
          ul_path_loss: 68.5,
          p_ue: 7,
          dl_mcs: 25,
          ul_mcs: 20.5,
          ul_n_layer: 1,
          turbo_decoder_min: 0,
          turbo_decoder_avg: 2.586,
          turbo_decoder_max: 5,
          cqi: 15,
          ri: 2,
          ul_rank: 1,
          initial_ta: 0
        }
      ]
    }
  ],
  time: 2642.689,
  utc: 1744094644.05
}

