{
  message: ready,
  type: ENB,
  name: ENB,
  version: 2023-06-10,
  time: 980.618,
  utc: 1744092981.97
}
{
  message: ue_get,
  ue_list: [
    {
      ran_ue_id: 3,
      amf_ue_id: 102,
      qos_flow_list: [
        {
          pdu_session_id: 1,
          dl_total_bytes: 14957,
          ul_total_bytes: 8646,
          sst: 1
        },
        {
          pdu_session_id: 2,
          dl_total_bytes: 1717910,
          ul_total_bytes: 12579478053,
          sst: 1
        }
      ],
      rnti: 17923,
      cells: [
        {
          cell_id: 1,
          dl_bitrate: 112521,
          ul_bitrate: 112485489,
          dl_tx: 70,
          ul_tx: 961,
          dl_err: 0,
          ul_err: 0,
          dl_retx: 0,
          ul_retx: 0,
          pusch_snr: 25,
          epre: -95.2,
          ul_phr: 12,
          ul_path_loss: 68.7,
          p_ue: 7,
          dl_mcs: 24,
          ul_mcs: 19.6,
          ul_n_layer: 1,
          turbo_decoder_min: 1,
          turbo_decoder_avg: 2.192,
          turbo_decoder_max: 5,
          cqi: 15,
          ri: 2,
          ul_rank: 1,
          initial_ta: 0
        }
      ]
    }
  ],
  time: 980.619,
  utc: 1744092981.98
}

