{
  message: ready,
  type: ENB,
  name: ENB,
  version: 2023-06-10,
  time: 1024.943,
  utc: 1744107525.314
}
{
  message: ue_get,
  ue_list: [
    {
      ran_ue_id: 6,
      amf_ue_id: 105,
      qos_flow_list: [
        {
          pdu_session_id: 1,
          dl_total_bytes: 9649,
          ul_total_bytes: 7655,
          sst: 1
        },
        {
          pdu_session_id: 2,
          dl_total_bytes: 1661130,
          ul_total_bytes: 14187429477,
          sst: 1
        }
      ],
      rnti: 17926,
      cells: [
        {
          cell_id: 1,
          dl_bitrate: 117582,
          ul_bitrate: 141287414,
          dl_tx: 82,
          ul_tx: 1130,
          dl_err: 0,
          ul_err: 0,
          dl_retx: 45,
          ul_retx: 0,
          pusch_snr: 25.6,
          epre: -94.6,
          ul_phr: -6,
          ul_path_loss: 77.8,
          p_ue: 19,
          dl_mcs: 22.4,
          ul_mcs: 21.5,
          ul_n_layer: 1,
          turbo_decoder_min: 1,
          turbo_decoder_avg: 2.043,
          turbo_decoder_max: 4,
          cqi: 15,
          ri: 2,
          ul_rank: 1,
          initial_ta: 1
        }
      ]
    }
  ],
  time: 1024.946,
  utc: 1744107525.325
}

