{
  message: ready,
  type: ENB,
  name: ENB,
  version: 2023-06-10,
  time: 1058.122,
  utc: 1744098888.314
}
{
  message: ue_get,
  ue_list: [
    {
      ran_ue_id: 3,
      amf_ue_id: 102,
      qos_flow_list: [
        {
          pdu_session_id: 1,
          dl_total_bytes: 15041,
          ul_total_bytes: 8725,
          sst: 1
        },
        {
          pdu_session_id: 2,
          dl_total_bytes: 1960412,
          ul_total_bytes: 15228689116,
          sst: 1
        }
      ],
      rnti: 17923,
      cells: [
        {
          cell_id: 1,
          dl_bitrate: 131456,
          ul_bitrate: 135374689,
          dl_tx: 94,
          ul_tx: 1346,
          dl_err: 0,
          ul_err: 0,
          dl_retx: 4,
          ul_retx: 13,
          pusch_snr: 18.7,
          epre: -101.9,
          ul_phr: -4,
          ul_path_loss: 87.9,
          p_ue: 22,
          dl_mcs: 21.1,
          ul_mcs: 17.1,
          ul_n_layer: 1,
          turbo_decoder_min: 1,
          turbo_decoder_avg: 2.415,
          turbo_decoder_max: 5,
          cqi: 14,
          ri: 2,
          ul_rank: 1,
          initial_ta: 1
        }
      ]
    }
  ],
  time: 1058.124,
  utc: 1744098888.324
}

