{
  message: ready,
  type: ENB,
  name: ENB,
  version: 2023-06-10,
  time: 393.886,
  utc: 1744086616.229
}
{
  message: ue_get,
  ue_list: [
    {
      ran_ue_id: 3,
      amf_ue_id: 102,
      qos_flow_list: [
        {
          pdu_session_id: 1,
          dl_total_bytes: 14865,
          ul_total_bytes: 8545,
          sst: 1
        },
        {
          pdu_session_id: 2,
          dl_total_bytes: 706884,
          ul_total_bytes: 5357740114,
          sst: 1
        }
      ],
      rnti: 17923,
      cells: [
        {
          cell_id: 1,
          dl_bitrate: 104230,
          ul_bitrate: 108386707,
          dl_tx: 71,
          ul_tx: 964,
          dl_err: 0,
          ul_err: 0,
          dl_retx: 38,
          ul_retx: 4,
          pusch_snr: 19,
          epre: -101.8,
          ul_phr: 13,
          ul_path_loss: 86.9,
          p_ue: 6,
          dl_mcs: 22.1,
          ul_mcs: 18,
          ul_n_layer: 1,
          turbo_decoder_min: 1,
          turbo_decoder_avg: 2.946,
          turbo_decoder_max: 5,
          cqi: 15,
          ri: 2,
          ul_rank: 1,
          initial_ta: 1
        }
      ]
    }
  ],
  time: 393.888,
  utc: 1744086616.24
}

