{
  message: ready,
  type: ENB,
  name: ENB,
  version: 2023-06-10,
  time: 123.528,
  utc: 1743795355.082
}
{
  message: ue_get,
  ue_list: [
    {
      ran_ue_id: 6,
      amf_ue_id: 105,
      qos_flow_list: [
        {
          pdu_session_id: 1,
          dl_total_bytes: 9514,
          ul_total_bytes: 7452,
          sst: 1
        },
        {
          pdu_session_id: 2,
          dl_total_bytes: 20463,
          ul_total_bytes: 11654,
          sst: 1
        }
      ],
      rnti: 17926,
      cells: [
        {
          cell_id: 1,
          dl_bitrate: 2684,
          ul_bitrate: 0,
          dl_tx: 2,
          ul_tx: 0,
          dl_err: 0,
          ul_err: 0,
          dl_retx: 0,
          ul_retx: 0,
          pusch_snr: 25.9,
          epre: -93.2,
          ul_phr: 10,
          ul_path_loss: 75,
          p_ue: -2,
          dl_mcs: 22,
          cqi: 14,
          ri: 2,
          ul_rank: 1,
          initial_ta: 0
        }
      ]
    },
    {
      ran_ue_id: 3,
      amf_ue_id: 102,
      qos_flow_list: [
        {
          pdu_session_id: 1,
          dl_total_bytes: 14874,
          ul_total_bytes: 8546,
          sst: 1
        },
        {
          pdu_session_id: 2,
          dl_total_bytes: 210362,
          ul_total_bytes: 1655409797,
          sst: 1
        }
      ],
      rnti: 17923,
      cells: [
        {
          cell_id: 1,
          dl_bitrate: 150253,
          ul_bitrate: 224020176,
          dl_tx: 88,
          ul_tx: 1546,
          dl_err: 0,
          ul_err: 0,
          dl_retx: 0,
          ul_retx: 18,
          pusch_snr: 25.7,
          epre: -94.5,
          ul_phr: 9,
          ul_path_loss: 68.6,
          p_ue: 10,
          dl_mcs: 25.2,
          ul_mcs: 23.4,
          ul_n_layer: 1,
          turbo_decoder_min: 1,
          turbo_decoder_avg: 2.506,
          turbo_decoder_max: 5,
          cqi: 14,
          ri: 2,
          ul_rank: 1,
          initial_ta: 1
        }
      ]
    }
  ],
  time: 123.529,
  utc: 1743795355.092
}

