{
  message: ready,
  type: ENB,
  name: ENB,
  version: 2023-06-10,
  time: 1760.131,
  utc: 1744093761.483
}
{
  message: ue_get,
  ue_list: [
    {
      ran_ue_id: 34,
      amf_ue_id: 133,
      qos_flow_list: [
        {
          pdu_session_id: 1,
          dl_total_bytes: 0,
          ul_total_bytes: 0,
          sst: 1
        }
      ],
      rnti: 17954,
      cells: [
        {
          cell_id: 1,
          dl_bitrate: 3285,
          ul_bitrate: 0,
          dl_tx: 2,
          ul_tx: 0,
          dl_err: 0,
          ul_err: 0,
          dl_retx: 1,
          ul_retx: 0,
          pusch_snr: 23.6,
          epre: -96.3,
          ul_phr: 24,
          ul_path_loss: 73.4,
          p_ue: -6,
          dl_mcs: 25.5,
          cqi: 15,
          ri: 2,
          ul_rank: 1,
          initial_ta: 1
        }
      ]
    },
    {
      ran_ue_id: 3,
      amf_ue_id: 102,
      qos_flow_list: [
        {
          pdu_session_id: 1,
          dl_total_bytes: 15049,
          ul_total_bytes: 8747,
          sst: 1
        },
        {
          pdu_session_id: 2,
          dl_total_bytes: 4256226,
          ul_total_bytes: 22774273348,
          sst: 1
        }
      ],
      rnti: 17923,
      cells: [
        {
          cell_id: 1,
          dl_bitrate: 99598,
          ul_bitrate: 109715980,
          dl_tx: 63,
          ul_tx: 880,
          dl_err: 0,
          ul_err: 0,
          dl_retx: 0,
          ul_retx: 6,
          pusch_snr: 21.1,
          epre: -99.7,
          ul_phr: 32,
          ul_path_loss: 69.7,
          p_ue: -13,
          dl_mcs: 23,
          ul_mcs: 20.5,
          ul_n_layer: 1,
          turbo_decoder_min: 1,
          turbo_decoder_avg: 3.323,
          turbo_decoder_max: 5,
          cqi: 15,
          ri: 2,
          ul_rank: 1,
          initial_ta: 0
        }
      ]
    }
  ],
  time: 1760.133,
  utc: 1744093761.494
}

