{
  message: ready,
  type: ENB,
  name: ENB,
  version: 2023-06-10,
  time: 765.063,
  utc: 1744110187.413
}
{
  message: ue_get,
  ue_list: [
    {
      ran_ue_id: 5,
      amf_ue_id: 103,
      qos_flow_list: [
        {
          pdu_session_id: 1,
          dl_total_bytes: 14864,
          ul_total_bytes: 8544,
          sst: 1
        },
        {
          pdu_session_id: 2,
          dl_total_bytes: 1363314,
          ul_total_bytes: 11312196779,
          sst: 1
        }
      ],
      rnti: 17925,
      cells: [
        {
          cell_id: 1,
          dl_bitrate: 124432,
          ul_bitrate: 134897895,
          dl_tx: 94,
          ul_tx: 1361,
          dl_err: 0,
          ul_err: 0,
          dl_retx: 41,
          ul_retx: 0,
          pusch_snr: 19,
          epre: -101.8,
          ul_phr: -10,
          ul_path_loss: 88.1,
          p_ue: 22,
          dl_mcs: 21.2,
          ul_mcs: 17,
          ul_n_layer: 1,
          turbo_decoder_min: 1,
          turbo_decoder_avg: 2.607,
          turbo_decoder_max: 5,
          cqi: 14,
          ri: 2,
          ul_rank: 1,
          initial_ta: 0
        }
      ]
    }
  ],
  time: 765.064,
  utc: 1744110187.424
}

