{
  message: ready,
  type: ENB,
  name: ENB,
  version: 2023-06-10,
  time: 2237.638,
  utc: 1744111659.988
}
{
  message: ue_get,
  ue_list: [
    {
      ran_ue_id: 5,
      amf_ue_id: 103,
      qos_flow_list: [
        {
          pdu_session_id: 1,
          dl_total_bytes: 15232,
          ul_total_bytes: 8948,
          sst: 1
        },
        {
          pdu_session_id: 2,
          dl_total_bytes: 6856123,
          ul_total_bytes: 35504391190,
          sst: 1
        }
      ],
      rnti: 17925,
      cells: [
        {
          cell_id: 1,
          dl_bitrate: 107280,
          ul_bitrate: 121295142,
          dl_tx: 81,
          ul_tx: 1144,
          dl_err: 0,
          ul_err: 0,
          dl_retx: 33,
          ul_retx: 10,
          pusch_snr: 22.6,
          epre: -98.2,
          ul_phr: -9,
          ul_path_loss: 88.1,
          p_ue: 22,
          dl_mcs: 21.4,
          ul_mcs: 18.2,
          ul_n_layer: 1,
          turbo_decoder_min: 1,
          turbo_decoder_avg: 3.035,
          turbo_decoder_max: 5,
          cqi: 15,
          ri: 2,
          ul_rank: 1,
          initial_ta: 0
        }
      ]
    }
  ],
  time: 2237.64,
  utc: 1744111659.999
}

