{
  message: ready,
  type: ENB,
  name: ENB,
  version: 2023-06-10,
  time: 2692.762,
  utc: 1744071148.296
}
{
  message: ue_get,
  ue_list: [
    {
      ran_ue_id: 80,
      amf_ue_id: 147,
      qos_flow_list: [
        {
          pdu_session_id: 2,
          dl_total_bytes: 595,
          ul_total_bytes: 1036,
          sst: 1
        }
      ],
      rnti: 18000,
      cells: [
        {
          cell_id: 1,
          dl_bitrate: 7,
          ul_bitrate: 7,
          dl_tx: 12,
          ul_tx: 13,
          dl_err: 0,
          ul_err: 0,
          dl_retx: 2,
          ul_retx: 1,
          pusch_snr: 23.8,
          epre: -97.8,
          ul_phr: 7,
          ul_path_loss: 96.2,
          p_ue: 1,
          dl_mcs: 18,
          ul_mcs: 19.9,
          ul_n_layer: 1,
          turbo_decoder_min: 1,
          turbo_decoder_avg: 1.929,
          turbo_decoder_max: 5,
          cqi: 14,
          ri: 2,
          ul_rank: 1,
          initial_ta: 1
        }
      ]
    },
    {
      ran_ue_id: 4,
      amf_ue_id: 103,
      qos_flow_list: [
        {
          pdu_session_id: 1,
          dl_total_bytes: 15305,
          ul_total_bytes: 9750,
          sst: 1
        },
        {
          pdu_session_id: 2,
          dl_total_bytes: 9622422,
          ul_total_bytes: 36243426267,
          sst: 1
        }
      ],
      rnti: 17924,
      cells: [
        {
          cell_id: 1,
          dl_bitrate: 82462,
          ul_bitrate: 96695143,
          dl_tx: 54,
          ul_tx: 625,
          dl_err: 0,
          ul_err: 0,
          dl_retx: 0,
          ul_retx: 14,
          pusch_snr: 27.9,
          epre: -91.9,
          ul_phr: 24,
          ul_path_loss: 68.5,
          p_ue: -5,
          dl_mcs: 23,
          ul_mcs: 24.7,
          ul_n_layer: 1,
          turbo_decoder_min: 1,
          turbo_decoder_avg: 2.181,
          turbo_decoder_max: 5,
          cqi: 14,
          ri: 2,
          ul_rank: 1,
          initial_ta: 1
        }
      ]
    }
  ],
  time: 2692.763,
  utc: 1744071148.307
}

