{
  message: ready,
  type: ENB,
  name: ENB,
  version: 2023-06-10,
  time: 1699.218,
  utc: 1744046828.955
}
{
  message: ue_get,
  ue_list: [
    {
      ran_ue_id: 4,
      amf_ue_id: 103,
      qos_flow_list: [
        {
          pdu_session_id: 1,
          dl_total_bytes: 15040,
          ul_total_bytes: 8724,
          sst: 1
        },
        {
          pdu_session_id: 2,
          dl_total_bytes: 4068110,
          ul_total_bytes: 24899276910,
          sst: 1
        }
      ],
      rnti: 17924,
      cells: [
        {
          cell_id: 1,
          dl_bitrate: 187593,
          ul_bitrate: 135395384,
          dl_tx: 112,
          ul_tx: 990,
          dl_err: 0,
          ul_err: 0,
          dl_retx: 0,
          ul_retx: 2,
          pusch_snr: 30.4,
          epre: -85.7,
          ul_phr: 0,
          ul_path_loss: 68.6,
          p_ue: 19,
          dl_mcs: 27.7,
          ul_mcs: 26.6,
          ul_n_layer: 1,
          turbo_decoder_min: 1,
          turbo_decoder_avg: 1.899,
          turbo_decoder_max: 5,
          cqi: 15,
          ri: 2,
          ul_rank: 1,
          initial_ta: 1
        }
      ]
    }
  ],
  time: 1699.219,
  utc: 1744046828.966
}

