{
  message: ready,
  type: ENB,
  name: ENB,
  version: 2023-06-10,
  time: 836.369,
  utc: 1744194216.72
}
{
  message: ue_get,
  ue_list: [
    {
      ran_ue_id: 4,
      amf_ue_id: 103,
      qos_flow_list: [
        {
          pdu_session_id: 1,
          dl_total_bytes: 15708,
          ul_total_bytes: 8645,
          sst: 1
        },
        {
          pdu_session_id: 2,
          dl_total_bytes: 1487164,
          ul_total_bytes: 15419034935,
          sst: 1
        }
      ],
      rnti: 17924,
      cells: [
        {
          cell_id: 1,
          dl_bitrate: 108104,
          ul_bitrate: 132246639,
          dl_tx: 68,
          ul_tx: 966,
          dl_err: 0,
          ul_err: 0,
          dl_retx: 0,
          ul_retx: 10,
          pusch_snr: 26.4,
          epre: -93.4,
          ul_phr: 26,
          ul_path_loss: 70.2,
          p_ue: -7,
          dl_mcs: 24,
          ul_mcs: 22.9,
          ul_n_layer: 1,
          turbo_decoder_min: 1,
          turbo_decoder_avg: 2.218,
          turbo_decoder_max: 5,
          cqi: 15,
          ri: 2,
          ul_rank: 1,
          initial_ta: 0
        }
      ]
    }
  ],
  time: 836.37,
  utc: 1744194216.731
}

