{
  message: ready,
  type: ENB,
  name: ENB,
  version: 2023-06-10,
  time: 2190.463,
  utc: 1744859559.29
}
{
  message: ue_get,
  ue_list: [
    {
      ran_ue_id: 4,
      amf_ue_id: 103,
      qos_flow_list: [
        {
          pdu_session_id: 1,
          dl_total_bytes: 7778,
          ul_total_bytes: 7656,
          sst: 1
        },
        {
          pdu_session_id: 2,
          dl_total_bytes: 4049137,
          ul_total_bytes: 24393356920,
          sst: 1
        }
      ],
      rnti: 17924,
      cells: [
        {
          cell_id: 1,
          dl_bitrate: 94359,
          ul_bitrate: 103347243,
          dl_tx: 67,
          ul_tx: 939,
          dl_err: 0,
          ul_err: 0,
          dl_retx: 0,
          ul_retx: 3,
          pusch_snr: 26,
          epre: -90.2,
          ul_phr: -9,
          ul_path_loss: 76.9,
          p_ue: 19,
          dl_mcs: 22,
          ul_mcs: 19.8,
          ul_n_layer: 1,
          turbo_decoder_min: 1,
          turbo_decoder_avg: 2.128,
          turbo_decoder_max: 5,
          cqi: 14,
          ri: 2,
          ul_rank: 1,
          initial_ta: 1
        }
      ]
    }
  ],
  time: 2190.466,
  utc: 1744859559.301
}

