{
  message: ready,
  type: ENB,
  name: ENB,
  version: 2023-06-10,
  time: 1037.672,
  utc: 1744049036.179
}
{
  message: ue_get,
  ue_list: [
    {
      ran_ue_id: 3,
      amf_ue_id: 102,
      qos_flow_list: [
        {
          pdu_session_id: 1,
          dl_total_bytes: 15039,
          ul_total_bytes: 8723,
          sst: 1
        },
        {
          pdu_session_id: 2,
          dl_total_bytes: 1859434,
          ul_total_bytes: 13969814667,
          sst: 1
        }
      ],
      rnti: 17923,
      cells: [
        {
          cell_id: 1,
          dl_bitrate: 145238,
          ul_bitrate: 118456186,
          dl_tx: 112,
          ul_tx: 1060,
          dl_err: 0,
          ul_err: 0,
          dl_retx: 5,
          ul_retx: 12,
          pusch_snr: 23.2,
          epre: -97.1,
          ul_phr: 2,
          ul_path_loss: 78.3,
          p_ue: 17,
          dl_mcs: 24,
          ul_mcs: 21.8,
          ul_n_layer: 1,
          turbo_decoder_min: 1,
          turbo_decoder_avg: 2.759,
          turbo_decoder_max: 5,
          cqi: 15,
          ri: 2,
          ul_rank: 1,
          initial_ta: 1
        }
      ]
    }
  ],
  time: 1037.674,
  utc: 1744049036.19
}

