{
  message: ready,
  type: ENB,
  name: ENB,
  version: 2023-06-10,
  time: 2553.005,
  utc: 1744198809.856
}
{
  message: ue_get,
  ue_list: [
    {
      ran_ue_id: 3,
      amf_ue_id: 102,
      qos_flow_list: [
        {
          pdu_session_id: 1,
          dl_total_bytes: 15234,
          ul_total_bytes: 8950,
          sst: 1
        },
        {
          pdu_session_id: 2,
          dl_total_bytes: 8952850,
          ul_total_bytes: 52755164152,
          sst: 1
        }
      ],
      rnti: 17923,
      cells: [
        {
          cell_id: 1,
          dl_bitrate: 194014,
          ul_bitrate: 180932096,
          dl_tx: 96,
          ul_tx: 1563,
          dl_err: 0,
          ul_err: 0,
          dl_retx: 1,
          ul_retx: 14,
          pusch_snr: 21.4,
          epre: -99.1,
          ul_phr: 5,
          ul_path_loss: 77.3,
          p_ue: 14,
          dl_mcs: 23,
          ul_mcs: 19.1,
          ul_n_layer: 1,
          turbo_decoder_min: 1,
          turbo_decoder_avg: 2.906,
          turbo_decoder_max: 5,
          cqi: 15,
          ri: 2,
          ul_rank: 1,
          initial_ta: 0
        }
      ]
    }
  ],
  time: 2553.007,
  utc: 1744198809.867
}

