{
  message: ready,
  type: ENB,
  name: ENB,
  version: 2023-06-10,
  time: 2233.757,
  utc: 1744114527.607
}
{
  message: ue_get,
  ue_list: [
    {
      ran_ue_id: 26,
      amf_ue_id: 125,
      qos_flow_list: [
        {
          pdu_session_id: 2,
          dl_total_bytes: 40,
          ul_total_bytes: 381,
          sst: 1
        }
      ],
      rnti: 17946,
      cells: [
        {
          cell_id: 1,
          dl_bitrate: 379,
          ul_bitrate: 0,
          dl_tx: 2,
          ul_tx: 0,
          dl_err: 0,
          ul_err: 0,
          dl_retx: 2,
          ul_retx: 0,
          pusch_snr: 2.1,
          epre: -118.8,
          ul_phr: -25,
          ul_path_loss: 111.3,
          p_ue: 8,
          dl_mcs: 6,
          cqi: 7,
          ri: 1,
          ul_rank: 1,
          initial_ta: 0
        }
      ]
    },
    {
      ran_ue_id: 3,
      amf_ue_id: 102,
      qos_flow_list: [
        {
          pdu_session_id: 1,
          dl_total_bytes: 15233,
          ul_total_bytes: 8949,
          sst: 1
        },
        {
          pdu_session_id: 2,
          dl_total_bytes: 6746843,
          ul_total_bytes: 22181371986,
          sst: 1
        }
      ],
      rnti: 17923,
      cells: [
        {
          cell_id: 1,
          dl_bitrate: 138892,
          ul_bitrate: 87382944,
          dl_tx: 97,
          ul_tx: 1708,
          dl_err: 0,
          ul_err: 0,
          dl_retx: 20,
          ul_retx: 14,
          pusch_snr: 9.8,
          epre: -111.6,
          ul_phr: -13,
          ul_path_loss: 98.8,
          p_ue: 23,
          dl_mcs: 13.1,
          ul_mcs: 8.5,
          ul_n_layer: 1,
          turbo_decoder_min: 1,
          turbo_decoder_avg: 3.574,
          turbo_decoder_max: 5,
          cqi: 12,
          ri: 2,
          ul_rank: 1,
          initial_ta: 1
        }
      ]
    }
  ],
  time: 2233.758,
  utc: 1744114527.617
}

