{
  message: ready,
  type: ENB,
  name: ENB,
  version: 2023-06-10,
  time: 1009.196,
  utc: 1744081389.74
}
{
  message: ue_get,
  ue_list: [
    {
      ran_ue_id: 4,
      amf_ue_id: 103,
      qos_flow_list: [
        {
          pdu_session_id: 1,
          dl_total_bytes: 15041,
          ul_total_bytes: 8741,
          sst: 1
        },
        {
          pdu_session_id: 2,
          dl_total_bytes: 1778888,
          ul_total_bytes: 12417930345,
          sst: 1
        }
      ],
      rnti: 17924,
      cells: [
        {
          cell_id: 1,
          dl_bitrate: 76011,
          ul_bitrate: 84276310,
          dl_tx: 46,
          ul_tx: 600,
          dl_err: 0,
          ul_err: 0,
          dl_retx: 11,
          ul_retx: 0,
          pusch_snr: 25.9,
          epre: -94.4,
          ul_phr: 30,
          ul_path_loss: 68.7,
          p_ue: -11,
          dl_mcs: 23.2,
          ul_mcs: 22.6,
          ul_n_layer: 1,
          turbo_decoder_min: 1,
          turbo_decoder_avg: 2.134,
          turbo_decoder_max: 4,
          cqi: 15,
          ri: 2,
          ul_rank: 1,
          initial_ta: 1
        }
      ]
    }
  ],
  time: 1009.198,
  utc: 1744081389.75
}

