{
  message: ready,
  type: ENB,
  name: ENB,
  version: 2023-06-10,
  time: 1587.693,
  utc: 1744206526.143
}
{
  message: ue_get,
  ue_list: [
    {
      ran_ue_id: 3,
      amf_ue_id: 102,
      qos_flow_list: [
        {
          pdu_session_id: 1,
          dl_total_bytes: 12994,
          ul_total_bytes: 8540,
          sst: 1
        },
        {
          pdu_session_id: 2,
          dl_total_bytes: 3735478,
          ul_total_bytes: 32630001566,
          sst: 1
        }
      ],
      rnti: 17923,
      cells: [
        {
          cell_id: 1,
          dl_bitrate: 140996,
          ul_bitrate: 178016535,
          dl_tx: 88,
          ul_tx: 1511,
          dl_err: 0,
          ul_err: 0,
          dl_retx: 1,
          ul_retx: 10,
          pusch_snr: 21.7,
          epre: -98.8,
          ul_phr: 14,
          ul_path_loss: 68,
          p_ue: 5,
          dl_mcs: 24.3,
          ul_mcs: 19.9,
          ul_n_layer: 1,
          turbo_decoder_min: 1,
          turbo_decoder_avg: 3.127,
          turbo_decoder_max: 5,
          cqi: 15,
          ri: 2,
          ul_rank: 1,
          initial_ta: 1
        }
      ]
    }
  ],
  time: 1587.695,
  utc: 1744206526.154
}

