{
  message: ready,
  type: ENB,
  name: ENB,
  version: 2023-06-10,
  time: 2452.56,
  utc: 1744094453.912
}
{
  message: ue_get,
  ue_list: [
    {
      ran_ue_id: 3,
      amf_ue_id: 102,
      qos_flow_list: [
        {
          pdu_session_id: 1,
          dl_total_bytes: 15233,
          ul_total_bytes: 8949,
          sst: 1
        },
        {
          pdu_session_id: 2,
          dl_total_bytes: 8054840,
          ul_total_bytes: 32221028063,
          sst: 1
        }
      ],
      rnti: 17923,
      cells: [
        {
          cell_id: 1,
          dl_bitrate: 104000,
          ul_bitrate: 131005157,
          dl_tx: 67,
          ul_tx: 923,
          dl_err: 0,
          ul_err: 0,
          dl_retx: 1,
          ul_retx: 17,
          pusch_snr: 25.6,
          epre: -94.3,
          ul_phr: 30,
          ul_path_loss: 65.3,
          p_ue: -11,
          dl_mcs: 23.1,
          ul_mcs: 23.1,
          ul_n_layer: 1,
          turbo_decoder_min: 1,
          turbo_decoder_avg: 2.024,
          turbo_decoder_max: 5,
          cqi: 15,
          ri: 2,
          ul_rank: 1,
          initial_ta: 0
        }
      ]
    }
  ],
  time: 2452.562,
  utc: 1744094453.923
}

