{
  message: ready,
  type: ENB,
  name: ENB,
  version: 2023-06-10,
  time: 107.47,
  utc: 1743863297.487
}
{
  message: ue_get,
  ue_list: [
    {
      ran_ue_id: 4,
      amf_ue_id: 103,
      qos_flow_list: [
        {
          pdu_session_id: 1,
          dl_total_bytes: 14866,
          ul_total_bytes: 8540,
          sst: 1
        },
        {
          pdu_session_id: 2,
          dl_total_bytes: 156135,
          ul_total_bytes: 193346270,
          sst: 1
        }
      ],
      rnti: 17924,
      cells: [
        {
          cell_id: 1,
          dl_bitrate: 156734,
          ul_bitrate: 178104868,
          dl_tx: 96,
          ul_tx: 1278,
          dl_err: 0,
          ul_err: 0,
          dl_retx: 10,
          ul_retx: 14,
          pusch_snr: 24.7,
          epre: -95.3,
          ul_phr: 11,
          ul_path_loss: 68.2,
          p_ue: 8,
          dl_mcs: 22.6,
          ul_mcs: 23.1,
          ul_n_layer: 1,
          turbo_decoder_min: 1,
          turbo_decoder_avg: 2.428,
          turbo_decoder_max: 5,
          cqi: 15,
          ri: 2,
          ul_rank: 1,
          initial_ta: 1
        }
      ]
    }
  ],
  time: 107.472,
  utc: 1743863297.497
}

