{
  message: ready,
  type: ENB,
  name: ENB,
  version: 2023-06-10,
  time: 688.237,
  utc: 1744048686.744
}
{
  message: ue_get,
  ue_list: [
    {
      ran_ue_id: 20,
      amf_ue_id: 113,
      qos_flow_list: [],
      rnti: 17940,
      cells: [
        {
          cell_id: 1,
          dl_bitrate: 0,
          ul_bitrate: 0,
          dl_tx: 0,
          ul_tx: 0,
          dl_err: 0,
          ul_err: 0,
          dl_retx: 0,
          ul_retx: 0,
          pusch_snr: 3.7,
          epre: -117.1,
          ul_phr: -19,
          ul_path_loss: 124,
          p_ue: 24,
          cqi: 3,
          ri: 1,
          ul_rank: 1,
          initial_ta: 1
        }
      ]
    },
    {
      ran_ue_id: 3,
      amf_ue_id: 102,
      qos_flow_list: [
        {
          pdu_session_id: 1,
          dl_total_bytes: 14855,
          ul_total_bytes: 8521,
          sst: 1
        },
        {
          pdu_session_id: 2,
          dl_total_bytes: 1204192,
          ul_total_bytes: 9022424158,
          sst: 1
        }
      ],
      rnti: 17923,
      cells: [
        {
          cell_id: 1,
          dl_bitrate: 163049,
          ul_bitrate: 112683787,
          dl_tx: 109,
          ul_tx: 1061,
          dl_err: 0,
          ul_err: 0,
          dl_retx: 0,
          ul_retx: 10,
          pusch_snr: 21.6,
          epre: -99,
          ul_phr: 4,
          ul_path_loss: 78.2,
          p_ue: 15,
          dl_mcs: 28,
          ul_mcs: 21,
          ul_n_layer: 1,
          turbo_decoder_min: 1,
          turbo_decoder_avg: 3.283,
          turbo_decoder_max: 5,
          cqi: 15,
          ri: 2,
          ul_rank: 1,
          initial_ta: 1
        }
      ]
    }
  ],
  time: 688.238,
  utc: 1744048686.755
}

