{
  message: ready,
  type: ENB,
  name: ENB,
  version: 2023-06-10,
  time: 2839.891,
  utc: 1744201957.261
}
{
  message: ue_get,
  ue_list: [
    {
      ran_ue_id: 4,
      amf_ue_id: 103,
      qos_flow_list: [
        {
          pdu_session_id: 1,
          dl_total_bytes: 15417,
          ul_total_bytes: 9151,
          sst: 1
        },
        {
          pdu_session_id: 2,
          dl_total_bytes: 10613112,
          ul_total_bytes: 52034125890,
          sst: 1
        }
      ],
      rnti: 17924,
      cells: [
        {
          cell_id: 1,
          dl_bitrate: 113957,
          ul_bitrate: 175971467,
          dl_tx: 92,
          ul_tx: 1619,
          dl_err: 0,
          ul_err: 0,
          dl_retx: 5,
          ul_retx: 4,
          pusch_snr: 19.7,
          epre: -101.3,
          ul_phr: -9,
          ul_path_loss: 87.4,
          p_ue: 22,
          dl_mcs: 19,
          ul_mcs: 18,
          ul_n_layer: 1,
          turbo_decoder_min: 1,
          turbo_decoder_avg: 3.051,
          turbo_decoder_max: 5,
          cqi: 13,
          ri: 2,
          ul_rank: 1,
          initial_ta: 1
        }
      ]
    }
  ],
  time: 2839.892,
  utc: 1744201957.272
}

