{
  message: ready,
  type: ENB,
  name: ENB,
  version: 2023-06-10,
  time: 986.989,
  utc: 1743793207.183
}
{
  message: ue_get,
  ue_list: [
    {
      ran_ue_id: 5,
      amf_ue_id: 104,
      qos_flow_list: [
        {
          pdu_session_id: 1,
          dl_total_bytes: 15058,
          ul_total_bytes: 8748,
          sst: 1
        },
        {
          pdu_session_id: 2,
          dl_total_bytes: 1424868,
          ul_total_bytes: 16474278662,
          sst: 1
        }
      ],
      rnti: 17925,
      cells: [
        {
          cell_id: 1,
          dl_bitrate: 168329,
          ul_bitrate: 145895213,
          dl_tx: 112,
          ul_tx: 1057,
          dl_err: 0,
          ul_err: 0,
          dl_retx: 0,
          ul_retx: 9,
          pusch_snr: 28,
          epre: -90.4,
          ul_phr: 5,
          ul_path_loss: 68.1,
          p_ue: 14,
          dl_mcs: 28,
          ul_mcs: 26,
          ul_n_layer: 1,
          turbo_decoder_min: 1,
          turbo_decoder_avg: 2.399,
          turbo_decoder_max: 5,
          cqi: 15,
          ri: 2,
          ul_rank: 1,
          initial_ta: 0
        }
      ]
    }
  ],
  time: 986.99,
  utc: 1743793207.193
}

