{
  message: ready,
  type: ENB,
  name: ENB,
  version: 2023-06-10,
  time: 2382.758,
  utc: 1744053253.935
}
{
  message: ue_get,
  ue_list: [
    {
      ran_ue_id: 5,
      amf_ue_id: 104,
      qos_flow_list: [
        {
          pdu_session_id: 1,
          dl_total_bytes: 9831,
          ul_total_bytes: 7861,
          sst: 1
        },
        {
          pdu_session_id: 2,
          dl_total_bytes: 7574396,
          ul_total_bytes: 26587384841,
          sst: 1
        }
      ],
      rnti: 17925,
      cells: [
        {
          cell_id: 1,
          dl_bitrate: 133469,
          ul_bitrate: 97997714,
          dl_tx: 109,
          ul_tx: 1060,
          dl_err: 0,
          ul_err: 0,
          dl_retx: 3,
          ul_retx: 13,
          pusch_snr: 18.9,
          epre: -101.7,
          ul_phr: -5,
          ul_path_loss: 87.8,
          p_ue: 22,
          dl_mcs: 24,
          ul_mcs: 18,
          ul_n_layer: 1,
          turbo_decoder_min: 1,
          turbo_decoder_avg: 2.943,
          turbo_decoder_max: 5,
          cqi: 15,
          ri: 2,
          ul_rank: 1,
          initial_ta: 2
        }
      ]
    }
  ],
  time: 2382.761,
  utc: 1744053253.947
}

