{
  message: ready,
  type: ENB,
  name: ENB,
  version: 2023-06-10,
  time: 2135.746,
  utc: 1744204128.197
}
{
  message: ue_get,
  ue_list: [
    {
      ran_ue_id: 3,
      amf_ue_id: 102,
      qos_flow_list: [
        {
          pdu_session_id: 1,
          dl_total_bytes: 15157,
          ul_total_bytes: 8820,
          sst: 1
        },
        {
          pdu_session_id: 2,
          dl_total_bytes: 5848577,
          ul_total_bytes: 19081823699,
          sst: 1
        }
      ],
      rnti: 17923,
      cells: [
        {
          cell_id: 1,
          dl_bitrate: 93890,
          ul_bitrate: 83780455,
          dl_tx: 94,
          ul_tx: 1546,
          dl_err: 0,
          ul_err: 0,
          dl_retx: 23,
          ul_retx: 11,
          pusch_snr: 9.4,
          epre: -111.4,
          ul_phr: -12,
          ul_path_loss: 97.9,
          p_ue: 23,
          dl_mcs: 14.8,
          ul_mcs: 9,
          ul_n_layer: 1,
          turbo_decoder_min: 1,
          turbo_decoder_avg: 3.501,
          turbo_decoder_max: 5,
          cqi: 10,
          ri: 2,
          ul_rank: 1,
          initial_ta: 0
        }
      ]
    }
  ],
  time: 2135.748,
  utc: 1744204128.207
}

