{
  message: ready,
  type: ENB,
  name: ENB,
  version: 2023-06-10,
  time: 2105.925,
  utc: 1744079575.868
}
{
  message: ue_get,
  ue_list: [
    {
      ran_ue_id: 3,
      amf_ue_id: 102,
      qos_flow_list: [
        {
          pdu_session_id: 1,
          dl_total_bytes: 15233,
          ul_total_bytes: 8949,
          sst: 1
        },
        {
          pdu_session_id: 2,
          dl_total_bytes: 5845903,
          ul_total_bytes: 18941963440,
          sst: 1
        }
      ],
      rnti: 17923,
      cells: [
        {
          cell_id: 1,
          dl_bitrate: 138549,
          ul_bitrate: 84095522,
          dl_tx: 99,
          ul_tx: 1547,
          dl_err: 0,
          ul_err: 0,
          dl_retx: 0,
          ul_retx: 16,
          pusch_snr: 9.5,
          epre: -111.1,
          ul_phr: -15,
          ul_path_loss: 98.5,
          p_ue: 23,
          dl_mcs: 12.3,
          ul_mcs: 9.1,
          ul_n_layer: 1,
          turbo_decoder_min: 1,
          turbo_decoder_avg: 3.395,
          turbo_decoder_max: 5,
          cqi: 10,
          ri: 2,
          ul_rank: 1,
          initial_ta: 1
        }
      ]
    }
  ],
  time: 2105.926,
  utc: 1744079575.879
}

