{
  message: ready,
  type: ENB,
  name: ENB,
  version: 2023-06-10,
  time: 2280.782,
  utc: 1744838284.45
}
{
  message: ue_get,
  ue_list: [
    {
      ran_ue_id: 3,
      amf_ue_id: 102,
      qos_flow_list: [
        {
          pdu_session_id: 1,
          dl_total_bytes: 7778,
          ul_total_bytes: 7662,
          sst: 1
        },
        {
          pdu_session_id: 2,
          dl_total_bytes: 3771663,
          ul_total_bytes: 6881842378,
          sst: 1
        }
      ],
      rnti: 17923,
      cells: [
        {
          cell_id: 1,
          dl_bitrate: 77458,
          ul_bitrate: 25088614,
          dl_tx: 57,
          ul_tx: 1042,
          dl_err: 0,
          ul_err: 0,
          dl_retx: 0,
          ul_retx: 0,
          pusch_snr: 10.3,
          epre: -110.7,
          ul_phr: -26,
          ul_path_loss: 97.4,
          p_ue: 23,
          dl_mcs: 25,
          ul_mcs: 4.2,
          ul_n_layer: 1,
          turbo_decoder_min: 0,
          turbo_decoder_avg: 2.117,
          turbo_decoder_max: 3,
          cqi: 15,
          ri: 2,
          ul_rank: 1,
          initial_ta: 1
        }
      ]
    }
  ],
  time: 2280.783,
  utc: 1744838284.46
}

