{
  message: ready,
  type: ENB,
  name: ENB,
  version: 2023-06-10,
  time: 1634.672,
  utc: 1744108135.042
}
{
  message: ue_get,
  ue_list: [
    {
      ran_ue_id: 6,
      amf_ue_id: 105,
      qos_flow_list: [
        {
          pdu_session_id: 1,
          dl_total_bytes: 9649,
          ul_total_bytes: 7655,
          sst: 1
        },
        {
          pdu_session_id: 2,
          dl_total_bytes: 3663320,
          ul_total_bytes: 23594491134,
          sst: 1
        }
      ],
      rnti: 17926,
      cells: [
        {
          cell_id: 1,
          dl_bitrate: 107881,
          ul_bitrate: 125856807,
          dl_tx: 76,
          ul_tx: 1083,
          dl_err: 0,
          ul_err: 0,
          dl_retx: 2,
          ul_retx: 18,
          pusch_snr: 21.7,
          epre: -99.1,
          ul_phr: 7,
          ul_path_loss: 78.3,
          p_ue: 15,
          dl_mcs: 23.1,
          ul_mcs: 19.9,
          ul_n_layer: 1,
          turbo_decoder_min: 1,
          turbo_decoder_avg: 2.925,
          turbo_decoder_max: 5,
          cqi: 15,
          ri: 2,
          ul_rank: 1,
          initial_ta: 1
        }
      ]
    }
  ],
  time: 1634.673,
  utc: 1744108135.053
}

