{
  message: ready,
  type: ENB,
  name: ENB,
  version: 2023-06-10,
  time: 1660.186,
  utc: 1744108160.557
}
{
  message: ue_get,
  ue_list: [
    {
      ran_ue_id: 6,
      amf_ue_id: 105,
      qos_flow_list: [
        {
          pdu_session_id: 1,
          dl_total_bytes: 9649,
          ul_total_bytes: 7655,
          sst: 1
        },
        {
          pdu_session_id: 2,
          dl_total_bytes: 3759245,
          ul_total_bytes: 23984975628,
          sst: 1
        }
      ],
      rnti: 17926,
      cells: [
        {
          cell_id: 1,
          dl_bitrate: 109078,
          ul_bitrate: 127464133,
          dl_tx: 75,
          ul_tx: 1042,
          dl_err: 0,
          ul_err: 0,
          dl_retx: 0,
          ul_retx: 1,
          pusch_snr: 23.8,
          epre: -96.2,
          ul_phr: 20,
          ul_path_loss: 77.1,
          p_ue: -1,
          dl_mcs: 23,
          ul_mcs: 20.9,
          ul_n_layer: 1,
          turbo_decoder_min: 1,
          turbo_decoder_avg: 2.178,
          turbo_decoder_max: 5,
          cqi: 15,
          ri: 2,
          ul_rank: 1,
          initial_ta: 1
        }
      ]
    }
  ],
  time: 1660.188,
  utc: 1744108160.567
}

