{
  message: ready,
  type: ENB,
  name: ENB,
  version: 2023-06-10,
  time: 115.172,
  utc: 1744089196.264
}
{
  message: ue_get,
  ue_list: [
    {
      ran_ue_id: 3,
      amf_ue_id: 102,
      qos_flow_list: [
        {
          pdu_session_id: 1,
          dl_total_bytes: 9465,
          ul_total_bytes: 7459,
          sst: 1
        },
        {
          pdu_session_id: 2,
          dl_total_bytes: 211082,
          ul_total_bytes: 502299640,
          sst: 1
        }
      ],
      rnti: 17923,
      cells: [
        {
          cell_id: 1,
          dl_bitrate: 92499,
          ul_bitrate: 84408052,
          dl_tx: 97,
          ul_tx: 1525,
          dl_err: 0,
          ul_err: 0,
          dl_retx: 27,
          ul_retx: 15,
          pusch_snr: 9.7,
          epre: -111.2,
          ul_phr: -14,
          ul_path_loss: 98.4,
          p_ue: 23,
          dl_mcs: 13.8,
          ul_mcs: 9.1,
          ul_n_layer: 1,
          turbo_decoder_min: 1,
          turbo_decoder_avg: 3.484,
          turbo_decoder_max: 5,
          cqi: 11,
          ri: 2,
          ul_rank: 1,
          initial_ta: 1
        }
      ]
    }
  ],
  time: 115.173,
  utc: 1744089196.275
}

