{
  message: ready,
  type: ENB,
  name: ENB,
  version: 2023-06-10,
  time: 1790.879,
  utc: 1744093792.231
}
{
  message: ue_get,
  ue_list: [
    {
      ran_ue_id: 35,
      amf_ue_id: 134,
      qos_flow_list: [
        {
          pdu_session_id: 2,
          dl_total_bytes: 11101,
          ul_total_bytes: 5434,
          sst: 1
        }
      ],
      rnti: 17955,
      cells: [
        {
          cell_id: 1,
          dl_bitrate: 3259,
          ul_bitrate: 0,
          dl_tx: 2,
          ul_tx: 0,
          dl_err: 0,
          ul_err: 0,
          dl_retx: 0,
          ul_retx: 0,
          pusch_snr: 32.3,
          epre: -86.8,
          ul_phr: 1,
          ul_path_loss: 81.6,
          p_ue: 7,
          dl_mcs: 26,
          cqi: 15,
          ri: 2,
          ul_rank: 1,
          initial_ta: 1
        }
      ]
    },
    {
      ran_ue_id: 3,
      amf_ue_id: 102,
      qos_flow_list: [
        {
          pdu_session_id: 1,
          dl_total_bytes: 15049,
          ul_total_bytes: 8747,
          sst: 1
        },
        {
          pdu_session_id: 2,
          dl_total_bytes: 4359331,
          ul_total_bytes: 23229900726,
          sst: 1
        }
      ],
      rnti: 17923,
      cells: [
        {
          cell_id: 1,
          dl_bitrate: 115296,
          ul_bitrate: 104286742,
          dl_tx: 73,
          ul_tx: 910,
          dl_err: 0,
          ul_err: 0,
          dl_retx: 0,
          ul_retx: 15,
          pusch_snr: 21.5,
          epre: -99.3,
          ul_phr: 36,
          ul_path_loss: 67.7,
          p_ue: -14,
          dl_mcs: 24,
          ul_mcs: 19.3,
          ul_n_layer: 1,
          turbo_decoder_min: 0,
          turbo_decoder_avg: 2.633,
          turbo_decoder_max: 5,
          cqi: 15,
          ri: 2,
          ul_rank: 1,
          initial_ta: 0
        }
      ]
    }
  ],
  time: 1790.881,
  utc: 1744093792.242
}

