{
  message: ready,
  type: ENB,
  name: ENB,
  version: 2023-06-10,
  time: 1785.558,
  utc: 1744093786.91
}
{
  message: ue_get,
  ue_list: [
    {
      ran_ue_id: 35,
      amf_ue_id: 134,
      qos_flow_list: [
        {
          pdu_session_id: 2,
          dl_total_bytes: 2442,
          ul_total_bytes: 1368,
          sst: 1
        }
      ],
      rnti: 17955,
      cells: [
        {
          cell_id: 1,
          dl_bitrate: 13167,
          ul_bitrate: 3268,
          dl_tx: 8,
          ul_tx: 3,
          dl_err: 0,
          ul_err: 0,
          dl_retx: 1,
          ul_retx: 0,
          pusch_snr: 32.2,
          epre: -88.2,
          ul_phr: 0,
          ul_path_loss: 82.3,
          p_ue: 8,
          dl_mcs: 25.8,
          ul_mcs: 26.3,
          ul_n_layer: 1,
          turbo_decoder_min: 1,
          turbo_decoder_avg: 1.667,
          turbo_decoder_max: 2,
          cqi: 14,
          ri: 2,
          ul_rank: 1,
          initial_ta: 1
        }
      ]
    },
    {
      ran_ue_id: 3,
      amf_ue_id: 102,
      qos_flow_list: [
        {
          pdu_session_id: 1,
          dl_total_bytes: 15049,
          ul_total_bytes: 8747,
          sst: 1
        },
        {
          pdu_session_id: 2,
          dl_total_bytes: 4349427,
          ul_total_bytes: 23161282718,
          sst: 1
        }
      ],
      rnti: 17923,
      cells: [
        {
          cell_id: 1,
          dl_bitrate: 151211,
          ul_bitrate: 112457546,
          dl_tx: 74,
          ul_tx: 940,
          dl_err: 0,
          ul_err: 0,
          dl_retx: 2,
          ul_retx: 1,
          pusch_snr: 20.9,
          epre: -99.7,
          ul_phr: 17,
          ul_path_loss: 68.6,
          p_ue: 5,
          dl_mcs: 25,
          ul_mcs: 19.2,
          ul_n_layer: 1,
          turbo_decoder_min: 1,
          turbo_decoder_avg: 2.491,
          turbo_decoder_max: 5,
          cqi: 15,
          ri: 2,
          ul_rank: 1,
          initial_ta: 0
        }
      ]
    }
  ],
  time: 1785.559,
  utc: 1744093786.92
}

