{
  message: ready,
  type: ENB,
  name: ENB,
  version: 2023-06-10,
  time: 1765.416,
  utc: 1744093766.768
}
{
  message: ue_get,
  ue_list: [
    {
      ran_ue_id: 34,
      amf_ue_id: 133,
      qos_flow_list: [
        {
          pdu_session_id: 1,
          dl_total_bytes: 0,
          ul_total_bytes: 0,
          sst: 1
        }
      ],
      rnti: 17954,
      cells: [
        {
          cell_id: 1,
          dl_bitrate: 3203,
          ul_bitrate: 0,
          dl_tx: 2,
          ul_tx: 0,
          dl_err: 0,
          ul_err: 0,
          dl_retx: 0,
          ul_retx: 0,
          pusch_snr: 23.6,
          epre: -96.3,
          ul_phr: 24,
          ul_path_loss: 73.4,
          p_ue: -6,
          dl_mcs: 25,
          cqi: 15,
          ri: 2,
          ul_rank: 1,
          initial_ta: 1
        }
      ]
    },
    {
      ran_ue_id: 3,
      amf_ue_id: 102,
      qos_flow_list: [
        {
          pdu_session_id: 1,
          dl_total_bytes: 15049,
          ul_total_bytes: 8747,
          sst: 1
        },
        {
          pdu_session_id: 2,
          dl_total_bytes: 4263674,
          ul_total_bytes: 22854589989,
          sst: 1
        }
      ],
      rnti: 17923,
      cells: [
        {
          cell_id: 1,
          dl_bitrate: 114727,
          ul_bitrate: 112627019,
          dl_tx: 76,
          ul_tx: 953,
          dl_err: 0,
          ul_err: 0,
          dl_retx: 0,
          ul_retx: 12,
          pusch_snr: 21.1,
          epre: -99.4,
          ul_phr: 14,
          ul_path_loss: 68.6,
          p_ue: 5,
          dl_mcs: 23,
          ul_mcs: 19.4,
          ul_n_layer: 1,
          turbo_decoder_min: 0,
          turbo_decoder_avg: 2.631,
          turbo_decoder_max: 5,
          cqi: 15,
          ri: 2,
          ul_rank: 1,
          initial_ta: 0
        }
      ]
    }
  ],
  time: 1765.419,
  utc: 1744093766.78
}

