{
  message: ready,
  type: ENB,
  name: ENB,
  version: 2023-06-10,
  time: 613.245,
  utc: 1744208410.716
}
{
  message: ue_get,
  ue_list: [
    {
      ran_ue_id: 3,
      amf_ue_id: 102,
      qos_flow_list: [
        {
          pdu_session_id: 1,
          dl_total_bytes: 18986,
          ul_total_bytes: 8944,
          sst: 1
        },
        {
          pdu_session_id: 2,
          dl_total_bytes: 1085194,
          ul_total_bytes: 11329601732,
          sst: 1
        }
      ],
      rnti: 17923,
      cells: [
        {
          cell_id: 1,
          dl_bitrate: 115746,
          ul_bitrate: 160520629,
          dl_tx: 76,
          ul_tx: 1173,
          dl_err: 0,
          ul_err: 0,
          dl_retx: 2,
          ul_retx: 22,
          pusch_snr: 24.9,
          epre: -95.5,
          ul_phr: 1,
          ul_path_loss: 77.9,
          p_ue: 18,
          dl_mcs: 23.1,
          ul_mcs: 22.2,
          ul_n_layer: 1,
          turbo_decoder_min: 0,
          turbo_decoder_avg: 2.525,
          turbo_decoder_max: 5,
          cqi: 15,
          ri: 2,
          ul_rank: 1,
          initial_ta: 1
        }
      ]
    }
  ],
  time: 613.247,
  utc: 1744208410.726
}

