{
  message: ready,
  type: ENB,
  name: ENB,
  version: 2023-06-10,
  time: 214.904,
  utc: 1744080595.447
}
{
  message: ue_get,
  ue_list: [
    {
      ran_ue_id: 4,
      amf_ue_id: 103,
      qos_flow_list: [
        {
          pdu_session_id: 1,
          dl_total_bytes: 14857,
          ul_total_bytes: 8539,
          sst: 1
        },
        {
          pdu_session_id: 2,
          dl_total_bytes: 401962,
          ul_total_bytes: 1908647270,
          sst: 1
        }
      ],
      rnti: 17924,
      cells: [
        {
          cell_id: 1,
          dl_bitrate: 81411,
          ul_bitrate: 69015102,
          dl_tx: 50,
          ul_tx: 526,
          dl_err: 0,
          ul_err: 0,
          dl_retx: 9,
          ul_retx: 1,
          pusch_snr: 24.5,
          epre: -95.5,
          ul_phr: 28,
          ul_path_loss: 69.5,
          p_ue: -9,
          dl_mcs: 22.6,
          ul_mcs: 21.4,
          ul_n_layer: 1,
          turbo_decoder_min: 1,
          turbo_decoder_avg: 2.117,
          turbo_decoder_max: 5,
          cqi: 15,
          ri: 2,
          ul_rank: 1,
          initial_ta: 1
        }
      ]
    }
  ],
  time: 214.906,
  utc: 1744080595.458
}

