{
  message: ready,
  type: ENB,
  name: ENB,
  version: 2023-06-10,
  time: 381.783,
  utc: 1744208179.253
}
{
  message: ue_get,
  ue_list: [
    {
      ran_ue_id: 8,
      amf_ue_id: 107,
      qos_flow_list: [],
      rnti: 17928,
      cells: [
        {
          cell_id: 1,
          dl_bitrate: 0,
          ul_bitrate: 0,
          dl_tx: 0,
          ul_tx: 0,
          dl_err: 0,
          ul_err: 0,
          dl_retx: 0,
          ul_retx: 0,
          pusch_snr: 4.4,
          epre: -117.4,
          ul_phr: -32,
          ul_path_loss: 116.9,
          p_ue: 24,
          cqi: 3,
          ri: 1,
          ul_rank: 1,
          initial_ta: 0
        }
      ]
    },
    {
      ran_ue_id: 3,
      amf_ue_id: 102,
      qos_flow_list: [
        {
          pdu_session_id: 1,
          dl_total_bytes: 18986,
          ul_total_bytes: 8944,
          sst: 1
        },
        {
          pdu_session_id: 2,
          dl_total_bytes: 679627,
          ul_total_bytes: 6366397544,
          sst: 1
        }
      ],
      rnti: 17923,
      cells: [
        {
          cell_id: 1,
          dl_bitrate: 151418,
          ul_bitrate: 179656067,
          dl_tx: 93,
          ul_tx: 1549,
          dl_err: 0,
          ul_err: 0,
          dl_retx: 1,
          ul_retx: 15,
          pusch_snr: 21.4,
          epre: -98.7,
          ul_phr: 8,
          ul_path_loss: 78,
          p_ue: 14,
          dl_mcs: 24.5,
          ul_mcs: 19.3,
          ul_n_layer: 1,
          turbo_decoder_min: 1,
          turbo_decoder_avg: 2.802,
          turbo_decoder_max: 5,
          cqi: 15,
          ri: 2,
          ul_rank: 1,
          initial_ta: 1
        }
      ]
    }
  ],
  time: 381.784,
  utc: 1744208179.263
}

