{
  message: ready,
  type: ENB,
  name: ENB,
  version: 2023-06-10,
  time: 1264.514,
  utc: 1744214852.334
}
{
  message: ue_get,
  ue_list: [
    {
      ran_ue_id: 3,
      amf_ue_id: 102,
      qos_flow_list: [
        {
          pdu_session_id: 1,
          dl_total_bytes: 14974,
          ul_total_bytes: 8641,
          sst: 1
        },
        {
          pdu_session_id: 2,
          dl_total_bytes: 2599842,
          ul_total_bytes: 12379240186,
          sst: 1
        }
      ],
      rnti: 17923,
      cells: [
        {
          cell_id: 1,
          dl_bitrate: 113763,
          ul_bitrate: 93641138,
          dl_tx: 95,
          ul_tx: 1711,
          dl_err: 0,
          ul_err: 0,
          dl_retx: 8,
          ul_retx: 9,
          pusch_snr: 10.7,
          epre: -110.2,
          ul_phr: -18,
          ul_path_loss: 98.2,
          p_ue: 23,
          dl_mcs: 13.9,
          ul_mcs: 9.2,
          ul_n_layer: 1,
          turbo_decoder_min: 1,
          turbo_decoder_avg: 3.414,
          turbo_decoder_max: 5,
          cqi: 10,
          ri: 2,
          ul_rank: 1,
          initial_ta: 1
        }
      ]
    }
  ],
  time: 1264.516,
  utc: 1744214852.344
}

