{
  message: ready,
  type: ENB,
  name: ENB,
  version: 2023-06-10,
  time: 3636.105,
  utc: 1744842688.683
}
{
  message: ue_get,
  ue_list: [
    {
      ran_ue_id: 2,
      amf_ue_id: 101,
      qos_flow_list: [
        {
          pdu_session_id: 1,
          dl_total_bytes: 12845,
          ul_total_bytes: 11380,
          sst: 1
        },
        {
          pdu_session_id: 2,
          dl_total_bytes: 3400190,
          ul_total_bytes: 1381753874,
          sst: 1
        }
      ],
      rnti: 17922,
      cells: [
        {
          cell_id: 1,
          dl_bitrate: 20068,
          ul_bitrate: 2731242,
          dl_tx: 24,
          ul_tx: 1043,
          dl_err: 0,
          ul_err: 0,
          dl_retx: 0,
          ul_retx: 3,
          pusch_snr: 10.4,
          epre: -110.9,
          ul_phr: -28,
          ul_path_loss: 107.6,
          p_ue: 23,
          dl_mcs: 18,
          ul_mcs: 4,
          ul_n_layer: 1,
          turbo_decoder_min: 1,
          turbo_decoder_avg: 1.559,
          turbo_decoder_max: 5,
          cqi: 12,
          ri: 2,
          ul_rank: 1,
          initial_ta: 1
        }
      ]
    }
  ],
  time: 3636.108,
  utc: 1744842688.695
}

