{
  message: ready,
  type: ENB,
  name: ENB,
  version: 2023-06-10,
  time: 1113.087,
  utc: 1744107613.457
}
{
  message: ue_get,
  ue_list: [
    {
      ran_ue_id: 6,
      amf_ue_id: 105,
      qos_flow_list: [
        {
          pdu_session_id: 1,
          dl_total_bytes: 9649,
          ul_total_bytes: 7655,
          sst: 1
        },
        {
          pdu_session_id: 2,
          dl_total_bytes: 1914157,
          ul_total_bytes: 15528263764,
          sst: 1
        }
      ],
      rnti: 17926,
      cells: [
        {
          cell_id: 1,
          dl_bitrate: 127508,
          ul_bitrate: 146198466,
          dl_tx: 84,
          ul_tx: 1130,
          dl_err: 0,
          ul_err: 0,
          dl_retx: 0,
          ul_retx: 0,
          pusch_snr: 32.1,
          epre: -88.8,
          ul_phr: -5,
          ul_path_loss: 77.8,
          p_ue: 19,
          dl_mcs: 23,
          ul_mcs: 22.1,
          ul_n_layer: 1,
          turbo_decoder_min: 0,
          turbo_decoder_avg: 2.092,
          turbo_decoder_max: 4,
          cqi: 15,
          ri: 2,
          ul_rank: 1,
          initial_ta: 1
        }
      ]
    }
  ],
  time: 1113.089,
  utc: 1744107613.468
}

