{
  message: ready,
  type: ENB,
  name: ENB,
  version: 2023-06-10,
  time: 330.601,
  utc: 1743794560.955
}
{
  message: ue_get,
  ue_list: [
    {
      ran_ue_id: 49,
      amf_ue_id: 102,
      qos_flow_list: [
        {
          pdu_session_id: 1,
          dl_total_bytes: 14865,
          ul_total_bytes: 8545,
          sst: 1
        },
        {
          pdu_session_id: 2,
          dl_total_bytes: 516063,
          ul_total_bytes: 7857348377,
          sst: 1
        }
      ],
      rnti: 17969,
      cells: [
        {
          cell_id: 1,
          dl_bitrate: 140000,
          ul_bitrate: 229128958,
          dl_tx: 90,
          ul_tx: 1460,
          dl_err: 0,
          ul_err: 0,
          dl_retx: 0,
          ul_retx: 104,
          pusch_snr: 26.5,
          epre: -93.3,
          ul_phr: 8,
          ul_path_loss: 68.4,
          p_ue: 11,
          dl_mcs: 23.5,
          ul_mcs: 24.7,
          ul_n_layer: 1,
          turbo_decoder_min: 1,
          turbo_decoder_avg: 2.347,
          turbo_decoder_max: 5,
          cqi: 14,
          ri: 2,
          ul_rank: 1,
          initial_ta: 1
        }
      ]
    }
  ],
  time: 330.603,
  utc: 1743794560.966
}

