{
  message: ready,
  type: ENB,
  name: ENB,
  version: 2023-06-10,
  time: 326.33,
  utc: 1743794556.684
}
{
  message: ue_get,
  ue_list: [
    {
      ran_ue_id: 49,
      amf_ue_id: 102,
      qos_flow_list: [
        {
          pdu_session_id: 1,
          dl_total_bytes: 14865,
          ul_total_bytes: 8545,
          sst: 1
        },
        {
          pdu_session_id: 2,
          dl_total_bytes: 510281,
          ul_total_bytes: 7727161278,
          sst: 1
        }
      ],
      rnti: 17969,
      cells: [
        {
          cell_id: 1,
          dl_bitrate: 157258,
          ul_bitrate: 250793887,
          dl_tx: 90,
          ul_tx: 1558,
          dl_err: 0,
          ul_err: 0,
          dl_retx: 5,
          ul_retx: 2,
          pusch_snr: 32,
          epre: -84.7,
          ul_phr: 0,
          ul_path_loss: 68.5,
          p_ue: 19,
          dl_mcs: 25.8,
          ul_mcs: 25.2,
          ul_n_layer: 1,
          turbo_decoder_min: 1,
          turbo_decoder_avg: 1.897,
          turbo_decoder_max: 5,
          cqi: 14,
          ri: 2,
          ul_rank: 1,
          initial_ta: 1
        }
      ]
    }
  ],
  time: 326.331,
  utc: 1743794556.695
}

