{
  message: ready,
  type: ENB,
  name: ENB,
  version: 2023-06-10,
  time: 1564.488,
  utc: 1744058305.784
}
{
  message: ue_get,
  ue_list: [
    {
      ran_ue_id: 51,
      amf_ue_id: 104,
      qos_flow_list: [
        {
          pdu_session_id: 1,
          dl_total_bytes: 15039,
          ul_total_bytes: 8745,
          sst: 1
        },
        {
          pdu_session_id: 2,
          dl_total_bytes: 3630792,
          ul_total_bytes: 22715832863,
          sst: 1
        }
      ],
      rnti: 17971,
      cells: [
        {
          cell_id: 1,
          dl_bitrate: 192560,
          ul_bitrate: 110426028,
          dl_tx: 110,
          ul_tx: 1041,
          dl_err: 0,
          ul_err: 0,
          dl_retx: 0,
          ul_retx: 0,
          pusch_snr: 31.6,
          epre: -84.8,
          ul_phr: -5,
          ul_path_loss: 68,
          p_ue: 22,
          dl_mcs: 27.9,
          ul_mcs: 20,
          ul_n_layer: 1,
          turbo_decoder_min: 1,
          turbo_decoder_avg: 1.275,
          turbo_decoder_max: 2,
          cqi: 15,
          ri: 2,
          ul_rank: 1,
          initial_ta: 1
        }
      ]
    }
  ],
  time: 1564.49,
  utc: 1744058305.795
}

