{
  message: ready,
  type: ENB,
  name: ENB,
  version: 2023-06-10,
  time: 4795.361,
  utc: 1744843847.939
}
{
  message: ue_get,
  ue_list: [
    {
      ran_ue_id: 2,
      amf_ue_id: 101,
      qos_flow_list: [
        {
          pdu_session_id: 1,
          dl_total_bytes: 13029,
          ul_total_bytes: 11582,
          sst: 1
        },
        {
          pdu_session_id: 2,
          dl_total_bytes: 5712124,
          ul_total_bytes: 1843041055,
          sst: 1
        }
      ],
      rnti: 17922,
      cells: [
        {
          cell_id: 1,
          dl_bitrate: 59129,
          ul_bitrate: 2701343,
          dl_tx: 25,
          ul_tx: 1042,
          dl_err: 0,
          ul_err: 0,
          dl_retx: 2,
          ul_retx: 6,
          pusch_snr: 12.2,
          epre: -109.1,
          ul_phr: -19,
          ul_path_loss: 111.9,
          p_ue: 23,
          dl_mcs: 18,
          ul_mcs: 4,
          ul_n_layer: 1,
          turbo_decoder_min: 1,
          turbo_decoder_avg: 1.503,
          turbo_decoder_max: 5,
          cqi: 12,
          ri: 2,
          ul_rank: 1,
          initial_ta: 1
        }
      ]
    }
  ],
  time: 4795.364,
  utc: 1744843847.95
}

