{
  message: ready,
  type: ENB,
  name: ENB,
  version: 2023-06-10,
  time: 1302.144,
  utc: 1744831533.833
}
{
  message: ue_get,
  ue_list: [
    {
      ran_ue_id: 3,
      amf_ue_id: 102,
      qos_flow_list: [
        {
          pdu_session_id: 1,
          dl_total_bytes: 7593,
          ul_total_bytes: 7459,
          sst: 1
        },
        {
          pdu_session_id: 2,
          dl_total_bytes: 1250514,
          ul_total_bytes: 14181427441,
          sst: 1
        }
      ],
      rnti: 17923,
      cells: [
        {
          cell_id: 1,
          dl_bitrate: 141613,
          ul_bitrate: 94152825,
          dl_tx: 95,
          ul_tx: 944,
          dl_err: 0,
          ul_err: 0,
          dl_retx: 0,
          ul_retx: 0,
          pusch_snr: 25.8,
          epre: -94.1,
          ul_phr: -7,
          ul_path_loss: 76.8,
          p_ue: 19,
          dl_mcs: 27.9,
          ul_mcs: 20.1,
          ul_n_layer: 1,
          turbo_decoder_min: 1,
          turbo_decoder_avg: 2.332,
          turbo_decoder_max: 4,
          cqi: 15,
          ri: 2,
          ul_rank: 1,
          initial_ta: 1
        }
      ]
    }
  ],
  time: 1302.146,
  utc: 1744831533.844
}

