{
  message: ready,
  type: ENB,
  name: ENB,
  version: 2023-06-10,
  time: 1412.27,
  utc: 1744186109.653
}
{
  message: ue_get,
  ue_list: [
    {
      ran_ue_id: 32,
      amf_ue_id: 130,
      qos_flow_list: [],
      rnti: 17952,
      cells: [
        {
          cell_id: 1,
          dl_bitrate: 1495,
          ul_bitrate: 0,
          dl_tx: 1,
          ul_tx: 0,
          dl_err: 6,
          ul_err: 9,
          dl_retx: 37,
          ul_retx: 41,
          pusch_snr: 11.4,
          epre: -109.9,
          ul_phr: -16,
          ul_path_loss: 121.8,
          p_ue: 24,
          dl_mcs: 16,
          ul_mcs: 8,
          ul_n_layer: 1,
          turbo_decoder_min: 5,
          turbo_decoder_avg: 5,
          turbo_decoder_max: 5,
          cqi: 9,
          ri: 1,
          ul_rank: 1,
          initial_ta: 1
        }
      ]
    },
    {
      ran_ue_id: 3,
      amf_ue_id: 102,
      qos_flow_list: [
        {
          pdu_session_id: 1,
          dl_total_bytes: 15049,
          ul_total_bytes: 8747,
          sst: 1
        },
        {
          pdu_session_id: 2,
          dl_total_bytes: 3148223,
          ul_total_bytes: 29288136410,
          sst: 1
        }
      ],
      rnti: 17923,
      cells: [
        {
          cell_id: 1,
          dl_bitrate: 161518,
          ul_bitrate: 179777994,
          dl_tx: 97,
          ul_tx: 1301,
          dl_err: 0,
          ul_err: 0,
          dl_retx: 1,
          ul_retx: 0,
          pusch_snr: 30.8,
          epre: -88.7,
          ul_phr: -4,
          ul_path_loss: 77.5,
          p_ue: 19,
          dl_mcs: 23,
          ul_mcs: 23.1,
          ul_n_layer: 1,
          turbo_decoder_min: 1,
          turbo_decoder_avg: 2.279,
          turbo_decoder_max: 5,
          cqi: 15,
          ri: 2,
          ul_rank: 1,
          initial_ta: 1
        }
      ]
    }
  ],
  time: 1412.272,
  utc: 1744186109.664
}

