{
  message: ready,
  type: ENB,
  name: ENB,
  version: 2023-06-10,
  time: 316.27,
  utc: 1744048314.777
}
{
  message: ue_get,
  ue_list: [
    {
      ran_ue_id: 3,
      amf_ue_id: 102,
      qos_flow_list: [
        {
          pdu_session_id: 1,
          dl_total_bytes: 14855,
          ul_total_bytes: 8521,
          sst: 1
        },
        {
          pdu_session_id: 2,
          dl_total_bytes: 560006,
          ul_total_bytes: 3798438573,
          sst: 1
        }
      ],
      rnti: 17923,
      cells: [
        {
          cell_id: 1,
          dl_bitrate: 162957,
          ul_bitrate: 127892858,
          dl_tx: 106,
          ul_tx: 1044,
          dl_err: 0,
          ul_err: 0,
          dl_retx: 1,
          ul_retx: 0,
          pusch_snr: 25.2,
          epre: -94.6,
          ul_phr: -4,
          ul_path_loss: 77.7,
          p_ue: 19,
          dl_mcs: 28,
          ul_mcs: 23,
          ul_n_layer: 1,
          turbo_decoder_min: 2,
          turbo_decoder_avg: 2.307,
          turbo_decoder_max: 4,
          cqi: 15,
          ri: 2,
          ul_rank: 1,
          initial_ta: 1
        }
      ]
    }
  ],
  time: 316.272,
  utc: 1744048314.788
}

