{
  message: ready,
  type: ENB,
  name: ENB,
  version: 2023-06-10,
  time: 1879.307,
  utc: 1744055637.764
}
{
  message: ue_get,
  ue_list: [
    {
      ran_ue_id: 3,
      amf_ue_id: 102,
      qos_flow_list: [
        {
          pdu_session_id: 1,
          dl_total_bytes: 15141,
          ul_total_bytes: 8848,
          sst: 1
        },
        {
          pdu_session_id: 2,
          dl_total_bytes: 4494290,
          ul_total_bytes: 10592900070,
          sst: 1
        }
      ],
      rnti: 17923,
      cells: [
        {
          cell_id: 1,
          dl_bitrate: 131571,
          ul_bitrate: 49665315,
          dl_tx: 106,
          ul_tx: 1035,
          dl_err: 0,
          ul_err: 0,
          dl_retx: 1,
          ul_retx: 11,
          pusch_snr: 8.9,
          epre: -111.7,
          ul_phr: -16,
          ul_path_loss: 98.2,
          p_ue: 23,
          dl_mcs: 20,
          ul_mcs: 9.1,
          ul_n_layer: 1,
          turbo_decoder_min: 2,
          turbo_decoder_avg: 3.459,
          turbo_decoder_max: 5,
          cqi: 13,
          ri: 2,
          ul_rank: 1,
          initial_ta: 1
        }
      ]
    }
  ],
  time: 1879.31,
  utc: 1744055637.775
}

