{
  message: ready,
  type: ENB,
  name: ENB,
  version: 2023-06-10,
  time: 644.139,
  utc: 1744196900.99
}
{
  message: ue_get,
  ue_list: [
    {
      ran_ue_id: 3,
      amf_ue_id: 102,
      qos_flow_list: [
        {
          pdu_session_id: 1,
          dl_total_bytes: 14866,
          ul_total_bytes: 8546,
          sst: 1
        },
        {
          pdu_session_id: 2,
          dl_total_bytes: 1145642,
          ul_total_bytes: 12466815112,
          sst: 1
        }
      ],
      rnti: 17923,
      cells: [
        {
          cell_id: 1,
          dl_bitrate: 154683,
          ul_bitrate: 180608600,
          dl_tx: 99,
          ul_tx: 1549,
          dl_err: 0,
          ul_err: 0,
          dl_retx: 1,
          ul_retx: 13,
          pusch_snr: 21,
          epre: -99.1,
          ul_phr: 9,
          ul_path_loss: 77.5,
          p_ue: 13,
          dl_mcs: 23.6,
          ul_mcs: 19.3,
          ul_n_layer: 1,
          turbo_decoder_min: 1,
          turbo_decoder_avg: 2.908,
          turbo_decoder_max: 5,
          cqi: 15,
          ri: 2,
          ul_rank: 1,
          initial_ta: 0
        }
      ]
    }
  ],
  time: 644.141,
  utc: 1744196901.001
}

