{
  message: ready,
  type: ENB,
  name: ENB,
  version: 2023-06-10,
  time: 2730.105,
  utc: 1744112152.456
}
{
  message: ue_get,
  ue_list: [
    {
      ran_ue_id: 5,
      amf_ue_id: 103,
      qos_flow_list: [
        {
          pdu_session_id: 1,
          dl_total_bytes: 15232,
          ul_total_bytes: 8948,
          sst: 1
        },
        {
          pdu_session_id: 2,
          dl_total_bytes: 10019755,
          ul_total_bytes: 43632563290,
          sst: 1
        }
      ],
      rnti: 17925,
      cells: [
        {
          cell_id: 1,
          dl_bitrate: 115731,
          ul_bitrate: 133286644,
          dl_tx: 87,
          ul_tx: 1302,
          dl_err: 0,
          ul_err: 0,
          dl_retx: 47,
          ul_retx: 26,
          pusch_snr: 18.8,
          epre: -101.8,
          ul_phr: -5,
          ul_path_loss: 88.1,
          p_ue: 22,
          dl_mcs: 21.4,
          ul_mcs: 17.4,
          ul_n_layer: 1,
          turbo_decoder_min: 1,
          turbo_decoder_avg: 2.853,
          turbo_decoder_max: 5,
          cqi: 14,
          ri: 2,
          ul_rank: 1,
          initial_ta: 0
        }
      ]
    }
  ],
  time: 2730.107,
  utc: 1744112152.466
}

