{
  message: ready,
  type: ENB,
  name: ENB,
  version: 2023-06-10,
  time: 2731.177,
  utc: 1744112153.527
}
{
  message: ue_get,
  ue_list: [
    {
      ran_ue_id: 5,
      amf_ue_id: 103,
      qos_flow_list: [
        {
          pdu_session_id: 1,
          dl_total_bytes: 15232,
          ul_total_bytes: 8948,
          sst: 1
        },
        {
          pdu_session_id: 2,
          dl_total_bytes: 10021325,
          ul_total_bytes: 43650786296,
          sst: 1
        }
      ],
      rnti: 17925,
      cells: [
        {
          cell_id: 1,
          dl_bitrate: 130039,
          ul_bitrate: 137093400,
          dl_tx: 97,
          ul_tx: 1460,
          dl_err: 0,
          ul_err: 0,
          dl_retx: 60,
          ul_retx: 8,
          pusch_snr: 20.6,
          epre: -99.6,
          ul_phr: -5,
          ul_path_loss: 88.1,
          p_ue: 22,
          dl_mcs: 21.8,
          ul_mcs: 16.1,
          ul_n_layer: 1,
          turbo_decoder_min: 1,
          turbo_decoder_avg: 2.26,
          turbo_decoder_max: 5,
          cqi: 14,
          ri: 2,
          ul_rank: 1,
          initial_ta: 0
        }
      ]
    }
  ],
  time: 2731.178,
  utc: 1744112153.537
}

