{
  message: ready,
  type: ENB,
  name: ENB,
  version: 2023-06-10,
  time: 2750.381,
  utc: 1744112172.731
}
{
  message: ue_get,
  ue_list: [
    {
      ran_ue_id: 5,
      amf_ue_id: 103,
      qos_flow_list: [
        {
          pdu_session_id: 1,
          dl_total_bytes: 15232,
          ul_total_bytes: 8948,
          sst: 1
        },
        {
          pdu_session_id: 2,
          dl_total_bytes: 10182728,
          ul_total_bytes: 43970548021,
          sst: 1
        }
      ],
      rnti: 17925,
      cells: [
        {
          cell_id: 1,
          dl_bitrate: 186736,
          ul_bitrate: 134324630,
          dl_tx: 94,
          ul_tx: 1430,
          dl_err: 0,
          ul_err: 0,
          dl_retx: 50,
          ul_retx: 15,
          pusch_snr: 24.1,
          epre: -94.4,
          ul_phr: -5,
          ul_path_loss: 88.1,
          p_ue: 22,
          dl_mcs: 22,
          ul_mcs: 16.2,
          ul_n_layer: 1,
          turbo_decoder_min: 1,
          turbo_decoder_avg: 2.281,
          turbo_decoder_max: 5,
          cqi: 14,
          ri: 2,
          ul_rank: 1,
          initial_ta: 0
        }
      ]
    }
  ],
  time: 2750.383,
  utc: 1744112172.742
}

