{
  message: ready,
  type: ENB,
  name: ENB,
  version: 2023-06-10,
  time: 779.002,
  utc: 1744069234.537
}
{
  message: ue_get,
  ue_list: [
    {
      ran_ue_id: 4,
      amf_ue_id: 103,
      qos_flow_list: [
        {
          pdu_session_id: 1,
          dl_total_bytes: 14937,
          ul_total_bytes: 9346,
          sst: 1
        },
        {
          pdu_session_id: 2,
          dl_total_bytes: 1369118,
          ul_total_bytes: 9832835875,
          sst: 1
        }
      ],
      rnti: 17924,
      cells: [
        {
          cell_id: 1,
          dl_bitrate: 108908,
          ul_bitrate: 83964609,
          dl_tx: 59,
          ul_tx: 655,
          dl_err: 0,
          ul_err: 0,
          dl_retx: 1,
          ul_retx: 0,
          pusch_snr: 24.6,
          epre: -95.2,
          ul_phr: 30,
          ul_path_loss: 68.4,
          p_ue: -11,
          dl_mcs: 26.5,
          ul_mcs: 21.1,
          ul_n_layer: 1,
          turbo_decoder_min: 1,
          turbo_decoder_avg: 2.226,
          turbo_decoder_max: 5,
          cqi: 14,
          ri: 2,
          ul_rank: 1,
          initial_ta: 1
        }
      ]
    }
  ],
  time: 779.004,
  utc: 1744069234.548
}

