{
  message: ready,
  type: ENB,
  name: ENB,
  version: 2023-06-10,
  time: 2113.907,
  utc: 1744050112.413
}
{
  message: ue_get,
  ue_list: [
    {
      ran_ue_id: 3,
      amf_ue_id: 102,
      qos_flow_list: [
        {
          pdu_session_id: 1,
          dl_total_bytes: 15223,
          ul_total_bytes: 8925,
          sst: 1
        },
        {
          pdu_session_id: 2,
          dl_total_bytes: 6023182,
          ul_total_bytes: 29491938201,
          sst: 1
        }
      ],
      rnti: 17923,
      cells: [
        {
          cell_id: 1,
          dl_bitrate: 221905,
          ul_bitrate: 124297641,
          dl_tx: 114,
          ul_tx: 1064,
          dl_err: 0,
          ul_err: 0,
          dl_retx: 0,
          ul_retx: 12,
          pusch_snr: 24,
          epre: -96.1,
          ul_phr: 1,
          ul_path_loss: 78.3,
          p_ue: 18,
          dl_mcs: 28,
          ul_mcs: 22.7,
          ul_n_layer: 1,
          turbo_decoder_min: 1,
          turbo_decoder_avg: 2.721,
          turbo_decoder_max: 5,
          cqi: 15,
          ri: 2,
          ul_rank: 1,
          initial_ta: 1
        }
      ]
    }
  ],
  time: 2113.908,
  utc: 1744050112.424
}

