{
  message: ready,
  type: ENB,
  name: ENB,
  version: 2023-06-10,
  time: 130.569,
  utc: 1744056871.866
}
{
  message: ue_get,
  ue_list: [
    {
      ran_ue_id: 51,
      amf_ue_id: 104,
      qos_flow_list: [
        {
          pdu_session_id: 1,
          dl_total_bytes: 14855,
          ul_total_bytes: 8543,
          sst: 1
        },
        {
          pdu_session_id: 2,
          dl_total_bytes: 250343,
          ul_total_bytes: 955019832,
          sst: 1
        }
      ],
      rnti: 17971,
      cells: [
        {
          cell_id: 1,
          dl_bitrate: 159903,
          ul_bitrate: 134903590,
          dl_tx: 110,
          ul_tx: 1002,
          dl_err: 0,
          ul_err: 0,
          dl_retx: 0,
          ul_retx: 12,
          pusch_snr: 29.6,
          epre: -89.5,
          ul_phr: 4,
          ul_path_loss: 68.5,
          p_ue: 15,
          dl_mcs: 27.3,
          ul_mcs: 26.4,
          ul_n_layer: 1,
          turbo_decoder_min: 0,
          turbo_decoder_avg: 2.185,
          turbo_decoder_max: 5,
          cqi: 15,
          ri: 2,
          ul_rank: 1,
          initial_ta: 1
        }
      ]
    }
  ],
  time: 130.571,
  utc: 1744056871.876
}

