{
  message: ready,
  type: ENB,
  name: ENB,
  version: 2023-06-10,
  time: 2035.627,
  utc: 1744186733.009
}
{
  message: ue_get,
  ue_list: [
    {
      ran_ue_id: 3,
      amf_ue_id: 102,
      qos_flow_list: [
        {
          pdu_session_id: 1,
          dl_total_bytes: 15233,
          ul_total_bytes: 8949,
          sst: 1
        },
        {
          pdu_session_id: 2,
          dl_total_bytes: 5631924,
          ul_total_bytes: 43063690814,
          sst: 1
        }
      ],
      rnti: 17923,
      cells: [
        {
          cell_id: 1,
          dl_bitrate: 175568,
          ul_bitrate: 140529711,
          dl_tx: 76,
          ul_tx: 974,
          dl_err: 0,
          ul_err: 0,
          dl_retx: 1,
          ul_retx: 9,
          pusch_snr: 28.5,
          epre: -88.5,
          ul_phr: -3,
          ul_path_loss: 77.4,
          p_ue: 19,
          dl_mcs: 23.1,
          ul_mcs: 23.5,
          ul_n_layer: 1,
          turbo_decoder_min: 1,
          turbo_decoder_avg: 2.533,
          turbo_decoder_max: 5,
          cqi: 15,
          ri: 2,
          ul_rank: 1,
          initial_ta: 1
        }
      ]
    }
  ],
  time: 2035.629,
  utc: 1744186733.02
}

