{
  message: ready,
  type: ENB,
  name: ENB,
  version: 2023-06-10,
  time: 769.281,
  utc: 1744075377.435
}
{
  message: ue_get,
  ue_list: [
    {
      ran_ue_id: 4,
      amf_ue_id: 103,
      qos_flow_list: [
        {
          pdu_session_id: 1,
          dl_total_bytes: 14865,
          ul_total_bytes: 8539,
          sst: 1
        },
        {
          pdu_session_id: 2,
          dl_total_bytes: 1369654,
          ul_total_bytes: 11216851450,
          sst: 1
        }
      ],
      rnti: 17924,
      cells: [
        {
          cell_id: 1,
          dl_bitrate: 119643,
          ul_bitrate: 138231516,
          dl_tx: 96,
          ul_tx: 1624,
          dl_err: 0,
          ul_err: 0,
          dl_retx: 2,
          ul_retx: 0,
          pusch_snr: 19,
          epre: -101.8,
          ul_phr: -11,
          ul_path_loss: 88.2,
          p_ue: 22,
          dl_mcs: 19,
          ul_mcs: 14.7,
          ul_n_layer: 1,
          turbo_decoder_min: 1,
          turbo_decoder_avg: 2.073,
          turbo_decoder_max: 3,
          cqi: 13,
          ri: 2,
          ul_rank: 1,
          initial_ta: 0
        }
      ]
    }
  ],
  time: 769.283,
  utc: 1744075377.446
}

