{
  message: ready,
  type: ENB,
  name: ENB,
  version: 2023-06-10,
  time: 1341.507,
  utc: 1744060949.832
}
{
  message: ue_get,
  ue_list: [
    {
      ran_ue_id: 3,
      amf_ue_id: 102,
      qos_flow_list: [
        {
          pdu_session_id: 1,
          dl_total_bytes: 15033,
          ul_total_bytes: 8741,
          sst: 1
        },
        {
          pdu_session_id: 2,
          dl_total_bytes: 2902397,
          ul_total_bytes: 20115781738,
          sst: 1
        }
      ],
      rnti: 17923,
      cells: [
        {
          cell_id: 1,
          dl_bitrate: 164522,
          ul_bitrate: 122538679,
          dl_tx: 110,
          ul_tx: 1060,
          dl_err: 0,
          ul_err: 0,
          dl_retx: 0,
          ul_retx: 12,
          pusch_snr: 24.3,
          epre: -96,
          ul_phr: 1,
          ul_path_loss: 78.3,
          p_ue: 18,
          dl_mcs: 27.9,
          ul_mcs: 22.4,
          ul_n_layer: 1,
          turbo_decoder_min: 1,
          turbo_decoder_avg: 2.721,
          turbo_decoder_max: 5,
          cqi: 15,
          ri: 2,
          ul_rank: 1,
          initial_ta: 1
        }
      ]
    }
  ],
  time: 1341.508,
  utc: 1744060949.843
}

