{
  message: ready,
  type: ENB,
  name: ENB,
  version: 2023-06-10,
  time: 1028.925,
  utc: 1744063507.231
}
{
  message: ue_get,
  ue_list: [
    {
      ran_ue_id: 5,
      amf_ue_id: 104,
      qos_flow_list: [
        {
          pdu_session_id: 1,
          dl_total_bytes: 9649,
          ul_total_bytes: 7639,
          sst: 1
        },
        {
          pdu_session_id: 2,
          dl_total_bytes: 1697654,
          ul_total_bytes: 10609975521,
          sst: 1
        }
      ],
      rnti: 17925,
      cells: [
        {
          cell_id: 1,
          dl_bitrate: 109330,
          ul_bitrate: 99548267,
          dl_tx: 109,
          ul_tx: 1076,
          dl_err: 0,
          ul_err: 0,
          dl_retx: 8,
          ul_retx: 0,
          pusch_snr: 19.2,
          epre: -101.5,
          ul_phr: -9,
          ul_path_loss: 87.9,
          p_ue: 22,
          dl_mcs: 20,
          ul_mcs: 18,
          ul_n_layer: 1,
          turbo_decoder_min: 2,
          turbo_decoder_avg: 2.969,
          turbo_decoder_max: 5,
          cqi: 13,
          ri: 2,
          ul_rank: 1,
          initial_ta: 1
        }
      ]
    }
  ],
  time: 1028.927,
  utc: 1744063507.241
}

