{
  message: ready,
  type: ENB,
  name: ENB,
  version: 2023-06-10,
  time: 2683.511,
  utc: 1744074046.485
}
{
  message: ue_get,
  ue_list: [
    {
      ran_ue_id: 46,
      amf_ue_id: 102,
      qos_flow_list: [
        {
          pdu_session_id: 1,
          dl_total_bytes: 15233,
          ul_total_bytes: 8943,
          sst: 1
        },
        {
          pdu_session_id: 2,
          dl_total_bytes: 7433532,
          ul_total_bytes: 32727340369,
          sst: 1
        }
      ],
      rnti: 17986,
      cells: [
        {
          cell_id: 1,
          dl_bitrate: 120973,
          ul_bitrate: 145192513,
          dl_tx: 87,
          ul_tx: 1218,
          dl_err: 0,
          ul_err: 0,
          dl_retx: 18,
          ul_retx: 15,
          pusch_snr: 22,
          epre: -98.3,
          ul_phr: 4,
          ul_path_loss: 78.5,
          p_ue: 15,
          dl_mcs: 21,
          ul_mcs: 19.7,
          ul_n_layer: 1,
          turbo_decoder_min: 1,
          turbo_decoder_avg: 2.521,
          turbo_decoder_max: 5,
          cqi: 14,
          ri: 2,
          ul_rank: 1,
          initial_ta: 1
        }
      ]
    }
  ],
  time: 2683.513,
  utc: 1744074046.496
}

