{
  message: ready,
  type: ENB,
  name: ENB,
  version: 2023-06-10,
  time: 2279.309,
  utc: 1744108779.68
}
{
  message: ue_get,
  ue_list: [
    {
      ran_ue_id: 72,
      amf_ue_id: 137,
      qos_flow_list: [],
      rnti: 17992,
      cells: [
        {
          cell_id: 1,
          dl_bitrate: 444,
          ul_bitrate: 0,
          dl_tx: 1,
          ul_tx: 0,
          dl_err: 0,
          ul_err: 3,
          dl_retx: 1,
          ul_retx: 12,
          pusch_snr: 6.2,
          epre: -115.5,
          dl_mcs: 10,
          ul_mcs: 7,
          ul_n_layer: 1,
          turbo_decoder_min: 5,
          turbo_decoder_avg: 5,
          turbo_decoder_max: 5,
          cqi: 1,
          ri: 2,
          ul_rank: 1,
          initial_ta: 2
        }
      ]
    },
    {
      ran_ue_id: 6,
      amf_ue_id: 105,
      qos_flow_list: [
        {
          pdu_session_id: 1,
          dl_total_bytes: 9833,
          ul_total_bytes: 7857,
          sst: 1
        },
        {
          pdu_session_id: 2,
          dl_total_bytes: 6771510,
          ul_total_bytes: 33512341950,
          sst: 1
        }
      ],
      rnti: 17926,
      cells: [
        {
          cell_id: 1,
          dl_bitrate: 105207,
          ul_bitrate: 135779911,
          dl_tx: 77,
          ul_tx: 1182,
          dl_err: 0,
          ul_err: 0,
          dl_retx: 3,
          ul_retx: 3,
          pusch_snr: 21.5,
          epre: -99.2,
          ul_phr: 4,
          ul_path_loss: 78.4,
          p_ue: 15,
          dl_mcs: 22.3,
          ul_mcs: 19.3,
          ul_n_layer: 1,
          turbo_decoder_min: 1,
          turbo_decoder_avg: 2.487,
          turbo_decoder_max: 5,
          cqi: 15,
          ri: 2,
          ul_rank: 1,
          initial_ta: 1
        }
      ]
    }
  ],
  time: 2279.311,
  utc: 1744108779.69
}

