{
  message: ready,
  type: ENB,
  name: ENB,
  version: 2023-06-10,
  time: 2252.678,
  utc: 1744108753.048
}
{
  message: ue_get,
  ue_list: [
    {
      ran_ue_id: 6,
      amf_ue_id: 105,
      qos_flow_list: [
        {
          pdu_session_id: 1,
          dl_total_bytes: 9833,
          ul_total_bytes: 7857,
          sst: 1
        },
        {
          pdu_session_id: 2,
          dl_total_bytes: 6580756,
          ul_total_bytes: 33094363382,
          sst: 1
        }
      ],
      rnti: 17926,
      cells: [
        {
          cell_id: 1,
          dl_bitrate: 115295,
          ul_bitrate: 134616842,
          dl_tx: 78,
          ul_tx: 1166,
          dl_err: 0,
          ul_err: 0,
          dl_retx: 0,
          ul_retx: 19,
          pusch_snr: 20,
          epre: -100.6,
          ul_phr: 4,
          ul_path_loss: 77.9,
          p_ue: 15,
          dl_mcs: 22.6,
          ul_mcs: 19,
          ul_n_layer: 1,
          turbo_decoder_min: 1,
          turbo_decoder_avg: 2.664,
          turbo_decoder_max: 5,
          cqi: 15,
          ri: 2,
          ul_rank: 1,
          initial_ta: 1
        }
      ]
    }
  ],
  time: 2252.679,
  utc: 1744108753.058
}

