{
  message: ready,
  type: ENB,
  name: ENB,
  version: 2023-06-10,
  time: 1117.234,
  utc: 1744081497.778
}
{
  message: ue_get,
  ue_list: [
    {
      ran_ue_id: 4,
      amf_ue_id: 103,
      qos_flow_list: [
        {
          pdu_session_id: 1,
          dl_total_bytes: 15041,
          ul_total_bytes: 8741,
          sst: 1
        },
        {
          pdu_session_id: 2,
          dl_total_bytes: 2129566,
          ul_total_bytes: 13831801352,
          sst: 1
        }
      ],
      rnti: 17924,
      cells: [
        {
          cell_id: 1,
          dl_bitrate: 140198,
          ul_bitrate: 107460076,
          dl_tx: 69,
          ul_tx: 831,
          dl_err: 0,
          ul_err: 0,
          dl_retx: 0,
          ul_retx: 14,
          pusch_snr: 23.2,
          epre: -97.8,
          ul_phr: 11,
          ul_path_loss: 68.7,
          p_ue: 8,
          dl_mcs: 25,
          ul_mcs: 21.3,
          ul_n_layer: 1,
          turbo_decoder_min: 1,
          turbo_decoder_avg: 2.285,
          turbo_decoder_max: 5,
          cqi: 15,
          ri: 2,
          ul_rank: 1,
          initial_ta: 1
        }
      ]
    }
  ],
  time: 1117.237,
  utc: 1744081497.789
}

