{
  message: ready,
  type: ENB,
  name: ENB,
  version: 2023-06-10,
  time: 2191.118,
  utc: 1744105800.798
}
{
  message: ue_get,
  ue_list: [
    {
      ran_ue_id: 3,
      amf_ue_id: 102,
      qos_flow_list: [
        {
          pdu_session_id: 1,
          dl_total_bytes: 15231,
          ul_total_bytes: 8947,
          sst: 1
        },
        {
          pdu_session_id: 2,
          dl_total_bytes: 6460452,
          ul_total_bytes: 31612267119,
          sst: 1
        }
      ],
      rnti: 17923,
      cells: [
        {
          cell_id: 1,
          dl_bitrate: 127645,
          ul_bitrate: 129251784,
          dl_tx: 74,
          ul_tx: 1092,
          dl_err: 0,
          ul_err: 0,
          dl_retx: 1,
          ul_retx: 14,
          pusch_snr: 18.8,
          epre: -101.8,
          ul_phr: 17,
          ul_path_loss: 68.7,
          p_ue: 5,
          dl_mcs: 25.2,
          ul_mcs: 19.2,
          ul_n_layer: 1,
          turbo_decoder_min: 1,
          turbo_decoder_avg: 2.632,
          turbo_decoder_max: 5,
          cqi: 15,
          ri: 2,
          ul_rank: 1,
          initial_ta: 1
        }
      ]
    }
  ],
  time: 2191.119,
  utc: 1744105800.809
}

