{
  message: ready,
  type: ENB,
  name: ENB,
  version: 2023-06-10,
  time: 2211.302,
  utc: 1744105820.983
}
{
  message: ue_get,
  ue_list: [
    {
      ran_ue_id: 3,
      amf_ue_id: 102,
      qos_flow_list: [
        {
          pdu_session_id: 1,
          dl_total_bytes: 15231,
          ul_total_bytes: 8947,
          sst: 1
        },
        {
          pdu_session_id: 2,
          dl_total_bytes: 6638363,
          ul_total_bytes: 31915691418,
          sst: 1
        }
      ],
      rnti: 17923,
      cells: [
        {
          cell_id: 1,
          dl_bitrate: 184731,
          ul_bitrate: 144817888,
          dl_tx: 82,
          ul_tx: 1193,
          dl_err: 0,
          ul_err: 0,
          dl_retx: 7,
          ul_retx: 10,
          pusch_snr: 23.6,
          epre: -96.3,
          ul_phr: 10,
          ul_path_loss: 68.6,
          p_ue: 9,
          dl_mcs: 23,
          ul_mcs: 20.6,
          ul_n_layer: 1,
          turbo_decoder_min: 0,
          turbo_decoder_avg: 2.106,
          turbo_decoder_max: 5,
          cqi: 15,
          ri: 2,
          ul_rank: 1,
          initial_ta: 1
        }
      ]
    }
  ],
  time: 2211.304,
  utc: 1744105820.993
}

