{
  message: ready,
  type: ENB,
  name: ENB,
  version: 2023-06-10,
  time: 1757.31,
  utc: 1744209554.781
}
{
  message: ue_get,
  ue_list: [
    {
      ran_ue_id: 66,
      amf_ue_id: 142,
      qos_flow_list: [
        {
          pdu_session_id: 2,
          dl_total_bytes: 18614,
          ul_total_bytes: 8011,
          sst: 1
        }
      ],
      rnti: 17994,
      cells: [
        {
          cell_id: 1,
          dl_bitrate: 29224,
          ul_bitrate: 23583,
          dl_tx: 9,
          ul_tx: 14,
          dl_err: 0,
          ul_err: 0,
          dl_retx: 1,
          ul_retx: 4,
          pusch_snr: 13.7,
          epre: -106.6,
          ul_phr: -3,
          ul_path_loss: 93.6,
          p_ue: 8,
          dl_mcs: 11.1,
          ul_mcs: 15.1,
          ul_n_layer: 1,
          turbo_decoder_min: 1,
          turbo_decoder_avg: 3,
          turbo_decoder_max: 5,
          cqi: 8,
          ri: 2,
          ul_rank: 1,
          initial_ta: 1
        }
      ]
    },
    {
      ran_ue_id: 65,
      amf_ue_id: 141,
      qos_flow_list: [],
      rnti: 17985,
      cells: [
        {
          cell_id: 1,
          dl_bitrate: 0,
          ul_bitrate: 0,
          dl_tx: 0,
          ul_tx: 0,
          dl_err: 0,
          ul_err: 0,
          dl_retx: 0,
          ul_retx: 0,
          pusch_snr: 9.8,
          epre: -110.8,
          ul_phr: -23,
          ul_path_loss: 119.3,
          p_ue: 24,
          cqi: 14,
          ri: 1,
          ul_rank: 1,
          initial_ta: 1
        }
      ]
    },
    {
      ran_ue_id: 3,
      amf_ue_id: 102,
      qos_flow_list: [
        {
          pdu_session_id: 1,
          dl_total_bytes: 26534,
          ul_total_bytes: 10333,
          sst: 1
        },
        {
          pdu_session_id: 2,
          dl_total_bytes: 4313690,
          ul_total_bytes: 35744440876,
          sst: 1
        }
      ],
      rnti: 17923,
      cells: [
        {
          cell_id: 1,
          dl_bitrate: 168535,
          ul_bitrate: 182097547,
          dl_tx: 97,
          ul_tx: 1494,
          dl_err: 0,
          ul_err: 0,
          dl_retx: 0,
          ul_retx: 16,
          pusch_snr: 21.4,
          epre: -98.9,
          ul_phr: 4,
          ul_path_loss: 78.3,
          p_ue: 15,
          dl_mcs: 23.5,
          ul_mcs: 20.7,
          ul_n_layer: 1,
          turbo_decoder_min: 1,
          turbo_decoder_avg: 2.685,
          turbo_decoder_max: 5,
          cqi: 15,
          ri: 2,
          ul_rank: 1,
          initial_ta: 1
        }
      ]
    }
  ],
  time: 1757.312,
  utc: 1744209554.791
}

