{
  message: ready,
  type: ENB,
  name: ENB,
  version: 2023-06-10,
  time: 406.325,
  utc: 1744844418.293
}
{
  message: ue_get,
  ue_list: [
    {
      ran_ue_id: 3,
      amf_ue_id: 102,
      qos_flow_list: [
        {
          pdu_session_id: 1,
          dl_total_bytes: 7410,
          ul_total_bytes: 7230,
          sst: 1
        },
        {
          pdu_session_id: 2,
          dl_total_bytes: 268622,
          ul_total_bytes: 3892030206,
          sst: 1
        }
      ],
      rnti: 17923,
      cells: [
        {
          cell_id: 1,
          dl_bitrate: 137886,
          ul_bitrate: 93953170,
          dl_tx: 94,
          ul_tx: 948,
          dl_err: 0,
          ul_err: 0,
          dl_retx: 0,
          ul_retx: 1,
          pusch_snr: 27.1,
          epre: -89.9,
          ul_phr: -8,
          ul_path_loss: 77.3,
          p_ue: 19,
          dl_mcs: 27.5,
          ul_mcs: 20.6,
          ul_n_layer: 1,
          turbo_decoder_min: 1,
          turbo_decoder_avg: 2.286,
          turbo_decoder_max: 5,
          cqi: 15,
          ri: 2,
          ul_rank: 1,
          initial_ta: 1
        }
      ]
    }
  ],
  time: 406.327,
  utc: 1744844418.304
}

