{
  message: ready,
  type: ENB,
  name: ENB,
  version: 2023-06-10,
  time: 2571.031,
  utc: 1744187268.414
}
{
  message: ue_get,
  ue_list: [
    {
      ran_ue_id: 3,
      amf_ue_id: 102,
      qos_flow_list: [
        {
          pdu_session_id: 1,
          dl_total_bytes: 15233,
          ul_total_bytes: 8949,
          sst: 1
        },
        {
          pdu_session_id: 2,
          dl_total_bytes: 9031260,
          ul_total_bytes: 54726476890,
          sst: 1
        }
      ],
      rnti: 17923,
      cells: [
        {
          cell_id: 1,
          dl_bitrate: 195166,
          ul_bitrate: 180823808,
          dl_tx: 90,
          ul_tx: 1348,
          dl_err: 0,
          ul_err: 0,
          dl_retx: 2,
          ul_retx: 16,
          pusch_snr: 25.6,
          epre: -94.4,
          ul_phr: -5,
          ul_path_loss: 77.5,
          p_ue: 19,
          dl_mcs: 23,
          ul_mcs: 21.9,
          ul_n_layer: 1,
          turbo_decoder_min: 0,
          turbo_decoder_avg: 2.219,
          turbo_decoder_max: 5,
          cqi: 15,
          ri: 2,
          ul_rank: 1,
          initial_ta: 1
        }
      ]
    }
  ],
  time: 2571.033,
  utc: 1744187268.425
}

