{
  message: ready,
  type: ENB,
  name: ENB,
  version: 2023-06-10,
  time: 1120.646,
  utc: 1744069576.181
}
{
  message: ue_get,
  ue_list: [
    {
      ran_ue_id: 4,
      amf_ue_id: 103,
      qos_flow_list: [
        {
          pdu_session_id: 1,
          dl_total_bytes: 15121,
          ul_total_bytes: 9548,
          sst: 1
        },
        {
          pdu_session_id: 2,
          dl_total_bytes: 2141216,
          ul_total_bytes: 14511731576,
          sst: 1
        }
      ],
      rnti: 17924,
      cells: [
        {
          cell_id: 1,
          dl_bitrate: 147055,
          ul_bitrate: 111842914,
          dl_tx: 72,
          ul_tx: 901,
          dl_err: 0,
          ul_err: 0,
          dl_retx: 0,
          ul_retx: 0,
          pusch_snr: 24.1,
          epre: -96.6,
          ul_phr: 11,
          ul_path_loss: 68.8,
          p_ue: 8,
          dl_mcs: 26.6,
          ul_mcs: 21,
          ul_n_layer: 1,
          turbo_decoder_min: 2,
          turbo_decoder_avg: 2.226,
          turbo_decoder_max: 5,
          cqi: 14,
          ri: 2,
          ul_rank: 1,
          initial_ta: 1
        }
      ]
    }
  ],
  time: 1120.648,
  utc: 1744069576.192
}

