{
  message: ready,
  type: ENB,
  name: ENB,
  version: 2023-06-10,
  time: 1825.611,
  utc: 1744076433.765
}
{
  message: ue_get,
  ue_list: [
    {
      ran_ue_id: 4,
      amf_ue_id: 103,
      qos_flow_list: [
        {
          pdu_session_id: 1,
          dl_total_bytes: 15049,
          ul_total_bytes: 8741,
          sst: 1
        },
        {
          pdu_session_id: 2,
          dl_total_bytes: 4541014,
          ul_total_bytes: 28076738928,
          sst: 1
        }
      ],
      rnti: 17924,
      cells: [
        {
          cell_id: 1,
          dl_bitrate: 137909,
          ul_bitrate: 132028828,
          dl_tx: 84,
          ul_tx: 1268,
          dl_err: 0,
          ul_err: 0,
          dl_retx: 8,
          ul_retx: 11,
          pusch_snr: 19,
          epre: -101.8,
          ul_phr: 10,
          ul_path_loss: 89.7,
          p_ue: 9,
          dl_mcs: 21,
          ul_mcs: 17.7,
          ul_n_layer: 1,
          turbo_decoder_min: 1,
          turbo_decoder_avg: 2.748,
          turbo_decoder_max: 5,
          cqi: 14,
          ri: 2,
          ul_rank: 1,
          initial_ta: 0
        }
      ]
    }
  ],
  time: 1825.613,
  utc: 1744076433.776
}

