{
  message: ready,
  type: ENB,
  name: ENB,
  version: 2023-06-10,
  time: 585.863,
  utc: 1744071948.837
}
{
  message: ue_get,
  ue_list: [
    {
      ran_ue_id: 55,
      amf_ue_id: 111,
      qos_flow_list: [
        {
          pdu_session_id: 2,
          dl_total_bytes: 94294,
          ul_total_bytes: 24525,
          sst: 1
        }
      ],
      rnti: 17975,
      cells: [
        {
          cell_id: 1,
          dl_bitrate: 1280,
          ul_bitrate: 7279,
          dl_tx: 2,
          ul_tx: 5,
          dl_err: 0,
          ul_err: 0,
          dl_retx: 0,
          ul_retx: 0,
          pusch_snr: 18.9,
          epre: -101.5,
          ul_phr: -7,
          ul_path_loss: 92.5,
          p_ue: 8,
          dl_mcs: 11,
          ul_mcs: 17.8,
          ul_n_layer: 1,
          turbo_decoder_min: 2,
          turbo_decoder_avg: 2,
          turbo_decoder_max: 2,
          cqi: 9,
          ri: 2,
          ul_rank: 1,
          initial_ta: 1
        }
      ]
    },
    {
      ran_ue_id: 46,
      amf_ue_id: 102,
      qos_flow_list: [
        {
          pdu_session_id: 1,
          dl_total_bytes: 14865,
          ul_total_bytes: 8539,
          sst: 1
        },
        {
          pdu_session_id: 2,
          dl_total_bytes: 437883,
          ul_total_bytes: 2567635695,
          sst: 1
        }
      ],
      rnti: 17966,
      cells: [
        {
          cell_id: 1,
          dl_bitrate: 107551,
          ul_bitrate: 113105127,
          dl_tx: 66,
          ul_tx: 888,
          dl_err: 0,
          ul_err: 0,
          dl_retx: 0,
          ul_retx: 13,
          pusch_snr: 25.1,
          epre: -94.7,
          ul_phr: 22,
          ul_path_loss: 76.7,
          p_ue: -3,
          dl_mcs: 23.9,
          ul_mcs: 21.1,
          ul_n_layer: 1,
          turbo_decoder_min: 1,
          turbo_decoder_avg: 2.179,
          turbo_decoder_max: 5,
          cqi: 14,
          ri: 2,
          ul_rank: 1,
          initial_ta: 1
        }
      ]
    }
  ],
  time: 585.864,
  utc: 1744071948.848
}

