{
  message: ready,
  type: ENB,
  name: ENB,
  version: 2023-06-10,
  time: 835.9,
  utc: 1744087058.243
}
{
  message: ue_get,
  ue_list: [
    {
      ran_ue_id: 3,
      amf_ue_id: 102,
      qos_flow_list: [
        {
          pdu_session_id: 1,
          dl_total_bytes: 14865,
          ul_total_bytes: 8545,
          sst: 1
        },
        {
          pdu_session_id: 2,
          dl_total_bytes: 1480073,
          ul_total_bytes: 12633568936,
          sst: 1
        }
      ],
      rnti: 17923,
      cells: [
        {
          cell_id: 1,
          dl_bitrate: 131331,
          ul_bitrate: 136843114,
          dl_tx: 94,
          ul_tx: 1536,
          dl_err: 0,
          ul_err: 0,
          dl_retx: 32,
          ul_retx: 0,
          pusch_snr: 19,
          epre: -101.9,
          ul_phr: -12,
          ul_path_loss: 88,
          p_ue: 22,
          dl_mcs: 21.5,
          ul_mcs: 15,
          ul_n_layer: 1,
          turbo_decoder_min: 1,
          turbo_decoder_avg: 2.036,
          turbo_decoder_max: 3,
          cqi: 14,
          ri: 2,
          ul_rank: 1,
          initial_ta: 1
        }
      ]
    }
  ],
  time: 835.902,
  utc: 1744087058.253
}

