{
  message: ready,
  type: ENB,
  name: ENB,
  version: 2023-06-10,
  time: 156.323,
  utc: 1743785315.218
}
{
  message: ue_get,
  ue_list: [
    {
      ran_ue_id: 4,
      amf_ue_id: 103,
      qos_flow_list: [
        {
          pdu_session_id: 1,
          dl_total_bytes: 9465,
          ul_total_bytes: 7459,
          sst: 1
        },
        {
          pdu_session_id: 2,
          dl_total_bytes: 202031,
          ul_total_bytes: 473260469,
          sst: 1
        }
      ],
      rnti: 17924,
      cells: [
        {
          cell_id: 1,
          dl_bitrate: 139787,
          ul_bitrate: 43159086,
          dl_tx: 90,
          ul_tx: 1019,
          dl_err: 0,
          ul_err: 0,
          dl_retx: 0,
          ul_retx: 12,
          pusch_snr: 29.6,
          epre: -87.5,
          ul_phr: 5,
          ul_path_loss: 70.9,
          p_ue: 14,
          dl_mcs: 27.9,
          ul_mcs: 26.2,
          ul_n_layer: 1,
          turbo_decoder_min: 1,
          turbo_decoder_avg: 2.613,
          turbo_decoder_max: 5,
          cqi: 15,
          ri: 2,
          ul_rank: 1,
          initial_ta: 1
        }
      ]
    }
  ],
  time: 156.324,
  utc: 1743785315.228
}

