{
  message: ready,
  type: ENB,
  name: ENB,
  version: 2023-06-10,
  time: 2868.735,
  utc: 1744115162.585
}
{
  message: ue_get,
  ue_list: [
    {
      ran_ue_id: 31,
      amf_ue_id: 130,
      qos_flow_list: [
        {
          pdu_session_id: 2,
          dl_total_bytes: 98871,
          ul_total_bytes: 48077,
          sst: 1
        }
      ],
      rnti: 17951,
      cells: [
        {
          cell_id: 1,
          dl_bitrate: 12746,
          ul_bitrate: 88742,
          dl_tx: 9,
          ul_tx: 1667,
          dl_err: 0,
          ul_err: 0,
          dl_retx: 4,
          ul_retx: 4,
          pusch_snr: 4.1,
          epre: -117.3,
          ul_phr: -25,
          ul_path_loss: 115.3,
          p_ue: 8,
          dl_mcs: 5.2,
          ul_mcs: 1,
          ul_n_layer: 1,
          turbo_decoder_min: 1,
          turbo_decoder_avg: 1.543,
          turbo_decoder_max: 5,
          cqi: 6,
          ri: 1,
          ul_rank: 1,
          initial_ta: 0
        }
      ]
    },
    {
      ran_ue_id: 3,
      amf_ue_id: 102,
      qos_flow_list: [
        {
          pdu_session_id: 1,
          dl_total_bytes: 15417,
          ul_total_bytes: 9151,
          sst: 1
        },
        {
          pdu_session_id: 2,
          dl_total_bytes: 10773646,
          ul_total_bytes: 28551994309,
          sst: 1
        }
      ],
      rnti: 17923,
      cells: [
        {
          cell_id: 1,
          dl_bitrate: 142328,
          ul_bitrate: 86667922,
          dl_tx: 99,
          ul_tx: 1689,
          dl_err: 0,
          ul_err: 0,
          dl_retx: 11,
          ul_retx: 26,
          pusch_snr: 9.6,
          epre: -111.5,
          ul_phr: -17,
          ul_path_loss: 99.3,
          p_ue: 23,
          dl_mcs: 13.1,
          ul_mcs: 8.6,
          ul_n_layer: 1,
          turbo_decoder_min: 1,
          turbo_decoder_avg: 3.362,
          turbo_decoder_max: 5,
          cqi: 9,
          ri: 2,
          ul_rank: 1,
          initial_ta: 1
        }
      ]
    }
  ],
  time: 2868.737,
  utc: 1744115162.595
}

