{
  message: ready,
  type: ENB,
  name: ENB,
  version: 2023-06-10,
  time: 2874.204,
  utc: 1744109374.574
}
{
  message: ue_get,
  ue_list: [
    {
      ran_ue_id: 6,
      amf_ue_id: 105,
      qos_flow_list: [
        {
          pdu_session_id: 1,
          dl_total_bytes: 10017,
          ul_total_bytes: 8059,
          sst: 1
        },
        {
          pdu_session_id: 2,
          dl_total_bytes: 10541840,
          ul_total_bytes: 42853138761,
          sst: 1
        }
      ],
      rnti: 17926,
      cells: [
        {
          cell_id: 1,
          dl_bitrate: 87556,
          ul_bitrate: 96823365,
          dl_tx: 60,
          ul_tx: 803,
          dl_err: 0,
          ul_err: 0,
          dl_retx: 1,
          ul_retx: 16,
          pusch_snr: 24.2,
          epre: -96.4,
          ul_phr: 7,
          ul_path_loss: 78.8,
          p_ue: 15,
          dl_mcs: 23,
          ul_mcs: 19.9,
          ul_n_layer: 1,
          turbo_decoder_min: 1,
          turbo_decoder_avg: 3.066,
          turbo_decoder_max: 5,
          cqi: 15,
          ri: 2,
          ul_rank: 1,
          initial_ta: 1
        }
      ]
    }
  ],
  time: 2874.207,
  utc: 1744109374.586
}

