{
  message: ready,
  type: ENB,
  name: ENB,
  version: 2023-06-10,
  time: 2886.927,
  utc: 1744109387.297
}
{
  message: ue_get,
  ue_list: [
    {
      ran_ue_id: 86,
      amf_ue_id: 145,
      qos_flow_list: [],
      rnti: 18006,
      cells: [
        {
          cell_id: 1,
          dl_bitrate: 0,
          ul_bitrate: 0,
          dl_tx: 0,
          ul_tx: 0,
          dl_err: 0,
          ul_err: 0,
          dl_retx: 0,
          ul_retx: 0,
          pusch_snr: 9.1,
          epre: -112.5,
          ul_phr: -14,
          ul_path_loss: 123.9,
          p_ue: 24,
          cqi: 11,
          ri: 2,
          ul_rank: 1,
          initial_ta: 2
        }
      ]
    },
    {
      ran_ue_id: 6,
      amf_ue_id: 105,
      qos_flow_list: [
        {
          pdu_session_id: 1,
          dl_total_bytes: 10017,
          ul_total_bytes: 8059,
          sst: 1
        },
        {
          pdu_session_id: 2,
          dl_total_bytes: 10643335,
          ul_total_bytes: 43059455713,
          sst: 1
        }
      ],
      rnti: 17926,
      cells: [
        {
          cell_id: 1,
          dl_bitrate: 170180,
          ul_bitrate: 109940264,
          dl_tx: 76,
          ul_tx: 1010,
          dl_err: 0,
          ul_err: 0,
          dl_retx: 0,
          ul_retx: 0,
          pusch_snr: 21.2,
          epre: -100.1,
          ul_phr: 26,
          ul_path_loss: 77.5,
          p_ue: -4,
          dl_mcs: 23.8,
          ul_mcs: 18.4,
          ul_n_layer: 1,
          turbo_decoder_min: 1,
          turbo_decoder_avg: 2.318,
          turbo_decoder_max: 5,
          cqi: 15,
          ri: 2,
          ul_rank: 1,
          initial_ta: 1
        }
      ]
    }
  ],
  time: 2886.928,
  utc: 1744109387.307
}

