{
  message: ready,
  type: ENB,
  name: ENB,
  version: 2023-06-10,
  time: 1063.56,
  utc: 1744197320.411
}
{
  message: ue_get,
  ue_list: [
    {
      ran_ue_id: 20,
      amf_ue_id: 119,
      qos_flow_list: [],
      rnti: 17940,
      cells: [
        {
          cell_id: 1,
          dl_bitrate: 0,
          ul_bitrate: 0,
          dl_tx: 0,
          ul_tx: 0,
          dl_err: 0,
          ul_err: 0,
          dl_retx: 0,
          ul_retx: 0,
          pusch_snr: 6.7,
          epre: -115.1,
          ul_phr: -25,
          ul_path_loss: 117.6,
          p_ue: 24,
          cqi: 13,
          ri: 2,
          ul_rank: 1,
          initial_ta: 1
        }
      ]
    },
    {
      ran_ue_id: 3,
      amf_ue_id: 102,
      qos_flow_list: [
        {
          pdu_session_id: 1,
          dl_total_bytes: 15050,
          ul_total_bytes: 8748,
          sst: 1
        },
        {
          pdu_session_id: 2,
          dl_total_bytes: 1977684,
          ul_total_bytes: 21433180559,
          sst: 1
        }
      ],
      rnti: 17923,
      cells: [
        {
          cell_id: 1,
          dl_bitrate: 177528,
          ul_bitrate: 178592745,
          dl_tx: 97,
          ul_tx: 1402,
          dl_err: 0,
          ul_err: 0,
          dl_retx: 0,
          ul_retx: 2,
          pusch_snr: 24.9,
          epre: -94.7,
          ul_phr: 0,
          ul_path_loss: 78.1,
          p_ue: 19,
          dl_mcs: 24.3,
          ul_mcs: 21.6,
          ul_n_layer: 1,
          turbo_decoder_min: 1,
          turbo_decoder_avg: 2.109,
          turbo_decoder_max: 5,
          cqi: 15,
          ri: 2,
          ul_rank: 1,
          initial_ta: 0
        }
      ]
    }
  ],
  time: 1063.562,
  utc: 1744197320.422
}

