{
  message: ready,
  type: ENB,
  name: ENB,
  version: 2023-06-10,
  time: 2164.612,
  utc: 1744099994.803
}
{
  message: ue_get,
  ue_list: [
    {
      ran_ue_id: 3,
      amf_ue_id: 102,
      qos_flow_list: [
        {
          pdu_session_id: 1,
          dl_total_bytes: 15225,
          ul_total_bytes: 8927,
          sst: 1
        },
        {
          pdu_session_id: 2,
          dl_total_bytes: 6358347,
          ul_total_bytes: 33101852667,
          sst: 1
        }
      ],
      rnti: 17923,
      cells: [
        {
          cell_id: 1,
          dl_bitrate: 192534,
          ul_bitrate: 134471910,
          dl_tx: 96,
          ul_tx: 1423,
          dl_err: 0,
          ul_err: 0,
          dl_retx: 10,
          ul_retx: 0,
          pusch_snr: 19.6,
          epre: -101.4,
          ul_phr: -11,
          ul_path_loss: 87.6,
          p_ue: 22,
          dl_mcs: 21.1,
          ul_mcs: 16.1,
          ul_n_layer: 1,
          turbo_decoder_min: 2,
          turbo_decoder_avg: 2.431,
          turbo_decoder_max: 5,
          cqi: 14,
          ri: 2,
          ul_rank: 1,
          initial_ta: 1
        }
      ]
    }
  ],
  time: 2164.613,
  utc: 1744099994.813
}

