{
  message: ready,
  type: ENB,
  name: ENB,
  version: 2023-06-10,
  time: 817.52,
  utc: 1744104427.2
}
{
  message: ue_get,
  ue_list: [
    {
      ran_ue_id: 3,
      amf_ue_id: 102,
      qos_flow_list: [
        {
          pdu_session_id: 1,
          dl_total_bytes: 14863,
          ul_total_bytes: 8543,
          sst: 1
        },
        {
          pdu_session_id: 2,
          dl_total_bytes: 1436881,
          ul_total_bytes: 11091516255,
          sst: 1
        }
      ],
      rnti: 17923,
      cells: [
        {
          cell_id: 1,
          dl_bitrate: 71362,
          ul_bitrate: 80003327,
          dl_tx: 46,
          ul_tx: 500,
          dl_err: 0,
          ul_err: 0,
          dl_retx: 5,
          ul_retx: 4,
          pusch_snr: 29.2,
          epre: -89.2,
          ul_phr: 26,
          ul_path_loss: 68,
          p_ue: -7,
          dl_mcs: 23,
          ul_mcs: 25.2,
          ul_n_layer: 1,
          turbo_decoder_min: 1,
          turbo_decoder_avg: 2.16,
          turbo_decoder_max: 5,
          cqi: 15,
          ri: 2,
          ul_rank: 1,
          initial_ta: 1
        }
      ]
    }
  ],
  time: 817.522,
  utc: 1744104427.211
}

