{
  message: ready,
  type: ENB,
  name: ENB,
  version: 2023-06-10,
  time: 2269.152,
  utc: 1744053140.329
}
{
  message: ue_get,
  ue_list: [
    {
      ran_ue_id: 5,
      amf_ue_id: 104,
      qos_flow_list: [
        {
          pdu_session_id: 1,
          dl_total_bytes: 9831,
          ul_total_bytes: 7861,
          sst: 1
        },
        {
          pdu_session_id: 2,
          dl_total_bytes: 6843452,
          ul_total_bytes: 25319052953,
          sst: 1
        }
      ],
      rnti: 17925,
      cells: [
        {
          cell_id: 1,
          dl_bitrate: 211605,
          ul_bitrate: 98707561,
          dl_tx: 117,
          ul_tx: 1062,
          dl_err: 0,
          ul_err: 0,
          dl_retx: 1,
          ul_retx: 11,
          pusch_snr: 19,
          epre: -101.8,
          ul_phr: -7,
          ul_path_loss: 88,
          p_ue: 22,
          dl_mcs: 24.4,
          ul_mcs: 18.1,
          ul_n_layer: 1,
          turbo_decoder_min: 1,
          turbo_decoder_avg: 3.004,
          turbo_decoder_max: 5,
          cqi: 15,
          ri: 2,
          ul_rank: 1,
          initial_ta: 2
        }
      ]
    }
  ],
  time: 2269.154,
  utc: 1744053140.339
}

