{
  message: ready,
  type: ENB,
  name: ENB,
  version: 2023-06-10,
  time: 529.978,
  utc: 1744199647.349
}
{
  message: ue_get,
  ue_list: [
    {
      ran_ue_id: 4,
      amf_ue_id: 103,
      qos_flow_list: [
        {
          pdu_session_id: 1,
          dl_total_bytes: 14865,
          ul_total_bytes: 8545,
          sst: 1
        },
        {
          pdu_session_id: 2,
          dl_total_bytes: 941185,
          ul_total_bytes: 8487497850,
          sst: 1
        }
      ],
      rnti: 17924,
      cells: [
        {
          cell_id: 1,
          dl_bitrate: 124825,
          ul_bitrate: 109634988,
          dl_tx: 93,
          ul_tx: 1623,
          dl_err: 0,
          ul_err: 0,
          dl_retx: 6,
          ul_retx: 0,
          pusch_snr: 20,
          epre: -101,
          ul_phr: -15,
          ul_path_loss: 87.4,
          p_ue: 22,
          dl_mcs: 21,
          ul_mcs: 12,
          ul_n_layer: 1,
          turbo_decoder_min: 1,
          turbo_decoder_avg: 1.834,
          turbo_decoder_max: 3,
          cqi: 14,
          ri: 2,
          ul_rank: 1,
          initial_ta: 1
        }
      ]
    }
  ],
  time: 529.979,
  utc: 1744199647.359
}

