{
  message: ready,
  type: ENB,
  name: ENB,
  version: 2023-06-10,
  time: 4706.33,
  utc: 1744843758.907
}
{
  message: ue_get,
  ue_list: [
    {
      ran_ue_id: 2,
      amf_ue_id: 101,
      qos_flow_list: [
        {
          pdu_session_id: 1,
          dl_total_bytes: 13029,
          ul_total_bytes: 11582,
          sst: 1
        },
        {
          pdu_session_id: 2,
          dl_total_bytes: 5562565,
          ul_total_bytes: 1811572552,
          sst: 1
        }
      ],
      rnti: 17922,
      cells: [
        {
          cell_id: 1,
          dl_bitrate: 19314,
          ul_bitrate: 2667498,
          dl_tx: 23,
          ul_tx: 1035,
          dl_err: 0,
          ul_err: 0,
          dl_retx: 1,
          ul_retx: 10,
          pusch_snr: 7.5,
          epre: -113.6,
          ul_phr: -26,
          ul_path_loss: 109.1,
          p_ue: 23,
          dl_mcs: 18,
          ul_mcs: 4,
          ul_n_layer: 1,
          turbo_decoder_min: 1,
          turbo_decoder_avg: 1.575,
          turbo_decoder_max: 5,
          cqi: 12,
          ri: 2,
          ul_rank: 1,
          initial_ta: 1
        }
      ]
    }
  ],
  time: 4706.332,
  utc: 1744843758.918
}

