{
  message: ready,
  type: ENB,
  name: ENB,
  version: 2023-06-10,
  time: 951.826,
  utc: 1743797185.63
}
{
  message: ue_get,
  ue_list: [
    {
      ran_ue_id: 43,
      amf_ue_id: 127,
      qos_flow_list: [
        {
          pdu_session_id: 1,
          dl_total_bytes: 184,
          ul_total_bytes: 202,
          sst: 1
        }
      ],
      rnti: 17963,
      cells: [
        {
          cell_id: 1,
          dl_bitrate: 2986,
          ul_bitrate: 1898,
          dl_tx: 2,
          ul_tx: 1,
          dl_err: 0,
          ul_err: 0,
          dl_retx: 0,
          ul_retx: 1,
          pusch_snr: 21.7,
          epre: -99.4,
          ul_phr: 10,
          ul_path_loss: 77.9,
          p_ue: -2,
          dl_mcs: 24,
          ul_mcs: 23,
          ul_n_layer: 1,
          turbo_decoder_min: 2,
          turbo_decoder_avg: 3.5,
          turbo_decoder_max: 5,
          cqi: 14,
          ri: 2,
          ul_rank: 1,
          initial_ta: 1
        }
      ]
    },
    {
      ran_ue_id: 4,
      amf_ue_id: 103,
      qos_flow_list: [
        {
          pdu_session_id: 1,
          dl_total_bytes: 15058,
          ul_total_bytes: 8742,
          sst: 1
        },
        {
          pdu_session_id: 2,
          dl_total_bytes: 1404279,
          ul_total_bytes: 26219295794,
          sst: 1
        }
      ],
      rnti: 17924,
      cells: [
        {
          cell_id: 1,
          dl_bitrate: 137958,
          ul_bitrate: 237925831,
          dl_tx: 91,
          ul_tx: 1598,
          dl_err: 0,
          ul_err: 0,
          dl_retx: 1,
          ul_retx: 14,
          pusch_snr: 25.4,
          epre: -94.2,
          ul_phr: 9,
          ul_path_loss: 68.4,
          p_ue: 10,
          dl_mcs: 23.1,
          ul_mcs: 24,
          ul_n_layer: 1,
          turbo_decoder_min: 1,
          turbo_decoder_avg: 2.706,
          turbo_decoder_max: 5,
          cqi: 14,
          ri: 2,
          ul_rank: 1,
          initial_ta: 1
        }
      ]
    }
  ],
  time: 951.828,
  utc: 1743797185.64
}

