{
  message: ready,
  type: ENB,
  name: ENB,
  version: 2023-06-10,
  time: 1136.823,
  utc: 1744046266.561
}
{
  message: ue_get,
  ue_list: [
    {
      ran_ue_id: 32,
      amf_ue_id: 125,
      qos_flow_list: [
        {
          pdu_session_id: 2,
          dl_total_bytes: 50370,
          ul_total_bytes: 18289,
          sst: 1
        }
      ],
      rnti: 17952,
      cells: [
        {
          cell_id: 1,
          dl_bitrate: 2455,
          ul_bitrate: 0,
          dl_tx: 2,
          ul_tx: 0,
          dl_err: 0,
          ul_err: 0,
          dl_retx: 0,
          ul_retx: 0,
          pusch_snr: 23.2,
          epre: -98,
          ul_phr: 5,
          ul_path_loss: 82.5,
          p_ue: 3,
          dl_mcs: 24,
          cqi: 15,
          ri: 2,
          ul_rank: 1,
          initial_ta: 1
        }
      ]
    },
    {
      ran_ue_id: 4,
      amf_ue_id: 103,
      qos_flow_list: [
        {
          pdu_session_id: 1,
          dl_total_bytes: 15040,
          ul_total_bytes: 8724,
          sst: 1
        },
        {
          pdu_session_id: 2,
          dl_total_bytes: 2190054,
          ul_total_bytes: 16405113970,
          sst: 1
        }
      ],
      rnti: 17924,
      cells: [
        {
          cell_id: 1,
          dl_bitrate: 199962,
          ul_bitrate: 134317529,
          dl_tx: 116,
          ul_tx: 1001,
          dl_err: 0,
          ul_err: 0,
          dl_retx: 0,
          ul_retx: 10,
          pusch_snr: 29.5,
          epre: -91.2,
          ul_phr: 6,
          ul_path_loss: 68.4,
          p_ue: 13,
          dl_mcs: 28,
          ul_mcs: 25.9,
          ul_n_layer: 1,
          turbo_decoder_min: 1,
          turbo_decoder_avg: 2.325,
          turbo_decoder_max: 5,
          cqi: 15,
          ri: 2,
          ul_rank: 1,
          initial_ta: 1
        }
      ]
    }
  ],
  time: 1136.825,
  utc: 1744046266.572
}

