{
  message: ready,
  type: ENB,
  name: ENB,
  version: 2023-06-10,
  time: 2834.382,
  utc: 1744089056.724
}
{
  message: ue_get,
  ue_list: [
    {
      ran_ue_id: 3,
      amf_ue_id: 102,
      qos_flow_list: [
        {
          pdu_session_id: 1,
          dl_total_bytes: 15417,
          ul_total_bytes: 9151,
          sst: 1
        },
        {
          pdu_session_id: 2,
          dl_total_bytes: 10675376,
          ul_total_bytes: 45412376874,
          sst: 1
        }
      ],
      rnti: 17923,
      cells: [
        {
          cell_id: 1,
          dl_bitrate: 177936,
          ul_bitrate: 135050986,
          dl_tx: 92,
          ul_tx: 1412,
          dl_err: 0,
          ul_err: 0,
          dl_retx: 26,
          ul_retx: 4,
          pusch_snr: 19.2,
          epre: -101.9,
          ul_phr: -11,
          ul_path_loss: 88,
          p_ue: 22,
          dl_mcs: 21.2,
          ul_mcs: 16.1,
          ul_n_layer: 1,
          turbo_decoder_min: 0,
          turbo_decoder_avg: 2.179,
          turbo_decoder_max: 5,
          cqi: 14,
          ri: 2,
          ul_rank: 1,
          initial_ta: 1
        }
      ]
    }
  ],
  time: 2834.383,
  utc: 1744089056.735
}

