{
  message: ready,
  type: ENB,
  name: ENB,
  version: 2023-06-10,
  time: 1237.752,
  utc: 1744211909.951
}
{
  message: ue_get,
  ue_list: [
    {
      ran_ue_id: 3,
      amf_ue_id: 102,
      qos_flow_list: [
        {
          pdu_session_id: 1,
          dl_total_bytes: 19162,
          ul_total_bytes: 9124,
          sst: 1
        },
        {
          pdu_session_id: 2,
          dl_total_bytes: 2501029,
          ul_total_bytes: 11915363730,
          sst: 1
        }
      ],
      rnti: 17923,
      cells: [
        {
          cell_id: 1,
          dl_bitrate: 97346,
          ul_bitrate: 101878243,
          dl_tx: 95,
          ul_tx: 1720,
          dl_err: 0,
          ul_err: 0,
          dl_retx: 19,
          ul_retx: 0,
          pusch_snr: 19.5,
          epre: -100.9,
          ul_phr: -17,
          ul_path_loss: 87.7,
          p_ue: 22,
          dl_mcs: 11.5,
          ul_mcs: 10.5,
          ul_n_layer: 1,
          turbo_decoder_min: 1,
          turbo_decoder_avg: 1.542,
          turbo_decoder_max: 2,
          cqi: 10,
          ri: 2,
          ul_rank: 1,
          initial_ta: 1
        }
      ]
    }
  ],
  time: 1237.753,
  utc: 1744211909.962
}

