{
  message: ready,
  type: ENB,
  name: ENB,
  version: 2023-06-10,
  time: 2757.656,
  utc: 1744047887.393
}
{
  message: ue_get,
  ue_list: [
    {
      ran_ue_id: 4,
      amf_ue_id: 103,
      qos_flow_list: [
        {
          pdu_session_id: 1,
          dl_total_bytes: 15224,
          ul_total_bytes: 8926,
          sst: 1
        },
        {
          pdu_session_id: 2,
          dl_total_bytes: 10115097,
          ul_total_bytes: 41413772697,
          sst: 1
        }
      ],
      rnti: 17924,
      cells: [
        {
          cell_id: 1,
          dl_bitrate: 224231,
          ul_bitrate: 115660331,
          dl_tx: 115,
          ul_tx: 1058,
          dl_err: 0,
          ul_err: 0,
          dl_retx: 0,
          ul_retx: 11,
          pusch_snr: 23.3,
          epre: -97.1,
          ul_phr: 12,
          ul_path_loss: 68.6,
          p_ue: 7,
          dl_mcs: 28,
          ul_mcs: 21.4,
          ul_n_layer: 1,
          turbo_decoder_min: 1,
          turbo_decoder_avg: 2.678,
          turbo_decoder_max: 5,
          cqi: 15,
          ri: 2,
          ul_rank: 1,
          initial_ta: 1
        }
      ]
    }
  ],
  time: 2757.657,
  utc: 1744047887.403
}

