{
  message: ready,
  type: ENB,
  name: ENB,
  version: 2023-06-10,
  time: 81.833,
  utc: 1744083373.506
}
{
  message: ue_get,
  ue_list: [
    {
      ran_ue_id: 5,
      amf_ue_id: 104,
      qos_flow_list: [
        {
          pdu_session_id: 1,
          dl_total_bytes: 9465,
          ul_total_bytes: 7453,
          sst: 1
        },
        {
          pdu_session_id: 2,
          dl_total_bytes: 107495,
          ul_total_bytes: 31128950,
          sst: 1
        }
      ],
      rnti: 17925,
      cells: [
        {
          cell_id: 1,
          dl_bitrate: 73409,
          ul_bitrate: 69082620,
          dl_tx: 48,
          ul_tx: 487,
          dl_err: 0,
          ul_err: 0,
          dl_retx: 14,
          ul_retx: 0,
          pusch_snr: 31.8,
          epre: -89,
          ul_phr: 19,
          ul_path_loss: 76.9,
          p_ue: 0,
          dl_mcs: 22.2,
          ul_mcs: 23,
          ul_n_layer: 1,
          turbo_decoder_min: 0,
          turbo_decoder_avg: 2.261,
          turbo_decoder_max: 4,
          cqi: 15,
          ri: 2,
          ul_rank: 1,
          initial_ta: 0
        }
      ]
    }
  ],
  time: 81.835,
  utc: 1744083373.517
}

