{
  message: ready,
  type: ENB,
  name: ENB,
  version: 2023-06-10,
  time: 2775.952,
  utc: 1744112198.302
}
{
  message: ue_get,
  ue_list: [
    {
      ran_ue_id: 5,
      amf_ue_id: 103,
      qos_flow_list: [
        {
          pdu_session_id: 1,
          dl_total_bytes: 15416,
          ul_total_bytes: 9150,
          sst: 1
        },
        {
          pdu_session_id: 2,
          dl_total_bytes: 10330858,
          ul_total_bytes: 44395709073,
          sst: 1
        }
      ],
      rnti: 17925,
      cells: [
        {
          cell_id: 1,
          dl_bitrate: 181455,
          ul_bitrate: 136835141,
          dl_tx: 95,
          ul_tx: 1420,
          dl_err: 0,
          ul_err: 0,
          dl_retx: 33,
          ul_retx: 4,
          pusch_snr: 19.1,
          epre: -101.8,
          ul_phr: 11,
          ul_path_loss: 90,
          p_ue: 8,
          dl_mcs: 21.5,
          ul_mcs: 16.4,
          ul_n_layer: 1,
          turbo_decoder_min: 1,
          turbo_decoder_avg: 2.453,
          turbo_decoder_max: 5,
          cqi: 14,
          ri: 2,
          ul_rank: 1,
          initial_ta: 0
        }
      ]
    }
  ],
  time: 2775.954,
  utc: 1744112198.313
}

