{
  message: ready,
  type: ENB,
  name: ENB,
  version: 2023-06-10,
  time: 1330.916,
  utc: 1744087553.258
}
{
  message: ue_get,
  ue_list: [
    {
      ran_ue_id: 3,
      amf_ue_id: 102,
      qos_flow_list: [
        {
          pdu_session_id: 1,
          dl_total_bytes: 15049,
          ul_total_bytes: 8747,
          sst: 1
        },
        {
          pdu_session_id: 2,
          dl_total_bytes: 2887976,
          ul_total_bytes: 20831213776,
          sst: 1
        }
      ],
      rnti: 17923,
      cells: [
        {
          cell_id: 1,
          dl_bitrate: 130851,
          ul_bitrate: 136650974,
          dl_tx: 86,
          ul_tx: 1262,
          dl_err: 0,
          ul_err: 0,
          dl_retx: 23,
          ul_retx: 14,
          pusch_snr: 19.1,
          epre: -101.9,
          ul_phr: -3,
          ul_path_loss: 88.1,
          p_ue: 22,
          dl_mcs: 21.7,
          ul_mcs: 17.7,
          ul_n_layer: 1,
          turbo_decoder_min: 0,
          turbo_decoder_avg: 2.767,
          turbo_decoder_max: 5,
          cqi: 15,
          ri: 2,
          ul_rank: 1,
          initial_ta: 1
        }
      ]
    }
  ],
  time: 1330.917,
  utc: 1744087553.269
}

