{
  message: ready,
  type: ENB,
  name: ENB,
  version: 2023-06-10,
  time: 1595.497,
  utc: 1744203587.947
}
{
  message: ue_get,
  ue_list: [
    {
      ran_ue_id: 3,
      amf_ue_id: 102,
      qos_flow_list: [
        {
          pdu_session_id: 1,
          dl_total_bytes: 14973,
          ul_total_bytes: 8618,
          sst: 1
        },
        {
          pdu_session_id: 2,
          dl_total_bytes: 3628791,
          ul_total_bytes: 13713347224,
          sst: 1
        }
      ],
      rnti: 17923,
      cells: [
        {
          cell_id: 1,
          dl_bitrate: 120964,
          ul_bitrate: 83101172,
          dl_tx: 97,
          ul_tx: 1529,
          dl_err: 0,
          ul_err: 0,
          dl_retx: 30,
          ul_retx: 15,
          pusch_snr: 10,
          epre: -110.6,
          ul_phr: -12,
          ul_path_loss: 98,
          p_ue: 23,
          dl_mcs: 14.5,
          ul_mcs: 9,
          ul_n_layer: 1,
          turbo_decoder_min: 1,
          turbo_decoder_avg: 3.422,
          turbo_decoder_max: 5,
          cqi: 11,
          ri: 2,
          ul_rank: 1,
          initial_ta: 0
        }
      ]
    }
  ],
  time: 1595.499,
  utc: 1744203587.958
}

