{
  message: ready,
  type: ENB,
  name: ENB,
  version: 2023-06-10,
  time: 1050.906,
  utc: 1744194431.257
}
{
  message: ue_get,
  ue_list: [
    {
      ran_ue_id: 4,
      amf_ue_id: 103,
      qos_flow_list: [
        {
          pdu_session_id: 1,
          dl_total_bytes: 15892,
          ul_total_bytes: 8847,
          sst: 1
        },
        {
          pdu_session_id: 2,
          dl_total_bytes: 1953457,
          ul_total_bytes: 20076479424,
          sst: 1
        }
      ],
      rnti: 17924,
      cells: [
        {
          cell_id: 1,
          dl_bitrate: 188971,
          ul_bitrate: 179262645,
          dl_tx: 99,
          ul_tx: 1397,
          dl_err: 0,
          ul_err: 0,
          dl_retx: 1,
          ul_retx: 20,
          pusch_snr: 26.1,
          epre: -94.4,
          ul_phr: 11,
          ul_path_loss: 68.4,
          p_ue: 8,
          dl_mcs: 25.3,
          ul_mcs: 21.8,
          ul_n_layer: 1,
          turbo_decoder_min: 0,
          turbo_decoder_avg: 2.196,
          turbo_decoder_max: 5,
          cqi: 15,
          ri: 2,
          ul_rank: 1,
          initial_ta: 0
        }
      ]
    }
  ],
  time: 1050.908,
  utc: 1744194431.268
}

