{
  message: ready,
  type: ENB,
  name: ENB,
  version: 2023-06-10,
  time: 2689.82,
  utc: 1744210487.29
}
{
  message: ue_get,
  ue_list: [
    {
      ran_ue_id: 110,
      amf_ue_id: 165,
      qos_flow_list: [
        {
          pdu_session_id: 1,
          dl_total_bytes: 92,
          ul_total_bytes: 101,
          sst: 1
        }
      ],
      rnti: 18030,
      cells: [
        {
          cell_id: 1,
          dl_bitrate: 1678,
          ul_bitrate: 0,
          dl_tx: 2,
          ul_tx: 0,
          dl_err: 0,
          ul_err: 0,
          dl_retx: 0,
          ul_retx: 0,
          pusch_snr: 12,
          epre: -110.2,
          ul_phr: -1,
          ul_path_loss: 97.7,
          p_ue: 8,
          dl_mcs: 14,
          cqi: 9,
          ri: 2,
          ul_rank: 1,
          initial_ta: 0
        }
      ]
    },
    {
      ran_ue_id: 3,
      amf_ue_id: 102,
      qos_flow_list: [
        {
          pdu_session_id: 1,
          dl_total_bytes: 26810,
          ul_total_bytes: 10636,
          sst: 1
        },
        {
          pdu_session_id: 2,
          dl_total_bytes: 9764575,
          ul_total_bytes: 54632287242,
          sst: 1
        }
      ],
      rnti: 17923,
      cells: [
        {
          cell_id: 1,
          dl_bitrate: 161203,
          ul_bitrate: 128830666,
          dl_tx: 65,
          ul_tx: 844,
          dl_err: 0,
          ul_err: 0,
          dl_retx: 0,
          ul_retx: 10,
          pusch_snr: 25.3,
          epre: -94.4,
          ul_phr: 20,
          ul_path_loss: 76.6,
          p_ue: -1,
          dl_mcs: 23.7,
          ul_mcs: 24.2,
          ul_n_layer: 1,
          turbo_decoder_min: 1,
          turbo_decoder_avg: 2.466,
          turbo_decoder_max: 5,
          cqi: 15,
          ri: 2,
          ul_rank: 1,
          initial_ta: 1
        }
      ]
    }
  ],
  time: 2689.821,
  utc: 1744210487.3
}

