{
  message: ready,
  type: ENB,
  name: ENB,
  version: 2023-06-10,
  time: 2153.751,
  utc: 1744184001.634
}
{
  message: ue_get,
  ue_list: [
    {
      ran_ue_id: 3,
      amf_ue_id: 102,
      qos_flow_list: [
        {
          pdu_session_id: 1,
          dl_total_bytes: 15293,
          ul_total_bytes: 9004,
          sst: 1
        },
        {
          pdu_session_id: 2,
          dl_total_bytes: 6409742,
          ul_total_bytes: 43489618321,
          sst: 1
        }
      ],
      rnti: 17923,
      cells: [
        {
          cell_id: 1,
          dl_bitrate: 151963,
          ul_bitrate: 180214180,
          dl_tx: 93,
          ul_tx: 1510,
          dl_err: 0,
          ul_err: 0,
          dl_retx: 0,
          ul_retx: 16,
          pusch_snr: 21.6,
          epre: -99.1,
          ul_phr: 14,
          ul_path_loss: 68.4,
          p_ue: 5,
          dl_mcs: 24.7,
          ul_mcs: 20,
          ul_n_layer: 1,
          turbo_decoder_min: 0,
          turbo_decoder_avg: 3.167,
          turbo_decoder_max: 5,
          cqi: 15,
          ri: 2,
          ul_rank: 1,
          initial_ta: 1
        }
      ]
    }
  ],
  time: 2153.754,
  utc: 1744184001.645
}

