{
  message: ready,
  type: ENB,
  name: ENB,
  version: 2023-06-10,
  time: 551.828,
  utc: 1743858702.475
}
{
  message: ue_get,
  ue_list: [
    {
      ran_ue_id: 6,
      amf_ue_id: 105,
      qos_flow_list: [
        {
          pdu_session_id: 1,
          dl_total_bytes: 12790,
          ul_total_bytes: 8344,
          sst: 1
        },
        {
          pdu_session_id: 2,
          dl_total_bytes: 777245,
          ul_total_bytes: 12725806541,
          sst: 1
        }
      ],
      rnti: 17926,
      cells: [
        {
          cell_id: 1,
          dl_bitrate: 141592,
          ul_bitrate: 205402837,
          dl_tx: 95,
          ul_tx: 1616,
          dl_err: 0,
          ul_err: 0,
          dl_retx: 0,
          ul_retx: 17,
          pusch_snr: 22.1,
          epre: -98.5,
          ul_phr: 13,
          ul_path_loss: 68.4,
          p_ue: 6,
          dl_mcs: 24,
          ul_mcs: 21.4,
          ul_n_layer: 1,
          turbo_decoder_min: 1,
          turbo_decoder_avg: 2.996,
          turbo_decoder_max: 5,
          cqi: 15,
          ri: 2,
          ul_rank: 1,
          initial_ta: 1
        }
      ]
    }
  ],
  time: 551.83,
  utc: 1743858702.486
}

