{
  message: ready,
  type: ENB,
  name: ENB,
  version: 2023-06-10,
  time: 2609.392,
  utc: 1744204601.842
}
{
  message: ue_get,
  ue_list: [
    {
      ran_ue_id: 3,
      amf_ue_id: 102,
      qos_flow_list: [
        {
          pdu_session_id: 1,
          dl_total_bytes: 15249,
          ul_total_bytes: 8921,
          sst: 1
        },
        {
          pdu_session_id: 2,
          dl_total_bytes: 8810878,
          ul_total_bytes: 23108242532,
          sst: 1
        }
      ],
      rnti: 17923,
      cells: [
        {
          cell_id: 1,
          dl_bitrate: 91345,
          ul_bitrate: 83710096,
          dl_tx: 92,
          ul_tx: 1540,
          dl_err: 0,
          ul_err: 0,
          dl_retx: 23,
          ul_retx: 12,
          pusch_snr: 10.5,
          epre: -110.7,
          ul_phr: -11,
          ul_path_loss: 97.9,
          p_ue: 23,
          dl_mcs: 14.7,
          ul_mcs: 9,
          ul_n_layer: 1,
          turbo_decoder_min: 1,
          turbo_decoder_avg: 3.472,
          turbo_decoder_max: 5,
          cqi: 9,
          ri: 2,
          ul_rank: 1,
          initial_ta: 0
        }
      ]
    }
  ],
  time: 2609.394,
  utc: 1744204601.853
}

