{
  message: ready,
  type: ENB,
  name: ENB,
  version: 2023-06-10,
  time: 1357.608,
  utc: 1744058098.904
}
{
  message: ue_get,
  ue_list: [
    {
      ran_ue_id: 74,
      amf_ue_id: 126,
      qos_flow_list: [],
      rnti: 17994,
      cells: [
        {
          cell_id: 1,
          dl_bitrate: 0,
          ul_bitrate: 0,
          dl_tx: 0,
          ul_tx: 0,
          dl_err: 0,
          ul_err: 0,
          dl_retx: 0,
          ul_retx: 0,
          pusch_snr: 6.2,
          epre: -114.3,
          ul_phr: -9,
          ul_path_loss: 123.3,
          p_ue: 24,
          cqi: 3,
          ri: 2,
          ul_rank: 1,
          initial_ta: 1
        }
      ]
    },
    {
      ran_ue_id: 51,
      amf_ue_id: 104,
      qos_flow_list: [
        {
          pdu_session_id: 1,
          dl_total_bytes: 15039,
          ul_total_bytes: 8745,
          sst: 1
        },
        {
          pdu_session_id: 2,
          dl_total_bytes: 2954765,
          ul_total_bytes: 19719267451,
          sst: 1
        }
      ],
      rnti: 17971,
      cells: [
        {
          cell_id: 1,
          dl_bitrate: 197671,
          ul_bitrate: 108184556,
          dl_tx: 115,
          ul_tx: 1066,
          dl_err: 0,
          ul_err: 0,
          dl_retx: 0,
          ul_retx: 10,
          pusch_snr: 21,
          epre: -99.7,
          ul_phr: 14,
          ul_path_loss: 68.5,
          p_ue: 5,
          dl_mcs: 27.9,
          ul_mcs: 19.9,
          ul_n_layer: 1,
          turbo_decoder_min: 1,
          turbo_decoder_avg: 3.264,
          turbo_decoder_max: 5,
          cqi: 15,
          ri: 2,
          ul_rank: 1,
          initial_ta: 1
        }
      ]
    }
  ],
  time: 1357.609,
  utc: 1744058098.914
}

