{
  message: ready,
  type: ENB,
  name: ENB,
  version: 2023-06-10,
  time: 2371.388,
  utc: 1744050369.895
}
{
  message: ue_get,
  ue_list: [
    {
      ran_ue_id: 3,
      amf_ue_id: 102,
      qos_flow_list: [
        {
          pdu_session_id: 1,
          dl_total_bytes: 15223,
          ul_total_bytes: 8925,
          sst: 1
        },
        {
          pdu_session_id: 2,
          dl_total_bytes: 7621946,
          ul_total_bytes: 33359914986,
          sst: 1
        }
      ],
      rnti: 17923,
      cells: [
        {
          cell_id: 1,
          dl_bitrate: 167545,
          ul_bitrate: 113177125,
          dl_tx: 112,
          ul_tx: 1056,
          dl_err: 0,
          ul_err: 0,
          dl_retx: 0,
          ul_retx: 15,
          pusch_snr: 22,
          epre: -98.8,
          ul_phr: 4,
          ul_path_loss: 77.9,
          p_ue: 15,
          dl_mcs: 28,
          ul_mcs: 21.1,
          ul_n_layer: 1,
          turbo_decoder_min: 1,
          turbo_decoder_avg: 2.858,
          turbo_decoder_max: 5,
          cqi: 15,
          ri: 2,
          ul_rank: 1,
          initial_ta: 1
        }
      ]
    }
  ],
  time: 2371.39,
  utc: 1744050369.906
}

