{
  message: ready,
  type: ENB,
  name: ENB,
  version: 2023-06-10,
  time: 1461.673,
  utc: 1744076069.826
}
{
  message: ue_get,
  ue_list: [
    {
      ran_ue_id: 4,
      amf_ue_id: 103,
      qos_flow_list: [
        {
          pdu_session_id: 1,
          dl_total_bytes: 15049,
          ul_total_bytes: 8741,
          sst: 1
        },
        {
          pdu_session_id: 2,
          dl_total_bytes: 3318212,
          ul_total_bytes: 22093957430,
          sst: 1
        }
      ],
      rnti: 17924,
      cells: [
        {
          cell_id: 1,
          dl_bitrate: 113629,
          ul_bitrate: 148815114,
          dl_tx: 87,
          ul_tx: 1403,
          dl_err: 0,
          ul_err: 0,
          dl_retx: 13,
          ul_retx: 7,
          pusch_snr: 28.6,
          epre: -89.8,
          ul_phr: -9,
          ul_path_loss: 88,
          p_ue: 22,
          dl_mcs: 20.6,
          ul_mcs: 18,
          ul_n_layer: 1,
          turbo_decoder_min: 1,
          turbo_decoder_avg: 2.805,
          turbo_decoder_max: 5,
          cqi: 14,
          ri: 2,
          ul_rank: 1,
          initial_ta: 0
        }
      ]
    }
  ],
  time: 1461.675,
  utc: 1744076069.837
}

