{
  message: ready,
  type: ENB,
  name: ENB,
  version: 2023-06-10,
  time: 1308.908,
  utc: 1744110731.258
}
{
  message: ue_get,
  ue_list: [
    {
      ran_ue_id: 5,
      amf_ue_id: 103,
      qos_flow_list: [
        {
          pdu_session_id: 1,
          dl_total_bytes: 15048,
          ul_total_bytes: 8746,
          sst: 1
        },
        {
          pdu_session_id: 2,
          dl_total_bytes: 2806728,
          ul_total_bytes: 20220624161,
          sst: 1
        }
      ],
      rnti: 17925,
      cells: [
        {
          cell_id: 1,
          dl_bitrate: 116222,
          ul_bitrate: 144347279,
          dl_tx: 85,
          ul_tx: 1315,
          dl_err: 0,
          ul_err: 0,
          dl_retx: 59,
          ul_retx: 5,
          pusch_snr: 19.1,
          epre: -101.8,
          ul_phr: -9,
          ul_path_loss: 88.1,
          p_ue: 22,
          dl_mcs: 21.4,
          ul_mcs: 18.1,
          ul_n_layer: 1,
          turbo_decoder_min: 1,
          turbo_decoder_avg: 2.968,
          turbo_decoder_max: 5,
          cqi: 15,
          ri: 2,
          ul_rank: 1,
          initial_ta: 0
        }
      ]
    }
  ],
  time: 1308.91,
  utc: 1744110731.269
}

