{
  message: ready,
  type: ENB,
  name: ENB,
  version: 2023-06-10,
  time: 894.543,
  utc: 1743800150.277
}
{
  message: ue_get,
  ue_list: [
    {
      ran_ue_id: 4,
      amf_ue_id: 103,
      qos_flow_list: [
        {
          pdu_session_id: 1,
          dl_total_bytes: 14933,
          ul_total_bytes: 8578,
          sst: 1
        },
        {
          pdu_session_id: 2,
          dl_total_bytes: 1317585,
          ul_total_bytes: 25441483369,
          sst: 1
        }
      ],
      rnti: 17924,
      cells: [
        {
          cell_id: 1,
          dl_bitrate: 154659,
          ul_bitrate: 242845587,
          dl_tx: 89,
          ul_tx: 1606,
          dl_err: 0,
          ul_err: 0,
          dl_retx: 1,
          ul_retx: 16,
          pusch_snr: 26.4,
          epre: -93.2,
          ul_phr: 8,
          ul_path_loss: 68.5,
          p_ue: 11,
          dl_mcs: 26.3,
          ul_mcs: 24.1,
          ul_n_layer: 1,
          turbo_decoder_min: 1,
          turbo_decoder_avg: 2.48,
          turbo_decoder_max: 5,
          cqi: 15,
          ri: 2,
          ul_rank: 1,
          initial_ta: 1
        }
      ]
    }
  ],
  time: 894.545,
  utc: 1743800150.287
}

