{
  message: ready,
  type: ENB,
  name: ENB,
  version: 2023-06-10,
  time: 309.235,
  utc: 1743798549.338
}
{
  message: ue_get,
  ue_list: [
    {
      ran_ue_id: 4,
      amf_ue_id: 103,
      qos_flow_list: [
        {
          pdu_session_id: 1,
          dl_total_bytes: 14873,
          ul_total_bytes: 8545,
          sst: 1
        },
        {
          pdu_session_id: 2,
          dl_total_bytes: 485428,
          ul_total_bytes: 7834178229,
          sst: 1
        }
      ],
      rnti: 17924,
      cells: [
        {
          cell_id: 1,
          dl_bitrate: 162297,
          ul_bitrate: 260865431,
          dl_tx: 89,
          ul_tx: 1545,
          dl_err: 0,
          ul_err: 0,
          dl_retx: 1,
          ul_retx: 18,
          pusch_snr: 29.6,
          epre: -89.2,
          ul_phr: 5,
          ul_path_loss: 68.8,
          p_ue: 14,
          dl_mcs: 26.2,
          ul_mcs: 25.9,
          ul_n_layer: 1,
          turbo_decoder_min: 1,
          turbo_decoder_avg: 2.163,
          turbo_decoder_max: 5,
          cqi: 15,
          ri: 2,
          ul_rank: 1,
          initial_ta: 1
        }
      ]
    }
  ],
  time: 309.236,
  utc: 1743798549.349
}

