{
  message: ready,
  type: ENB,
  name: ENB,
  version: 2023-06-10,
  time: 1792.941,
  utc: 1744111215.291
}
{
  message: ue_get,
  ue_list: [
    {
      ran_ue_id: 5,
      amf_ue_id: 103,
      qos_flow_list: [
        {
          pdu_session_id: 1,
          dl_total_bytes: 15048,
          ul_total_bytes: 8746,
          sst: 1
        },
        {
          pdu_session_id: 2,
          dl_total_bytes: 4440225,
          ul_total_bytes: 28177192774,
          sst: 1
        }
      ],
      rnti: 17925,
      cells: [
        {
          cell_id: 1,
          dl_bitrate: 144328,
          ul_bitrate: 135933617,
          dl_tx: 93,
          ul_tx: 1350,
          dl_err: 0,
          ul_err: 0,
          dl_retx: 30,
          ul_retx: 1,
          pusch_snr: 27.2,
          epre: -91.4,
          ul_phr: -10,
          ul_path_loss: 88.2,
          p_ue: 22,
          dl_mcs: 21.3,
          ul_mcs: 17.2,
          ul_n_layer: 1,
          turbo_decoder_min: 1,
          turbo_decoder_avg: 2.738,
          turbo_decoder_max: 5,
          cqi: 15,
          ri: 2,
          ul_rank: 1,
          initial_ta: 0
        }
      ]
    }
  ],
  time: 1792.942,
  utc: 1744111215.301
}

