{
  message: ready,
  type: ENB,
  name: ENB,
  version: 2023-06-10,
  time: 1546.619,
  utc: 1744096444.801
}
{
  message: ue_get,
  ue_list: [
    {
      ran_ue_id: 3,
      amf_ue_id: 102,
      qos_flow_list: [
        {
          pdu_session_id: 1,
          dl_total_bytes: 15101,
          ul_total_bytes: 8802,
          sst: 1
        },
        {
          pdu_session_id: 2,
          dl_total_bytes: 3522707,
          ul_total_bytes: 20094203067,
          sst: 1
        }
      ],
      rnti: 17923,
      cells: [
        {
          cell_id: 1,
          dl_bitrate: 122508,
          ul_bitrate: 115191394,
          dl_tx: 65,
          ul_tx: 907,
          dl_err: 0,
          ul_err: 0,
          dl_retx: 1,
          ul_retx: 10,
          pusch_snr: 23.9,
          epre: -96.4,
          ul_phr: 1,
          ul_path_loss: 78.6,
          p_ue: 18,
          dl_mcs: 23.6,
          ul_mcs: 21,
          ul_n_layer: 1,
          turbo_decoder_min: 1,
          turbo_decoder_avg: 2.132,
          turbo_decoder_max: 5,
          cqi: 15,
          ri: 2,
          ul_rank: 1,
          initial_ta: 1
        }
      ]
    }
  ],
  time: 1546.621,
  utc: 1744096444.811
}

