{
  message: ready,
  type: ENB,
  name: ENB,
  version: 2023-06-10,
  time: 946.083,
  utc: 1744194326.435
}
{
  message: ue_get,
  ue_list: [
    {
      ran_ue_id: 22,
      amf_ue_id: 121,
      qos_flow_list: [
        {
          pdu_session_id: 1,
          dl_total_bytes: 184,
          ul_total_bytes: 202,
          sst: 1
        }
      ],
      rnti: 17942,
      cells: [
        {
          cell_id: 1,
          dl_bitrate: 3113,
          ul_bitrate: 0,
          dl_tx: 2,
          ul_tx: 0,
          dl_err: 0,
          ul_err: 0,
          dl_retx: 0,
          ul_retx: 0,
          pusch_snr: 26.4,
          epre: -97,
          ul_phr: 9,
          ul_path_loss: 96.3,
          p_ue: -1,
          dl_mcs: 25,
          cqi: 14,
          ri: 2,
          ul_rank: 1,
          initial_ta: 0
        }
      ]
    },
    {
      ran_ue_id: 4,
      amf_ue_id: 103,
      qos_flow_list: [
        {
          pdu_session_id: 1,
          dl_total_bytes: 15892,
          ul_total_bytes: 8847,
          sst: 1
        },
        {
          pdu_session_id: 2,
          dl_total_bytes: 1676478,
          ul_total_bytes: 17743683480,
          sst: 1
        }
      ],
      rnti: 17924,
      cells: [
        {
          cell_id: 1,
          dl_bitrate: 145757,
          ul_bitrate: 181749765,
          dl_tx: 92,
          ul_tx: 1527,
          dl_err: 0,
          ul_err: 0,
          dl_retx: 0,
          ul_retx: 24,
          pusch_snr: 21.1,
          epre: -99.3,
          ul_phr: 17,
          ul_path_loss: 68.5,
          p_ue: 5,
          dl_mcs: 24,
          ul_mcs: 19.9,
          ul_n_layer: 1,
          turbo_decoder_min: 1,
          turbo_decoder_avg: 3.052,
          turbo_decoder_max: 5,
          cqi: 15,
          ri: 2,
          ul_rank: 1,
          initial_ta: 0
        }
      ]
    }
  ],
  time: 946.085,
  utc: 1744194326.445
}

