{
  message: ready,
  type: ENB,
  name: ENB,
  version: 2023-06-10,
  time: 1933.721,
  utc: 1744093935.073
}
{
  message: ue_get,
  ue_list: [
    {
      ran_ue_id: 3,
      amf_ue_id: 102,
      qos_flow_list: [
        {
          pdu_session_id: 1,
          dl_total_bytes: 15141,
          ul_total_bytes: 8848,
          sst: 1
        },
        {
          pdu_session_id: 2,
          dl_total_bytes: 4831650,
          ul_total_bytes: 25198050842,
          sst: 1
        }
      ],
      rnti: 17923,
      cells: [
        {
          cell_id: 1,
          dl_bitrate: 136684,
          ul_bitrate: 105711486,
          dl_tx: 76,
          ul_tx: 907,
          dl_err: 0,
          ul_err: 0,
          dl_retx: 0,
          ul_retx: 1,
          pusch_snr: 22.5,
          epre: -98,
          ul_phr: 13,
          ul_path_loss: 68.7,
          p_ue: 6,
          dl_mcs: 24,
          ul_mcs: 20.1,
          ul_n_layer: 1,
          turbo_decoder_min: 1,
          turbo_decoder_avg: 2.624,
          turbo_decoder_max: 5,
          cqi: 15,
          ri: 2,
          ul_rank: 1,
          initial_ta: 0
        }
      ]
    }
  ],
  time: 1933.724,
  utc: 1744093935.085
}

