{
  message: ready,
  type: ENB,
  name: ENB,
  version: 2023-06-10,
  time: 2254.762,
  utc: 1744105864.443
}
{
  message: ue_get,
  ue_list: [
    {
      ran_ue_id: 3,
      amf_ue_id: 102,
      qos_flow_list: [
        {
          pdu_session_id: 1,
          dl_total_bytes: 15231,
          ul_total_bytes: 8947,
          sst: 1
        },
        {
          pdu_session_id: 2,
          dl_total_bytes: 6869378,
          ul_total_bytes: 32574855757,
          sst: 1
        }
      ],
      rnti: 17923,
      cells: [
        {
          cell_id: 1,
          dl_bitrate: 201126,
          ul_bitrate: 134149233,
          dl_tx: 91,
          ul_tx: 1459,
          dl_err: 0,
          ul_err: 0,
          dl_retx: 17,
          ul_retx: 15,
          pusch_snr: 18.8,
          epre: -101.5,
          ul_phr: 19,
          ul_path_loss: 68.7,
          p_ue: 3,
          dl_mcs: 23,
          ul_mcs: 15.4,
          ul_n_layer: 1,
          turbo_decoder_min: 1,
          turbo_decoder_avg: 2.136,
          turbo_decoder_max: 5,
          cqi: 15,
          ri: 2,
          ul_rank: 1,
          initial_ta: 1
        }
      ]
    }
  ],
  time: 2254.764,
  utc: 1744105864.454
}

