{
  message: ready,
  type: ENB,
  name: ENB,
  version: 2023-06-10,
  time: 2250.558,
  utc: 1744105860.238
}
{
  message: ue_get,
  ue_list: [
    {
      ran_ue_id: 3,
      amf_ue_id: 102,
      qos_flow_list: [
        {
          pdu_session_id: 1,
          dl_total_bytes: 15231,
          ul_total_bytes: 8947,
          sst: 1
        },
        {
          pdu_session_id: 2,
          dl_total_bytes: 6852532,
          ul_total_bytes: 32504415914,
          sst: 1
        }
      ],
      rnti: 17923,
      cells: [
        {
          cell_id: 1,
          dl_bitrate: 130620,
          ul_bitrate: 140897944,
          dl_tx: 85,
          ul_tx: 1635,
          dl_err: 0,
          ul_err: 0,
          dl_retx: 36,
          ul_retx: 1,
          pusch_snr: 17.9,
          epre: -102.8,
          ul_phr: 21,
          ul_path_loss: 68.8,
          p_ue: 1,
          dl_mcs: 23,
          ul_mcs: 14.4,
          ul_n_layer: 1,
          turbo_decoder_min: 1,
          turbo_decoder_avg: 2.409,
          turbo_decoder_max: 5,
          cqi: 15,
          ri: 2,
          ul_rank: 1,
          initial_ta: 1
        }
      ]
    }
  ],
  time: 2250.559,
  utc: 1744105860.249
}

