{
  message: ready,
  type: ENB,
  name: ENB,
  version: 2023-06-10,
  time: 2468.857,
  utc: 1744195849.208
}
{
  message: ue_get,
  ue_list: [
    {
      ran_ue_id: 4,
      amf_ue_id: 103,
      qos_flow_list: [
        {
          pdu_session_id: 1,
          dl_total_bytes: 16076,
          ul_total_bytes: 9049,
          sst: 1
        },
        {
          pdu_session_id: 2,
          dl_total_bytes: 8335130,
          ul_total_bytes: 49902535488,
          sst: 1
        }
      ],
      rnti: 17924,
      cells: [
        {
          cell_id: 1,
          dl_bitrate: 217841,
          ul_bitrate: 178039008,
          dl_tx: 94,
          ul_tx: 1297,
          dl_err: 0,
          ul_err: 0,
          dl_retx: 0,
          ul_retx: 29,
          pusch_snr: 25.2,
          epre: -95,
          ul_phr: 9,
          ul_path_loss: 68,
          p_ue: 10,
          dl_mcs: 24.8,
          ul_mcs: 22.9,
          ul_n_layer: 1,
          turbo_decoder_min: 1,
          turbo_decoder_avg: 2.22,
          turbo_decoder_max: 5,
          cqi: 15,
          ri: 2,
          ul_rank: 1,
          initial_ta: 0
        }
      ]
    }
  ],
  time: 2468.859,
  utc: 1744195849.219
}

