{
  message: ready,
  type: ENB,
  name: ENB,
  version: 2023-06-10,
  time: 2462.443,
  utc: 1744195842.795
}
{
  message: ue_get,
  ue_list: [
    {
      ran_ue_id: 4,
      amf_ue_id: 103,
      qos_flow_list: [
        {
          pdu_session_id: 1,
          dl_total_bytes: 16076,
          ul_total_bytes: 9049,
          sst: 1
        },
        {
          pdu_session_id: 2,
          dl_total_bytes: 8276305,
          ul_total_bytes: 49759594221,
          sst: 1
        }
      ],
      rnti: 17924,
      cells: [
        {
          cell_id: 1,
          dl_bitrate: 216686,
          ul_bitrate: 181868574,
          dl_tx: 96,
          ul_tx: 1484,
          dl_err: 0,
          ul_err: 0,
          dl_retx: 1,
          ul_retx: 22,
          pusch_snr: 24.5,
          epre: -95.7,
          ul_phr: 6,
          ul_path_loss: 75,
          p_ue: 16,
          dl_mcs: 23.3,
          ul_mcs: 20.7,
          ul_n_layer: 1,
          turbo_decoder_min: 0,
          turbo_decoder_avg: 2.36,
          turbo_decoder_max: 5,
          cqi: 15,
          ri: 2,
          ul_rank: 1,
          initial_ta: 0
        }
      ]
    }
  ],
  time: 2462.445,
  utc: 1744195842.805
}

