{
  message: ready,
  type: ENB,
  name: ENB,
  version: 2023-06-10,
  time: 390.939,
  utc: 1744106891.31
}
{
  message: ue_get,
  ue_list: [
    {
      ran_ue_id: 11,
      amf_ue_id: 110,
      qos_flow_list: [
        {
          pdu_session_id: 2,
          dl_total_bytes: 26188,
          ul_total_bytes: 36861,
          sst: 1
        }
      ],
      rnti: 17939,
      cells: [
        {
          cell_id: 1,
          dl_bitrate: 1911,
          ul_bitrate: 2866,
          dl_tx: 2,
          ul_tx: 3,
          dl_err: 0,
          ul_err: 0,
          dl_retx: 0,
          ul_retx: 0,
          pusch_snr: 20.5,
          epre: -101.7,
          ul_phr: -5,
          ul_path_loss: 93.7,
          p_ue: 8,
          dl_mcs: 14,
          ul_mcs: 13,
          ul_n_layer: 1,
          turbo_decoder_min: 1,
          turbo_decoder_avg: 1.333,
          turbo_decoder_max: 2,
          cqi: 10,
          ri: 2,
          ul_rank: 1,
          initial_ta: 1
        }
      ]
    },
    {
      ran_ue_id: 6,
      amf_ue_id: 105,
      qos_flow_list: [
        {
          pdu_session_id: 1,
          dl_total_bytes: 9465,
          ul_total_bytes: 7453,
          sst: 1
        },
        {
          pdu_session_id: 2,
          dl_total_bytes: 556378,
          ul_total_bytes: 4355555217,
          sst: 1
        }
      ],
      rnti: 17926,
      cells: [
        {
          cell_id: 1,
          dl_bitrate: 104777,
          ul_bitrate: 109208274,
          dl_tx: 73,
          ul_tx: 1011,
          dl_err: 0,
          ul_err: 0,
          dl_retx: 1,
          ul_retx: 0,
          pusch_snr: 27.1,
          epre: -91.5,
          ul_phr: -9,
          ul_path_loss: 77.8,
          p_ue: 22,
          dl_mcs: 23,
          ul_mcs: 18.2,
          ul_n_layer: 1,
          turbo_decoder_min: 1,
          turbo_decoder_avg: 1.446,
          turbo_decoder_max: 2,
          cqi: 15,
          ri: 2,
          ul_rank: 1,
          initial_ta: 1
        }
      ]
    }
  ],
  time: 390.942,
  utc: 1744106891.321
}

