{
  message: ready,
  type: ENB,
  name: ENB,
  version: 2023-06-10,
  time: 2773.72,
  utc: 1744047903.457
}
{
  message: ue_get,
  ue_list: [
    {
      ran_ue_id: 4,
      amf_ue_id: 103,
      qos_flow_list: [
        {
          pdu_session_id: 1,
          dl_total_bytes: 15224,
          ul_total_bytes: 8926,
          sst: 1
        },
        {
          pdu_session_id: 2,
          dl_total_bytes: 10182099,
          ul_total_bytes: 41643075966,
          sst: 1
        }
      ],
      rnti: 17924,
      cells: [
        {
          cell_id: 1,
          dl_bitrate: 163201,
          ul_bitrate: 114636388,
          dl_tx: 109,
          ul_tx: 1060,
          dl_err: 0,
          ul_err: 0,
          dl_retx: 0,
          ul_retx: 10,
          pusch_snr: 23.3,
          epre: -97.4,
          ul_phr: 12,
          ul_path_loss: 68.5,
          p_ue: 7,
          dl_mcs: 28,
          ul_mcs: 21.3,
          ul_n_layer: 1,
          turbo_decoder_min: 1,
          turbo_decoder_avg: 2.674,
          turbo_decoder_max: 5,
          cqi: 15,
          ri: 2,
          ul_rank: 1,
          initial_ta: 1
        }
      ]
    }
  ],
  time: 2773.721,
  utc: 1744047903.467
}

