{
  message: ready,
  type: ENB,
  name: ENB,
  version: 2023-06-10,
  time: 1678.661,
  utc: 1744093680.013
}
{
  message: ue_get,
  ue_list: [
    {
      ran_ue_id: 31,
      amf_ue_id: 130,
      qos_flow_list: [
        {
          pdu_session_id: 2,
          dl_total_bytes: 518,
          ul_total_bytes: 426,
          sst: 1
        }
      ],
      rnti: 17951,
      cells: [
        {
          cell_id: 1,
          dl_bitrate: 3256,
          ul_bitrate: 0,
          dl_tx: 2,
          ul_tx: 0,
          dl_err: 0,
          ul_err: 0,
          dl_retx: 0,
          ul_retx: 0,
          pusch_snr: 28.4,
          epre: -93.3,
          ul_phr: 1,
          ul_path_loss: 96,
          p_ue: 7,
          dl_mcs: 26,
          cqi: 15,
          ri: 2,
          ul_rank: 1,
          initial_ta: 1
        }
      ]
    },
    {
      ran_ue_id: 30,
      amf_ue_id: 129,
      qos_flow_list: [],
      rnti: 17950,
      cells: [
        {
          cell_id: 1,
          dl_bitrate: 0,
          ul_bitrate: 0,
          dl_tx: 0,
          ul_tx: 0,
          dl_err: 0,
          ul_err: 0,
          dl_retx: 0,
          ul_retx: 0,
          pusch_snr: 17.1,
          epre: -103.6,
          ul_phr: -18,
          ul_path_loss: 116.7,
          p_ue: 24,
          cqi: 10,
          ri: 1,
          ul_rank: 1,
          initial_ta: 1
        }
      ]
    },
    {
      ran_ue_id: 3,
      amf_ue_id: 102,
      qos_flow_list: [
        {
          pdu_session_id: 1,
          dl_total_bytes: 15049,
          ul_total_bytes: 8747,
          sst: 1
        },
        {
          pdu_session_id: 2,
          dl_total_bytes: 3982101,
          ul_total_bytes: 21692194503,
          sst: 1
        }
      ],
      rnti: 17923,
      cells: [
        {
          cell_id: 1,
          dl_bitrate: 106282,
          ul_bitrate: 72697643,
          dl_tx: 53,
          ul_tx: 590,
          dl_err: 0,
          ul_err: 0,
          dl_retx: 1,
          ul_retx: 0,
          pusch_snr: 22.5,
          epre: -98.3,
          ul_phr: 32,
          ul_path_loss: 68.5,
          p_ue: -13,
          dl_mcs: 24,
          ul_mcs: 21,
          ul_n_layer: 1,
          turbo_decoder_min: 2,
          turbo_decoder_avg: 2.895,
          turbo_decoder_max: 5,
          cqi: 15,
          ri: 2,
          ul_rank: 1,
          initial_ta: 0
        }
      ]
    }
  ],
  time: 1678.663,
  utc: 1744093680.024
}

