{
  message: ready,
  type: ENB,
  name: ENB,
  version: 2023-06-10,
  time: 1999.977,
  utc: 1744064478.283
}
{
  message: ue_get,
  ue_list: [
    {
      ran_ue_id: 28,
      amf_ue_id: 127,
      qos_flow_list: [
        {
          pdu_session_id: 2,
          dl_total_bytes: 23438,
          ul_total_bytes: 27116,
          sst: 1
        }
      ],
      rnti: 17948,
      cells: [
        {
          cell_id: 1,
          dl_bitrate: 757,
          ul_bitrate: 0,
          dl_tx: 2,
          ul_tx: 0,
          dl_err: 0,
          ul_err: 0,
          dl_retx: 1,
          ul_retx: 0,
          pusch_snr: 6.7,
          epre: -112.7,
          ul_phr: -21,
          ul_path_loss: 100.1,
          p_ue: 8,
          dl_mcs: 18,
          cqi: 12,
          ri: 1,
          ul_rank: 1,
          initial_ta: 1
        }
      ]
    },
    {
      ran_ue_id: 5,
      amf_ue_id: 104,
      qos_flow_list: [
        {
          pdu_session_id: 1,
          dl_total_bytes: 9833,
          ul_total_bytes: 7841,
          sst: 1
        },
        {
          pdu_session_id: 2,
          dl_total_bytes: 4860995,
          ul_total_bytes: 21691425031,
          sst: 1
        }
      ],
      rnti: 17925,
      cells: [
        {
          cell_id: 1,
          dl_bitrate: 92939,
          ul_bitrate: 79912668,
          dl_tx: 112,
          ul_tx: 1077,
          dl_err: 0,
          ul_err: 0,
          dl_retx: 10,
          ul_retx: 0,
          pusch_snr: 18.8,
          epre: -101.6,
          ul_phr: -12,
          ul_path_loss: 87.8,
          p_ue: 22,
          dl_mcs: 18,
          ul_mcs: 15,
          ul_n_layer: 1,
          turbo_decoder_min: 1,
          turbo_decoder_avg: 2.023,
          turbo_decoder_max: 3,
          cqi: 12,
          ri: 2,
          ul_rank: 1,
          initial_ta: 1
        }
      ]
    }
  ],
  time: 1999.979,
  utc: 1744064478.293
}

