{
  message: ready,
  type: ENB,
  name: ENB,
  version: 2023-06-10,
  time: 267.319,
  utc: 1744830499.008
}
{
  message: ue_get,
  ue_list: [
    {
      ran_ue_id: 3,
      amf_ue_id: 102,
      qos_flow_list: [
        {
          pdu_session_id: 1,
          dl_total_bytes: 7409,
          ul_total_bytes: 7257,
          sst: 1
        },
        {
          pdu_session_id: 2,
          dl_total_bytes: 187135,
          ul_total_bytes: 2291751560,
          sst: 1
        }
      ],
      rnti: 17923,
      cells: [
        {
          cell_id: 1,
          dl_bitrate: 148111,
          ul_bitrate: 95062619,
          dl_tx: 98,
          ul_tx: 932,
          dl_err: 0,
          ul_err: 0,
          dl_retx: 0,
          ul_retx: 4,
          pusch_snr: 25.9,
          epre: -94,
          ul_phr: -5,
          ul_path_loss: 76.9,
          p_ue: 22,
          dl_mcs: 27.8,
          ul_mcs: 20.1,
          ul_n_layer: 1,
          turbo_decoder_min: 1,
          turbo_decoder_avg: 2.296,
          turbo_decoder_max: 5,
          cqi: 15,
          ri: 2,
          ul_rank: 1,
          initial_ta: 1
        }
      ]
    }
  ],
  time: 267.32,
  utc: 1744830499.018
}

