{
  message: ready,
  type: ENB,
  name: ENB,
  version: 2023-06-10,
  time: 513.464,
  utc: 1743794743.818
}
{
  message: ue_get,
  ue_list: [
    {
      ran_ue_id: 62,
      amf_ue_id: 115,
      qos_flow_list: [
        {
          pdu_session_id: 2,
          dl_total_bytes: 0,
          ul_total_bytes: 122,
          sst: 1
        }
      ],
      rnti: 17982,
      cells: [
        {
          cell_id: 1,
          dl_bitrate: 4871,
          ul_bitrate: 2349,
          dl_tx: 4,
          ul_tx: 2,
          dl_err: 0,
          ul_err: 0,
          dl_retx: 2,
          ul_retx: 0,
          pusch_snr: 27,
          epre: -91.3,
          ul_phr: 11,
          ul_path_loss: 76,
          p_ue: -3,
          dl_mcs: 22.8,
          ul_mcs: 26,
          ul_n_layer: 1,
          turbo_decoder_min: 2,
          turbo_decoder_avg: 2,
          turbo_decoder_max: 2,
          cqi: 13,
          ri: 2,
          ul_rank: 1,
          initial_ta: 1
        }
      ]
    },
    {
      ran_ue_id: 49,
      amf_ue_id: 102,
      qos_flow_list: [
        {
          pdu_session_id: 1,
          dl_total_bytes: 14865,
          ul_total_bytes: 8545,
          sst: 1
        },
        {
          pdu_session_id: 2,
          dl_total_bytes: 771885,
          ul_total_bytes: 13346777387,
          sst: 1
        }
      ],
      rnti: 17969,
      cells: [
        {
          cell_id: 1,
          dl_bitrate: 161900,
          ul_bitrate: 252487034,
          dl_tx: 90,
          ul_tx: 1545,
          dl_err: 0,
          ul_err: 0,
          dl_retx: 0,
          ul_retx: 15,
          pusch_snr: 28.8,
          epre: -89.2,
          ul_phr: 4,
          ul_path_loss: 68.5,
          p_ue: 15,
          dl_mcs: 27,
          ul_mcs: 26,
          ul_n_layer: 1,
          turbo_decoder_min: 1,
          turbo_decoder_avg: 2.281,
          turbo_decoder_max: 5,
          cqi: 14,
          ri: 2,
          ul_rank: 1,
          initial_ta: 1
        }
      ]
    }
  ],
  time: 513.466,
  utc: 1743794743.829
}

