{
  message: ready,
  type: ENB,
  name: ENB,
  version: 2023-06-10,
  time: 2548.974,
  utc: 1744201666.345
}
{
  message: ue_get,
  ue_list: [
    {
      ran_ue_id: 4,
      amf_ue_id: 103,
      qos_flow_list: [
        {
          pdu_session_id: 1,
          dl_total_bytes: 15233,
          ul_total_bytes: 8949,
          sst: 1
        },
        {
          pdu_session_id: 2,
          dl_total_bytes: 8799457,
          ul_total_bytes: 46461386911,
          sst: 1
        }
      ],
      rnti: 17924,
      cells: [
        {
          cell_id: 1,
          dl_bitrate: 188541,
          ul_bitrate: 174787339,
          dl_tx: 96,
          ul_tx: 1609,
          dl_err: 0,
          ul_err: 0,
          dl_retx: 1,
          ul_retx: 16,
          pusch_snr: 19.1,
          epre: -101.2,
          ul_phr: -3,
          ul_path_loss: 87.4,
          p_ue: 22,
          dl_mcs: 20.6,
          ul_mcs: 18,
          ul_n_layer: 1,
          turbo_decoder_min: 1,
          turbo_decoder_avg: 2.99,
          turbo_decoder_max: 5,
          cqi: 14,
          ri: 2,
          ul_rank: 1,
          initial_ta: 1
        }
      ]
    }
  ],
  time: 2548.976,
  utc: 1744201666.355
}

