{
  message: ready,
  type: ENB,
  name: ENB,
  version: 2023-06-10,
  time: 2543.595,
  utc: 1744201660.965
}
{
  message: ue_get,
  ue_list: [
    {
      ran_ue_id: 4,
      amf_ue_id: 103,
      qos_flow_list: [
        {
          pdu_session_id: 1,
          dl_total_bytes: 15233,
          ul_total_bytes: 8949,
          sst: 1
        },
        {
          pdu_session_id: 2,
          dl_total_bytes: 8749642,
          ul_total_bytes: 46344838942,
          sst: 1
        }
      ],
      rnti: 17924,
      cells: [
        {
          cell_id: 1,
          dl_bitrate: 197162,
          ul_bitrate: 174245482,
          dl_tx: 97,
          ul_tx: 1598,
          dl_err: 0,
          ul_err: 0,
          dl_retx: 3,
          ul_retx: 17,
          pusch_snr: 19.4,
          epre: -101.3,
          ul_phr: -3,
          ul_path_loss: 87.6,
          p_ue: 22,
          dl_mcs: 21,
          ul_mcs: 18,
          ul_n_layer: 1,
          turbo_decoder_min: 1,
          turbo_decoder_avg: 3.049,
          turbo_decoder_max: 5,
          cqi: 14,
          ri: 2,
          ul_rank: 1,
          initial_ta: 1
        }
      ]
    }
  ],
  time: 2543.596,
  utc: 1744201660.976
}

