{
  message: ready,
  type: ENB,
  name: ENB,
  version: 2023-06-10,
  time: 2450.49,
  utc: 1744192901.072
}
{
  message: ue_get,
  ue_list: [
    {
      ran_ue_id: 3,
      amf_ue_id: 102,
      qos_flow_list: [
        {
          pdu_session_id: 1,
          dl_total_bytes: 15234,
          ul_total_bytes: 8950,
          sst: 1
        },
        {
          pdu_session_id: 2,
          dl_total_bytes: 7943969,
          ul_total_bytes: 22194020065,
          sst: 1
        }
      ],
      rnti: 17923,
      cells: [
        {
          cell_id: 1,
          dl_bitrate: 147270,
          ul_bitrate: 85196890,
          dl_tx: 89,
          ul_tx: 1497,
          dl_err: 0,
          ul_err: 0,
          dl_retx: 14,
          ul_retx: 16,
          pusch_snr: 9.9,
          epre: -111.4,
          ul_phr: -15,
          ul_path_loss: 98.3,
          p_ue: 23,
          dl_mcs: 13.6,
          ul_mcs: 9.1,
          ul_n_layer: 1,
          turbo_decoder_min: 2,
          turbo_decoder_avg: 3.653,
          turbo_decoder_max: 5,
          cqi: 11,
          ri: 2,
          ul_rank: 1,
          initial_ta: 2
        }
      ]
    }
  ],
  time: 2450.492,
  utc: 1744192901.083
}

