{
  message: ready,
  type: ENB,
  name: ENB,
  version: 2023-06-10,
  time: 150.54,
  utc: 1744051021.717
}
{
  message: ue_get,
  ue_list: [
    {
      ran_ue_id: 7,
      amf_ue_id: 106,
      qos_flow_list: [
        {
          pdu_session_id: 2,
          dl_total_bytes: 364,
          ul_total_bytes: 0,
          sst: 1
        }
      ],
      rnti: 17927,
      cells: [
        {
          cell_id: 1,
          dl_bitrate: 802,
          ul_bitrate: 0,
          dl_tx: 2,
          ul_tx: 0,
          dl_err: 0,
          ul_err: 0,
          dl_retx: 1,
          ul_retx: 0,
          pusch_snr: 7.6,
          epre: -113.4,
          ul_phr: -18,
          ul_path_loss: 100.8,
          p_ue: 8,
          dl_mcs: 11,
          cqi: 13,
          ri: 1,
          ul_rank: 1,
          initial_ta: 1
        }
      ]
    },
    {
      ran_ue_id: 5,
      amf_ue_id: 104,
      qos_flow_list: [
        {
          pdu_session_id: 1,
          dl_total_bytes: 9463,
          ul_total_bytes: 7457,
          sst: 1
        },
        {
          pdu_session_id: 2,
          dl_total_bytes: 221925,
          ul_total_bytes: 901292431,
          sst: 1
        }
      ],
      rnti: 17925,
      cells: [
        {
          cell_id: 1,
          dl_bitrate: 147211,
          ul_bitrate: 98250260,
          dl_tx: 116,
          ul_tx: 1058,
          dl_err: 0,
          ul_err: 0,
          dl_retx: 1,
          ul_retx: 17,
          pusch_snr: 19.2,
          epre: -101.7,
          ul_phr: -9,
          ul_path_loss: 87.9,
          p_ue: 22,
          dl_mcs: 24.5,
          ul_mcs: 18.1,
          ul_n_layer: 1,
          turbo_decoder_min: 1,
          turbo_decoder_avg: 2.946,
          turbo_decoder_max: 5,
          cqi: 15,
          ri: 2,
          ul_rank: 1,
          initial_ta: 2
        }
      ]
    }
  ],
  time: 150.542,
  utc: 1744051021.727
}

