{
  message: ready,
  type: ENB,
  name: ENB,
  version: 2023-06-10,
  time: 1646.278,
  utc: 1744209443.749
}
{
  message: ue_get,
  ue_list: [
    {
      ran_ue_id: 3,
      amf_ue_id: 102,
      qos_flow_list: [
        {
          pdu_session_id: 1,
          dl_total_bytes: 26534,
          ul_total_bytes: 10333,
          sst: 1
        },
        {
          pdu_session_id: 2,
          dl_total_bytes: 3929882,
          ul_total_bytes: 33335647386,
          sst: 1
        }
      ],
      rnti: 17923,
      cells: [
        {
          cell_id: 1,
          dl_bitrate: 116641,
          ul_bitrate: 166767623,
          dl_tx: 74,
          ul_tx: 1215,
          dl_err: 0,
          ul_err: 0,
          dl_retx: 1,
          ul_retx: 15,
          pusch_snr: 23.3,
          epre: -96.7,
          ul_phr: 1,
          ul_path_loss: 78.5,
          p_ue: 18,
          dl_mcs: 23.2,
          ul_mcs: 22.2,
          ul_n_layer: 1,
          turbo_decoder_min: 0,
          turbo_decoder_avg: 2.419,
          turbo_decoder_max: 5,
          cqi: 15,
          ri: 2,
          ul_rank: 1,
          initial_ta: 1
        }
      ]
    }
  ],
  time: 1646.28,
  utc: 1744209443.759
}

