{
  message: ready,
  type: ENB,
  name: ENB,
  version: 2023-06-10,
  time: 191.822,
  utc: 1744857560.649
}
{
  message: ue_get,
  ue_list: [
    {
      ran_ue_id: 4,
      amf_ue_id: 103,
      qos_flow_list: [
        {
          pdu_session_id: 1,
          dl_total_bytes: 7410,
          ul_total_bytes: 7252,
          sst: 1
        },
        {
          pdu_session_id: 2,
          dl_total_bytes: 125868,
          ul_total_bytes: 1423496680,
          sst: 1
        }
      ],
      rnti: 17924,
      cells: [
        {
          cell_id: 1,
          dl_bitrate: 110195,
          ul_bitrate: 105134325,
          dl_tx: 64,
          ul_tx: 908,
          dl_err: 0,
          ul_err: 0,
          dl_retx: 9,
          ul_retx: 98,
          pusch_snr: 26.2,
          epre: -93.8,
          ul_phr: -3,
          ul_path_loss: 76.6,
          p_ue: 22,
          dl_mcs: 25.2,
          ul_mcs: 19.5,
          ul_n_layer: 1,
          turbo_decoder_min: 1,
          turbo_decoder_avg: 2.219,
          turbo_decoder_max: 5,
          cqi: 14,
          ri: 2,
          ul_rank: 1,
          initial_ta: 1
        }
      ]
    }
  ],
  time: 191.824,
  utc: 1744857560.659
}

