{
  message: ready,
  type: ENB,
  name: ENB,
  version: 2023-06-10,
  time: 211.001,
  utc: 1744857579.828
}
{
  message: ue_get,
  ue_list: [
    {
      ran_ue_id: 4,
      amf_ue_id: 103,
      qos_flow_list: [
        {
          pdu_session_id: 1,
          dl_total_bytes: 7410,
          ul_total_bytes: 7252,
          sst: 1
        },
        {
          pdu_session_id: 2,
          dl_total_bytes: 137715,
          ul_total_bytes: 1639966521,
          sst: 1
        }
      ],
      rnti: 17924,
      cells: [
        {
          cell_id: 1,
          dl_bitrate: 130771,
          ul_bitrate: 105373634,
          dl_tx: 74,
          ul_tx: 1035,
          dl_err: 0,
          ul_err: 0,
          dl_retx: 0,
          ul_retx: 13,
          pusch_snr: 27.9,
          epre: -90.7,
          ul_phr: -9,
          ul_path_loss: 75.4,
          p_ue: 22,
          dl_mcs: 26,
          ul_mcs: 17.3,
          ul_n_layer: 1,
          turbo_decoder_min: 1,
          turbo_decoder_avg: 1.769,
          turbo_decoder_max: 5,
          cqi: 14,
          ri: 2,
          ul_rank: 1,
          initial_ta: 1
        }
      ]
    }
  ],
  time: 211.003,
  utc: 1744857579.838
}

