{
  message: ready,
  type: ENB,
  name: ENB,
  version: 2023-06-10,
  time: 789.115,
  utc: 1744858157.942
}
{
  message: ue_get,
  ue_list: [
    {
      ran_ue_id: 4,
      amf_ue_id: 103,
      qos_flow_list: [
        {
          pdu_session_id: 1,
          dl_total_bytes: 7410,
          ul_total_bytes: 7252,
          sst: 1
        },
        {
          pdu_session_id: 2,
          dl_total_bytes: 455062,
          ul_total_bytes: 8280960618,
          sst: 1
        }
      ],
      rnti: 17924,
      cells: [
        {
          cell_id: 1,
          dl_bitrate: 100838,
          ul_bitrate: 109252333,
          dl_tx: 68,
          ul_tx: 882,
          dl_err: 0,
          ul_err: 0,
          dl_retx: 0,
          ul_retx: 9,
          pusch_snr: 26,
          epre: -90.8,
          ul_phr: -8,
          ul_path_loss: 77,
          p_ue: 19,
          dl_mcs: 23,
          ul_mcs: 21,
          ul_n_layer: 1,
          turbo_decoder_min: 0,
          turbo_decoder_avg: 2.624,
          turbo_decoder_max: 5,
          cqi: 14,
          ri: 2,
          ul_rank: 1,
          initial_ta: 1
        }
      ]
    }
  ],
  time: 789.118,
  utc: 1744858157.953
}

