{
  message: ready,
  type: ENB,
  name: ENB,
  version: 2023-06-10,
  time: 805.968,
  utc: 1744072168.943
}
{
  message: ue_get,
  ue_list: [
    {
      ran_ue_id: 46,
      amf_ue_id: 102,
      qos_flow_list: [
        {
          pdu_session_id: 1,
          dl_total_bytes: 14865,
          ul_total_bytes: 8539,
          sst: 1
        },
        {
          pdu_session_id: 2,
          dl_total_bytes: 820056,
          ul_total_bytes: 5664094333,
          sst: 1
        }
      ],
      rnti: 17986,
      cells: [
        {
          cell_id: 1,
          dl_bitrate: 94312,
          ul_bitrate: 112023457,
          dl_tx: 65,
          ul_tx: 808,
          dl_err: 0,
          ul_err: 0,
          dl_retx: 1,
          ul_retx: 0,
          pusch_snr: 25.7,
          epre: -94.7,
          ul_phr: 18,
          ul_path_loss: 77.3,
          p_ue: 1,
          dl_mcs: 22.1,
          ul_mcs: 23,
          ul_n_layer: 1,
          turbo_decoder_min: 2,
          turbo_decoder_avg: 2.348,
          turbo_decoder_max: 5,
          cqi: 14,
          ri: 2,
          ul_rank: 1,
          initial_ta: 1
        }
      ]
    }
  ],
  time: 805.971,
  utc: 1744072168.954
}

