{
  message: ready,
  type: ENB,
  name: ENB,
  version: 2023-06-10,
  time: 2760.744,
  utc: 1744106370.424
}
{
  message: ue_get,
  ue_list: [
    {
      ran_ue_id: 106,
      amf_ue_id: 146,
      qos_flow_list: [
        {
          pdu_session_id: 2,
          dl_total_bytes: 647,
          ul_total_bytes: 491,
          sst: 1
        }
      ],
      rnti: 18026,
      cells: [
        {
          cell_id: 1,
          dl_bitrate: 7,
          ul_bitrate: 4,
          dl_tx: 10,
          ul_tx: 10,
          dl_err: 0,
          ul_err: 1,
          dl_retx: 0,
          ul_retx: 7,
          pusch_snr: 32,
          epre: -86.1,
          ul_phr: -6,
          ul_path_loss: 92.2,
          p_ue: 8,
          dl_mcs: 22.2,
          ul_mcs: 20.7,
          ul_n_layer: 1,
          turbo_decoder_min: 1,
          turbo_decoder_avg: 3.294,
          turbo_decoder_max: 5,
          cqi: 15,
          ri: 2,
          ul_rank: 1,
          initial_ta: 1
        }
      ]
    },
    {
      ran_ue_id: 3,
      amf_ue_id: 102,
      qos_flow_list: [
        {
          pdu_session_id: 1,
          dl_total_bytes: 15231,
          ul_total_bytes: 8947,
          sst: 1
        },
        {
          pdu_session_id: 2,
          dl_total_bytes: 10121779,
          ul_total_bytes: 40154487627,
          sst: 1
        }
      ],
      rnti: 17923,
      cells: [
        {
          cell_id: 1,
          dl_bitrate: 129516,
          ul_bitrate: 73692141,
          dl_tx: 52,
          ul_tx: 596,
          dl_err: 0,
          ul_err: 0,
          dl_retx: 0,
          ul_retx: 0,
          pusch_snr: 24,
          epre: -96.4,
          ul_phr: 30,
          ul_path_loss: 69,
          p_ue: -11,
          dl_mcs: 23,
          ul_mcs: 21.1,
          ul_n_layer: 1,
          turbo_decoder_min: 1,
          turbo_decoder_avg: 2.262,
          turbo_decoder_max: 5,
          cqi: 15,
          ri: 2,
          ul_rank: 1,
          initial_ta: 1
        }
      ]
    }
  ],
  time: 2760.746,
  utc: 1744106370.435
}

