{
  message: ready,
  type: ENB,
  name: ENB,
  version: 2023-06-10,
  time: 990.573,
  utc: 1744182838.455
}
{
  message: ue_get,
  ue_list: [
    {
      ran_ue_id: 18,
      amf_ue_id: 117,
      qos_flow_list: [],
      rnti: 17938,
      cells: [
        {
          cell_id: 1,
          dl_bitrate: 984,
          ul_bitrate: 0,
          dl_tx: 1,
          ul_tx: 0,
          dl_err: 1,
          ul_err: 0,
          dl_retx: 5,
          ul_retx: 0,
          pusch_snr: 27.2,
          epre: -94.2,
          ul_phr: 22,
          ul_path_loss: 76.1,
          p_ue: -1,
          dl_mcs: 14,
          cqi: 6,
          ri: 2,
          ul_rank: 1,
          initial_ta: 1
        }
      ]
    },
    {
      ran_ue_id: 3,
      amf_ue_id: 102,
      qos_flow_list: [
        {
          pdu_session_id: 1,
          dl_total_bytes: 15017,
          ul_total_bytes: 8701,
          sst: 1
        },
        {
          pdu_session_id: 2,
          dl_total_bytes: 1738727,
          ul_total_bytes: 18246447514,
          sst: 1
        }
      ],
      rnti: 17923,
      cells: [
        {
          cell_id: 1,
          dl_bitrate: 152606,
          ul_bitrate: 181371234,
          dl_tx: 93,
          ul_tx: 1519,
          dl_err: 0,
          ul_err: 0,
          dl_retx: 0,
          ul_retx: 20,
          pusch_snr: 21,
          epre: -99.3,
          ul_phr: 14,
          ul_path_loss: 68.5,
          p_ue: 5,
          dl_mcs: 24.7,
          ul_mcs: 19.8,
          ul_n_layer: 1,
          turbo_decoder_min: 1,
          turbo_decoder_avg: 3.014,
          turbo_decoder_max: 5,
          cqi: 15,
          ri: 2,
          ul_rank: 1,
          initial_ta: 1
        }
      ]
    }
  ],
  time: 990.575,
  utc: 1744182838.467
}

