{
  message: ready,
  type: ENB,
  name: ENB,
  version: 2023-06-10,
  time: 1054.851,
  utc: 1744200172.222
}
{
  message: ue_get,
  ue_list: [
    {
      ran_ue_id: 4,
      amf_ue_id: 103,
      qos_flow_list: [
        {
          pdu_session_id: 1,
          dl_total_bytes: 15049,
          ul_total_bytes: 8747,
          sst: 1
        },
        {
          pdu_session_id: 2,
          dl_total_bytes: 1951387,
          ul_total_bytes: 18781007212,
          sst: 1
        }
      ],
      rnti: 17924,
      cells: [
        {
          cell_id: 1,
          dl_bitrate: 149263,
          ul_bitrate: 130200671,
          dl_tx: 93,
          ul_tx: 1611,
          dl_err: 0,
          ul_err: 0,
          dl_retx: 12,
          ul_retx: 0,
          pusch_snr: 19.4,
          epre: -101.2,
          ul_phr: -13,
          ul_path_loss: 87.3,
          p_ue: 22,
          dl_mcs: 21.4,
          ul_mcs: 14,
          ul_n_layer: 1,
          turbo_decoder_min: 1,
          turbo_decoder_avg: 1.999,
          turbo_decoder_max: 3,
          cqi: 14,
          ri: 2,
          ul_rank: 1,
          initial_ta: 1
        }
      ]
    }
  ],
  time: 1054.852,
  utc: 1744200172.232
}

