{
  message: ready,
  type: ENB,
  name: ENB,
  version: 2023-06-10,
  time: 2873.368,
  utc: 1744086165.041
}
{
  message: ue_get,
  ue_list: [
    {
      ran_ue_id: 46,
      amf_ue_id: 145,
      qos_flow_list: [],
      rnti: 17966,
      cells: [
        {
          cell_id: 1,
          dl_bitrate: 0,
          ul_bitrate: 0,
          dl_tx: 2,
          ul_tx: 3,
          dl_err: 4,
          ul_err: 0,
          dl_retx: 24,
          ul_retx: 0,
          pusch_snr: 7.1,
          epre: -113.7,
          ul_phr: -26,
          ul_path_loss: 122.6,
          p_ue: 24,
          dl_mcs: 14.1,
          ul_mcs: 10,
          ul_n_layer: 1,
          turbo_decoder_min: 1,
          turbo_decoder_avg: 2,
          turbo_decoder_max: 3,
          cqi: 5,
          ri: 1,
          ul_rank: 1,
          initial_ta: 0
        }
      ]
    },
    {
      ran_ue_id: 5,
      amf_ue_id: 104,
      qos_flow_list: [
        {
          pdu_session_id: 1,
          dl_total_bytes: 10017,
          ul_total_bytes: 8059,
          sst: 1
        },
        {
          pdu_session_id: 2,
          dl_total_bytes: 10597266,
          ul_total_bytes: 36707793821,
          sst: 1
        }
      ],
      rnti: 17925,
      cells: [
        {
          cell_id: 1,
          dl_bitrate: 147918,
          ul_bitrate: 110929635,
          dl_tx: 71,
          ul_tx: 928,
          dl_err: 0,
          ul_err: 0,
          dl_retx: 9,
          ul_retx: 16,
          pusch_snr: 25.7,
          epre: -96,
          ul_phr: 5,
          ul_path_loss: 78.3,
          p_ue: 14,
          dl_mcs: 23,
          ul_mcs: 19.9,
          ul_n_layer: 1,
          turbo_decoder_min: 1,
          turbo_decoder_avg: 2.92,
          turbo_decoder_max: 5,
          cqi: 15,
          ri: 2,
          ul_rank: 1,
          initial_ta: 0
        }
      ]
    }
  ],
  time: 2873.37,
  utc: 1744086165.052
}

