{
  message: ready,
  type: ENB,
  name: ENB,
  version: 2023-06-10,
  time: 1047.721,
  utc: 1744046177.458
}
{
  message: ue_get,
  ue_list: [
    {
      ran_ue_id: 31,
      amf_ue_id: 124,
      qos_flow_list: [
        {
          pdu_session_id: 1,
          dl_total_bytes: 0,
          ul_total_bytes: 0,
          sst: 1
        }
      ],
      rnti: 17951,
      cells: [
        {
          cell_id: 1,
          dl_bitrate: 3080,
          ul_bitrate: 0,
          dl_tx: 2,
          ul_tx: 0,
          dl_err: 0,
          ul_err: 0,
          dl_retx: 0,
          ul_retx: 0,
          pusch_snr: 25.3,
          epre: -93.1,
          ul_phr: 20,
          ul_path_loss: 74.7,
          p_ue: -2,
          dl_mcs: 28,
          cqi: 15,
          ri: 2,
          ul_rank: 1,
          initial_ta: 0
        }
      ]
    },
    {
      ran_ue_id: 30,
      amf_ue_id: 123,
      qos_flow_list: [
        {
          pdu_session_id: 2,
          dl_total_bytes: 8298,
          ul_total_bytes: 4075,
          sst: 1
        }
      ],
      rnti: 17950,
      cells: [
        {
          cell_id: 1,
          dl_bitrate: 2528,
          ul_bitrate: 0,
          dl_tx: 2,
          ul_tx: 0,
          dl_err: 0,
          ul_err: 0,
          dl_retx: 1,
          ul_retx: 0,
          pusch_snr: 30.1,
          epre: -92.1,
          ul_phr: -9,
          ul_path_loss: 83,
          p_ue: 8,
          dl_mcs: 24,
          cqi: 15,
          ri: 2,
          ul_rank: 1,
          initial_ta: 1
        }
      ]
    },
    {
      ran_ue_id: 4,
      amf_ue_id: 103,
      qos_flow_list: [
        {
          pdu_session_id: 1,
          dl_total_bytes: 15040,
          ul_total_bytes: 8724,
          sst: 1
        },
        {
          pdu_session_id: 2,
          dl_total_bytes: 1899145,
          ul_total_bytes: 15158772852,
          sst: 1
        }
      ],
      rnti: 17924,
      cells: [
        {
          cell_id: 1,
          dl_bitrate: 194842,
          ul_bitrate: 107414988,
          dl_tx: 112,
          ul_tx: 1036,
          dl_err: 0,
          ul_err: 0,
          dl_retx: 0,
          ul_retx: 7,
          pusch_snr: 21.5,
          epre: -99.4,
          ul_phr: 14,
          ul_path_loss: 68.4,
          p_ue: 5,
          dl_mcs: 27.9,
          ul_mcs: 19.6,
          ul_n_layer: 1,
          turbo_decoder_min: 1,
          turbo_decoder_avg: 2.969,
          turbo_decoder_max: 5,
          cqi: 15,
          ri: 2,
          ul_rank: 1,
          initial_ta: 1
        }
      ]
    }
  ],
  time: 1047.722,
  utc: 1744046177.469
}

