{
  message: ready,
  type: ENB,
  name: ENB,
  version: 2023-06-10,
  time: 1038.135,
  utc: 1744046167.873
}
{
  message: ue_get,
  ue_list: [
    {
      ran_ue_id: 30,
      amf_ue_id: 123,
      qos_flow_list: [
        {
          pdu_session_id: 2,
          dl_total_bytes: 8298,
          ul_total_bytes: 4075,
          sst: 1
        }
      ],
      rnti: 17950,
      cells: [
        {
          cell_id: 1,
          dl_bitrate: 5241,
          ul_bitrate: 1662,
          dl_tx: 4,
          ul_tx: 1,
          dl_err: 0,
          ul_err: 0,
          dl_retx: 4,
          ul_retx: 0,
          pusch_snr: 30.1,
          epre: -92.1,
          ul_phr: -9,
          ul_path_loss: 83,
          p_ue: 8,
          dl_mcs: 24.3,
          ul_mcs: 24,
          ul_n_layer: 1,
          turbo_decoder_min: 2,
          turbo_decoder_avg: 2,
          turbo_decoder_max: 2,
          cqi: 15,
          ri: 2,
          ul_rank: 1,
          initial_ta: 1
        }
      ]
    },
    {
      ran_ue_id: 4,
      amf_ue_id: 103,
      qos_flow_list: [
        {
          pdu_session_id: 1,
          dl_total_bytes: 15040,
          ul_total_bytes: 8724,
          sst: 1
        },
        {
          pdu_session_id: 2,
          dl_total_bytes: 1856780,
          ul_total_bytes: 15029798997,
          sst: 1
        }
      ],
      rnti: 17924,
      cells: [
        {
          cell_id: 1,
          dl_bitrate: 194965,
          ul_bitrate: 107881003,
          dl_tx: 112,
          ul_tx: 1031,
          dl_err: 0,
          ul_err: 0,
          dl_retx: 0,
          ul_retx: 10,
          pusch_snr: 21.1,
          epre: -99.6,
          ul_phr: 14,
          ul_path_loss: 68.5,
          p_ue: 5,
          dl_mcs: 27.9,
          ul_mcs: 19.9,
          ul_n_layer: 1,
          turbo_decoder_min: 1,
          turbo_decoder_avg: 3.145,
          turbo_decoder_max: 5,
          cqi: 15,
          ri: 2,
          ul_rank: 1,
          initial_ta: 1
        }
      ]
    }
  ],
  time: 1038.137,
  utc: 1744046167.884
}

