{
  message: ready,
  type: ENB,
  name: ENB,
  version: 2023-06-10,
  time: 377.196,
  utc: 1744062855.501
}
{
  message: ue_get,
  ue_list: [
    {
      ran_ue_id: 5,
      amf_ue_id: 104,
      qos_flow_list: [
        {
          pdu_session_id: 1,
          dl_total_bytes: 9465,
          ul_total_bytes: 7437,
          sst: 1
        },
        {
          pdu_session_id: 2,
          dl_total_bytes: 573003,
          ul_total_bytes: 2953662875,
          sst: 1
        }
      ],
      rnti: 17925,
      cells: [
        {
          cell_id: 1,
          dl_bitrate: 134944,
          ul_bitrate: 97501598,
          dl_tx: 110,
          ul_tx: 1055,
          dl_err: 0,
          ul_err: 0,
          dl_retx: 2,
          ul_retx: 17,
          pusch_snr: 19.4,
          epre: -101.5,
          ul_phr: -3,
          ul_path_loss: 87.8,
          p_ue: 22,
          dl_mcs: 24,
          ul_mcs: 18,
          ul_n_layer: 1,
          turbo_decoder_min: 1,
          turbo_decoder_avg: 2.95,
          turbo_decoder_max: 5,
          cqi: 15,
          ri: 2,
          ul_rank: 1,
          initial_ta: 1
        }
      ]
    }
  ],
  time: 377.197,
  utc: 1744062855.512
}

