{
  message: ready,
  type: ENB,
  name: ENB,
  version: 2023-06-10,
  time: 3080.227,
  utc: 1744074443.201
}
{
  message: ue_get,
  ue_list: [
    {
      ran_ue_id: 46,
      amf_ue_id: 102,
      qos_flow_list: [
        {
          pdu_session_id: 1,
          dl_total_bytes: 15233,
          ul_total_bytes: 8943,
          sst: 1
        },
        {
          pdu_session_id: 2,
          dl_total_bytes: 9906757,
          ul_total_bytes: 38470965574,
          sst: 1
        }
      ],
      rnti: 17986,
      cells: [
        {
          cell_id: 1,
          dl_bitrate: 159616,
          ul_bitrate: 125801573,
          dl_tx: 70,
          ul_tx: 975,
          dl_err: 0,
          ul_err: 0,
          dl_retx: 1,
          ul_retx: 5,
          pusch_snr: 24.5,
          epre: -96.1,
          ul_phr: 20,
          ul_path_loss: 77.4,
          p_ue: -1,
          dl_mcs: 22,
          ul_mcs: 21.1,
          ul_n_layer: 1,
          turbo_decoder_min: 1,
          turbo_decoder_avg: 2.164,
          turbo_decoder_max: 5,
          cqi: 14,
          ri: 2,
          ul_rank: 1,
          initial_ta: 1
        }
      ]
    }
  ],
  time: 3080.229,
  utc: 1744074443.212
}

