{
  message: ready,
  type: ENB,
  name: ENB,
  version: 2023-06-10,
  time: 674.408,
  utc: 1744107174.778
}
{
  message: ue_get,
  ue_list: [
    {
      ran_ue_id: 6,
      amf_ue_id: 105,
      qos_flow_list: [
        {
          pdu_session_id: 1,
          dl_total_bytes: 9465,
          ul_total_bytes: 7453,
          sst: 1
        },
        {
          pdu_session_id: 2,
          dl_total_bytes: 1049800,
          ul_total_bytes: 8729715846,
          sst: 1
        }
      ],
      rnti: 17926,
      cells: [
        {
          cell_id: 1,
          dl_bitrate: 109195,
          ul_bitrate: 134971331,
          dl_tx: 75,
          ul_tx: 1113,
          dl_err: 0,
          ul_err: 0,
          dl_retx: 9,
          ul_retx: 11,
          pusch_snr: 22.5,
          epre: -98.4,
          ul_phr: 4,
          ul_path_loss: 78.5,
          p_ue: 15,
          dl_mcs: 23,
          ul_mcs: 20,
          ul_n_layer: 1,
          turbo_decoder_min: 1,
          turbo_decoder_avg: 3.091,
          turbo_decoder_max: 5,
          cqi: 15,
          ri: 2,
          ul_rank: 1,
          initial_ta: 1
        }
      ]
    }
  ],
  time: 674.409,
  utc: 1744107174.789
}

