{
  message: ready,
  type: ENB,
  name: ENB,
  version: 2023-06-10,
  time: 1062.093,
  utc: 1744060670.419
}
{
  message: ue_get,
  ue_list: [
    {
      ran_ue_id: 27,
      amf_ue_id: 121,
      qos_flow_list: [],
      rnti: 17947,
      cells: [
        {
          cell_id: 1,
          dl_bitrate: 921,
          ul_bitrate: 0,
          dl_tx: 3,
          ul_tx: 0,
          dl_err: 23,
          ul_err: 0,
          dl_retx: 123,
          ul_retx: 0,
          pusch_snr: 5.8,
          epre: -115.1,
          ul_phr: -28,
          ul_path_loss: 115.5,
          p_ue: 23,
          dl_mcs: 8.7,
          cqi: 5,
          ri: 2,
          ul_rank: 1,
          initial_ta: 1
        }
      ]
    },
    {
      ran_ue_id: 3,
      amf_ue_id: 102,
      qos_flow_list: [
        {
          pdu_session_id: 1,
          dl_total_bytes: 15033,
          ul_total_bytes: 8741,
          sst: 1
        },
        {
          pdu_session_id: 2,
          dl_total_bytes: 1971644,
          ul_total_bytes: 16130747942,
          sst: 1
        }
      ],
      rnti: 17923,
      cells: [
        {
          cell_id: 1,
          dl_bitrate: 138206,
          ul_bitrate: 129435431,
          dl_tx: 110,
          ul_tx: 1062,
          dl_err: 0,
          ul_err: 0,
          dl_retx: 2,
          ul_retx: 13,
          pusch_snr: 25.2,
          epre: -95.1,
          ul_phr: 1,
          ul_path_loss: 78,
          p_ue: 18,
          dl_mcs: 24.3,
          ul_mcs: 23.4,
          ul_n_layer: 1,
          turbo_decoder_min: 1,
          turbo_decoder_avg: 2.712,
          turbo_decoder_max: 5,
          cqi: 15,
          ri: 2,
          ul_rank: 1,
          initial_ta: 1
        }
      ]
    }
  ],
  time: 1062.095,
  utc: 1744060670.429
}

