{
  message: ready,
  type: ENB,
  name: ENB,
  version: 2023-06-10,
  time: 1082.334,
  utc: 1744060690.66
}
{
  message: ue_get,
  ue_list: [
    {
      ran_ue_id: 3,
      amf_ue_id: 102,
      qos_flow_list: [
        {
          pdu_session_id: 1,
          dl_total_bytes: 15033,
          ul_total_bytes: 8741,
          sst: 1
        },
        {
          pdu_session_id: 2,
          dl_total_bytes: 2045673,
          ul_total_bytes: 16456655518,
          sst: 1
        }
      ],
      rnti: 17923,
      cells: [
        {
          cell_id: 1,
          dl_bitrate: 192835,
          ul_bitrate: 131137708,
          dl_tx: 115,
          ul_tx: 1058,
          dl_err: 0,
          ul_err: 0,
          dl_retx: 0,
          ul_retx: 12,
          pusch_snr: 25.8,
          epre: -94.6,
          ul_phr: 0,
          ul_path_loss: 78.3,
          p_ue: 19,
          dl_mcs: 27,
          ul_mcs: 23.7,
          ul_n_layer: 1,
          turbo_decoder_min: 1,
          turbo_decoder_avg: 2.573,
          turbo_decoder_max: 5,
          cqi: 15,
          ri: 2,
          ul_rank: 1,
          initial_ta: 1
        }
      ]
    }
  ],
  time: 1082.336,
  utc: 1744060690.671
}

