{
  message: ready,
  type: ENB,
  name: ENB,
  version: 2023-06-10,
  time: 2012.794,
  utc: 1744091093.886
}
{
  message: ue_get,
  ue_list: [
    {
      ran_ue_id: 3,
      amf_ue_id: 102,
      qos_flow_list: [
        {
          pdu_session_id: 1,
          dl_total_bytes: 15233,
          ul_total_bytes: 8949,
          sst: 1
        },
        {
          pdu_session_id: 2,
          dl_total_bytes: 5255000,
          ul_total_bytes: 18458074016,
          sst: 1
        }
      ],
      rnti: 17923,
      cells: [
        {
          cell_id: 1,
          dl_bitrate: 89564,
          ul_bitrate: 52505035,
          dl_tx: 93,
          ul_tx: 1543,
          dl_err: 0,
          ul_err: 0,
          dl_retx: 27,
          ul_retx: 0,
          pusch_snr: 9.9,
          epre: -111.3,
          ul_phr: -24,
          ul_path_loss: 98.4,
          p_ue: 23,
          dl_mcs: 14.1,
          ul_mcs: 5,
          ul_n_layer: 1,
          turbo_decoder_min: 1,
          turbo_decoder_avg: 2.002,
          turbo_decoder_max: 3,
          cqi: 8,
          ri: 2,
          ul_rank: 1,
          initial_ta: 1
        }
      ]
    }
  ],
  time: 2012.796,
  utc: 1744091093.897
}

