{
  message: ready,
  type: ENB,
  name: ENB,
  version: 2023-06-10,
  time: 288.055,
  utc: 1743790475.18
}
{
  message: ue_get,
  ue_list: [
    {
      ran_ue_id: 51,
      amf_ue_id: 103,
      qos_flow_list: [
        {
          pdu_session_id: 1,
          dl_total_bytes: 14873,
          ul_total_bytes: 8545,
          sst: 1
        },
        {
          pdu_session_id: 2,
          dl_total_bytes: 454746,
          ul_total_bytes: 3822825147,
          sst: 1
        }
      ],
      rnti: 17971,
      cells: [
        {
          cell_id: 1,
          dl_bitrate: 162399,
          ul_bitrate: 146450946,
          dl_tx: 108,
          ul_tx: 1055,
          dl_err: 0,
          ul_err: 0,
          dl_retx: 0,
          ul_retx: 11,
          pusch_snr: 29.5,
          epre: -89.3,
          ul_phr: 4,
          ul_path_loss: 68.2,
          p_ue: 15,
          dl_mcs: 27.9,
          ul_mcs: 26.1,
          ul_n_layer: 1,
          turbo_decoder_min: 1,
          turbo_decoder_avg: 2.281,
          turbo_decoder_max: 5,
          cqi: 15,
          ri: 2,
          ul_rank: 1,
          initial_ta: 1
        }
      ]
    }
  ],
  time: 288.057,
  utc: 1743790475.19
}

