{
  message: ready,
  type: ENB,
  name: ENB,
  version: 2023-06-10,
  time: 2761.408,
  utc: 1744115055.258
}
{
  message: ue_get,
  ue_list: [
    {
      ran_ue_id: 3,
      amf_ue_id: 102,
      qos_flow_list: [
        {
          pdu_session_id: 1,
          dl_total_bytes: 15233,
          ul_total_bytes: 8949,
          sst: 1
        },
        {
          pdu_session_id: 2,
          dl_total_bytes: 10062873,
          ul_total_bytes: 27406202577,
          sst: 1
        }
      ],
      rnti: 17923,
      cells: [
        {
          cell_id: 1,
          dl_bitrate: 141459,
          ul_bitrate: 91722310,
          dl_tx: 94,
          ul_tx: 1702,
          dl_err: 0,
          ul_err: 0,
          dl_retx: 19,
          ul_retx: 20,
          pusch_snr: 9.9,
          epre: -110.9,
          ul_phr: -15,
          ul_path_loss: 98.9,
          p_ue: 23,
          dl_mcs: 13.5,
          ul_mcs: 9,
          ul_n_layer: 1,
          turbo_decoder_min: 1,
          turbo_decoder_avg: 3.554,
          turbo_decoder_max: 5,
          cqi: 9,
          ri: 2,
          ul_rank: 1,
          initial_ta: 1
        }
      ]
    }
  ],
  time: 2761.41,
  utc: 1744115055.268
}

