{
  message: ready,
  type: ENB,
  name: ENB,
  version: 2023-06-10,
  time: 435.527,
  utc: 1744045565.265
}
{
  message: ue_get,
  ue_list: [
    {
      ran_ue_id: 4,
      amf_ue_id: 103,
      qos_flow_list: [
        {
          pdu_session_id: 1,
          dl_total_bytes: 14856,
          ul_total_bytes: 8522,
          sst: 1
        },
        {
          pdu_session_id: 2,
          dl_total_bytes: 752890,
          ul_total_bytes: 5606756518,
          sst: 1
        }
      ],
      rnti: 17924,
      cells: [
        {
          cell_id: 1,
          dl_bitrate: 140513,
          ul_bitrate: 119370468,
          dl_tx: 111,
          ul_tx: 1060,
          dl_err: 0,
          ul_err: 0,
          dl_retx: 5,
          ul_retx: 13,
          pusch_snr: 24.1,
          epre: -96.7,
          ul_phr: 11,
          ul_path_loss: 68.6,
          p_ue: 8,
          dl_mcs: 24.4,
          ul_mcs: 22,
          ul_n_layer: 1,
          turbo_decoder_min: 1,
          turbo_decoder_avg: 2.579,
          turbo_decoder_max: 5,
          cqi: 15,
          ri: 2,
          ul_rank: 1,
          initial_ta: 1
        }
      ]
    }
  ],
  time: 435.529,
  utc: 1744045565.276
}

