{
  message: ready,
  type: ENB,
  name: ENB,
  version: 2023-06-10,
  time: 2216.038,
  utc: 1744094217.39
}
{
  message: ue_get,
  ue_list: [
    {
      ran_ue_id: 43,
      amf_ue_id: 142,
      qos_flow_list: [
        {
          pdu_session_id: 2,
          dl_total_bytes: 0,
          ul_total_bytes: 244,
          sst: 1
        }
      ],
      rnti: 17963,
      cells: [
        {
          cell_id: 1,
          dl_bitrate: 2295,
          ul_bitrate: 0,
          dl_tx: 2,
          ul_tx: 0,
          dl_err: 0,
          ul_err: 0,
          dl_retx: 0,
          ul_retx: 0,
          pusch_snr: 30.5,
          epre: -88.2,
          ul_phr: -1,
          ul_path_loss: 82.1,
          p_ue: 8,
          dl_mcs: 19,
          cqi: 12,
          ri: 2,
          ul_rank: 1,
          initial_ta: 1
        }
      ]
    },
    {
      ran_ue_id: 3,
      amf_ue_id: 102,
      qos_flow_list: [
        {
          pdu_session_id: 1,
          dl_total_bytes: 15233,
          ul_total_bytes: 8949,
          sst: 1
        },
        {
          pdu_session_id: 2,
          dl_total_bytes: 6572478,
          ul_total_bytes: 29022622116,
          sst: 1
        }
      ],
      rnti: 17923,
      cells: [
        {
          cell_id: 1,
          dl_bitrate: 197481,
          ul_bitrate: 145970555,
          dl_tx: 86,
          ul_tx: 1214,
          dl_err: 0,
          ul_err: 0,
          dl_retx: 0,
          ul_retx: 24,
          pusch_snr: 23,
          epre: -97.2,
          ul_phr: 12,
          ul_path_loss: 69,
          p_ue: 7,
          dl_mcs: 25,
          ul_mcs: 20.6,
          ul_n_layer: 1,
          turbo_decoder_min: 1,
          turbo_decoder_avg: 2.487,
          turbo_decoder_max: 5,
          cqi: 15,
          ri: 2,
          ul_rank: 1,
          initial_ta: 0
        }
      ]
    }
  ],
  time: 2216.04,
  utc: 1744094217.401
}

