{
  message: ready,
  type: ENB,
  name: ENB,
  version: 2023-06-10,
  time: 2225.568,
  utc: 1744094226.92
}
{
  message: ue_get,
  ue_list: [
    {
      ran_ue_id: 3,
      amf_ue_id: 102,
      qos_flow_list: [
        {
          pdu_session_id: 1,
          dl_total_bytes: 15233,
          ul_total_bytes: 8949,
          sst: 1
        },
        {
          pdu_session_id: 2,
          dl_total_bytes: 6656406,
          ul_total_bytes: 29151208862,
          sst: 1
        }
      ],
      rnti: 17923,
      cells: [
        {
          cell_id: 1,
          dl_bitrate: 142452,
          ul_bitrate: 106237570,
          dl_tx: 66,
          ul_tx: 843,
          dl_err: 0,
          ul_err: 0,
          dl_retx: 1,
          ul_retx: 8,
          pusch_snr: 23.1,
          epre: -97.3,
          ul_phr: 32,
          ul_path_loss: 68.8,
          p_ue: -13,
          dl_mcs: 24.2,
          ul_mcs: 21,
          ul_n_layer: 1,
          turbo_decoder_min: 0,
          turbo_decoder_avg: 2.857,
          turbo_decoder_max: 5,
          cqi: 15,
          ri: 2,
          ul_rank: 1,
          initial_ta: 0
        }
      ]
    }
  ],
  time: 2225.571,
  utc: 1744094226.932
}

