{
  message: ready,
  type: ENB,
  name: ENB,
  version: 2023-06-10,
  time: 390.722,
  utc: 1743863580.739
}
{
  message: ue_get,
  ue_list: [
    {
      ran_ue_id: 4,
      amf_ue_id: 103,
      qos_flow_list: [
        {
          pdu_session_id: 1,
          dl_total_bytes: 14866,
          ul_total_bytes: 8540,
          sst: 1
        },
        {
          pdu_session_id: 2,
          dl_total_bytes: 557918,
          ul_total_bytes: 6865225922,
          sst: 1
        }
      ],
      rnti: 17924,
      cells: [
        {
          cell_id: 1,
          dl_bitrate: 161135,
          ul_bitrate: 175570567,
          dl_tx: 89,
          ul_tx: 1282,
          dl_err: 0,
          ul_err: 0,
          dl_retx: 1,
          ul_retx: 11,
          pusch_snr: 24.8,
          epre: -95.4,
          ul_phr: 10,
          ul_path_loss: 68.7,
          p_ue: 9,
          dl_mcs: 24.2,
          ul_mcs: 22.8,
          ul_n_layer: 1,
          turbo_decoder_min: 1,
          turbo_decoder_avg: 2.363,
          turbo_decoder_max: 5,
          cqi: 15,
          ri: 2,
          ul_rank: 1,
          initial_ta: 1
        }
      ]
    }
  ],
  time: 390.724,
  utc: 1743863580.75
}

