{
  message: ready,
  type: ENB,
  name: ENB,
  version: 2023-06-10,
  time: 1523.35,
  utc: 1744212195.55
}
{
  message: ue_get,
  ue_list: [
    {
      ran_ue_id: 37,
      amf_ue_id: 125,
      qos_flow_list: [
        {
          pdu_session_id: 1,
          dl_total_bytes: 0,
          ul_total_bytes: 0,
          sst: 1
        }
      ],
      rnti: 17957,
      cells: [
        {
          cell_id: 1,
          dl_bitrate: 4,
          ul_bitrate: 4,
          dl_tx: 6,
          ul_tx: 6,
          dl_err: 0,
          ul_err: 0,
          dl_retx: 2,
          ul_retx: 2,
          pusch_snr: 26.7,
          epre: -90.7,
          ul_phr: -11,
          ul_path_loss: 93,
          p_ue: 18,
          dl_mcs: 13.8,
          ul_mcs: 26.4,
          ul_n_layer: 1,
          turbo_decoder_min: 1,
          turbo_decoder_avg: 2.375,
          turbo_decoder_max: 5,
          cqi: 11,
          ri: 2,
          ul_rank: 1,
          initial_ta: 1
        }
      ]
    },
    {
      ran_ue_id: 3,
      amf_ue_id: 102,
      qos_flow_list: [
        {
          pdu_session_id: 1,
          dl_total_bytes: 19162,
          ul_total_bytes: 9124,
          sst: 1
        },
        {
          pdu_session_id: 2,
          dl_total_bytes: 3433059,
          ul_total_bytes: 14343073640,
          sst: 1
        }
      ],
      rnti: 17923,
      cells: [
        {
          cell_id: 1,
          dl_bitrate: 103568,
          ul_bitrate: 104199054,
          dl_tx: 97,
          ul_tx: 1720,
          dl_err: 0,
          ul_err: 0,
          dl_retx: 26,
          ul_retx: 0,
          pusch_snr: 19.4,
          epre: -101.2,
          ul_phr: -16,
          ul_path_loss: 87.5,
          p_ue: 22,
          dl_mcs: 11.7,
          ul_mcs: 11,
          ul_n_layer: 1,
          turbo_decoder_min: 1,
          turbo_decoder_avg: 1.496,
          turbo_decoder_max: 2,
          cqi: 9,
          ri: 2,
          ul_rank: 1,
          initial_ta: 1
        }
      ]
    }
  ],
  time: 1523.351,
  utc: 1744212195.56
}

