{
  message: ready,
  type: ENB,
  name: ENB,
  version: 2023-06-10,
  time: 2573.961,
  utc: 1744094575.313
}
{
  message: ue_get,
  ue_list: [
    {
      ran_ue_id: 47,
      amf_ue_id: 146,
      qos_flow_list: [],
      rnti: 17967,
      cells: [
        {
          cell_id: 1,
          dl_bitrate: 0,
          ul_bitrate: 0,
          dl_tx: 0,
          ul_tx: 0,
          dl_err: 0,
          ul_err: 0,
          dl_retx: 0,
          ul_retx: 0,
          pusch_snr: 19.6,
          epre: -102.7,
          ul_phr: -15,
          ul_path_loss: 118.7,
          p_ue: 24,
          cqi: 6,
          ri: 2,
          ul_rank: 1,
          initial_ta: 1
        }
      ]
    },
    {
      ran_ue_id: 3,
      amf_ue_id: 102,
      qos_flow_list: [
        {
          pdu_session_id: 1,
          dl_total_bytes: 15233,
          ul_total_bytes: 8949,
          sst: 1
        },
        {
          pdu_session_id: 2,
          dl_total_bytes: 8841526,
          ul_total_bytes: 33834124294,
          sst: 1
        }
      ],
      rnti: 17923,
      cells: [
        {
          cell_id: 1,
          dl_bitrate: 108204,
          ul_bitrate: 108935129,
          dl_tx: 68,
          ul_tx: 904,
          dl_err: 0,
          ul_err: 0,
          dl_retx: 0,
          ul_retx: 29,
          pusch_snr: 22.7,
          epre: -97.8,
          ul_phr: 34,
          ul_path_loss: 67.8,
          p_ue: -12,
          dl_mcs: 24,
          ul_mcs: 20.4,
          ul_n_layer: 1,
          turbo_decoder_min: 0,
          turbo_decoder_avg: 2.56,
          turbo_decoder_max: 5,
          cqi: 15,
          ri: 2,
          ul_rank: 1,
          initial_ta: 0
        }
      ]
    }
  ],
  time: 2573.962,
  utc: 1744094575.323
}

