{
  message: ready,
  type: ENB,
  name: ENB,
  version: 2023-06-10,
  time: 1253.877,
  utc: 1744194634.228
}
{
  message: ue_get,
  ue_list: [
    {
      ran_ue_id: 4,
      amf_ue_id: 103,
      qos_flow_list: [
        {
          pdu_session_id: 1,
          dl_total_bytes: 15892,
          ul_total_bytes: 8847,
          sst: 1
        },
        {
          pdu_session_id: 2,
          dl_total_bytes: 2616918,
          ul_total_bytes: 24527163355,
          sst: 1
        }
      ],
      rnti: 17924,
      cells: [
        {
          cell_id: 1,
          dl_bitrate: 177983,
          ul_bitrate: 179633446,
          dl_tx: 94,
          ul_tx: 1466,
          dl_err: 0,
          ul_err: 0,
          dl_retx: 1,
          ul_retx: 27,
          pusch_snr: 24.4,
          epre: -96,
          ul_phr: 11,
          ul_path_loss: 68.6,
          p_ue: 8,
          dl_mcs: 25,
          ul_mcs: 20.8,
          ul_n_layer: 1,
          turbo_decoder_min: 0,
          turbo_decoder_avg: 2.14,
          turbo_decoder_max: 5,
          cqi: 15,
          ri: 2,
          ul_rank: 1,
          initial_ta: 0
        }
      ]
    }
  ],
  time: 1253.879,
  utc: 1744194634.239
}

