{
  message: ready,
  type: ENB,
  name: ENB,
  version: 2023-06-10,
  time: 197.058,
  utc: 1744068652.593
}
{
  message: ue_get,
  ue_list: [
    {
      ran_ue_id: 4,
      amf_ue_id: 103,
      qos_flow_list: [
        {
          pdu_session_id: 1,
          dl_total_bytes: 14937,
          ul_total_bytes: 9346,
          sst: 1
        },
        {
          pdu_session_id: 2,
          dl_total_bytes: 357000,
          ul_total_bytes: 1720147738,
          sst: 1
        }
      ],
      rnti: 17924,
      cells: [
        {
          cell_id: 1,
          dl_bitrate: 90802,
          ul_bitrate: 111731662,
          dl_tx: 63,
          ul_tx: 878,
          dl_err: 0,
          ul_err: 0,
          dl_retx: 4,
          ul_retx: 12,
          pusch_snr: 23.2,
          epre: -97.4,
          ul_phr: 12,
          ul_path_loss: 68.8,
          p_ue: 7,
          dl_mcs: 21.8,
          ul_mcs: 20.9,
          ul_n_layer: 1,
          turbo_decoder_min: 1,
          turbo_decoder_avg: 2.566,
          turbo_decoder_max: 5,
          cqi: 14,
          ri: 2,
          ul_rank: 1,
          initial_ta: 1
        }
      ]
    }
  ],
  time: 197.059,
  utc: 1744068652.603
}

