{
  message: ready,
  type: ENB,
  name: ENB,
  version: 2023-06-10,
  time: 222.533,
  utc: 1744068678.068
}
{
  message: ue_get,
  ue_list: [
    {
      ran_ue_id: 4,
      amf_ue_id: 103,
      qos_flow_list: [
        {
          pdu_session_id: 1,
          dl_total_bytes: 14937,
          ul_total_bytes: 9346,
          sst: 1
        },
        {
          pdu_session_id: 2,
          dl_total_bytes: 403065,
          ul_total_bytes: 2076370928,
          sst: 1
        }
      ],
      rnti: 17924,
      cells: [
        {
          cell_id: 1,
          dl_bitrate: 131206,
          ul_bitrate: 128285415,
          dl_tx: 74,
          ul_tx: 1023,
          dl_err: 0,
          ul_err: 0,
          dl_retx: 1,
          ul_retx: 33,
          pusch_snr: 23.3,
          epre: -96.6,
          ul_phr: 11,
          ul_path_loss: 68.8,
          p_ue: 8,
          dl_mcs: 26,
          ul_mcs: 20.7,
          ul_n_layer: 1,
          turbo_decoder_min: 1,
          turbo_decoder_avg: 2.231,
          turbo_decoder_max: 5,
          cqi: 14,
          ri: 2,
          ul_rank: 1,
          initial_ta: 1
        }
      ]
    }
  ],
  time: 222.534,
  utc: 1744068678.078
}

