{
  message: ready,
  type: ENB,
  name: ENB,
  version: 2023-06-10,
  time: 2713.326,
  utc: 1744106323.006
}
{
  message: ue_get,
  ue_list: [
    {
      ran_ue_id: 95,
      amf_ue_id: 145,
      qos_flow_list: [
        {
          pdu_session_id: 2,
          dl_total_bytes: 18566,
          ul_total_bytes: 7256,
          sst: 1
        }
      ],
      rnti: 18024,
      cells: [
        {
          cell_id: 1,
          dl_bitrate: 2753,
          ul_bitrate: 1049,
          dl_tx: 2,
          ul_tx: 1,
          dl_err: 0,
          ul_err: 0,
          dl_retx: 0,
          ul_retx: 0,
          pusch_snr: 31.3,
          epre: -95.2,
          ul_phr: 5,
          ul_path_loss: 83.4,
          p_ue: 3,
          dl_mcs: 19,
          ul_mcs: 25,
          ul_n_layer: 1,
          turbo_decoder_min: 2,
          turbo_decoder_avg: 2,
          turbo_decoder_max: 2,
          cqi: 13,
          ri: 2,
          ul_rank: 1,
          initial_ta: 0
        }
      ]
    },
    {
      ran_ue_id: 3,
      amf_ue_id: 102,
      qos_flow_list: [
        {
          pdu_session_id: 1,
          dl_total_bytes: 15231,
          ul_total_bytes: 8947,
          sst: 1
        },
        {
          pdu_session_id: 2,
          dl_total_bytes: 9817984,
          ul_total_bytes: 39459587842,
          sst: 1
        }
      ],
      rnti: 17923,
      cells: [
        {
          cell_id: 1,
          dl_bitrate: 106984,
          ul_bitrate: 115780933,
          dl_tx: 72,
          ul_tx: 1006,
          dl_err: 0,
          ul_err: 0,
          dl_retx: 8,
          ul_retx: 13,
          pusch_snr: 21.2,
          epre: -99.4,
          ul_phr: 32,
          ul_path_loss: 69,
          p_ue: -10,
          dl_mcs: 23,
          ul_mcs: 19.4,
          ul_n_layer: 1,
          turbo_decoder_min: 1,
          turbo_decoder_avg: 2.823,
          turbo_decoder_max: 5,
          cqi: 15,
          ri: 2,
          ul_rank: 1,
          initial_ta: 1
        }
      ]
    }
  ],
  time: 2713.327,
  utc: 1744106323.017
}

