{
  message: ready,
  type: ENB,
  name: ENB,
  version: 2023-06-10,
  time: 1913.434,
  utc: 1744067340.529
}
{
  message: ue_get,
  ue_list: [
    {
      ran_ue_id: 3,
      amf_ue_id: 102,
      qos_flow_list: [
        {
          pdu_session_id: 1,
          dl_total_bytes: 15233,
          ul_total_bytes: 8949,
          sst: 1
        },
        {
          pdu_session_id: 2,
          dl_total_bytes: 4582730,
          ul_total_bytes: 10160937206,
          sst: 1
        }
      ],
      rnti: 17923,
      cells: [
        {
          cell_id: 1,
          dl_bitrate: 86468,
          ul_bitrate: 34937947,
          dl_tx: 84,
          ul_tx: 1076,
          dl_err: 0,
          ul_err: 0,
          dl_retx: 8,
          ul_retx: 0,
          pusch_snr: 9.8,
          epre: -111,
          ul_phr: -21,
          ul_path_loss: 98.2,
          p_ue: 23,
          dl_mcs: 20,
          ul_mcs: 6,
          ul_n_layer: 1,
          turbo_decoder_min: 2,
          turbo_decoder_avg: 2.075,
          turbo_decoder_max: 3,
          cqi: 13,
          ri: 2,
          ul_rank: 1,
          initial_ta: 1
        }
      ]
    }
  ],
  time: 1913.436,
  utc: 1744067340.54
}

