{
  message: ready,
  type: ENB,
  name: ENB,
  version: 2023-06-10,
  time: 739.15,
  utc: 1744858107.977
}
{
  message: ue_get,
  ue_list: [
    {
      ran_ue_id: 4,
      amf_ue_id: 103,
      qos_flow_list: [
        {
          pdu_session_id: 1,
          dl_total_bytes: 7410,
          ul_total_bytes: 7252,
          sst: 1
        },
        {
          pdu_session_id: 2,
          dl_total_bytes: 429068,
          ul_total_bytes: 7705657812,
          sst: 1
        }
      ],
      rnti: 17924,
      cells: [
        {
          cell_id: 1,
          dl_bitrate: 106209,
          ul_bitrate: 105560299,
          dl_tx: 71,
          ul_tx: 880,
          dl_err: 0,
          ul_err: 0,
          dl_retx: 0,
          ul_retx: 3,
          pusch_snr: 27.9,
          epre: -90.9,
          ul_phr: -8,
          ul_path_loss: 77.1,
          p_ue: 19,
          dl_mcs: 23,
          ul_mcs: 20.7,
          ul_n_layer: 1,
          turbo_decoder_min: 0,
          turbo_decoder_avg: 2.387,
          turbo_decoder_max: 5,
          cqi: 14,
          ri: 2,
          ul_rank: 1,
          initial_ta: 1
        }
      ]
    }
  ],
  time: 739.152,
  utc: 1744858107.988
}

