{
  message: ready,
  type: ENB,
  name: ENB,
  version: 2023-06-10,
  time: 1909.29,
  utc: 1744093910.642
}
{
  message: ue_get,
  ue_list: [
    {
      ran_ue_id: 39,
      amf_ue_id: 138,
      qos_flow_list: [
        {
          pdu_session_id: 2,
          dl_total_bytes: 0,
          ul_total_bytes: 183,
          sst: 1
        }
      ],
      rnti: 17959,
      cells: [
        {
          cell_id: 1,
          dl_bitrate: 4248,
          ul_bitrate: 1936,
          dl_tx: 3,
          ul_tx: 1,
          dl_err: 0,
          ul_err: 0,
          dl_retx: 0,
          ul_retx: 0,
          pusch_snr: 25,
          epre: -94.3,
          ul_phr: 3,
          ul_path_loss: 82.7,
          p_ue: 5,
          dl_mcs: 24,
          ul_mcs: 23,
          ul_n_layer: 1,
          turbo_decoder_min: 2,
          turbo_decoder_avg: 2,
          turbo_decoder_max: 2,
          cqi: 14,
          ri: 2,
          ul_rank: 1,
          initial_ta: 0
        }
      ]
    },
    {
      ran_ue_id: 3,
      amf_ue_id: 102,
      qos_flow_list: [
        {
          pdu_session_id: 1,
          dl_total_bytes: 15141,
          ul_total_bytes: 8848,
          sst: 1
        },
        {
          pdu_session_id: 2,
          dl_total_bytes: 4758957,
          ul_total_bytes: 24848183061,
          sst: 1
        }
      ],
      rnti: 17923,
      cells: [
        {
          cell_id: 1,
          dl_bitrate: 158285,
          ul_bitrate: 138027016,
          dl_tx: 93,
          ul_tx: 1162,
          dl_err: 0,
          ul_err: 0,
          dl_retx: 25,
          ul_retx: 30,
          pusch_snr: 22.3,
          epre: -98.4,
          ul_phr: 16,
          ul_path_loss: 68.6,
          p_ue: 6,
          dl_mcs: 22.9,
          ul_mcs: 19.5,
          ul_n_layer: 1,
          turbo_decoder_min: 1,
          turbo_decoder_avg: 2.345,
          turbo_decoder_max: 5,
          cqi: 15,
          ri: 2,
          ul_rank: 1,
          initial_ta: 0
        }
      ]
    }
  ],
  time: 1909.291,
  utc: 1744093910.652
}

