{
  message: ready,
  type: ENB,
  name: ENB,
  version: 2023-06-10,
  time: 1711.999,
  utc: 1744070167.533
}
{
  message: ue_get,
  ue_list: [
    {
      ran_ue_id: 4,
      amf_ue_id: 103,
      qos_flow_list: [
        {
          pdu_session_id: 1,
          dl_total_bytes: 15121,
          ul_total_bytes: 9548,
          sst: 1
        },
        {
          pdu_session_id: 2,
          dl_total_bytes: 4093459,
          ul_total_bytes: 22632480198,
          sst: 1
        }
      ],
      rnti: 17924,
      cells: [
        {
          cell_id: 1,
          dl_bitrate: 123165,
          ul_bitrate: 103784573,
          dl_tx: 70,
          ul_tx: 899,
          dl_err: 0,
          ul_err: 0,
          dl_retx: 0,
          ul_retx: 0,
          pusch_snr: 22.4,
          epre: -99.7,
          ul_phr: 36,
          ul_path_loss: 68.4,
          p_ue: -14,
          dl_mcs: 22,
          ul_mcs: 19.3,
          ul_n_layer: 1,
          turbo_decoder_min: 1,
          turbo_decoder_avg: 2.632,
          turbo_decoder_max: 5,
          cqi: 14,
          ri: 2,
          ul_rank: 1,
          initial_ta: 1
        }
      ]
    }
  ],
  time: 1712.001,
  utc: 1744070167.544
}

