{
  message: ready,
  type: ENB,
  name: ENB,
  version: 2023-06-10,
  time: 1499.006,
  utc: 1744834600.225
}
{
  message: ue_get,
  ue_list: [
    {
      ran_ue_id: 3,
      amf_ue_id: 102,
      qos_flow_list: [
        {
          pdu_session_id: 1,
          dl_total_bytes: 7594,
          ul_total_bytes: 7460,
          sst: 1
        },
        {
          pdu_session_id: 2,
          dl_total_bytes: 1627144,
          ul_total_bytes: 9836119591,
          sst: 1
        }
      ],
      rnti: 17923,
      cells: [
        {
          cell_id: 1,
          dl_bitrate: 164577,
          ul_bitrate: 44868100,
          dl_tx: 95,
          ul_tx: 1073,
          dl_err: 0,
          ul_err: 0,
          dl_retx: 0,
          ul_retx: 0,
          pusch_snr: 20,
          epre: -100.4,
          ul_phr: -19,
          ul_path_loss: 87.3,
          p_ue: 23,
          dl_mcs: 28,
          ul_mcs: 8,
          ul_n_layer: 1,
          turbo_decoder_min: 1,
          turbo_decoder_avg: 1.861,
          turbo_decoder_max: 2,
          cqi: 15,
          ri: 2,
          ul_rank: 1,
          initial_ta: 1
        }
      ]
    }
  ],
  time: 1499.008,
  utc: 1744834600.235
}

