{
  message: ready,
  type: ENB,
  name: ENB,
  version: 2023-06-10,
  time: 612.542,
  utc: 1744045742.28
}
{
  message: ue_get,
  ue_list: [
    {
      ran_ue_id: 4,
      amf_ue_id: 103,
      qos_flow_list: [
        {
          pdu_session_id: 1,
          dl_total_bytes: 14856,
          ul_total_bytes: 8522,
          sst: 1
        },
        {
          pdu_session_id: 2,
          dl_total_bytes: 1059884,
          ul_total_bytes: 8354288960,
          sst: 1
        }
      ],
      rnti: 17924,
      cells: [
        {
          cell_id: 1,
          dl_bitrate: 140242,
          ul_bitrate: 128236697,
          dl_tx: 114,
          ul_tx: 1062,
          dl_err: 0,
          ul_err: 0,
          dl_retx: 3,
          ul_retx: 10,
          pusch_snr: 25.2,
          epre: -95.3,
          ul_phr: 10,
          ul_path_loss: 69,
          p_ue: 9,
          dl_mcs: 24,
          ul_mcs: 23.2,
          ul_n_layer: 1,
          turbo_decoder_min: 1,
          turbo_decoder_avg: 2.632,
          turbo_decoder_max: 5,
          cqi: 15,
          ri: 2,
          ul_rank: 1,
          initial_ta: 1
        }
      ]
    }
  ],
  time: 612.544,
  utc: 1744045742.291
}

