{
  message: ready,
  type: ENB,
  name: ENB,
  version: 2023-06-10,
  time: 808.629,
  utc: 1743858959.276
}
{
  message: ue_get,
  ue_list: [
    {
      ran_ue_id: 6,
      amf_ue_id: 105,
      qos_flow_list: [
        {
          pdu_session_id: 1,
          dl_total_bytes: 12790,
          ul_total_bytes: 8344,
          sst: 1
        },
        {
          pdu_session_id: 2,
          dl_total_bytes: 1143637,
          ul_total_bytes: 19799303435,
          sst: 1
        }
      ],
      rnti: 17926,
      cells: [
        {
          cell_id: 1,
          dl_bitrate: 133867,
          ul_bitrate: 236894859,
          dl_tx: 95,
          ul_tx: 1607,
          dl_err: 0,
          ul_err: 0,
          dl_retx: 0,
          ul_retx: 14,
          pusch_snr: 25.5,
          epre: -95.1,
          ul_phr: 10,
          ul_path_loss: 68.3,
          p_ue: 9,
          dl_mcs: 23,
          ul_mcs: 23.9,
          ul_n_layer: 1,
          turbo_decoder_min: 1,
          turbo_decoder_avg: 2.752,
          turbo_decoder_max: 5,
          cqi: 15,
          ri: 2,
          ul_rank: 1,
          initial_ta: 1
        }
      ]
    }
  ],
  time: 808.631,
  utc: 1743858959.286
}

