{
  message: ready,
  type: ENB,
  name: ENB,
  version: 2023-06-10,
  time: 1799.231,
  utc: 1744206737.681
}
{
  message: ue_get,
  ue_list: [
    {
      ran_ue_id: 3,
      amf_ue_id: 102,
      qos_flow_list: [
        {
          pdu_session_id: 1,
          dl_total_bytes: 12994,
          ul_total_bytes: 8540,
          sst: 1
        },
        {
          pdu_session_id: 2,
          dl_total_bytes: 4452441,
          ul_total_bytes: 37172242185,
          sst: 1
        }
      ],
      rnti: 17923,
      cells: [
        {
          cell_id: 1,
          dl_bitrate: 99200,
          ul_bitrate: 146826396,
          dl_tx: 66,
          ul_tx: 912,
          dl_err: 0,
          ul_err: 0,
          dl_retx: 0,
          ul_retx: 9,
          pusch_snr: 33.2,
          epre: -88.2,
          ul_phr: 26,
          ul_path_loss: 66.7,
          p_ue: -7,
          dl_mcs: 23,
          ul_mcs: 26.1,
          ul_n_layer: 1,
          turbo_decoder_min: 0,
          turbo_decoder_avg: 2.308,
          turbo_decoder_max: 5,
          cqi: 15,
          ri: 2,
          ul_rank: 1,
          initial_ta: 1
        }
      ]
    }
  ],
  time: 1799.232,
  utc: 1744206737.691
}

