{
  message: ready,
  type: ENB,
  name: ENB,
  version: 2023-06-10,
  time: 2687.805,
  utc: 1744204680.255
}
{
  message: ue_get,
  ue_list: [
    {
      ran_ue_id: 3,
      amf_ue_id: 102,
      qos_flow_list: [
        {
          pdu_session_id: 1,
          dl_total_bytes: 15249,
          ul_total_bytes: 8921,
          sst: 1
        },
        {
          pdu_session_id: 2,
          dl_total_bytes: 9252891,
          ul_total_bytes: 23801681748,
          sst: 1
        }
      ],
      rnti: 17923,
      cells: [
        {
          cell_id: 1,
          dl_bitrate: 157508,
          ul_bitrate: 82947825,
          dl_tx: 96,
          ul_tx: 1539,
          dl_err: 0,
          ul_err: 0,
          dl_retx: 30,
          ul_retx: 6,
          pusch_snr: 10.1,
          epre: -110.8,
          ul_phr: -12,
          ul_path_loss: 98,
          p_ue: 23,
          dl_mcs: 15.2,
          ul_mcs: 9,
          ul_n_layer: 1,
          turbo_decoder_min: 1,
          turbo_decoder_avg: 3.581,
          turbo_decoder_max: 5,
          cqi: 11,
          ri: 2,
          ul_rank: 1,
          initial_ta: 0
        }
      ]
    }
  ],
  time: 2687.806,
  utc: 1744204680.266
}

