{
  message: ready,
  type: ENB,
  name: ENB,
  version: 2023-06-10,
  time: 756.3,
  utc: 1744104365.98
}
{
  message: ue_get,
  ue_list: [
    {
      ran_ue_id: 3,
      amf_ue_id: 102,
      qos_flow_list: [
        {
          pdu_session_id: 1,
          dl_total_bytes: 14863,
          ul_total_bytes: 8543,
          sst: 1
        },
        {
          pdu_session_id: 2,
          dl_total_bytes: 1330027,
          ul_total_bytes: 10194767102,
          sst: 1
        }
      ],
      rnti: 17923,
      cells: [
        {
          cell_id: 1,
          dl_bitrate: 131223,
          ul_bitrate: 132678807,
          dl_tx: 79,
          ul_tx: 1133,
          dl_err: 0,
          ul_err: 0,
          dl_retx: 1,
          ul_retx: 10,
          pusch_snr: 21.2,
          epre: -99.3,
          ul_phr: 36,
          ul_path_loss: 67.1,
          p_ue: -14,
          dl_mcs: 24.3,
          ul_mcs: 19,
          ul_n_layer: 1,
          turbo_decoder_min: 1,
          turbo_decoder_avg: 2.418,
          turbo_decoder_max: 5,
          cqi: 15,
          ri: 2,
          ul_rank: 1,
          initial_ta: 1
        }
      ]
    }
  ],
  time: 756.301,
  utc: 1744104365.991
}

