{
  message: ready,
  type: ENB,
  name: ENB,
  version: 2023-06-10,
  time: 1979.696,
  utc: 1744215567.516
}
{
  message: ue_get,
  ue_list: [
    {
      ran_ue_id: 3,
      amf_ue_id: 102,
      qos_flow_list: [
        {
          pdu_session_id: 1,
          dl_total_bytes: 15158,
          ul_total_bytes: 8843,
          sst: 1
        },
        {
          pdu_session_id: 2,
          dl_total_bytes: 5058418,
          ul_total_bytes: 20502547290,
          sst: 1
        }
      ],
      rnti: 17923,
      cells: [
        {
          cell_id: 1,
          dl_bitrate: 82773,
          ul_bitrate: 92532577,
          dl_tx: 89,
          ul_tx: 1700,
          dl_err: 0,
          ul_err: 0,
          dl_retx: 44,
          ul_retx: 18,
          pusch_snr: 10.4,
          epre: -110.8,
          ul_phr: -14,
          ul_path_loss: 98.1,
          p_ue: 23,
          dl_mcs: 13.3,
          ul_mcs: 9.1,
          ul_n_layer: 1,
          turbo_decoder_min: 1,
          turbo_decoder_avg: 3.515,
          turbo_decoder_max: 5,
          cqi: 10,
          ri: 2,
          ul_rank: 1,
          initial_ta: 1
        }
      ]
    }
  ],
  time: 1979.698,
  utc: 1744215567.526
}

