{
  message: ready,
  type: ENB,
  name: ENB,
  version: 2023-06-10,
  time: 2000.032,
  utc: 1744215587.852
}
{
  message: ue_get,
  ue_list: [
    {
      ran_ue_id: 3,
      amf_ue_id: 102,
      qos_flow_list: [
        {
          pdu_session_id: 1,
          dl_total_bytes: 15158,
          ul_total_bytes: 8843,
          sst: 1
        },
        {
          pdu_session_id: 2,
          dl_total_bytes: 5236655,
          ul_total_bytes: 20735664166,
          sst: 1
        }
      ],
      rnti: 17923,
      cells: [
        {
          cell_id: 1,
          dl_bitrate: 147305,
          ul_bitrate: 92472291,
          dl_tx: 94,
          ul_tx: 1697,
          dl_err: 0,
          ul_err: 0,
          dl_retx: 16,
          ul_retx: 19,
          pusch_snr: 10,
          epre: -110.9,
          ul_phr: -12,
          ul_path_loss: 98.1,
          p_ue: 23,
          dl_mcs: 14.1,
          ul_mcs: 9.1,
          ul_n_layer: 1,
          turbo_decoder_min: 1,
          turbo_decoder_avg: 3.549,
          turbo_decoder_max: 5,
          cqi: 12,
          ri: 2,
          ul_rank: 1,
          initial_ta: 1
        }
      ]
    }
  ],
  time: 2000.034,
  utc: 1744215587.862
}

