{
  message: ready,
  type: ENB,
  name: ENB,
  version: 2023-06-10,
  time: 423.157,
  utc: 1743864646.214
}
{
  message: ue_get,
  ue_list: [
    {
      ran_ue_id: 3,
      amf_ue_id: 102,
      qos_flow_list: [
        {
          pdu_session_id: 1,
          dl_total_bytes: 14866,
          ul_total_bytes: 8546,
          sst: 1
        },
        {
          pdu_session_id: 2,
          dl_total_bytes: 631306,
          ul_total_bytes: 7914232345,
          sst: 1
        }
      ],
      rnti: 17923,
      cells: [
        {
          cell_id: 1,
          dl_bitrate: 170458,
          ul_bitrate: 205798001,
          dl_tx: 100,
          ul_tx: 1282,
          dl_err: 0,
          ul_err: 0,
          dl_retx: 0,
          ul_retx: 12,
          pusch_snr: 28.4,
          epre: -90.5,
          ul_phr: 6,
          ul_path_loss: 68.5,
          p_ue: 13,
          dl_mcs: 23.3,
          ul_mcs: 25.6,
          ul_n_layer: 1,
          turbo_decoder_min: 1,
          turbo_decoder_avg: 2.165,
          turbo_decoder_max: 5,
          cqi: 15,
          ri: 2,
          ul_rank: 1,
          initial_ta: 1
        }
      ]
    }
  ],
  time: 423.159,
  utc: 1743864646.224
}

