{
  message: ready,
  type: ENB,
  name: ENB,
  version: 2023-06-10,
  time: 1295.594,
  utc: 1744194675.946
}
{
  message: ue_get,
  ue_list: [
    {
      ran_ue_id: 4,
      amf_ue_id: 103,
      qos_flow_list: [
        {
          pdu_session_id: 1,
          dl_total_bytes: 15892,
          ul_total_bytes: 8847,
          sst: 1
        },
        {
          pdu_session_id: 2,
          dl_total_bytes: 2767692,
          ul_total_bytes: 25457927434,
          sst: 1
        }
      ],
      rnti: 17924,
      cells: [
        {
          cell_id: 1,
          dl_bitrate: 160843,
          ul_bitrate: 179106925,
          dl_tx: 94,
          ul_tx: 1484,
          dl_err: 0,
          ul_err: 0,
          dl_retx: 8,
          ul_retx: 12,
          pusch_snr: 21.4,
          epre: -99.3,
          ul_phr: 14,
          ul_path_loss: 68.2,
          p_ue: 5,
          dl_mcs: 23,
          ul_mcs: 20.2,
          ul_n_layer: 1,
          turbo_decoder_min: 0,
          turbo_decoder_avg: 3.231,
          turbo_decoder_max: 5,
          cqi: 15,
          ri: 2,
          ul_rank: 1,
          initial_ta: 0
        }
      ]
    }
  ],
  time: 1295.596,
  utc: 1744194675.956
}

