{
  message: ready,
  type: ENB,
  name: ENB,
  version: 2023-06-10,
  time: 1669.752,
  utc: 1744052540.928
}
{
  message: ue_get,
  ue_list: [
    {
      ran_ue_id: 5,
      amf_ue_id: 104,
      qos_flow_list: [
        {
          pdu_session_id: 1,
          dl_total_bytes: 9647,
          ul_total_bytes: 7659,
          sst: 1
        },
        {
          pdu_session_id: 2,
          dl_total_bytes: 3882608,
          ul_total_bytes: 18348442240,
          sst: 1
        }
      ],
      rnti: 17925,
      cells: [
        {
          cell_id: 1,
          dl_bitrate: 133841,
          ul_bitrate: 99102027,
          dl_tx: 109,
          ul_tx: 1064,
          dl_err: 0,
          ul_err: 0,
          dl_retx: 3,
          ul_retx: 10,
          pusch_snr: 19.3,
          epre: -101.7,
          ul_phr: -8,
          ul_path_loss: 88.2,
          p_ue: 22,
          dl_mcs: 24,
          ul_mcs: 18.1,
          ul_n_layer: 1,
          turbo_decoder_min: 1,
          turbo_decoder_avg: 2.962,
          turbo_decoder_max: 5,
          cqi: 15,
          ri: 2,
          ul_rank: 1,
          initial_ta: 2
        }
      ]
    }
  ],
  time: 1669.753,
  utc: 1744052540.939
}

