{
  message: ready,
  type: ENB,
  name: ENB,
  version: 2023-06-10,
  time: 718.762,
  utc: 1743861887.929
}
{
  message: ue_get,
  ue_list: [
    {
      ran_ue_id: 16,
      amf_ue_id: 115,
      qos_flow_list: [
        {
          pdu_session_id: 2,
          dl_total_bytes: 40,
          ul_total_bytes: 130,
          sst: 1
        }
      ],
      rnti: 17936,
      cells: [
        {
          cell_id: 1,
          dl_bitrate: 3378,
          ul_bitrate: 0,
          dl_tx: 2,
          ul_tx: 0,
          dl_err: 0,
          ul_err: 0,
          dl_retx: 1,
          ul_retx: 0,
          pusch_snr: 30.2,
          epre: -88.6,
          ul_phr: -16,
          ul_path_loss: 89.6,
          p_ue: 8,
          dl_mcs: 23,
          cqi: 14,
          ri: 2,
          ul_rank: 1,
          initial_ta: 1
        }
      ]
    },
    {
      ran_ue_id: 3,
      amf_ue_id: 102,
      qos_flow_list: [
        {
          pdu_session_id: 1,
          dl_total_bytes: 14866,
          ul_total_bytes: 8518,
          sst: 1
        },
        {
          pdu_session_id: 2,
          dl_total_bytes: 1058087,
          ul_total_bytes: 14953591705,
          sst: 1
        }
      ],
      rnti: 17923,
      cells: [
        {
          cell_id: 1,
          dl_bitrate: 152372,
          ul_bitrate: 193755088,
          dl_tx: 91,
          ul_tx: 1273,
          dl_err: 0,
          ul_err: 0,
          dl_retx: 28,
          ul_retx: 17,
          pusch_snr: 25.6,
          epre: -94.4,
          ul_phr: 9,
          ul_path_loss: 68.5,
          p_ue: 10,
          dl_mcs: 23,
          ul_mcs: 24.2,
          ul_n_layer: 1,
          turbo_decoder_min: 1,
          turbo_decoder_avg: 2.497,
          turbo_decoder_max: 5,
          cqi: 15,
          ri: 2,
          ul_rank: 1,
          initial_ta: 0
        }
      ]
    }
  ],
  time: 718.763,
  utc: 1743861887.939
}

