{
  message: ready,
  type: ENB,
  name: ENB,
  version: 2023-06-10,
  time: 1532.942,
  utc: 1744055291.398
}
{
  message: ue_get,
  ue_list: [
    {
      ran_ue_id: 16,
      amf_ue_id: 115,
      qos_flow_list: [],
      rnti: 17936,
      cells: [
        {
          cell_id: 1,
          dl_bitrate: 160,
          ul_bitrate: 0,
          dl_tx: 1,
          ul_tx: 0,
          dl_err: 1,
          ul_err: 0,
          dl_retx: 5,
          ul_retx: 0,
          pusch_snr: 21.8,
          epre: -97.6,
          ul_phr: -7,
          ul_path_loss: 98.9,
          p_ue: 21,
          dl_mcs: 5.5,
          cqi: 10,
          ri: 1,
          ul_rank: 1,
          initial_ta: 1
        }
      ]
    },
    {
      ran_ue_id: 3,
      amf_ue_id: 102,
      qos_flow_list: [
        {
          pdu_session_id: 1,
          dl_total_bytes: 15049,
          ul_total_bytes: 8747,
          sst: 1
        },
        {
          pdu_session_id: 2,
          dl_total_bytes: 3410169,
          ul_total_bytes: 8460838341,
          sst: 1
        }
      ],
      rnti: 17923,
      cells: [
        {
          cell_id: 1,
          dl_bitrate: 138112,
          ul_bitrate: 49645619,
          dl_tx: 107,
          ul_tx: 1033,
          dl_err: 0,
          ul_err: 0,
          dl_retx: 18,
          ul_retx: 10,
          pusch_snr: 9.7,
          epre: -111.2,
          ul_phr: -15,
          ul_path_loss: 98.3,
          p_ue: 23,
          dl_mcs: 20,
          ul_mcs: 9.2,
          ul_n_layer: 1,
          turbo_decoder_min: 1,
          turbo_decoder_avg: 3.429,
          turbo_decoder_max: 5,
          cqi: 13,
          ri: 2,
          ul_rank: 1,
          initial_ta: 1
        }
      ]
    }
  ],
  time: 1532.944,
  utc: 1744055291.41
}

