{
  message: ready,
  type: ENB,
  name: ENB,
  version: 2023-06-10,
  time: 1738.492,
  utc: 1744197995.343
}
{
  message: ue_get,
  ue_list: [
    {
      ran_ue_id: 3,
      amf_ue_id: 102,
      qos_flow_list: [
        {
          pdu_session_id: 1,
          dl_total_bytes: 15050,
          ul_total_bytes: 8748,
          sst: 1
        },
        {
          pdu_session_id: 2,
          dl_total_bytes: 4242314,
          ul_total_bytes: 35527436126,
          sst: 1
        }
      ],
      rnti: 17923,
      cells: [
        {
          cell_id: 1,
          dl_bitrate: 137349,
          ul_bitrate: 177867420,
          dl_tx: 87,
          ul_tx: 1403,
          dl_err: 0,
          ul_err: 0,
          dl_retx: 1,
          ul_retx: 4,
          pusch_snr: 24.1,
          epre: -98,
          ul_phr: 4,
          ul_path_loss: 77.8,
          p_ue: 15,
          dl_mcs: 23.5,
          ul_mcs: 21,
          ul_n_layer: 1,
          turbo_decoder_min: 0,
          turbo_decoder_avg: 3.098,
          turbo_decoder_max: 5,
          cqi: 15,
          ri: 2,
          ul_rank: 1,
          initial_ta: 0
        }
      ]
    }
  ],
  time: 1738.494,
  utc: 1744197995.353
}

