{
  message: ready,
  type: ENB,
  name: ENB,
  version: 2023-06-10,
  time: 1799.375,
  utc: 1744085091.048
}
{
  message: ue_get,
  ue_list: [
    {
      ran_ue_id: 5,
      amf_ue_id: 104,
      qos_flow_list: [
        {
          pdu_session_id: 1,
          dl_total_bytes: 9649,
          ul_total_bytes: 7655,
          sst: 1
        },
        {
          pdu_session_id: 2,
          dl_total_bytes: 4313014,
          ul_total_bytes: 22539563499,
          sst: 1
        }
      ],
      rnti: 17925,
      cells: [
        {
          cell_id: 1,
          dl_bitrate: 120580,
          ul_bitrate: 84542526,
          dl_tx: 55,
          ul_tx: 617,
          dl_err: 0,
          ul_err: 0,
          dl_retx: 0,
          ul_retx: 1,
          pusch_snr: 25.4,
          epre: -94.7,
          ul_phr: 21,
          ul_path_loss: 77.1,
          p_ue: -2,
          dl_mcs: 25,
          ul_mcs: 22.6,
          ul_n_layer: 1,
          turbo_decoder_min: 1,
          turbo_decoder_avg: 2.195,
          turbo_decoder_max: 5,
          cqi: 15,
          ri: 2,
          ul_rank: 1,
          initial_ta: 0
        }
      ]
    }
  ],
  time: 1799.377,
  utc: 1744085091.059
}

