{
  message: ready,
  type: ENB,
  name: ENB,
  version: 2023-06-10,
  time: 2674.518,
  utc: 1744201791.889
}
{
  message: ue_get,
  ue_list: [
    {
      ran_ue_id: 34,
      amf_ue_id: 132,
      qos_flow_list: [
        {
          pdu_session_id: 2,
          dl_total_bytes: 208,
          ul_total_bytes: 195,
          sst: 1
        }
      ],
      rnti: 17954,
      cells: [
        {
          cell_id: 1,
          dl_bitrate: 765,
          ul_bitrate: 0,
          dl_tx: 2,
          ul_tx: 0,
          dl_err: 0,
          ul_err: 0,
          dl_retx: 0,
          ul_retx: 0,
          pusch_snr: 10,
          epre: -111.2,
          ul_phr: -11,
          ul_path_loss: 111.4,
          p_ue: 8,
          dl_mcs: 6,
          cqi: 6,
          ri: 2,
          ul_rank: 1,
          initial_ta: 1
        }
      ]
    },
    {
      ran_ue_id: 4,
      amf_ue_id: 103,
      qos_flow_list: [
        {
          pdu_session_id: 1,
          dl_total_bytes: 15233,
          ul_total_bytes: 8949,
          sst: 1
        },
        {
          pdu_session_id: 2,
          dl_total_bytes: 9598599,
          ul_total_bytes: 48460299489,
          sst: 1
        }
      ],
      rnti: 17924,
      cells: [
        {
          cell_id: 1,
          dl_bitrate: 184795,
          ul_bitrate: 164413048,
          dl_tx: 97,
          ul_tx: 1623,
          dl_err: 0,
          ul_err: 0,
          dl_retx: 2,
          ul_retx: 0,
          pusch_snr: 19.3,
          epre: -101.1,
          ul_phr: -10,
          ul_path_loss: 87.5,
          p_ue: 22,
          dl_mcs: 21.2,
          ul_mcs: 17,
          ul_n_layer: 1,
          turbo_decoder_min: 2,
          turbo_decoder_avg: 2.418,
          turbo_decoder_max: 4,
          cqi: 14,
          ri: 2,
          ul_rank: 1,
          initial_ta: 1
        }
      ]
    }
  ],
  time: 2674.519,
  utc: 1744201791.899
}

