{
  message: ready,
  type: ENB,
  name: ENB,
  version: 2023-06-10,
  time: 1019.673,
  utc: 1744182867.555
}
{
  message: ue_get,
  ue_list: [
    {
      ran_ue_id: 20,
      amf_ue_id: 119,
      qos_flow_list: [
        {
          pdu_session_id: 2,
          dl_total_bytes: 0,
          ul_total_bytes: 183,
          sst: 1
        }
      ],
      rnti: 17940,
      cells: [
        {
          cell_id: 1,
          dl_bitrate: 4746,
          ul_bitrate: 0,
          dl_tx: 3,
          ul_tx: 0,
          dl_err: 0,
          ul_err: 0,
          dl_retx: 1,
          ul_retx: 0,
          pusch_snr: 26.3,
          epre: -93,
          ul_phr: 3,
          ul_path_loss: 84.3,
          p_ue: 5,
          dl_mcs: 24,
          cqi: 14,
          ri: 2,
          ul_rank: 1,
          initial_ta: 0
        }
      ]
    },
    {
      ran_ue_id: 3,
      amf_ue_id: 102,
      qos_flow_list: [
        {
          pdu_session_id: 1,
          dl_total_bytes: 15017,
          ul_total_bytes: 8701,
          sst: 1
        },
        {
          pdu_session_id: 2,
          dl_total_bytes: 1830790,
          ul_total_bytes: 18895178440,
          sst: 1
        }
      ],
      rnti: 17923,
      cells: [
        {
          cell_id: 1,
          dl_bitrate: 180367,
          ul_bitrate: 180624980,
          dl_tx: 92,
          ul_tx: 1455,
          dl_err: 0,
          ul_err: 0,
          dl_retx: 2,
          ul_retx: 4,
          pusch_snr: 24.6,
          epre: -95.9,
          ul_phr: 11,
          ul_path_loss: 68.4,
          p_ue: 8,
          dl_mcs: 25.3,
          ul_mcs: 21,
          ul_n_layer: 1,
          turbo_decoder_min: 1,
          turbo_decoder_avg: 2.179,
          turbo_decoder_max: 5,
          cqi: 15,
          ri: 2,
          ul_rank: 1,
          initial_ta: 1
        }
      ]
    }
  ],
  time: 1019.675,
  utc: 1744182867.566
}

