{
  message: ready,
  type: ENB,
  name: ENB,
  version: 2023-06-10,
  time: 1133.689,
  utc: 1744060742.015
}
{
  message: ue_get,
  ue_list: [
    {
      ran_ue_id: 3,
      amf_ue_id: 102,
      qos_flow_list: [
        {
          pdu_session_id: 1,
          dl_total_bytes: 15033,
          ul_total_bytes: 8741,
          sst: 1
        },
        {
          pdu_session_id: 2,
          dl_total_bytes: 2205686,
          ul_total_bytes: 17286345713,
          sst: 1
        }
      ],
      rnti: 17923,
      cells: [
        {
          cell_id: 1,
          dl_bitrate: 195627,
          ul_bitrate: 129452327,
          dl_tx: 116,
          ul_tx: 1065,
          dl_err: 0,
          ul_err: 0,
          dl_retx: 1,
          ul_retx: 9,
          pusch_snr: 25.6,
          epre: -94.9,
          ul_phr: 0,
          ul_path_loss: 78.2,
          p_ue: 19,
          dl_mcs: 27.9,
          ul_mcs: 23.4,
          ul_n_layer: 1,
          turbo_decoder_min: 1,
          turbo_decoder_avg: 2.459,
          turbo_decoder_max: 5,
          cqi: 15,
          ri: 2,
          ul_rank: 1,
          initial_ta: 1
        }
      ]
    }
  ],
  time: 1133.691,
  utc: 1744060742.025
}

