{
  message: ready,
  type: ENB,
  name: ENB,
  version: 2023-06-10,
  time: 1410.448,
  utc: 1744107910.818
}
{
  message: ue_get,
  ue_list: [
    {
      ran_ue_id: 42,
      amf_ue_id: 123,
      qos_flow_list: [],
      rnti: 17962,
      cells: [
        {
          cell_id: 1,
          dl_bitrate: 0,
          ul_bitrate: 0,
          dl_tx: 0,
          ul_tx: 0,
          dl_err: 0,
          ul_err: 0,
          dl_retx: 0,
          ul_retx: 0,
          pusch_snr: 10.9,
          epre: -111.8,
          ul_phr: -13,
          ul_path_loss: 124.2,
          p_ue: 24,
          cqi: 2,
          ri: 2,
          ul_rank: 1,
          initial_ta: 1
        }
      ]
    },
    {
      ran_ue_id: 6,
      amf_ue_id: 105,
      qos_flow_list: [
        {
          pdu_session_id: 1,
          dl_total_bytes: 9649,
          ul_total_bytes: 7655,
          sst: 1
        },
        {
          pdu_session_id: 2,
          dl_total_bytes: 2928290,
          ul_total_bytes: 20147724790,
          sst: 1
        }
      ],
      rnti: 17926,
      cells: [
        {
          cell_id: 1,
          dl_bitrate: 139781,
          ul_bitrate: 146602928,
          dl_tx: 88,
          ul_tx: 1093,
          dl_err: 0,
          ul_err: 0,
          dl_retx: 1,
          ul_retx: 4,
          pusch_snr: 24.8,
          epre: -95.4,
          ul_phr: 18,
          ul_path_loss: 78.7,
          p_ue: 1,
          dl_mcs: 23.7,
          ul_mcs: 23.2,
          ul_n_layer: 1,
          turbo_decoder_min: 0,
          turbo_decoder_avg: 2.369,
          turbo_decoder_max: 5,
          cqi: 15,
          ri: 2,
          ul_rank: 1,
          initial_ta: 1
        }
      ]
    }
  ],
  time: 1410.45,
  utc: 1744107910.829
}

