{
  message: ready,
  type: ENB,
  name: ENB,
  version: 2023-06-10,
  time: 1413.68,
  utc: 1744107914.05
}
{
  message: ue_get,
  ue_list: [
    {
      ran_ue_id: 42,
      amf_ue_id: 123,
      qos_flow_list: [],
      rnti: 17962,
      cells: [
        {
          cell_id: 1,
          dl_bitrate: 0,
          ul_bitrate: 0,
          dl_tx: 0,
          ul_tx: 0,
          dl_err: 0,
          ul_err: 0,
          dl_retx: 0,
          ul_retx: 0,
          pusch_snr: 10.9,
          epre: -111.8,
          ul_phr: -13,
          ul_path_loss: 124.2,
          p_ue: 24,
          cqi: 2,
          ri: 2,
          ul_rank: 1,
          initial_ta: 1
        }
      ]
    },
    {
      ran_ue_id: 6,
      amf_ue_id: 105,
      qos_flow_list: [
        {
          pdu_session_id: 1,
          dl_total_bytes: 9649,
          ul_total_bytes: 7655,
          sst: 1
        },
        {
          pdu_session_id: 2,
          dl_total_bytes: 2933681,
          ul_total_bytes: 20195437984,
          sst: 1
        }
      ],
      rnti: 17926,
      cells: [
        {
          cell_id: 1,
          dl_bitrate: 102373,
          ul_bitrate: 112840304,
          dl_tx: 66,
          ul_tx: 822,
          dl_err: 0,
          ul_err: 0,
          dl_retx: 1,
          ul_retx: 4,
          pusch_snr: 25.1,
          epre: -94.6,
          ul_phr: 18,
          ul_path_loss: 77.9,
          p_ue: 1,
          dl_mcs: 24.2,
          ul_mcs: 23.1,
          ul_n_layer: 1,
          turbo_decoder_min: 0,
          turbo_decoder_avg: 2.378,
          turbo_decoder_max: 5,
          cqi: 15,
          ri: 2,
          ul_rank: 1,
          initial_ta: 1
        }
      ]
    }
  ],
  time: 1413.681,
  utc: 1744107914.061
}

