{
  message: ready,
  type: ENB,
  name: ENB,
  version: 2023-06-10,
  time: 1287.213,
  utc: 1744063765.518
}
{
  message: ue_get,
  ue_list: [
    {
      ran_ue_id: 20,
      amf_ue_id: 119,
      qos_flow_list: [
        {
          pdu_session_id: 2,
          dl_total_bytes: 60,
          ul_total_bytes: 4377,
          sst: 1
        }
      ],
      rnti: 17940,
      cells: [
        {
          cell_id: 1,
          dl_bitrate: 1143,
          ul_bitrate: 8373,
          dl_tx: 3,
          ul_tx: 17,
          dl_err: 0,
          ul_err: 0,
          dl_retx: 0,
          ul_retx: 0,
          pusch_snr: 7.5,
          epre: -113.3,
          ul_phr: -20,
          ul_path_loss: 101.7,
          p_ue: 8,
          dl_mcs: 18,
          ul_mcs: 4,
          ul_n_layer: 1,
          turbo_decoder_min: 1,
          turbo_decoder_avg: 1,
          turbo_decoder_max: 1,
          cqi: 12,
          ri: 1,
          ul_rank: 1,
          initial_ta: 1
        }
      ]
    },
    {
      ran_ue_id: 5,
      amf_ue_id: 104,
      qos_flow_list: [
        {
          pdu_session_id: 1,
          dl_total_bytes: 9649,
          ul_total_bytes: 7639,
          sst: 1
        },
        {
          pdu_session_id: 2,
          dl_total_bytes: 2493313,
          ul_total_bytes: 13481408217,
          sst: 1
        }
      ],
      rnti: 17925,
      cells: [
        {
          cell_id: 1,
          dl_bitrate: 116254,
          ul_bitrate: 86018900,
          dl_tx: 114,
          ul_tx: 1070,
          dl_err: 0,
          ul_err: 0,
          dl_retx: 20,
          ul_retx: 0,
          pusch_snr: 18.8,
          epre: -101.7,
          ul_phr: -11,
          ul_path_loss: 87.8,
          p_ue: 22,
          dl_mcs: 18,
          ul_mcs: 16,
          ul_n_layer: 1,
          turbo_decoder_min: 1,
          turbo_decoder_avg: 2.076,
          turbo_decoder_max: 4,
          cqi: 12,
          ri: 2,
          ul_rank: 1,
          initial_ta: 1
        }
      ]
    }
  ],
  time: 1287.214,
  utc: 1744063765.529
}

