{
  message: ready,
  type: ENB,
  name: ENB,
  version: 2023-06-10,
  time: 1294.735,
  utc: 1744063773.041
}
{
  message: ue_get,
  ue_list: [
    {
      ran_ue_id: 20,
      amf_ue_id: 119,
      qos_flow_list: [
        {
          pdu_session_id: 2,
          dl_total_bytes: 60,
          ul_total_bytes: 5758,
          sst: 1
        }
      ],
      rnti: 17940,
      cells: [
        {
          cell_id: 1,
          dl_bitrate: 758,
          ul_bitrate: 0,
          dl_tx: 2,
          ul_tx: 0,
          dl_err: 0,
          ul_err: 0,
          dl_retx: 1,
          ul_retx: 0,
          pusch_snr: 11.9,
          epre: -109.5,
          ul_phr: -21,
          ul_path_loss: 100.8,
          p_ue: 8,
          dl_mcs: 18,
          cqi: 12,
          ri: 1,
          ul_rank: 1,
          initial_ta: 1
        }
      ]
    },
    {
      ran_ue_id: 5,
      amf_ue_id: 104,
      qos_flow_list: [
        {
          pdu_session_id: 1,
          dl_total_bytes: 9649,
          ul_total_bytes: 7639,
          sst: 1
        },
        {
          pdu_session_id: 2,
          dl_total_bytes: 2525539,
          ul_total_bytes: 13561721685,
          sst: 1
        }
      ],
      rnti: 17925,
      cells: [
        {
          cell_id: 1,
          dl_bitrate: 107985,
          ul_bitrate: 86032289,
          dl_tx: 116,
          ul_tx: 1076,
          dl_err: 0,
          ul_err: 0,
          dl_retx: 9,
          ul_retx: 0,
          pusch_snr: 19.1,
          epre: -101.4,
          ul_phr: -11,
          ul_path_loss: 87.8,
          p_ue: 22,
          dl_mcs: 16.1,
          ul_mcs: 16,
          ul_n_layer: 1,
          turbo_decoder_min: 1,
          turbo_decoder_avg: 2.065,
          turbo_decoder_max: 3,
          cqi: 12,
          ri: 2,
          ul_rank: 1,
          initial_ta: 1
        }
      ]
    }
  ],
  time: 1294.737,
  utc: 1744063773.051
}

