{
  message: ready,
  type: ENB,
  name: ENB,
  version: 2023-06-10,
  time: 144.791,
  utc: 1744109567.142
}
{
  message: ue_get,
  ue_list: [
    {
      ran_ue_id: 5,
      amf_ue_id: 103,
      qos_flow_list: [
        {
          pdu_session_id: 1,
          dl_total_bytes: 14864,
          ul_total_bytes: 8544,
          sst: 1
        },
        {
          pdu_session_id: 2,
          dl_total_bytes: 279440,
          ul_total_bytes: 1208236593,
          sst: 1
        }
      ],
      rnti: 17925,
      cells: [
        {
          cell_id: 1,
          dl_bitrate: 136022,
          ul_bitrate: 99334388,
          dl_tx: 99,
          ul_tx: 1716,
          dl_err: 0,
          ul_err: 0,
          dl_retx: 50,
          ul_retx: 0,
          pusch_snr: 19.4,
          epre: -101.4,
          ul_phr: -17,
          ul_path_loss: 88.6,
          p_ue: 23,
          dl_mcs: 22.4,
          ul_mcs: 10,
          ul_n_layer: 1,
          turbo_decoder_min: 1,
          turbo_decoder_avg: 1.572,
          turbo_decoder_max: 2,
          cqi: 15,
          ri: 2,
          ul_rank: 1,
          initial_ta: 0
        }
      ]
    }
  ],
  time: 144.793,
  utc: 1744109567.152
}

