{
  message: ready,
  type: ENB,
  name: ENB,
  version: 2023-06-10,
  time: 1435.326,
  utc: 1744212107.526
}
{
  message: ue_get,
  ue_list: [
    {
      ran_ue_id: 3,
      amf_ue_id: 102,
      qos_flow_list: [
        {
          pdu_session_id: 1,
          dl_total_bytes: 19162,
          ul_total_bytes: 9124,
          sst: 1
        },
        {
          pdu_session_id: 2,
          dl_total_bytes: 3150858,
          ul_total_bytes: 13678528241,
          sst: 1
        }
      ],
      rnti: 17923,
      cells: [
        {
          cell_id: 1,
          dl_bitrate: 100316,
          ul_bitrate: 57000447,
          dl_tx: 94,
          ul_tx: 1718,
          dl_err: 0,
          ul_err: 0,
          dl_retx: 13,
          ul_retx: 0,
          pusch_snr: 19.7,
          epre: -100.9,
          ul_phr: -32,
          ul_path_loss: 88.1,
          p_ue: 23,
          dl_mcs: 12.2,
          ul_mcs: 5,
          ul_n_layer: 1,
          turbo_decoder_min: 1,
          turbo_decoder_avg: 1.128,
          turbo_decoder_max: 2,
          cqi: 9,
          ri: 2,
          ul_rank: 1,
          initial_ta: 1
        }
      ]
    }
  ],
  time: 1435.328,
  utc: 1744212107.536
}

