{
  message: ready,
  type: ENB,
  name: ENB,
  version: 2023-06-10,
  time: 2822.816,
  utc: 1744833054.504
}
{
  message: ue_get,
  ue_list: [
    {
      ran_ue_id: 3,
      amf_ue_id: 102,
      qos_flow_list: [
        {
          pdu_session_id: 1,
          dl_total_bytes: 7961,
          ul_total_bytes: 7863,
          sst: 1
        },
        {
          pdu_session_id: 2,
          dl_total_bytes: 7387285,
          ul_total_bytes: 31686649469,
          sst: 1
        }
      ],
      rnti: 17923,
      cells: [
        {
          cell_id: 1,
          dl_bitrate: 125062,
          ul_bitrate: 94346587,
          dl_tx: 94,
          ul_tx: 927,
          dl_err: 0,
          ul_err: 0,
          dl_retx: 2,
          ul_retx: 1,
          pusch_snr: 26,
          epre: -93,
          ul_phr: -7,
          ul_path_loss: 77.2,
          p_ue: 19,
          dl_mcs: 25.2,
          ul_mcs: 20.8,
          ul_n_layer: 1,
          turbo_decoder_min: 1,
          turbo_decoder_avg: 2.476,
          turbo_decoder_max: 5,
          cqi: 15,
          ri: 2,
          ul_rank: 1,
          initial_ta: 1
        }
      ]
    }
  ],
  time: 2822.817,
  utc: 1744833054.515
}

