{
  message: ready,
  type: ENB,
  name: ENB,
  version: 2023-06-10,
  time: 2823.892,
  utc: 1744833055.581
}
{
  message: ue_get,
  ue_list: [
    {
      ran_ue_id: 3,
      amf_ue_id: 102,
      qos_flow_list: [
        {
          pdu_session_id: 1,
          dl_total_bytes: 7961,
          ul_total_bytes: 7863,
          sst: 1
        },
        {
          pdu_session_id: 2,
          dl_total_bytes: 7389003,
          ul_total_bytes: 31698987780,
          sst: 1
        }
      ],
      rnti: 17923,
      cells: [
        {
          cell_id: 1,
          dl_bitrate: 136549,
          ul_bitrate: 92976037,
          dl_tx: 95,
          ul_tx: 941,
          dl_err: 0,
          ul_err: 0,
          dl_retx: 1,
          ul_retx: 2,
          pusch_snr: 25.2,
          epre: -94.6,
          ul_phr: -7,
          ul_path_loss: 77,
          p_ue: 19,
          dl_mcs: 25,
          ul_mcs: 20.2,
          ul_n_layer: 1,
          turbo_decoder_min: 1,
          turbo_decoder_avg: 2.259,
          turbo_decoder_max: 5,
          cqi: 15,
          ri: 2,
          ul_rank: 1,
          initial_ta: 1
        }
      ]
    }
  ],
  time: 2823.894,
  utc: 1744833055.592
}

