{
  message: ready,
  type: ENB,
  name: ENB,
  version: 2023-06-10,
  time: 553.223,
  utc: 1744202545.673
}
{
  message: ue_get,
  ue_list: [
    {
      ran_ue_id: 3,
      amf_ue_id: 102,
      qos_flow_list: [
        {
          pdu_session_id: 1,
          dl_total_bytes: 9465,
          ul_total_bytes: 7431,
          sst: 1
        },
        {
          pdu_session_id: 2,
          dl_total_bytes: 958364,
          ul_total_bytes: 4037143266,
          sst: 1
        }
      ],
      rnti: 17923,
      cells: [
        {
          cell_id: 1,
          dl_bitrate: 77323,
          ul_bitrate: 52841687,
          dl_tx: 82,
          ul_tx: 1571,
          dl_err: 0,
          ul_err: 0,
          dl_retx: 14,
          ul_retx: 0,
          pusch_snr: 10.4,
          epre: -110.7,
          ul_phr: -33,
          ul_path_loss: 97.8,
          p_ue: 23,
          dl_mcs: 14.6,
          ul_mcs: 5,
          ul_n_layer: 1,
          turbo_decoder_min: 1,
          turbo_decoder_avg: 2.008,
          turbo_decoder_max: 3,
          cqi: 12,
          ri: 2,
          ul_rank: 1,
          initial_ta: 0
        }
      ]
    }
  ],
  time: 553.224,
  utc: 1744202545.684
}

