{
  message: ready,
  type: ENB,
  name: ENB,
  version: 2023-06-10,
  time: 339.058,
  utc: 1743798579.161
}
{
  message: ue_get,
  ue_list: [
    {
      ran_ue_id: 4,
      amf_ue_id: 103,
      qos_flow_list: [
        {
          pdu_session_id: 1,
          dl_total_bytes: 14873,
          ul_total_bytes: 8545,
          sst: 1
        },
        {
          pdu_session_id: 2,
          dl_total_bytes: 528211,
          ul_total_bytes: 8804352257,
          sst: 1
        }
      ],
      rnti: 17924,
      cells: [
        {
          cell_id: 1,
          dl_bitrate: 164776,
          ul_bitrate: 261978736,
          dl_tx: 93,
          ul_tx: 1599,
          dl_err: 0,
          ul_err: 0,
          dl_retx: 0,
          ul_retx: 14,
          pusch_snr: 28.4,
          epre: -89.5,
          ul_phr: 5,
          ul_path_loss: 68.2,
          p_ue: 14,
          dl_mcs: 26.4,
          ul_mcs: 26,
          ul_n_layer: 1,
          turbo_decoder_min: 1,
          turbo_decoder_avg: 2.176,
          turbo_decoder_max: 5,
          cqi: 15,
          ri: 2,
          ul_rank: 1,
          initial_ta: 1
        }
      ]
    }
  ],
  time: 339.06,
  utc: 1743798579.172
}

