{
  message: ready,
  type: ENB,
  name: ENB,
  version: 2023-06-10,
  time: 178.4,
  utc: 1744092179.752
}
{
  message: ue_get,
  ue_list: [
    {
      ran_ue_id: 7,
      amf_ue_id: 106,
      qos_flow_list: [],
      rnti: 17927,
      cells: [
        {
          cell_id: 1,
          dl_bitrate: 18,
          ul_bitrate: 4,
          dl_tx: 5,
          ul_tx: 2,
          dl_err: 16,
          ul_err: 7,
          dl_retx: 84,
          ul_retx: 37,
          pusch_snr: 13.9,
          epre: -107.4,
          ul_phr: -16,
          ul_path_loss: 114.7,
          p_ue: 24,
          dl_mcs: 12.9,
          ul_mcs: 8,
          ul_n_layer: 1,
          turbo_decoder_min: 1,
          turbo_decoder_avg: 4.795,
          turbo_decoder_max: 5,
          cqi: 11,
          ri: 1,
          ul_rank: 1,
          initial_ta: 1
        }
      ]
    },
    {
      ran_ue_id: 3,
      amf_ue_id: 102,
      qos_flow_list: [
        {
          pdu_session_id: 1,
          dl_total_bytes: 14865,
          ul_total_bytes: 8545,
          sst: 1
        },
        {
          pdu_session_id: 2,
          dl_total_bytes: 327495,
          ul_total_bytes: 1563887914,
          sst: 1
        }
      ],
      rnti: 17923,
      cells: [
        {
          cell_id: 1,
          dl_bitrate: 77402,
          ul_bitrate: 83578911,
          dl_tx: 49,
          ul_tx: 525,
          dl_err: 0,
          ul_err: 0,
          dl_retx: 6,
          ul_retx: 5,
          pusch_snr: 26.7,
          epre: -93.5,
          ul_phr: 30,
          ul_path_loss: 68.1,
          p_ue: -11,
          dl_mcs: 22.8,
          ul_mcs: 24.8,
          ul_n_layer: 1,
          turbo_decoder_min: 1,
          turbo_decoder_avg: 2.458,
          turbo_decoder_max: 5,
          cqi: 15,
          ri: 2,
          ul_rank: 1,
          initial_ta: 0
        }
      ]
    }
  ],
  time: 178.401,
  utc: 1744092179.762
}

