{
  message: ready,
  type: ENB,
  name: ENB,
  version: 2023-06-10,
  time: 188.912,
  utc: 1744092190.264
}
{
  message: ue_get,
  ue_list: [
    {
      ran_ue_id: 3,
      amf_ue_id: 102,
      qos_flow_list: [
        {
          pdu_session_id: 1,
          dl_total_bytes: 14865,
          ul_total_bytes: 8545,
          sst: 1
        },
        {
          pdu_session_id: 2,
          dl_total_bytes: 346769,
          ul_total_bytes: 1692950131,
          sst: 1
        }
      ],
      rnti: 17923,
      cells: [
        {
          cell_id: 1,
          dl_bitrate: 83728,
          ul_bitrate: 90339651,
          dl_tx: 53,
          ul_tx: 592,
          dl_err: 0,
          ul_err: 0,
          dl_retx: 0,
          ul_retx: 6,
          pusch_snr: 26.5,
          epre: -93.4,
          ul_phr: 30,
          ul_path_loss: 68.3,
          p_ue: -11,
          dl_mcs: 23,
          ul_mcs: 24.1,
          ul_n_layer: 1,
          turbo_decoder_min: 1,
          turbo_decoder_avg: 2.439,
          turbo_decoder_max: 5,
          cqi: 15,
          ri: 2,
          ul_rank: 1,
          initial_ta: 0
        }
      ]
    }
  ],
  time: 188.914,
  utc: 1744092190.275
}

