{
  message: ready,
  type: ENB,
  name: ENB,
  version: 2023-06-10,
  time: 1807.883,
  utc: 1744096706.065
}
{
  message: ue_get,
  ue_list: [
    {
      ran_ue_id: 3,
      amf_ue_id: 102,
      qos_flow_list: [
        {
          pdu_session_id: 1,
          dl_total_bytes: 15101,
          ul_total_bytes: 8802,
          sst: 1
        },
        {
          pdu_session_id: 2,
          dl_total_bytes: 4373906,
          ul_total_bytes: 23718890347,
          sst: 1
        }
      ],
      rnti: 17923,
      cells: [
        {
          cell_id: 1,
          dl_bitrate: 100733,
          ul_bitrate: 108219673,
          dl_tx: 68,
          ul_tx: 868,
          dl_err: 0,
          ul_err: 0,
          dl_retx: 6,
          ul_retx: 10,
          pusch_snr: 24.7,
          epre: -95.2,
          ul_phr: 20,
          ul_path_loss: 76.9,
          p_ue: -1,
          dl_mcs: 22.7,
          ul_mcs: 20.6,
          ul_n_layer: 1,
          turbo_decoder_min: 0,
          turbo_decoder_avg: 2.086,
          turbo_decoder_max: 5,
          cqi: 15,
          ri: 2,
          ul_rank: 1,
          initial_ta: 1
        }
      ]
    }
  ],
  time: 1807.885,
  utc: 1744096706.076
}

