{
  message: ready,
  type: ENB,
  name: ENB,
  version: 2023-06-10,
  time: 718.145,
  utc: 1744110140.496
}
{
  message: ue_get,
  ue_list: [
    {
      ran_ue_id: 5,
      amf_ue_id: 103,
      qos_flow_list: [
        {
          pdu_session_id: 1,
          dl_total_bytes: 14864,
          ul_total_bytes: 8544,
          sst: 1
        },
        {
          pdu_session_id: 2,
          dl_total_bytes: 1281623,
          ul_total_bytes: 10532722793,
          sst: 1
        }
      ],
      rnti: 17925,
      cells: [
        {
          cell_id: 1,
          dl_bitrate: 117254,
          ul_bitrate: 135457541,
          dl_tx: 87,
          ul_tx: 1295,
          dl_err: 0,
          ul_err: 0,
          dl_retx: 36,
          ul_retx: 9,
          pusch_snr: 22.9,
          epre: -94.8,
          ul_phr: -4,
          ul_path_loss: 88.2,
          p_ue: 22,
          dl_mcs: 21.2,
          ul_mcs: 17.3,
          ul_n_layer: 1,
          turbo_decoder_min: 1,
          turbo_decoder_avg: 2.768,
          turbo_decoder_max: 5,
          cqi: 14,
          ri: 2,
          ul_rank: 1,
          initial_ta: 0
        }
      ]
    }
  ],
  time: 718.148,
  utc: 1744110140.507
}

