{
  message: ready,
  type: ENB,
  name: ENB,
  version: 2023-06-10,
  time: 745.827,
  utc: 1744110168.177
}
{
  message: ue_get,
  ue_list: [
    {
      ran_ue_id: 5,
      amf_ue_id: 103,
      qos_flow_list: [
        {
          pdu_session_id: 1,
          dl_total_bytes: 14864,
          ul_total_bytes: 8544,
          sst: 1
        },
        {
          pdu_session_id: 2,
          dl_total_bytes: 1330962,
          ul_total_bytes: 10989467956,
          sst: 1
        }
      ],
      rnti: 17925,
      cells: [
        {
          cell_id: 1,
          dl_bitrate: 118965,
          ul_bitrate: 135120677,
          dl_tx: 90,
          ul_tx: 1445,
          dl_err: 0,
          ul_err: 0,
          dl_retx: 41,
          ul_retx: 0,
          pusch_snr: 19.2,
          epre: -101.8,
          ul_phr: -11,
          ul_path_loss: 88.2,
          p_ue: 22,
          dl_mcs: 21.4,
          ul_mcs: 16.1,
          ul_n_layer: 1,
          turbo_decoder_min: 2,
          turbo_decoder_avg: 2.21,
          turbo_decoder_max: 4,
          cqi: 14,
          ri: 2,
          ul_rank: 1,
          initial_ta: 0
        }
      ]
    }
  ],
  time: 745.828,
  utc: 1744110168.187
}

