{
  message: ready,
  type: ENB,
  name: ENB,
  version: 2023-06-10,
  time: 2391.94,
  utc: 1744832623.629
}
{
  message: ue_get,
  ue_list: [
    {
      ran_ue_id: 3,
      amf_ue_id: 102,
      qos_flow_list: [
        {
          pdu_session_id: 1,
          dl_total_bytes: 7777,
          ul_total_bytes: 7661,
          sst: 1
        },
        {
          pdu_session_id: 2,
          dl_total_bytes: 5078143,
          ul_total_bytes: 26726014516,
          sst: 1
        }
      ],
      rnti: 17923,
      cells: [
        {
          cell_id: 1,
          dl_bitrate: 211393,
          ul_bitrate: 93801019,
          dl_tx: 102,
          ul_tx: 1012,
          dl_err: 0,
          ul_err: 0,
          dl_retx: 0,
          ul_retx: 0,
          pusch_snr: 25.5,
          epre: -94.2,
          ul_phr: -7,
          ul_path_loss: 77.5,
          p_ue: 22,
          dl_mcs: 27.9,
          ul_mcs: 18.7,
          ul_n_layer: 1,
          turbo_decoder_min: 1,
          turbo_decoder_avg: 2.042,
          turbo_decoder_max: 3,
          cqi: 15,
          ri: 2,
          ul_rank: 1,
          initial_ta: 1
        }
      ]
    }
  ],
  time: 2391.942,
  utc: 1744832623.64
}

