{
  message: ready,
  type: ENB,
  name: ENB,
  version: 2023-06-10,
  time: 437.596,
  utc: 1744190888.177
}
{
  message: ue_get,
  ue_list: [
    {
      ran_ue_id: 3,
      amf_ue_id: 102,
      qos_flow_list: [
        {
          pdu_session_id: 1,
          dl_total_bytes: 14866,
          ul_total_bytes: 8546,
          sst: 1
        },
        {
          pdu_session_id: 2,
          dl_total_bytes: 776995,
          ul_total_bytes: 3278872563,
          sst: 1
        }
      ],
      rnti: 17923,
      cells: [
        {
          cell_id: 1,
          dl_bitrate: 89413,
          ul_bitrate: 85502913,
          dl_tx: 93,
          ul_tx: 1554,
          dl_err: 0,
          ul_err: 0,
          dl_retx: 10,
          ul_retx: 8,
          pusch_snr: 9.8,
          epre: -111.1,
          ul_phr: -17,
          ul_path_loss: 98.7,
          p_ue: 23,
          dl_mcs: 13.6,
          ul_mcs: 9.1,
          ul_n_layer: 1,
          turbo_decoder_min: 1,
          turbo_decoder_avg: 3.677,
          turbo_decoder_max: 5,
          cqi: 10,
          ri: 2,
          ul_rank: 1,
          initial_ta: 2
        }
      ]
    }
  ],
  time: 437.597,
  utc: 1744190888.188
}

