{
  message: ready,
  type: ENB,
  name: ENB,
  version: 2023-06-10,
  time: 157.49,
  utc: 1744095055.671
}
{
  message: ue_get,
  ue_list: [
    {
      ran_ue_id: 3,
      amf_ue_id: 102,
      qos_flow_list: [
        {
          pdu_session_id: 1,
          dl_total_bytes: 14917,
          ul_total_bytes: 8600,
          sst: 1
        },
        {
          pdu_session_id: 2,
          dl_total_bytes: 282597,
          ul_total_bytes: 1267312926,
          sst: 1
        }
      ],
      rnti: 17923,
      cells: [
        {
          cell_id: 1,
          dl_bitrate: 98057,
          ul_bitrate: 96853281,
          dl_tx: 65,
          ul_tx: 791,
          dl_err: 0,
          ul_err: 0,
          dl_retx: 1,
          ul_retx: 1,
          pusch_snr: 22.6,
          epre: -97.4,
          ul_phr: 4,
          ul_path_loss: 78.2,
          p_ue: 15,
          dl_mcs: 23.3,
          ul_mcs: 21,
          ul_n_layer: 1,
          turbo_decoder_min: 1,
          turbo_decoder_avg: 3.177,
          turbo_decoder_max: 5,
          cqi: 15,
          ri: 2,
          ul_rank: 1,
          initial_ta: 1
        }
      ]
    }
  ],
  time: 157.492,
  utc: 1744095055.683
}

