{
  message: ready,
  type: ENB,
  name: ENB,
  version: 2023-06-10,
  time: 606.072,
  utc: 1744193986.423
}
{
  message: ue_get,
  ue_list: [
    {
      ran_ue_id: 4,
      amf_ue_id: 103,
      qos_flow_list: [
        {
          pdu_session_id: 1,
          dl_total_bytes: 15708,
          ul_total_bytes: 8645,
          sst: 1
        },
        {
          pdu_session_id: 2,
          dl_total_bytes: 1080307,
          ul_total_bytes: 10314846346,
          sst: 1
        }
      ],
      rnti: 17924,
      cells: [
        {
          cell_id: 1,
          dl_bitrate: 157136,
          ul_bitrate: 180866900,
          dl_tx: 96,
          ul_tx: 1464,
          dl_err: 0,
          ul_err: 0,
          dl_retx: 0,
          ul_retx: 31,
          pusch_snr: 23,
          epre: -97.4,
          ul_phr: 13,
          ul_path_loss: 68.6,
          p_ue: 6,
          dl_mcs: 24.9,
          ul_mcs: 20.9,
          ul_n_layer: 1,
          turbo_decoder_min: 0,
          turbo_decoder_avg: 2.622,
          turbo_decoder_max: 5,
          cqi: 15,
          ri: 2,
          ul_rank: 1,
          initial_ta: 0
        }
      ]
    }
  ],
  time: 606.074,
  utc: 1744193986.434
}

