{
  message: ready,
  type: ENB,
  name: ENB,
  version: 2023-06-10,
  time: 681.754,
  utc: 1744075289.908
}
{
  message: ue_get,
  ue_list: [
    {
      ran_ue_id: 4,
      amf_ue_id: 103,
      qos_flow_list: [
        {
          pdu_session_id: 1,
          dl_total_bytes: 14865,
          ul_total_bytes: 8539,
          sst: 1
        },
        {
          pdu_session_id: 2,
          dl_total_bytes: 1217681,
          ul_total_bytes: 9784046324,
          sst: 1
        }
      ],
      rnti: 17924,
      cells: [
        {
          cell_id: 1,
          dl_bitrate: 113667,
          ul_bitrate: 136483059,
          dl_tx: 92,
          ul_tx: 1316,
          dl_err: 0,
          ul_err: 0,
          dl_retx: 4,
          ul_retx: 2,
          pusch_snr: 19.5,
          epre: -101.4,
          ul_phr: -10,
          ul_path_loss: 85.6,
          p_ue: 22,
          dl_mcs: 19,
          ul_mcs: 17.1,
          ul_n_layer: 1,
          turbo_decoder_min: 1,
          turbo_decoder_avg: 2.481,
          turbo_decoder_max: 5,
          cqi: 13,
          ri: 2,
          ul_rank: 1,
          initial_ta: 0
        }
      ]
    }
  ],
  time: 681.755,
  utc: 1744075289.918
}

