{
  message: ready,
  type: ENB,
  name: ENB,
  version: 2023-06-10,
  time: 924.773,
  utc: 1743860083.739
}
{
  message: ue_get,
  ue_list: [
    {
      ran_ue_id: 40,
      amf_ue_id: 122,
      qos_flow_list: [
        {
          pdu_session_id: 2,
          dl_total_bytes: 74347,
          ul_total_bytes: 51744,
          sst: 1
        }
      ],
      rnti: 17960,
      cells: [
        {
          cell_id: 1,
          dl_bitrate: 4759,
          ul_bitrate: 7724,
          dl_tx: 3,
          ul_tx: 5,
          dl_err: 0,
          ul_err: 0,
          dl_retx: 0,
          ul_retx: 0,
          pusch_snr: 21.5,
          epre: -99.4,
          ul_phr: 6,
          ul_path_loss: 84.3,
          p_ue: 2,
          dl_mcs: 24,
          ul_mcs: 19.8,
          ul_n_layer: 1,
          turbo_decoder_min: 1,
          turbo_decoder_avg: 2,
          turbo_decoder_max: 3,
          cqi: 15,
          ri: 2,
          ul_rank: 1,
          initial_ta: 1
        }
      ]
    },
    {
      ran_ue_id: 4,
      amf_ue_id: 103,
      qos_flow_list: [
        {
          pdu_session_id: 1,
          dl_total_bytes: 14865,
          ul_total_bytes: 8545,
          sst: 1
        },
        {
          pdu_session_id: 2,
          dl_total_bytes: 1368502,
          ul_total_bytes: 25359166797,
          sst: 1
        }
      ],
      rnti: 17924,
      cells: [
        {
          cell_id: 1,
          dl_bitrate: 136662,
          ul_bitrate: 225042085,
          dl_tx: 91,
          ul_tx: 1706,
          dl_err: 0,
          ul_err: 0,
          dl_retx: 1,
          ul_retx: 14,
          pusch_snr: 23.2,
          epre: -97.3,
          ul_phr: 12,
          ul_path_loss: 68.5,
          p_ue: 7,
          dl_mcs: 23,
          ul_mcs: 21.9,
          ul_n_layer: 1,
          turbo_decoder_min: 1,
          turbo_decoder_avg: 2.788,
          turbo_decoder_max: 5,
          cqi: 15,
          ri: 2,
          ul_rank: 1,
          initial_ta: 1
        }
      ]
    }
  ],
  time: 924.774,
  utc: 1743860083.749
}

