{
  message: ready,
  type: ENB,
  name: ENB,
  version: 2023-06-10,
  time: 1715.21,
  utc: 1744186412.592
}
{
  message: ue_get,
  ue_list: [
    {
      ran_ue_id: 35,
      amf_ue_id: 133,
      qos_flow_list: [],
      rnti: 17955,
      cells: [
        {
          cell_id: 1,
          dl_bitrate: 0,
          ul_bitrate: 0,
          dl_tx: 0,
          ul_tx: 0,
          dl_err: 0,
          ul_err: 0,
          dl_retx: 0,
          ul_retx: 0,
          pusch_snr: 9.3,
          epre: -111.6,
          ul_phr: -26,
          ul_path_loss: 118.4,
          p_ue: 24,
          cqi: 13,
          ri: 2,
          ul_rank: 1,
          initial_ta: 1
        }
      ]
    },
    {
      ran_ue_id: 3,
      amf_ue_id: 102,
      qos_flow_list: [
        {
          pdu_session_id: 1,
          dl_total_bytes: 15049,
          ul_total_bytes: 8747,
          sst: 1
        },
        {
          pdu_session_id: 2,
          dl_total_bytes: 4164901,
          ul_total_bytes: 36033557802,
          sst: 1
        }
      ],
      rnti: 17923,
      cells: [
        {
          cell_id: 1,
          dl_bitrate: 161337,
          ul_bitrate: 179656252,
          dl_tx: 94,
          ul_tx: 1538,
          dl_err: 0,
          ul_err: 0,
          dl_retx: 1,
          ul_retx: 17,
          pusch_snr: 20.6,
          epre: -99.9,
          ul_phr: 8,
          ul_path_loss: 78.2,
          p_ue: 14,
          dl_mcs: 23,
          ul_mcs: 19.1,
          ul_n_layer: 1,
          turbo_decoder_min: 1,
          turbo_decoder_avg: 2.877,
          turbo_decoder_max: 5,
          cqi: 15,
          ri: 2,
          ul_rank: 1,
          initial_ta: 1
        }
      ]
    }
  ],
  time: 1715.211,
  utc: 1744186412.602
}

