{
  message: ready,
  type: ENB,
  name: ENB,
  version: 2023-06-10,
  time: 1718.445,
  utc: 1744186415.827
}
{
  message: ue_get,
  ue_list: [
    {
      ran_ue_id: 36,
      amf_ue_id: 134,
      qos_flow_list: [
        {
          pdu_session_id: 2,
          dl_total_bytes: 29636,
          ul_total_bytes: 74319,
          sst: 1
        }
      ],
      rnti: 17956,
      cells: [
        {
          cell_id: 1,
          dl_bitrate: 102517,
          ul_bitrate: 448274,
          dl_tx: 42,
          ul_tx: 83,
          dl_err: 0,
          ul_err: 0,
          dl_retx: 3,
          ul_retx: 2,
          pusch_snr: 17.5,
          epre: -104.3,
          ul_phr: -8,
          ul_path_loss: 98.2,
          p_ue: 8,
          dl_mcs: 10,
          ul_mcs: 7.5,
          ul_n_layer: 1,
          turbo_decoder_min: 0,
          turbo_decoder_avg: 2.148,
          turbo_decoder_max: 5,
          cqi: 8,
          ri: 2,
          ul_rank: 1,
          initial_ta: 1
        }
      ]
    },
    {
      ran_ue_id: 3,
      amf_ue_id: 102,
      qos_flow_list: [
        {
          pdu_session_id: 1,
          dl_total_bytes: 15049,
          ul_total_bytes: 8747,
          sst: 1
        },
        {
          pdu_session_id: 2,
          dl_total_bytes: 4178917,
          ul_total_bytes: 36105010823,
          sst: 1
        }
      ],
      rnti: 17923,
      cells: [
        {
          cell_id: 1,
          dl_bitrate: 155944,
          ul_bitrate: 176673957,
          dl_tx: 91,
          ul_tx: 1527,
          dl_err: 0,
          ul_err: 0,
          dl_retx: 1,
          ul_retx: 16,
          pusch_snr: 20.5,
          epre: -100,
          ul_phr: 8,
          ul_path_loss: 78.2,
          p_ue: 14,
          dl_mcs: 23,
          ul_mcs: 19,
          ul_n_layer: 1,
          turbo_decoder_min: 1,
          turbo_decoder_avg: 2.877,
          turbo_decoder_max: 5,
          cqi: 15,
          ri: 2,
          ul_rank: 1,
          initial_ta: 1
        }
      ]
    }
  ],
  time: 1718.447,
  utc: 1744186415.838
}

