{
  message: ready,
  type: ENB,
  name: ENB,
  version: 2023-06-10,
  time: 171.599,
  utc: 1743788341.073
}
{
  message: ue_get,
  ue_list: [
    {
      ran_ue_id: 4,
      amf_ue_id: 103,
      qos_flow_list: [
        {
          pdu_session_id: 1,
          dl_total_bytes: 14873,
          ul_total_bytes: 8545,
          sst: 1
        },
        {
          pdu_session_id: 2,
          dl_total_bytes: 285069,
          ul_total_bytes: 1829697277,
          sst: 1
        }
      ],
      rnti: 17924,
      cells: [
        {
          cell_id: 1,
          dl_bitrate: 165163,
          ul_bitrate: 144780460,
          dl_tx: 110,
          ul_tx: 1037,
          dl_err: 0,
          ul_err: 0,
          dl_retx: 0,
          ul_retx: 27,
          pusch_snr: 29.7,
          epre: -88.1,
          ul_phr: 3,
          ul_path_loss: 68.4,
          p_ue: 16,
          dl_mcs: 28,
          ul_mcs: 26.2,
          ul_n_layer: 1,
          turbo_decoder_min: 1,
          turbo_decoder_avg: 2.511,
          turbo_decoder_max: 5,
          cqi: 15,
          ri: 2,
          ul_rank: 1,
          initial_ta: 1
        }
      ]
    }
  ],
  time: 171.601,
  utc: 1743788341.084
}

