{
  message: ready,
  type: ENB,
  name: ENB,
  version: 2023-06-10,
  time: 2579.909,
  utc: 1744085871.582
}
{
  message: ue_get,
  ue_list: [
    {
      ran_ue_id: 5,
      amf_ue_id: 104,
      qos_flow_list: [
        {
          pdu_session_id: 1,
          dl_total_bytes: 9833,
          ul_total_bytes: 7857,
          sst: 1
        },
        {
          pdu_session_id: 2,
          dl_total_bytes: 8734802,
          ul_total_bytes: 32846050005,
          sst: 1
        }
      ],
      rnti: 17925,
      cells: [
        {
          cell_id: 1,
          dl_bitrate: 159030,
          ul_bitrate: 86085137,
          dl_tx: 57,
          ul_tx: 689,
          dl_err: 0,
          ul_err: 0,
          dl_retx: 1,
          ul_retx: 2,
          pusch_snr: 22.5,
          epre: -96.8,
          ul_phr: 22,
          ul_path_loss: 77.6,
          p_ue: -3,
          dl_mcs: 25.9,
          ul_mcs: 20.5,
          ul_n_layer: 1,
          turbo_decoder_min: 1,
          turbo_decoder_avg: 3.077,
          turbo_decoder_max: 5,
          cqi: 15,
          ri: 2,
          ul_rank: 1,
          initial_ta: 0
        }
      ]
    }
  ],
  time: 2579.912,
  utc: 1744085871.594
}

