{
  message: ready,
  type: ENB,
  name: ENB,
  version: 2023-06-10,
  time: 365.978,
  utc: 1744196622.829
}
{
  message: ue_get,
  ue_list: [
    {
      ran_ue_id: 11,
      amf_ue_id: 110,
      qos_flow_list: [],
      rnti: 17931,
      cells: [
        {
          cell_id: 1,
          dl_bitrate: 0,
          ul_bitrate: 0,
          dl_tx: 0,
          ul_tx: 0,
          dl_err: 0,
          ul_err: 0,
          dl_retx: 0,
          ul_retx: 0,
          pusch_snr: 4.6,
          epre: -116.4,
          ul_phr: -29,
          ul_path_loss: 117.7,
          p_ue: 24,
          cqi: 10,
          ri: 2,
          ul_rank: 1,
          initial_ta: 1
        }
      ]
    },
    {
      ran_ue_id: 3,
      amf_ue_id: 102,
      qos_flow_list: [
        {
          pdu_session_id: 1,
          dl_total_bytes: 14866,
          ul_total_bytes: 8546,
          sst: 1
        },
        {
          pdu_session_id: 2,
          dl_total_bytes: 656734,
          ul_total_bytes: 6488073347,
          sst: 1
        }
      ],
      rnti: 17923,
      cells: [
        {
          cell_id: 1,
          dl_bitrate: 140600,
          ul_bitrate: 181594855,
          dl_tx: 94,
          ul_tx: 1554,
          dl_err: 0,
          ul_err: 0,
          dl_retx: 2,
          ul_retx: 15,
          pusch_snr: 21.1,
          epre: -99.6,
          ul_phr: 8,
          ul_path_loss: 77.6,
          p_ue: 14,
          dl_mcs: 23,
          ul_mcs: 19.2,
          ul_n_layer: 1,
          turbo_decoder_min: 1,
          turbo_decoder_avg: 2.916,
          turbo_decoder_max: 5,
          cqi: 15,
          ri: 2,
          ul_rank: 1,
          initial_ta: 0
        }
      ]
    }
  ],
  time: 365.979,
  utc: 1744196622.839
}

