{
  message: ready,
  type: ENB,
  name: ENB,
  version: 2023-06-10,
  time: 1181.553,
  utc: 1744081562.096
}
{
  message: ue_get,
  ue_list: [
    {
      ran_ue_id: 28,
      amf_ue_id: 127,
      qos_flow_list: [],
      rnti: 17948,
      cells: [
        {
          cell_id: 1,
          dl_bitrate: 0,
          ul_bitrate: 0,
          dl_tx: 0,
          ul_tx: 0,
          dl_err: 0,
          ul_err: 0,
          dl_retx: 0,
          ul_retx: 0,
          pusch_snr: 11.1,
          epre: -109.3,
          ul_phr: -14,
          ul_path_loss: 118.8,
          p_ue: 24,
          cqi: 0,
          ri: 2,
          ul_rank: 1,
          initial_ta: 1
        }
      ]
    },
    {
      ran_ue_id: 4,
      amf_ue_id: 103,
      qos_flow_list: [
        {
          pdu_session_id: 1,
          dl_total_bytes: 15041,
          ul_total_bytes: 8741,
          sst: 1
        },
        {
          pdu_session_id: 2,
          dl_total_bytes: 2342498,
          ul_total_bytes: 14639843598,
          sst: 1
        }
      ],
      rnti: 17924,
      cells: [
        {
          cell_id: 1,
          dl_bitrate: 146353,
          ul_bitrate: 115553035,
          dl_tx: 73,
          ul_tx: 963,
          dl_err: 0,
          ul_err: 0,
          dl_retx: 1,
          ul_retx: 28,
          pusch_snr: 26.9,
          epre: -94.2,
          ul_phr: 32,
          ul_path_loss: 68.6,
          p_ue: -10,
          dl_mcs: 25.9,
          ul_mcs: 20,
          ul_n_layer: 1,
          turbo_decoder_min: 1,
          turbo_decoder_avg: 2.123,
          turbo_decoder_max: 5,
          cqi: 15,
          ri: 2,
          ul_rank: 1,
          initial_ta: 1
        }
      ]
    }
  ],
  time: 1181.555,
  utc: 1744081562.107
}

