{
  message: ready,
  type: ENB,
  name: ENB,
  version: 2023-06-10,
  time: 1192.188,
  utc: 1744081572.731
}
{
  message: ue_get,
  ue_list: [
    {
      ran_ue_id: 29,
      amf_ue_id: 128,
      qos_flow_list: [
        {
          pdu_session_id: 2,
          dl_total_bytes: 0,
          ul_total_bytes: 183,
          sst: 1
        }
      ],
      rnti: 17949,
      cells: [
        {
          cell_id: 1,
          dl_bitrate: 2726,
          ul_bitrate: 0,
          dl_tx: 2,
          ul_tx: 0,
          dl_err: 0,
          ul_err: 0,
          dl_retx: 0,
          ul_retx: 0,
          pusch_snr: 26,
          epre: -94.4,
          ul_phr: 3,
          ul_path_loss: 82.8,
          p_ue: 5,
          dl_mcs: 23,
          cqi: 15,
          ri: 2,
          ul_rank: 1,
          initial_ta: 1
        }
      ]
    },
    {
      ran_ue_id: 4,
      amf_ue_id: 103,
      qos_flow_list: [
        {
          pdu_session_id: 1,
          dl_total_bytes: 15041,
          ul_total_bytes: 8741,
          sst: 1
        },
        {
          pdu_session_id: 2,
          dl_total_bytes: 2389383,
          ul_total_bytes: 14779281643,
          sst: 1
        }
      ],
      rnti: 17924,
      cells: [
        {
          cell_id: 1,
          dl_bitrate: 141243,
          ul_bitrate: 117377973,
          dl_tx: 71,
          ul_tx: 956,
          dl_err: 0,
          ul_err: 0,
          dl_retx: 3,
          ul_retx: 12,
          pusch_snr: 23.2,
          epre: -97.3,
          ul_phr: 11,
          ul_path_loss: 68.9,
          p_ue: 8,
          dl_mcs: 26,
          ul_mcs: 20.7,
          ul_n_layer: 1,
          turbo_decoder_min: 1,
          turbo_decoder_avg: 2.154,
          turbo_decoder_max: 5,
          cqi: 15,
          ri: 2,
          ul_rank: 1,
          initial_ta: 1
        }
      ]
    }
  ],
  time: 1192.189,
  utc: 1744081572.742
}

