{
  message: ready,
  type: ENB,
  name: ENB,
  version: 2023-06-10,
  time: 2410.147,
  utc: 1744187107.53
}
{
  message: ue_get,
  ue_list: [
    {
      ran_ue_id: 47,
      amf_ue_id: 145,
      qos_flow_list: [
        {
          pdu_session_id: 2,
          dl_total_bytes: 0,
          ul_total_bytes: 122,
          sst: 1
        }
      ],
      rnti: 17967,
      cells: [
        {
          cell_id: 1,
          dl_bitrate: 4210,
          ul_bitrate: 1309,
          dl_tx: 4,
          ul_tx: 1,
          dl_err: 0,
          ul_err: 0,
          dl_retx: 2,
          ul_retx: 0,
          pusch_snr: 15.5,
          epre: -104.4,
          ul_phr: -7,
          ul_path_loss: 95.2,
          p_ue: 8,
          dl_mcs: 17.5,
          ul_mcs: 17,
          ul_n_layer: 1,
          turbo_decoder_min: 4,
          turbo_decoder_avg: 4,
          turbo_decoder_max: 4,
          cqi: 11,
          ri: 2,
          ul_rank: 1,
          initial_ta: 1
        }
      ]
    },
    {
      ran_ue_id: 3,
      amf_ue_id: 102,
      qos_flow_list: [
        {
          pdu_session_id: 1,
          dl_total_bytes: 15233,
          ul_total_bytes: 8949,
          sst: 1
        },
        {
          pdu_session_id: 2,
          dl_total_bytes: 8014504,
          ul_total_bytes: 51142491230,
          sst: 1
        }
      ],
      rnti: 17923,
      cells: [
        {
          cell_id: 1,
          dl_bitrate: 136525,
          ul_bitrate: 177776858,
          dl_tx: 92,
          ul_tx: 1338,
          dl_err: 0,
          ul_err: 0,
          dl_retx: 2,
          ul_retx: 0,
          pusch_snr: 26.1,
          epre: -94.4,
          ul_phr: -5,
          ul_path_loss: 77.7,
          p_ue: 19,
          dl_mcs: 23.1,
          ul_mcs: 22.5,
          ul_n_layer: 1,
          turbo_decoder_min: 0,
          turbo_decoder_avg: 2.177,
          turbo_decoder_max: 5,
          cqi: 15,
          ri: 2,
          ul_rank: 1,
          initial_ta: 1
        }
      ]
    }
  ],
  time: 2410.149,
  utc: 1744187107.54
}

