{
  message: ready,
  type: ENB,
  name: ENB,
  version: 2023-06-10,
  time: 1150.016,
  utc: 1744093151.368
}
{
  message: ue_get,
  ue_list: [
    {
      ran_ue_id: 3,
      amf_ue_id: 102,
      qos_flow_list: [
        {
          pdu_session_id: 1,
          dl_total_bytes: 15049,
          ul_total_bytes: 8747,
          sst: 1
        },
        {
          pdu_session_id: 2,
          dl_total_bytes: 2237806,
          ul_total_bytes: 14934479551,
          sst: 1
        }
      ],
      rnti: 17923,
      cells: [
        {
          cell_id: 1,
          dl_bitrate: 148905,
          ul_bitrate: 125518403,
          dl_tx: 77,
          ul_tx: 996,
          dl_err: 0,
          ul_err: 0,
          dl_retx: 0,
          ul_retx: 3,
          pusch_snr: 22.3,
          epre: -98.1,
          ul_phr: 12,
          ul_path_loss: 68.7,
          p_ue: 7,
          dl_mcs: 24,
          ul_mcs: 21,
          ul_n_layer: 1,
          turbo_decoder_min: 0,
          turbo_decoder_avg: 2.528,
          turbo_decoder_max: 5,
          cqi: 15,
          ri: 2,
          ul_rank: 1,
          initial_ta: 0
        }
      ]
    }
  ],
  time: 1150.018,
  utc: 1744093151.379
}

