{
  message: ready,
  type: ENB,
  name: ENB,
  version: 2023-06-10,
  time: 256.973,
  utc: 1743865478.4
}
{
  message: ue_get,
  ue_list: [
    {
      ran_ue_id: 3,
      amf_ue_id: 102,
      qos_flow_list: [
        {
          pdu_session_id: 1,
          dl_total_bytes: 14866,
          ul_total_bytes: 8540,
          sst: 1
        },
        {
          pdu_session_id: 2,
          dl_total_bytes: 406470,
          ul_total_bytes: 4118383075,
          sst: 1
        }
      ],
      rnti: 17923,
      cells: [
        {
          cell_id: 1,
          dl_bitrate: 167546,
          ul_bitrate: 160867222,
          dl_tx: 98,
          ul_tx: 1274,
          dl_err: 0,
          ul_err: 0,
          dl_retx: 2,
          ul_retx: 14,
          pusch_snr: 22.4,
          epre: -98.3,
          ul_phr: 13,
          ul_path_loss: 69.4,
          p_ue: 6,
          dl_mcs: 23.3,
          ul_mcs: 21.2,
          ul_n_layer: 1,
          turbo_decoder_min: 1,
          turbo_decoder_avg: 2.882,
          turbo_decoder_max: 5,
          cqi: 15,
          ri: 2,
          ul_rank: 1,
          initial_ta: 1
        }
      ]
    }
  ],
  time: 256.975,
  utc: 1743865478.41
}

