{
  message: ready,
  type: ENB,
  name: ENB,
  version: 2023-06-10,
  time: 334.193,
  utc: 1744074942.346
}
{
  message: ue_get,
  ue_list: [
    {
      ran_ue_id: 7,
      amf_ue_id: 106,
      qos_flow_list: [
        {
          pdu_session_id: 2,
          dl_total_bytes: 36659,
          ul_total_bytes: 53904,
          sst: 1
        }
      ],
      rnti: 17934,
      cells: [
        {
          cell_id: 1,
          dl_bitrate: 1185,
          ul_bitrate: 2555,
          dl_tx: 3,
          ul_tx: 5,
          dl_err: 0,
          ul_err: 0,
          dl_retx: 0,
          ul_retx: 0,
          pusch_snr: 8.8,
          epre: -112.7,
          ul_phr: -23,
          ul_path_loss: 102.5,
          p_ue: 8,
          dl_mcs: 13,
          ul_mcs: 4,
          ul_n_layer: 1,
          turbo_decoder_min: 1,
          turbo_decoder_avg: 1.4,
          turbo_decoder_max: 2,
          cqi: 10,
          ri: 1,
          ul_rank: 1,
          initial_ta: 0
        }
      ]
    },
    {
      ran_ue_id: 4,
      amf_ue_id: 103,
      qos_flow_list: [
        {
          pdu_session_id: 1,
          dl_total_bytes: 14865,
          ul_total_bytes: 8539,
          sst: 1
        },
        {
          pdu_session_id: 2,
          dl_total_bytes: 609136,
          ul_total_bytes: 4070450235,
          sst: 1
        }
      ],
      rnti: 17924,
      cells: [
        {
          cell_id: 1,
          dl_bitrate: 128807,
          ul_bitrate: 133270466,
          dl_tx: 97,
          ul_tx: 1326,
          dl_err: 0,
          ul_err: 0,
          dl_retx: 26,
          ul_retx: 15,
          pusch_snr: 18.5,
          epre: -102,
          ul_phr: -4,
          ul_path_loss: 88.1,
          p_ue: 22,
          dl_mcs: 21,
          ul_mcs: 17.1,
          ul_n_layer: 1,
          turbo_decoder_min: 1,
          turbo_decoder_avg: 2.526,
          turbo_decoder_max: 5,
          cqi: 14,
          ri: 2,
          ul_rank: 1,
          initial_ta: 0
        }
      ]
    }
  ],
  time: 334.194,
  utc: 1744074942.357
}

