{
  message: ready,
  type: ENB,
  name: ENB,
  version: 2023-06-10,
  time: 775.293,
  utc: 1744194155.644
}
{
  message: ue_get,
  ue_list: [
    {
      ran_ue_id: 4,
      amf_ue_id: 103,
      qos_flow_list: [
        {
          pdu_session_id: 1,
          dl_total_bytes: 15708,
          ul_total_bytes: 8645,
          sst: 1
        },
        {
          pdu_session_id: 2,
          dl_total_bytes: 1379178,
          ul_total_bytes: 14068209414,
          sst: 1
        }
      ],
      rnti: 17924,
      cells: [
        {
          cell_id: 1,
          dl_bitrate: 153744,
          ul_bitrate: 181175575,
          dl_tx: 97,
          ul_tx: 1527,
          dl_err: 0,
          ul_err: 0,
          dl_retx: 0,
          ul_retx: 26,
          pusch_snr: 20.6,
          epre: -99.9,
          ul_phr: 18,
          ul_path_loss: 67.7,
          p_ue: 4,
          dl_mcs: 23.7,
          ul_mcs: 19.7,
          ul_n_layer: 1,
          turbo_decoder_min: 0,
          turbo_decoder_avg: 2.958,
          turbo_decoder_max: 5,
          cqi: 15,
          ri: 2,
          ul_rank: 1,
          initial_ta: 0
        }
      ]
    }
  ],
  time: 775.294,
  utc: 1744194155.655
}

