{
  message: ready,
  type: ENB,
  name: ENB,
  version: 2023-06-10,
  time: 2626.173,
  utc: 1744859995
}
{
  message: ue_get,
  ue_list: [
    {
      ran_ue_id: 4,
      amf_ue_id: 103,
      qos_flow_list: [
        {
          pdu_session_id: 1,
          dl_total_bytes: 7778,
          ul_total_bytes: 7656,
          sst: 1
        },
        {
          pdu_session_id: 2,
          dl_total_bytes: 6370709,
          ul_total_bytes: 29404558201,
          sst: 1
        }
      ],
      rnti: 17924,
      cells: [
        {
          cell_id: 1,
          dl_bitrate: 100642,
          ul_bitrate: 105968913,
          dl_tx: 69,
          ul_tx: 975,
          dl_err: 0,
          ul_err: 0,
          dl_retx: 0,
          ul_retx: 8,
          pusch_snr: 27.4,
          epre: -90.8,
          ul_phr: -11,
          ul_path_loss: 77,
          p_ue: 19,
          dl_mcs: 23,
          ul_mcs: 19.1,
          ul_n_layer: 1,
          turbo_decoder_min: 1,
          turbo_decoder_avg: 1.98,
          turbo_decoder_max: 5,
          cqi: 14,
          ri: 2,
          ul_rank: 1,
          initial_ta: 1
        }
      ]
    }
  ],
  time: 2626.175,
  utc: 1744859995.01
}

