{
  message: ready,
  type: ENB,
  name: ENB,
  version: 2023-06-10,
  time: 907.343,
  utc: 1744072270.317
}
{
  message: ue_get,
  ue_list: [
    {
      ran_ue_id: 46,
      amf_ue_id: 102,
      qos_flow_list: [
        {
          pdu_session_id: 1,
          dl_total_bytes: 14865,
          ul_total_bytes: 8539,
          sst: 1
        },
        {
          pdu_session_id: 2,
          dl_total_bytes: 993519,
          ul_total_bytes: 7086438359,
          sst: 1
        }
      ],
      rnti: 17986,
      cells: [
        {
          cell_id: 1,
          dl_bitrate: 97776,
          ul_bitrate: 131640066,
          dl_tx: 71,
          ul_tx: 1065,
          dl_err: 0,
          ul_err: 0,
          dl_retx: 0,
          ul_retx: 7,
          pusch_snr: 23.8,
          epre: -96.3,
          ul_phr: 20,
          ul_path_loss: 76.8,
          p_ue: -1,
          dl_mcs: 21.4,
          ul_mcs: 21.1,
          ul_n_layer: 1,
          turbo_decoder_min: 1,
          turbo_decoder_avg: 2.159,
          turbo_decoder_max: 5,
          cqi: 14,
          ri: 2,
          ul_rank: 1,
          initial_ta: 1
        }
      ]
    }
  ],
  time: 907.344,
  utc: 1744072270.328
}

