{
  message: ready,
  type: ENB,
  name: ENB,
  version: 2023-06-10,
  time: 1074.537,
  utc: 1744211746.737
}
{
  message: ue_get,
  ue_list: [
    {
      ran_ue_id: 3,
      amf_ue_id: 102,
      qos_flow_list: [
        {
          pdu_session_id: 1,
          dl_total_bytes: 19162,
          ul_total_bytes: 9124,
          sst: 1
        },
        {
          pdu_session_id: 2,
          dl_total_bytes: 1972356,
          ul_total_bytes: 10609619353,
          sst: 1
        }
      ],
      rnti: 17923,
      cells: [
        {
          cell_id: 1,
          dl_bitrate: 75319,
          ul_bitrate: 56957291,
          dl_tx: 89,
          ul_tx: 1720,
          dl_err: 0,
          ul_err: 0,
          dl_retx: 18,
          ul_retx: 0,
          pusch_snr: 19.9,
          epre: -100.4,
          ul_phr: -32,
          ul_path_loss: 87.8,
          p_ue: 23,
          dl_mcs: 12.3,
          ul_mcs: 5,
          ul_n_layer: 1,
          turbo_decoder_min: 1,
          turbo_decoder_avg: 1.123,
          turbo_decoder_max: 2,
          cqi: 10,
          ri: 2,
          ul_rank: 1,
          initial_ta: 1
        }
      ]
    }
  ],
  time: 1074.539,
  utc: 1744211746.748
}

