{
  message: ready,
  type: ENB,
  name: ENB,
  version: 2023-06-10,
  time: 785.682,
  utc: 1744098615.874
}
{
  message: ue_get,
  ue_list: [
    {
      ran_ue_id: 3,
      amf_ue_id: 102,
      qos_flow_list: [
        {
          pdu_session_id: 1,
          dl_total_bytes: 14857,
          ul_total_bytes: 8523,
          sst: 1
        },
        {
          pdu_session_id: 2,
          dl_total_bytes: 1384363,
          ul_total_bytes: 10760092488,
          sst: 1
        }
      ],
      rnti: 17923,
      cells: [
        {
          cell_id: 1,
          dl_bitrate: 105592,
          ul_bitrate: 116043653,
          dl_tx: 81,
          ul_tx: 1099,
          dl_err: 0,
          ul_err: 0,
          dl_retx: 9,
          ul_retx: 13,
          pusch_snr: 19.2,
          epre: -101.9,
          ul_phr: -8,
          ul_path_loss: 88,
          p_ue: 22,
          dl_mcs: 20.9,
          ul_mcs: 17.9,
          ul_n_layer: 1,
          turbo_decoder_min: 1,
          turbo_decoder_avg: 2.792,
          turbo_decoder_max: 5,
          cqi: 15,
          ri: 2,
          ul_rank: 1,
          initial_ta: 1
        }
      ]
    }
  ],
  time: 785.685,
  utc: 1744098615.885
}

