{
  message: ready,
  type: ENB,
  name: ENB,
  version: 2023-06-10,
  time: 98.713,
  utc: 1744068554.248
}
{
  message: ue_get,
  ue_list: [
    {
      ran_ue_id: 4,
      amf_ue_id: 103,
      qos_flow_list: [
        {
          pdu_session_id: 1,
          dl_total_bytes: 14937,
          ul_total_bytes: 9346,
          sst: 1
        },
        {
          pdu_session_id: 2,
          dl_total_bytes: 188247,
          ul_total_bytes: 399360546,
          sst: 1
        }
      ],
      rnti: 17924,
      cells: [
        {
          cell_id: 1,
          dl_bitrate: 114475,
          ul_bitrate: 122106616,
          dl_tx: 66,
          ul_tx: 987,
          dl_err: 0,
          ul_err: 0,
          dl_retx: 0,
          ul_retx: 7,
          pusch_snr: 23,
          epre: -97.1,
          ul_phr: 30,
          ul_path_loss: 68.1,
          p_ue: -11,
          dl_mcs: 26,
          ul_mcs: 21,
          ul_n_layer: 1,
          turbo_decoder_min: 1,
          turbo_decoder_avg: 2.354,
          turbo_decoder_max: 5,
          cqi: 14,
          ri: 2,
          ul_rank: 1,
          initial_ta: 1
        }
      ]
    }
  ],
  time: 98.716,
  utc: 1744068554.259
}

