{
  message: ready,
  type: ENB,
  name: ENB,
  version: 2023-06-10,
  time: 1274.797,
  utc: 1744185972.179
}
{
  message: ue_get,
  ue_list: [
    {
      ran_ue_id: 31,
      amf_ue_id: 129,
      qos_flow_list: [
        {
          pdu_session_id: 2,
          dl_total_bytes: 3684,
          ul_total_bytes: 1229,
          sst: 1
        }
      ],
      rnti: 17951,
      cells: [
        {
          cell_id: 1,
          dl_bitrate: 29,
          ul_bitrate: 11,
          dl_tx: 7,
          ul_tx: 8,
          dl_err: 0,
          ul_err: 1,
          dl_retx: 1,
          ul_retx: 5,
          pusch_snr: 10.4,
          epre: -110,
          ul_phr: -1,
          ul_path_loss: 105.7,
          p_ue: 8,
          dl_mcs: 19.4,
          ul_mcs: 8.1,
          ul_n_layer: 1,
          turbo_decoder_min: 1,
          turbo_decoder_avg: 3,
          turbo_decoder_max: 5,
          cqi: 14,
          ri: 2,
          ul_rank: 1,
          initial_ta: 0
        }
      ]
    },
    {
      ran_ue_id: 3,
      amf_ue_id: 102,
      qos_flow_list: [
        {
          pdu_session_id: 1,
          dl_total_bytes: 15049,
          ul_total_bytes: 8747,
          sst: 1
        },
        {
          pdu_session_id: 2,
          dl_total_bytes: 2687700,
          ul_total_bytes: 26357802125,
          sst: 1
        }
      ],
      rnti: 17923,
      cells: [
        {
          cell_id: 1,
          dl_bitrate: 141176,
          ul_bitrate: 180613504,
          dl_tx: 93,
          ul_tx: 1459,
          dl_err: 0,
          ul_err: 0,
          dl_retx: 1,
          ul_retx: 13,
          pusch_snr: 21.4,
          epre: -99.3,
          ul_phr: 4,
          ul_path_loss: 78.2,
          p_ue: 15,
          dl_mcs: 23.3,
          ul_mcs: 20.8,
          ul_n_layer: 1,
          turbo_decoder_min: 1,
          turbo_decoder_avg: 3.216,
          turbo_decoder_max: 5,
          cqi: 15,
          ri: 2,
          ul_rank: 1,
          initial_ta: 1
        }
      ]
    }
  ],
  time: 1274.799,
  utc: 1744185972.19
}

