{
  message: ready,
  type: ENB,
  name: ENB,
  version: 2023-06-10,
  time: 574.714,
  utc: 1744086797.057
}
{
  message: ue_get,
  ue_list: [
    {
      ran_ue_id: 3,
      amf_ue_id: 102,
      qos_flow_list: [
        {
          pdu_session_id: 1,
          dl_total_bytes: 14865,
          ul_total_bytes: 8545,
          sst: 1
        },
        {
          pdu_session_id: 2,
          dl_total_bytes: 1021482,
          ul_total_bytes: 8307034170,
          sst: 1
        }
      ],
      rnti: 17923,
      cells: [
        {
          cell_id: 1,
          dl_bitrate: 92626,
          ul_bitrate: 99768038,
          dl_tx: 65,
          ul_tx: 891,
          dl_err: 0,
          ul_err: 0,
          dl_retx: 18,
          ul_retx: 3,
          pusch_snr: 18.7,
          epre: -101.7,
          ul_phr: -9,
          ul_path_loss: 88.1,
          p_ue: 22,
          dl_mcs: 21.7,
          ul_mcs: 18.1,
          ul_n_layer: 1,
          turbo_decoder_min: 0,
          turbo_decoder_avg: 2.934,
          turbo_decoder_max: 5,
          cqi: 14,
          ri: 2,
          ul_rank: 1,
          initial_ta: 1
        }
      ]
    }
  ],
  time: 574.716,
  utc: 1744086797.068
}

