{
  message: ready,
  type: ENB,
  name: ENB,
  version: 2023-06-10,
  time: 2047.333,
  utc: 1744096945.515
}
{
  message: ue_get,
  ue_list: [
    {
      ran_ue_id: 3,
      amf_ue_id: 102,
      qos_flow_list: [
        {
          pdu_session_id: 1,
          dl_total_bytes: 15285,
          ul_total_bytes: 9004,
          sst: 1
        },
        {
          pdu_session_id: 2,
          dl_total_bytes: 5425066,
          ul_total_bytes: 26996347294,
          sst: 1
        }
      ],
      rnti: 17923,
      cells: [
        {
          cell_id: 1,
          dl_bitrate: 157650,
          ul_bitrate: 93641811,
          dl_tx: 62,
          ul_tx: 746,
          dl_err: 0,
          ul_err: 0,
          dl_retx: 13,
          ul_retx: 17,
          pusch_snr: 22.2,
          epre: -98.3,
          ul_phr: 2,
          ul_path_loss: 78.6,
          p_ue: 17,
          dl_mcs: 22.7,
          ul_mcs: 20.5,
          ul_n_layer: 1,
          turbo_decoder_min: 1,
          turbo_decoder_avg: 2.706,
          turbo_decoder_max: 5,
          cqi: 14,
          ri: 2,
          ul_rank: 1,
          initial_ta: 1
        }
      ]
    }
  ],
  time: 2047.334,
  utc: 1744096945.525
}

