{
  message: ready,
  type: ENB,
  name: ENB,
  version: 2023-06-10,
  time: 2463.094,
  utc: 1744859831.92
}
{
  message: ue_get,
  ue_list: [
    {
      ran_ue_id: 4,
      amf_ue_id: 103,
      qos_flow_list: [
        {
          pdu_session_id: 1,
          dl_total_bytes: 7778,
          ul_total_bytes: 7656,
          sst: 1
        },
        {
          pdu_session_id: 2,
          dl_total_bytes: 5535368,
          ul_total_bytes: 27526960025,
          sst: 1
        }
      ],
      rnti: 17924,
      cells: [
        {
          cell_id: 1,
          dl_bitrate: 178661,
          ul_bitrate: 103690187,
          dl_tx: 69,
          ul_tx: 946,
          dl_err: 0,
          ul_err: 0,
          dl_retx: 0,
          ul_retx: 8,
          pusch_snr: 28,
          epre: -90.8,
          ul_phr: -9,
          ul_path_loss: 77,
          p_ue: 19,
          dl_mcs: 27,
          ul_mcs: 19.7,
          ul_n_layer: 1,
          turbo_decoder_min: 0,
          turbo_decoder_avg: 2.094,
          turbo_decoder_max: 5,
          cqi: 14,
          ri: 2,
          ul_rank: 1,
          initial_ta: 1
        }
      ]
    }
  ],
  time: 2463.096,
  utc: 1744859831.931
}

