{
  message: ready,
  type: ENB,
  name: ENB,
  version: 2023-06-10,
  time: 2659.973,
  utc: 1744196040.324
}
{
  message: ue_get,
  ue_list: [
    {
      ran_ue_id: 4,
      amf_ue_id: 103,
      qos_flow_list: [
        {
          pdu_session_id: 1,
          dl_total_bytes: 16076,
          ul_total_bytes: 9049,
          sst: 1
        },
        {
          pdu_session_id: 2,
          dl_total_bytes: 9571840,
          ul_total_bytes: 53895278514,
          sst: 1
        }
      ],
      rnti: 17924,
      cells: [
        {
          cell_id: 1,
          dl_bitrate: 164279,
          ul_bitrate: 158330232,
          dl_tx: 75,
          ul_tx: 990,
          dl_err: 0,
          ul_err: 0,
          dl_retx: 5,
          ul_retx: 9,
          pusch_snr: 28,
          epre: -88.8,
          ul_phr: 26,
          ul_path_loss: 66,
          p_ue: -7,
          dl_mcs: 23,
          ul_mcs: 25.9,
          ul_n_layer: 1,
          turbo_decoder_min: 1,
          turbo_decoder_avg: 2.067,
          turbo_decoder_max: 5,
          cqi: 15,
          ri: 2,
          ul_rank: 1,
          initial_ta: 0
        }
      ]
    }
  ],
  time: 2659.974,
  utc: 1744196040.334
}

