{
  message: ready,
  type: ENB,
  name: ENB,
  version: 2023-06-10,
  time: 1882.823,
  utc: 1744195263.174
}
{
  message: ue_get,
  ue_list: [
    {
      ran_ue_id: 4,
      amf_ue_id: 103,
      qos_flow_list: [
        {
          pdu_session_id: 1,
          dl_total_bytes: 16076,
          ul_total_bytes: 9049,
          sst: 1
        },
        {
          pdu_session_id: 2,
          dl_total_bytes: 4729164,
          ul_total_bytes: 37526239888,
          sst: 1
        }
      ],
      rnti: 17924,
      cells: [
        {
          cell_id: 1,
          dl_bitrate: 125320,
          ul_bitrate: 137972182,
          dl_tx: 73,
          ul_tx: 884,
          dl_err: 0,
          ul_err: 0,
          dl_retx: 4,
          ul_retx: 13,
          pusch_snr: 29.4,
          epre: -89.7,
          ul_phr: 5,
          ul_path_loss: 68.5,
          p_ue: 14,
          dl_mcs: 23,
          ul_mcs: 25.3,
          ul_n_layer: 1,
          turbo_decoder_min: 1,
          turbo_decoder_avg: 2.184,
          turbo_decoder_max: 5,
          cqi: 15,
          ri: 2,
          ul_rank: 1,
          initial_ta: 0
        }
      ]
    }
  ],
  time: 1882.825,
  utc: 1744195263.185
}

