{
  message: ready,
  type: ENB,
  name: ENB,
  version: 2023-06-10,
  time: 1080.036,
  utc: 1744845092.004
}
{
  message: ue_get,
  ue_list: [
    {
      ran_ue_id: 3,
      amf_ue_id: 102,
      qos_flow_list: [
        {
          pdu_session_id: 1,
          dl_total_bytes: 7594,
          ul_total_bytes: 7432,
          sst: 1
        },
        {
          pdu_session_id: 2,
          dl_total_bytes: 781744,
          ul_total_bytes: 11645568763,
          sst: 1
        }
      ],
      rnti: 17923,
      cells: [
        {
          cell_id: 1,
          dl_bitrate: 182122,
          ul_bitrate: 93688692,
          dl_tx: 104,
          ul_tx: 984,
          dl_err: 0,
          ul_err: 0,
          dl_retx: 0,
          ul_retx: 2,
          pusch_snr: 27,
          epre: -90.8,
          ul_phr: -9,
          ul_path_loss: 77,
          p_ue: 19,
          dl_mcs: 27.9,
          ul_mcs: 19.5,
          ul_n_layer: 1,
          turbo_decoder_min: 1,
          turbo_decoder_avg: 2.098,
          turbo_decoder_max: 5,
          cqi: 15,
          ri: 2,
          ul_rank: 1,
          initial_ta: 1
        }
      ]
    }
  ],
  time: 1080.038,
  utc: 1744845092.015
}

