{
  message: ready,
  type: ENB,
  name: ENB,
  version: 2023-06-10,
  time: 789.765,
  utc: 1744833890.984
}
{
  message: ue_get,
  ue_list: [
    {
      ran_ue_id: 3,
      amf_ue_id: 102,
      qos_flow_list: [
        {
          pdu_session_id: 1,
          dl_total_bytes: 7410,
          ul_total_bytes: 7258,
          sst: 1
        },
        {
          pdu_session_id: 2,
          dl_total_bytes: 473528,
          ul_total_bytes: 4806121493,
          sst: 1
        }
      ],
      rnti: 17923,
      cells: [
        {
          cell_id: 1,
          dl_bitrate: 78171,
          ul_bitrate: 25091037,
          dl_tx: 59,
          ul_tx: 1072,
          dl_err: 0,
          ul_err: 0,
          dl_retx: 1,
          ul_retx: 0,
          pusch_snr: 21,
          epre: -99.4,
          ul_phr: -27,
          ul_path_loss: 87.6,
          p_ue: 23,
          dl_mcs: 25.1,
          ul_mcs: 4.2,
          ul_n_layer: 1,
          turbo_decoder_min: 0,
          turbo_decoder_avg: 1.267,
          turbo_decoder_max: 2,
          cqi: 15,
          ri: 2,
          ul_rank: 1,
          initial_ta: 1
        }
      ]
    }
  ],
  time: 789.767,
  utc: 1744833890.994
}

