{
  message: ready,
  type: ENB,
  name: ENB,
  version: 2023-06-10,
  time: 939.34,
  utc: 1744054697.796
}
{
  message: ue_get,
  ue_list: [
    {
      ran_ue_id: 3,
      amf_ue_id: 102,
      qos_flow_list: [
        {
          pdu_session_id: 1,
          dl_total_bytes: 14865,
          ul_total_bytes: 8545,
          sst: 1
        },
        {
          pdu_session_id: 2,
          dl_total_bytes: 1629481,
          ul_total_bytes: 4964021249,
          sst: 1
        }
      ],
      rnti: 17923,
      cells: [
        {
          cell_id: 1,
          dl_bitrate: 93129,
          ul_bitrate: 35955683,
          dl_tx: 91,
          ul_tx: 1073,
          dl_err: 0,
          ul_err: 0,
          dl_retx: 5,
          ul_retx: 0,
          pusch_snr: 10.2,
          epre: -111,
          ul_phr: -21,
          ul_path_loss: 98.1,
          p_ue: 23,
          dl_mcs: 20,
          ul_mcs: 6.3,
          ul_n_layer: 1,
          turbo_decoder_min: 2,
          turbo_decoder_avg: 2.118,
          turbo_decoder_max: 3,
          cqi: 13,
          ri: 2,
          ul_rank: 1,
          initial_ta: 1
        }
      ]
    }
  ],
  time: 939.342,
  utc: 1744054697.807
}

