{
  message: ready,
  type: ENB,
  name: ENB,
  version: 2023-06-10,
  time: 2386.166,
  utc: 1744204378.617
}
{
  message: ue_get,
  ue_list: [
    {
      ran_ue_id: 3,
      amf_ue_id: 102,
      qos_flow_list: [
        {
          pdu_session_id: 1,
          dl_total_bytes: 15157,
          ul_total_bytes: 8820,
          sst: 1
        },
        {
          pdu_session_id: 2,
          dl_total_bytes: 7427807,
          ul_total_bytes: 21370066813,
          sst: 1
        }
      ],
      rnti: 17923,
      cells: [
        {
          cell_id: 1,
          dl_bitrate: 95077,
          ul_bitrate: 52312156,
          dl_tx: 93,
          ul_tx: 1554,
          dl_err: 0,
          ul_err: 0,
          dl_retx: 19,
          ul_retx: 0,
          pusch_snr: 10.6,
          epre: -110.8,
          ul_phr: -23,
          ul_path_loss: 97.7,
          p_ue: 23,
          dl_mcs: 14.7,
          ul_mcs: 5,
          ul_n_layer: 1,
          turbo_decoder_min: 1,
          turbo_decoder_avg: 1.998,
          turbo_decoder_max: 3,
          cqi: 15,
          ri: 2,
          ul_rank: 1,
          initial_ta: 0
        }
      ]
    }
  ],
  time: 2386.168,
  utc: 1744204378.627
}

