{
  message: ready,
  type: ENB,
  name: ENB,
  version: 2023-06-10,
  time: 983.349,
  utc: 1744098813.54
}
{
  message: ue_get,
  ue_list: [
    {
      ran_ue_id: 3,
      amf_ue_id: 102,
      qos_flow_list: [
        {
          pdu_session_id: 1,
          dl_total_bytes: 15041,
          ul_total_bytes: 8725,
          sst: 1
        },
        {
          pdu_session_id: 2,
          dl_total_bytes: 1728827,
          ul_total_bytes: 13998004069,
          sst: 1
        }
      ],
      rnti: 17923,
      cells: [
        {
          cell_id: 1,
          dl_bitrate: 92318,
          ul_bitrate: 95612057,
          dl_tx: 67,
          ul_tx: 907,
          dl_err: 0,
          ul_err: 0,
          dl_retx: 8,
          ul_retx: 9,
          pusch_snr: 18.8,
          epre: -101.6,
          ul_phr: 12,
          ul_path_loss: 89.5,
          p_ue: 7,
          dl_mcs: 20.8,
          ul_mcs: 17.3,
          ul_n_layer: 1,
          turbo_decoder_min: 1,
          turbo_decoder_avg: 2.53,
          turbo_decoder_max: 5,
          cqi: 13,
          ri: 2,
          ul_rank: 1,
          initial_ta: 1
        }
      ]
    }
  ],
  time: 983.35,
  utc: 1744098813.551
}

