{
  message: ready,
  type: ENB,
  name: ENB,
  version: 2023-06-10,
  time: 1890.857,
  utc: 1744070346.392
}
{
  message: ue_get,
  ue_list: [
    {
      ran_ue_id: 54,
      amf_ue_id: 137,
      qos_flow_list: [],
      rnti: 17974,
      cells: [
        {
          cell_id: 1,
          dl_bitrate: 1441,
          ul_bitrate: 0,
          dl_tx: 2,
          ul_tx: 0,
          dl_err: 0,
          ul_err: 2,
          dl_retx: 0,
          ul_retx: 7,
          pusch_snr: 9,
          epre: -110.4,
          ul_phr: -16,
          ul_path_loss: 114.2,
          p_ue: 24,
          dl_mcs: 27,
          ul_mcs: 8,
          ul_n_layer: 1,
          turbo_decoder_min: 5,
          turbo_decoder_avg: 5,
          turbo_decoder_max: 5,
          cqi: 14,
          ri: 1,
          ul_rank: 1,
          initial_ta: 1
        }
      ]
    },
    {
      ran_ue_id: 4,
      amf_ue_id: 103,
      qos_flow_list: [
        {
          pdu_session_id: 1,
          dl_total_bytes: 15305,
          ul_total_bytes: 9750,
          sst: 1
        },
        {
          pdu_session_id: 2,
          dl_total_bytes: 4677373,
          ul_total_bytes: 25056892590,
          sst: 1
        }
      ],
      rnti: 17924,
      cells: [
        {
          cell_id: 1,
          dl_bitrate: 99129,
          ul_bitrate: 116775593,
          dl_tx: 65,
          ul_tx: 909,
          dl_err: 0,
          ul_err: 0,
          dl_retx: 0,
          ul_retx: 8,
          pusch_snr: 23.4,
          epre: -97.1,
          ul_phr: 30,
          ul_path_loss: 68,
          p_ue: -11,
          dl_mcs: 22,
          ul_mcs: 21.1,
          ul_n_layer: 1,
          turbo_decoder_min: 1,
          turbo_decoder_avg: 2.11,
          turbo_decoder_max: 5,
          cqi: 14,
          ri: 2,
          ul_rank: 1,
          initial_ta: 1
        }
      ]
    }
  ],
  time: 1890.859,
  utc: 1744070346.402
}

