{
  message: ready,
  type: ENB,
  name: ENB,
  version: 2023-06-10,
  time: 2419.192,
  utc: 1744073782.166
}
{
  message: ue_get,
  ue_list: [
    {
      ran_ue_id: 46,
      amf_ue_id: 102,
      qos_flow_list: [
        {
          pdu_session_id: 1,
          dl_total_bytes: 15233,
          ul_total_bytes: 8943,
          sst: 1
        },
        {
          pdu_session_id: 2,
          dl_total_bytes: 5732913,
          ul_total_bytes: 28864350771,
          sst: 1
        }
      ],
      rnti: 17986,
      cells: [
        {
          cell_id: 1,
          dl_bitrate: 151026,
          ul_bitrate: 103479189,
          dl_tx: 73,
          ul_tx: 911,
          dl_err: 0,
          ul_err: 0,
          dl_retx: 1,
          ul_retx: 12,
          pusch_snr: 22.1,
          epre: -98.4,
          ul_phr: 4,
          ul_path_loss: 77.5,
          p_ue: 15,
          dl_mcs: 21,
          ul_mcs: 19.2,
          ul_n_layer: 1,
          turbo_decoder_min: 1,
          turbo_decoder_avg: 2.335,
          turbo_decoder_max: 5,
          cqi: 14,
          ri: 2,
          ul_rank: 1,
          initial_ta: 1
        }
      ]
    }
  ],
  time: 2419.194,
  utc: 1744073782.177
}

