{
  message: ready,
  type: ENB,
  name: ENB,
  version: 2023-06-10,
  time: 1802.803,
  utc: 1744070258.338
}
{
  message: ue_get,
  ue_list: [
    {
      ran_ue_id: 4,
      amf_ue_id: 103,
      qos_flow_list: [
        {
          pdu_session_id: 1,
          dl_total_bytes: 15121,
          ul_total_bytes: 9548,
          sst: 1
        },
        {
          pdu_session_id: 2,
          dl_total_bytes: 4387074,
          ul_total_bytes: 23862246169,
          sst: 1
        }
      ],
      rnti: 17924,
      cells: [
        {
          cell_id: 1,
          dl_bitrate: 113693,
          ul_bitrate: 115952646,
          dl_tx: 67,
          ul_tx: 756,
          dl_err: 0,
          ul_err: 0,
          dl_retx: 0,
          ul_retx: 12,
          pusch_snr: 28.8,
          epre: -90.4,
          ul_phr: 6,
          ul_path_loss: 68.8,
          p_ue: 13,
          dl_mcs: 21,
          ul_mcs: 25.2,
          ul_n_layer: 1,
          turbo_decoder_min: 0,
          turbo_decoder_avg: 2.235,
          turbo_decoder_max: 5,
          cqi: 14,
          ri: 2,
          ul_rank: 1,
          initial_ta: 1
        }
      ]
    }
  ],
  time: 1802.805,
  utc: 1744070258.348
}

