{
  message: ready,
  type: ENB,
  name: ENB,
  version: 2023-06-10,
  time: 2429.848,
  utc: 1744198686.699
}
{
  message: ue_get,
  ue_list: [
    {
      ran_ue_id: 3,
      amf_ue_id: 102,
      qos_flow_list: [
        {
          pdu_session_id: 1,
          dl_total_bytes: 15234,
          ul_total_bytes: 8950,
          sst: 1
        },
        {
          pdu_session_id: 2,
          dl_total_bytes: 8154608,
          ul_total_bytes: 50007948848,
          sst: 1
        }
      ],
      rnti: 17923,
      cells: [
        {
          cell_id: 1,
          dl_bitrate: 198937,
          ul_bitrate: 180118373,
          dl_tx: 98,
          ul_tx: 1553,
          dl_err: 0,
          ul_err: 0,
          dl_retx: 1,
          ul_retx: 16,
          pusch_snr: 20.9,
          epre: -99.8,
          ul_phr: 8,
          ul_path_loss: 77.9,
          p_ue: 14,
          dl_mcs: 23,
          ul_mcs: 19,
          ul_n_layer: 1,
          turbo_decoder_min: 1,
          turbo_decoder_avg: 2.917,
          turbo_decoder_max: 5,
          cqi: 15,
          ri: 2,
          ul_rank: 1,
          initial_ta: 0
        }
      ]
    }
  ],
  time: 2429.85,
  utc: 1744198686.71
}

