{
  message: ready,
  type: ENB,
  name: ENB,
  version: 2023-06-10,
  time: 1534.255,
  utc: 1744093535.607
}
{
  message: ue_get,
  ue_list: [
    {
      ran_ue_id: 3,
      amf_ue_id: 102,
      qos_flow_list: [
        {
          pdu_session_id: 1,
          dl_total_bytes: 15049,
          ul_total_bytes: 8747,
          sst: 1
        },
        {
          pdu_session_id: 2,
          dl_total_bytes: 3518318,
          ul_total_bytes: 19919036359,
          sst: 1
        }
      ],
      rnti: 17923,
      cells: [
        {
          cell_id: 1,
          dl_bitrate: 107338,
          ul_bitrate: 91352067,
          dl_tx: 52,
          ul_tx: 583,
          dl_err: 0,
          ul_err: 0,
          dl_retx: 1,
          ul_retx: 6,
          pusch_snr: 28.1,
          epre: -91.3,
          ul_phr: 28,
          ul_path_loss: 66.6,
          p_ue: -9,
          dl_mcs: 24.2,
          ul_mcs: 25,
          ul_n_layer: 1,
          turbo_decoder_min: 1,
          turbo_decoder_avg: 2.187,
          turbo_decoder_max: 5,
          cqi: 15,
          ri: 2,
          ul_rank: 1,
          initial_ta: 0
        }
      ]
    }
  ],
  time: 1534.256,
  utc: 1744093535.617
}

