{
  message: ready,
  type: ENB,
  name: ENB,
  version: 2023-06-10,
  time: 1522.615,
  utc: 1744093523.967
}
{
  message: ue_get,
  ue_list: [
    {
      ran_ue_id: 23,
      amf_ue_id: 122,
      qos_flow_list: [],
      rnti: 17943,
      cells: [
        {
          cell_id: 1,
          dl_bitrate: 776,
          ul_bitrate: 0,
          dl_tx: 1,
          ul_tx: 0,
          dl_err: 4,
          ul_err: 6,
          dl_retx: 25,
          ul_retx: 26,
          pusch_snr: 15.9,
          epre: -105.7,
          ul_phr: -17,
          ul_path_loss: 113.9,
          p_ue: 24,
          dl_mcs: 15.6,
          ul_mcs: 8,
          ul_n_layer: 1,
          turbo_decoder_min: 5,
          turbo_decoder_avg: 5,
          turbo_decoder_max: 5,
          cqi: 11,
          ri: 1,
          ul_rank: 1,
          initial_ta: 1
        }
      ]
    },
    {
      ran_ue_id: 3,
      amf_ue_id: 102,
      qos_flow_list: [
        {
          pdu_session_id: 1,
          dl_total_bytes: 15049,
          ul_total_bytes: 8747,
          sst: 1
        },
        {
          pdu_session_id: 2,
          dl_total_bytes: 3467670,
          ul_total_bytes: 19776180831,
          sst: 1
        }
      ],
      rnti: 17923,
      cells: [
        {
          cell_id: 1,
          dl_bitrate: 128253,
          ul_bitrate: 115259804,
          dl_tx: 70,
          ul_tx: 771,
          dl_err: 0,
          ul_err: 0,
          dl_retx: 1,
          ul_retx: 1,
          pusch_snr: 25.9,
          epre: -92.8,
          ul_phr: 30,
          ul_path_loss: 68.6,
          p_ue: -11,
          dl_mcs: 23.1,
          ul_mcs: 23.8,
          ul_n_layer: 1,
          turbo_decoder_min: 0,
          turbo_decoder_avg: 2.306,
          turbo_decoder_max: 5,
          cqi: 15,
          ri: 2,
          ul_rank: 1,
          initial_ta: 0
        }
      ]
    }
  ],
  time: 1522.617,
  utc: 1744093523.978
}

