{
  message: ready,
  type: ENB,
  name: ENB,
  version: 2023-06-10,
  time: 1532.141,
  utc: 1744093533.493
}
{
  message: ue_get,
  ue_list: [
    {
      ran_ue_id: 3,
      amf_ue_id: 102,
      qos_flow_list: [
        {
          pdu_session_id: 1,
          dl_total_bytes: 15049,
          ul_total_bytes: 8747,
          sst: 1
        },
        {
          pdu_session_id: 2,
          dl_total_bytes: 3509412,
          ul_total_bytes: 19891240863,
          sst: 1
        }
      ],
      rnti: 17923,
      cells: [
        {
          cell_id: 1,
          dl_bitrate: 112130,
          ul_bitrate: 77735347,
          dl_tx: 55,
          ul_tx: 479,
          dl_err: 0,
          ul_err: 0,
          dl_retx: 1,
          ul_retx: 11,
          pusch_snr: 32.6,
          epre: -88.5,
          ul_phr: 28,
          ul_path_loss: 66.9,
          p_ue: -9,
          dl_mcs: 24,
          ul_mcs: 25.6,
          ul_n_layer: 1,
          turbo_decoder_min: 1,
          turbo_decoder_avg: 2.242,
          turbo_decoder_max: 5,
          cqi: 15,
          ri: 2,
          ul_rank: 1,
          initial_ta: 0
        }
      ]
    }
  ],
  time: 1532.143,
  utc: 1744093533.504
}

