{
  message: ready,
  type: ENB,
  name: ENB,
  version: 2023-06-10,
  time: 2824.718,
  utc: 1744094826.07
}
{
  message: ue_get,
  ue_list: [
    {
      ran_ue_id: 3,
      amf_ue_id: 102,
      qos_flow_list: [
        {
          pdu_session_id: 1,
          dl_total_bytes: 15325,
          ul_total_bytes: 9050,
          sst: 1
        },
        {
          pdu_session_id: 2,
          dl_total_bytes: 10426272,
          ul_total_bytes: 37188342455,
          sst: 1
        }
      ],
      rnti: 17923,
      cells: [
        {
          cell_id: 1,
          dl_bitrate: 113049,
          ul_bitrate: 125295134,
          dl_tx: 73,
          ul_tx: 998,
          dl_err: 0,
          ul_err: 0,
          dl_retx: 4,
          ul_retx: 4,
          pusch_snr: 22.8,
          epre: -97.9,
          ul_phr: 30,
          ul_path_loss: 69.1,
          p_ue: -11,
          dl_mcs: 23,
          ul_mcs: 21,
          ul_n_layer: 1,
          turbo_decoder_min: 0,
          turbo_decoder_avg: 2.42,
          turbo_decoder_max: 5,
          cqi: 15,
          ri: 2,
          ul_rank: 1,
          initial_ta: 0
        }
      ]
    }
  ],
  time: 2824.72,
  utc: 1744094826.081
}

