{
  message: ready,
  type: ENB,
  name: ENB,
  version: 2023-06-10,
  time: 2382.087,
  utc: 1744215969.907
}
{
  message: ue_get,
  ue_list: [
    {
      ran_ue_id: 3,
      amf_ue_id: 102,
      qos_flow_list: [
        {
          pdu_session_id: 1,
          dl_total_bytes: 15158,
          ul_total_bytes: 8843,
          sst: 1
        },
        {
          pdu_session_id: 2,
          dl_total_bytes: 7623371,
          ul_total_bytes: 24974490708,
          sst: 1
        }
      ],
      rnti: 17923,
      cells: [
        {
          cell_id: 1,
          dl_bitrate: 86841,
          ul_bitrate: 93273426,
          dl_tx: 88,
          ul_tx: 1653,
          dl_err: 0,
          ul_err: 0,
          dl_retx: 26,
          ul_retx: 17,
          pusch_snr: 10.3,
          epre: -110.6,
          ul_phr: -14,
          ul_path_loss: 98.1,
          p_ue: 23,
          dl_mcs: 13.7,
          ul_mcs: 9.2,
          ul_n_layer: 1,
          turbo_decoder_min: 1,
          turbo_decoder_avg: 3.564,
          turbo_decoder_max: 5,
          cqi: 8,
          ri: 2,
          ul_rank: 1,
          initial_ta: 1
        }
      ]
    }
  ],
  time: 2382.089,
  utc: 1744215969.917
}

