{
  message: ready,
  type: ENB,
  name: ENB,
  version: 2023-06-10,
  time: 1008.921,
  utc: 1744107509.291
}
{
  message: ue_get,
  ue_list: [
    {
      ran_ue_id: 6,
      amf_ue_id: 105,
      qos_flow_list: [
        {
          pdu_session_id: 1,
          dl_total_bytes: 9465,
          ul_total_bytes: 7453,
          sst: 1
        },
        {
          pdu_session_id: 2,
          dl_total_bytes: 1635399,
          ul_total_bytes: 13933376705,
          sst: 1
        }
      ],
      rnti: 17926,
      cells: [
        {
          cell_id: 1,
          dl_bitrate: 94712,
          ul_bitrate: 111534122,
          dl_tx: 60,
          ul_tx: 911,
          dl_err: 0,
          ul_err: 0,
          dl_retx: 0,
          ul_retx: 2,
          pusch_snr: 21.9,
          epre: -99.2,
          ul_phr: 22,
          ul_path_loss: 78.9,
          p_ue: -3,
          dl_mcs: 24,
          ul_mcs: 20,
          ul_n_layer: 1,
          turbo_decoder_min: 1,
          turbo_decoder_avg: 3.095,
          turbo_decoder_max: 5,
          cqi: 15,
          ri: 2,
          ul_rank: 1,
          initial_ta: 1
        }
      ]
    }
  ],
  time: 1008.922,
  utc: 1744107509.302
}

