{
  message: ready,
  type: ENB,
  name: ENB,
  version: 2023-06-10,
  time: 1523.776,
  utc: 1744058265.072
}
{
  message: ue_get,
  ue_list: [
    {
      ran_ue_id: 51,
      amf_ue_id: 104,
      qos_flow_list: [
        {
          pdu_session_id: 1,
          dl_total_bytes: 15039,
          ul_total_bytes: 8745,
          sst: 1
        },
        {
          pdu_session_id: 2,
          dl_total_bytes: 3509791,
          ul_total_bytes: 22144014568,
          sst: 1
        }
      ],
      rnti: 17971,
      cells: [
        {
          cell_id: 1,
          dl_bitrate: 158434,
          ul_bitrate: 121717062,
          dl_tx: 106,
          ul_tx: 1073,
          dl_err: 0,
          ul_err: 0,
          dl_retx: 0,
          ul_retx: 0,
          pusch_snr: 31.5,
          epre: -84.8,
          ul_phr: -5,
          ul_path_loss: 68,
          p_ue: 19,
          dl_mcs: 27.9,
          ul_mcs: 22,
          ul_n_layer: 1,
          turbo_decoder_min: 1,
          turbo_decoder_avg: 1.277,
          turbo_decoder_max: 2,
          cqi: 15,
          ri: 2,
          ul_rank: 1,
          initial_ta: 1
        }
      ]
    }
  ],
  time: 1523.778,
  utc: 1744058265.082
}

