{
  message: ready,
  type: ENB,
  name: ENB,
  version: 2023-06-10,
  time: 1816.442,
  utc: 1744111238.792
}
{
  message: ue_get,
  ue_list: [
    {
      ran_ue_id: 5,
      amf_ue_id: 103,
      qos_flow_list: [
        {
          pdu_session_id: 1,
          dl_total_bytes: 15048,
          ul_total_bytes: 8746,
          sst: 1
        },
        {
          pdu_session_id: 2,
          dl_total_bytes: 4511165,
          ul_total_bytes: 28571435591,
          sst: 1
        }
      ],
      rnti: 17925,
      cells: [
        {
          cell_id: 1,
          dl_bitrate: 143940,
          ul_bitrate: 138050135,
          dl_tx: 95,
          ul_tx: 1514,
          dl_err: 0,
          ul_err: 0,
          dl_retx: 52,
          ul_retx: 0,
          pusch_snr: 18.6,
          epre: -101.9,
          ul_phr: -11,
          ul_path_loss: 88.1,
          p_ue: 22,
          dl_mcs: 21.1,
          ul_mcs: 15.8,
          ul_n_layer: 1,
          turbo_decoder_min: 1,
          turbo_decoder_avg: 2.224,
          turbo_decoder_max: 5,
          cqi: 14,
          ri: 2,
          ul_rank: 1,
          initial_ta: 0
        }
      ]
    }
  ],
  time: 1816.444,
  utc: 1744111238.803
}

