{
  message: ready,
  type: ENB,
  name: ENB,
  version: 2023-06-10,
  time: 2055.576,
  utc: 1744209853.047
}
{
  message: ue_get,
  ue_list: [
    {
      ran_ue_id: 85,
      amf_ue_id: 150,
      qos_flow_list: [
        {
          pdu_session_id: 2,
          dl_total_bytes: 60,
          ul_total_bytes: 4194,
          sst: 1
        }
      ],
      rnti: 18005,
      cells: [
        {
          cell_id: 1,
          dl_bitrate: 2493,
          ul_bitrate: 7158,
          dl_tx: 3,
          ul_tx: 5,
          dl_err: 0,
          ul_err: 0,
          dl_retx: 1,
          ul_retx: 1,
          pusch_snr: 14.8,
          epre: -104.8,
          ul_phr: -3,
          ul_path_loss: 96.3,
          p_ue: 8,
          dl_mcs: 13,
          ul_mcs: 8.4,
          ul_n_layer: 1,
          turbo_decoder_min: 2,
          turbo_decoder_avg: 2.5,
          turbo_decoder_max: 5,
          cqi: 11,
          ri: 2,
          ul_rank: 1,
          initial_ta: 0
        }
      ]
    },
    {
      ran_ue_id: 3,
      amf_ue_id: 102,
      qos_flow_list: [
        {
          pdu_session_id: 1,
          dl_total_bytes: 26718,
          ul_total_bytes: 10535,
          sst: 1
        },
        {
          pdu_session_id: 2,
          dl_total_bytes: 5697809,
          ul_total_bytes: 41971806169,
          sst: 1
        }
      ],
      rnti: 17923,
      cells: [
        {
          cell_id: 1,
          dl_bitrate: 143686,
          ul_bitrate: 114259548,
          dl_tx: 59,
          ul_tx: 761,
          dl_err: 0,
          ul_err: 0,
          dl_retx: 4,
          ul_retx: 2,
          pusch_snr: 25.7,
          epre: -94.5,
          ul_phr: -1,
          ul_path_loss: 77.7,
          p_ue: 19,
          dl_mcs: 22.9,
          ul_mcs: 23.9,
          ul_n_layer: 1,
          turbo_decoder_min: 1,
          turbo_decoder_avg: 2.369,
          turbo_decoder_max: 5,
          cqi: 14,
          ri: 2,
          ul_rank: 1,
          initial_ta: 1
        }
      ]
    }
  ],
  time: 2055.579,
  utc: 1744209853.058
}

