{
  message: ready,
  type: ENB,
  name: ENB,
  version: 2023-06-10,
  time: 2046.05,
  utc: 1744209843.52
}
{
  message: ue_get,
  ue_list: [
    {
      ran_ue_id: 3,
      amf_ue_id: 102,
      qos_flow_list: [
        {
          pdu_session_id: 1,
          dl_total_bytes: 26718,
          ul_total_bytes: 10535,
          sst: 1
        },
        {
          pdu_session_id: 2,
          dl_total_bytes: 5650697,
          ul_total_bytes: 41799368553,
          sst: 1
        }
      ],
      rnti: 17923,
      cells: [
        {
          cell_id: 1,
          dl_bitrate: 104178,
          ul_bitrate: 144021032,
          dl_tx: 69,
          ul_tx: 999,
          dl_err: 0,
          ul_err: 0,
          dl_retx: 1,
          ul_retx: 13,
          pusch_snr: 25.6,
          epre: -94.5,
          ul_phr: 21,
          ul_path_loss: 77.4,
          p_ue: -2,
          dl_mcs: 23.6,
          ul_mcs: 23.8,
          ul_n_layer: 1,
          turbo_decoder_min: 1,
          turbo_decoder_avg: 2.324,
          turbo_decoder_max: 5,
          cqi: 15,
          ri: 2,
          ul_rank: 1,
          initial_ta: 1
        }
      ]
    }
  ],
  time: 2046.052,
  utc: 1744209843.531
}

