{
  message: ready,
  type: ENB,
  name: ENB,
  version: 2023-06-10,
  time: 2833.47,
  utc: 1744216421.29
}
{
  message: ue_get,
  ue_list: [
    {
      ran_ue_id: 3,
      amf_ue_id: 102,
      qos_flow_list: [
        {
          pdu_session_id: 1,
          dl_total_bytes: 15342,
          ul_total_bytes: 9045,
          sst: 1
        },
        {
          pdu_session_id: 2,
          dl_total_bytes: 10481332,
          ul_total_bytes: 29972164071,
          sst: 1
        }
      ],
      rnti: 17923,
      cells: [
        {
          cell_id: 1,
          dl_bitrate: 147680,
          ul_bitrate: 86826044,
          dl_tx: 99,
          ul_tx: 1722,
          dl_err: 0,
          ul_err: 0,
          dl_retx: 17,
          ul_retx: 0,
          pusch_snr: 10.3,
          epre: -110.9,
          ul_phr: -18,
          ul_path_loss: 98.1,
          p_ue: 23,
          dl_mcs: 12.1,
          ul_mcs: 8.4,
          ul_n_layer: 1,
          turbo_decoder_min: 0,
          turbo_decoder_avg: 3.17,
          turbo_decoder_max: 5,
          cqi: 9,
          ri: 2,
          ul_rank: 1,
          initial_ta: 1
        }
      ]
    }
  ],
  time: 2833.472,
  utc: 1744216421.3
}

