{
  message: ready,
  type: ENB,
  name: ENB,
  version: 2023-06-10,
  time: 2878.785,
  utc: 1744071334.32
}
{
  message: ue_get,
  ue_list: [
    {
      ran_ue_id: 4,
      amf_ue_id: 103,
      qos_flow_list: [
        {
          pdu_session_id: 1,
          dl_total_bytes: 15489,
          ul_total_bytes: 9952,
          sst: 1
        },
        {
          pdu_session_id: 2,
          dl_total_bytes: 10793930,
          ul_total_bytes: 38715457799,
          sst: 1
        }
      ],
      rnti: 17924,
      cells: [
        {
          cell_id: 1,
          dl_bitrate: 179456,
          ul_bitrate: 111828201,
          dl_tx: 72,
          ul_tx: 950,
          dl_err: 0,
          ul_err: 0,
          dl_retx: 1,
          ul_retx: 8,
          pusch_snr: 22.1,
          epre: -98.5,
          ul_phr: 13,
          ul_path_loss: 69.2,
          p_ue: 6,
          dl_mcs: 24.4,
          ul_mcs: 20,
          ul_n_layer: 1,
          turbo_decoder_min: 1,
          turbo_decoder_avg: 2.952,
          turbo_decoder_max: 5,
          cqi: 14,
          ri: 2,
          ul_rank: 1,
          initial_ta: 1
        }
      ]
    }
  ],
  time: 2878.787,
  utc: 1744071334.33
}

