{
  message: ready,
  type: ENB,
  name: ENB,
  version: 2023-06-10,
  time: 2322.287,
  utc: 1744192772.868
}
{
  message: ue_get,
  ue_list: [
    {
      ran_ue_id: 3,
      amf_ue_id: 102,
      qos_flow_list: [
        {
          pdu_session_id: 1,
          dl_total_bytes: 15234,
          ul_total_bytes: 8950,
          sst: 1
        },
        {
          pdu_session_id: 2,
          dl_total_bytes: 7116701,
          ul_total_bytes: 20842433917,
          sst: 1
        }
      ],
      rnti: 17923,
      cells: [
        {
          cell_id: 1,
          dl_bitrate: 158318,
          ul_bitrate: 84561361,
          dl_tx: 99,
          ul_tx: 1538,
          dl_err: 0,
          ul_err: 0,
          dl_retx: 13,
          ul_retx: 16,
          pusch_snr: 9.7,
          epre: -111.4,
          ul_phr: -12,
          ul_path_loss: 98.5,
          p_ue: 23,
          dl_mcs: 13.3,
          ul_mcs: 9,
          ul_n_layer: 1,
          turbo_decoder_min: 2,
          turbo_decoder_avg: 3.627,
          turbo_decoder_max: 5,
          cqi: 10,
          ri: 2,
          ul_rank: 1,
          initial_ta: 2
        }
      ]
    }
  ],
  time: 2322.288,
  utc: 1744192772.879
}

