{
  message: ready,
  type: ENB,
  name: ENB,
  version: 2023-06-10,
  time: 763.652,
  utc: 1744045893.389
}
{
  message: ue_get,
  ue_list: [
    {
      ran_ue_id: 4,
      amf_ue_id: 103,
      qos_flow_list: [
        {
          pdu_session_id: 1,
          dl_total_bytes: 14856,
          ul_total_bytes: 8522,
          sst: 1
        },
        {
          pdu_session_id: 2,
          dl_total_bytes: 1321871,
          ul_total_bytes: 10716740497,
          sst: 1
        }
      ],
      rnti: 17924,
      cells: [
        {
          cell_id: 1,
          dl_bitrate: 155720,
          ul_bitrate: 135280007,
          dl_tx: 118,
          ul_tx: 1002,
          dl_err: 0,
          ul_err: 0,
          dl_retx: 0,
          ul_retx: 11,
          pusch_snr: 28.8,
          epre: -90.2,
          ul_phr: 6,
          ul_path_loss: 68.1,
          p_ue: 13,
          dl_mcs: 25,
          ul_mcs: 26,
          ul_n_layer: 1,
          turbo_decoder_min: 0,
          turbo_decoder_avg: 2.233,
          turbo_decoder_max: 5,
          cqi: 15,
          ri: 2,
          ul_rank: 1,
          initial_ta: 1
        }
      ]
    }
  ],
  time: 763.653,
  utc: 1744045893.4
}

