{
  message: ready,
  type: ENB,
  name: ENB,
  version: 2023-06-10,
  time: 964.83,
  utc: 1743790136.155
}
{
  message: ue_get,
  ue_list: [
    {
      ran_ue_id: 16,
      amf_ue_id: 115,
      qos_flow_list: [
        {
          pdu_session_id: 2,
          dl_total_bytes: 77383,
          ul_total_bytes: 26733,
          sst: 1
        }
      ],
      rnti: 17936,
      cells: [
        {
          cell_id: 1,
          dl_bitrate: 135738,
          ul_bitrate: 60366,
          dl_tx: 32,
          ul_tx: 27,
          dl_err: 0,
          ul_err: 0,
          dl_retx: 0,
          ul_retx: 0,
          pusch_snr: 26.5,
          epre: -93.7,
          ul_phr: 10,
          ul_path_loss: 79.9,
          p_ue: -2,
          dl_mcs: 20.6,
          ul_mcs: 20.4,
          ul_n_layer: 1,
          turbo_decoder_min: 0,
          turbo_decoder_avg: 1.931,
          turbo_decoder_max: 5,
          cqi: 15,
          ri: 2,
          ul_rank: 1,
          initial_ta: 1
        }
      ]
    },
    {
      ran_ue_id: 3,
      amf_ue_id: 102,
      qos_flow_list: [
        {
          pdu_session_id: 1,
          dl_total_bytes: 14966,
          ul_total_bytes: 8619,
          sst: 1
        },
        {
          pdu_session_id: 2,
          dl_total_bytes: 1379662,
          ul_total_bytes: 15087830501,
          sst: 1
        }
      ],
      rnti: 17923,
      cells: [
        {
          cell_id: 1,
          dl_bitrate: 156104,
          ul_bitrate: 134079117,
          dl_tx: 111,
          ul_tx: 1060,
          dl_err: 0,
          ul_err: 0,
          dl_retx: 2,
          ul_retx: 9,
          pusch_snr: 25.9,
          epre: -94,
          ul_phr: 10,
          ul_path_loss: 67.9,
          p_ue: 9,
          dl_mcs: 26.4,
          ul_mcs: 24,
          ul_n_layer: 1,
          turbo_decoder_min: 1,
          turbo_decoder_avg: 2.672,
          turbo_decoder_max: 5,
          cqi: 15,
          ri: 2,
          ul_rank: 1,
          initial_ta: 1
        }
      ]
    }
  ],
  time: 964.832,
  utc: 1743790136.165
}

