{
  message: ready,
  type: ENB,
  name: ENB,
  version: 2023-06-10,
  time: 1921.679,
  utc: 1744111344.029
}
{
  message: ue_get,
  ue_list: [
    {
      ran_ue_id: 5,
      amf_ue_id: 103,
      qos_flow_list: [
        {
          pdu_session_id: 1,
          dl_total_bytes: 15232,
          ul_total_bytes: 8948,
          sst: 1
        },
        {
          pdu_session_id: 2,
          dl_total_bytes: 4868981,
          ul_total_bytes: 30309847775,
          sst: 1
        }
      ],
      rnti: 17925,
      cells: [
        {
          cell_id: 1,
          dl_bitrate: 119769,
          ul_bitrate: 132657402,
          dl_tx: 89,
          ul_tx: 1253,
          dl_err: 0,
          ul_err: 0,
          dl_retx: 53,
          ul_retx: 14,
          pusch_snr: 18.7,
          epre: -101.7,
          ul_phr: -9,
          ul_path_loss: 88.1,
          p_ue: 22,
          dl_mcs: 21.8,
          ul_mcs: 18.1,
          ul_n_layer: 1,
          turbo_decoder_min: 1,
          turbo_decoder_avg: 3.097,
          turbo_decoder_max: 5,
          cqi: 14,
          ri: 2,
          ul_rank: 1,
          initial_ta: 0
        }
      ]
    }
  ],
  time: 1921.681,
  utc: 1744111344.04
}

