{
  message: ready,
  type: ENB,
  name: ENB,
  version: 2023-06-10,
  time: 462.928,
  utc: 1744193843.28
}
{
  message: ue_get,
  ue_list: [
    {
      ran_ue_id: 4,
      amf_ue_id: 103,
      qos_flow_list: [
        {
          pdu_session_id: 1,
          dl_total_bytes: 15708,
          ul_total_bytes: 8645,
          sst: 1
        },
        {
          pdu_session_id: 2,
          dl_total_bytes: 833418,
          ul_total_bytes: 7699017466,
          sst: 1
        }
      ],
      rnti: 17924,
      cells: [
        {
          cell_id: 1,
          dl_bitrate: 77904,
          ul_bitrate: 86092627,
          dl_tx: 50,
          ul_tx: 519,
          dl_err: 0,
          ul_err: 0,
          dl_retx: 8,
          ul_retx: 5,
          pusch_snr: 30.1,
          epre: -87.9,
          ul_phr: 24,
          ul_path_loss: 67,
          p_ue: -5,
          dl_mcs: 23,
          ul_mcs: 26.2,
          ul_n_layer: 1,
          turbo_decoder_min: 1,
          turbo_decoder_avg: 2.113,
          turbo_decoder_max: 5,
          cqi: 15,
          ri: 2,
          ul_rank: 1,
          initial_ta: 0
        }
      ]
    }
  ],
  time: 462.93,
  utc: 1744193843.291
}

