{
  message: ready,
  type: ENB,
  name: ENB,
  version: 2023-06-10,
  time: 478.183,
  utc: 1744062956.488
}
{
  message: ue_get,
  ue_list: [
    {
      ran_ue_id: 5,
      amf_ue_id: 104,
      qos_flow_list: [
        {
          pdu_session_id: 1,
          dl_total_bytes: 9465,
          ul_total_bytes: 7437,
          sst: 1
        },
        {
          pdu_session_id: 2,
          dl_total_bytes: 745242,
          ul_total_bytes: 4184891104,
          sst: 1
        }
      ],
      rnti: 17925,
      cells: [
        {
          cell_id: 1,
          dl_bitrate: 147668,
          ul_bitrate: 98429246,
          dl_tx: 115,
          ul_tx: 1062,
          dl_err: 0,
          ul_err: 0,
          dl_retx: 2,
          ul_retx: 11,
          pusch_snr: 18.8,
          epre: -101.7,
          ul_phr: -4,
          ul_path_loss: 87.8,
          p_ue: 22,
          dl_mcs: 24.5,
          ul_mcs: 18,
          ul_n_layer: 1,
          turbo_decoder_min: 1,
          turbo_decoder_avg: 2.991,
          turbo_decoder_max: 5,
          cqi: 15,
          ri: 2,
          ul_rank: 1,
          initial_ta: 1
        }
      ]
    }
  ],
  time: 478.185,
  utc: 1744062956.499
}

