{
  message: ready,
  type: ENB,
  name: ENB,
  version: 2023-06-10,
  time: 2769.514,
  utc: 1744193220.096
}
{
  message: ue_get,
  ue_list: [
    {
      ran_ue_id: 29,
      amf_ue_id: 127,
      qos_flow_list: [
        {
          pdu_session_id: 2,
          dl_total_bytes: 43251,
          ul_total_bytes: 53395,
          sst: 1
        }
      ],
      rnti: 17949,
      cells: [
        {
          cell_id: 1,
          dl_bitrate: 30541,
          ul_bitrate: 81056,
          dl_tx: 7,
          ul_tx: 1292,
          dl_err: 0,
          ul_err: 0,
          dl_retx: 2,
          ul_retx: 14,
          pusch_snr: 5.6,
          epre: -117.8,
          ul_phr: -21,
          ul_path_loss: 112.6,
          p_ue: 8,
          dl_mcs: 5,
          ul_mcs: 1.3,
          ul_n_layer: 1,
          turbo_decoder_min: 1,
          turbo_decoder_avg: 1.551,
          turbo_decoder_max: 5,
          cqi: 6,
          ri: 1,
          ul_rank: 1,
          initial_ta: 1
        }
      ]
    },
    {
      ran_ue_id: 3,
      amf_ue_id: 102,
      qos_flow_list: [
        {
          pdu_session_id: 1,
          dl_total_bytes: 15326,
          ul_total_bytes: 9051,
          sst: 1
        },
        {
          pdu_session_id: 2,
          dl_total_bytes: 9920948,
          ul_total_bytes: 25103322202,
          sst: 1
        }
      ],
      rnti: 17923,
      cells: [
        {
          cell_id: 1,
          dl_bitrate: 159531,
          ul_bitrate: 43864163,
          dl_tx: 100,
          ul_tx: 1262,
          dl_err: 0,
          ul_err: 0,
          dl_retx: 12,
          ul_retx: 0,
          pusch_snr: 9.8,
          epre: -111.3,
          ul_phr: -23,
          ul_path_loss: 98.5,
          p_ue: 23,
          dl_mcs: 13.9,
          ul_mcs: 5.3,
          ul_n_layer: 1,
          turbo_decoder_min: 1,
          turbo_decoder_avg: 2.039,
          turbo_decoder_max: 3,
          cqi: 11,
          ri: 2,
          ul_rank: 1,
          initial_ta: 2
        }
      ]
    }
  ],
  time: 2769.516,
  utc: 1744193220.106
}

