{
  message: ready,
  type: ENB,
  name: ENB,
  version: 2023-06-10,
  time: 97.163,
  utc: 1744857465.989
}
{
  message: ue_get,
  ue_list: [
    {
      ran_ue_id: 4,
      amf_ue_id: 103,
      qos_flow_list: [
        {
          pdu_session_id: 1,
          dl_total_bytes: 7410,
          ul_total_bytes: 7252,
          sst: 1
        },
        {
          pdu_session_id: 2,
          dl_total_bytes: 74347,
          ul_total_bytes: 334188379,
          sst: 1
        }
      ],
      rnti: 17924,
      cells: [
        {
          cell_id: 1,
          dl_bitrate: 102989,
          ul_bitrate: 103729203,
          dl_tx: 73,
          ul_tx: 954,
          dl_err: 0,
          ul_err: 0,
          dl_retx: 0,
          ul_retx: 1,
          pusch_snr: 25.9,
          epre: -93.8,
          ul_phr: -6,
          ul_path_loss: 76.9,
          p_ue: 22,
          dl_mcs: 22,
          ul_mcs: 19.3,
          ul_n_layer: 1,
          turbo_decoder_min: 1,
          turbo_decoder_avg: 2.082,
          turbo_decoder_max: 5,
          cqi: 14,
          ri: 2,
          ul_rank: 1,
          initial_ta: 1
        }
      ]
    }
  ],
  time: 97.164,
  utc: 1744857466
}

