{
  message: ready,
  type: ENB,
  name: ENB,
  version: 2023-06-10,
  time: 87.585,
  utc: 1744857456.412
}
{
  message: ue_get,
  ue_list: [
    {
      ran_ue_id: 4,
      amf_ue_id: 103,
      qos_flow_list: [
        {
          pdu_session_id: 1,
          dl_total_bytes: 7410,
          ul_total_bytes: 7252,
          sst: 1
        },
        {
          pdu_session_id: 2,
          dl_total_bytes: 69455,
          ul_total_bytes: 224285562,
          sst: 1
        }
      ],
      rnti: 17924,
      cells: [
        {
          cell_id: 1,
          dl_bitrate: 114072,
          ul_bitrate: 107877813,
          dl_tx: 76,
          ul_tx: 940,
          dl_err: 0,
          ul_err: 0,
          dl_retx: 0,
          ul_retx: 4,
          pusch_snr: 26.9,
          epre: -90.6,
          ul_phr: -9,
          ul_path_loss: 76.8,
          p_ue: 19,
          dl_mcs: 23,
          ul_mcs: 19.8,
          ul_n_layer: 1,
          turbo_decoder_min: 1,
          turbo_decoder_avg: 2.116,
          turbo_decoder_max: 5,
          cqi: 14,
          ri: 2,
          ul_rank: 1,
          initial_ta: 1
        }
      ]
    }
  ],
  time: 87.587,
  utc: 1744857456.422
}

