{
  message: ready,
  type: ENB,
  name: ENB,
  version: 2023-06-10,
  time: 169.719,
  utc: 1744077639.663
}
{
  message: ue_get,
  ue_list: [
    {
      ran_ue_id: 6,
      amf_ue_id: 105,
      qos_flow_list: [
        {
          pdu_session_id: 2,
          dl_total_bytes: 16737,
          ul_total_bytes: 7830,
          sst: 1
        }
      ],
      rnti: 17926,
      cells: [
        {
          cell_id: 1,
          dl_bitrate: 477,
          ul_bitrate: 0,
          dl_tx: 2,
          ul_tx: 0,
          dl_err: 0,
          ul_err: 0,
          dl_retx: 0,
          ul_retx: 0,
          pusch_snr: 9.7,
          epre: -112,
          ul_phr: -25,
          ul_path_loss: 105.9,
          p_ue: 8,
          dl_mcs: 8,
          cqi: 7,
          ri: 1,
          ul_rank: 1,
          initial_ta: 1
        }
      ]
    },
    {
      ran_ue_id: 3,
      amf_ue_id: 102,
      qos_flow_list: [
        {
          pdu_session_id: 1,
          dl_total_bytes: 14865,
          ul_total_bytes: 8545,
          sst: 1
        },
        {
          pdu_session_id: 2,
          dl_total_bytes: 311904,
          ul_total_bytes: 913354009,
          sst: 1
        }
      ],
      rnti: 17923,
      cells: [
        {
          cell_id: 1,
          dl_bitrate: 74776,
          ul_bitrate: 82344313,
          dl_tx: 93,
          ul_tx: 1545,
          dl_err: 0,
          ul_err: 0,
          dl_retx: 6,
          ul_retx: 17,
          pusch_snr: 9.6,
          epre: -111.2,
          ul_phr: -13,
          ul_path_loss: 98.4,
          p_ue: 23,
          dl_mcs: 11.1,
          ul_mcs: 8.9,
          ul_n_layer: 1,
          turbo_decoder_min: 1,
          turbo_decoder_avg: 3.359,
          turbo_decoder_max: 5,
          cqi: 9,
          ri: 2,
          ul_rank: 1,
          initial_ta: 1
        }
      ]
    }
  ],
  time: 169.721,
  utc: 1744077639.673
}

