{
  message: ready,
  type: ENB,
  name: ENB,
  version: 2023-06-10,
  time: 906.104,
  utc: 1744057647.4
}
{
  message: ue_get,
  ue_list: [
    {
      ran_ue_id: 68,
      amf_ue_id: 120,
      qos_flow_list: [],
      rnti: 17988,
      cells: [
        {
          cell_id: 1,
          dl_bitrate: 0,
          ul_bitrate: 0,
          dl_tx: 0,
          ul_tx: 0,
          dl_err: 2,
          ul_err: 0,
          dl_retx: 10,
          ul_retx: 0,
          pusch_snr: 13.3,
          epre: -107.7,
          ul_phr: -8,
          ul_path_loss: 118.2,
          p_ue: 24,
          dl_mcs: 12,
          cqi: 9,
          ri: 1,
          ul_rank: 1,
          initial_ta: 1
        }
      ]
    },
    {
      ran_ue_id: 51,
      amf_ue_id: 104,
      qos_flow_list: [
        {
          pdu_session_id: 1,
          dl_total_bytes: 14855,
          ul_total_bytes: 8543,
          sst: 1
        },
        {
          pdu_session_id: 2,
          dl_total_bytes: 1598397,
          ul_total_bytes: 12932083228,
          sst: 1
        }
      ],
      rnti: 17971,
      cells: [
        {
          cell_id: 1,
          dl_bitrate: 167078,
          ul_bitrate: 112059092,
          dl_tx: 112,
          ul_tx: 1067,
          dl_err: 0,
          ul_err: 0,
          dl_retx: 0,
          ul_retx: 9,
          pusch_snr: 21.6,
          epre: -99.3,
          ul_phr: 15,
          ul_path_loss: 68.2,
          p_ue: 4,
          dl_mcs: 28,
          ul_mcs: 20.8,
          ul_n_layer: 1,
          turbo_decoder_min: 1,
          turbo_decoder_avg: 3.123,
          turbo_decoder_max: 5,
          cqi: 15,
          ri: 2,
          ul_rank: 1,
          initial_ta: 1
        }
      ]
    }
  ],
  time: 906.105,
  utc: 1744057647.41
}

