{
  message: ready,
  type: ENB,
  name: ENB,
  version: 2023-06-10,
  time: 2264.507,
  utc: 1744088486.85
}
{
  message: ue_get,
  ue_list: [
    {
      ran_ue_id: 3,
      amf_ue_id: 102,
      qos_flow_list: [
        {
          pdu_session_id: 1,
          dl_total_bytes: 15233,
          ul_total_bytes: 8949,
          sst: 1
        },
        {
          pdu_session_id: 2,
          dl_total_bytes: 7037741,
          ul_total_bytes: 35971777808,
          sst: 1
        }
      ],
      rnti: 17923,
      cells: [
        {
          cell_id: 1,
          dl_bitrate: 109887,
          ul_bitrate: 132848398,
          dl_tx: 80,
          ul_tx: 1194,
          dl_err: 0,
          ul_err: 0,
          dl_retx: 15,
          ul_retx: 2,
          pusch_snr: 19,
          epre: -101.7,
          ul_phr: -9,
          ul_path_loss: 88,
          p_ue: 22,
          dl_mcs: 21,
          ul_mcs: 18,
          ul_n_layer: 1,
          turbo_decoder_min: 0,
          turbo_decoder_avg: 2.942,
          turbo_decoder_max: 5,
          cqi: 14,
          ri: 2,
          ul_rank: 1,
          initial_ta: 1
        }
      ]
    }
  ],
  time: 2264.51,
  utc: 1744088486.861
}

