{
  message: ready,
  type: ENB,
  name: ENB,
  version: 2023-06-10,
  time: 957.291,
  utc: 1744095855.473
}
{
  message: ue_get,
  ue_list: [
    {
      ran_ue_id: 3,
      amf_ue_id: 102,
      qos_flow_list: [
        {
          pdu_session_id: 1,
          dl_total_bytes: 15101,
          ul_total_bytes: 8802,
          sst: 1
        },
        {
          pdu_session_id: 2,
          dl_total_bytes: 1665882,
          ul_total_bytes: 12051727063,
          sst: 1
        }
      ],
      rnti: 17923,
      cells: [
        {
          cell_id: 1,
          dl_bitrate: 107146,
          ul_bitrate: 115427676,
          dl_tx: 69,
          ul_tx: 908,
          dl_err: 0,
          ul_err: 0,
          dl_retx: 7,
          ul_retx: 14,
          pusch_snr: 25.7,
          epre: -93.9,
          ul_phr: 1,
          ul_path_loss: 78.5,
          p_ue: 18,
          dl_mcs: 23,
          ul_mcs: 21.2,
          ul_n_layer: 1,
          turbo_decoder_min: 0,
          turbo_decoder_avg: 2.14,
          turbo_decoder_max: 5,
          cqi: 15,
          ri: 2,
          ul_rank: 1,
          initial_ta: 1
        }
      ]
    }
  ],
  time: 957.293,
  utc: 1744095855.483
}

