{
  message: ready,
  type: ENB,
  name: ENB,
  version: 2023-06-10,
  time: 953.092,
  utc: 1744095851.274
}
{
  message: ue_get,
  ue_list: [
    {
      ran_ue_id: 3,
      amf_ue_id: 102,
      qos_flow_list: [
        {
          pdu_session_id: 1,
          dl_total_bytes: 15101,
          ul_total_bytes: 8802,
          sst: 1
        },
        {
          pdu_session_id: 2,
          dl_total_bytes: 1659102,
          ul_total_bytes: 11988571729,
          sst: 1
        }
      ],
      rnti: 17923,
      cells: [
        {
          cell_id: 1,
          dl_bitrate: 93606,
          ul_bitrate: 86438465,
          dl_tx: 57,
          ul_tx: 677,
          dl_err: 0,
          ul_err: 0,
          dl_retx: 17,
          ul_retx: 13,
          pusch_snr: 24.2,
          epre: -96.2,
          ul_phr: 22,
          ul_path_loss: 78.6,
          p_ue: -3,
          dl_mcs: 23,
          ul_mcs: 21.1,
          ul_n_layer: 1,
          turbo_decoder_min: 1,
          turbo_decoder_avg: 2.153,
          turbo_decoder_max: 5,
          cqi: 15,
          ri: 2,
          ul_rank: 1,
          initial_ta: 1
        }
      ]
    }
  ],
  time: 953.094,
  utc: 1744095851.285
}

