{
  message: ready,
  type: ENB,
  name: ENB,
  version: 2023-06-10,
  time: 2076.66,
  utc: 1744846088.627
}
{
  message: ue_get,
  ue_list: [
    {
      ran_ue_id: 3,
      amf_ue_id: 102,
      qos_flow_list: [
        {
          pdu_session_id: 1,
          dl_total_bytes: 7778,
          ul_total_bytes: 7634,
          sst: 1
        },
        {
          pdu_session_id: 2,
          dl_total_bytes: 3414846,
          ul_total_bytes: 23031844193,
          sst: 1
        }
      ],
      rnti: 17923,
      cells: [
        {
          cell_id: 1,
          dl_bitrate: 145591,
          ul_bitrate: 93028616,
          dl_tx: 99,
          ul_tx: 982,
          dl_err: 0,
          ul_err: 0,
          dl_retx: 0,
          ul_retx: 0,
          pusch_snr: 31.2,
          epre: -84.4,
          ul_phr: -8,
          ul_path_loss: 76.9,
          p_ue: 22,
          dl_mcs: 27.5,
          ul_mcs: 19.3,
          ul_n_layer: 1,
          turbo_decoder_min: 1,
          turbo_decoder_avg: 1.993,
          turbo_decoder_max: 3,
          cqi: 15,
          ri: 2,
          ul_rank: 1,
          initial_ta: 1
        }
      ]
    }
  ],
  time: 2076.661,
  utc: 1744846088.638
}

