{
  message: ready,
  type: ENB,
  name: ENB,
  version: 2023-06-10,
  time: 252.465,
  utc: 1744857621.291
}
{
  message: ue_get,
  ue_list: [
    {
      ran_ue_id: 4,
      amf_ue_id: 103,
      qos_flow_list: [
        {
          pdu_session_id: 1,
          dl_total_bytes: 7410,
          ul_total_bytes: 7252,
          sst: 1
        },
        {
          pdu_session_id: 2,
          dl_total_bytes: 159768,
          ul_total_bytes: 2115261338,
          sst: 1
        }
      ],
      rnti: 17924,
      cells: [
        {
          cell_id: 1,
          dl_bitrate: 112551,
          ul_bitrate: 102742153,
          dl_tx: 76,
          ul_tx: 1038,
          dl_err: 0,
          ul_err: 0,
          dl_retx: 1,
          ul_retx: 0,
          pusch_snr: 27.6,
          epre: -90.9,
          ul_phr: -10,
          ul_path_loss: 76.9,
          p_ue: 22,
          dl_mcs: 22.4,
          ul_mcs: 17,
          ul_n_layer: 1,
          turbo_decoder_min: 1,
          turbo_decoder_avg: 1.707,
          turbo_decoder_max: 5,
          cqi: 14,
          ri: 2,
          ul_rank: 1,
          initial_ta: 1
        }
      ]
    }
  ],
  time: 252.466,
  utc: 1744857621.302
}

