{
  message: ready,
  type: ENB,
  name: ENB,
  version: 2023-06-10,
  time: 2778.55,
  utc: 1744184626.432
}
{
  message: ue_get,
  ue_list: [
    {
      ran_ue_id: 48,
      amf_ue_id: 147,
      qos_flow_list: [
        {
          pdu_session_id: 2,
          dl_total_bytes: 40,
          ul_total_bytes: 61,
          sst: 1
        }
      ],
      rnti: 17968,
      cells: [
        {
          cell_id: 1,
          dl_bitrate: 2464,
          ul_bitrate: 0,
          dl_tx: 2,
          ul_tx: 0,
          dl_err: 0,
          ul_err: 0,
          dl_retx: 1,
          ul_retx: 0,
          pusch_snr: 35,
          epre: -86.6,
          ul_phr: -15,
          ul_path_loss: 90.9,
          p_ue: 8,
          dl_mcs: 21,
          cqi: 14,
          ri: 2,
          ul_rank: 1,
          initial_ta: 0
        }
      ]
    },
    {
      ran_ue_id: 3,
      amf_ue_id: 102,
      qos_flow_list: [
        {
          pdu_session_id: 1,
          dl_total_bytes: 15385,
          ul_total_bytes: 9105,
          sst: 1
        },
        {
          pdu_session_id: 2,
          dl_total_bytes: 10412266,
          ul_total_bytes: 56869179829,
          sst: 1
        }
      ],
      rnti: 17923,
      cells: [
        {
          cell_id: 1,
          dl_bitrate: 215084,
          ul_bitrate: 178178870,
          dl_tx: 96,
          ul_tx: 1447,
          dl_err: 0,
          ul_err: 0,
          dl_retx: 2,
          ul_retx: 28,
          pusch_snr: 23.8,
          epre: -96.6,
          ul_phr: 11,
          ul_path_loss: 68.5,
          p_ue: 8,
          dl_mcs: 25,
          ul_mcs: 21,
          ul_n_layer: 1,
          turbo_decoder_min: 1,
          turbo_decoder_avg: 2.186,
          turbo_decoder_max: 5,
          cqi: 15,
          ri: 2,
          ul_rank: 1,
          initial_ta: 1
        }
      ]
    }
  ],
  time: 2778.552,
  utc: 1744184626.443
}

