{
  message: ready,
  type: ENB,
  name: ENB,
  version: 2023-06-10,
  time: 4299.248,
  utc: 1744843351.826
}
{
  message: ue_get,
  ue_list: [
    {
      ran_ue_id: 2,
      amf_ue_id: 101,
      qos_flow_list: [
        {
          pdu_session_id: 1,
          dl_total_bytes: 13029,
          ul_total_bytes: 11582,
          sst: 1
        },
        {
          pdu_session_id: 2,
          dl_total_bytes: 5158377,
          ul_total_bytes: 1667537099,
          sst: 1
        }
      ],
      rnti: 17922,
      cells: [
        {
          cell_id: 1,
          dl_bitrate: 19314,
          ul_bitrate: 3108424,
          dl_tx: 23,
          ul_tx: 1033,
          dl_err: 0,
          ul_err: 0,
          dl_retx: 0,
          ul_retx: 12,
          pusch_snr: 12.1,
          epre: -109.2,
          ul_phr: -26,
          ul_path_loss: 105.7,
          p_ue: 23,
          dl_mcs: 18,
          ul_mcs: 4,
          ul_n_layer: 1,
          turbo_decoder_min: 1,
          turbo_decoder_avg: 1.662,
          turbo_decoder_max: 5,
          cqi: 12,
          ri: 2,
          ul_rank: 1,
          initial_ta: 1
        }
      ]
    }
  ],
  time: 4299.25,
  utc: 1744843351.837
}

