{
  message: ready,
  type: ENB,
  name: ENB,
  version: 2023-06-10,
  time: 1938.525,
  utc: 1744070394.06
}
{
  message: ue_get,
  ue_list: [
    {
      ran_ue_id: 4,
      amf_ue_id: 103,
      qos_flow_list: [
        {
          pdu_session_id: 1,
          dl_total_bytes: 15305,
          ul_total_bytes: 9750,
          sst: 1
        },
        {
          pdu_session_id: 2,
          dl_total_bytes: 4854877,
          ul_total_bytes: 25716871126,
          sst: 1
        }
      ],
      rnti: 17924,
      cells: [
        {
          cell_id: 1,
          dl_bitrate: 138187,
          ul_bitrate: 105731299,
          dl_tx: 69,
          ul_tx: 891,
          dl_err: 0,
          ul_err: 0,
          dl_retx: 1,
          ul_retx: 21,
          pusch_snr: 21.3,
          epre: -99.4,
          ul_phr: 32,
          ul_path_loss: 68.2,
          p_ue: -13,
          dl_mcs: 25,
          ul_mcs: 20.2,
          ul_n_layer: 1,
          turbo_decoder_min: 1,
          turbo_decoder_avg: 3.052,
          turbo_decoder_max: 5,
          cqi: 14,
          ri: 2,
          ul_rank: 1,
          initial_ta: 1
        }
      ]
    }
  ],
  time: 1938.527,
  utc: 1744070394.071
}

