{
  message: ready,
  type: ENB,
  name: ENB,
  version: 2023-06-10,
  time: 950.125,
  utc: 1744057691.421
}
{
  message: ue_get,
  ue_list: [
    {
      ran_ue_id: 69,
      amf_ue_id: 121,
      qos_flow_list: [
        {
          pdu_session_id: 1,
          dl_total_bytes: 184,
          ul_total_bytes: 202,
          sst: 1
        }
      ],
      rnti: 17989,
      cells: [
        {
          cell_id: 1,
          dl_bitrate: 2453,
          ul_bitrate: 0,
          dl_tx: 2,
          ul_tx: 0,
          dl_err: 0,
          ul_err: 0,
          dl_retx: 1,
          ul_retx: 0,
          pusch_snr: 25.9,
          epre: -91.6,
          ul_phr: 5,
          ul_path_loss: 94.6,
          p_ue: 3,
          dl_mcs: 24,
          cqi: 15,
          ri: 2,
          ul_rank: 1,
          initial_ta: 1
        }
      ]
    },
    {
      ran_ue_id: 51,
      amf_ue_id: 104,
      qos_flow_list: [
        {
          pdu_session_id: 1,
          dl_total_bytes: 15039,
          ul_total_bytes: 8745,
          sst: 1
        },
        {
          pdu_session_id: 2,
          dl_total_bytes: 1675233,
          ul_total_bytes: 13568136452,
          sst: 1
        }
      ],
      rnti: 17971,
      cells: [
        {
          cell_id: 1,
          dl_bitrate: 174550,
          ul_bitrate: 122456869,
          dl_tx: 117,
          ul_tx: 1063,
          dl_err: 0,
          ul_err: 0,
          dl_retx: 1,
          ul_retx: 12,
          pusch_snr: 24,
          epre: -96.6,
          ul_phr: 12,
          ul_path_loss: 68.2,
          p_ue: 7,
          dl_mcs: 28,
          ul_mcs: 22.4,
          ul_n_layer: 1,
          turbo_decoder_min: 1,
          turbo_decoder_avg: 2.734,
          turbo_decoder_max: 5,
          cqi: 15,
          ri: 2,
          ul_rank: 1,
          initial_ta: 1
        }
      ]
    }
  ],
  time: 950.127,
  utc: 1744057691.432
}

