{
  message: ready,
  type: ENB,
  name: ENB,
  version: 2023-06-10,
  time: 287.812,
  utc: 1744054046.269
}
{
  message: ue_get,
  ue_list: [
    {
      ran_ue_id: 3,
      amf_ue_id: 102,
      qos_flow_list: [
        {
          pdu_session_id: 1,
          dl_total_bytes: 14865,
          ul_total_bytes: 8545,
          sst: 1
        },
        {
          pdu_session_id: 2,
          dl_total_bytes: 521852,
          ul_total_bytes: 1288970739,
          sst: 1
        }
      ],
      rnti: 17923,
      cells: [
        {
          cell_id: 1,
          dl_bitrate: 107026,
          ul_bitrate: 50081402,
          dl_tx: 103,
          ul_tx: 1032,
          dl_err: 0,
          ul_err: 0,
          dl_retx: 11,
          ul_retx: 11,
          pusch_snr: 9.7,
          epre: -111.2,
          ul_phr: -14,
          ul_path_loss: 98.2,
          p_ue: 23,
          dl_mcs: 20,
          ul_mcs: 9.3,
          ul_n_layer: 1,
          turbo_decoder_min: 1,
          turbo_decoder_avg: 3.503,
          turbo_decoder_max: 5,
          cqi: 13,
          ri: 2,
          ul_rank: 1,
          initial_ta: 1
        }
      ]
    }
  ],
  time: 287.814,
  utc: 1744054046.279
}

