{
  message: ready,
  type: ENB,
  name: ENB,
  version: 2023-06-10,
  time: 1413.25,
  utc: 1744197670.101
}
{
  message: ue_get,
  ue_list: [
    {
      ran_ue_id: 3,
      amf_ue_id: 102,
      qos_flow_list: [
        {
          pdu_session_id: 1,
          dl_total_bytes: 15050,
          ul_total_bytes: 8748,
          sst: 1
        },
        {
          pdu_session_id: 2,
          dl_total_bytes: 3160711,
          ul_total_bytes: 29212038714,
          sst: 1
        }
      ],
      rnti: 17923,
      cells: [
        {
          cell_id: 1,
          dl_bitrate: 168831,
          ul_bitrate: 175864735,
          dl_tx: 99,
          ul_tx: 1431,
          dl_err: 0,
          ul_err: 0,
          dl_retx: 2,
          ul_retx: 26,
          pusch_snr: 21.2,
          epre: -99.4,
          ul_phr: 4,
          ul_path_loss: 77.7,
          p_ue: 15,
          dl_mcs: 23,
          ul_mcs: 21,
          ul_n_layer: 1,
          turbo_decoder_min: 0,
          turbo_decoder_avg: 3.115,
          turbo_decoder_max: 5,
          cqi: 15,
          ri: 2,
          ul_rank: 1,
          initial_ta: 0
        }
      ]
    }
  ],
  time: 1413.252,
  utc: 1744197670.112
}

