{
  message: ready,
  type: ENB,
  name: ENB,
  version: 2023-06-10,
  time: 2087.828,
  utc: 1744192538.41
}
{
  message: ue_get,
  ue_list: [
    {
      ran_ue_id: 3,
      amf_ue_id: 102,
      qos_flow_list: [
        {
          pdu_session_id: 1,
          dl_total_bytes: 15234,
          ul_total_bytes: 8950,
          sst: 1
        },
        {
          pdu_session_id: 2,
          dl_total_bytes: 5646883,
          ul_total_bytes: 18793741639,
          sst: 1
        }
      ],
      rnti: 17923,
      cells: [
        {
          cell_id: 1,
          dl_bitrate: 88052,
          ul_bitrate: 53090352,
          dl_tx: 92,
          ul_tx: 1556,
          dl_err: 0,
          ul_err: 0,
          dl_retx: 10,
          ul_retx: 0,
          pusch_snr: 9.7,
          epre: -111.1,
          ul_phr: -25,
          ul_path_loss: 98.4,
          p_ue: 23,
          dl_mcs: 13.5,
          ul_mcs: 5,
          ul_n_layer: 1,
          turbo_decoder_min: 1,
          turbo_decoder_avg: 2.015,
          turbo_decoder_max: 3,
          cqi: 10,
          ri: 2,
          ul_rank: 1,
          initial_ta: 2
        }
      ]
    }
  ],
  time: 2087.83,
  utc: 1744192538.42
}

