{
  message: ready,
  type: ENB,
  name: ENB,
  version: 2023-06-10,
  time: 1252.353,
  utc: 1744081632.896
}
{
  message: ue_get,
  ue_list: [
    {
      ran_ue_id: 4,
      amf_ue_id: 103,
      qos_flow_list: [
        {
          pdu_session_id: 1,
          dl_total_bytes: 15041,
          ul_total_bytes: 8741,
          sst: 1
        },
        {
          pdu_session_id: 2,
          dl_total_bytes: 2586651,
          ul_total_bytes: 15587301354,
          sst: 1
        }
      ],
      rnti: 17924,
      cells: [
        {
          cell_id: 1,
          dl_bitrate: 130572,
          ul_bitrate: 96651657,
          dl_tx: 67,
          ul_tx: 816,
          dl_err: 0,
          ul_err: 0,
          dl_retx: 1,
          ul_retx: 0,
          pusch_snr: 24.4,
          epre: -95.7,
          ul_phr: 30,
          ul_path_loss: 68.7,
          p_ue: -11,
          dl_mcs: 24.8,
          ul_mcs: 19.8,
          ul_n_layer: 1,
          turbo_decoder_min: 1,
          turbo_decoder_avg: 2.377,
          turbo_decoder_max: 5,
          cqi: 15,
          ri: 2,
          ul_rank: 1,
          initial_ta: 1
        }
      ]
    }
  ],
  time: 1252.355,
  utc: 1744081632.907
}

