{
  message: ready,
  type: ENB,
  name: ENB,
  version: 2023-06-10,
  time: 1223.882,
  utc: 1744188784.024
}
{
  message: ue_get,
  ue_list: [
    {
      ran_ue_id: 4,
      amf_ue_id: 103,
      qos_flow_list: [
        {
          pdu_session_id: 1,
          dl_total_bytes: 15050,
          ul_total_bytes: 8742,
          sst: 1
        },
        {
          pdu_session_id: 2,
          dl_total_bytes: 2506496,
          ul_total_bytes: 24361482362,
          sst: 1
        }
      ],
      rnti: 17924,
      cells: [
        {
          cell_id: 1,
          dl_bitrate: 128505,
          ul_bitrate: 172941152,
          dl_tx: 94,
          ul_tx: 1577,
          dl_err: 0,
          ul_err: 0,
          dl_retx: 30,
          ul_retx: 21,
          pusch_snr: 19.3,
          epre: -101.5,
          ul_phr: -7,
          ul_path_loss: 87.7,
          p_ue: 22,
          dl_mcs: 21.2,
          ul_mcs: 18,
          ul_n_layer: 1,
          turbo_decoder_min: 1,
          turbo_decoder_avg: 3.04,
          turbo_decoder_max: 5,
          cqi: 14,
          ri: 2,
          ul_rank: 1,
          initial_ta: 1
        }
      ]
    }
  ],
  time: 1223.884,
  utc: 1744188784.035
}

