{
  message: ready,
  type: ENB,
  name: ENB,
  version: 2023-06-10,
  time: 1878.693,
  utc: 1744093880.045
}
{
  message: ue_get,
  ue_list: [
    {
      ran_ue_id: 3,
      amf_ue_id: 102,
      qos_flow_list: [
        {
          pdu_session_id: 1,
          dl_total_bytes: 15141,
          ul_total_bytes: 8848,
          sst: 1
        },
        {
          pdu_session_id: 2,
          dl_total_bytes: 4656384,
          ul_total_bytes: 24427289555,
          sst: 1
        }
      ],
      rnti: 17923,
      cells: [
        {
          cell_id: 1,
          dl_bitrate: 135694,
          ul_bitrate: 110832625,
          dl_tx: 74,
          ul_tx: 868,
          dl_err: 0,
          ul_err: 0,
          dl_retx: 0,
          ul_retx: 6,
          pusch_snr: 21.9,
          epre: -98.4,
          ul_phr: 30,
          ul_path_loss: 67.6,
          p_ue: -11,
          dl_mcs: 24,
          ul_mcs: 21.5,
          ul_n_layer: 1,
          turbo_decoder_min: 1,
          turbo_decoder_avg: 2.244,
          turbo_decoder_max: 5,
          cqi: 15,
          ri: 2,
          ul_rank: 1,
          initial_ta: 0
        }
      ]
    }
  ],
  time: 1878.694,
  utc: 1744093880.055
}

