{
  message: ready,
  type: ENB,
  name: ENB,
  version: 2023-06-10,
  time: 97.94,
  utc: 1744092099.293
}
{
  message: ue_get,
  ue_list: [
    {
      ran_ue_id: 3,
      amf_ue_id: 102,
      qos_flow_list: [
        {
          pdu_session_id: 1,
          dl_total_bytes: 9465,
          ul_total_bytes: 7459,
          sst: 1
        },
        {
          pdu_session_id: 2,
          dl_total_bytes: 187972,
          ul_total_bytes: 448069521,
          sst: 1
        }
      ],
      rnti: 17923,
      cells: [
        {
          cell_id: 1,
          dl_bitrate: 101152,
          ul_bitrate: 115365381,
          dl_tx: 67,
          ul_tx: 946,
          dl_err: 0,
          ul_err: 0,
          dl_retx: 2,
          ul_retx: 5,
          pusch_snr: 21.3,
          epre: -99.5,
          ul_phr: 14,
          ul_path_loss: 68.6,
          p_ue: 5,
          dl_mcs: 23,
          ul_mcs: 20,
          ul_n_layer: 1,
          turbo_decoder_min: 1,
          turbo_decoder_avg: 3.28,
          turbo_decoder_max: 5,
          cqi: 15,
          ri: 2,
          ul_rank: 1,
          initial_ta: 0
        }
      ]
    }
  ],
  time: 97.942,
  utc: 1744092099.303
}

