{
  message: ready,
  type: ENB,
  name: ENB,
  version: 2023-06-10,
  time: 973.697,
  utc: 1743867213.904
}
{
  message: ue_get,
  ue_list: [
    {
      ran_ue_id: 5,
      amf_ue_id: 103,
      qos_flow_list: [
        {
          pdu_session_id: 1,
          dl_total_bytes: 15050,
          ul_total_bytes: 8742,
          sst: 1
        },
        {
          pdu_session_id: 2,
          dl_total_bytes: 1392198,
          ul_total_bytes: 20156582384,
          sst: 1
        }
      ],
      rnti: 17925,
      cells: [
        {
          cell_id: 1,
          dl_bitrate: 172108,
          ul_bitrate: 160417148,
          dl_tx: 92,
          ul_tx: 1273,
          dl_err: 0,
          ul_err: 0,
          dl_retx: 2,
          ul_retx: 16,
          pusch_snr: 21.8,
          epre: -98.8,
          ul_phr: 13,
          ul_path_loss: 68.6,
          p_ue: 6,
          dl_mcs: 24.8,
          ul_mcs: 21.2,
          ul_n_layer: 1,
          turbo_decoder_min: 1,
          turbo_decoder_avg: 2.933,
          turbo_decoder_max: 5,
          cqi: 15,
          ri: 2,
          ul_rank: 1,
          initial_ta: 1
        }
      ]
    }
  ],
  time: 973.699,
  utc: 1743867213.915
}

