{
  message: ready,
  type: ENB,
  name: ENB,
  version: 2023-06-10,
  time: 872.421,
  utc: 1744063350.726
}
{
  message: ue_get,
  ue_list: [
    {
      ran_ue_id: 5,
      amf_ue_id: 104,
      qos_flow_list: [
        {
          pdu_session_id: 1,
          dl_total_bytes: 9465,
          ul_total_bytes: 7437,
          sst: 1
        },
        {
          pdu_session_id: 2,
          dl_total_bytes: 1427581,
          ul_total_bytes: 8731652018,
          sst: 1
        }
      ],
      rnti: 17925,
      cells: [
        {
          cell_id: 1,
          dl_bitrate: 79738,
          ul_bitrate: 86032298,
          dl_tx: 109,
          ul_tx: 1071,
          dl_err: 0,
          ul_err: 0,
          dl_retx: 32,
          ul_retx: 0,
          pusch_snr: 18.5,
          epre: -101.7,
          ul_phr: -11,
          ul_path_loss: 87.9,
          p_ue: 22,
          dl_mcs: 15.4,
          ul_mcs: 16,
          ul_n_layer: 1,
          turbo_decoder_min: 1,
          turbo_decoder_avg: 2.096,
          turbo_decoder_max: 4,
          cqi: 11,
          ri: 2,
          ul_rank: 1,
          initial_ta: 1
        }
      ]
    }
  ],
  time: 872.423,
  utc: 1744063350.737
}

