{
  message: ready,
  type: ENB,
  name: ENB,
  version: 2023-06-10,
  time: 1576.401,
  utc: 1744845588.369
}
{
  message: ue_get,
  ue_list: [
    {
      ran_ue_id: 18,
      amf_ue_id: 117,
      qos_flow_list: [],
      rnti: 17938,
      cells: [
        {
          cell_id: 1,
          dl_bitrate: 0,
          ul_bitrate: 0,
          dl_tx: 0,
          ul_tx: 0,
          dl_err: 2,
          ul_err: 0,
          dl_retx: 10,
          ul_retx: 0,
          pusch_snr: 10.1,
          epre: -111.4,
          ul_phr: -17,
          ul_path_loss: 116.8,
          p_ue: 24,
          dl_mcs: 7.5,
          cqi: 6,
          ri: 1,
          ul_rank: 1,
          initial_ta: 1
        }
      ]
    },
    {
      ran_ue_id: 3,
      amf_ue_id: 102,
      qos_flow_list: [
        {
          pdu_session_id: 1,
          dl_total_bytes: 7594,
          ul_total_bytes: 7432,
          sst: 1
        },
        {
          pdu_session_id: 2,
          dl_total_bytes: 1848047,
          ul_total_bytes: 17358649978,
          sst: 1
        }
      ],
      rnti: 17923,
      cells: [
        {
          cell_id: 1,
          dl_bitrate: 176390,
          ul_bitrate: 92694730,
          dl_tx: 100,
          ul_tx: 976,
          dl_err: 0,
          ul_err: 0,
          dl_retx: 0,
          ul_retx: 0,
          pusch_snr: 25.8,
          epre: -93.8,
          ul_phr: -6,
          ul_path_loss: 77,
          p_ue: 22,
          dl_mcs: 28,
          ul_mcs: 18.9,
          ul_n_layer: 1,
          turbo_decoder_min: 0,
          turbo_decoder_avg: 2.068,
          turbo_decoder_max: 4,
          cqi: 15,
          ri: 2,
          ul_rank: 1,
          initial_ta: 1
        }
      ]
    }
  ],
  time: 1576.403,
  utc: 1744845588.379
}

