{
  message: ready,
  type: ENB,
  name: ENB,
  version: 2023-06-10,
  time: 2550.936,
  utc: 1744859919.762
}
{
  message: ue_get,
  ue_list: [
    {
      ran_ue_id: 4,
      amf_ue_id: 103,
      qos_flow_list: [
        {
          pdu_session_id: 1,
          dl_total_bytes: 7778,
          ul_total_bytes: 7656,
          sst: 1
        },
        {
          pdu_session_id: 2,
          dl_total_bytes: 5998357,
          ul_total_bytes: 28538236659,
          sst: 1
        }
      ],
      rnti: 17924,
      cells: [
        {
          cell_id: 1,
          dl_bitrate: 161056,
          ul_bitrate: 105552558,
          dl_tx: 70,
          ul_tx: 967,
          dl_err: 0,
          ul_err: 0,
          dl_retx: 2,
          ul_retx: 4,
          pusch_snr: 28.2,
          epre: -85.9,
          ul_phr: -10,
          ul_path_loss: 77.1,
          p_ue: 19,
          dl_mcs: 22.8,
          ul_mcs: 18.7,
          ul_n_layer: 1,
          turbo_decoder_min: 1,
          turbo_decoder_avg: 1.912,
          turbo_decoder_max: 5,
          cqi: 14,
          ri: 2,
          ul_rank: 1,
          initial_ta: 1
        }
      ]
    }
  ],
  time: 2550.938,
  utc: 1744859919.773
}

