{
  message: ready,
  type: ENB,
  name: ENB,
  version: 2023-06-10,
  time: 1217.013,
  utc: 1744069672.547
}
{
  message: ue_get,
  ue_list: [
    {
      ran_ue_id: 34,
      amf_ue_id: 125,
      qos_flow_list: [
        {
          pdu_session_id: 2,
          dl_total_bytes: 17338,
          ul_total_bytes: 5844,
          sst: 1
        }
      ],
      rnti: 17954,
      cells: [
        {
          cell_id: 1,
          dl_bitrate: 151,
          ul_bitrate: 53,
          dl_tx: 35,
          ul_tx: 30,
          dl_err: 0,
          ul_err: 0,
          dl_retx: 0,
          ul_retx: 5,
          pusch_snr: 21,
          epre: -98.7,
          ul_phr: 6,
          ul_path_loss: 82,
          p_ue: 2,
          dl_mcs: 22.9,
          ul_mcs: 19,
          ul_n_layer: 1,
          turbo_decoder_min: 0,
          turbo_decoder_avg: 2.378,
          turbo_decoder_max: 5,
          cqi: 11,
          ri: 2,
          ul_rank: 1,
          initial_ta: 1
        }
      ]
    },
    {
      ran_ue_id: 4,
      amf_ue_id: 103,
      qos_flow_list: [
        {
          pdu_session_id: 1,
          dl_total_bytes: 15121,
          ul_total_bytes: 9548,
          sst: 1
        },
        {
          pdu_session_id: 2,
          dl_total_bytes: 2467691,
          ul_total_bytes: 15831100680,
          sst: 1
        }
      ],
      rnti: 17924,
      cells: [
        {
          cell_id: 1,
          dl_bitrate: 136754,
          ul_bitrate: 126017531,
          dl_tx: 67,
          ul_tx: 790,
          dl_err: 0,
          ul_err: 0,
          dl_retx: 0,
          ul_retx: 6,
          pusch_snr: 28.4,
          epre: -90.3,
          ul_phr: 5,
          ul_path_loss: 68.6,
          p_ue: 14,
          dl_mcs: 25,
          ul_mcs: 25.8,
          ul_n_layer: 1,
          turbo_decoder_min: 1,
          turbo_decoder_avg: 2.253,
          turbo_decoder_max: 5,
          cqi: 14,
          ri: 2,
          ul_rank: 1,
          initial_ta: 1
        }
      ]
    }
  ],
  time: 1217.014,
  utc: 1744069672.558
}

