{
  message: ready,
  type: ENB,
  name: ENB,
  version: 2023-06-10,
  time: 2159.007,
  utc: 1744094160.359
}
{
  message: ue_get,
  ue_list: [
    {
      ran_ue_id: 3,
      amf_ue_id: 102,
      qos_flow_list: [
        {
          pdu_session_id: 1,
          dl_total_bytes: 15233,
          ul_total_bytes: 8949,
          sst: 1
        },
        {
          pdu_session_id: 2,
          dl_total_bytes: 6231686,
          ul_total_bytes: 28225019280,
          sst: 1
        }
      ],
      rnti: 17923,
      cells: [
        {
          cell_id: 1,
          dl_bitrate: 148657,
          ul_bitrate: 99281804,
          dl_tx: 61,
          ul_tx: 623,
          dl_err: 0,
          ul_err: 0,
          dl_retx: 0,
          ul_retx: 9,
          pusch_snr: 27.7,
          epre: -91.7,
          ul_phr: 6,
          ul_path_loss: 68.6,
          p_ue: 13,
          dl_mcs: 23.1,
          ul_mcs: 25.2,
          ul_n_layer: 1,
          turbo_decoder_min: 0,
          turbo_decoder_avg: 2.175,
          turbo_decoder_max: 5,
          cqi: 15,
          ri: 2,
          ul_rank: 1,
          initial_ta: 0
        }
      ]
    }
  ],
  time: 2159.009,
  utc: 1744094160.37
}

