{
  message: ready,
  type: ENB,
  name: ENB,
  version: 2023-06-10,
  time: 2714.211,
  utc: 1744083094.755
}
{
  message: ue_get,
  ue_list: [
    {
      ran_ue_id: 4,
      amf_ue_id: 103,
      qos_flow_list: [
        {
          pdu_session_id: 1,
          dl_total_bytes: 15225,
          ul_total_bytes: 8943,
          sst: 1
        },
        {
          pdu_session_id: 2,
          dl_total_bytes: 9665919,
          ul_total_bytes: 34643082750,
          sst: 1
        }
      ],
      rnti: 17924,
      cells: [
        {
          cell_id: 1,
          dl_bitrate: 142567,
          ul_bitrate: 155038076,
          dl_tx: 81,
          ul_tx: 1261,
          dl_err: 0,
          ul_err: 0,
          dl_retx: 1,
          ul_retx: 22,
          pusch_snr: 20.8,
          epre: -99.7,
          ul_phr: 14,
          ul_path_loss: 67.8,
          p_ue: 5,
          dl_mcs: 25.7,
          ul_mcs: 20,
          ul_n_layer: 1,
          turbo_decoder_min: 1,
          turbo_decoder_avg: 3.056,
          turbo_decoder_max: 5,
          cqi: 15,
          ri: 2,
          ul_rank: 1,
          initial_ta: 1
        }
      ]
    }
  ],
  time: 2714.213,
  utc: 1744083094.765
}

