{
  message: ready,
  type: ENB,
  name: ENB,
  version: 2023-06-10,
  time: 3893.406,
  utc: 1744842945.983
}
{
  message: ue_get,
  ue_list: [
    {
      ran_ue_id: 2,
      amf_ue_id: 101,
      qos_flow_list: [
        {
          pdu_session_id: 1,
          dl_total_bytes: 12845,
          ul_total_bytes: 11380,
          sst: 1
        },
        {
          pdu_session_id: 2,
          dl_total_bytes: 4179266,
          ul_total_bytes: 1483826519,
          sst: 1
        }
      ],
      rnti: 17922,
      cells: [
        {
          cell_id: 1,
          dl_bitrate: 48619,
          ul_bitrate: 3895785,
          dl_tx: 29,
          ul_tx: 1028,
          dl_err: 0,
          ul_err: 0,
          dl_retx: 0,
          ul_retx: 18,
          pusch_snr: 12.2,
          epre: -109.2,
          ul_phr: -30,
          ul_path_loss: 106.2,
          p_ue: 23,
          dl_mcs: 18,
          ul_mcs: 4,
          ul_n_layer: 1,
          turbo_decoder_min: 0,
          turbo_decoder_avg: 2.01,
          turbo_decoder_max: 5,
          cqi: 12,
          ri: 2,
          ul_rank: 1,
          initial_ta: 1
        }
      ]
    }
  ],
  time: 3893.408,
  utc: 1744842945.995
}

