{
  message: ready,
  type: ENB,
  name: ENB,
  version: 2023-06-10,
  time: 734.688,
  utc: 1744057475.984
}
{
  message: ue_get,
  ue_list: [
    {
      ran_ue_id: 51,
      amf_ue_id: 104,
      qos_flow_list: [
        {
          pdu_session_id: 1,
          dl_total_bytes: 14855,
          ul_total_bytes: 8543,
          sst: 1
        },
        {
          pdu_session_id: 2,
          dl_total_bytes: 1300079,
          ul_total_bytes: 10260730485,
          sst: 1
        }
      ],
      rnti: 17971,
      cells: [
        {
          cell_id: 1,
          dl_bitrate: 171501,
          ul_bitrate: 114558453,
          dl_tx: 115,
          ul_tx: 1065,
          dl_err: 0,
          ul_err: 0,
          dl_retx: 0,
          ul_retx: 10,
          pusch_snr: 22.9,
          epre: -97.5,
          ul_phr: 12,
          ul_path_loss: 69,
          p_ue: 7,
          dl_mcs: 27.9,
          ul_mcs: 21.2,
          ul_n_layer: 1,
          turbo_decoder_min: 1,
          turbo_decoder_avg: 2.683,
          turbo_decoder_max: 5,
          cqi: 15,
          ri: 2,
          ul_rank: 1,
          initial_ta: 1
        }
      ]
    }
  ],
  time: 734.69,
  utc: 1744057475.995
}

