{
  message: ready,
  type: ENB,
  name: ENB,
  version: 2023-06-10,
  time: 929.202,
  utc: 1744060537.528
}
{
  message: ue_get,
  ue_list: [
    {
      ran_ue_id: 25,
      amf_ue_id: 119,
      qos_flow_list: [
        {
          pdu_session_id: 2,
          dl_total_bytes: 0,
          ul_total_bytes: 122,
          sst: 1
        }
      ],
      rnti: 17945,
      cells: [
        {
          cell_id: 1,
          dl_bitrate: 4286,
          ul_bitrate: 1198,
          dl_tx: 4,
          ul_tx: 1,
          dl_err: 0,
          ul_err: 0,
          dl_retx: 4,
          ul_retx: 0,
          pusch_snr: 19.8,
          epre: -100.7,
          ul_phr: -5,
          ul_path_loss: 93.3,
          p_ue: 8,
          dl_mcs: 22.2,
          ul_mcs: 18,
          ul_n_layer: 1,
          turbo_decoder_min: 2,
          turbo_decoder_avg: 2,
          turbo_decoder_max: 2,
          cqi: 13,
          ri: 2,
          ul_rank: 1,
          initial_ta: 2
        }
      ]
    },
    {
      ran_ue_id: 3,
      amf_ue_id: 102,
      qos_flow_list: [
        {
          pdu_session_id: 1,
          dl_total_bytes: 14941,
          ul_total_bytes: 8640,
          sst: 1
        },
        {
          pdu_session_id: 2,
          dl_total_bytes: 1642103,
          ul_total_bytes: 13983704563,
          sst: 1
        }
      ],
      rnti: 17923,
      cells: [
        {
          cell_id: 1,
          dl_bitrate: 173157,
          ul_bitrate: 130910548,
          dl_tx: 116,
          ul_tx: 1065,
          dl_err: 0,
          ul_err: 0,
          dl_retx: 0,
          ul_retx: 9,
          pusch_snr: 25.4,
          epre: -95,
          ul_phr: -1,
          ul_path_loss: 78.1,
          p_ue: 19,
          dl_mcs: 27.9,
          ul_mcs: 23.6,
          ul_n_layer: 1,
          turbo_decoder_min: 1,
          turbo_decoder_avg: 2.531,
          turbo_decoder_max: 5,
          cqi: 15,
          ri: 2,
          ul_rank: 1,
          initial_ta: 1
        }
      ]
    }
  ],
  time: 929.204,
  utc: 1744060537.539
}

