{
  message: ready,
  type: ENB,
  name: ENB,
  version: 2023-06-10,
  time: 757.192,
  utc: 1743790944.317
}
{
  message: ue_get,
  ue_list: [
    {
      ran_ue_id: 68,
      amf_ue_id: 119,
      qos_flow_list: [
        {
          pdu_session_id: 1,
          dl_total_bytes: 0,
          ul_total_bytes: 0,
          sst: 1
        }
      ],
      rnti: 17988,
      cells: [
        {
          cell_id: 1,
          dl_bitrate: 9,
          ul_bitrate: 8,
          dl_tx: 8,
          ul_tx: 5,
          dl_err: 0,
          ul_err: 0,
          dl_retx: 0,
          ul_retx: 2,
          pusch_snr: 30.1,
          epre: -85.2,
          ul_phr: 14,
          ul_path_loss: 72.9,
          p_ue: 4,
          dl_mcs: 10.6,
          ul_mcs: 27,
          ul_n_layer: 1,
          turbo_decoder_min: 1,
          turbo_decoder_avg: 2.571,
          turbo_decoder_max: 5,
          cqi: 15,
          ri: 2,
          ul_rank: 1,
          initial_ta: 1
        }
      ]
    },
    {
      ran_ue_id: 51,
      amf_ue_id: 103,
      qos_flow_list: [
        {
          pdu_session_id: 1,
          dl_total_bytes: 14873,
          ul_total_bytes: 8545,
          sst: 1
        },
        {
          pdu_session_id: 2,
          dl_total_bytes: 1116643,
          ul_total_bytes: 11884166263,
          sst: 1
        }
      ],
      rnti: 17971,
      cells: [
        {
          cell_id: 1,
          dl_bitrate: 137153,
          ul_bitrate: 149396134,
          dl_tx: 110,
          ul_tx: 1052,
          dl_err: 0,
          ul_err: 0,
          dl_retx: 0,
          ul_retx: 12,
          pusch_snr: 30.8,
          epre: -85.1,
          ul_phr: 0,
          ul_path_loss: 68.1,
          p_ue: 19,
          dl_mcs: 24,
          ul_mcs: 27,
          ul_n_layer: 1,
          turbo_decoder_min: 1,
          turbo_decoder_avg: 2.253,
          turbo_decoder_max: 5,
          cqi: 15,
          ri: 2,
          ul_rank: 1,
          initial_ta: 1
        }
      ]
    }
  ],
  time: 757.194,
  utc: 1743790944.327
}

