{
  message: ready,
  type: ENB,
  name: ENB,
  version: 2023-06-10,
  time: 1629.752,
  utc: 1744845641.719
}
{
  message: ue_get,
  ue_list: [
    {
      ran_ue_id: 3,
      amf_ue_id: 102,
      qos_flow_list: [
        {
          pdu_session_id: 1,
          dl_total_bytes: 7594,
          ul_total_bytes: 7432,
          sst: 1
        },
        {
          pdu_session_id: 2,
          dl_total_bytes: 1954645,
          ul_total_bytes: 17972714009,
          sst: 1
        }
      ],
      rnti: 17923,
      cells: [
        {
          cell_id: 1,
          dl_bitrate: 185223,
          ul_bitrate: 93353604,
          dl_tx: 106,
          ul_tx: 1000,
          dl_err: 0,
          ul_err: 0,
          dl_retx: 0,
          ul_retx: 3,
          pusch_snr: 27.7,
          epre: -90.9,
          ul_phr: -10,
          ul_path_loss: 76.8,
          p_ue: 19,
          dl_mcs: 27.9,
          ul_mcs: 18.9,
          ul_n_layer: 1,
          turbo_decoder_min: 1,
          turbo_decoder_avg: 2.04,
          turbo_decoder_max: 5,
          cqi: 15,
          ri: 2,
          ul_rank: 1,
          initial_ta: 1
        }
      ]
    }
  ],
  time: 1629.753,
  utc: 1744845641.73
}

