{
  message: ready,
  type: ENB,
  name: ENB,
  version: 2023-06-10,
  time: 2094.798,
  utc: 1744096992.98
}
{
  message: ue_get,
  ue_list: [
    {
      ran_ue_id: 3,
      amf_ue_id: 102,
      qos_flow_list: [
        {
          pdu_session_id: 1,
          dl_total_bytes: 15285,
          ul_total_bytes: 9004,
          sst: 1
        },
        {
          pdu_session_id: 2,
          dl_total_bytes: 5692342,
          ul_total_bytes: 27651696266,
          sst: 1
        }
      ],
      rnti: 17923,
      cells: [
        {
          cell_id: 1,
          dl_bitrate: 92237,
          ul_bitrate: 106525063,
          dl_tx: 62,
          ul_tx: 776,
          dl_err: 0,
          ul_err: 0,
          dl_retx: 27,
          ul_retx: 0,
          pusch_snr: 25.3,
          epre: -94.6,
          ul_phr: 18,
          ul_path_loss: 77.6,
          p_ue: 1,
          dl_mcs: 23,
          ul_mcs: 23,
          ul_n_layer: 1,
          turbo_decoder_min: 0,
          turbo_decoder_avg: 2.227,
          turbo_decoder_max: 4,
          cqi: 15,
          ri: 2,
          ul_rank: 1,
          initial_ta: 1
        }
      ]
    }
  ],
  time: 2094.801,
  utc: 1744096992.991
}

