{
  message: ready,
  type: ENB,
  name: ENB,
  version: 2023-06-10,
  time: 2122.036,
  utc: 1744097020.218
}
{
  message: ue_get,
  ue_list: [
    {
      ran_ue_id: 3,
      amf_ue_id: 102,
      qos_flow_list: [
        {
          pdu_session_id: 1,
          dl_total_bytes: 15285,
          ul_total_bytes: 9004,
          sst: 1
        },
        {
          pdu_session_id: 2,
          dl_total_bytes: 5883862,
          ul_total_bytes: 28000398632,
          sst: 1
        }
      ],
      rnti: 17923,
      cells: [
        {
          cell_id: 1,
          dl_bitrate: 97136,
          ul_bitrate: 120354610,
          dl_tx: 64,
          ul_tx: 811,
          dl_err: 0,
          ul_err: 0,
          dl_retx: 0,
          ul_retx: 9,
          pusch_snr: 25.8,
          epre: -94.6,
          ul_phr: 19,
          ul_path_loss: 77.4,
          p_ue: 0,
          dl_mcs: 23,
          ul_mcs: 23.6,
          ul_n_layer: 1,
          turbo_decoder_min: 1,
          turbo_decoder_avg: 2.508,
          turbo_decoder_max: 5,
          cqi: 15,
          ri: 2,
          ul_rank: 1,
          initial_ta: 1
        }
      ]
    }
  ],
  time: 2122.038,
  utc: 1744097020.229
}

