{
  message: ready,
  type: ENB,
  name: ENB,
  version: 2023-06-10,
  time: 2368.354,
  utc: 1744097266.536
}
{
  message: ue_get,
  ue_list: [
    {
      ran_ue_id: 3,
      amf_ue_id: 102,
      qos_flow_list: [
        {
          pdu_session_id: 1,
          dl_total_bytes: 15285,
          ul_total_bytes: 9004,
          sst: 1
        },
        {
          pdu_session_id: 2,
          dl_total_bytes: 7457121,
          ul_total_bytes: 31376900426,
          sst: 1
        }
      ],
      rnti: 17923,
      cells: [
        {
          cell_id: 1,
          dl_bitrate: 131500,
          ul_bitrate: 77858167,
          dl_tx: 54,
          ul_tx: 595,
          dl_err: 0,
          ul_err: 0,
          dl_retx: 0,
          ul_retx: 0,
          pusch_snr: 25.5,
          epre: -94.6,
          ul_phr: 17,
          ul_path_loss: 79.3,
          p_ue: 2,
          dl_mcs: 23,
          ul_mcs: 22,
          ul_n_layer: 1,
          turbo_decoder_min: 1,
          turbo_decoder_avg: 2.052,
          turbo_decoder_max: 3,
          cqi: 15,
          ri: 2,
          ul_rank: 1,
          initial_ta: 1
        }
      ]
    }
  ],
  time: 2368.356,
  utc: 1744097266.546
}

