{
  message: ready,
  type: ENB,
  name: ENB,
  version: 2023-06-10,
  time: 1894.813,
  utc: 1744203887.264
}
{
  message: ue_get,
  ue_list: [
    {
      ran_ue_id: 3,
      amf_ue_id: 102,
      qos_flow_list: [
        {
          pdu_session_id: 1,
          dl_total_bytes: 15157,
          ul_total_bytes: 8820,
          sst: 1
        },
        {
          pdu_session_id: 2,
          dl_total_bytes: 4619365,
          ul_total_bytes: 16746437708,
          sst: 1
        }
      ],
      rnti: 17923,
      cells: [
        {
          cell_id: 1,
          dl_bitrate: 121962,
          ul_bitrate: 83139546,
          dl_tx: 95,
          ul_tx: 1529,
          dl_err: 0,
          ul_err: 0,
          dl_retx: 23,
          ul_retx: 18,
          pusch_snr: 9.8,
          epre: -110.9,
          ul_phr: -16,
          ul_path_loss: 98.1,
          p_ue: 23,
          dl_mcs: 14.9,
          ul_mcs: 9,
          ul_n_layer: 1,
          turbo_decoder_min: 1,
          turbo_decoder_avg: 3.593,
          turbo_decoder_max: 5,
          cqi: 12,
          ri: 2,
          ul_rank: 1,
          initial_ta: 0
        }
      ]
    }
  ],
  time: 1894.815,
  utc: 1744203887.275
}

