{
  message: ready,
  type: ENB,
  name: ENB,
  version: 2023-06-10,
  time: 2249.896,
  utc: 1744859618.722
}
{
  message: ue_get,
  ue_list: [
    {
      ran_ue_id: 4,
      amf_ue_id: 103,
      qos_flow_list: [
        {
          pdu_session_id: 1,
          dl_total_bytes: 7778,
          ul_total_bytes: 7656,
          sst: 1
        },
        {
          pdu_session_id: 2,
          dl_total_bytes: 4380273,
          ul_total_bytes: 25076505049,
          sst: 1
        }
      ],
      rnti: 17924,
      cells: [
        {
          cell_id: 1,
          dl_bitrate: 99938,
          ul_bitrate: 108404130,
          dl_tx: 66,
          ul_tx: 967,
          dl_err: 0,
          ul_err: 0,
          dl_retx: 4,
          ul_retx: 7,
          pusch_snr: 25.9,
          epre: -93.9,
          ul_phr: -7,
          ul_path_loss: 77,
          p_ue: 22,
          dl_mcs: 22.5,
          ul_mcs: 19.1,
          ul_n_layer: 1,
          turbo_decoder_min: 1,
          turbo_decoder_avg: 2.034,
          turbo_decoder_max: 5,
          cqi: 14,
          ri: 2,
          ul_rank: 1,
          initial_ta: 1
        }
      ]
    }
  ],
  time: 2249.897,
  utc: 1744859618.733
}

