{
  message: ready,
  type: ENB,
  name: ENB,
  version: 2023-06-10,
  time: 2030.592,
  utc: 1744058771.887
}
{
  message: ue_get,
  ue_list: [
    {
      ran_ue_id: 51,
      amf_ue_id: 104,
      qos_flow_list: [
        {
          pdu_session_id: 1,
          dl_total_bytes: 15223,
          ul_total_bytes: 8947,
          sst: 1
        },
        {
          pdu_session_id: 2,
          dl_total_bytes: 5480262,
          ul_total_bytes: 29761546992,
          sst: 1
        }
      ],
      rnti: 17971,
      cells: [
        {
          cell_id: 1,
          dl_bitrate: 217574,
          ul_bitrate: 132898902,
          dl_tx: 115,
          ul_tx: 1061,
          dl_err: 0,
          ul_err: 0,
          dl_retx: 8,
          ul_retx: 10,
          pusch_snr: 24.5,
          epre: -95.2,
          ul_phr: 10,
          ul_path_loss: 68.1,
          p_ue: 9,
          dl_mcs: 25.3,
          ul_mcs: 23.8,
          ul_n_layer: 1,
          turbo_decoder_min: 1,
          turbo_decoder_avg: 2.622,
          turbo_decoder_max: 5,
          cqi: 15,
          ri: 2,
          ul_rank: 1,
          initial_ta: 1
        }
      ]
    }
  ],
  time: 2030.593,
  utc: 1744058771.898
}

