{
  message: ready,
  type: ENB,
  name: ENB,
  version: 2023-06-10,
  time: 2039.168,
  utc: 1744058780.463
}
{
  message: ue_get,
  ue_list: [
    {
      ran_ue_id: 51,
      amf_ue_id: 104,
      qos_flow_list: [
        {
          pdu_session_id: 1,
          dl_total_bytes: 15223,
          ul_total_bytes: 8947,
          sst: 1
        },
        {
          pdu_session_id: 2,
          dl_total_bytes: 5556656,
          ul_total_bytes: 29898184941,
          sst: 1
        }
      ],
      rnti: 17971,
      cells: [
        {
          cell_id: 1,
          dl_bitrate: 196563,
          ul_bitrate: 130993023,
          dl_tx: 115,
          ul_tx: 1056,
          dl_err: 0,
          ul_err: 0,
          dl_retx: 54,
          ul_retx: 14,
          pusch_snr: 25.9,
          epre: -93.9,
          ul_phr: 10,
          ul_path_loss: 67.8,
          p_ue: 9,
          dl_mcs: 24,
          ul_mcs: 23.6,
          ul_n_layer: 1,
          turbo_decoder_min: 1,
          turbo_decoder_avg: 2.553,
          turbo_decoder_max: 5,
          cqi: 15,
          ri: 2,
          ul_rank: 1,
          initial_ta: 1
        }
      ]
    }
  ],
  time: 2039.169,
  utc: 1744058780.474
}

