{
  message: ready,
  type: ENB,
  name: ENB,
  version: 2023-06-10,
  time: 1086.683,
  utc: 1744191537.265
}
{
  message: ue_get,
  ue_list: [
    {
      ran_ue_id: 3,
      amf_ue_id: 102,
      qos_flow_list: [
        {
          pdu_session_id: 1,
          dl_total_bytes: 15050,
          ul_total_bytes: 8748,
          sst: 1
        },
        {
          pdu_session_id: 2,
          dl_total_bytes: 2010424,
          ul_total_bytes: 9624773452,
          sst: 1
        }
      ],
      rnti: 17923,
      cells: [
        {
          cell_id: 1,
          dl_bitrate: 107838,
          ul_bitrate: 85248238,
          dl_tx: 89,
          ul_tx: 1505,
          dl_err: 0,
          ul_err: 0,
          dl_retx: 3,
          ul_retx: 17,
          pusch_snr: 9.2,
          epre: -111.3,
          ul_phr: -15,
          ul_path_loss: 98.4,
          p_ue: 23,
          dl_mcs: 13.3,
          ul_mcs: 9,
          ul_n_layer: 1,
          turbo_decoder_min: 2,
          turbo_decoder_avg: 3.714,
          turbo_decoder_max: 5,
          cqi: 10,
          ri: 2,
          ul_rank: 1,
          initial_ta: 2
        }
      ]
    }
  ],
  time: 1086.685,
  utc: 1744191537.276
}

