{
  message: ready,
  type: ENB,
  name: ENB,
  version: 2023-06-10,
  time: 1003.341,
  utc: 1744208800.811
}
{
  message: ue_get,
  ue_list: [
    {
      ran_ue_id: 30,
      amf_ue_id: 121,
      qos_flow_list: [
        {
          pdu_session_id: 2,
          dl_total_bytes: 55074,
          ul_total_bytes: 13121,
          sst: 1
        }
      ],
      rnti: 17950,
      cells: [
        {
          cell_id: 1,
          dl_bitrate: 486,
          ul_bitrate: 138,
          dl_tx: 55,
          ul_tx: 52,
          dl_err: 0,
          ul_err: 0,
          dl_retx: 7,
          ul_retx: 11,
          pusch_snr: 25.1,
          epre: -94.7,
          ul_phr: -4,
          ul_path_loss: 100.5,
          p_ue: 19,
          dl_mcs: 15.8,
          ul_mcs: 21.5,
          ul_n_layer: 1,
          turbo_decoder_min: 0,
          turbo_decoder_avg: 2.522,
          turbo_decoder_max: 5,
          cqi: 11,
          ri: 2,
          ul_rank: 1,
          initial_ta: 1
        }
      ]
    },
    {
      ran_ue_id: 3,
      amf_ue_id: 102,
      qos_flow_list: [
        {
          pdu_session_id: 1,
          dl_total_bytes: 26534,
          ul_total_bytes: 10333,
          sst: 1
        },
        {
          pdu_session_id: 2,
          dl_total_bytes: 1776463,
          ul_total_bytes: 19703261091,
          sst: 1
        }
      ],
      rnti: 17923,
      cells: [
        {
          cell_id: 1,
          dl_bitrate: 130111,
          ul_bitrate: 144992291,
          dl_tx: 76,
          ul_tx: 1058,
          dl_err: 0,
          ul_err: 0,
          dl_retx: 0,
          ul_retx: 5,
          pusch_snr: 26.4,
          epre: -93.8,
          ul_phr: 0,
          ul_path_loss: 78.1,
          p_ue: 19,
          dl_mcs: 23,
          ul_mcs: 22.8,
          ul_n_layer: 1,
          turbo_decoder_min: 1,
          turbo_decoder_avg: 2.316,
          turbo_decoder_max: 5,
          cqi: 15,
          ri: 2,
          ul_rank: 1,
          initial_ta: 1
        }
      ]
    }
  ],
  time: 1003.343,
  utc: 1744208800.822
}

