{
  message: ready,
  type: ENB,
  name: ENB,
  version: 2023-06-10,
  time: 2657.219,
  utc: 1744106266.9
}
{
  message: ue_get,
  ue_list: [
    {
      ran_ue_id: 94,
      amf_ue_id: 144,
      qos_flow_list: [
        {
          pdu_session_id: 2,
          dl_total_bytes: 280,
          ul_total_bytes: 264,
          sst: 1
        }
      ],
      rnti: 18014,
      cells: [
        {
          cell_id: 1,
          dl_bitrate: 3697,
          ul_bitrate: 0,
          dl_tx: 2,
          ul_tx: 0,
          dl_err: 0,
          ul_err: 0,
          dl_retx: 0,
          ul_retx: 0,
          pusch_snr: 32.4,
          epre: -87.7,
          ul_phr: -4,
          ul_path_loss: 93.8,
          p_ue: 8,
          dl_mcs: 24,
          cqi: 14,
          ri: 2,
          ul_rank: 1,
          initial_ta: 1
        }
      ]
    },
    {
      ran_ue_id: 3,
      amf_ue_id: 102,
      qos_flow_list: [
        {
          pdu_session_id: 1,
          dl_total_bytes: 15231,
          ul_total_bytes: 8947,
          sst: 1
        },
        {
          pdu_session_id: 2,
          dl_total_bytes: 9441448,
          ul_total_bytes: 38609325829,
          sst: 1
        }
      ],
      rnti: 17923,
      cells: [
        {
          cell_id: 1,
          dl_bitrate: 187298,
          ul_bitrate: 137146270,
          dl_tx: 75,
          ul_tx: 1070,
          dl_err: 0,
          ul_err: 0,
          dl_retx: 0,
          ul_retx: 17,
          pusch_snr: 25,
          epre: -93.4,
          ul_phr: 11,
          ul_path_loss: 68.6,
          p_ue: 8,
          dl_mcs: 25,
          ul_mcs: 21.1,
          ul_n_layer: 1,
          turbo_decoder_min: 1,
          turbo_decoder_avg: 2.266,
          turbo_decoder_max: 5,
          cqi: 15,
          ri: 2,
          ul_rank: 1,
          initial_ta: 1
        }
      ]
    }
  ],
  time: 2657.221,
  utc: 1744106266.91
}

