{
  message: ready,
  type: ENB,
  name: ENB,
  version: 2023-06-10,
  time: 2659.374,
  utc: 1744106269.054
}
{
  message: ue_get,
  ue_list: [
    {
      ran_ue_id: 94,
      amf_ue_id: 144,
      qos_flow_list: [
        {
          pdu_session_id: 2,
          dl_total_bytes: 280,
          ul_total_bytes: 264,
          sst: 1
        }
      ],
      rnti: 18014,
      cells: [
        {
          cell_id: 1,
          dl_bitrate: 2950,
          ul_bitrate: 0,
          dl_tx: 2,
          ul_tx: 0,
          dl_err: 0,
          ul_err: 0,
          dl_retx: 0,
          ul_retx: 0,
          pusch_snr: 32.4,
          epre: -87.7,
          ul_phr: -4,
          ul_path_loss: 93.8,
          p_ue: 8,
          dl_mcs: 24,
          cqi: 14,
          ri: 2,
          ul_rank: 1,
          initial_ta: 1
        }
      ]
    },
    {
      ran_ue_id: 3,
      amf_ue_id: 102,
      qos_flow_list: [
        {
          pdu_session_id: 1,
          dl_total_bytes: 15231,
          ul_total_bytes: 8947,
          sst: 1
        },
        {
          pdu_session_id: 2,
          dl_total_bytes: 9459794,
          ul_total_bytes: 38639495146,
          sst: 1
        }
      ],
      rnti: 17923,
      cells: [
        {
          cell_id: 1,
          dl_bitrate: 164574,
          ul_bitrate: 111730031,
          dl_tx: 65,
          ul_tx: 929,
          dl_err: 0,
          ul_err: 0,
          dl_retx: 1,
          ul_retx: 22,
          pusch_snr: 23.7,
          epre: -96.4,
          ul_phr: 11,
          ul_path_loss: 68.7,
          p_ue: 8,
          dl_mcs: 25.1,
          ul_mcs: 20.4,
          ul_n_layer: 1,
          turbo_decoder_min: 1,
          turbo_decoder_avg: 2.194,
          turbo_decoder_max: 5,
          cqi: 15,
          ri: 2,
          ul_rank: 1,
          initial_ta: 1
        }
      ]
    }
  ],
  time: 2659.375,
  utc: 1744106269.065
}

