{
  message: ready,
  type: ENB,
  name: ENB,
  version: 2023-06-10,
  time: 1199.091,
  utc: 1744834300.309
}
{
  message: ue_get,
  ue_list: [
    {
      ran_ue_id: 3,
      amf_ue_id: 102,
      qos_flow_list: [
        {
          pdu_session_id: 1,
          dl_total_bytes: 7594,
          ul_total_bytes: 7460,
          sst: 1
        },
        {
          pdu_session_id: 2,
          dl_total_bytes: 992490,
          ul_total_bytes: 7728463247,
          sst: 1
        }
      ],
      rnti: 17923,
      cells: [
        {
          cell_id: 1,
          dl_bitrate: 150779,
          ul_bitrate: 55937600,
          dl_tx: 101,
          ul_tx: 1075,
          dl_err: 0,
          ul_err: 0,
          dl_retx: 0,
          ul_retx: 0,
          pusch_snr: 19.7,
          epre: -100.9,
          ul_phr: -16,
          ul_path_loss: 86.8,
          p_ue: 22,
          dl_mcs: 27.9,
          ul_mcs: 11,
          ul_n_layer: 1,
          turbo_decoder_min: 0,
          turbo_decoder_avg: 1.884,
          turbo_decoder_max: 3,
          cqi: 15,
          ri: 2,
          ul_rank: 1,
          initial_ta: 1
        }
      ]
    }
  ],
  time: 1199.092,
  utc: 1744834300.32
}

