{
  message: ready,
  type: ENB,
  name: ENB,
  version: 2023-06-10,
  time: 944.74,
  utc: 1744188504.882
}
{
  message: ue_get,
  ue_list: [
    {
      ran_ue_id: 4,
      amf_ue_id: 103,
      qos_flow_list: [
        {
          pdu_session_id: 1,
          dl_total_bytes: 15050,
          ul_total_bytes: 8742,
          sst: 1
        },
        {
          pdu_session_id: 2,
          dl_total_bytes: 1672569,
          ul_total_bytes: 18430201052,
          sst: 1
        }
      ],
      rnti: 17924,
      cells: [
        {
          cell_id: 1,
          dl_bitrate: 122211,
          ul_bitrate: 169307992,
          dl_tx: 92,
          ul_tx: 1581,
          dl_err: 0,
          ul_err: 0,
          dl_retx: 34,
          ul_retx: 17,
          pusch_snr: 19.4,
          epre: -101.5,
          ul_phr: -3,
          ul_path_loss: 87.8,
          p_ue: 22,
          dl_mcs: 20.9,
          ul_mcs: 17.7,
          ul_n_layer: 1,
          turbo_decoder_min: 1,
          turbo_decoder_avg: 2.884,
          turbo_decoder_max: 5,
          cqi: 14,
          ri: 2,
          ul_rank: 1,
          initial_ta: 1
        }
      ]
    }
  ],
  time: 944.742,
  utc: 1744188504.893
}

