{
  message: ready,
  type: ENB,
  name: ENB,
  version: 2023-06-10,
  time: 1195.952,
  utc: 1744107696.323
}
{
  message: ue_get,
  ue_list: [
    {
      ran_ue_id: 39,
      amf_ue_id: 120,
      qos_flow_list: [],
      rnti: 17959,
      cells: [
        {
          cell_id: 1,
          dl_bitrate: 0,
          ul_bitrate: 0,
          dl_tx: 0,
          ul_tx: 0,
          dl_err: 0,
          ul_err: 0,
          dl_retx: 0,
          ul_retx: 0,
          pusch_snr: 12.5,
          epre: -109.4,
          ul_phr: -13,
          ul_path_loss: 125.2,
          p_ue: 24,
          cqi: 4,
          ri: 2,
          ul_rank: 1,
          initial_ta: 1
        }
      ]
    },
    {
      ran_ue_id: 6,
      amf_ue_id: 105,
      qos_flow_list: [
        {
          pdu_session_id: 1,
          dl_total_bytes: 9649,
          ul_total_bytes: 7655,
          sst: 1
        },
        {
          pdu_session_id: 2,
          dl_total_bytes: 2207881,
          ul_total_bytes: 16788299760,
          sst: 1
        }
      ],
      rnti: 17926,
      cells: [
        {
          cell_id: 1,
          dl_bitrate: 110677,
          ul_bitrate: 133435719,
          dl_tx: 77,
          ul_tx: 1116,
          dl_err: 0,
          ul_err: 0,
          dl_retx: 1,
          ul_retx: 0,
          pusch_snr: 22.4,
          epre: -98.2,
          ul_phr: 22,
          ul_path_loss: 76.8,
          p_ue: -3,
          dl_mcs: 23,
          ul_mcs: 20.3,
          ul_n_layer: 1,
          turbo_decoder_min: 1,
          turbo_decoder_avg: 2.711,
          turbo_decoder_max: 5,
          cqi: 15,
          ri: 2,
          ul_rank: 1,
          initial_ta: 1
        }
      ]
    }
  ],
  time: 1195.954,
  utc: 1744107696.334
}

