{
  message: ready,
  type: ENB,
  name: ENB,
  version: 2023-06-10,
  time: 640.959,
  utc: 1743795872.513
}
{
  message: ue_get,
  ue_list: [
    {
      ran_ue_id: 12,
      amf_ue_id: 111,
      qos_flow_list: [
        {
          pdu_session_id: 2,
          dl_total_bytes: 33430,
          ul_total_bytes: 108964,
          sst: 1
        }
      ],
      rnti: 17932,
      cells: [
        {
          cell_id: 1,
          dl_bitrate: 77480,
          ul_bitrate: 145349,
          dl_tx: 43,
          ul_tx: 33,
          dl_err: 0,
          ul_err: 0,
          dl_retx: 0,
          ul_retx: 0,
          pusch_snr: 27.7,
          epre: -93.7,
          ul_phr: 11,
          ul_path_loss: 75.4,
          p_ue: -3,
          dl_mcs: 23.1,
          ul_mcs: 19.6,
          ul_n_layer: 1,
          turbo_decoder_min: 0,
          turbo_decoder_avg: 2.279,
          turbo_decoder_max: 4,
          cqi: 15,
          ri: 2,
          ul_rank: 1,
          initial_ta: 1
        }
      ]
    },
    {
      ran_ue_id: 3,
      amf_ue_id: 102,
      qos_flow_list: [
        {
          pdu_session_id: 1,
          dl_total_bytes: 14874,
          ul_total_bytes: 8546,
          sst: 1
        },
        {
          pdu_session_id: 2,
          dl_total_bytes: 947805,
          ul_total_bytes: 16550559654,
          sst: 1
        }
      ],
      rnti: 17923,
      cells: [
        {
          cell_id: 1,
          dl_bitrate: 158642,
          ul_bitrate: 233817357,
          dl_tx: 91,
          ul_tx: 1547,
          dl_err: 0,
          ul_err: 0,
          dl_retx: 0,
          ul_retx: 14,
          pusch_snr: 26.2,
          epre: -93.1,
          ul_phr: 8,
          ul_path_loss: 68.5,
          p_ue: 11,
          dl_mcs: 25.7,
          ul_mcs: 24,
          ul_n_layer: 1,
          turbo_decoder_min: 1,
          turbo_decoder_avg: 2.557,
          turbo_decoder_max: 5,
          cqi: 14,
          ri: 2,
          ul_rank: 1,
          initial_ta: 1
        }
      ]
    }
  ],
  time: 640.961,
  utc: 1743795872.524
}

