{
  message: ready,
  type: ENB,
  name: ENB,
  version: 2023-06-10,
  time: 562.991,
  utc: 1743795794.544
}
{
  message: ue_get,
  ue_list: [
    {
      ran_ue_id: 11,
      amf_ue_id: 110,
      qos_flow_list: [],
      rnti: 17931,
      cells: [
        {
          cell_id: 1,
          dl_bitrate: 0,
          ul_bitrate: 0,
          dl_tx: 0,
          ul_tx: 0,
          dl_err: 0,
          ul_err: 1,
          dl_retx: 2,
          ul_retx: 2,
          pusch_snr: 18.5,
          epre: -100.1,
          ul_phr: -10,
          ul_path_loss: 119.2,
          p_ue: 24,
          turbo_decoder_min: 5,
          turbo_decoder_avg: 5,
          turbo_decoder_max: 5,
          cqi: 14,
          ri: 2,
          ul_rank: 1,
          initial_ta: 1
        }
      ]
    },
    {
      ran_ue_id: 3,
      amf_ue_id: 102,
      qos_flow_list: [
        {
          pdu_session_id: 1,
          dl_total_bytes: 14874,
          ul_total_bytes: 8546,
          sst: 1
        },
        {
          pdu_session_id: 2,
          dl_total_bytes: 837655,
          ul_total_bytes: 14229317198,
          sst: 1
        }
      ],
      rnti: 17923,
      cells: [
        {
          cell_id: 1,
          dl_bitrate: 145465,
          ul_bitrate: 252093415,
          dl_tx: 88,
          ul_tx: 1502,
          dl_err: 0,
          ul_err: 0,
          dl_retx: 1,
          ul_retx: 15,
          pusch_snr: 30.4,
          epre: -86.3,
          ul_phr: 1,
          ul_path_loss: 69,
          p_ue: 18,
          dl_mcs: 24,
          ul_mcs: 26.1,
          ul_n_layer: 1,
          turbo_decoder_min: 1,
          turbo_decoder_avg: 2.055,
          turbo_decoder_max: 5,
          cqi: 14,
          ri: 2,
          ul_rank: 1,
          initial_ta: 1
        }
      ]
    }
  ],
  time: 562.992,
  utc: 1743795794.555
}

