{
  message: ready,
  type: ENB,
  name: ENB,
  version: 2023-06-10,
  time: 2666.087,
  utc: 1744841718.665
}
{
  message: ue_get,
  ue_list: [
    {
      ran_ue_id: 2,
      amf_ue_id: 101,
      qos_flow_list: [
        {
          pdu_session_id: 1,
          dl_total_bytes: 7777,
          ul_total_bytes: 7661,
          sst: 1
        },
        {
          pdu_session_id: 2,
          dl_total_bytes: 1750686,
          ul_total_bytes: 974890660,
          sst: 1
        }
      ],
      rnti: 17922,
      cells: [
        {
          cell_id: 1,
          dl_bitrate: 48750,
          ul_bitrate: 5556723,
          dl_tx: 33,
          ul_tx: 1037,
          dl_err: 0,
          ul_err: 0,
          dl_retx: 0,
          ul_retx: 8,
          pusch_snr: 8.5,
          epre: -112.3,
          ul_phr: -31,
          ul_path_loss: 109.8,
          p_ue: 23,
          dl_mcs: 18,
          ul_mcs: 4,
          ul_n_layer: 1,
          turbo_decoder_min: 0,
          turbo_decoder_avg: 2.443,
          turbo_decoder_max: 5,
          cqi: 12,
          ri: 2,
          ul_rank: 1,
          initial_ta: 1
        }
      ]
    }
  ],
  time: 2666.089,
  utc: 1744841718.676
}

