{
  message: ready,
  type: ENB,
  name: ENB,
  version: 2023-06-10,
  time: 855.779,
  utc: 1744202848.23
}
{
  message: ue_get,
  ue_list: [
    {
      ran_ue_id: 7,
      amf_ue_id: 105,
      qos_flow_list: [
        {
          pdu_session_id: 2,
          dl_total_bytes: 360,
          ul_total_bytes: 736,
          sst: 1
        },
        {
          pdu_session_id: 1,
          dl_total_bytes: 6774,
          ul_total_bytes: 4197,
          sst: 1
        }
      ],
      rnti: 17928,
      cells: [
        {
          cell_id: 1,
          dl_bitrate: 15601,
          ul_bitrate: 64206,
          dl_tx: 17,
          ul_tx: 1197,
          dl_err: 0,
          ul_err: 0,
          dl_retx: 2,
          ul_retx: 15,
          pusch_snr: 3.2,
          epre: -118,
          ul_phr: -22,
          ul_path_loss: 115.8,
          p_ue: 8,
          dl_mcs: 7.9,
          ul_mcs: 1,
          ul_n_layer: 1,
          turbo_decoder_min: 1,
          turbo_decoder_avg: 1.816,
          turbo_decoder_max: 5,
          cqi: 6,
          ri: 1,
          ul_rank: 1,
          initial_ta: 0
        }
      ]
    },
    {
      ran_ue_id: 3,
      amf_ue_id: 102,
      qos_flow_list: [
        {
          pdu_session_id: 1,
          dl_total_bytes: 14881,
          ul_total_bytes: 8517,
          sst: 1
        },
        {
          pdu_session_id: 2,
          dl_total_bytes: 1481106,
          ul_total_bytes: 7038835305,
          sst: 1
        }
      ],
      rnti: 17923,
      cells: [
        {
          cell_id: 1,
          dl_bitrate: 84868,
          ul_bitrate: 34152933,
          dl_tx: 78,
          ul_tx: 1019,
          dl_err: 0,
          ul_err: 0,
          dl_retx: 26,
          ul_retx: 0,
          pusch_snr: 10.5,
          epre: -110.8,
          ul_phr: -22,
          ul_path_loss: 97.8,
          p_ue: 23,
          dl_mcs: 14.5,
          ul_mcs: 5,
          ul_n_layer: 1,
          turbo_decoder_min: 1,
          turbo_decoder_avg: 2.004,
          turbo_decoder_max: 3,
          cqi: 12,
          ri: 2,
          ul_rank: 1,
          initial_ta: 0
        }
      ]
    }
  ],
  time: 855.781,
  utc: 1744202848.241
}

