{
  message: ready,
  type: ENB,
  name: ENB,
  version: 2023-06-10,
  time: 383.084,
  utc: 1744074991.238
}
{
  message: ue_get,
  ue_list: [
    {
      ran_ue_id: 4,
      amf_ue_id: 103,
      qos_flow_list: [
        {
          pdu_session_id: 1,
          dl_total_bytes: 14865,
          ul_total_bytes: 8539,
          sst: 1
        },
        {
          pdu_session_id: 2,
          dl_total_bytes: 692317,
          ul_total_bytes: 4876485807,
          sst: 1
        }
      ],
      rnti: 17924,
      cells: [
        {
          cell_id: 1,
          dl_bitrate: 126048,
          ul_bitrate: 134195001,
          dl_tx: 94,
          ul_tx: 1428,
          dl_err: 0,
          ul_err: 0,
          dl_retx: 19,
          ul_retx: 1,
          pusch_snr: 18.5,
          epre: -101.8,
          ul_phr: -11,
          ul_path_loss: 88.1,
          p_ue: 22,
          dl_mcs: 21,
          ul_mcs: 16.1,
          ul_n_layer: 1,
          turbo_decoder_min: 1,
          turbo_decoder_avg: 2.135,
          turbo_decoder_max: 5,
          cqi: 14,
          ri: 2,
          ul_rank: 1,
          initial_ta: 0
        }
      ]
    }
  ],
  time: 383.085,
  utc: 1744074991.248
}

