{
  message: ready,
  type: ENB,
  name: ENB,
  version: 2023-06-10,
  time: 2473.686,
  utc: 1744108974.056
}
{
  message: ue_get,
  ue_list: [
    {
      ran_ue_id: 75,
      amf_ue_id: 140,
      qos_flow_list: [
        {
          pdu_session_id: 2,
          dl_total_bytes: 647,
          ul_total_bytes: 491,
          sst: 1
        }
      ],
      rnti: 17995,
      cells: [
        {
          cell_id: 1,
          dl_bitrate: 2277,
          ul_bitrate: 7754,
          dl_tx: 2,
          ul_tx: 6,
          dl_err: 0,
          ul_err: 0,
          dl_retx: 0,
          ul_retx: 0,
          pusch_snr: 19.2,
          epre: -99.8,
          ul_phr: -13,
          ul_path_loss: 92.9,
          p_ue: 8,
          dl_mcs: 16,
          ul_mcs: 16.7,
          ul_n_layer: 1,
          turbo_decoder_min: 1,
          turbo_decoder_avg: 1.667,
          turbo_decoder_max: 2,
          cqi: 11,
          ri: 2,
          ul_rank: 1,
          initial_ta: 1
        }
      ]
    },
    {
      ran_ue_id: 6,
      amf_ue_id: 105,
      qos_flow_list: [
        {
          pdu_session_id: 1,
          dl_total_bytes: 9833,
          ul_total_bytes: 7857,
          sst: 1
        },
        {
          pdu_session_id: 2,
          dl_total_bytes: 7982681,
          ul_total_bytes: 36556754403,
          sst: 1
        }
      ],
      rnti: 17926,
      cells: [
        {
          cell_id: 1,
          dl_bitrate: 167449,
          ul_bitrate: 122888528,
          dl_tx: 73,
          ul_tx: 1005,
          dl_err: 0,
          ul_err: 0,
          dl_retx: 2,
          ul_retx: 28,
          pusch_snr: 22.2,
          epre: -98.2,
          ul_phr: 3,
          ul_path_loss: 78.5,
          p_ue: 16,
          dl_mcs: 23,
          ul_mcs: 20.7,
          ul_n_layer: 1,
          turbo_decoder_min: 1,
          turbo_decoder_avg: 2.88,
          turbo_decoder_max: 5,
          cqi: 15,
          ri: 2,
          ul_rank: 1,
          initial_ta: 1
        }
      ]
    }
  ],
  time: 2473.688,
  utc: 1744108974.067
}

