{
  message: ready,
  type: ENB,
  name: ENB,
  version: 2023-06-10,
  time: 2622.688,
  utc: 1744062231.014
}
{
  message: ue_get,
  ue_list: [
    {
      ran_ue_id: 3,
      amf_ue_id: 102,
      qos_flow_list: [
        {
          pdu_session_id: 1,
          dl_total_bytes: 15217,
          ul_total_bytes: 8943,
          sst: 1
        },
        {
          pdu_session_id: 2,
          dl_total_bytes: 9244971,
          ul_total_bytes: 38750998336,
          sst: 1
        }
      ],
      rnti: 17923,
      cells: [
        {
          cell_id: 1,
          dl_bitrate: 222550,
          ul_bitrate: 127899062,
          dl_tx: 114,
          ul_tx: 1071,
          dl_err: 0,
          ul_err: 0,
          dl_retx: 0,
          ul_retx: 0,
          pusch_snr: 25.4,
          epre: -94.5,
          ul_phr: -4,
          ul_path_loss: 77.3,
          p_ue: 19,
          dl_mcs: 27.9,
          ul_mcs: 23,
          ul_n_layer: 1,
          turbo_decoder_min: 2,
          turbo_decoder_avg: 2.332,
          turbo_decoder_max: 5,
          cqi: 15,
          ri: 2,
          ul_rank: 1,
          initial_ta: 1
        }
      ]
    }
  ],
  time: 2622.69,
  utc: 1744062231.024
}

