{
  message: ready,
  type: ENB,
  name: ENB,
  version: 2023-06-10,
  time: 565.496,
  utc: 1744092566.848
}
{
  message: ue_get,
  ue_list: [
    {
      ran_ue_id: 3,
      amf_ue_id: 102,
      qos_flow_list: [
        {
          pdu_session_id: 1,
          dl_total_bytes: 14865,
          ul_total_bytes: 8545,
          sst: 1
        },
        {
          pdu_session_id: 2,
          dl_total_bytes: 999850,
          ul_total_bytes: 6688128628,
          sst: 1
        }
      ],
      rnti: 17923,
      cells: [
        {
          cell_id: 1,
          dl_bitrate: 122544,
          ul_bitrate: 115241432,
          dl_tx: 72,
          ul_tx: 948,
          dl_err: 0,
          ul_err: 0,
          dl_retx: 0,
          ul_retx: 5,
          pusch_snr: 21.1,
          epre: -99.5,
          ul_phr: 14,
          ul_path_loss: 68.7,
          p_ue: 5,
          dl_mcs: 24.6,
          ul_mcs: 20,
          ul_n_layer: 1,
          turbo_decoder_min: 1,
          turbo_decoder_avg: 3.264,
          turbo_decoder_max: 5,
          cqi: 15,
          ri: 2,
          ul_rank: 1,
          initial_ta: 0
        }
      ]
    }
  ],
  time: 565.498,
  utc: 1744092566.859
}

