{
  message: ready,
  type: ENB,
  name: ENB,
  version: 2023-06-10,
  time: 559.157,
  utc: 1744092560.51
}
{
  message: ue_get,
  ue_list: [
    {
      ran_ue_id: 3,
      amf_ue_id: 102,
      qos_flow_list: [
        {
          pdu_session_id: 1,
          dl_total_bytes: 14865,
          ul_total_bytes: 8545,
          sst: 1
        },
        {
          pdu_session_id: 2,
          dl_total_bytes: 988144,
          ul_total_bytes: 6602558488,
          sst: 1
        }
      ],
      rnti: 17923,
      cells: [
        {
          cell_id: 1,
          dl_bitrate: 122472,
          ul_bitrate: 112683503,
          dl_tx: 76,
          ul_tx: 955,
          dl_err: 0,
          ul_err: 0,
          dl_retx: 0,
          ul_retx: 10,
          pusch_snr: 21.1,
          epre: -99.8,
          ul_phr: 14,
          ul_path_loss: 68.7,
          p_ue: 5,
          dl_mcs: 24.3,
          ul_mcs: 19.7,
          ul_n_layer: 1,
          turbo_decoder_min: 1,
          turbo_decoder_avg: 3.053,
          turbo_decoder_max: 5,
          cqi: 15,
          ri: 2,
          ul_rank: 1,
          initial_ta: 0
        }
      ]
    }
  ],
  time: 559.159,
  utc: 1744092560.52
}

