{
  message: ready,
  type: ENB,
  name: ENB,
  version: 2023-06-10,
  time: 429.994,
  utc: 1743791633.478
}
{
  message: ue_get,
  ue_list: [
    {
      ran_ue_id: 13,
      amf_ue_id: 109,
      qos_flow_list: [
        {
          pdu_session_id: 2,
          dl_total_bytes: 40,
          ul_total_bytes: 41,
          sst: 1
        }
      ],
      rnti: 17933,
      cells: [
        {
          cell_id: 1,
          dl_bitrate: 3011,
          ul_bitrate: 0,
          dl_tx: 2,
          ul_tx: 0,
          dl_err: 0,
          ul_err: 0,
          dl_retx: 0,
          ul_retx: 0,
          pusch_snr: 24.8,
          epre: -91.8,
          ul_phr: 11,
          ul_path_loss: 89.7,
          p_ue: -3,
          dl_mcs: 28,
          cqi: 15,
          ri: 2,
          ul_rank: 1,
          initial_ta: 1
        }
      ]
    },
    {
      ran_ue_id: 4,
      amf_ue_id: 103,
      qos_flow_list: [
        {
          pdu_session_id: 1,
          dl_total_bytes: 14874,
          ul_total_bytes: 8524,
          sst: 1
        },
        {
          pdu_session_id: 2,
          dl_total_bytes: 653458,
          ul_total_bytes: 6231421903,
          sst: 1
        }
      ],
      rnti: 17924,
      cells: [
        {
          cell_id: 1,
          dl_bitrate: 162307,
          ul_bitrate: 147592808,
          dl_tx: 108,
          ul_tx: 1058,
          dl_err: 0,
          ul_err: 0,
          dl_retx: 0,
          ul_retx: 8,
          pusch_snr: 30.6,
          epre: -87.1,
          ul_phr: 2,
          ul_path_loss: 68.3,
          p_ue: 17,
          dl_mcs: 28,
          ul_mcs: 26.4,
          ul_n_layer: 1,
          turbo_decoder_min: 1,
          turbo_decoder_avg: 2.231,
          turbo_decoder_max: 5,
          cqi: 15,
          ri: 2,
          ul_rank: 1,
          initial_ta: 1
        }
      ]
    }
  ],
  time: 429.995,
  utc: 1743791633.489
}

