{
  message: ready,
  type: ENB,
  name: ENB,
  version: 2023-06-10,
  time: 205.021,
  utc: 1743864428.077
}
{
  message: ue_get,
  ue_list: [
    {
      ran_ue_id: 3,
      amf_ue_id: 102,
      qos_flow_list: [
        {
          pdu_session_id: 1,
          dl_total_bytes: 9466,
          ul_total_bytes: 7460,
          sst: 1
        },
        {
          pdu_session_id: 2,
          dl_total_bytes: 321521,
          ul_total_bytes: 3029091575,
          sst: 1
        }
      ],
      rnti: 17923,
      cells: [
        {
          cell_id: 1,
          dl_bitrate: 175272,
          ul_bitrate: 178452371,
          dl_tx: 98,
          ul_tx: 1281,
          dl_err: 0,
          ul_err: 0,
          dl_retx: 0,
          ul_retx: 13,
          pusch_snr: 24.8,
          epre: -95.4,
          ul_phr: 10,
          ul_path_loss: 69.2,
          p_ue: 9,
          dl_mcs: 24,
          ul_mcs: 22.9,
          ul_n_layer: 1,
          turbo_decoder_min: 1,
          turbo_decoder_avg: 2.417,
          turbo_decoder_max: 5,
          cqi: 15,
          ri: 2,
          ul_rank: 1,
          initial_ta: 1
        }
      ]
    }
  ],
  time: 205.023,
  utc: 1743864428.088
}

