{
  message: ready,
  type: ENB,
  name: ENB,
  version: 2023-06-10,
  time: 220.593,
  utc: 1743788390.067
}
{
  message: ue_get,
  ue_list: [
    {
      ran_ue_id: 4,
      amf_ue_id: 103,
      qos_flow_list: [
        {
          pdu_session_id: 1,
          dl_total_bytes: 14873,
          ul_total_bytes: 8545,
          sst: 1
        },
        {
          pdu_session_id: 2,
          dl_total_bytes: 354821,
          ul_total_bytes: 2736721139,
          sst: 1
        }
      ],
      rnti: 17924,
      cells: [
        {
          cell_id: 1,
          dl_bitrate: 163966,
          ul_bitrate: 149416967,
          dl_tx: 109,
          ul_tx: 1066,
          dl_err: 0,
          ul_err: 0,
          dl_retx: 0,
          ul_retx: 1,
          pusch_snr: 31.9,
          epre: -84.9,
          ul_phr: -1,
          ul_path_loss: 67.7,
          p_ue: 19,
          dl_mcs: 28,
          ul_mcs: 26,
          ul_n_layer: 1,
          turbo_decoder_min: 1,
          turbo_decoder_avg: 1.867,
          turbo_decoder_max: 5,
          cqi: 15,
          ri: 2,
          ul_rank: 1,
          initial_ta: 1
        }
      ]
    }
  ],
  time: 220.594,
  utc: 1743788390.078
}

