{
  message: ready,
  type: ENB,
  name: ENB,
  version: 2023-06-10,
  time: 1505.944,
  utc: 1744831737.633
}
{
  message: ue_get,
  ue_list: [
    {
      ran_ue_id: 3,
      amf_ue_id: 102,
      qos_flow_list: [
        {
          pdu_session_id: 1,
          dl_total_bytes: 7593,
          ul_total_bytes: 7459,
          sst: 1
        },
        {
          pdu_session_id: 2,
          dl_total_bytes: 1684632,
          ul_total_bytes: 16526766851,
          sst: 1
        }
      ],
      rnti: 17923,
      cells: [
        {
          cell_id: 1,
          dl_bitrate: 176750,
          ul_bitrate: 92594874,
          dl_tx: 104,
          ul_tx: 1017,
          dl_err: 0,
          ul_err: 0,
          dl_retx: 0,
          ul_retx: 0,
          pusch_snr: 27.4,
          epre: -91.1,
          ul_phr: -9,
          ul_path_loss: 77.1,
          p_ue: 22,
          dl_mcs: 27.9,
          ul_mcs: 18.1,
          ul_n_layer: 1,
          turbo_decoder_min: 1,
          turbo_decoder_avg: 1.951,
          turbo_decoder_max: 3,
          cqi: 15,
          ri: 2,
          ul_rank: 1,
          initial_ta: 1
        }
      ]
    }
  ],
  time: 1505.946,
  utc: 1744831737.643
}

