{
  message: ready,
  type: ENB,
  name: ENB,
  version: 2023-06-10,
  time: 1501.268,
  utc: 1744084792.941
}
{
  message: ue_get,
  ue_list: [
    {
      ran_ue_id: 5,
      amf_ue_id: 104,
      qos_flow_list: [
        {
          pdu_session_id: 1,
          dl_total_bytes: 9649,
          ul_total_bytes: 7655,
          sst: 1
        },
        {
          pdu_session_id: 2,
          dl_total_bytes: 3313066,
          ul_total_bytes: 18644739771,
          sst: 1
        }
      ],
      rnti: 17925,
      cells: [
        {
          cell_id: 1,
          dl_bitrate: 115439,
          ul_bitrate: 95482882,
          dl_tx: 54,
          ul_tx: 646,
          dl_err: 0,
          ul_err: 0,
          dl_retx: 2,
          ul_retx: 8,
          pusch_snr: 25.5,
          epre: -94.7,
          ul_phr: 19,
          ul_path_loss: 77.2,
          p_ue: 0,
          dl_mcs: 25.5,
          ul_mcs: 23.4,
          ul_n_layer: 1,
          turbo_decoder_min: 1,
          turbo_decoder_avg: 2.493,
          turbo_decoder_max: 5,
          cqi: 15,
          ri: 2,
          ul_rank: 1,
          initial_ta: 0
        }
      ]
    }
  ],
  time: 1501.271,
  utc: 1744084792.953
}

