{
  message: ready,
  type: ENB,
  name: ENB,
  version: 2023-06-10,
  time: 334.875,
  utc: 1744068790.409
}
{
  message: ue_get,
  ue_list: [
    {
      ran_ue_id: 10,
      amf_ue_id: 109,
      qos_flow_list: [
        {
          pdu_session_id: 2,
          dl_total_bytes: 34566,
          ul_total_bytes: 38136,
          sst: 1
        }
      ],
      rnti: 17930,
      cells: [
        {
          cell_id: 1,
          dl_bitrate: 2166,
          ul_bitrate: 1079,
          dl_tx: 3,
          ul_tx: 1,
          dl_err: 0,
          ul_err: 0,
          dl_retx: 1,
          ul_retx: 0,
          pusch_snr: 28.6,
          epre: -91,
          ul_phr: 2,
          ul_path_loss: 83.2,
          p_ue: 6,
          dl_mcs: 13,
          ul_mcs: 26,
          ul_n_layer: 1,
          turbo_decoder_min: 1,
          turbo_decoder_avg: 1,
          turbo_decoder_max: 1,
          cqi: 10,
          ri: 2,
          ul_rank: 1,
          initial_ta: 1
        }
      ]
    },
    {
      ran_ue_id: 4,
      amf_ue_id: 103,
      qos_flow_list: [
        {
          pdu_session_id: 1,
          dl_total_bytes: 14937,
          ul_total_bytes: 9346,
          sst: 1
        },
        {
          pdu_session_id: 2,
          dl_total_bytes: 596644,
          ul_total_bytes: 3681760626,
          sst: 1
        }
      ],
      rnti: 17924,
      cells: [
        {
          cell_id: 1,
          dl_bitrate: 129837,
          ul_bitrate: 136021190,
          dl_tx: 88,
          ul_tx: 1216,
          dl_err: 0,
          ul_err: 0,
          dl_retx: 0,
          ul_retx: 29,
          pusch_snr: 21.2,
          epre: -99.5,
          ul_phr: 14,
          ul_path_loss: 68.8,
          p_ue: 5,
          dl_mcs: 22,
          ul_mcs: 18.5,
          ul_n_layer: 1,
          turbo_decoder_min: 0,
          turbo_decoder_avg: 2.346,
          turbo_decoder_max: 5,
          cqi: 14,
          ri: 2,
          ul_rank: 1,
          initial_ta: 1
        }
      ]
    }
  ],
  time: 334.876,
  utc: 1744068790.42
}

