{
  message: ready,
  type: ENB,
  name: ENB,
  version: 2023-06-10,
  time: 960.021,
  utc: 1744107460.391
}
{
  message: ue_get,
  ue_list: [
    {
      ran_ue_id: 36,
      amf_ue_id: 117,
      qos_flow_list: [
        {
          pdu_session_id: 2,
          dl_total_bytes: 15819,
          ul_total_bytes: 16326,
          sst: 1
        }
      ],
      rnti: 17956,
      cells: [
        {
          cell_id: 1,
          dl_bitrate: 157835,
          ul_bitrate: 154832,
          dl_tx: 46,
          ul_tx: 66,
          dl_err: 0,
          ul_err: 0,
          dl_retx: 16,
          ul_retx: 5,
          pusch_snr: 17.8,
          epre: -102.5,
          ul_phr: -2,
          ul_path_loss: 94.4,
          p_ue: 8,
          dl_mcs: 17.9,
          ul_mcs: 11.7,
          ul_n_layer: 1,
          turbo_decoder_min: 0,
          turbo_decoder_avg: 2.236,
          turbo_decoder_max: 5,
          cqi: 11,
          ri: 2,
          ul_rank: 1,
          initial_ta: 0
        }
      ]
    },
    {
      ran_ue_id: 35,
      amf_ue_id: 116,
      qos_flow_list: [],
      rnti: 17955,
      cells: [
        {
          cell_id: 1,
          dl_bitrate: 0,
          ul_bitrate: 0,
          dl_tx: 0,
          ul_tx: 0,
          dl_err: 0,
          ul_err: 0,
          dl_retx: 0,
          ul_retx: 0,
          pusch_snr: 14.3,
          epre: -107.7,
          ul_phr: -16,
          ul_path_loss: 124.1,
          p_ue: 24,
          cqi: 8,
          ri: 1,
          ul_rank: 1,
          initial_ta: 1
        }
      ]
    },
    {
      ran_ue_id: 6,
      amf_ue_id: 105,
      qos_flow_list: [
        {
          pdu_session_id: 1,
          dl_total_bytes: 9465,
          ul_total_bytes: 7453,
          sst: 1
        },
        {
          pdu_session_id: 2,
          dl_total_bytes: 1546795,
          ul_total_bytes: 13150620104,
          sst: 1
        }
      ],
      rnti: 17926,
      cells: [
        {
          cell_id: 1,
          dl_bitrate: 124263,
          ul_bitrate: 128031733,
          dl_tx: 88,
          ul_tx: 1165,
          dl_err: 0,
          ul_err: 0,
          dl_retx: 34,
          ul_retx: 47,
          pusch_snr: 26.7,
          epre: -91.9,
          ul_phr: -2,
          ul_path_loss: 77.8,
          p_ue: 19,
          dl_mcs: 23,
          ul_mcs: 19,
          ul_n_layer: 1,
          turbo_decoder_min: 1,
          turbo_decoder_avg: 1.68,
          turbo_decoder_max: 5,
          cqi: 15,
          ri: 2,
          ul_rank: 1,
          initial_ta: 1
        }
      ]
    }
  ],
  time: 960.023,
  utc: 1744107460.403
}

