{
  message: ready,
  type: ENB,
  name: ENB,
  version: 2023-06-10,
  time: 1274.539,
  utc: 1744107774.909
}
{
  message: ue_get,
  ue_list: [
    {
      ran_ue_id: 41,
      amf_ue_id: 122,
      qos_flow_list: [
        {
          pdu_session_id: 2,
          dl_total_bytes: 114908,
          ul_total_bytes: 58868,
          sst: 1
        }
      ],
      rnti: 17961,
      cells: [
        {
          cell_id: 1,
          dl_bitrate: 1935,
          ul_bitrate: 0,
          dl_tx: 2,
          ul_tx: 0,
          dl_err: 0,
          ul_err: 0,
          dl_retx: 0,
          ul_retx: 0,
          pusch_snr: 21.4,
          epre: -100.3,
          ul_phr: -8,
          ul_path_loss: 92.2,
          p_ue: 8,
          dl_mcs: 16,
          cqi: 11,
          ri: 2,
          ul_rank: 1,
          initial_ta: 1
        }
      ]
    },
    {
      ran_ue_id: 6,
      amf_ue_id: 105,
      qos_flow_list: [
        {
          pdu_session_id: 1,
          dl_total_bytes: 9649,
          ul_total_bytes: 7655,
          sst: 1
        },
        {
          pdu_session_id: 2,
          dl_total_bytes: 2461084,
          ul_total_bytes: 18018454672,
          sst: 1
        }
      ],
      rnti: 17926,
      cells: [
        {
          cell_id: 1,
          dl_bitrate: 140358,
          ul_bitrate: 113922788,
          dl_tx: 79,
          ul_tx: 1003,
          dl_err: 0,
          ul_err: 0,
          dl_retx: 2,
          ul_retx: 25,
          pusch_snr: 21.3,
          epre: -99.1,
          ul_phr: 7,
          ul_path_loss: 78.5,
          p_ue: 15,
          dl_mcs: 23.8,
          ul_mcs: 18.9,
          ul_n_layer: 1,
          turbo_decoder_min: 1,
          turbo_decoder_avg: 2.522,
          turbo_decoder_max: 5,
          cqi: 15,
          ri: 2,
          ul_rank: 1,
          initial_ta: 1
        }
      ]
    }
  ],
  time: 1274.541,
  utc: 1744107774.92
}

