{
  message: ready,
  type: ENB,
  name: ENB,
  version: 2023-06-10,
  time: 1757.222,
  utc: 1744099587.413
}
{
  message: ue_get,
  ue_list: [
    {
      ran_ue_id: 21,
      amf_ue_id: 120,
      qos_flow_list: [
        {
          pdu_session_id: 2,
          dl_total_bytes: 587,
          ul_total_bytes: 330,
          sst: 1
        }
      ],
      rnti: 17941,
      cells: [
        {
          cell_id: 1,
          dl_bitrate: 1020,
          ul_bitrate: 0,
          dl_tx: 2,
          ul_tx: 0,
          dl_err: 0,
          ul_err: 0,
          dl_retx: 0,
          ul_retx: 0,
          pusch_snr: 6.4,
          epre: -113.8,
          ul_phr: -25,
          ul_path_loss: 99.6,
          p_ue: 8,
          dl_mcs: 13,
          cqi: 6,
          ri: 2,
          ul_rank: 1,
          initial_ta: 1
        }
      ]
    },
    {
      ran_ue_id: 3,
      amf_ue_id: 102,
      qos_flow_list: [
        {
          pdu_session_id: 1,
          dl_total_bytes: 15041,
          ul_total_bytes: 8725,
          sst: 1
        },
        {
          pdu_session_id: 2,
          dl_total_bytes: 4281461,
          ul_total_bytes: 26396151435,
          sst: 1
        }
      ],
      rnti: 17923,
      cells: [
        {
          cell_id: 1,
          dl_bitrate: 147746,
          ul_bitrate: 136420432,
          dl_tx: 92,
          ul_tx: 1337,
          dl_err: 0,
          ul_err: 0,
          dl_retx: 6,
          ul_retx: 20,
          pusch_snr: 19,
          epre: -101.8,
          ul_phr: -3,
          ul_path_loss: 88.1,
          p_ue: 22,
          dl_mcs: 21.7,
          ul_mcs: 17.3,
          ul_n_layer: 1,
          turbo_decoder_min: 1,
          turbo_decoder_avg: 2.661,
          turbo_decoder_max: 5,
          cqi: 15,
          ri: 2,
          ul_rank: 1,
          initial_ta: 1
        }
      ]
    }
  ],
  time: 1757.223,
  utc: 1744099587.423
}

