{
  message: ready,
  type: ENB,
  name: ENB,
  version: 2023-06-10,
  time: 1589.208,
  utc: 1744194969.56
}
{
  message: ue_get,
  ue_list: [
    {
      ran_ue_id: 4,
      amf_ue_id: 103,
      qos_flow_list: [
        {
          pdu_session_id: 1,
          dl_total_bytes: 15892,
          ul_total_bytes: 8847,
          sst: 1
        },
        {
          pdu_session_id: 2,
          dl_total_bytes: 3736642,
          ul_total_bytes: 31692971985,
          sst: 1
        }
      ],
      rnti: 17924,
      cells: [
        {
          cell_id: 1,
          dl_bitrate: 137485,
          ul_bitrate: 179877184,
          dl_tx: 89,
          ul_tx: 1425,
          dl_err: 0,
          ul_err: 0,
          dl_retx: 0,
          ul_retx: 16,
          pusch_snr: 21.8,
          epre: -98.3,
          ul_phr: 11,
          ul_path_loss: 67.7,
          p_ue: 8,
          dl_mcs: 24,
          ul_mcs: 21.5,
          ul_n_layer: 1,
          turbo_decoder_min: 1,
          turbo_decoder_avg: 2.291,
          turbo_decoder_max: 5,
          cqi: 15,
          ri: 2,
          ul_rank: 1,
          initial_ta: 0
        }
      ]
    }
  ],
  time: 1589.21,
  utc: 1744194969.57
}

