{
  message: ready,
  type: ENB,
  name: ENB,
  version: 2023-06-10,
  time: 2721.552,
  utc: 1744112143.902
}
{
  message: ue_get,
  ue_list: [
    {
      ran_ue_id: 5,
      amf_ue_id: 103,
      qos_flow_list: [
        {
          pdu_session_id: 1,
          dl_total_bytes: 15232,
          ul_total_bytes: 8948,
          sst: 1
        },
        {
          pdu_session_id: 2,
          dl_total_bytes: 10003187,
          ul_total_bytes: 43488972844,
          sst: 1
        }
      ],
      rnti: 17925,
      cells: [
        {
          cell_id: 1,
          dl_bitrate: 176637,
          ul_bitrate: 132942762,
          dl_tx: 89,
          ul_tx: 1320,
          dl_err: 0,
          ul_err: 0,
          dl_retx: 65,
          ul_retx: 28,
          pusch_snr: 18.8,
          epre: -101.8,
          ul_phr: 10,
          ul_path_loss: 89.3,
          p_ue: 9,
          dl_mcs: 21.8,
          ul_mcs: 16.7,
          ul_n_layer: 1,
          turbo_decoder_min: 0,
          turbo_decoder_avg: 2.603,
          turbo_decoder_max: 5,
          cqi: 15,
          ri: 2,
          ul_rank: 1,
          initial_ta: 0
        }
      ]
    }
  ],
  time: 2721.554,
  utc: 1744112143.913
}

