{
  message: ready,
  type: ENB,
  name: ENB,
  version: 2023-06-10,
  time: 230.45,
  utc: 1744074838.604
}
{
  message: ue_get,
  ue_list: [
    {
      ran_ue_id: 4,
      amf_ue_id: 103,
      qos_flow_list: [
        {
          pdu_session_id: 1,
          dl_total_bytes: 14865,
          ul_total_bytes: 8539,
          sst: 1
        },
        {
          pdu_session_id: 2,
          dl_total_bytes: 426728,
          ul_total_bytes: 2633564850,
          sst: 1
        }
      ],
      rnti: 17924,
      cells: [
        {
          cell_id: 1,
          dl_bitrate: 122562,
          ul_bitrate: 133445028,
          dl_tx: 94,
          ul_tx: 1390,
          dl_err: 0,
          ul_err: 0,
          dl_retx: 24,
          ul_retx: 1,
          pusch_snr: 18.9,
          epre: -101.8,
          ul_phr: -10,
          ul_path_loss: 88,
          p_ue: 22,
          dl_mcs: 20.5,
          ul_mcs: 16.4,
          ul_n_layer: 1,
          turbo_decoder_min: 2,
          turbo_decoder_avg: 2.247,
          turbo_decoder_max: 5,
          cqi: 14,
          ri: 2,
          ul_rank: 1,
          initial_ta: 0
        }
      ]
    }
  ],
  time: 230.452,
  utc: 1744074838.615
}

