{
  message: ready,
  type: ENB,
  name: ENB,
  version: 2023-06-10,
  time: 236.874,
  utc: 1744074845.028
}
{
  message: ue_get,
  ue_list: [
    {
      ran_ue_id: 4,
      amf_ue_id: 103,
      qos_flow_list: [
        {
          pdu_session_id: 1,
          dl_total_bytes: 14865,
          ul_total_bytes: 8539,
          sst: 1
        },
        {
          pdu_session_id: 2,
          dl_total_bytes: 438818,
          ul_total_bytes: 2738012129,
          sst: 1
        }
      ],
      rnti: 17924,
      cells: [
        {
          cell_id: 1,
          dl_bitrate: 123791,
          ul_bitrate: 133612022,
          dl_tx: 94,
          ul_tx: 1377,
          dl_err: 0,
          ul_err: 0,
          dl_retx: 39,
          ul_retx: 1,
          pusch_snr: 18.8,
          epre: -101.8,
          ul_phr: -11,
          ul_path_loss: 88,
          p_ue: 22,
          dl_mcs: 21,
          ul_mcs: 16.6,
          ul_n_layer: 1,
          turbo_decoder_min: 0,
          turbo_decoder_avg: 2.27,
          turbo_decoder_max: 5,
          cqi: 14,
          ri: 2,
          ul_rank: 1,
          initial_ta: 0
        }
      ]
    }
  ],
  time: 236.875,
  utc: 1744074845.038
}

