{
  message: ready,
  type: ENB,
  name: ENB,
  version: 2023-06-10,
  time: 499.387,
  utc: 1743792719.581
}
{
  message: ue_get,
  ue_list: [
    {
      ran_ue_id: 15,
      amf_ue_id: 114,
      qos_flow_list: [
        {
          pdu_session_id: 1,
          dl_total_bytes: 0,
          ul_total_bytes: 0,
          sst: 1
        }
      ],
      rnti: 17935,
      cells: [
        {
          cell_id: 1,
          dl_bitrate: 4461,
          ul_bitrate: 0,
          dl_tx: 3,
          ul_tx: 0,
          dl_err: 0,
          ul_err: 0,
          dl_retx: 0,
          ul_retx: 0,
          pusch_snr: 28.8,
          epre: -86.8,
          ul_phr: 26,
          ul_path_loss: 63.2,
          p_ue: -8,
          dl_mcs: 27.7,
          cqi: 15,
          ri: 2,
          ul_rank: 1,
          initial_ta: 1
        }
      ]
    },
    {
      ran_ue_id: 5,
      amf_ue_id: 104,
      qos_flow_list: [
        {
          pdu_session_id: 1,
          dl_total_bytes: 14874,
          ul_total_bytes: 8546,
          sst: 1
        },
        {
          pdu_session_id: 2,
          dl_total_bytes: 739381,
          ul_total_bytes: 7614993817,
          sst: 1
        }
      ],
      rnti: 17925,
      cells: [
        {
          cell_id: 1,
          dl_bitrate: 151730,
          ul_bitrate: 149847332,
          dl_tx: 109,
          ul_tx: 1054,
          dl_err: 0,
          ul_err: 0,
          dl_retx: 0,
          ul_retx: 10,
          pusch_snr: 30.7,
          epre: -85.2,
          ul_phr: 1,
          ul_path_loss: 68.2,
          p_ue: 18,
          dl_mcs: 26.1,
          ul_mcs: 27,
          ul_n_layer: 1,
          turbo_decoder_min: 1,
          turbo_decoder_avg: 2.299,
          turbo_decoder_max: 5,
          cqi: 15,
          ri: 2,
          ul_rank: 1,
          initial_ta: 0
        }
      ]
    }
  ],
  time: 499.388,
  utc: 1743792719.591
}

