{
  message: ready,
  type: ENB,
  name: ENB,
  version: 2023-06-10,
  time: 2095.691,
  utc: 1744195476.043
}
{
  message: ue_get,
  ue_list: [
    {
      ran_ue_id: 41,
      amf_ue_id: 140,
      qos_flow_list: [
        {
          pdu_session_id: 2,
          dl_total_bytes: 0,
          ul_total_bytes: 244,
          sst: 1
        }
      ],
      rnti: 17961,
      cells: [
        {
          cell_id: 1,
          dl_bitrate: 2972,
          ul_bitrate: 0,
          dl_tx: 2,
          ul_tx: 0,
          dl_err: 0,
          ul_err: 0,
          dl_retx: 0,
          ul_retx: 0,
          pusch_snr: 28.8,
          epre: -86.6,
          ul_phr: 0,
          ul_path_loss: 82.5,
          p_ue: 8,
          dl_mcs: 24,
          cqi: 14,
          ri: 2,
          ul_rank: 1,
          initial_ta: 1
        }
      ]
    },
    {
      ran_ue_id: 4,
      amf_ue_id: 103,
      qos_flow_list: [
        {
          pdu_session_id: 1,
          dl_total_bytes: 16076,
          ul_total_bytes: 9049,
          sst: 1
        },
        {
          pdu_session_id: 2,
          dl_total_bytes: 5933787,
          ul_total_bytes: 41722955565,
          sst: 1
        }
      ],
      rnti: 17924,
      cells: [
        {
          cell_id: 1,
          dl_bitrate: 223544,
          ul_bitrate: 180687163,
          dl_tx: 91,
          ul_tx: 1502,
          dl_err: 0,
          ul_err: 0,
          dl_retx: 1,
          ul_retx: 17,
          pusch_snr: 20.6,
          epre: -100,
          ul_phr: 14,
          ul_path_loss: 68.6,
          p_ue: 5,
          dl_mcs: 25.5,
          ul_mcs: 20.2,
          ul_n_layer: 1,
          turbo_decoder_min: 1,
          turbo_decoder_avg: 3.18,
          turbo_decoder_max: 5,
          cqi: 15,
          ri: 2,
          ul_rank: 1,
          initial_ta: 0
        }
      ]
    }
  ],
  time: 2095.693,
  utc: 1744195476.053
}

