{
  message: ready,
  type: ENB,
  name: ENB,
  version: 2023-06-10,
  time: 2828.498,
  utc: 1744062436.824
}
{
  message: ue_get,
  ue_list: [
    {
      ran_ue_id: 3,
      amf_ue_id: 102,
      qos_flow_list: [
        {
          pdu_session_id: 1,
          dl_total_bytes: 15401,
          ul_total_bytes: 9145,
          sst: 1
        },
        {
          pdu_session_id: 2,
          dl_total_bytes: 10595172,
          ul_total_bytes: 41951980270,
          sst: 1
        }
      ],
      rnti: 17923,
      cells: [
        {
          cell_id: 1,
          dl_bitrate: 163201,
          ul_bitrate: 133922425,
          dl_tx: 109,
          ul_tx: 1057,
          dl_err: 0,
          ul_err: 0,
          dl_retx: 0,
          ul_retx: 11,
          pusch_snr: 25.7,
          epre: -94.5,
          ul_phr: -2,
          ul_path_loss: 77.6,
          p_ue: 19,
          dl_mcs: 28,
          ul_mcs: 24,
          ul_n_layer: 1,
          turbo_decoder_min: 1,
          turbo_decoder_avg: 2.669,
          turbo_decoder_max: 5,
          cqi: 15,
          ri: 2,
          ul_rank: 1,
          initial_ta: 1
        }
      ]
    }
  ],
  time: 2828.5,
  utc: 1744062436.834
}

