{
  message: ready,
  type: ENB,
  name: ENB,
  version: 2023-06-10,
  time: 685.049,
  utc: 1744110107.399
}
{
  message: ue_get,
  ue_list: [
    {
      ran_ue_id: 5,
      amf_ue_id: 103,
      qos_flow_list: [
        {
          pdu_session_id: 1,
          dl_total_bytes: 14864,
          ul_total_bytes: 8544,
          sst: 1
        },
        {
          pdu_session_id: 2,
          dl_total_bytes: 1224530,
          ul_total_bytes: 9981586914,
          sst: 1
        }
      ],
      rnti: 17925,
      cells: [
        {
          cell_id: 1,
          dl_bitrate: 98661,
          ul_bitrate: 125823915,
          dl_tx: 75,
          ul_tx: 1192,
          dl_err: 0,
          ul_err: 0,
          dl_retx: 40,
          ul_retx: 4,
          pusch_snr: 19,
          epre: -101.8,
          ul_phr: -5,
          ul_path_loss: 88.1,
          p_ue: 22,
          dl_mcs: 20.7,
          ul_mcs: 17.3,
          ul_n_layer: 1,
          turbo_decoder_min: 1,
          turbo_decoder_avg: 2.719,
          turbo_decoder_max: 5,
          cqi: 13,
          ri: 2,
          ul_rank: 1,
          initial_ta: 0
        }
      ]
    }
  ],
  time: 685.051,
  utc: 1744110107.41
}

