{
  message: ready,
  type: ENB,
  name: ENB,
  version: 2023-06-10,
  time: 2274.754,
  utc: 1744061883.079
}
{
  message: ue_get,
  ue_list: [
    {
      ran_ue_id: 53,
      amf_ue_id: 139,
      qos_flow_list: [
        {
          pdu_session_id: 2,
          dl_total_bytes: 454,
          ul_total_bytes: 373,
          sst: 1
        }
      ],
      rnti: 17973,
      cells: [
        {
          cell_id: 1,
          dl_bitrate: 2196,
          ul_bitrate: 0,
          dl_tx: 2,
          ul_tx: 0,
          dl_err: 0,
          ul_err: 0,
          dl_retx: 3,
          ul_retx: 0,
          pusch_snr: 17.8,
          epre: -100.8,
          ul_phr: -5,
          ul_path_loss: 102.4,
          p_ue: 8,
          dl_mcs: 22.5,
          cqi: 13,
          ri: 2,
          ul_rank: 1,
          initial_ta: 1
        }
      ]
    },
    {
      ran_ue_id: 3,
      amf_ue_id: 102,
      qos_flow_list: [
        {
          pdu_session_id: 1,
          dl_total_bytes: 15217,
          ul_total_bytes: 8943,
          sst: 1
        },
        {
          pdu_session_id: 2,
          dl_total_bytes: 7041121,
          ul_total_bytes: 33549160431,
          sst: 1
        }
      ],
      rnti: 17923,
      cells: [
        {
          cell_id: 1,
          dl_bitrate: 148466,
          ul_bitrate: 124952134,
          dl_tx: 108,
          ul_tx: 1060,
          dl_err: 0,
          ul_err: 0,
          dl_retx: 0,
          ul_retx: 10,
          pusch_snr: 24.5,
          epre: -96.1,
          ul_phr: 2,
          ul_path_loss: 78.1,
          p_ue: 17,
          dl_mcs: 25.9,
          ul_mcs: 22.7,
          ul_n_layer: 1,
          turbo_decoder_min: 1,
          turbo_decoder_avg: 2.799,
          turbo_decoder_max: 5,
          cqi: 15,
          ri: 2,
          ul_rank: 1,
          initial_ta: 1
        }
      ]
    }
  ],
  time: 2274.755,
  utc: 1744061883.09
}

