{
  message: ready,
  type: ENB,
  name: ENB,
  version: 2023-06-10,
  time: 820.493,
  utc: 1744208617.963
}
{
  message: ue_get,
  ue_list: [
    {
      ran_ue_id: 3,
      amf_ue_id: 102,
      qos_flow_list: [
        {
          pdu_session_id: 1,
          dl_total_bytes: 18986,
          ul_total_bytes: 8944,
          sst: 1
        },
        {
          pdu_session_id: 2,
          dl_total_bytes: 1449039,
          ul_total_bytes: 15853153685,
          sst: 1
        }
      ],
      rnti: 17923,
      cells: [
        {
          cell_id: 1,
          dl_bitrate: 136259,
          ul_bitrate: 180246165,
          dl_tx: 92,
          ul_tx: 1489,
          dl_err: 0,
          ul_err: 0,
          dl_retx: 7,
          ul_retx: 12,
          pusch_snr: 22.2,
          epre: -98.4,
          ul_phr: 4,
          ul_path_loss: 77.9,
          p_ue: 15,
          dl_mcs: 23,
          ul_mcs: 20.6,
          ul_n_layer: 1,
          turbo_decoder_min: 0,
          turbo_decoder_avg: 3.044,
          turbo_decoder_max: 5,
          cqi: 15,
          ri: 2,
          ul_rank: 1,
          initial_ta: 1
        }
      ]
    }
  ],
  time: 820.495,
  utc: 1744208617.974
}

