{
  message: ready,
  type: ENB,
  name: ENB,
  version: 2023-06-10,
  time: 1816.126,
  utc: 1744108316.497
}
{
  message: ue_get,
  ue_list: [
    {
      ran_ue_id: 6,
      amf_ue_id: 105,
      qos_flow_list: [
        {
          pdu_session_id: 1,
          dl_total_bytes: 9649,
          ul_total_bytes: 7655,
          sst: 1
        },
        {
          pdu_session_id: 2,
          dl_total_bytes: 4278676,
          ul_total_bytes: 26396955722,
          sst: 1
        }
      ],
      rnti: 17926,
      cells: [
        {
          cell_id: 1,
          dl_bitrate: 112942,
          ul_bitrate: 149188521,
          dl_tx: 75,
          ul_tx: 1236,
          dl_err: 0,
          ul_err: 0,
          dl_retx: 1,
          ul_retx: 0,
          pusch_snr: 21.8,
          epre: -99.1,
          ul_phr: 22,
          ul_path_loss: 77,
          p_ue: -3,
          dl_mcs: 23.5,
          ul_mcs: 19.6,
          ul_n_layer: 1,
          turbo_decoder_min: 1,
          turbo_decoder_avg: 2.784,
          turbo_decoder_max: 5,
          cqi: 15,
          ri: 2,
          ul_rank: 1,
          initial_ta: 1
        }
      ]
    }
  ],
  time: 1816.128,
  utc: 1744108316.507
}

