{
  message: ready,
  type: ENB,
  name: ENB,
  version: 2023-06-10,
  time: 1837.252,
  utc: 1744108337.622
}
{
  message: ue_get,
  ue_list: [
    {
      ran_ue_id: 58,
      amf_ue_id: 131,
      qos_flow_list: [],
      rnti: 17978,
      cells: [
        {
          cell_id: 1,
          dl_bitrate: 0,
          ul_bitrate: 0,
          dl_tx: 0,
          ul_tx: 0,
          dl_err: 0,
          ul_err: 0,
          dl_retx: 0,
          ul_retx: 0,
          pusch_snr: 12,
          epre: -109.2,
          ul_phr: -14,
          ul_path_loss: 121.8,
          p_ue: 24,
          cqi: 11,
          ri: 2,
          ul_rank: 1,
          initial_ta: 1
        }
      ]
    },
    {
      ran_ue_id: 57,
      amf_ue_id: 130,
      qos_flow_list: [
        {
          pdu_session_id: 2,
          dl_total_bytes: 9025,
          ul_total_bytes: 5001,
          sst: 1
        }
      ],
      rnti: 17977,
      cells: [
        {
          cell_id: 1,
          dl_bitrate: 1690,
          ul_bitrate: 0,
          dl_tx: 2,
          ul_tx: 0,
          dl_err: 0,
          ul_err: 0,
          dl_retx: 0,
          ul_retx: 0,
          pusch_snr: 18.1,
          epre: -100.8,
          ul_phr: -8,
          ul_path_loss: 91.6,
          p_ue: 8,
          dl_mcs: 14,
          cqi: 11,
          ri: 2,
          ul_rank: 1,
          initial_ta: 1
        }
      ]
    },
    {
      ran_ue_id: 6,
      amf_ue_id: 105,
      qos_flow_list: [
        {
          pdu_session_id: 1,
          dl_total_bytes: 9649,
          ul_total_bytes: 7655,
          sst: 1
        },
        {
          pdu_session_id: 2,
          dl_total_bytes: 4356425,
          ul_total_bytes: 26722265168,
          sst: 1
        }
      ],
      rnti: 17926,
      cells: [
        {
          cell_id: 1,
          dl_bitrate: 128099,
          ul_bitrate: 106946072,
          dl_tx: 70,
          ul_tx: 902,
          dl_err: 0,
          ul_err: 0,
          dl_retx: 0,
          ul_retx: 2,
          pusch_snr: 21.2,
          epre: -99.1,
          ul_phr: 22,
          ul_path_loss: 77.7,
          p_ue: -3,
          dl_mcs: 24,
          ul_mcs: 19.7,
          ul_n_layer: 1,
          turbo_decoder_min: 0,
          turbo_decoder_avg: 2.761,
          turbo_decoder_max: 5,
          cqi: 15,
          ri: 2,
          ul_rank: 1,
          initial_ta: 1
        }
      ]
    }
  ],
  time: 1837.254,
  utc: 1744108337.633
}

