{
  message: ready,
  type: ENB,
  name: ENB,
  version: 2023-06-10,
  time: 1035.331,
  utc: 1744840087.909
}
{
  message: ue_get,
  ue_list: [
    {
      ran_ue_id: 2,
      amf_ue_id: 101,
      qos_flow_list: [
        {
          pdu_session_id: 1,
          dl_total_bytes: 7409,
          ul_total_bytes: 7257,
          sst: 1
        },
        {
          pdu_session_id: 2,
          dl_total_bytes: 358564,
          ul_total_bytes: 319280791,
          sst: 1
        }
      ],
      rnti: 17922,
      cells: [
        {
          cell_id: 1,
          dl_bitrate: 30808,
          ul_bitrate: 5113803,
          dl_tx: 32,
          ul_tx: 1031,
          dl_err: 0,
          ul_err: 0,
          dl_retx: 3,
          ul_retx: 16,
          pusch_snr: 8.1,
          epre: -113.1,
          ul_phr: -25,
          ul_path_loss: 110.7,
          p_ue: 23,
          dl_mcs: 18,
          ul_mcs: 4,
          ul_n_layer: 1,
          turbo_decoder_min: 0,
          turbo_decoder_avg: 2.236,
          turbo_decoder_max: 5,
          cqi: 12,
          ri: 2,
          ul_rank: 1,
          initial_ta: 1
        }
      ]
    }
  ],
  time: 1035.334,
  utc: 1744840087.92
}

