{
  message: ready,
  type: ENB,
  name: ENB,
  version: 2023-06-10,
  time: 2087.615,
  utc: 1744215675.434
}
{
  message: ue_get,
  ue_list: [
    {
      ran_ue_id: 3,
      amf_ue_id: 102,
      qos_flow_list: [
        {
          pdu_session_id: 1,
          dl_total_bytes: 15158,
          ul_total_bytes: 8843,
          sst: 1
        },
        {
          pdu_session_id: 2,
          dl_total_bytes: 5771674,
          ul_total_bytes: 21617163936,
          sst: 1
        }
      ],
      rnti: 17923,
      cells: [
        {
          cell_id: 1,
          dl_bitrate: 160583,
          ul_bitrate: 92418049,
          dl_tx: 101,
          ul_tx: 1649,
          dl_err: 0,
          ul_err: 0,
          dl_retx: 12,
          ul_retx: 17,
          pusch_snr: 10.2,
          epre: -110.8,
          ul_phr: -16,
          ul_path_loss: 98,
          p_ue: 23,
          dl_mcs: 14.2,
          ul_mcs: 9.1,
          ul_n_layer: 1,
          turbo_decoder_min: 1,
          turbo_decoder_avg: 3.512,
          turbo_decoder_max: 5,
          cqi: 13,
          ri: 2,
          ul_rank: 1,
          initial_ta: 1
        }
      ]
    }
  ],
  time: 2087.616,
  utc: 1744215675.445
}

