{
  message: ready,
  type: ENB,
  name: ENB,
  version: 2023-06-10,
  time: 832.097,
  utc: 1744836835.765
}
{
  message: ue_get,
  ue_list: [
    {
      ran_ue_id: 3,
      amf_ue_id: 102,
      qos_flow_list: [
        {
          pdu_session_id: 1,
          dl_total_bytes: 7410,
          ul_total_bytes: 7258,
          sst: 1
        },
        {
          pdu_session_id: 2,
          dl_total_bytes: 481640,
          ul_total_bytes: 2379019286,
          sst: 1
        }
      ],
      rnti: 17923,
      cells: [
        {
          cell_id: 1,
          dl_bitrate: 72183,
          ul_bitrate: 25092057,
          dl_tx: 57,
          ul_tx: 1045,
          dl_err: 0,
          ul_err: 0,
          dl_retx: 1,
          ul_retx: 0,
          pusch_snr: 11.1,
          epre: -109.4,
          ul_phr: -25,
          ul_path_loss: 97.8,
          p_ue: 23,
          dl_mcs: 24,
          ul_mcs: 4.2,
          ul_n_layer: 1,
          turbo_decoder_min: 0,
          turbo_decoder_avg: 2.153,
          turbo_decoder_max: 3,
          cqi: 15,
          ri: 2,
          ul_rank: 1,
          initial_ta: 1
        }
      ]
    }
  ],
  time: 832.099,
  utc: 1744836835.776
}

