{
  message: ready,
  type: ENB,
  name: ENB,
  version: 2023-06-10,
  time: 2817.684,
  utc: 1744083198.227
}
{
  message: ue_get,
  ue_list: [
    {
      ran_ue_id: 4,
      amf_ue_id: 103,
      qos_flow_list: [
        {
          pdu_session_id: 1,
          dl_total_bytes: 15409,
          ul_total_bytes: 9145,
          sst: 1
        },
        {
          pdu_session_id: 2,
          dl_total_bytes: 10292781,
          ul_total_bytes: 36080875933,
          sst: 1
        }
      ],
      rnti: 17924,
      cells: [
        {
          cell_id: 1,
          dl_bitrate: 151086,
          ul_bitrate: 114169036,
          dl_tx: 63,
          ul_tx: 901,
          dl_err: 0,
          ul_err: 0,
          dl_retx: 3,
          ul_retx: 16,
          pusch_snr: 22,
          epre: -98.5,
          ul_phr: 32,
          ul_path_loss: 67.2,
          p_ue: -13,
          dl_mcs: 23,
          ul_mcs: 20.5,
          ul_n_layer: 1,
          turbo_decoder_min: 1,
          turbo_decoder_avg: 2.863,
          turbo_decoder_max: 5,
          cqi: 15,
          ri: 2,
          ul_rank: 1,
          initial_ta: 1
        }
      ]
    }
  ],
  time: 2817.685,
  utc: 1744083198.238
}

