{
  message: ready,
  type: ENB,
  name: ENB,
  version: 2023-06-10,
  time: 1300.889,
  utc: 1744214888.709
}
{
  message: ue_get,
  ue_list: [
    {
      ran_ue_id: 3,
      amf_ue_id: 102,
      qos_flow_list: [
        {
          pdu_session_id: 1,
          dl_total_bytes: 14974,
          ul_total_bytes: 8641,
          sst: 1
        },
        {
          pdu_session_id: 2,
          dl_total_bytes: 2716731,
          ul_total_bytes: 12785601146,
          sst: 1
        }
      ],
      rnti: 17923,
      cells: [
        {
          cell_id: 1,
          dl_bitrate: 114346,
          ul_bitrate: 92342070,
          dl_tx: 96,
          ul_tx: 1701,
          dl_err: 0,
          ul_err: 0,
          dl_retx: 18,
          ul_retx: 17,
          pusch_snr: 10.4,
          epre: -110.8,
          ul_phr: -12,
          ul_path_loss: 98.1,
          p_ue: 23,
          dl_mcs: 13.6,
          ul_mcs: 9.1,
          ul_n_layer: 1,
          turbo_decoder_min: 1,
          turbo_decoder_avg: 3.508,
          turbo_decoder_max: 5,
          cqi: 10,
          ri: 2,
          ul_rank: 1,
          initial_ta: 1
        }
      ]
    }
  ],
  time: 1300.891,
  utc: 1744214888.719
}

