{
  message: ready,
  type: ENB,
  name: ENB,
  version: 2023-06-10,
  time: 543.717,
  utc: 1744080924.261
}
{
  message: ue_get,
  ue_list: [
    {
      ran_ue_id: 4,
      amf_ue_id: 103,
      qos_flow_list: [
        {
          pdu_session_id: 1,
          dl_total_bytes: 14857,
          ul_total_bytes: 8539,
          sst: 1
        },
        {
          pdu_session_id: 2,
          dl_total_bytes: 970465,
          ul_total_bytes: 6282259087,
          sst: 1
        }
      ],
      rnti: 17924,
      cells: [
        {
          cell_id: 1,
          dl_bitrate: 77568,
          ul_bitrate: 93695309,
          dl_tx: 49,
          ul_tx: 575,
          dl_err: 0,
          ul_err: 0,
          dl_retx: 1,
          ul_retx: 4,
          pusch_snr: 27.6,
          epre: -91.5,
          ul_phr: 28,
          ul_path_loss: 68.2,
          p_ue: -9,
          dl_mcs: 23,
          ul_mcs: 25.2,
          ul_n_layer: 1,
          turbo_decoder_min: 1,
          turbo_decoder_avg: 2.153,
          turbo_decoder_max: 5,
          cqi: 15,
          ri: 2,
          ul_rank: 1,
          initial_ta: 1
        }
      ]
    }
  ],
  time: 543.719,
  utc: 1744080924.272
}

