{
  message: ready,
  type: ENB,
  name: ENB,
  version: 2023-06-10,
  time: 2250.416,
  utc: 1744215838.235
}
{
  message: ue_get,
  ue_list: [
    {
      ran_ue_id: 3,
      amf_ue_id: 102,
      qos_flow_list: [
        {
          pdu_session_id: 1,
          dl_total_bytes: 15158,
          ul_total_bytes: 8843,
          sst: 1
        },
        {
          pdu_session_id: 2,
          dl_total_bytes: 6823091,
          ul_total_bytes: 23476454921,
          sst: 1
        }
      ],
      rnti: 17923,
      cells: [
        {
          cell_id: 1,
          dl_bitrate: 115249,
          ul_bitrate: 85254169,
          dl_tx: 89,
          ul_tx: 1714,
          dl_err: 0,
          ul_err: 0,
          dl_retx: 30,
          ul_retx: 0,
          pusch_snr: 10.1,
          epre: -110.8,
          ul_phr: -18,
          ul_path_loss: 98.1,
          p_ue: 23,
          dl_mcs: 13.3,
          ul_mcs: 8.2,
          ul_n_layer: 1,
          turbo_decoder_min: 2,
          turbo_decoder_avg: 3.161,
          turbo_decoder_max: 5,
          cqi: 10,
          ri: 2,
          ul_rank: 1,
          initial_ta: 1
        }
      ]
    }
  ],
  time: 2250.417,
  utc: 1744215838.245
}

