{
  message: ready,
  type: ENB,
  name: ENB,
  version: 2023-06-10,
  time: 231.838,
  utc: 1743864454.895
}
{
  message: ue_get,
  ue_list: [
    {
      ran_ue_id: 7,
      amf_ue_id: 106,
      qos_flow_list: [
        {
          pdu_session_id: 1,
          dl_total_bytes: 9566,
          ul_total_bytes: 7507,
          sst: 1
        },
        {
          pdu_session_id: 2,
          dl_total_bytes: 20321,
          ul_total_bytes: 11606,
          sst: 1
        }
      ],
      rnti: 17927,
      cells: [
        {
          cell_id: 1,
          dl_bitrate: 3776,
          ul_bitrate: 0,
          dl_tx: 2,
          ul_tx: 0,
          dl_err: 0,
          ul_err: 0,
          dl_retx: 0,
          ul_retx: 0,
          pusch_snr: 26.4,
          epre: -90,
          ul_phr: -8,
          ul_path_loss: 84,
          p_ue: 8,
          dl_mcs: 25,
          cqi: 15,
          ri: 2,
          ul_rank: 1,
          initial_ta: 1
        }
      ]
    },
    {
      ran_ue_id: 3,
      amf_ue_id: 102,
      qos_flow_list: [
        {
          pdu_session_id: 1,
          dl_total_bytes: 14866,
          ul_total_bytes: 8546,
          sst: 1
        },
        {
          pdu_session_id: 2,
          dl_total_bytes: 359824,
          ul_total_bytes: 3631444994,
          sst: 1
        }
      ],
      rnti: 17923,
      cells: [
        {
          cell_id: 1,
          dl_bitrate: 194141,
          ul_bitrate: 177948947,
          dl_tx: 100,
          ul_tx: 1275,
          dl_err: 0,
          ul_err: 0,
          dl_retx: 2,
          ul_retx: 11,
          pusch_snr: 24.6,
          epre: -95.6,
          ul_phr: 10,
          ul_path_loss: 68.1,
          p_ue: 9,
          dl_mcs: 25,
          ul_mcs: 22.9,
          ul_n_layer: 1,
          turbo_decoder_min: 1,
          turbo_decoder_avg: 2.353,
          turbo_decoder_max: 5,
          cqi: 15,
          ri: 2,
          ul_rank: 1,
          initial_ta: 1
        }
      ]
    }
  ],
  time: 231.84,
  utc: 1743864454.905
}

