{
  message: ready,
  type: ENB,
  name: ENB,
  version: 2023-06-10,
  time: 1532.508,
  utc: 1744110954.858
}
{
  message: ue_get,
  ue_list: [
    {
      ran_ue_id: 5,
      amf_ue_id: 103,
      qos_flow_list: [
        {
          pdu_session_id: 1,
          dl_total_bytes: 15048,
          ul_total_bytes: 8746,
          sst: 1
        },
        {
          pdu_session_id: 2,
          dl_total_bytes: 3556134,
          ul_total_bytes: 23872813050,
          sst: 1
        }
      ],
      rnti: 17925,
      cells: [
        {
          cell_id: 1,
          dl_bitrate: 140965,
          ul_bitrate: 136714229,
          dl_tx: 90,
          ul_tx: 1312,
          dl_err: 0,
          ul_err: 0,
          dl_retx: 27,
          ul_retx: 19,
          pusch_snr: 18.8,
          epre: -101.7,
          ul_phr: -3,
          ul_path_loss: 85.2,
          p_ue: 22,
          dl_mcs: 21.1,
          ul_mcs: 17.8,
          ul_n_layer: 1,
          turbo_decoder_min: 1,
          turbo_decoder_avg: 2.92,
          turbo_decoder_max: 5,
          cqi: 12,
          ri: 2,
          ul_rank: 1,
          initial_ta: 0
        }
      ]
    }
  ],
  time: 1532.51,
  utc: 1744110954.869
}

