{
  message: ready,
  type: ENB,
  name: ENB,
  version: 2023-06-10,
  time: 1526.127,
  utc: 1744110948.477
}
{
  message: ue_get,
  ue_list: [
    {
      ran_ue_id: 5,
      amf_ue_id: 103,
      qos_flow_list: [
        {
          pdu_session_id: 1,
          dl_total_bytes: 15048,
          ul_total_bytes: 8746,
          sst: 1
        },
        {
          pdu_session_id: 2,
          dl_total_bytes: 3533642,
          ul_total_bytes: 23765606904,
          sst: 1
        }
      ],
      rnti: 17925,
      cells: [
        {
          cell_id: 1,
          dl_bitrate: 109728,
          ul_bitrate: 122374182,
          dl_tx: 83,
          ul_tx: 1152,
          dl_err: 0,
          ul_err: 0,
          dl_retx: 24,
          ul_retx: 14,
          pusch_snr: 19,
          epre: -101.9,
          ul_phr: 12,
          ul_path_loss: 87.6,
          p_ue: 7,
          dl_mcs: 21.1,
          ul_mcs: 18,
          ul_n_layer: 1,
          turbo_decoder_min: 1,
          turbo_decoder_avg: 2.962,
          turbo_decoder_max: 5,
          cqi: 14,
          ri: 2,
          ul_rank: 1,
          initial_ta: 0
        }
      ]
    }
  ],
  time: 1526.128,
  utc: 1744110948.487
}

