{
  message: ready,
  type: ENB,
  name: ENB,
  version: 2023-06-10,
  time: 1771.12,
  utc: 1744209568.59
}
{
  message: ue_get,
  ue_list: [
    {
      ran_ue_id: 66,
      amf_ue_id: 142,
      qos_flow_list: [
        {
          pdu_session_id: 2,
          dl_total_bytes: 19149,
          ul_total_bytes: 12197,
          sst: 1
        },
        {
          pdu_session_id: 1,
          dl_total_bytes: 92,
          ul_total_bytes: 101,
          sst: 1
        }
      ],
      rnti: 17994,
      cells: [
        {
          cell_id: 1,
          dl_bitrate: 1243,
          ul_bitrate: 2741,
          dl_tx: 2,
          ul_tx: 5,
          dl_err: 0,
          ul_err: 0,
          dl_retx: 1,
          ul_retx: 0,
          pusch_snr: 17.7,
          epre: -101.9,
          ul_phr: -5,
          ul_path_loss: 96.3,
          p_ue: 8,
          dl_mcs: 11,
          ul_mcs: 4,
          ul_n_layer: 1,
          turbo_decoder_min: 1,
          turbo_decoder_avg: 1.2,
          turbo_decoder_max: 2,
          cqi: 9,
          ri: 2,
          ul_rank: 1,
          initial_ta: 1
        }
      ]
    },
    {
      ran_ue_id: 3,
      amf_ue_id: 102,
      qos_flow_list: [
        {
          pdu_session_id: 1,
          dl_total_bytes: 26626,
          ul_total_bytes: 10434,
          sst: 1
        },
        {
          pdu_session_id: 2,
          dl_total_bytes: 4347264,
          ul_total_bytes: 36049463081,
          sst: 1
        }
      ],
      rnti: 17923,
      cells: [
        {
          cell_id: 1,
          dl_bitrate: 154778,
          ul_bitrate: 179861877,
          dl_tx: 95,
          ul_tx: 1455,
          dl_err: 0,
          ul_err: 0,
          dl_retx: 0,
          ul_retx: 9,
          pusch_snr: 22.2,
          epre: -98.2,
          ul_phr: 3,
          ul_path_loss: 78.4,
          p_ue: 16,
          dl_mcs: 25,
          ul_mcs: 21,
          ul_n_layer: 1,
          turbo_decoder_min: 1,
          turbo_decoder_avg: 2.691,
          turbo_decoder_max: 5,
          cqi: 15,
          ri: 2,
          ul_rank: 1,
          initial_ta: 1
        }
      ]
    }
  ],
  time: 1771.122,
  utc: 1744209568.601
}

