{
  message: ready,
  type: ENB,
  name: ENB,
  version: 2023-06-10,
  time: 1101.337,
  utc: 1744107601.708
}
{
  message: ue_get,
  ue_list: [
    {
      ran_ue_id: 6,
      amf_ue_id: 105,
      qos_flow_list: [
        {
          pdu_session_id: 1,
          dl_total_bytes: 9649,
          ul_total_bytes: 7655,
          sst: 1
        },
        {
          pdu_session_id: 2,
          dl_total_bytes: 1893984,
          ul_total_bytes: 15352950642,
          sst: 1
        }
      ],
      rnti: 17926,
      cells: [
        {
          cell_id: 1,
          dl_bitrate: 138353,
          ul_bitrate: 134159251,
          dl_tx: 81,
          ul_tx: 1103,
          dl_err: 0,
          ul_err: 0,
          dl_retx: 10,
          ul_retx: 0,
          pusch_snr: 25.7,
          epre: -94.5,
          ul_phr: 15,
          ul_path_loss: 79.6,
          p_ue: 4,
          dl_mcs: 22.8,
          ul_mcs: 20.1,
          ul_n_layer: 1,
          turbo_decoder_min: 1,
          turbo_decoder_avg: 1.994,
          turbo_decoder_max: 3,
          cqi: 15,
          ri: 2,
          ul_rank: 1,
          initial_ta: 1
        }
      ]
    }
  ],
  time: 1101.339,
  utc: 1744107601.718
}

