{
  message: ready,
  type: ENB,
  name: ENB,
  version: 2023-06-10,
  time: 470.286,
  utc: 1744857839.112
}
{
  message: ue_get,
  ue_list: [
    {
      ran_ue_id: 10,
      amf_ue_id: 109,
      qos_flow_list: [],
      rnti: 17930,
      cells: [
        {
          cell_id: 1,
          dl_bitrate: 0,
          ul_bitrate: 0,
          dl_tx: 0,
          ul_tx: 0,
          dl_err: 0,
          ul_err: 0,
          dl_retx: 0,
          ul_retx: 0,
          pusch_snr: 12.6,
          epre: -108.3,
          ul_phr: -18,
          ul_path_loss: 116.5,
          p_ue: 24,
          cqi: 3,
          ri: 1,
          ul_rank: 1,
          initial_ta: 1
        }
      ]
    },
    {
      ran_ue_id: 4,
      amf_ue_id: 103,
      qos_flow_list: [
        {
          pdu_session_id: 1,
          dl_total_bytes: 7410,
          ul_total_bytes: 7252,
          sst: 1
        },
        {
          pdu_session_id: 2,
          dl_total_bytes: 279261,
          ul_total_bytes: 4611611978,
          sst: 1
        }
      ],
      rnti: 17924,
      cells: [
        {
          cell_id: 1,
          dl_bitrate: 87420,
          ul_bitrate: 104721888,
          dl_tx: 70,
          ul_tx: 902,
          dl_err: 0,
          ul_err: 0,
          dl_retx: 0,
          ul_retx: 0,
          pusch_snr: 25.6,
          epre: -93.8,
          ul_phr: -6,
          ul_path_loss: 76.9,
          p_ue: 22,
          dl_mcs: 21,
          ul_mcs: 20.7,
          ul_n_layer: 1,
          turbo_decoder_min: 1,
          turbo_decoder_avg: 2.328,
          turbo_decoder_max: 5,
          cqi: 14,
          ri: 2,
          ul_rank: 1,
          initial_ta: 1
        }
      ]
    }
  ],
  time: 470.287,
  utc: 1744857839.123
}

