{
  message: ready,
  type: ENB,
  name: ENB,
  version: 2023-06-10,
  time: 2735.366,
  utc: 1744083115.91
}
{
  message: ue_get,
  ue_list: [
    {
      ran_ue_id: 4,
      amf_ue_id: 103,
      qos_flow_list: [
        {
          pdu_session_id: 1,
          dl_total_bytes: 15225,
          ul_total_bytes: 8943,
          sst: 1
        },
        {
          pdu_session_id: 2,
          dl_total_bytes: 9811480,
          ul_total_bytes: 34941807843,
          sst: 1
        }
      ],
      rnti: 17924,
      cells: [
        {
          cell_id: 1,
          dl_bitrate: 205537,
          ul_bitrate: 135178868,
          dl_tx: 85,
          ul_tx: 1118,
          dl_err: 0,
          ul_err: 0,
          dl_retx: 2,
          ul_retx: 4,
          pusch_snr: 21.3,
          epre: -99.5,
          ul_phr: 36,
          ul_path_loss: 67.3,
          p_ue: -14,
          dl_mcs: 25.9,
          ul_mcs: 19.9,
          ul_n_layer: 1,
          turbo_decoder_min: 1,
          turbo_decoder_avg: 3.05,
          turbo_decoder_max: 5,
          cqi: 15,
          ri: 2,
          ul_rank: 1,
          initial_ta: 1
        }
      ]
    }
  ],
  time: 2735.368,
  utc: 1744083115.921
}

