{
  message: ready,
  type: ENB,
  name: ENB,
  version: 2023-06-10,
  time: 2650.785,
  utc: 1744074013.759
}
{
  message: ue_get,
  ue_list: [
    {
      ran_ue_id: 46,
      amf_ue_id: 102,
      qos_flow_list: [
        {
          pdu_session_id: 1,
          dl_total_bytes: 15233,
          ul_total_bytes: 8943,
          sst: 1
        },
        {
          pdu_session_id: 2,
          dl_total_bytes: 7228937,
          ul_total_bytes: 32237808057,
          sst: 1
        }
      ],
      rnti: 17986,
      cells: [
        {
          cell_id: 1,
          dl_bitrate: 178681,
          ul_bitrate: 132945486,
          dl_tx: 82,
          ul_tx: 1098,
          dl_err: 0,
          ul_err: 0,
          dl_retx: 0,
          ul_retx: 9,
          pusch_snr: 21.6,
          epre: -99.2,
          ul_phr: 4,
          ul_path_loss: 78.5,
          p_ue: 15,
          dl_mcs: 21,
          ul_mcs: 20,
          ul_n_layer: 1,
          turbo_decoder_min: 1,
          turbo_decoder_avg: 2.929,
          turbo_decoder_max: 5,
          cqi: 14,
          ri: 2,
          ul_rank: 1,
          initial_ta: 1
        }
      ]
    }
  ],
  time: 2650.786,
  utc: 1744074013.77
}

