{
  message: ready,
  type: ENB,
  name: ENB,
  version: 2023-06-10,
  time: 280.803,
  utc: 1744068736.338
}
{
  message: ue_get,
  ue_list: [
    {
      ran_ue_id: 4,
      amf_ue_id: 103,
      qos_flow_list: [
        {
          pdu_session_id: 1,
          dl_total_bytes: 14937,
          ul_total_bytes: 9346,
          sst: 1
        },
        {
          pdu_session_id: 2,
          dl_total_bytes: 504689,
          ul_total_bytes: 2885564750,
          sst: 1
        }
      ],
      rnti: 17924,
      cells: [
        {
          cell_id: 1,
          dl_bitrate: 127537,
          ul_bitrate: 112889401,
          dl_tx: 74,
          ul_tx: 954,
          dl_err: 0,
          ul_err: 0,
          dl_retx: 0,
          ul_retx: 15,
          pusch_snr: 19,
          epre: -102,
          ul_phr: 36,
          ul_path_loss: 69.1,
          p_ue: -14,
          dl_mcs: 26,
          ul_mcs: 20,
          ul_n_layer: 1,
          turbo_decoder_min: 1,
          turbo_decoder_avg: 3.163,
          turbo_decoder_max: 5,
          cqi: 14,
          ri: 2,
          ul_rank: 1,
          initial_ta: 1
        }
      ]
    }
  ],
  time: 280.804,
  utc: 1744068736.348
}

