{
  message: ready,
  type: ENB,
  name: ENB,
  version: 2023-06-10,
  time: 2307.741,
  utc: 1744195688.092
}
{
  message: ue_get,
  ue_list: [
    {
      ran_ue_id: 4,
      amf_ue_id: 103,
      qos_flow_list: [
        {
          pdu_session_id: 1,
          dl_total_bytes: 16076,
          ul_total_bytes: 9049,
          sst: 1
        },
        {
          pdu_session_id: 2,
          dl_total_bytes: 7287310,
          ul_total_bytes: 46434195141,
          sst: 1
        }
      ],
      rnti: 17924,
      cells: [
        {
          cell_id: 1,
          dl_bitrate: 201842,
          ul_bitrate: 144596167,
          dl_tx: 93,
          ul_tx: 1584,
          dl_err: 0,
          ul_err: 0,
          dl_retx: 2,
          ul_retx: 42,
          pusch_snr: 19.5,
          epre: -101,
          ul_phr: 11,
          ul_path_loss: 74,
          p_ue: 11,
          dl_mcs: 24.1,
          ul_mcs: 15.5,
          ul_n_layer: 1,
          turbo_decoder_min: 1,
          turbo_decoder_avg: 2.598,
          turbo_decoder_max: 5,
          cqi: 15,
          ri: 2,
          ul_rank: 1,
          initial_ta: 0
        }
      ]
    }
  ],
  time: 2307.743,
  utc: 1744195688.103
}

