{
  message: ready,
  type: ENB,
  name: ENB,
  version: 2023-06-10,
  time: 364.276,
  utc: 1744059972.601
}
{
  message: ue_get,
  ue_list: [
    {
      ran_ue_id: 3,
      amf_ue_id: 102,
      qos_flow_list: [
        {
          pdu_session_id: 1,
          dl_total_bytes: 14849,
          ul_total_bytes: 8539,
          sst: 1
        },
        {
          pdu_session_id: 2,
          dl_total_bytes: 656101,
          ul_total_bytes: 4882736891,
          sst: 1
        }
      ],
      rnti: 17923,
      cells: [
        {
          cell_id: 1,
          dl_bitrate: 151338,
          ul_bitrate: 130044215,
          dl_tx: 115,
          ul_tx: 1065,
          dl_err: 0,
          ul_err: 0,
          dl_retx: 0,
          ul_retx: 10,
          pusch_snr: 25.9,
          epre: -93.9,
          ul_phr: -2,
          ul_path_loss: 78.1,
          p_ue: 19,
          dl_mcs: 25,
          ul_mcs: 23.5,
          ul_n_layer: 1,
          turbo_decoder_min: 1,
          turbo_decoder_avg: 2.49,
          turbo_decoder_max: 5,
          cqi: 15,
          ri: 2,
          ul_rank: 1,
          initial_ta: 1
        }
      ]
    }
  ],
  time: 364.277,
  utc: 1744059972.612
}

