{
  message: ready,
  type: ENB,
  name: ENB,
  version: 2023-06-10,
  time: 1034.886,
  utc: 1744072397.861
}
{
  message: ue_get,
  ue_list: [
    {
      ran_ue_id: 46,
      amf_ue_id: 102,
      qos_flow_list: [
        {
          pdu_session_id: 1,
          dl_total_bytes: 14865,
          ul_total_bytes: 8539,
          sst: 1
        },
        {
          pdu_session_id: 2,
          dl_total_bytes: 1214742,
          ul_total_bytes: 8926274480,
          sst: 1
        }
      ],
      rnti: 17986,
      cells: [
        {
          cell_id: 1,
          dl_bitrate: 106100,
          ul_bitrate: 111445251,
          dl_tx: 68,
          ul_tx: 945,
          dl_err: 0,
          ul_err: 0,
          dl_retx: 2,
          ul_retx: 10,
          pusch_snr: 22.3,
          epre: -96.1,
          ul_phr: 4,
          ul_path_loss: 78.4,
          p_ue: 15,
          dl_mcs: 23.7,
          ul_mcs: 20.1,
          ul_n_layer: 1,
          turbo_decoder_min: 1,
          turbo_decoder_avg: 2.94,
          turbo_decoder_max: 5,
          cqi: 14,
          ri: 2,
          ul_rank: 1,
          initial_ta: 1
        }
      ]
    }
  ],
  time: 1034.888,
  utc: 1744072397.871
}

