{
  message: ready,
  type: ENB,
  name: ENB,
  version: 2023-06-10,
  time: 194.17,
  utc: 1744092195.522
}
{
  message: ue_get,
  ue_list: [
    {
      ran_ue_id: 3,
      amf_ue_id: 102,
      qos_flow_list: [
        {
          pdu_session_id: 1,
          dl_total_bytes: 14865,
          ul_total_bytes: 8545,
          sst: 1
        },
        {
          pdu_session_id: 2,
          dl_total_bytes: 354936,
          ul_total_bytes: 1763497711,
          sst: 1
        }
      ],
      rnti: 17923,
      cells: [
        {
          cell_id: 1,
          dl_bitrate: 101531,
          ul_bitrate: 106770468,
          dl_tx: 63,
          ul_tx: 783,
          dl_err: 0,
          ul_err: 0,
          dl_retx: 0,
          ul_retx: 1,
          pusch_snr: 25.5,
          epre: -93.4,
          ul_phr: 26,
          ul_path_loss: 69.6,
          p_ue: -7,
          dl_mcs: 24,
          ul_mcs: 22.9,
          ul_n_layer: 1,
          turbo_decoder_min: 0,
          turbo_decoder_avg: 2.133,
          turbo_decoder_max: 5,
          cqi: 15,
          ri: 2,
          ul_rank: 1,
          initial_ta: 0
        }
      ]
    }
  ],
  time: 194.172,
  utc: 1744092195.533
}

