{
  message: ready,
  type: ENB,
  name: ENB,
  version: 2023-06-10,
  time: 2398.388,
  utc: 1744070853.922
}
{
  message: ue_get,
  ue_list: [
    {
      ran_ue_id: 67,
      amf_ue_id: 143,
      qos_flow_list: [
        {
          pdu_session_id: 2,
          dl_total_bytes: 0,
          ul_total_bytes: 122,
          sst: 1
        }
      ],
      rnti: 17995,
      cells: [
        {
          cell_id: 1,
          dl_bitrate: 2,
          ul_bitrate: 2,
          dl_tx: 5,
          ul_tx: 11,
          dl_err: 0,
          ul_err: 0,
          dl_retx: 0,
          ul_retx: 0,
          pusch_snr: 27.6,
          epre: -91.6,
          ul_phr: 3,
          ul_path_loss: 95.7,
          p_ue: 5,
          dl_mcs: 11.8,
          ul_mcs: 11.2,
          ul_n_layer: 1,
          turbo_decoder_min: 1,
          turbo_decoder_avg: 1.455,
          turbo_decoder_max: 3,
          cqi: 15,
          ri: 2,
          ul_rank: 1,
          initial_ta: 1
        }
      ]
    },
    {
      ran_ue_id: 4,
      amf_ue_id: 103,
      qos_flow_list: [
        {
          pdu_session_id: 1,
          dl_total_bytes: 15305,
          ul_total_bytes: 9750,
          sst: 1
        },
        {
          pdu_session_id: 2,
          dl_total_bytes: 7718294,
          ul_total_bytes: 32115236267,
          sst: 1
        }
      ],
      rnti: 17924,
      cells: [
        {
          cell_id: 1,
          dl_bitrate: 181623,
          ul_bitrate: 115668946,
          dl_tx: 67,
          ul_tx: 899,
          dl_err: 0,
          ul_err: 0,
          dl_retx: 0,
          ul_retx: 13,
          pusch_snr: 21.8,
          epre: -98.9,
          ul_phr: 13,
          ul_path_loss: 68.7,
          p_ue: 6,
          dl_mcs: 26,
          ul_mcs: 21,
          ul_n_layer: 1,
          turbo_decoder_min: 1,
          turbo_decoder_avg: 3.001,
          turbo_decoder_max: 5,
          cqi: 14,
          ri: 2,
          ul_rank: 1,
          initial_ta: 1
        }
      ]
    }
  ],
  time: 2398.389,
  utc: 1744070853.933
}

