{
  message: ready,
  type: ENB,
  name: ENB,
  version: 2023-06-10,
  time: 2406.918,
  utc: 1744070862.452
}
{
  message: ue_get,
  ue_list: [
    {
      ran_ue_id: 67,
      amf_ue_id: 143,
      qos_flow_list: [
        {
          pdu_session_id: 2,
          dl_total_bytes: 0,
          ul_total_bytes: 244,
          sst: 1
        }
      ],
      rnti: 17995,
      cells: [
        {
          cell_id: 1,
          dl_bitrate: 1512,
          ul_bitrate: 5571,
          dl_tx: 2,
          ul_tx: 4,
          dl_err: 0,
          ul_err: 0,
          dl_retx: 0,
          ul_retx: 0,
          pusch_snr: 25.9,
          epre: -93.8,
          ul_phr: 4,
          ul_path_loss: 81.3,
          p_ue: 4,
          dl_mcs: 13,
          ul_mcs: 23.5,
          ul_n_layer: 1,
          turbo_decoder_min: 1,
          turbo_decoder_avg: 2,
          turbo_decoder_max: 3,
          cqi: 10,
          ri: 2,
          ul_rank: 1,
          initial_ta: 1
        }
      ]
    },
    {
      ran_ue_id: 4,
      amf_ue_id: 103,
      qos_flow_list: [
        {
          pdu_session_id: 1,
          dl_total_bytes: 15305,
          ul_total_bytes: 9750,
          sst: 1
        },
        {
          pdu_session_id: 2,
          dl_total_bytes: 7795561,
          ul_total_bytes: 32239068340,
          sst: 1
        }
      ],
      rnti: 17924,
      cells: [
        {
          cell_id: 1,
          dl_bitrate: 139001,
          ul_bitrate: 78506227,
          dl_tx: 57,
          ul_tx: 685,
          dl_err: 0,
          ul_err: 0,
          dl_retx: 2,
          ul_retx: 0,
          pusch_snr: 22.7,
          epre: -97.2,
          ul_phr: 36,
          ul_path_loss: 68.8,
          p_ue: -14,
          dl_mcs: 22.2,
          ul_mcs: 18.9,
          ul_n_layer: 1,
          turbo_decoder_min: 1,
          turbo_decoder_avg: 2.4,
          turbo_decoder_max: 5,
          cqi: 14,
          ri: 2,
          ul_rank: 1,
          initial_ta: 1
        }
      ]
    }
  ],
  time: 2406.92,
  utc: 1744070862.463
}

