{
  message: ready,
  type: ENB,
  name: ENB,
  version: 2023-06-10,
  time: 400.64,
  utc: 1743864623.696
}
{
  message: ue_get,
  ue_list: [
    {
      ran_ue_id: 3,
      amf_ue_id: 102,
      qos_flow_list: [
        {
          pdu_session_id: 1,
          dl_total_bytes: 14866,
          ul_total_bytes: 8546,
          sst: 1
        },
        {
          pdu_session_id: 2,
          dl_total_bytes: 598957,
          ul_total_bytes: 7341023066,
          sst: 1
        }
      ],
      rnti: 17923,
      cells: [
        {
          cell_id: 1,
          dl_bitrate: 165046,
          ul_bitrate: 193908824,
          dl_tx: 94,
          ul_tx: 1233,
          dl_err: 0,
          ul_err: 0,
          dl_retx: 2,
          ul_retx: 17,
          pusch_snr: 27.5,
          epre: -92.7,
          ul_phr: 8,
          ul_path_loss: 68.5,
          p_ue: 11,
          dl_mcs: 23.2,
          ul_mcs: 24.3,
          ul_n_layer: 1,
          turbo_decoder_min: 1,
          turbo_decoder_avg: 2.45,
          turbo_decoder_max: 5,
          cqi: 15,
          ri: 2,
          ul_rank: 1,
          initial_ta: 1
        }
      ]
    }
  ],
  time: 400.641,
  utc: 1743864623.707
}

