{
  message: ready,
  type: ENB,
  name: ENB,
  version: 2023-06-10,
  time: 2151.122,
  utc: 1744082531.666
}
{
  message: ue_get,
  ue_list: [
    {
      ran_ue_id: 4,
      amf_ue_id: 103,
      qos_flow_list: [
        {
          pdu_session_id: 1,
          dl_total_bytes: 15225,
          ul_total_bytes: 8943,
          sst: 1
        },
        {
          pdu_session_id: 2,
          dl_total_bytes: 6101817,
          ul_total_bytes: 27418621995,
          sst: 1
        }
      ],
      rnti: 17924,
      cells: [
        {
          cell_id: 1,
          dl_bitrate: 82959,
          ul_bitrate: 88801739,
          dl_tx: 51,
          ul_tx: 563,
          dl_err: 0,
          ul_err: 0,
          dl_retx: 34,
          ul_retx: 3,
          pusch_snr: 33.6,
          epre: -87.4,
          ul_phr: 26,
          ul_path_loss: 68.1,
          p_ue: -7,
          dl_mcs: 23,
          ul_mcs: 25.1,
          ul_n_layer: 1,
          turbo_decoder_min: 1,
          turbo_decoder_avg: 2.089,
          turbo_decoder_max: 5,
          cqi: 15,
          ri: 2,
          ul_rank: 1,
          initial_ta: 1
        }
      ]
    }
  ],
  time: 2151.125,
  utc: 1744082531.677
}

