{
  message: ready,
  type: ENB,
  name: ENB,
  version: 2023-06-10,
  time: 2150.048,
  utc: 1744082530.591
}
{
  message: ue_get,
  ue_list: [
    {
      ran_ue_id: 4,
      amf_ue_id: 103,
      qos_flow_list: [
        {
          pdu_session_id: 1,
          dl_total_bytes: 15225,
          ul_total_bytes: 8943,
          sst: 1
        },
        {
          pdu_session_id: 2,
          dl_total_bytes: 6099432,
          ul_total_bytes: 27406942348,
          sst: 1
        }
      ],
      rnti: 17924,
      cells: [
        {
          cell_id: 1,
          dl_bitrate: 73911,
          ul_bitrate: 86340268,
          dl_tx: 47,
          ul_tx: 526,
          dl_err: 0,
          ul_err: 0,
          dl_retx: 23,
          ul_retx: 15,
          pusch_snr: 28.3,
          epre: -90.5,
          ul_phr: 26,
          ul_path_loss: 67.1,
          p_ue: -7,
          dl_mcs: 23.1,
          ul_mcs: 25.4,
          ul_n_layer: 1,
          turbo_decoder_min: 1,
          turbo_decoder_avg: 2.125,
          turbo_decoder_max: 5,
          cqi: 15,
          ri: 2,
          ul_rank: 1,
          initial_ta: 1
        }
      ]
    }
  ],
  time: 2150.049,
  utc: 1744082530.602
}

