{
  message: ready,
  type: ENB,
  name: ENB,
  version: 2023-06-10,
  time: 855.37,
  utc: 1743864045.386
}
{
  message: ue_get,
  ue_list: [
    {
      ran_ue_id: 4,
      amf_ue_id: 103,
      qos_flow_list: [
        {
          pdu_session_id: 1,
          dl_total_bytes: 14866,
          ul_total_bytes: 8540,
          sst: 1
        },
        {
          pdu_session_id: 2,
          dl_total_bytes: 1211925,
          ul_total_bytes: 17158817563,
          sst: 1
        }
      ],
      rnti: 17924,
      cells: [
        {
          cell_id: 1,
          dl_bitrate: 157123,
          ul_bitrate: 154758013,
          dl_tx: 85,
          ul_tx: 1222,
          dl_err: 0,
          ul_err: 0,
          dl_retx: 1,
          ul_retx: 22,
          pusch_snr: 22.3,
          epre: -98.3,
          ul_phr: 13,
          ul_path_loss: 68.9,
          p_ue: 6,
          dl_mcs: 24,
          ul_mcs: 20.9,
          ul_n_layer: 1,
          turbo_decoder_min: 1,
          turbo_decoder_avg: 3.04,
          turbo_decoder_max: 5,
          cqi: 15,
          ri: 2,
          ul_rank: 1,
          initial_ta: 1
        }
      ]
    }
  ],
  time: 855.372,
  utc: 1743864045.397
}

