{
  message: ready,
  type: ENB,
  name: ENB,
  version: 2023-06-10,
  time: 320.312,
  utc: 1744193700.663
}
{
  message: ue_get,
  ue_list: [
    {
      ran_ue_id: 4,
      amf_ue_id: 103,
      qos_flow_list: [
        {
          pdu_session_id: 1,
          dl_total_bytes: 15708,
          ul_total_bytes: 8645,
          sst: 1
        },
        {
          pdu_session_id: 2,
          dl_total_bytes: 582439,
          ul_total_bytes: 4839278146,
          sst: 1
        }
      ],
      rnti: 17924,
      cells: [
        {
          cell_id: 1,
          dl_bitrate: 86817,
          ul_bitrate: 105636890,
          dl_tx: 52,
          ul_tx: 637,
          dl_err: 0,
          ul_err: 0,
          dl_retx: 1,
          ul_retx: 7,
          pusch_snr: 30.1,
          epre: -88.4,
          ul_phr: 26,
          ul_path_loss: 67.1,
          p_ue: -7,
          dl_mcs: 24.2,
          ul_mcs: 26.1,
          ul_n_layer: 1,
          turbo_decoder_min: 1,
          turbo_decoder_avg: 2.108,
          turbo_decoder_max: 5,
          cqi: 15,
          ri: 2,
          ul_rank: 1,
          initial_ta: 0
        }
      ]
    }
  ],
  time: 320.313,
  utc: 1744193700.674
}

