{
  message: ready,
  type: ENB,
  name: ENB,
  version: 2023-06-10,
  time: 1066.655,
  utc: 1744081447.199
}
{
  message: ue_get,
  ue_list: [
    {
      ran_ue_id: 4,
      amf_ue_id: 103,
      qos_flow_list: [
        {
          pdu_session_id: 1,
          dl_total_bytes: 15041,
          ul_total_bytes: 8741,
          sst: 1
        },
        {
          pdu_session_id: 2,
          dl_total_bytes: 1974116,
          ul_total_bytes: 13166696917,
          sst: 1
        }
      ],
      rnti: 17924,
      cells: [
        {
          cell_id: 1,
          dl_bitrate: 138172,
          ul_bitrate: 112659232,
          dl_tx: 66,
          ul_tx: 912,
          dl_err: 0,
          ul_err: 0,
          dl_retx: 0,
          ul_retx: 17,
          pusch_snr: 24.3,
          epre: -96.5,
          ul_phr: 11,
          ul_path_loss: 68.8,
          p_ue: 8,
          dl_mcs: 26.2,
          ul_mcs: 21.1,
          ul_n_layer: 1,
          turbo_decoder_min: 1,
          turbo_decoder_avg: 2.21,
          turbo_decoder_max: 5,
          cqi: 15,
          ri: 2,
          ul_rank: 1,
          initial_ta: 1
        }
      ]
    }
  ],
  time: 1066.657,
  utc: 1744081447.209
}

