{
  message: ready,
  type: ENB,
  name: ENB,
  version: 2023-06-10,
  time: 1162.121,
  utc: 1744104771.801
}
{
  message: ue_get,
  ue_list: [
    {
      ran_ue_id: 3,
      amf_ue_id: 102,
      qos_flow_list: [
        {
          pdu_session_id: 1,
          dl_total_bytes: 15047,
          ul_total_bytes: 8745,
          sst: 1
        },
        {
          pdu_session_id: 2,
          dl_total_bytes: 2284465,
          ul_total_bytes: 16220115594,
          sst: 1
        }
      ],
      rnti: 17923,
      cells: [
        {
          cell_id: 1,
          dl_bitrate: 132574,
          ul_bitrate: 140201253,
          dl_tx: 85,
          ul_tx: 1153,
          dl_err: 0,
          ul_err: 0,
          dl_retx: 1,
          ul_retx: 13,
          pusch_snr: 23.3,
          epre: -97.1,
          ul_phr: 11,
          ul_path_loss: 68.7,
          p_ue: 8,
          dl_mcs: 24,
          ul_mcs: 20.9,
          ul_n_layer: 1,
          turbo_decoder_min: 1,
          turbo_decoder_avg: 2.277,
          turbo_decoder_max: 5,
          cqi: 15,
          ri: 2,
          ul_rank: 1,
          initial_ta: 1
        }
      ]
    }
  ],
  time: 1162.123,
  utc: 1744104771.812
}

