{
  message: ready,
  type: ENB,
  name: ENB,
  version: 2023-06-10,
  time: 2404.301,
  utc: 1744100234.492
}
{
  message: ue_get,
  ue_list: [
    {
      ran_ue_id: 3,
      amf_ue_id: 102,
      qos_flow_list: [
        {
          pdu_session_id: 1,
          dl_total_bytes: 15225,
          ul_total_bytes: 8927,
          sst: 1
        },
        {
          pdu_session_id: 2,
          dl_total_bytes: 7872853,
          ul_total_bytes: 37085636648,
          sst: 1
        }
      ],
      rnti: 17923,
      cells: [
        {
          cell_id: 1,
          dl_bitrate: 186863,
          ul_bitrate: 136665632,
          dl_tx: 97,
          ul_tx: 1392,
          dl_err: 0,
          ul_err: 0,
          dl_retx: 7,
          ul_retx: 1,
          pusch_snr: 18.7,
          epre: -101.9,
          ul_phr: -10,
          ul_path_loss: 88,
          p_ue: 22,
          dl_mcs: 20.7,
          ul_mcs: 17.1,
          ul_n_layer: 1,
          turbo_decoder_min: 2,
          turbo_decoder_avg: 2.465,
          turbo_decoder_max: 5,
          cqi: 14,
          ri: 2,
          ul_rank: 1,
          initial_ta: 1
        }
      ]
    }
  ],
  time: 2404.303,
  utc: 1744100234.503
}

