{
  message: ready,
  type: ENB,
  name: ENB,
  version: 2023-06-10,
  time: 2413.942,
  utc: 1744100244.133
}
{
  message: ue_get,
  ue_list: [
    {
      ran_ue_id: 3,
      amf_ue_id: 102,
      qos_flow_list: [
        {
          pdu_session_id: 1,
          dl_total_bytes: 15225,
          ul_total_bytes: 8927,
          sst: 1
        },
        {
          pdu_session_id: 2,
          dl_total_bytes: 7959983,
          ul_total_bytes: 37247373662,
          sst: 1
        }
      ],
      rnti: 17923,
      cells: [
        {
          cell_id: 1,
          dl_bitrate: 182653,
          ul_bitrate: 135566667,
          dl_tx: 94,
          ul_tx: 1373,
          dl_err: 0,
          ul_err: 0,
          dl_retx: 18,
          ul_retx: 1,
          pusch_snr: 18.9,
          epre: -101.9,
          ul_phr: -9,
          ul_path_loss: 88.6,
          p_ue: 22,
          dl_mcs: 21.4,
          ul_mcs: 16.7,
          ul_n_layer: 1,
          turbo_decoder_min: 2,
          turbo_decoder_avg: 2.392,
          turbo_decoder_max: 5,
          cqi: 14,
          ri: 2,
          ul_rank: 1,
          initial_ta: 1
        }
      ]
    }
  ],
  time: 2413.943,
  utc: 1744100244.143
}

