{
  message: ready,
  type: ENB,
  name: ENB,
  version: 2023-06-10,
  time: 242.066,
  utc: 1744182089.949
}
{
  message: ue_get,
  ue_list: [
    {
      ran_ue_id: 3,
      amf_ue_id: 102,
      qos_flow_list: [
        {
          pdu_session_id: 1,
          dl_total_bytes: 14925,
          ul_total_bytes: 8600,
          sst: 1
        },
        {
          pdu_session_id: 2,
          dl_total_bytes: 432900,
          ul_total_bytes: 3466576331,
          sst: 1
        }
      ],
      rnti: 17923,
      cells: [
        {
          cell_id: 1,
          dl_bitrate: 117394,
          ul_bitrate: 127165188,
          dl_tx: 71,
          ul_tx: 968,
          dl_err: 0,
          ul_err: 0,
          dl_retx: 0,
          ul_retx: 12,
          pusch_snr: 25.6,
          epre: -94.5,
          ul_phr: 28,
          ul_path_loss: 67.1,
          p_ue: -9,
          dl_mcs: 25.2,
          ul_mcs: 22.2,
          ul_n_layer: 1,
          turbo_decoder_min: 0,
          turbo_decoder_avg: 2.11,
          turbo_decoder_max: 5,
          cqi: 15,
          ri: 2,
          ul_rank: 1,
          initial_ta: 1
        }
      ]
    }
  ],
  time: 242.069,
  utc: 1744182089.961
}

