{
  message: ready,
  type: ENB,
  name: ENB,
  version: 2023-06-10,
  time: 455.912,
  utc: 1744830687.601
}
{
  message: ue_get,
  ue_list: [
    {
      ran_ue_id: 3,
      amf_ue_id: 102,
      qos_flow_list: [
        {
          pdu_session_id: 1,
          dl_total_bytes: 7409,
          ul_total_bytes: 7257,
          sst: 1
        },
        {
          pdu_session_id: 2,
          dl_total_bytes: 290753,
          ul_total_bytes: 4460977767,
          sst: 1
        }
      ],
      rnti: 17923,
      cells: [
        {
          cell_id: 1,
          dl_bitrate: 158613,
          ul_bitrate: 87007470,
          dl_tx: 106,
          ul_tx: 1073,
          dl_err: 0,
          ul_err: 0,
          dl_retx: 0,
          ul_retx: 0,
          pusch_snr: 27,
          epre: -90.9,
          ul_phr: -10,
          ul_path_loss: 77.1,
          p_ue: 22,
          dl_mcs: 28,
          ul_mcs: 16,
          ul_n_layer: 1,
          turbo_decoder_min: 1,
          turbo_decoder_avg: 1.768,
          turbo_decoder_max: 3,
          cqi: 15,
          ri: 2,
          ul_rank: 1,
          initial_ta: 1
        }
      ]
    }
  ],
  time: 455.913,
  utc: 1744830687.611
}

