{
  message: ready,
  type: ENB,
  name: ENB,
  version: 2023-06-10,
  time: 2541.125,
  utc: 1744100371.316
}
{
  message: ue_get,
  ue_list: [
    {
      ran_ue_id: 3,
      amf_ue_id: 102,
      qos_flow_list: [
        {
          pdu_session_id: 1,
          dl_total_bytes: 15225,
          ul_total_bytes: 8927,
          sst: 1
        },
        {
          pdu_session_id: 2,
          dl_total_bytes: 8789951,
          ul_total_bytes: 39372895500,
          sst: 1
        }
      ],
      rnti: 17923,
      cells: [
        {
          cell_id: 1,
          dl_bitrate: 178952,
          ul_bitrate: 133775455,
          dl_tx: 94,
          ul_tx: 1279,
          dl_err: 0,
          ul_err: 0,
          dl_retx: 4,
          ul_retx: 20,
          pusch_snr: 18.8,
          epre: -101.9,
          ul_phr: -8,
          ul_path_loss: 88.2,
          p_ue: 22,
          dl_mcs: 21.3,
          ul_mcs: 17.8,
          ul_n_layer: 1,
          turbo_decoder_min: 1,
          turbo_decoder_avg: 2.819,
          turbo_decoder_max: 5,
          cqi: 14,
          ri: 2,
          ul_rank: 1,
          initial_ta: 1
        }
      ]
    }
  ],
  time: 2541.127,
  utc: 1744100371.327
}

