{
  message: ready,
  type: ENB,
  name: ENB,
  version: 2023-06-10,
  time: 267.326,
  utc: 1744844279.293
}
{
  message: ue_get,
  ue_list: [
    {
      ran_ue_id: 3,
      amf_ue_id: 102,
      qos_flow_list: [
        {
          pdu_session_id: 1,
          dl_total_bytes: 7410,
          ul_total_bytes: 7230,
          sst: 1
        },
        {
          pdu_session_id: 2,
          dl_total_bytes: 191393,
          ul_total_bytes: 2292612173,
          sst: 1
        }
      ],
      rnti: 17923,
      cells: [
        {
          cell_id: 1,
          dl_bitrate: 137653,
          ul_bitrate: 94542376,
          dl_tx: 95,
          ul_tx: 926,
          dl_err: 0,
          ul_err: 0,
          dl_retx: 1,
          ul_retx: 2,
          pusch_snr: 26.7,
          epre: -93,
          ul_phr: -7,
          ul_path_loss: 74.9,
          p_ue: 19,
          dl_mcs: 26.4,
          ul_mcs: 20.6,
          ul_n_layer: 1,
          turbo_decoder_min: 1,
          turbo_decoder_avg: 2.296,
          turbo_decoder_max: 5,
          cqi: 15,
          ri: 2,
          ul_rank: 1,
          initial_ta: 1
        }
      ]
    }
  ],
  time: 267.327,
  utc: 1744844279.304
}

