{
  message: ready,
  type: ENB,
  name: ENB,
  version: 2023-06-10,
  time: 1360.488,
  utc: 1744107860.859
}
{
  message: ue_get,
  ue_list: [
    {
      ran_ue_id: 6,
      amf_ue_id: 105,
      qos_flow_list: [
        {
          pdu_session_id: 1,
          dl_total_bytes: 9649,
          ul_total_bytes: 7655,
          sst: 1
        },
        {
          pdu_session_id: 2,
          dl_total_bytes: 2743377,
          ul_total_bytes: 19372818817,
          sst: 1
        }
      ],
      rnti: 17926,
      cells: [
        {
          cell_id: 1,
          dl_bitrate: 154092,
          ul_bitrate: 137920023,
          dl_tx: 85,
          ul_tx: 1167,
          dl_err: 0,
          ul_err: 0,
          dl_retx: 0,
          ul_retx: 22,
          pusch_snr: 21,
          epre: -99.7,
          ul_phr: 7,
          ul_path_loss: 78.4,
          p_ue: 15,
          dl_mcs: 24.6,
          ul_mcs: 19.3,
          ul_n_layer: 1,
          turbo_decoder_min: 1,
          turbo_decoder_avg: 2.566,
          turbo_decoder_max: 5,
          cqi: 15,
          ri: 2,
          ul_rank: 1,
          initial_ta: 1
        }
      ]
    }
  ],
  time: 1360.49,
  utc: 1744107860.869
}

