{
  message: ready,
  type: ENB,
  name: ENB,
  version: 2023-06-10,
  time: 1981.957,
  utc: 1744201099.327
}
{
  message: ue_get,
  ue_list: [
    {
      ran_ue_id: 4,
      amf_ue_id: 103,
      qos_flow_list: [
        {
          pdu_session_id: 1,
          dl_total_bytes: 15233,
          ul_total_bytes: 8949,
          sst: 1
        },
        {
          pdu_session_id: 2,
          dl_total_bytes: 5172262,
          ul_total_bytes: 34583391624,
          sst: 1
        }
      ],
      rnti: 17924,
      cells: [
        {
          cell_id: 1,
          dl_bitrate: 196245,
          ul_bitrate: 174729249,
          dl_tx: 99,
          ul_tx: 1606,
          dl_err: 0,
          ul_err: 0,
          dl_retx: 1,
          ul_retx: 15,
          pusch_snr: 19.3,
          epre: -101.4,
          ul_phr: -3,
          ul_path_loss: 87.4,
          p_ue: 22,
          dl_mcs: 21,
          ul_mcs: 18,
          ul_n_layer: 1,
          turbo_decoder_min: 1,
          turbo_decoder_avg: 2.992,
          turbo_decoder_max: 5,
          cqi: 14,
          ri: 2,
          ul_rank: 1,
          initial_ta: 1
        }
      ]
    }
  ],
  time: 1981.958,
  utc: 1744201099.338
}

