{
  message: ready,
  type: ENB,
  name: ENB,
  version: 2023-06-10,
  time: 1989.476,
  utc: 1744201106.847
}
{
  message: ue_get,
  ue_list: [
    {
      ran_ue_id: 4,
      amf_ue_id: 103,
      qos_flow_list: [
        {
          pdu_session_id: 1,
          dl_total_bytes: 15233,
          ul_total_bytes: 8949,
          sst: 1
        },
        {
          pdu_session_id: 2,
          dl_total_bytes: 5239646,
          ul_total_bytes: 34728449665,
          sst: 1
        }
      ],
      rnti: 17924,
      cells: [
        {
          cell_id: 1,
          dl_bitrate: 179858,
          ul_bitrate: 154977546,
          dl_tx: 95,
          ul_tx: 1625,
          dl_err: 0,
          ul_err: 0,
          dl_retx: 1,
          ul_retx: 0,
          pusch_snr: 19.6,
          epre: -101.2,
          ul_phr: -11,
          ul_path_loss: 87.2,
          p_ue: 22,
          dl_mcs: 21,
          ul_mcs: 16,
          ul_n_layer: 1,
          turbo_decoder_min: 1,
          turbo_decoder_avg: 2.169,
          turbo_decoder_max: 4,
          cqi: 14,
          ri: 2,
          ul_rank: 1,
          initial_ta: 1
        }
      ]
    }
  ],
  time: 1989.478,
  utc: 1744201106.857
}

