{
  message: ready,
  type: ENB,
  name: ENB,
  version: 2023-06-10,
  time: 1233.357,
  utc: 1744057974.653
}
{
  message: ue_get,
  ue_list: [
    {
      ran_ue_id: 51,
      amf_ue_id: 104,
      qos_flow_list: [
        {
          pdu_session_id: 1,
          dl_total_bytes: 15039,
          ul_total_bytes: 8745,
          sst: 1
        },
        {
          pdu_session_id: 2,
          dl_total_bytes: 2542838,
          ul_total_bytes: 17843479411,
          sst: 1
        }
      ],
      rnti: 17971,
      cells: [
        {
          cell_id: 1,
          dl_bitrate: 197154,
          ul_bitrate: 108593787,
          dl_tx: 114,
          ul_tx: 1063,
          dl_err: 0,
          ul_err: 0,
          dl_retx: 0,
          ul_retx: 11,
          pusch_snr: 20.9,
          epre: -99.7,
          ul_phr: 14,
          ul_path_loss: 68.6,
          p_ue: 5,
          dl_mcs: 28,
          ul_mcs: 20,
          ul_n_layer: 1,
          turbo_decoder_min: 1,
          turbo_decoder_avg: 3.283,
          turbo_decoder_max: 5,
          cqi: 15,
          ri: 2,
          ul_rank: 1,
          initial_ta: 1
        }
      ]
    }
  ],
  time: 1233.359,
  utc: 1744057974.664
}

