{
  message: ready,
  type: ENB,
  name: ENB,
  version: 2023-06-10,
  time: 1572.916,
  utc: 1744215160.735
}
{
  message: ue_get,
  ue_list: [
    {
      ran_ue_id: 3,
      amf_ue_id: 102,
      qos_flow_list: [
        {
          pdu_session_id: 1,
          dl_total_bytes: 14974,
          ul_total_bytes: 8641,
          sst: 1
        },
        {
          pdu_session_id: 2,
          dl_total_bytes: 3619688,
          ul_total_bytes: 15871219177,
          sst: 1
        }
      ],
      rnti: 17923,
      cells: [
        {
          cell_id: 1,
          dl_bitrate: 88115,
          ul_bitrate: 92709307,
          dl_tx: 89,
          ul_tx: 1647,
          dl_err: 0,
          ul_err: 0,
          dl_retx: 15,
          ul_retx: 17,
          pusch_snr: 9.7,
          epre: -110.9,
          ul_phr: -16,
          ul_path_loss: 98,
          p_ue: 23,
          dl_mcs: 14.4,
          ul_mcs: 9.1,
          ul_n_layer: 1,
          turbo_decoder_min: 1,
          turbo_decoder_avg: 3.532,
          turbo_decoder_max: 5,
          cqi: 10,
          ri: 2,
          ul_rank: 1,
          initial_ta: 1
        }
      ]
    }
  ],
  time: 1572.917,
  utc: 1744215160.746
}

