{
  message: ready,
  type: ENB,
  name: ENB,
  version: 2023-06-10,
  time: 2652.016,
  utc: 1744083032.559
}
{
  message: ue_get,
  ue_list: [
    {
      ran_ue_id: 4,
      amf_ue_id: 103,
      qos_flow_list: [
        {
          pdu_session_id: 1,
          dl_total_bytes: 15225,
          ul_total_bytes: 8943,
          sst: 1
        },
        {
          pdu_session_id: 2,
          dl_total_bytes: 9270393,
          ul_total_bytes: 33818428023,
          sst: 1
        }
      ],
      rnti: 17924,
      cells: [
        {
          cell_id: 1,
          dl_bitrate: 82559,
          ul_bitrate: 77072791,
          dl_tx: 47,
          ul_tx: 513,
          dl_err: 0,
          ul_err: 0,
          dl_retx: 0,
          ul_retx: 4,
          pusch_snr: 26.4,
          epre: -93.4,
          ul_phr: 26,
          ul_path_loss: 68,
          p_ue: -7,
          dl_mcs: 25.7,
          ul_mcs: 24.1,
          ul_n_layer: 1,
          turbo_decoder_min: 1,
          turbo_decoder_avg: 2.357,
          turbo_decoder_max: 5,
          cqi: 15,
          ri: 2,
          ul_rank: 1,
          initial_ta: 1
        }
      ]
    }
  ],
  time: 2652.018,
  utc: 1744083032.57
}

