{
  message: ready,
  type: ENB,
  name: ENB,
  version: 2023-06-10,
  time: 1918.618,
  utc: 1744064396.923
}
{
  message: ue_get,
  ue_list: [
    {
      ran_ue_id: 5,
      amf_ue_id: 104,
      qos_flow_list: [
        {
          pdu_session_id: 1,
          dl_total_bytes: 9649,
          ul_total_bytes: 7639,
          sst: 1
        },
        {
          pdu_session_id: 2,
          dl_total_bytes: 4597058,
          ul_total_bytes: 20810737722,
          sst: 1
        }
      ],
      rnti: 17925,
      cells: [
        {
          cell_id: 1,
          dl_bitrate: 138440,
          ul_bitrate: 98360544,
          dl_tx: 116,
          ul_tx: 1058,
          dl_err: 0,
          ul_err: 0,
          dl_retx: 14,
          ul_retx: 11,
          pusch_snr: 18.8,
          epre: -101.4,
          ul_phr: -8,
          ul_path_loss: 88.3,
          p_ue: 22,
          dl_mcs: 20,
          ul_mcs: 18,
          ul_n_layer: 1,
          turbo_decoder_min: 1,
          turbo_decoder_avg: 3.006,
          turbo_decoder_max: 5,
          cqi: 13,
          ri: 2,
          ul_rank: 1,
          initial_ta: 1
        }
      ]
    }
  ],
  time: 1918.619,
  utc: 1744064396.934
}

