{
  message: ready,
  type: ENB,
  name: ENB,
  version: 2023-06-10,
  time: 1930.433,
  utc: 1744064408.739
}
{
  message: ue_get,
  ue_list: [
    {
      ran_ue_id: 27,
      amf_ue_id: 126,
      qos_flow_list: [
        {
          pdu_session_id: 1,
          dl_total_bytes: 184,
          ul_total_bytes: 202,
          sst: 1
        }
      ],
      rnti: 17947,
      cells: [
        {
          cell_id: 1,
          dl_bitrate: 894,
          ul_bitrate: 0,
          dl_tx: 2,
          ul_tx: 0,
          dl_err: 0,
          ul_err: 0,
          dl_retx: 0,
          ul_retx: 0,
          pusch_snr: 8.4,
          epre: -112.1,
          ul_phr: -22,
          ul_path_loss: 103.6,
          p_ue: 8,
          dl_mcs: 20,
          cqi: 12,
          ri: 1,
          ul_rank: 1,
          initial_ta: 1
        }
      ]
    },
    {
      ran_ue_id: 5,
      amf_ue_id: 104,
      qos_flow_list: [
        {
          pdu_session_id: 1,
          dl_total_bytes: 9833,
          ul_total_bytes: 7841,
          sst: 1
        },
        {
          pdu_session_id: 2,
          dl_total_bytes: 4643422,
          ul_total_bytes: 20955157142,
          sst: 1
        }
      ],
      rnti: 17925,
      cells: [
        {
          cell_id: 1,
          dl_bitrate: 93286,
          ul_bitrate: 98043563,
          dl_tx: 112,
          ul_tx: 1054,
          dl_err: 0,
          ul_err: 0,
          dl_retx: 14,
          ul_retx: 13,
          pusch_snr: 19,
          epre: -101.7,
          ul_phr: -8,
          ul_path_loss: 87.8,
          p_ue: 22,
          dl_mcs: 18,
          ul_mcs: 18,
          ul_n_layer: 1,
          turbo_decoder_min: 1,
          turbo_decoder_avg: 2.98,
          turbo_decoder_max: 5,
          cqi: 12,
          ri: 2,
          ul_rank: 1,
          initial_ta: 1
        }
      ]
    }
  ],
  time: 1930.435,
  utc: 1744064408.749
}

