{
  message: ready,
  type: ENB,
  name: ENB,
  version: 2023-06-10,
  time: 2711.168,
  utc: 1744074074.142
}
{
  message: ue_get,
  ue_list: [
    {
      ran_ue_id: 46,
      amf_ue_id: 102,
      qos_flow_list: [
        {
          pdu_session_id: 1,
          dl_total_bytes: 15233,
          ul_total_bytes: 8943,
          sst: 1
        },
        {
          pdu_session_id: 2,
          dl_total_bytes: 7606537,
          ul_total_bytes: 33135428421,
          sst: 1
        }
      ],
      rnti: 17986,
      cells: [
        {
          cell_id: 1,
          dl_bitrate: 172599,
          ul_bitrate: 99700509,
          dl_tx: 77,
          ul_tx: 869,
          dl_err: 0,
          ul_err: 0,
          dl_retx: 2,
          ul_retx: 14,
          pusch_snr: 21.3,
          epre: -99.5,
          ul_phr: 6,
          ul_path_loss: 78.6,
          p_ue: 16,
          dl_mcs: 24.3,
          ul_mcs: 19.6,
          ul_n_layer: 1,
          turbo_decoder_min: 0,
          turbo_decoder_avg: 2.396,
          turbo_decoder_max: 5,
          cqi: 14,
          ri: 2,
          ul_rank: 1,
          initial_ta: 1
        }
      ]
    }
  ],
  time: 2711.17,
  utc: 1744074074.153
}

