{
  message: ready,
  type: ENB,
  name: ENB,
  version: 2023-06-10,
  time: 79.289,
  utc: 1743796313.092
}
{
  message: ue_get,
  ue_list: [
    {
      ran_ue_id: 4,
      amf_ue_id: 103,
      qos_flow_list: [
        {
          pdu_session_id: 1,
          dl_total_bytes: 14874,
          ul_total_bytes: 8540,
          sst: 1
        },
        {
          pdu_session_id: 2,
          dl_total_bytes: 156498,
          ul_total_bytes: 397146763,
          sst: 1
        }
      ],
      rnti: 17924,
      cells: [
        {
          cell_id: 1,
          dl_bitrate: 154299,
          ul_bitrate: 264096921,
          dl_tx: 87,
          ul_tx: 1617,
          dl_err: 0,
          ul_err: 0,
          dl_retx: 1,
          ul_retx: 1,
          pusch_snr: 30.2,
          epre: -84.6,
          ul_phr: -1,
          ul_path_loss: 68,
          p_ue: 19,
          dl_mcs: 26.3,
          ul_mcs: 26,
          ul_n_layer: 1,
          turbo_decoder_min: 1,
          turbo_decoder_avg: 1.944,
          turbo_decoder_max: 5,
          cqi: 15,
          ri: 2,
          ul_rank: 1,
          initial_ta: 1
        }
      ]
    }
  ],
  time: 79.29,
  utc: 1743796313.103
}

