{
  message: ready,
  type: ENB,
  name: ENB,
  version: 2023-06-10,
  time: 1963.976,
  utc: 1744047093.714
}
{
  message: ue_get,
  ue_list: [
    {
      ran_ue_id: 4,
      amf_ue_id: 103,
      qos_flow_list: [
        {
          pdu_session_id: 1,
          dl_total_bytes: 15224,
          ul_total_bytes: 8926,
          sst: 1
        },
        {
          pdu_session_id: 2,
          dl_total_bytes: 5034159,
          ul_total_bytes: 29023469466,
          sst: 1
        }
      ],
      rnti: 17924,
      cells: [
        {
          cell_id: 1,
          dl_bitrate: 136512,
          ul_bitrate: 113048891,
          dl_tx: 110,
          ul_tx: 1063,
          dl_err: 0,
          ul_err: 0,
          dl_retx: 1,
          ul_retx: 11,
          pusch_snr: 22.6,
          epre: -98.2,
          ul_phr: 13,
          ul_path_loss: 68.4,
          p_ue: 6,
          dl_mcs: 24.2,
          ul_mcs: 21.1,
          ul_n_layer: 1,
          turbo_decoder_min: 1,
          turbo_decoder_avg: 2.918,
          turbo_decoder_max: 5,
          cqi: 15,
          ri: 2,
          ul_rank: 1,
          initial_ta: 1
        }
      ]
    }
  ],
  time: 1963.978,
  utc: 1744047093.724
}

