{
  message: ready,
  type: ENB,
  name: ENB,
  version: 2023-06-10,
  time: 1392.002,
  utc: 1744061000.327
}
{
  message: ue_get,
  ue_list: [
    {
      ran_ue_id: 3,
      amf_ue_id: 102,
      qos_flow_list: [
        {
          pdu_session_id: 1,
          dl_total_bytes: 15033,
          ul_total_bytes: 8741,
          sst: 1
        },
        {
          pdu_session_id: 2,
          dl_total_bytes: 3076275,
          ul_total_bytes: 20909143878,
          sst: 1
        }
      ],
      rnti: 17923,
      cells: [
        {
          cell_id: 1,
          dl_bitrate: 194552,
          ul_bitrate: 134670000,
          dl_tx: 115,
          ul_tx: 1063,
          dl_err: 0,
          ul_err: 0,
          dl_retx: 0,
          ul_retx: 9,
          pusch_snr: 25.3,
          epre: -94.6,
          ul_phr: -1,
          ul_path_loss: 77.8,
          p_ue: 19,
          dl_mcs: 28,
          ul_mcs: 24,
          ul_n_layer: 1,
          turbo_decoder_min: 1,
          turbo_decoder_avg: 2.712,
          turbo_decoder_max: 5,
          cqi: 15,
          ri: 2,
          ul_rank: 1,
          initial_ta: 1
        }
      ]
    }
  ],
  time: 1392.003,
  utc: 1744061000.338
}

