{
  message: ready,
  type: ENB,
  name: ENB,
  version: 2023-06-10,
  time: 777.074,
  utc: 1744060385.399
}
{
  message: ue_get,
  ue_list: [
    {
      ran_ue_id: 3,
      amf_ue_id: 102,
      qos_flow_list: [
        {
          pdu_session_id: 1,
          dl_total_bytes: 14849,
          ul_total_bytes: 8539,
          sst: 1
        },
        {
          pdu_session_id: 2,
          dl_total_bytes: 1377128,
          ul_total_bytes: 11477007170,
          sst: 1
        }
      ],
      rnti: 17923,
      cells: [
        {
          cell_id: 1,
          dl_bitrate: 169359,
          ul_bitrate: 133343133,
          dl_tx: 113,
          ul_tx: 1053,
          dl_err: 0,
          ul_err: 0,
          dl_retx: 0,
          ul_retx: 11,
          pusch_snr: 25.6,
          epre: -94.6,
          ul_phr: -1,
          ul_path_loss: 77.7,
          p_ue: 19,
          dl_mcs: 28,
          ul_mcs: 24,
          ul_n_layer: 1,
          turbo_decoder_min: 1,
          turbo_decoder_avg: 2.703,
          turbo_decoder_max: 5,
          cqi: 15,
          ri: 2,
          ul_rank: 1,
          initial_ta: 1
        }
      ]
    }
  ],
  time: 777.075,
  utc: 1744060385.41
}

