{
  message: ready,
  type: ENB,
  name: ENB,
  version: 2023-06-10,
  time: 2502.736,
  utc: 1744062111.062
}
{
  message: ue_get,
  ue_list: [
    {
      ran_ue_id: 57,
      amf_ue_id: 142,
      qos_flow_list: [
        {
          pdu_session_id: 2,
          dl_total_bytes: 0,
          ul_total_bytes: 122,
          sst: 1
        }
      ],
      rnti: 17977,
      cells: [
        {
          cell_id: 1,
          dl_bitrate: 3195,
          ul_bitrate: 1258,
          dl_tx: 3,
          ul_tx: 1,
          dl_err: 0,
          ul_err: 0,
          dl_retx: 2,
          ul_retx: 0,
          pusch_snr: 21.7,
          epre: -99.8,
          ul_phr: -11,
          ul_path_loss: 92.3,
          p_ue: 8,
          dl_mcs: 22,
          ul_mcs: 19,
          ul_n_layer: 1,
          turbo_decoder_min: 2,
          turbo_decoder_avg: 2,
          turbo_decoder_max: 2,
          cqi: 13,
          ri: 2,
          ul_rank: 1,
          initial_ta: 2
        }
      ]
    },
    {
      ran_ue_id: 3,
      amf_ue_id: 102,
      qos_flow_list: [
        {
          pdu_session_id: 1,
          dl_total_bytes: 15217,
          ul_total_bytes: 8943,
          sst: 1
        },
        {
          pdu_session_id: 2,
          dl_total_bytes: 8493527,
          ul_total_bytes: 36966794131,
          sst: 1
        }
      ],
      rnti: 17923,
      cells: [
        {
          cell_id: 1,
          dl_bitrate: 232953,
          ul_bitrate: 114903344,
          dl_tx: 114,
          ul_tx: 1068,
          dl_err: 0,
          ul_err: 0,
          dl_retx: 0,
          ul_retx: 6,
          pusch_snr: 21.7,
          epre: -98.9,
          ul_phr: 4,
          ul_path_loss: 78.1,
          p_ue: 15,
          dl_mcs: 27.9,
          ul_mcs: 21.2,
          ul_n_layer: 1,
          turbo_decoder_min: 1,
          turbo_decoder_avg: 2.945,
          turbo_decoder_max: 5,
          cqi: 15,
          ri: 2,
          ul_rank: 1,
          initial_ta: 1
        }
      ]
    }
  ],
  time: 2502.738,
  utc: 1744062111.072
}

