{
  message: ready,
  type: ENB,
  name: ENB,
  version: 2023-06-10,
  time: 1057.094,
  utc: 1744104666.774
}
{
  message: ue_get,
  ue_list: [
    {
      ran_ue_id: 3,
      amf_ue_id: 102,
      qos_flow_list: [
        {
          pdu_session_id: 1,
          dl_total_bytes: 15047,
          ul_total_bytes: 8745,
          sst: 1
        },
        {
          pdu_session_id: 2,
          dl_total_bytes: 1945551,
          ul_total_bytes: 14655599049,
          sst: 1
        }
      ],
      rnti: 17923,
      cells: [
        {
          cell_id: 1,
          dl_bitrate: 138079,
          ul_bitrate: 115817834,
          dl_tx: 75,
          ul_tx: 942,
          dl_err: 0,
          ul_err: 0,
          dl_retx: 2,
          ul_retx: 5,
          pusch_snr: 26.4,
          epre: -92.3,
          ul_phr: 32,
          ul_path_loss: 68.3,
          p_ue: -13,
          dl_mcs: 24,
          ul_mcs: 21.2,
          ul_n_layer: 1,
          turbo_decoder_min: 1,
          turbo_decoder_avg: 2.14,
          turbo_decoder_max: 5,
          cqi: 15,
          ri: 2,
          ul_rank: 1,
          initial_ta: 1
        }
      ]
    }
  ],
  time: 1057.096,
  utc: 1744104666.785
}

