{
  message: ready,
  type: ENB,
  name: ENB,
  version: 2023-06-10,
  time: 2125.572,
  utc: 1744108625.943
}
{
  message: ue_get,
  ue_list: [
    {
      ran_ue_id: 6,
      amf_ue_id: 105,
      qos_flow_list: [
        {
          pdu_session_id: 1,
          dl_total_bytes: 9833,
          ul_total_bytes: 7857,
          sst: 1
        },
        {
          pdu_session_id: 2,
          dl_total_bytes: 5784659,
          ul_total_bytes: 31160479331,
          sst: 1
        }
      ],
      rnti: 17926,
      cells: [
        {
          cell_id: 1,
          dl_bitrate: 119648,
          ul_bitrate: 138324492,
          dl_tx: 83,
          ul_tx: 1186,
          dl_err: 0,
          ul_err: 0,
          dl_retx: 14,
          ul_retx: 15,
          pusch_snr: 21.9,
          epre: -98.2,
          ul_phr: 6,
          ul_path_loss: 78.4,
          p_ue: 16,
          dl_mcs: 22.8,
          ul_mcs: 19.4,
          ul_n_layer: 1,
          turbo_decoder_min: 0,
          turbo_decoder_avg: 2.143,
          turbo_decoder_max: 5,
          cqi: 15,
          ri: 2,
          ul_rank: 1,
          initial_ta: 1
        }
      ]
    }
  ],
  time: 2125.574,
  utc: 1744108625.953
}

