{
  message: ready,
  type: ENB,
  name: ENB,
  version: 2023-06-10,
  time: 2716.928,
  utc: 1744207655.379
}
{
  message: ue_get,
  ue_list: [
    {
      ran_ue_id: 3,
      amf_ue_id: 102,
      qos_flow_list: [
        {
          pdu_session_id: 1,
          dl_total_bytes: 20634,
          ul_total_bytes: 10030,
          sst: 1
        },
        {
          pdu_session_id: 2,
          dl_total_bytes: 9952835,
          ul_total_bytes: 55985247732,
          sst: 1
        }
      ],
      rnti: 17923,
      cells: [
        {
          cell_id: 1,
          dl_bitrate: 219753,
          ul_bitrate: 182950589,
          dl_tx: 99,
          ul_tx: 1599,
          dl_err: 0,
          ul_err: 0,
          dl_retx: 0,
          ul_retx: 17,
          pusch_snr: 20.5,
          epre: -100.2,
          ul_phr: 18,
          ul_path_loss: 68.1,
          p_ue: 4,
          dl_mcs: 23.8,
          ul_mcs: 18.9,
          ul_n_layer: 1,
          turbo_decoder_min: 1,
          turbo_decoder_avg: 2.74,
          turbo_decoder_max: 5,
          cqi: 15,
          ri: 2,
          ul_rank: 1,
          initial_ta: 1
        }
      ]
    }
  ],
  time: 2716.93,
  utc: 1744207655.389
}

