{
  message: ready,
  type: ENB,
  name: ENB,
  version: 2023-06-10,
  time: 2663.051,
  utc: 1744204655.501
}
{
  message: ue_get,
  ue_list: [
    {
      ran_ue_id: 3,
      amf_ue_id: 102,
      qos_flow_list: [
        {
          pdu_session_id: 1,
          dl_total_bytes: 15249,
          ul_total_bytes: 8921,
          sst: 1
        },
        {
          pdu_session_id: 2,
          dl_total_bytes: 9119878,
          ul_total_bytes: 23628366939,
          sst: 1
        }
      ],
      rnti: 17923,
      cells: [
        {
          cell_id: 1,
          dl_bitrate: 153056,
          ul_bitrate: 52478980,
          dl_tx: 94,
          ul_tx: 1559,
          dl_err: 0,
          ul_err: 0,
          dl_retx: 13,
          ul_retx: 0,
          pusch_snr: 10.2,
          epre: -110.7,
          ul_phr: -25,
          ul_path_loss: 97.9,
          p_ue: 23,
          dl_mcs: 15,
          ul_mcs: 5,
          ul_n_layer: 1,
          turbo_decoder_min: 1,
          turbo_decoder_avg: 2.006,
          turbo_decoder_max: 3,
          cqi: 13,
          ri: 2,
          ul_rank: 1,
          initial_ta: 0
        }
      ]
    }
  ],
  time: 2663.052,
  utc: 1744204655.512
}

