{
  message: ready,
  type: ENB,
  name: ENB,
  version: 2023-06-10,
  time: 1267.346,
  utc: 1744191717.928
}
{
  message: ue_get,
  ue_list: [
    {
      ran_ue_id: 3,
      amf_ue_id: 102,
      qos_flow_list: [
        {
          pdu_session_id: 1,
          dl_total_bytes: 15050,
          ul_total_bytes: 8748,
          sst: 1
        },
        {
          pdu_session_id: 2,
          dl_total_bytes: 2598352,
          ul_total_bytes: 11343141419,
          sst: 1
        }
      ],
      rnti: 17923,
      cells: [
        {
          cell_id: 1,
          dl_bitrate: 95918,
          ul_bitrate: 60792581,
          dl_tx: 91,
          ul_tx: 1567,
          dl_err: 0,
          ul_err: 0,
          dl_retx: 6,
          ul_retx: 0,
          pusch_snr: 9.6,
          epre: -111.3,
          ul_phr: -21,
          ul_path_loss: 98.4,
          p_ue: 23,
          dl_mcs: 13.6,
          ul_mcs: 6,
          ul_n_layer: 1,
          turbo_decoder_min: 2,
          turbo_decoder_avg: 2.067,
          turbo_decoder_max: 3,
          cqi: 10,
          ri: 2,
          ul_rank: 1,
          initial_ta: 2
        }
      ]
    }
  ],
  time: 1267.348,
  utc: 1744191717.938
}

