{
  message: ready,
  type: ENB,
  name: ENB,
  version: 2023-06-10,
  time: 539.235,
  utc: 1744068994.769
}
{
  message: ue_get,
  ue_list: [
    {
      ran_ue_id: 4,
      amf_ue_id: 103,
      qos_flow_list: [
        {
          pdu_session_id: 1,
          dl_total_bytes: 14937,
          ul_total_bytes: 9346,
          sst: 1
        },
        {
          pdu_session_id: 2,
          dl_total_bytes: 951778,
          ul_total_bytes: 6598716201,
          sst: 1
        }
      ],
      rnti: 17924,
      cells: [
        {
          cell_id: 1,
          dl_bitrate: 94872,
          ul_bitrate: 93461369,
          dl_tx: 53,
          ul_tx: 602,
          dl_err: 0,
          ul_err: 0,
          dl_retx: 0,
          ul_retx: 4,
          pusch_snr: 26.8,
          epre: -92.4,
          ul_phr: 28,
          ul_path_loss: 69.6,
          p_ue: -9,
          dl_mcs: 25.9,
          ul_mcs: 24.5,
          ul_n_layer: 1,
          turbo_decoder_min: 1,
          turbo_decoder_avg: 2.195,
          turbo_decoder_max: 5,
          cqi: 14,
          ri: 2,
          ul_rank: 1,
          initial_ta: 1
        }
      ]
    }
  ],
  time: 539.237,
  utc: 1744068994.78
}

