{
  message: ready,
  type: ENB,
  name: ENB,
  version: 2023-06-10,
  time: 558.308,
  utc: 1744069013.843
}
{
  message: ue_get,
  ue_list: [
    {
      ran_ue_id: 4,
      amf_ue_id: 103,
      qos_flow_list: [
        {
          pdu_session_id: 1,
          dl_total_bytes: 14937,
          ul_total_bytes: 9346,
          sst: 1
        },
        {
          pdu_session_id: 2,
          dl_total_bytes: 986291,
          ul_total_bytes: 6850643844,
          sst: 1
        }
      ],
      rnti: 17924,
      cells: [
        {
          cell_id: 1,
          dl_bitrate: 91674,
          ul_bitrate: 107970920,
          dl_tx: 63,
          ul_tx: 754,
          dl_err: 0,
          ul_err: 0,
          dl_retx: 3,
          ul_retx: 5,
          pusch_snr: 24.1,
          epre: -96.5,
          ul_phr: 11,
          ul_path_loss: 68.3,
          p_ue: 8,
          dl_mcs: 22.5,
          ul_mcs: 23.8,
          ul_n_layer: 1,
          turbo_decoder_min: 1,
          turbo_decoder_avg: 2.206,
          turbo_decoder_max: 5,
          cqi: 14,
          ri: 2,
          ul_rank: 1,
          initial_ta: 1
        }
      ]
    }
  ],
  time: 558.31,
  utc: 1744069013.854
}

