{
  message: ready,
  type: ENB,
  name: ENB,
  version: 2023-06-10,
  time: 566.725,
  utc: 1744069022.26
}
{
  message: ue_get,
  ue_list: [
    {
      ran_ue_id: 4,
      amf_ue_id: 103,
      qos_flow_list: [
        {
          pdu_session_id: 1,
          dl_total_bytes: 14937,
          ul_total_bytes: 9346,
          sst: 1
        },
        {
          pdu_session_id: 2,
          dl_total_bytes: 1000485,
          ul_total_bytes: 6966931429,
          sst: 1
        }
      ],
      rnti: 17924,
      cells: [
        {
          cell_id: 1,
          dl_bitrate: 114602,
          ul_bitrate: 117252345,
          dl_tx: 67,
          ul_tx: 932,
          dl_err: 0,
          ul_err: 0,
          dl_retx: 0,
          ul_retx: 0,
          pusch_snr: 23.7,
          epre: -96.5,
          ul_phr: 30,
          ul_path_loss: 68.6,
          p_ue: -11,
          dl_mcs: 25,
          ul_mcs: 20.7,
          ul_n_layer: 1,
          turbo_decoder_min: 1,
          turbo_decoder_avg: 2.195,
          turbo_decoder_max: 5,
          cqi: 14,
          ri: 2,
          ul_rank: 1,
          initial_ta: 1
        }
      ]
    }
  ],
  time: 566.726,
  utc: 1744069022.27
}

