{
  message: ready,
  type: ENB,
  name: ENB,
  version: 2023-06-10,
  time: 865.192,
  utc: 1744199982.563
}
{
  message: ue_get,
  ue_list: [
    {
      ran_ue_id: 4,
      amf_ue_id: 103,
      qos_flow_list: [
        {
          pdu_session_id: 1,
          dl_total_bytes: 14865,
          ul_total_bytes: 8545,
          sst: 1
        },
        {
          pdu_session_id: 2,
          dl_total_bytes: 1525338,
          ul_total_bytes: 15357726622,
          sst: 1
        }
      ],
      rnti: 17924,
      cells: [
        {
          cell_id: 1,
          dl_bitrate: 132710,
          ul_bitrate: 144478987,
          dl_tx: 99,
          ul_tx: 1614,
          dl_err: 0,
          ul_err: 0,
          dl_retx: 7,
          ul_retx: 0,
          pusch_snr: 19,
          epre: -101.3,
          ul_phr: -12,
          ul_path_loss: 87.5,
          p_ue: 22,
          dl_mcs: 20.9,
          ul_mcs: 15.2,
          ul_n_layer: 1,
          turbo_decoder_min: 2,
          turbo_decoder_avg: 2.098,
          turbo_decoder_max: 4,
          cqi: 14,
          ri: 2,
          ul_rank: 1,
          initial_ta: 1
        }
      ]
    }
  ],
  time: 865.194,
  utc: 1744199982.573
}

