{
  message: ready,
  type: ENB,
  name: ENB,
  version: 2023-06-10,
  time: 2700.326,
  utc: 1744201817.697
}
{
  message: ue_get,
  ue_list: [
    {
      ran_ue_id: 4,
      amf_ue_id: 103,
      qos_flow_list: [
        {
          pdu_session_id: 1,
          dl_total_bytes: 15233,
          ul_total_bytes: 8949,
          sst: 1
        },
        {
          pdu_session_id: 2,
          dl_total_bytes: 9747620,
          ul_total_bytes: 49007980845,
          sst: 1
        }
      ],
      rnti: 17924,
      cells: [
        {
          cell_id: 1,
          dl_bitrate: 185235,
          ul_bitrate: 175627648,
          dl_tx: 94,
          ul_tx: 1622,
          dl_err: 0,
          ul_err: 0,
          dl_retx: 0,
          ul_retx: 14,
          pusch_snr: 18.7,
          epre: -101.7,
          ul_phr: -7,
          ul_path_loss: 87.4,
          p_ue: 22,
          dl_mcs: 21.2,
          ul_mcs: 18,
          ul_n_layer: 1,
          turbo_decoder_min: 1,
          turbo_decoder_avg: 2.965,
          turbo_decoder_max: 5,
          cqi: 14,
          ri: 2,
          ul_rank: 1,
          initial_ta: 1
        }
      ]
    }
  ],
  time: 2700.328,
  utc: 1744201817.707
}

