{
  message: ready,
  type: ENB,
  name: ENB,
  version: 2023-06-10,
  time: 716.361,
  utc: 1744081096.904
}
{
  message: ue_get,
  ue_list: [
    {
      ran_ue_id: 4,
      amf_ue_id: 103,
      qos_flow_list: [
        {
          pdu_session_id: 1,
          dl_total_bytes: 14857,
          ul_total_bytes: 8539,
          sst: 1
        },
        {
          pdu_session_id: 2,
          dl_total_bytes: 1271949,
          ul_total_bytes: 8583956017,
          sst: 1
        }
      ],
      rnti: 17924,
      cells: [
        {
          cell_id: 1,
          dl_bitrate: 105843,
          ul_bitrate: 122718788,
          dl_tx: 68,
          ul_tx: 984,
          dl_err: 0,
          ul_err: 0,
          dl_retx: 0,
          ul_retx: 12,
          pusch_snr: 24,
          epre: -96.6,
          ul_phr: 11,
          ul_path_loss: 68.8,
          p_ue: 8,
          dl_mcs: 23.5,
          ul_mcs: 21.1,
          ul_n_layer: 1,
          turbo_decoder_min: 1,
          turbo_decoder_avg: 2.221,
          turbo_decoder_max: 5,
          cqi: 15,
          ri: 2,
          ul_rank: 1,
          initial_ta: 1
        }
      ]
    }
  ],
  time: 716.363,
  utc: 1744081096.915
}

