{
  message: ready,
  type: ENB,
  name: ENB,
  version: 2023-06-10,
  time: 574.97,
  utc: 1744208372.441
}
{
  message: ue_get,
  ue_list: [
    {
      ran_ue_id: 10,
      amf_ue_id: 109,
      qos_flow_list: [
        {
          pdu_session_id: 2,
          dl_total_bytes: 0,
          ul_total_bytes: 61,
          sst: 1
        }
      ],
      rnti: 17930,
      cells: [
        {
          cell_id: 1,
          dl_bitrate: 4618,
          ul_bitrate: 0,
          dl_tx: 4,
          ul_tx: 0,
          dl_err: 0,
          ul_err: 0,
          dl_retx: 0,
          ul_retx: 0,
          pusch_snr: 12.7,
          epre: -111.2,
          ul_phr: -5,
          ul_path_loss: 106.6,
          p_ue: 8,
          dl_mcs: 26.2,
          cqi: 5,
          ri: 1,
          ul_rank: 1,
          initial_ta: 1
        }
      ]
    },
    {
      ran_ue_id: 3,
      amf_ue_id: 102,
      qos_flow_list: [
        {
          pdu_session_id: 1,
          dl_total_bytes: 18986,
          ul_total_bytes: 8944,
          sst: 1
        },
        {
          pdu_session_id: 2,
          dl_total_bytes: 1017235,
          ul_total_bytes: 10513661696,
          sst: 1
        }
      ],
      rnti: 17923,
      cells: [
        {
          cell_id: 1,
          dl_bitrate: 140953,
          ul_bitrate: 179358219,
          dl_tx: 95,
          ul_tx: 1505,
          dl_err: 0,
          ul_err: 0,
          dl_retx: 0,
          ul_retx: 11,
          pusch_snr: 22.1,
          epre: -98.6,
          ul_phr: 4,
          ul_path_loss: 77.9,
          p_ue: 15,
          dl_mcs: 23.1,
          ul_mcs: 20.1,
          ul_n_layer: 1,
          turbo_decoder_min: 1,
          turbo_decoder_avg: 2.977,
          turbo_decoder_max: 5,
          cqi: 15,
          ri: 2,
          ul_rank: 1,
          initial_ta: 1
        }
      ]
    }
  ],
  time: 574.972,
  utc: 1744208372.451
}

