{
  message: ready,
  type: ENB,
  name: ENB,
  version: 2023-06-10,
  time: 2804.762,
  utc: 1744091885.854
}
{
  message: ue_get,
  ue_list: [
    {
      ran_ue_id: 3,
      amf_ue_id: 102,
      qos_flow_list: [
        {
          pdu_session_id: 1,
          dl_total_bytes: 15325,
          ul_total_bytes: 9050,
          sst: 1
        },
        {
          pdu_session_id: 2,
          dl_total_bytes: 10157438,
          ul_total_bytes: 25264453656,
          sst: 1
        }
      ],
      rnti: 17923,
      cells: [
        {
          cell_id: 1,
          dl_bitrate: 140624,
          ul_bitrate: 84968215,
          dl_tx: 94,
          ul_tx: 1540,
          dl_err: 0,
          ul_err: 0,
          dl_retx: 17,
          ul_retx: 17,
          pusch_snr: 9.5,
          epre: -111.2,
          ul_phr: -12,
          ul_path_loss: 98.3,
          p_ue: 23,
          dl_mcs: 13.2,
          ul_mcs: 9.1,
          ul_n_layer: 1,
          turbo_decoder_min: 1,
          turbo_decoder_avg: 3.483,
          turbo_decoder_max: 5,
          cqi: 10,
          ri: 2,
          ul_rank: 1,
          initial_ta: 1
        }
      ]
    }
  ],
  time: 2804.764,
  utc: 1744091885.865
}

