{
  message: ready,
  type: ENB,
  name: ENB,
  version: 2023-06-10,
  time: 2516.985,
  utc: 1744070972.519
}
{
  message: ue_get,
  ue_list: [
    {
      ran_ue_id: 4,
      amf_ue_id: 103,
      qos_flow_list: [
        {
          pdu_session_id: 1,
          dl_total_bytes: 15305,
          ul_total_bytes: 9750,
          sst: 1
        },
        {
          pdu_session_id: 2,
          dl_total_bytes: 8452140,
          ul_total_bytes: 33747209102,
          sst: 1
        }
      ],
      rnti: 17924,
      cells: [
        {
          cell_id: 1,
          dl_bitrate: 126740,
          ul_bitrate: 129505205,
          dl_tx: 72,
          ul_tx: 857,
          dl_err: 0,
          ul_err: 0,
          dl_retx: 0,
          ul_retx: 2,
          pusch_snr: 27.6,
          epre: -92.3,
          ul_phr: 7,
          ul_path_loss: 68.9,
          p_ue: 12,
          dl_mcs: 24,
          ul_mcs: 24.4,
          ul_n_layer: 1,
          turbo_decoder_min: 1,
          turbo_decoder_avg: 2.163,
          turbo_decoder_max: 5,
          cqi: 14,
          ri: 2,
          ul_rank: 1,
          initial_ta: 1
        }
      ]
    }
  ],
  time: 2516.986,
  utc: 1744070972.53
}

