{
  message: ready,
  type: ENB,
  name: ENB,
  version: 2023-06-10,
  time: 2355.283,
  utc: 1744050353.79
}
{
  message: ue_get,
  ue_list: [
    {
      ran_ue_id: 59,
      amf_ue_id: 139,
      qos_flow_list: [],
      rnti: 17979,
      cells: [
        {
          cell_id: 1,
          dl_bitrate: 0,
          ul_bitrate: 0,
          dl_tx: 0,
          ul_tx: 0,
          dl_err: 0,
          ul_err: 0,
          dl_retx: 0,
          ul_retx: 0,
          pusch_snr: 8.5,
          epre: -110.8,
          ul_phr: -18,
          ul_path_loss: 128.4,
          p_ue: 24,
          cqi: 6,
          ri: 1,
          ul_rank: 1,
          initial_ta: 1
        }
      ]
    },
    {
      ran_ue_id: 58,
      amf_ue_id: 138,
      qos_flow_list: [
        {
          pdu_session_id: 2,
          dl_total_bytes: 76946,
          ul_total_bytes: 27762,
          sst: 1
        }
      ],
      rnti: 17978,
      cells: [
        {
          cell_id: 1,
          dl_bitrate: 1827,
          ul_bitrate: 0,
          dl_tx: 2,
          ul_tx: 0,
          dl_err: 0,
          ul_err: 0,
          dl_retx: 0,
          ul_retx: 0,
          pusch_snr: 18.6,
          epre: -101.5,
          ul_phr: -10,
          ul_path_loss: 91.2,
          p_ue: 8,
          dl_mcs: 20,
          cqi: 13,
          ri: 2,
          ul_rank: 1,
          initial_ta: 1
        }
      ]
    },
    {
      ran_ue_id: 3,
      amf_ue_id: 102,
      qos_flow_list: [
        {
          pdu_session_id: 1,
          dl_total_bytes: 15223,
          ul_total_bytes: 8925,
          sst: 1
        },
        {
          pdu_session_id: 2,
          dl_total_bytes: 7537936,
          ul_total_bytes: 33132245474,
          sst: 1
        }
      ],
      rnti: 17923,
      cells: [
        {
          cell_id: 1,
          dl_bitrate: 224891,
          ul_bitrate: 115291922,
          dl_tx: 116,
          ul_tx: 1068,
          dl_err: 0,
          ul_err: 0,
          dl_retx: 0,
          ul_retx: 9,
          pusch_snr: 22.1,
          epre: -98.2,
          ul_phr: 4,
          ul_path_loss: 78.1,
          p_ue: 15,
          dl_mcs: 28,
          ul_mcs: 21.3,
          ul_n_layer: 1,
          turbo_decoder_min: 1,
          turbo_decoder_avg: 2.982,
          turbo_decoder_max: 5,
          cqi: 15,
          ri: 2,
          ul_rank: 1,
          initial_ta: 1
        }
      ]
    }
  ],
  time: 2355.285,
  utc: 1744050353.801
}

