{
  message: ready,
  type: ENB,
  name: ENB,
  version: 2023-06-10,
  time: 878.872,
  utc: 1744205817.322
}
{
  message: ue_get,
  ue_list: [
    {
      ran_ue_id: 3,
      amf_ue_id: 102,
      qos_flow_list: [
        {
          pdu_session_id: 1,
          dl_total_bytes: 12810,
          ul_total_bytes: 8338,
          sst: 1
        },
        {
          pdu_session_id: 2,
          dl_total_bytes: 1555710,
          ul_total_bytes: 17405504883,
          sst: 1
        }
      ],
      rnti: 17923,
      cells: [
        {
          cell_id: 1,
          dl_bitrate: 131546,
          ul_bitrate: 156726338,
          dl_tx: 80,
          ul_tx: 1149,
          dl_err: 0,
          ul_err: 0,
          dl_retx: 28,
          ul_retx: 46,
          pusch_snr: 29.1,
          epre: -90.7,
          ul_phr: 7,
          ul_path_loss: 68,
          p_ue: 12,
          dl_mcs: 23.5,
          ul_mcs: 22.1,
          ul_n_layer: 1,
          turbo_decoder_min: 1,
          turbo_decoder_avg: 2.601,
          turbo_decoder_max: 5,
          cqi: 15,
          ri: 2,
          ul_rank: 1,
          initial_ta: 1
        }
      ]
    }
  ],
  time: 878.874,
  utc: 1744205817.333
}

