{
  message: ready,
  type: ENB,
  name: ENB,
  version: 2023-06-10,
  time: 1125.929,
  utc: 1744845137.896
}
{
  message: ue_get,
  ue_list: [
    {
      ran_ue_id: 3,
      amf_ue_id: 102,
      qos_flow_list: [
        {
          pdu_session_id: 1,
          dl_total_bytes: 7594,
          ul_total_bytes: 7432,
          sst: 1
        },
        {
          pdu_session_id: 2,
          dl_total_bytes: 863948,
          ul_total_bytes: 12173778095,
          sst: 1
        }
      ],
      rnti: 17923,
      cells: [
        {
          cell_id: 1,
          dl_bitrate: 170311,
          ul_bitrate: 92969289,
          dl_tx: 100,
          ul_tx: 953,
          dl_err: 0,
          ul_err: 0,
          dl_retx: 0,
          ul_retx: 4,
          pusch_snr: 27.4,
          epre: -90.8,
          ul_phr: -8,
          ul_path_loss: 77.1,
          p_ue: 19,
          dl_mcs: 27.7,
          ul_mcs: 20.2,
          ul_n_layer: 1,
          turbo_decoder_min: 1,
          turbo_decoder_avg: 2.199,
          turbo_decoder_max: 5,
          cqi: 15,
          ri: 2,
          ul_rank: 1,
          initial_ta: 1
        }
      ]
    }
  ],
  time: 1125.931,
  utc: 1744845137.907
}

