{
  message: ready,
  type: ENB,
  name: ENB,
  version: 2023-06-10,
  time: 1855.296,
  utc: 1744203847.747
}
{
  message: ue_get,
  ue_list: [
    {
      ran_ue_id: 3,
      amf_ue_id: 102,
      qos_flow_list: [
        {
          pdu_session_id: 1,
          dl_total_bytes: 15065,
          ul_total_bytes: 8719,
          sst: 1
        },
        {
          pdu_session_id: 2,
          dl_total_bytes: 4479215,
          ul_total_bytes: 16344505968,
          sst: 1
        }
      ],
      rnti: 17923,
      cells: [
        {
          cell_id: 1,
          dl_bitrate: 119634,
          ul_bitrate: 83490639,
          dl_tx: 97,
          ul_tx: 1535,
          dl_err: 0,
          ul_err: 0,
          dl_retx: 17,
          ul_retx: 14,
          pusch_snr: 10.6,
          epre: -110.9,
          ul_phr: -16,
          ul_path_loss: 98,
          p_ue: 23,
          dl_mcs: 14.8,
          ul_mcs: 9,
          ul_n_layer: 1,
          turbo_decoder_min: 1,
          turbo_decoder_avg: 3.603,
          turbo_decoder_max: 5,
          cqi: 9,
          ri: 2,
          ul_rank: 1,
          initial_ta: 0
        }
      ]
    }
  ],
  time: 1855.298,
  utc: 1744203847.757
}

