{
  message: ready,
  type: ENB,
  name: ENB,
  version: 2023-06-10,
  time: 352.579,
  utc: 1744083644.252
}
{
  message: ue_get,
  ue_list: [
    {
      ran_ue_id: 5,
      amf_ue_id: 104,
      qos_flow_list: [
        {
          pdu_session_id: 1,
          dl_total_bytes: 9465,
          ul_total_bytes: 7453,
          sst: 1
        },
        {
          pdu_session_id: 2,
          dl_total_bytes: 578252,
          ul_total_bytes: 3590912339,
          sst: 1
        }
      ],
      rnti: 17925,
      cells: [
        {
          cell_id: 1,
          dl_bitrate: 115670,
          ul_bitrate: 114005708,
          dl_tx: 71,
          ul_tx: 911,
          dl_err: 0,
          ul_err: 0,
          dl_retx: 1,
          ul_retx: 12,
          pusch_snr: 24.2,
          epre: -96.4,
          ul_phr: 20,
          ul_path_loss: 78.1,
          p_ue: -1,
          dl_mcs: 24.1,
          ul_mcs: 20.5,
          ul_n_layer: 1,
          turbo_decoder_min: 1,
          turbo_decoder_avg: 2.104,
          turbo_decoder_max: 5,
          cqi: 15,
          ri: 2,
          ul_rank: 1,
          initial_ta: 0
        }
      ]
    }
  ],
  time: 352.581,
  utc: 1744083644.263
}

