{
  message: ready,
  type: ENB,
  name: ENB,
  version: 2023-06-10,
  time: 2390.663,
  utc: 1744838394.331
}
{
  message: ue_get,
  ue_list: [
    {
      ran_ue_id: 3,
      amf_ue_id: 102,
      qos_flow_list: [
        {
          pdu_session_id: 1,
          dl_total_bytes: 7778,
          ul_total_bytes: 7662,
          sst: 1
        },
        {
          pdu_session_id: 2,
          dl_total_bytes: 4282442,
          ul_total_bytes: 7223377607,
          sst: 1
        }
      ],
      rnti: 17923,
      cells: [
        {
          cell_id: 1,
          dl_bitrate: 144451,
          ul_bitrate: 25086653,
          dl_tx: 63,
          ul_tx: 1046,
          dl_err: 0,
          ul_err: 0,
          dl_retx: 0,
          ul_retx: 0,
          pusch_snr: 10.4,
          epre: -110.3,
          ul_phr: -26,
          ul_path_loss: 97.5,
          p_ue: 23,
          dl_mcs: 25,
          ul_mcs: 4.2,
          ul_n_layer: 1,
          turbo_decoder_min: 0,
          turbo_decoder_avg: 2.183,
          turbo_decoder_max: 3,
          cqi: 15,
          ri: 2,
          ul_rank: 1,
          initial_ta: 1
        }
      ]
    }
  ],
  time: 2390.665,
  utc: 1744838394.342
}

