{
  message: ready,
  type: ENB,
  name: ENB,
  version: 2023-06-10,
  time: 222.715,
  utc: 1744205161.166
}
{
  message: ue_get,
  ue_list: [
    {
      ran_ue_id: 6,
      amf_ue_id: 105,
      qos_flow_list: [],
      rnti: 17926,
      cells: [
        {
          cell_id: 1,
          dl_bitrate: 2430,
          ul_bitrate: 0,
          dl_tx: 2,
          ul_tx: 0,
          dl_err: 0,
          ul_err: 0,
          dl_retx: 0,
          ul_retx: 0,
          pusch_snr: 25.6,
          epre: -91.8,
          ul_phr: -7,
          ul_path_loss: 92.9,
          p_ue: 8,
          dl_mcs: 27.5,
          cqi: 14,
          ri: 2,
          ul_rank: 1,
          initial_ta: 1
        }
      ]
    },
    {
      ran_ue_id: 3,
      amf_ue_id: 102,
      qos_flow_list: [
        {
          pdu_session_id: 1,
          dl_total_bytes: 7410,
          ul_total_bytes: 7252,
          sst: 1
        },
        {
          pdu_session_id: 2,
          dl_total_bytes: 410111,
          ul_total_bytes: 3437808422,
          sst: 1
        }
      ],
      rnti: 17923,
      cells: [
        {
          cell_id: 1,
          dl_bitrate: 151806,
          ul_bitrate: 179246255,
          dl_tx: 93,
          ul_tx: 1449,
          dl_err: 0,
          ul_err: 0,
          dl_retx: 1,
          ul_retx: 22,
          pusch_snr: 25,
          epre: -96.3,
          ul_phr: 13,
          ul_path_loss: 67.7,
          p_ue: 6,
          dl_mcs: 25,
          ul_mcs: 21,
          ul_n_layer: 1,
          turbo_decoder_min: 1,
          turbo_decoder_avg: 2.892,
          turbo_decoder_max: 5,
          cqi: 15,
          ri: 2,
          ul_rank: 1,
          initial_ta: 1
        }
      ]
    }
  ],
  time: 222.717,
  utc: 1744205161.177
}

