{
  message: ready,
  type: ENB,
  name: ENB,
  version: 2023-06-10,
  time: 265.823,
  utc: 1744847153.681
}
{
  message: ue_get,
  ue_list: [
    {
      ran_ue_id: 3,
      amf_ue_id: 102,
      qos_flow_list: [
        {
          pdu_session_id: 1,
          dl_total_bytes: 7409,
          ul_total_bytes: 7257,
          sst: 1
        },
        {
          pdu_session_id: 2,
          dl_total_bytes: 180973,
          ul_total_bytes: 983723215,
          sst: 1
        }
      ],
      rnti: 17923,
      cells: [
        {
          cell_id: 1,
          dl_bitrate: 117762,
          ul_bitrate: 38917710,
          dl_tx: 79,
          ul_tx: 1076,
          dl_err: 0,
          ul_err: 0,
          dl_retx: 0,
          ul_retx: 0,
          pusch_snr: 20.1,
          epre: -100.3,
          ul_phr: -20,
          ul_path_loss: 87.4,
          p_ue: 23,
          dl_mcs: 27.9,
          ul_mcs: 7,
          ul_n_layer: 1,
          turbo_decoder_min: 0,
          turbo_decoder_avg: 1.219,
          turbo_decoder_max: 2,
          cqi: 15,
          ri: 2,
          ul_rank: 1,
          initial_ta: 0
        }
      ]
    }
  ],
  time: 265.825,
  utc: 1744847153.691
}

