{
  message: ready,
  type: ENB,
  name: ENB,
  version: 2023-06-10,
  time: 809.854,
  utc: 1744057551.15
}
{
  message: ue_get,
  ue_list: [
    {
      ran_ue_id: 51,
      amf_ue_id: 104,
      qos_flow_list: [
        {
          pdu_session_id: 1,
          dl_total_bytes: 14855,
          ul_total_bytes: 8543,
          sst: 1
        },
        {
          pdu_session_id: 2,
          dl_total_bytes: 1432268,
          ul_total_bytes: 11445354350,
          sst: 1
        }
      ],
      rnti: 17971,
      cells: [
        {
          cell_id: 1,
          dl_bitrate: 164089,
          ul_bitrate: 134610973,
          dl_tx: 110,
          ul_tx: 1002,
          dl_err: 0,
          ul_err: 0,
          dl_retx: 0,
          ul_retx: 13,
          pusch_snr: 28.7,
          epre: -90.6,
          ul_phr: 6,
          ul_path_loss: 68.2,
          p_ue: 13,
          dl_mcs: 28,
          ul_mcs: 26.2,
          ul_n_layer: 1,
          turbo_decoder_min: 0,
          turbo_decoder_avg: 2.287,
          turbo_decoder_max: 5,
          cqi: 15,
          ri: 2,
          ul_rank: 1,
          initial_ta: 1
        }
      ]
    }
  ],
  time: 809.855,
  utc: 1744057551.16
}

