{
  message: ready,
  type: ENB,
  name: ENB,
  version: 2023-06-10,
  time: 1248.419,
  utc: 1744214836.238
}
{
  message: ue_get,
  ue_list: [
    {
      ran_ue_id: 3,
      amf_ue_id: 102,
      qos_flow_list: [
        {
          pdu_session_id: 1,
          dl_total_bytes: 14974,
          ul_total_bytes: 8641,
          sst: 1
        },
        {
          pdu_session_id: 2,
          dl_total_bytes: 2562902,
          ul_total_bytes: 12194175154,
          sst: 1
        }
      ],
      rnti: 17923,
      cells: [
        {
          cell_id: 1,
          dl_bitrate: 121243,
          ul_bitrate: 92577117,
          dl_tx: 97,
          ul_tx: 1703,
          dl_err: 0,
          ul_err: 0,
          dl_retx: 8,
          ul_retx: 15,
          pusch_snr: 10.2,
          epre: -110.9,
          ul_phr: -17,
          ul_path_loss: 98.3,
          p_ue: 23,
          dl_mcs: 14.1,
          ul_mcs: 9.1,
          ul_n_layer: 1,
          turbo_decoder_min: 1,
          turbo_decoder_avg: 3.538,
          turbo_decoder_max: 5,
          cqi: 10,
          ri: 2,
          ul_rank: 1,
          initial_ta: 1
        }
      ]
    }
  ],
  time: 1248.421,
  utc: 1744214836.249
}

