{
  message: ready,
  type: ENB,
  name: ENB,
  version: 2023-06-10,
  time: 201.534,
  utc: 1744074809.688
}
{
  message: ue_get,
  ue_list: [
    {
      ran_ue_id: 4,
      amf_ue_id: 103,
      qos_flow_list: [
        {
          pdu_session_id: 1,
          dl_total_bytes: 14865,
          ul_total_bytes: 8539,
          sst: 1
        },
        {
          pdu_session_id: 2,
          dl_total_bytes: 376607,
          ul_total_bytes: 2158887800,
          sst: 1
        }
      ],
      rnti: 17924,
      cells: [
        {
          cell_id: 1,
          dl_bitrate: 127884,
          ul_bitrate: 136507674,
          dl_tx: 93,
          ul_tx: 1261,
          dl_err: 0,
          ul_err: 0,
          dl_retx: 78,
          ul_retx: 9,
          pusch_snr: 19.2,
          epre: -101.7,
          ul_phr: -4,
          ul_path_loss: 88,
          p_ue: 22,
          dl_mcs: 20.8,
          ul_mcs: 17.8,
          ul_n_layer: 1,
          turbo_decoder_min: 0,
          turbo_decoder_avg: 2.748,
          turbo_decoder_max: 5,
          cqi: 14,
          ri: 2,
          ul_rank: 1,
          initial_ta: 0
        }
      ]
    }
  ],
  time: 201.536,
  utc: 1744074809.699
}

