{
  message: ready,
  type: ENB,
  name: ENB,
  version: 2023-06-10,
  time: 2552.943,
  utc: 1744071008.477
}
{
  message: ue_get,
  ue_list: [
    {
      ran_ue_id: 4,
      amf_ue_id: 103,
      qos_flow_list: [
        {
          pdu_session_id: 1,
          dl_total_bytes: 15305,
          ul_total_bytes: 9750,
          sst: 1
        },
        {
          pdu_session_id: 2,
          dl_total_bytes: 8690457,
          ul_total_bytes: 34257400220,
          sst: 1
        }
      ],
      rnti: 17924,
      cells: [
        {
          cell_id: 1,
          dl_bitrate: 180819,
          ul_bitrate: 106937847,
          dl_tx: 71,
          ul_tx: 907,
          dl_err: 0,
          ul_err: 0,
          dl_retx: 0,
          ul_retx: 9,
          pusch_snr: 21.6,
          epre: -99,
          ul_phr: 34,
          ul_path_loss: 68.9,
          p_ue: -12,
          dl_mcs: 24.3,
          ul_mcs: 20,
          ul_n_layer: 1,
          turbo_decoder_min: 1,
          turbo_decoder_avg: 3.126,
          turbo_decoder_max: 5,
          cqi: 14,
          ri: 2,
          ul_rank: 1,
          initial_ta: 1
        }
      ]
    }
  ],
  time: 2552.945,
  utc: 1744071008.489
}

