{
  message: ready,
  type: ENB,
  name: ENB,
  version: 2023-06-10,
  time: 2559.327,
  utc: 1744071014.861
}
{
  message: ue_get,
  ue_list: [
    {
      ran_ue_id: 4,
      amf_ue_id: 103,
      qos_flow_list: [
        {
          pdu_session_id: 1,
          dl_total_bytes: 15305,
          ul_total_bytes: 9750,
          sst: 1
        },
        {
          pdu_session_id: 2,
          dl_total_bytes: 8747710,
          ul_total_bytes: 34348105640,
          sst: 1
        }
      ],
      rnti: 17924,
      cells: [
        {
          cell_id: 1,
          dl_bitrate: 145160,
          ul_bitrate: 114131497,
          dl_tx: 70,
          ul_tx: 921,
          dl_err: 0,
          ul_err: 0,
          dl_retx: 0,
          ul_retx: 9,
          pusch_snr: 25.2,
          epre: -95,
          ul_phr: 30,
          ul_path_loss: 66.9,
          p_ue: -11,
          dl_mcs: 21,
          ul_mcs: 21,
          ul_n_layer: 1,
          turbo_decoder_min: 1,
          turbo_decoder_avg: 2.195,
          turbo_decoder_max: 5,
          cqi: 14,
          ri: 2,
          ul_rank: 1,
          initial_ta: 1
        }
      ]
    }
  ],
  time: 2559.329,
  utc: 1744071014.872
}

