{
  message: ready,
  type: ENB,
  name: ENB,
  version: 2023-06-10,
  time: 2545.52,
  utc: 1744071001.055
}
{
  message: ue_get,
  ue_list: [
    {
      ran_ue_id: 4,
      amf_ue_id: 103,
      qos_flow_list: [
        {
          pdu_session_id: 1,
          dl_total_bytes: 15305,
          ul_total_bytes: 9750,
          sst: 1
        },
        {
          pdu_session_id: 2,
          dl_total_bytes: 8644683,
          ul_total_bytes: 34145054970,
          sst: 1
        }
      ],
      rnti: 17924,
      cells: [
        {
          cell_id: 1,
          dl_bitrate: 100769,
          ul_bitrate: 129005764,
          dl_tx: 67,
          ul_tx: 1016,
          dl_err: 0,
          ul_err: 0,
          dl_retx: 0,
          ul_retx: 17,
          pusch_snr: 21.7,
          epre: -98.5,
          ul_phr: 32,
          ul_path_loss: 69.1,
          p_ue: -13,
          dl_mcs: 22,
          ul_mcs: 20.9,
          ul_n_layer: 1,
          turbo_decoder_min: 1,
          turbo_decoder_avg: 2.952,
          turbo_decoder_max: 5,
          cqi: 14,
          ri: 2,
          ul_rank: 1,
          initial_ta: 1
        }
      ]
    }
  ],
  time: 2545.522,
  utc: 1744071001.065
}

