{
  message: ready,
  type: ENB,
  name: ENB,
  version: 2023-06-10,
  time: 2281.5,
  utc: 1744215869.319
}
{
  message: ue_get,
  ue_list: [
    {
      ran_ue_id: 3,
      amf_ue_id: 102,
      qos_flow_list: [
        {
          pdu_session_id: 1,
          dl_total_bytes: 15158,
          ul_total_bytes: 8843,
          sst: 1
        },
        {
          pdu_session_id: 2,
          dl_total_bytes: 7020672,
          ul_total_bytes: 23832958942,
          sst: 1
        }
      ],
      rnti: 17923,
      cells: [
        {
          cell_id: 1,
          dl_bitrate: 111223,
          ul_bitrate: 91925947,
          dl_tx: 93,
          ul_tx: 1688,
          dl_err: 0,
          ul_err: 0,
          dl_retx: 50,
          ul_retx: 26,
          pusch_snr: 10,
          epre: -110.8,
          ul_phr: -17,
          ul_path_loss: 98.1,
          p_ue: 23,
          dl_mcs: 12.1,
          ul_mcs: 9.1,
          ul_n_layer: 1,
          turbo_decoder_min: 1,
          turbo_decoder_avg: 3.571,
          turbo_decoder_max: 5,
          cqi: 12,
          ri: 2,
          ul_rank: 1,
          initial_ta: 1
        }
      ]
    }
  ],
  time: 2281.501,
  utc: 1744215869.329
}

