{
  message: ready,
  type: ENB,
  name: ENB,
  version: 2023-06-10,
  time: 853.194,
  utc: 1744110275.544
}
{
  message: ue_get,
  ue_list: [
    {
      ran_ue_id: 5,
      amf_ue_id: 103,
      qos_flow_list: [
        {
          pdu_session_id: 1,
          dl_total_bytes: 14864,
          ul_total_bytes: 8544,
          sst: 1
        },
        {
          pdu_session_id: 2,
          dl_total_bytes: 1515995,
          ul_total_bytes: 12761861125,
          sst: 1
        }
      ],
      rnti: 17925,
      cells: [
        {
          cell_id: 1,
          dl_bitrate: 124469,
          ul_bitrate: 134190450,
          dl_tx: 98,
          ul_tx: 1380,
          dl_err: 0,
          ul_err: 0,
          dl_retx: 53,
          ul_retx: 18,
          pusch_snr: 19.1,
          epre: -101.8,
          ul_phr: -8,
          ul_path_loss: 88.1,
          p_ue: 22,
          dl_mcs: 20.7,
          ul_mcs: 16.7,
          ul_n_layer: 1,
          turbo_decoder_min: 1,
          turbo_decoder_avg: 2.457,
          turbo_decoder_max: 5,
          cqi: 14,
          ri: 2,
          ul_rank: 1,
          initial_ta: 0
        }
      ]
    }
  ],
  time: 853.196,
  utc: 1744110275.555
}

