{
  message: ready,
  type: ENB,
  name: ENB,
  version: 2023-06-10,
  time: 2145.697,
  utc: 1744055904.153
}
{
  message: ue_get,
  ue_list: [
    {
      ran_ue_id: 3,
      amf_ue_id: 102,
      qos_flow_list: [
        {
          pdu_session_id: 1,
          dl_total_bytes: 15233,
          ul_total_bytes: 8949,
          sst: 1
        },
        {
          pdu_session_id: 2,
          dl_total_bytes: 5812221,
          ul_total_bytes: 12174561082,
          sst: 1
        }
      ],
      rnti: 17923,
      cells: [
        {
          cell_id: 1,
          dl_bitrate: 168153,
          ul_bitrate: 50266899,
          dl_tx: 109,
          ul_tx: 1031,
          dl_err: 0,
          ul_err: 0,
          dl_retx: 8,
          ul_retx: 10,
          pusch_snr: 10,
          epre: -110.9,
          ul_phr: -16,
          ul_path_loss: 98.3,
          p_ue: 23,
          dl_mcs: 20,
          ul_mcs: 9.4,
          ul_n_layer: 1,
          turbo_decoder_min: 1,
          turbo_decoder_avg: 3.471,
          turbo_decoder_max: 5,
          cqi: 13,
          ri: 2,
          ul_rank: 1,
          initial_ta: 1
        }
      ]
    }
  ],
  time: 2145.699,
  utc: 1744055904.164
}

