{
  message: ready,
  type: ENB,
  name: ENB,
  version: 2023-06-10,
  time: 188.242,
  utc: 1744065615.337
}
{
  message: ue_get,
  ue_list: [
    {
      ran_ue_id: 3,
      amf_ue_id: 102,
      qos_flow_list: [
        {
          pdu_session_id: 1,
          dl_total_bytes: 14865,
          ul_total_bytes: 8545,
          sst: 1
        },
        {
          pdu_session_id: 2,
          dl_total_bytes: 344901,
          ul_total_bytes: 710338491,
          sst: 1
        }
      ],
      rnti: 17923,
      cells: [
        {
          cell_id: 1,
          dl_bitrate: 110882,
          ul_bitrate: 49866897,
          dl_tx: 110,
          ul_tx: 1060,
          dl_err: 0,
          ul_err: 0,
          dl_retx: 12,
          ul_retx: 12,
          pusch_snr: 9.1,
          epre: -111.4,
          ul_phr: -14,
          ul_path_loss: 98.2,
          p_ue: 23,
          dl_mcs: 20.3,
          ul_mcs: 9.3,
          ul_n_layer: 1,
          turbo_decoder_min: 1,
          turbo_decoder_avg: 3.449,
          turbo_decoder_max: 5,
          cqi: 13,
          ri: 2,
          ul_rank: 1,
          initial_ta: 1
        }
      ]
    }
  ],
  time: 188.243,
  utc: 1744065615.347
}

